-10 -10 -11.7363
-10 -9 -11.6855
-10 -8 -11.7386
-10 -7 -11.6578
-10 -6 -11.6269
-10 -5 -11.6646
-10 -4 -11.631
-10 -3 -11.6216
-10 -2 -11.5764
-10 -1 -11.5549
-10 0 -11.5639
-10 1 -11.5136
-10 2 -11.5657
-10 3 -11.7629
-10 4 -11.9962
-10 5 -12.3056
-10 6 -12.6311
-10 7 -12.9707
-10 8 -13.2482
-10 9 -13.6324
-10 10 -13.9323
-10 11 -14.2098
-10 12 -14.5121
-10 13 -14.802
-10 14 -15.0994
-10 15 -15.3708
-10 16 -15.6241
-10 17 -15.9323
-10 18 -16.1486
-10 19 -16.3998
-10 20 -16.6146
-10 21 -16.8628
-10 22 -17.0503
-10 23 -17.2613
-10 24 -17.4943
-10 25 -17.6817
-10 26 -17.8368
-10 27 -18.0353
-10 28 -18.2332
-10 29 -18.4052
-10 30 -18.5313
-10 31 -18.7271
-10 32 -18.9003
-10 33 -19.0314
-10 34 -19.1494
-10 35 -19.269
-10 36 -19.442
-10 37 -19.5547
-10 38 -19.6685
-10 39 -19.8224
-10 40 -19.9254
-9 -10 -11.7158
-9 -9 -11.7069
-9 -8 -11.6618
-9 -7 -11.6508
-9 -6 -11.6294
-9 -5 -11.6238
-9 -4 -11.634
-9 -3 -11.5815
-9 -2 -11.5423
-9 -1 -11.5555
-9 0 -11.503
-9 1 -11.5069
-9 2 -11.5395
-9 3 -11.6961
-9 4 -11.9719
-9 5 -12.2966
-9 6 -12.6238
-9 7 -12.9687
-9 8 -13.2855
-9 9 -13.6048
-9 10 -13.9044
-9 11 -14.2235
-9 12 -14.4807
-9 13 -14.8298
-9 14 -15.1006
-9 15 -15.3283
-9 16 -15.6184
-9 17 -15.9161
-9 18 -16.1012
-9 19 -16.3535
-9 20 -16.5756
-9 21 -16.8051
-9 22 -17.007
-9 23 -17.2368
-9 24 -17.4416
-9 25 -17.6665
-9 26 -17.8622
-9 27 -18.0358
-9 28 -18.2021
-9 29 -18.359
-9 30 -18.5296
-9 31 -18.7003
-9 32 -18.8527
-9 33 -19.0064
-9 34 -19.163
-9 35 -19.2709
-9 36 -19.3823
-9 37 -19.5653
-9 38 -19.6708
-9 39 -19.8007
-9 40 -19.9112
-8 -10 -11.6889
-8 -9 -11.6811
-8 -8 -11.6523
-8 -7 -11.6591
-8 -6 -11.5881
-8 -5 -11.6313
-8 -4 -11.5793
-8 -3 -11.5745
-8 -2 -11.5585
-8 -1 -11.5165
-8 0 -11.5157
-8 1 -11.4943
-8 2 -11.4943
-8 3 -11.6979
-8 4 -11.9921
-8 5 -12.2637
-8 6 -12.6311
-8 7 -12.9315
-8 8 -13.2494
-8 9 -13.6021
-8 10 -13.8976
-8 11 -14.186
-8 12 -14.5125
-8 13 -14.7971
-8 14 -15.0954
-8 15 -15.3549
-8 16 -15.6367
-8 17 -15.8866
-8 18 -16.1299
-8 19 -16.3499
-8 20 -16.5437
-8 21 -16.7879
-8 22 -17.0185
-8 23 -17.2378
-8 24 -17.4079
-8 25 -17.6199
-8 26 -17.8444
-8 27 -18.0087
-8 28 -18.2
-8 29 -18.3673
-8 30 -18.5218
-8 31 -18.6994
-8 32 -18.8494
-8 33 -18.9832
-8 34 -19.1401
-8 35 -19.2644
-8 36 -19.3741
-8 37 -19.5289
-8 38 -19.6685
-8 39 -19.7823
-8 40 -19.8992
-7 -10 -11.6841
-7 -9 -11.6348
-7 -8 -11.6224
-7 -7 -11.633
-7 -6 -11.6435
-7 -5 -11.5698
-7 -4 -11.5408
-7 -3 -11.5271
-7 -2 -11.5306
-7 -1 -11.5105
-7 0 -11.4684
-7 1 -11.4778
-7 2 -11.5063
-7 3 -11.6188
-7 4 -11.8609
-7 5 -12.242
-7 6 -12.6105
-7 7 -12.9243
-7 8 -13.2194
-7 9 -13.5443
-7 10 -13.8403
-7 11 -14.1342
-7 12 -14.4978
-7 13 -14.7756
-7 14 -15.0637
-7 15 -15.3303
-7 16 -15.5805
-7 17 -15.8594
-7 18 -16.1343
-7 19 -16.3328
-7 20 -16.5721
-7 21 -16.7838
-7 22 -17.0273
-7 23 -17.2087
-7 24 -17.4247
-7 25 -17.6291
-7 26 -17.8153
-7 27 -17.98
-7 28 -18.1767
-7 29 -18.3275
-7 30 -18.4761
-7 31 -18.6487
-7 32 -18.8306
-7 33 -19.0007
-7 34 -19.1151
-7 35 -19.2426
-7 36 -19.3947
-7 37 -19.4892
-7 38 -19.6657
-7 39 -19.7645
-7 40 -19.876
-6 -10 -11.6815
-6 -9 -11.6525
-6 -8 -11.6664
-6 -7 -11.6439
-6 -6 -11.6172
-6 -5 -11.6127
-6 -4 -11.5364
-6 -3 -11.5124
-6 -2 -11.5009
-6 -1 -11.5244
-6 0 -11.4869
-6 1 -11.4732
-6 2 -11.4151
-6 3 -11.6012
-6 4 -11.8643
-6 5 -12.2789
-6 6 -12.5381
-6 7 -12.8842
-6 8 -13.2446
-6 9 -13.5352
-6 10 -13.856
-6 11 -14.1958
-6 12 -14.4777
-6 13 -14.7462
-6 14 -14.991
-6 15 -15.2922
-6 16 -15.6175
-6 17 -15.7983
-6 18 -16.0918
-6 19 -16.3035
-6 20 -16.561
-6 21 -16.7587
-6 22 -16.9744
-6 23 -17.1911
-6 24 -17.409
-6 25 -17.6059
-6 26 -17.7923
-6 27 -17.9779
-6 28 -18.1468
-6 29 -18.312
-6 30 -18.4905
-6 31 -18.6791
-6 32 -18.8234
-6 33 -18.9413
-6 34 -19.101
-6 35 -19.2595
-6 36 -19.3528
-6 37 -19.496
-6 38 -19.6118
-6 39 -19.7451
-6 40 -19.878
-5 -10 -11.6543
-5 -9 -11.6561
-5 -8 -11.6297
-5 -7 -11.6154
-5 -6 -11.5635
-5 -5 -11.5296
-5 -4 -11.5549
-5 -3 -11.5234
-5 -2 -11.4902
-5 -1 -11.4818
-5 0 -11.4653
-5 1 -11.4361
-5 2 -11.3997
-5 3 -11.6127
-5 4 -11.8816
-5 5 -12.1766
-5 6 -12.5628
-5 7 -12.8717
-5 8 -13.1704
-5 9 -13.4856
-5 10 -13.8437
-5 11 -14.1762
-5 12 -14.4266
-5 13 -14.7399
-5 14 -15.0198
-5 15 -15.2555
-5 16 -15.5803
-5 17 -15.8396
-5 18 -16.0207
-5 19 -16.2548
-5 20 -16.5316
-5 21 -16.7344
-5 22 -16.9896
-5 23 -17.1766
-5 24 -17.4032
-5 25 -17.5924
-5 26 -17.7819
-5 27 -17.9842
-5 28 -18.1366
-5 29 -18.342
-5 30 -18.4721
-5 31 -18.6519
-5 32 -18.8022
-5 33 -18.936
-5 34 -19.0831
-5 35 -19.2205
-5 36 -19.3639
-5 37 -19.5242
-5 38 -19.6015
-5 39 -19.7701
-5 40 -19.8919
-4 -10 -11.6647
-4 -9 -11.6447
-4 -8 -11.6164
-4 -7 -11.6003
-4 -6 -11.5801
-4 -5 -11.5657
-4 -4 -11.5585
-4 -3 -11.4982
-4 -2 -11.4459
-4 -1 -11.4752
-4 0 -11.4323
-4 1 -11.4064
-4 2 -11.4086
-4 3 -11.6234
-4 4 -11.9006
-4 5 -12.2085
-4 6 -12.5367
-4 7 -12.8857
-4 8 -13.136
-4 9 -13.5135
-4 10 -13.812
-4 11 -14.086
-4 12 -14.4634
-4 13 -14.7121
-4 14 -14.9929
-4 15 -15.2495
-4 16 -15.5355
-4 17 -15.7816
-4 18 -16.0482
-4 19 -16.2879
-4 20 -16.5346
-4 21 -16.7776
-4 22 -16.9681
-4 23 -17.1631
-4 24 -17.3614
-4 25 -17.5781
-4 26 -17.7585
-4 27 -17.9691
-4 28 -18.0964
-4 29 -18.298
-4 30 -18.497
-4 31 -18.6568
-4 32 -18.7689
-4 33 -18.9855
-4 34 -19.0941
-4 35 -19.2429
-4 36 -19.3595
-4 37 -19.4526
-4 38 -19.6259
-4 39 -19.7648
-4 40 -19.8654
-3 -10 -11.6843
-3 -9 -11.6402
-3 -8 -11.6014
-3 -7 -11.5978
-3 -6 -11.5712
-3 -5 -11.5144
-3 -4 -11.5504
-3 -3 -11.5319
-3 -2 -11.4548
-3 -1 -11.426
-3 0 -11.4376
-3 1 -11.3648
-3 2 -11.4455
-3 3 -11.6149
-3 4 -11.8953
-3 5 -12.166
-3 6 -12.4795
-3 7 -12.8139
-3 8 -13.1839
-3 9 -13.5073
-3 10 -13.84
-3 11 -14.1136
-3 12 -14.3723
-3 13 -14.6873
-3 14 -15.0048
-3 15 -15.2205
-3 16 -15.5176
-3 17 -15.8721
-3 18 -16.0073
-3 19 -16.2576
-3 20 -16.4931
-3 21 -16.7467
-3 22 -16.8952
-3 23 -17.1417
-3 24 -17.3701
-3 25 -17.5912
-3 26 -17.8008
-3 27 -17.9073
-3 28 -18.1105
-3 29 -18.3227
-3 30 -18.4189
-3 31 -18.614
-3 32 -18.787
-3 33 -18.9458
-3 34 -19.0724
-3 35 -19.2105
-3 36 -19.337
-3 37 -19.502
-3 38 -19.5903
-3 39 -19.7043
-3 40 -19.8579
-2 -10 -11.6583
-2 -9 -11.6537
-2 -8 -11.6213
-2 -7 -11.5711
-2 -6 -11.5547
-2 -5 -11.5518
-2 -4 -11.5456
-2 -3 -11.5302
-2 -2 -11.4792
-2 -1 -11.4481
-2 0 -11.426
-2 1 -11.4099
-2 2 -11.39
-2 3 -11.562
-2 4 -11.9066
-2 5 -12.1946
-2 6 -12.5615
-2 7 -12.8116
-2 8 -13.2044
-2 9 -13.4874
-2 10 -13.8398
-2 11 -14.0949
-2 12 -14.3767
-2 13 -14.7427
-2 14 -14.9747
-2 15 -15.2615
-2 16 -15.5239
-2 17 -15.7943
-2 18 -16.0454
-2 19 -16.2884
-2 20 -16.4971
-2 21 -16.7315
-2 22 -16.9647
-2 23 -17.1458
-2 24 -17.3632
-2 25 -17.569
-2 26 -17.7453
-2 27 -17.9635
-2 28 -18.117
-2 29 -18.3292
-2 30 -18.4912
-2 31 -18.6007
-2 32 -18.8112
-2 33 -18.9055
-2 34 -19.0768
-2 35 -19.2263
-2 36 -19.3467
-2 37 -19.4649
-2 38 -19.6262
-2 39 -19.732
-2 40 -19.8722
-1 -10 -11.6588
-1 -9 -11.6366
-1 -8 -11.6581
-1 -7 -11.5992
-1 -6 -11.5701
-1 -5 -11.5441
-1 -4 -11.5335
-1 -3 -11.4849
-1 -2 -11.5025
-1 -1 -11.4115
-1 0 -11.4463
-1 1 -11.4101
-1 2 -11.4035
-1 3 -11.583
-1 4 -11.8044
-1 5 -12.1441
-1 6 -12.4959
-1 7 -12.8713
-1 8 -13.2113
-1 9 -13.449
-1 10 -13.829
-1 11 -14.1688
-1 12 -14.4204
-1 13 -14.6946
-1 14 -14.9923
-1 15 -15.3033
-1 16 -15.5431
-1 17 -15.8279
-1 18 -16.0685
-1 19 -16.2849
-1 20 -16.5245
-1 21 -16.7389
-1 22 -16.9623
-1 23 -17.1622
-1 24 -17.3856
-1 25 -17.5325
-1 26 -17.7568
-1 27 -17.9545
-1 28 -18.1595
-1 29 -18.291
-1 30 -18.4937
-1 31 -18.6692
-1 32 -18.8142
-1 33 -18.9417
-1 34 -19.0789
-1 35 -19.2239
-1 36 -19.3661
-1 37 -19.5146
-1 38 -19.6303
-1 39 -19.7495
-1 40 -19.8741
0 -10 -11.6551
0 -9 -11.6445
0 -8 -11.6106
0 -7 -11.5963
0 -6 -11.5838
0 -5 -11.5646
0 -4 -11.5286
0 -3 -11.5798
0 -2 -11.4904
0 -1 -11.4752
0 0 -11.4724
0 1 -11.4333
0 2 -11.3684
0 3 -11.5755
0 4 -11.9016
0 5 -12.1619
0 6 -12.5137
0 7 -12.8759
0 8 -13.2053
0 9 -13.5243
0 10 -13.8499
0 11 -14.1841
0 12 -14.4232
0 13 -14.7486
0 14 -15.0269
0 15 -15.3334
0 16 -15.6068
0 17 -15.8007
0 18 -16.0599
0 19 -16.2754
0 20 -16.537
0 21 -16.7607
0 22 -16.9964
0 23 -17.1999
0 24 -17.4264
0 25 -17.5922
0 26 -17.7637
0 27 -17.9937
0 28 -18.1665
0 29 -18.3405
0 30 -18.5175
0 31 -18.6424
0 32 -18.7888
0 33 -18.9857
0 34 -19.1159
0 35 -19.2628
0 36 -19.3802
0 37 -19.4941
0 38 -19.638
0 39 -19.8142
0 40 -19.9071
1 -10 -11.7062
1 -9 -11.6991
1 -8 -11.6695
1 -7 -11.6341
1 -6 -11.6277
1 -5 -11.5756
1 -4 -11.5607
1 -3 -11.5257
1 -2 -11.5601
1 -1 -11.4718
1 0 -11.4816
1 1 -11.4456
1 2 -11.4084
1 3 -11.6037
1 4 -11.8455
1 5 -12.1841
1 6 -12.635
1 7 -12.7649
1 8 -13.2348
1 9 -13.5191
1 10 -13.9049
1 11 -14.1509
1 12 -14.5484
1 13 -14.8049
1 14 -15.0404
1 15 -15.2763
1 16 -15.5827
1 17 -15.8508
1 18 -16.1362
1 19 -16.3138
1 20 -16.529
1 21 -16.772
1 22 -17.0056
1 23 -17.2088
1 24 -17.4204
1 25 -17.6154
1 26 -17.807
1 27 -18.0367
1 28 -18.1968
1 29 -18.3581
1 30 -18.5418
1 31 -18.6879
1 32 -18.8473
1 33 -18.9899
1 34 -19.1366
1 35 -19.2935
1 36 -19.3816
1 37 -19.535
1 38 -19.6767
1 39 -19.7992
1 40 -19.8994
2 -10 -11.717
2 -9 -11.717
2 -8 -11.6956
2 -7 -11.6774
2 -6 -11.6471
2 -5 -11.6172
2 -4 -11.612
2 -3 -11.5751
2 -2 -11.5418
2 -1 -11.5175
2 0 -11.4948
2 1 -11.4042
2 2 -11.4573
2 3 -11.6297
2 4 -11.92
2 5 -12.2787
2 6 -12.5768
2 7 -12.9194
2 8 -13.2634
2 9 -13.552
2 10 -13.8979
2 11 -14.1904
2 12 -14.5048
2 13 -14.8571
2 14 -15.0681
2 15 -15.3657
2 16 -15.6092
2 17 -15.9148
2 18 -16.1103
2 19 -16.3311
2 20 -16.6042
2 21 -16.7987
2 22 -17.0968
2 23 -17.2576
2 24 -17.4563
2 25 -17.6779
2 26 -17.8664
2 27 -18.073
2 28 -18.2173
2 29 -18.3695
2 30 -18.5674
2 31 -18.7177
2 32 -18.875
2 33 -19.0242
2 34 -19.166
2 35 -19.2761
2 36 -19.4675
2 37 -19.5828
2 38 -19.7061
2 39 -19.8121
2 40 -19.9573
3 -10 -11.7941
3 -9 -11.7645
3 -8 -11.7377
3 -7 -11.6929
3 -6 -11.6902
3 -5 -11.6758
3 -4 -11.6709
3 -3 -11.6624
3 -2 -11.572
3 -1 -11.5552
3 0 -11.512
3 1 -11.4332
3 2 -11.5081
3 3 -11.6888
3 4 -11.9673
3 5 -12.3429
3 6 -12.6708
3 7 -12.9364
3 8 -13.2871
3 9 -13.6029
3 10 -13.9604
3 11 -14.2143
3 12 -14.544
3 13 -14.7863
3 14 -15.1081
3 15 -15.4111
3 16 -15.6604
3 17 -15.9357
3 18 -16.1386
3 19 -16.4214
3 20 -16.6076
3 21 -16.893
3 22 -17.1346
3 23 -17.2759
3 24 -17.5089
3 25 -17.722
3 26 -17.9262
3 27 -18.1067
3 28 -18.3062
3 29 -18.4324
3 30 -18.5768
3 31 -18.77
3 32 -18.8979
3 33 -19.1032
3 34 -19.2431
3 35 -19.3627
3 36 -19.4795
3 37 -19.6199
3 38 -19.7335
3 39 -19.8813
3 40 -20.0108
4 -10 -11.8106
4 -9 -11.817
4 -8 -11.8104
4 -7 -11.754
4 -6 -11.7202
4 -5 -11.6958
4 -4 -11.6872
4 -3 -11.6247
4 -2 -11.6233
4 -1 -11.5776
4 0 -11.5873
4 1 -11.5311
4 2 -11.5604
4 3 -11.7307
4 4 -12.0152
4 5 -12.3555
4 6 -12.6802
4 7 -12.9706
4 8 -13.3
4 9 -13.6723
4 10 -13.9695
4 11 -14.3154
4 12 -14.528
4 13 -14.9289
4 14 -15.1515
4 15 -15.3839
4 16 -15.6965
4 17 -15.9602
4 18 -16.2359
4 19 -16.4104
4 20 -16.6351
4 21 -16.9211
4 22 -17.1349
4 23 -17.3212
4 24 -17.5597
4 25 -17.735
4 26 -17.9084
4 27 -18.1455
4 28 -18.2813
4 29 -18.5142
4 30 -18.6519
4 31 -18.8429
4 32 -18.958
4 33 -19.1028
4 34 -19.236
4 35 -19.3998
4 36 -19.5336
4 37 -19.7033
4 38 -19.8056
4 39 -19.936
4 40 -20.049
5 -10 -11.8702
5 -9 -11.8361
5 -8 -11.851
5 -7 -11.7806
5 -6 -11.7577
5 -5 -11.7215
5 -4 -11.744
5 -3 -11.6961
5 -2 -11.677
5 -1 -11.6181
5 0 -11.5952
5 1 -11.572
5 2 -11.5604
5 3 -11.7517
5 4 -12.0559
5 5 -12.3506
5 6 -12.7385
5 7 -12.9908
5 8 -13.384
5 9 -13.6951
5 10 -14.0423
5 11 -14.3078
5 12 -14.6513
5 13 -14.9424
5 14 -15.2015
5 15 -15.4481
5 16 -15.7376
5 17 -16.0162
5 18 -16.2583
5 19 -16.4874
5 20 -16.7331
5 21 -16.9529
5 22 -17.1809
5 23 -17.4181
5 24 -17.613
5 25 -17.8074
5 26 -17.9989
5 27 -18.1898
5 28 -18.3825
5 29 -18.5659
5 30 -18.7275
5 31 -18.8526
5 32 -19.0288
5 33 -19.1747
5 34 -19.3212
5 35 -19.447
5 36 -19.5718
5 37 -19.6876
5 38 -19.8422
5 39 -19.9732
5 40 -20.0464
6 -10 -11.9089
6 -9 -11.8808
6 -8 -11.8895
6 -7 -11.8474
6 -6 -11.8352
6 -5 -11.7886
6 -4 -11.7598
6 -3 -11.7321
6 -2 -11.727
6 -1 -11.7387
6 0 -11.6451
6 1 -11.5786
6 2 -11.6318
6 3 -11.8556
6 4 -12.128
6 5 -12.4246
6 6 -12.7506
6 7 -13.086
6 8 -13.4006
6 9 -13.7234
6 10 -14.029
6 11 -14.3625
6 12 -14.7003
6 13 -14.9716
6 14 -15.2696
6 15 -15.5266
6 16 -15.7909
6 17 -16.0603
6 18 -16.2886
6 19 -16.583
6 20 -16.7763
6 21 -17.0226
6 22 -17.2178
6 23 -17.4367
6 24 -17.7101
6 25 -17.8676
6 26 -18.025
6 27 -18.2115
6 28 -18.4373
6 29 -18.5809
6 30 -18.7588
6 31 -18.918
6 32 -19.074
6 33 -19.2175
6 34 -19.3475
6 35 -19.5034
6 36 -19.6078
6 37 -19.7472
6 38 -19.8922
6 39 -20.0171
6 40 -20.1303
7 -10 -11.9635
7 -9 -11.9065
7 -8 -11.9043
7 -7 -11.877
7 -6 -11.8831
7 -5 -11.814
7 -4 -11.7792
7 -3 -11.7857
7 -2 -11.8056
7 -1 -11.7157
7 0 -11.6805
7 1 -11.6168
7 2 -11.6633
7 3 -11.851
7 4 -12.163
7 5 -12.4443
7 6 -12.7999
7 7 -13.1791
7 8 -13.4321
7 9 -13.7813
7 10 -14.1192
7 11 -14.3868
7 12 -14.7423
7 13 -15.0233
7 14 -15.3366
7 15 -15.5549
7 16 -15.861
7 17 -16.1132
7 18 -16.3683
7 19 -16.581
7 20 -16.818
7 21 -17.0392
7 22 -17.2752
7 23 -17.4859
7 24 -17.7211
7 25 -17.9057
7 26 -18.1228
7 27 -18.2491
7 28 -18.4706
7 29 -18.6156
7 30 -18.7732
7 31 -18.9656
7 32 -19.1013
7 33 -19.2107
7 34 -19.3981
7 35 -19.5437
7 36 -19.65
7 37 -19.799
7 38 -19.9052
7 39 -20.054
7 40 -20.1803
8 -10 -11.9898
8 -9 -11.9725
8 -8 -11.9238
8 -7 -11.9645
8 -6 -11.8995
8 -5 -11.9011
8 -4 -11.8478
8 -3 -11.8269
8 -2 -11.8207
8 -1 -11.8134
8 0 -11.7565
8 1 -11.667
8 2 -11.7205
8 3 -11.8774
8 4 -12.1853
8 5 -12.4998
8 6 -12.8013
8 7 -13.1867
8 8 -13.5543
8 9 -13.8476
8 10 -14.1456
8 11 -14.4851
8 12 -14.7694
8 13 -15.0487
8 14 -15.337
8 15 -15.6185
8 16 -15.8755
8 17 -16.1329
8 18 -16.3634
8 19 -16.6236
8 20 -16.8908
8 21 -17.1082
8 22 -17.3179
8 23 -17.5112
8 24 -17.7388
8 25 -17.9368
8 26 -18.1159
8 27 -18.3335
8 28 -18.4979
8 29 -18.6565
8 30 -18.8533
8 31 -19.0094
8 32 -19.1247
8 33 -19.2824
8 34 -19.4344
8 35 -19.582
8 36 -19.6981
8 37 -19.8171
8 38 -19.9568
8 39 -20.0898
8 40 -20.1935
9 -10 -12.03
9 -9 -11.9934
9 -8 -12.0052
9 -7 -11.9693
9 -6 -11.9336
9 -5 -11.927
9 -4 -11.8993
9 -3 -11.8915
9 -2 -11.821
9 -1 -11.7825
9 0 -11.7578
9 1 -11.7584
9 2 -11.7415
9 3 -11.9243
9 4 -12.2452
9 5 -12.5631
9 6 -12.8878
9 7 -13.226
9 8 -13.5159
9 9 -13.8593
9 10 -14.1749
9 11 -14.4803
9 12 -14.8014
9 13 -15.0598
9 14 -15.413
9 15 -15.6479
9 16 -15.9269
9 17 -16.1724
9 18 -16.3998
9 19 -16.6716
9 20 -16.8803
9 21 -17.1255
9 22 -17.3566
9 23 -17.5403
9 24 -17.7727
9 25 -17.9584
9 26 -18.1614
9 27 -18.3444
9 28 -18.5458
9 29 -18.7247
9 30 -18.8965
9 31 -19.0168
9 32 -19.1759
9 33 -19.3372
9 34 -19.4985
9 35 -19.5932
9 36 -19.7395
9 37 -19.8677
9 38 -19.9704
9 39 -20.1267
9 40 -20.2393
10 -10 -12.0796
10 -9 -12.0699
10 -8 -12.0687
10 -7 -12.0116
10 -6 -11.9677
10 -5 -11.9413
10 -4 -11.915
10 -3 -11.8853
10 -2 -11.8543
10 -1 -11.8804
10 0 -11.8037
10 1 -11.768
10 2 -11.8636
10 3 -11.978
10 4 -12.2925
10 5 -12.5587
10 6 -12.907
10 7 -13.2646
10 8 -13.5681
10 9 -13.8755
10 10 -14.2294
10 11 -14.5177
10 12 -14.8501
10 13 -15.129
10 14 -15.3941
10 15 -15.6955
10 16 -15.9314
10 17 -16.2594
10 18 -16.4455
10 19 -16.6917
10 20 -16.9503
10 21 -17.1588
10 22 -17.4057
10 23 -17.609
10 24 -17.787
10 25 -17.9759
10 26 -18.2031
10 27 -18.4036
10 28 -18.5469
10 29 -18.7207
10 30 -18.9244
10 31 -19.0764
10 32 -19.2324
10 33 -19.3645
10 34 -19.5176
10 35 -19.6692
10 36 -19.7869
10 37 -19.8891
10 38 -20.0565
10 39 -20.1805
10 40 -20.2941
11 -10 -12.1133
11 -9 -12.1168
11 -8 -12.1008
11 -7 -12.041
11 -6 -12.0021
11 -5 -11.9805
11 -4 -11.9648
11 -3 -11.9486
11 -2 -11.8949
11 -1 -11.8838
11 0 -11.8034
11 1 -11.8179
11 2 -11.8292
11 3 -12.052
11 4 -12.2949
11 5 -12.5994
11 6 -12.9159
11 7 -13.2742
11 8 -13.6459
11 9 -13.9568
11 10 -14.2522
11 11 -14.5526
11 12 -14.8911
11 13 -15.1828
11 14 -15.4435
11 15 -15.7583
11 16 -15.9713
11 17 -16.2707
11 18 -16.5186
11 19 -16.7239
11 20 -16.9524
11 21 -17.2131
11 22 -17.4502
11 23 -17.6759
11 24 -17.8561
11 25 -18.0318
11 26 -18.255
11 27 -18.4277
11 28 -18.5908
11 29 -18.7759
11 30 -18.9595
11 31 -19.1
11 32 -19.2789
11 33 -19.3972
11 34 -19.5638
11 35 -19.6621
11 36 -19.8292
11 37 -19.9323
11 38 -20.0821
11 39 -20.1979
11 40 -20.2864
12 -10 -12.1388
12 -9 -12.1205
12 -8 -12.1125
12 -7 -12.0676
12 -6 -12.0505
12 -5 -12.0343
12 -4 -11.9852
12 -3 -12.0095
12 -2 -11.931
12 -1 -11.922
12 0 -11.9102
12 1 -11.8435
12 2 -11.9115
12 3 -12.0572
12 4 -12.3166
12 5 -12.6497
12 6 -12.9802
12 7 -13.3177
12 8 -13.6588
12 9 -13.9139
12 10 -14.283
12 11 -14.62
12 12 -14.9339
12 13 -15.1647
12 14 -15.4784
12 15 -15.7399
12 16 -16.015
12 17 -16.3216
12 18 -16.5538
12 19 -16.7604
12 20 -17.0349
12 21 -17.2537
12 22 -17.4443
12 23 -17.6844
12 24 -17.8834
12 25 -18.0761
12 26 -18.3113
12 27 -18.5088
12 28 -18.639
12 29 -18.8068
12 30 -18.9895
12 31 -19.1546
12 32 -19.2972
12 33 -19.4407
12 34 -19.577
12 35 -19.7128
12 36 -19.8595
12 37 -19.9905
12 38 -20.1021
12 39 -20.2252
12 40 -20.3427
13 -10 -12.1946
13 -9 -12.1731
13 -8 -12.1548
13 -7 -12.1169
13 -6 -12.0776
13 -5 -12.0686
13 -4 -12.0237
13 -3 -12.0077
13 -2 -11.9781
13 -1 -11.9466
13 0 -11.9373
13 1 -11.8631
13 2 -11.9121
13 3 -12.0958
13 4 -12.3467
13 5 -12.7013
13 6 -12.9999
13 7 -13.3633
13 8 -13.6606
13 9 -13.9794
13 10 -14.3692
13 11 -14.6382
13 12 -14.9201
13 13 -15.2676
13 14 -15.5483
13 15 -15.8195
13 16 -16.0756
13 17 -16.3103
13 18 -16.5664
13 19 -16.7977
13 20 -17.0294
13 21 -17.293
13 22 -17.5161
13 23 -17.7082
13 24 -17.9558
13 25 -18.1524
13 26 -18.3147
13 27 -18.5169
13 28 -18.6978
13 29 -18.867
13 30 -19.0172
13 31 -19.187
13 32 -19.3395
13 33 -19.4963
13 34 -19.6252
13 35 -19.7778
13 36 -19.8731
13 37 -20.0035
13 38 -20.1356
13 39 -20.2393
13 40 -20.3601
14 -10 -12.2195
14 -9 -12.2043
14 -8 -12.1615
14 -7 -12.1274
14 -6 -12.1085
14 -5 -12.1179
14 -4 -12.0656
14 -3 -12.0441
14 -2 -12.0014
14 -1 -11.9581
14 0 -11.929
14 1 -11.9185
14 2 -11.9309
14 3 -12.1367
14 4 -12.4047
14 5 -12.7186
14 6 -13.0314
14 7 -13.3548
14 8 -13.6993
14 9 -14.0756
14 10 -14.3562
14 11 -14.6602
14 12 -14.9719
14 13 -15.2611
14 14 -15.5332
14 15 -15.8102
14 16 -16.1168
14 17 -16.3582
14 18 -16.6185
14 19 -16.841
14 20 -17.1135
14 21 -17.3278
14 22 -17.5386
14 23 -17.7436
14 24 -17.9542
14 25 -18.1754
14 26 -18.3782
14 27 -18.5275
14 28 -18.7077
14 29 -18.878
14 30 -19.0415
14 31 -19.2187
14 32 -19.363
14 33 -19.5003
14 34 -19.6382
14 35 -19.754
14 36 -19.9097
14 37 -20.0277
14 38 -20.1655
14 39 -20.2946
14 40 -20.3883
15 -10 -12.2217
15 -9 -12.2222
15 -8 -12.1784
15 -7 -12.1265
15 -6 -12.142
15 -5 -12.1108
15 -4 -12.0922
15 -3 -12.0917
15 -2 -12.0424
15 -1 -11.9928
15 0 -11.9676
15 1 -11.9435
15 2 -11.9871
15 3 -12.1541
15 4 -12.4532
15 5 -12.7431
15 6 -13.0834
15 7 -13.436
15 8 -13.74
15 9 -14.0668
15 10 -14.3672
15 11 -14.7282
15 12 -14.9803
15 13 -15.2878
15 14 -15.5589
15 15 -15.8609
15 16 -16.1408
15 17 -16.4041
15 18 -16.6236
15 19 -16.9062
15 20 -17.1044
15 21 -17.3468
15 22 -17.5581
15 23 -17.788
15 24 -17.9794
15 25 -18.172
15 26 -18.4043
15 27 -18.5771
15 28 -18.7488
15 29 -18.893
15 30 -19.06
15 31 -19.2445
15 32 -19.3628
15 33 -19.5522
15 34 -19.6882
15 35 -19.8103
15 36 -19.9311
15 37 -20.0792
15 38 -20.1747
15 39 -20.3265
15 40 -20.4003
16 -10 -12.2497
16 -9 -12.2311
16 -8 -12.2108
16 -7 -12.1704
16 -6 -12.1596
16 -5 -12.1351
16 -4 -12.0896
16 -3 -12.0752
16 -2 -12.1042
16 -1 -12.0656
16 0 -11.9974
16 1 -11.9523
16 2 -11.9837
16 3 -12.1665
16 4 -12.4369
16 5 -12.7849
16 6 -13.0885
16 7 -13.4382
16 8 -13.765
16 9 -14.1204
16 10 -14.4189
16 11 -14.7473
16 12 -15.0308
16 13 -15.3207
16 14 -15.5944
16 15 -15.8976
16 16 -16.1614
16 17 -16.4285
16 18 -16.6599
16 19 -16.8926
16 20 -17.1444
16 21 -17.3699
16 22 -17.5915
16 23 -17.7996
16 24 -18.0027
16 25 -18.2057
16 26 -18.3909
16 27 -18.595
16 28 -18.7552
16 29 -18.9167
16 30 -19.109
16 31 -19.2713
16 32 -19.3988
16 33 -19.5524
16 34 -19.699
16 35 -19.825
16 36 -19.9464
16 37 -20.0811
16 38 -20.2001
16 39 -20.3368
16 40 -20.4561
17 -10 -12.2743
17 -9 -12.2696
17 -8 -12.2399
17 -7 -12.2234
17 -6 -12.2026
17 -5 -12.1876
17 -4 -12.18
17 -3 -12.1165
17 -2 -12.1092
17 -1 -12.0845
17 0 -12.0489
17 1 -11.9765
17 2 -12.009
17 3 -12.2146
17 4 -12.4705
17 5 -12.8097
17 6 -13.1646
17 7 -13.4805
17 8 -13.8338
17 9 -14.1198
17 10 -14.4604
17 11 -14.7301
17 12 -15.0594
17 13 -15.3462
17 14 -15.6091
17 15 -15.9125
17 16 -16.1918
17 17 -16.4593
17 18 -16.6847
17 19 -16.9093
17 20 -17.1752
17 21 -17.3918
17 22 -17.6065
17 23 -17.8111
17 24 -18.0427
17 25 -18.2347
17 26 -18.4293
17 27 -18.6113
17 28 -18.7977
17 29 -18.9722
17 30 -19.1313
17 31 -19.2771
17 32 -19.4374
17 33 -19.5797
17 34 -19.7333
17 35 -19.8475
17 36 -19.9869
17 37 -20.1132
17 38 -20.2279
17 39 -20.3464
17 40 -20.4747
18 -10 -12.3029
18 -9 -12.2847
18 -8 -12.2689
18 -7 -12.2271
18 -6 -12.2001
18 -5 -12.2143
18 -4 -12.1682
18 -3 -12.1676
18 -2 -12.114
18 -1 -12.0909
18 0 -12.0455
18 1 -12.0055
18 2 -12.0244
18 3 -12.2334
18 4 -12.5292
18 5 -12.8482
18 6 -13.1673
18 7 -13.4755
18 8 -13.8535
18 9 -14.171
18 10 -14.4586
18 11 -14.7841
18 12 -15.0641
18 13 -15.3738
18 14 -15.6398
18 15 -15.9399
18 16 -16.191
18 17 -16.4649
18 18 -16.7137
18 19 -16.9642
18 20 -17.1916
18 21 -17.4343
18 22 -17.6428
18 23 -17.8578
18 24 -18.0575
18 25 -18.2513
18 26 -18.4367
18 27 -18.6477
18 28 -18.8078
18 29 -18.9803
18 30 -19.1594
18 31 -19.3101
18 32 -19.4576
18 33 -19.607
18 34 -19.754
18 35 -19.8799
18 36 -20.0211
18 37 -20.1435
18 38 -20.2608
18 39 -20.3831
18 40 -20.4969
19 -10 -12.3052
19 -9 -12.3171
19 -8 -12.2728
19 -7 -12.2784
19 -6 -12.246
19 -5 -12.2082
19 -4 -12.2241
19 -3 -12.1697
19 -2 -12.1487
19 -1 -12.1217
19 0 -12.1049
19 1 -12.0385
19 2 -12.0762
19 3 -12.2327
19 4 -12.5212
19 5 -12.8449
19 6 -13.1808
19 7 -13.486
19 8 -13.8147
19 9 -14.1914
19 10 -14.4909
19 11 -14.8042
19 12 -15.1096
19 13 -15.3882
19 14 -15.6798
19 15 -15.9816
19 16 -16.2358
19 17 -16.5047
19 18 -16.7166
19 19 -16.9582
19 20 -17.2279
19 21 -17.4026
19 22 -17.6351
19 23 -17.8861
19 24 -18.1
19 25 -18.29
19 26 -18.4803
19 27 -18.6578
19 28 -18.8324
19 29 -19.0201
19 30 -19.1819
19 31 -19.3164
19 32 -19.4886
19 33 -19.6548
19 34 -19.7719
19 35 -19.9029
19 36 -20.0268
19 37 -20.1702
19 38 -20.2809
19 39 -20.4132
19 40 -20.5308
20 -10 -12.3358
20 -9 -12.3321
20 -8 -12.3008
20 -7 -12.2662
20 -6 -12.2625
20 -5 -12.2303
20 -4 -12.2149
20 -3 -12.2272
20 -2 -12.1719
20 -1 -12.1287
20 0 -12.0943
20 1 -12.0982
20 2 -12.1184
20 3 -12.264
20 4 -12.5258
20 5 -12.8698
20 6 -13.2444
20 7 -13.5322
20 8 -13.913
20 9 -14.1942
20 10 -14.5426
20 11 -14.8221
20 12 -15.1524
20 13 -15.4205
20 14 -15.6876
20 15 -15.9791
20 16 -16.2629
20 17 -16.4801
20 18 -16.7514
20 19 -17.012
20 20 -17.2283
20 21 -17.4568
20 22 -17.6954
20 23 -17.9086
20 24 -18.0911
20 25 -18.2749
20 26 -18.4929
20 27 -18.6796
20 28 -18.8686
20 29 -19.029
20 30 -19.2159
20 31 -19.3598
20 32 -19.4851
20 33 -19.6826
20 34 -19.7907
20 35 -19.9394
20 36 -20.0705
20 37 -20.2077
20 38 -20.3109
20 39 -20.4374
20 40 -20.546
21 -10 -12.3521
21 -9 -12.3283
21 -8 -12.3295
21 -7 -12.315
21 -6 -12.2763
21 -5 -12.2785
21 -4 -12.238
21 -3 -12.2286
21 -2 -12.1798
21 -1 -12.1509
21 0 -12.1458
21 1 -12.0756
21 2 -12.1437
21 3 -12.326
21 4 -12.585
21 5 -12.9252
21 6 -13.225
21 7 -13.5655
21 8 -13.9083
21 9 -14.2044
21 10 -14.5419
21 11 -14.849
21 12 -15.1604
21 13 -15.453
21 14 -15.7237
21 15 -16.0012
21 16 -16.3024
21 17 -16.5468
21 18 -16.7783
21 19 -17.063
21 20 -17.2343
21 21 -17.4763
21 22 -17.6685
21 23 -17.9322
21 24 -18.1193
21 25 -18.3181
21 26 -18.5535
21 27 -18.7099
21 28 -18.8693
21 29 -19.0632
21 30 -19.2348
21 31 -19.3845
21 32 -19.5314
21 33 -19.6787
21 34 -19.8213
21 35 -19.9746
21 36 -20.084
21 37 -20.2008
21 38 -20.3261
21 39 -20.4474
21 40 -20.5838
22 -10 -12.3767
22 -9 -12.3705
22 -8 -12.3543
22 -7 -12.3078
22 -6 -12.3232
22 -5 -12.2584
22 -4 -12.258
22 -3 -12.2239
22 -2 -12.2136
22 -1 -12.1951
22 0 -12.1432
22 1 -12.0987
22 2 -12.1472
22 3 -12.3285
22 4 -12.6072
22 5 -12.9029
22 6 -13.22
22 7 -13.5822
22 8 -13.9196
22 9 -14.2126
22 10 -14.5393
22 11 -14.877
22 12 -15.1691
22 13 -15.4878
22 14 -15.7694
22 15 -16.0238
22 16 -16.2743
22 17 -16.541
22 18 -16.8052
22 19 -17.0384
22 20 -17.2557
22 21 -17.5135
22 22 -17.7163
22 23 -17.9555
22 24 -18.1356
22 25 -18.3123
22 26 -18.5432
22 27 -18.7474
22 28 -18.9132
22 29 -19.0847
22 30 -19.2361
22 31 -19.4105
22 32 -19.5638
22 33 -19.6872
22 34 -19.8449
22 35 -19.9864
22 36 -20.1162
22 37 -20.2332
22 38 -20.3457
22 39 -20.4699
22 40 -20.5651
23 -10 -12.3985
23 -9 -12.3793
23 -8 -12.3688
23 -7 -12.3223
23 -6 -12.327
23 -5 -12.2946
23 -4 -12.3117
23 -3 -12.2568
23 -2 -12.2249
23 -1 -12.209
23 0 -12.179
23 1 -12.1326
23 2 -12.1516
23 3 -12.3631
23 4 -12.6301
23 5 -12.9525
23 6 -13.28
23 7 -13.5863
23 8 -13.9072
23 9 -14.2899
23 10 -14.5922
23 11 -14.8913
23 12 -15.2094
23 13 -15.4852
23 14 -15.7562
23 15 -16.0634
23 16 -16.3058
23 17 -16.577
23 18 -16.8194
23 19 -17.0729
23 20 -17.3021
23 21 -17.4958
23 22 -17.7149
23 23 -17.9616
23 24 -18.1688
23 25 -18.3645
23 26 -18.5379
23 27 -18.7392
23 28 -18.901
23 29 -19.0856
23 30 -19.2562
23 31 -19.4357
23 32 -19.5591
23 33 -19.7154
23 34 -19.8554
23 35 -19.9855
23 36 -20.1177
23 37 -20.2651
23 38 -20.3785
23 39 -20.5114
23 40 -20.6315
24 -10 -12.404
24 -9 -12.3916
24 -8 -12.387
24 -7 -12.3569
24 -6 -12.3579
24 -5 -12.3226
24 -4 -12.3116
24 -3 -12.3044
24 -2 -12.2326
24 -1 -12.2204
24 0 -12.1831
24 1 -12.1397
24 2 -12.1858
24 3 -12.3695
24 4 -12.6187
24 5 -12.9724
24 6 -13.3054
24 7 -13.6557
24 8 -13.9636
24 9 -14.2934
24 10 -14.5885
24 11 -14.9079
24 12 -15.222
24 13 -15.4958
24 14 -15.8005
24 15 -16.0634
24 16 -16.2976
24 17 -16.5721
24 18 -16.8596
24 19 -17.085
24 20 -17.3283
24 21 -17.5554
24 22 -17.7566
24 23 -17.9622
24 24 -18.1825
24 25 -18.3723
24 26 -18.5671
24 27 -18.7644
24 28 -18.937
24 29 -19.1026
24 30 -19.2821
24 31 -19.4414
24 32 -19.5786
24 33 -19.7592
24 34 -19.8564
24 35 -20.0127
24 36 -20.1427
24 37 -20.2581
24 38 -20.3906
24 39 -20.5076
24 40 -20.6206
25 -10 -12.4222
25 -9 -12.413
25 -8 -12.3969
25 -7 -12.3595
25 -6 -12.3579
25 -5 -12.3414
25 -4 -12.3159
25 -3 -12.2857
25 -2 -12.2811
25 -1 -12.2298
25 0 -12.227
25 1 -12.1755
25 2 -12.2045
25 3 -12.3747
25 4 -12.6554
25 5 -12.9708
25 6 -13.2723
25 7 -13.6713
25 8 -13.9849
25 9 -14.3235
25 10 -14.6277
25 11 -14.9781
25 12 -15.242
25 13 -15.5421
25 14 -15.8151
25 15 -16.0615
25 16 -16.3523
25 17 -16.6021
25 18 -16.8401
25 19 -17.1166
25 20 -17.3178
25 21 -17.5614
25 22 -17.793
25 23 -18.0011
25 24 -18.1909
25 25 -18.3745
25 26 -18.5764
25 27 -18.7764
25 28 -18.9437
25 29 -19.1187
25 30 -19.3047
25 31 -19.4768
25 32 -19.6255
25 33 -19.7456
25 34 -19.8768
25 35 -20.0415
25 36 -20.1688
25 37 -20.2831
25 38 -20.4103
25 39 -20.535
25 40 -20.6282
26 -10 -12.4493
26 -9 -12.4465
26 -8 -12.4074
26 -7 -12.4149
26 -6 -12.3624
26 -5 -12.3605
26 -4 -12.3049
26 -3 -12.3034
26 -2 -12.3047
26 -1 -12.26
26 0 -12.2243
26 1 -12.2298
26 2 -12.2102
26 3 -12.3689
26 4 -12.6957
26 5 -13.0051
26 6 -13.3434
26 7 -13.6766
26 8 -13.9982
26 9 -14.3466
26 10 -14.6725
26 11 -14.9829
26 12 -15.2379
26 13 -15.5523
26 14 -15.8231
26 15 -16.0955
26 16 -16.3235
26 17 -16.6316
26 18 -16.8733
26 19 -17.1136
26 20 -17.3224
26 21 -17.5869
26 22 -17.8032
26 23 -18.0112
26 24 -18.2346
26 25 -18.4213
26 26 -18.5773
26 27 -18.7911
26 28 -18.9767
26 29 -19.168
26 30 -19.3252
26 31 -19.4743
26 32 -19.62
26 33 -19.7662
26 34 -19.9099
26 35 -20.048
26 36 -20.1817
26 37 -20.2931
26 38 -20.4267
26 39 -20.5434
26 40 -20.6555
27 -10 -12.431
27 -9 -12.4111
27 -8 -12.4055
27 -7 -12.3986
27 -6 -12.379
27 -5 -12.3911
27 -4 -12.3473
27 -3 -12.3187
27 -2 -12.3201
27 -1 -12.2642
27 0 -12.2648
27 1 -12.2107
27 2 -12.2177
27 3 -12.4254
27 4 -12.75
27 5 -12.9863
27 6 -13.3666
27 7 -13.7059
27 8 -14.0369
27 9 -14.3415
27 10 -14.637
27 11 -14.9893
27 12 -15.2653
27 13 -15.5549
27 14 -15.8429
27 15 -16.0999
27 16 -16.388
27 17 -16.6105
27 18 -16.876
27 19 -17.1205
27 20 -17.3712
27 21 -17.5797
27 22 -17.8206
27 23 -18.0218
27 24 -18.2307
27 25 -18.4284
27 26 -18.6386
27 27 -18.8102
27 28 -18.9895
27 29 -19.164
27 30 -19.3381
27 31 -19.4676
27 32 -19.6363
27 33 -19.7759
27 34 -19.9275
27 35 -20.0591
27 36 -20.1727
27 37 -20.3195
27 38 -20.424
27 39 -20.56
27 40 -20.6728
28 -10 -12.464
28 -9 -12.438
28 -8 -12.4133
28 -7 -12.4118
28 -6 -12.3877
28 -5 -12.3747
28 -4 -12.3676
28 -3 -12.319
28 -2 -12.303
28 -1 -12.2952
28 0 -12.26
28 1 -12.2033
28 2 -12.2556
28 3 -12.4374
28 4 -12.6946
28 5 -13.0296
28 6 -13.3623
28 7 -13.6995
28 8 -14.0445
28 9 -14.3614
28 10 -14.669
28 11 -15.0045
28 12 -15.3016
28 13 -15.5649
28 14 -15.8447
28 15 -16.1537
28 16 -16.3788
28 17 -16.6449
28 18 -16.9098
28 19 -17.1481
28 20 -17.3859
28 21 -17.6192
28 22 -17.836
28 23 -18.0505
28 24 -18.225
28 25 -18.4588
28 26 -18.6486
28 27 -18.8262
28 28 -19.0098
28 29 -19.1748
28 30 -19.3493
28 31 -19.487
28 32 -19.6408
28 33 -19.7799
28 34 -19.9439
28 35 -20.0744
28 36 -20.1961
28 37 -20.3454
28 38 -20.4367
28 39 -20.5761
28 40 -20.6852
29 -10 -12.4592
29 -9 -12.4613
29 -8 -12.431
29 -7 -12.4165
29 -6 -12.4001
29 -5 -12.3728
29 -4 -12.3819
29 -3 -12.3574
29 -2 -12.3393
29 -1 -12.2958
29 0 -12.271
29 1 -12.2347
29 2 -12.2854
29 3 -12.4418
29 4 -12.7057
29 5 -13.0382
29 6 -13.3696
29 7 -13.6917
29 8 -14.037
29 9 -14.3714
29 10 -14.6841
29 11 -14.9899
29 12 -15.3073
29 13 -15.6116
29 14 -15.9007
29 15 -16.1489
29 16 -16.4035
29 17 -16.6452
29 18 -16.903
29 19 -17.1899
29 20 -17.4006
29 21 -17.6295
29 22 -17.8346
29 23 -18.0447
29 24 -18.2689
29 25 -18.4487
29 26 -18.6514
29 27 -18.8151
29 28 -19.0195
29 29 -19.1828
29 30 -19.3497
29 31 -19.4953
29 32 -19.6764
29 33 -19.8149
29 34 -19.9545
29 35 -20.087
29 36 -20.2096
29 37 -20.35
29 38 -20.4634
29 39 -20.5964
29 40 -20.6893
30 -10 -12.4495
30 -9 -12.4577
30 -8 -12.4411
30 -7 -12.4319
30 -6 -12.413
30 -5 -12.4193
30 -4 -12.3956
30 -3 -12.392
30 -2 -12.3427
30 -1 -12.303
30 0 -12.2945
30 1 -12.2439
30 2 -12.2876
30 3 -12.4639
30 4 -12.7199
30 5 -13.0446
30 6 -13.4039
30 7 -13.6983
30 8 -14.0621
30 9 -14.3826
30 10 -14.7147
30 11 -15.0111
30 12 -15.3035
30 13 -15.6066
30 14 -15.8966
30 15 -16.1587
30 16 -16.4114
30 17 -16.6801
30 18 -16.9098
30 19 -17.1639
30 20 -17.4098
30 21 -17.6173
30 22 -17.8462
30 23 -18.0549
30 24 -18.2521
30 25 -18.464
30 26 -18.6498
30 27 -18.8363
30 28 -19.0206
30 29 -19.1802
30 30 -19.3592
30 31 -19.5015
30 32 -19.6774
30 33 -19.8134
30 34 -19.9579
30 35 -20.0943
30 36 -20.2208
30 37 -20.3264
30 38 -20.4806
30 39 -20.5824
30 40 -20.7009
31 -10 -12.4574
31 -9 -12.4521
31 -8 -12.4379
31 -7 -12.4314
31 -6 -12.4252
31 -5 -12.4163
31 -4 -12.3973
31 -3 -12.365
31 -2 -12.328
31 -1 -12.3313
31 0 -12.3115
31 1 -12.2529
31 2 -12.3106
31 3 -12.4537
31 4 -12.7495
31 5 -13.0912
31 6 -13.4057
31 7 -13.7396
31 8 -14.0704
31 9 -14.4104
31 10 -14.7314
31 11 -15.0375
31 12 -15.3331
31 13 -15.6297
31 14 -15.8804
31 15 -16.1877
31 16 -16.437
31 17 -16.6815
31 18 -16.9486
31 19 -17.1679
31 20 -17.4426
31 21 -17.6569
31 22 -17.8723
31 23 -18.0846
31 24 -18.2727
31 25 -18.4443
31 26 -18.6743
31 27 -18.8474
31 28 -19.0118
31 29 -19.2133
31 30 -19.3604
31 31 -19.5207
31 32 -19.677
31 33 -19.8194
31 34 -19.9789
31 35 -20.1094
31 36 -20.2324
31 37 -20.3538
31 38 -20.4727
31 39 -20.6035
31 40 -20.7126
32 -10 -12.4758
32 -9 -12.4581
32 -8 -12.4423
32 -7 -12.4372
32 -6 -12.4204
32 -5 -12.3984
32 -4 -12.4058
32 -3 -12.3692
32 -2 -12.3827
32 -1 -12.3683
32 0 -12.3336
32 1 -12.2873
32 2 -12.305
32 3 -12.5172
32 4 -12.7527
32 5 -13.0799
32 6 -13.4123
32 7 -13.7395
32 8 -14.0635
32 9 -14.3946
32 10 -14.7339
32 11 -15.017
32 12 -15.3579
32 13 -15.6228
32 14 -15.9181
32 15 -16.1776
32 16 -16.4586
32 17 -16.704
32 18 -16.9328
32 19 -17.1948
32 20 -17.4442
32 21 -17.6403
32 22 -17.8529
32 23 -18.1051
32 24 -18.2987
32 25 -18.4928
32 26 -18.6665
32 27 -18.8689
32 28 -19.0534
32 29 -19.2184
32 30 -19.3788
32 31 -19.5448
32 32 -19.6931
32 33 -19.8206
32 34 -19.9973
32 35 -20.1311
32 36 -20.2272
32 37 -20.3723
32 38 -20.4692
32 39 -20.6081
32 40 -20.7247
33 -10 -12.4612
33 -9 -12.4627
33 -8 -12.4434
33 -7 -12.4262
33 -6 -12.4335
33 -5 -12.428
33 -4 -12.3794
33 -3 -12.378
33 -2 -12.3954
33 -1 -12.3311
33 0 -12.347
33 1 -12.2868
33 2 -12.2928
33 3 -12.4896
33 4 -12.7836
33 5 -13.0856
33 6 -13.4117
33 7 -13.7498
33 8 -14.1075
33 9 -14.4101
33 10 -14.7362
33 11 -15.0239
33 12 -15.3678
33 13 -15.6112
33 14 -15.923
33 15 -16.2099
33 16 -16.4366
33 17 -16.7236
33 18 -16.9547
33 19 -17.2241
33 20 -17.4424
33 21 -17.6795
33 22 -17.8597
33 23 -18.0734
33 24 -18.3182
33 25 -18.4964
33 26 -18.6903
33 27 -18.8677
33 28 -19.0453
33 29 -19.2347
33 30 -19.3698
33 31 -19.5426
33 32 -19.7045
33 33 -19.8449
33 34 -19.9854
33 35 -20.1157
33 36 -20.2558
33 37 -20.3719
33 38 -20.4937
33 39 -20.6175
33 40 -20.7231
34 -10 -12.4888
34 -9 -12.4677
34 -8 -12.4565
34 -7 -12.4193
34 -6 -12.427
34 -5 -12.4261
34 -4 -12.4087
34 -3 -12.3972
34 -2 -12.3689
34 -1 -12.3642
34 0 -12.3465
34 1 -12.2703
34 2 -12.3134
34 3 -12.502
34 4 -12.7997
34 5 -13.1187
34 6 -13.4261
34 7 -13.7623
34 8 -14.102
34 9 -14.4212
34 10 -14.7391
34 11 -15.0539
34 12 -15.3472
34 13 -15.6598
34 14 -15.925
34 15 -16.1894
34 16 -16.464
34 17 -16.7256
34 18 -17.0027
34 19 -17.2009
34 20 -17.4237
34 21 -17.6875
34 22 -17.8826
34 23 -18.0873
34 24 -18.3033
34 25 -18.5119
34 26 -18.6853
34 27 -18.8804
34 28 -19.0656
34 29 -19.2304
34 30 -19.4022
34 31 -19.5533
34 32 -19.6975
34 33 -19.8664
34 34 -19.9881
34 35 -20.124
34 36 -20.266
34 37 -20.3965
34 38 -20.5115
34 39 -20.6316
34 40 -20.7427
35 -10 -12.472
35 -9 -12.469
35 -8 -12.4512
35 -7 -12.4352
35 -6 -12.4302
35 -5 -12.4371
35 -4 -12.408
35 -3 -12.3951
35 -2 -12.4004
35 -1 -12.3559
35 0 -12.3148
35 1 -12.3011
35 2 -12.3369
35 3 -12.4966
35 4 -12.7725
35 5 -13.1184
35 6 -13.4623
35 7 -13.7783
35 8 -14.1164
35 9 -14.4409
35 10 -14.7576
35 11 -15.0565
35 12 -15.3782
35 13 -15.6569
35 14 -15.9259
35 15 -16.2215
35 16 -16.4676
35 17 -16.7294
35 18 -16.9857
35 19 -17.2034
35 20 -17.4544
35 21 -17.6737
35 22 -17.8832
35 23 -18.1048
35 24 -18.3065
35 25 -18.4943
35 26 -18.7007
35 27 -18.8872
35 28 -19.073
35 29 -19.2345
35 30 -19.4054
35 31 -19.5396
35 32 -19.6958
35 33 -19.858
35 34 -20.0047
35 35 -20.1335
35 36 -20.269
35 37 -20.3896
35 38 -20.51
35 39 -20.6184
35 40 -20.7495
36 -10 -12.4717
36 -9 -12.4727
36 -8 -12.4649
36 -7 -12.4611
36 -6 -12.4497
36 -5 -12.4198
36 -4 -12.416
36 -3 -12.402
36 -2 -12.3826
36 -1 -12.3801
36 0 -12.3302
36 1 -12.3068
36 2 -12.3796
36 3 -12.529
36 4 -12.7812
36 5 -13.1585
36 6 -13.4906
36 7 -13.7807
36 8 -14.1228
36 9 -14.4371
36 10 -14.7402
36 11 -15.082
36 12 -15.3648
36 13 -15.6623
36 14 -15.9229
36 15 -16.208
36 16 -16.4773
36 17 -16.729
36 18 -16.9956
36 19 -17.2021
36 20 -17.425
36 21 -17.681
36 22 -17.9014
36 23 -18.0912
36 24 -18.3074
36 25 -18.5002
36 26 -18.7002
36 27 -18.8624
36 28 -19.0463
36 29 -19.2397
36 30 -19.4006
36 31 -19.5631
36 32 -19.6994
36 33 -19.8492
36 34 -19.9977
36 35 -20.127
36 36 -20.2668
36 37 -20.3709
36 38 -20.5063
36 39 -20.6412
36 40 -20.7406
37 -10 -12.4803
37 -9 -12.4586
37 -8 -12.4608
37 -7 -12.4476
37 -6 -12.433
37 -5 -12.4357
37 -4 -12.4121
37 -3 -12.404
37 -2 -12.3687
37 -1 -12.3667
37 0 -12.3629
37 1 -12.3057
37 2 -12.3585
37 3 -12.5394
37 4 -12.8163
37 5 -13.1183
37 6 -13.4749
37 7 -13.7814
37 8 -14.1501
37 9 -14.4572
37 10 -14.8223
37 11 -15.0902
37 12 -15.3585
37 13 -15.6494
37 14 -15.9492
37 15 -16.1839
37 16 -16.4824
37 17 -16.7283
37 18 -16.9757
37 19 -17.2111
37 20 -17.4427
37 21 -17.6739
37 22 -17.919
37 23 -18.106
37 24 -18.3057
37 25 -18.5117
37 26 -18.6937
37 27 -18.9052
37 28 -19.0798
37 29 -19.2345
37 30 -19.4054
37 31 -19.5626
37 32 -19.7102
37 33 -19.8568
37 34 -19.998
37 35 -20.1378
37 36 -20.2565
37 37 -20.3985
37 38 -20.511
37 39 -20.6299
37 40 -20.733
38 -10 -12.4739
38 -9 -12.4878
38 -8 -12.4499
38 -7 -12.4458
38 -6 -12.4286
38 -5 -12.4214
38 -4 -12.4333
38 -3 -12.4246
38 -2 -12.3916
38 -1 -12.393
38 0 -12.3583
38 1 -12.306
38 2 -12.3301
38 3 -12.549
38 4 -12.8038
38 5 -13.1276
38 6 -13.4605
38 7 -13.7971
38 8 -14.1102
38 9 -14.4376
38 10 -14.759
38 11 -15.0722
38 12 -15.3821
38 13 -15.675
38 14 -15.9375
38 15 -16.2103
38 16 -16.4902
38 17 -16.709
38 18 -17.008
38 19 -17.2352
38 20 -17.4748
38 21 -17.6672
38 22 -17.8766
38 23 -18.1048
38 24 -18.3309
38 25 -18.5156
38 26 -18.7027
38 27 -18.8824
38 28 -19.0789
38 29 -19.2444
38 30 -19.3921
38 31 -19.5522
38 32 -19.7006
38 33 -19.8516
38 34 -20.0057
38 35 -20.1139
38 36 -20.2656
38 37 -20.3863
38 38 -20.4956
38 39 -20.6296
38 40 -20.7418
39 -10 -12.4834
39 -9 -12.4656
39 -8 -12.4751
39 -7 -12.4389
39 -6 -12.444
39 -5 -12.4289
39 -4 -12.4207
39 -3 -12.4123
39 -2 -12.3917
39 -1 -12.3876
39 0 -12.3514
39 1 -12.3281
39 2 -12.3611
39 3 -12.5597
39 4 -12.8181
39 5 -13.1315
39 6 -13.5087
39 7 -13.8091
39 8 -14.1119
39 9 -14.4784
39 10 -14.768
39 11 -15.0598
39 12 -15.3899
39 13 -15.6847
39 14 -15.9338
39 15 -16.2388
39 16 -16.5092
39 17 -16.7386
39 18 -16.9806
39 19 -17.2301
39 20 -17.484
39 21 -17.7023
39 22 -17.895
39 23 -18.0885
39 24 -18.3187
39 25 -18.5115
39 26 -18.6918
39 27 -18.8863
39 28 -19.0868
39 29 -19.2405
39 30 -19.3985
39 31 -19.5722
39 32 -19.7071
39 33 -19.8454
39 34 -20.015
39 35 -20.1374
39 36 -20.2563
39 37 -20.3907
39 38 -20.4931
39 39 -20.6187
39 40 -20.7248
40 -10 -12.4884
40 -9 -12.4864
40 -8 -12.4572
40 -7 -12.4461
40 -6 -12.4354
40 -5 -12.4388
40 -4 -12.4055
40 -3 -12.4185
40 -2 -12.3915
40 -1 -12.382
40 0 -12.35
40 1 -12.338
40 2 -12.3494
40 3 -12.5514
40 4 -12.8207
40 5 -13.1354
40 6 -13.4842
40 7 -13.8184
40 8 -14.1284
40 9 -14.4576
40 10 -14.7963
40 11 -15.1089
40 12 -15.3663
40 13 -15.6586
40 14 -15.9368
40 15 -16.2202
40 16 -16.4873
40 17 -16.7507
40 18 -16.9747
40 19 -17.2278
40 20 -17.4685
40 21 -17.6922
40 22 -17.9151
40 23 -18.1132
40 24 -18.3181
40 25 -18.5053
40 26 -18.7045
40 27 -18.8973
40 28 -19.0783
40 29 -19.2345
40 30 -19.3974
40 31 -19.5539
40 32 -19.7266
40 33 -19.8674
40 34 -19.9992
40 35 -20.115
40 36 -20.2616
40 37 -20.3888
40 38 -20.5063
40 39 -20.6274
40 40 -20.7352
