-10 -10 -9.65184
-10 -9 -9.58544
-10 -8 -9.64368
-10 -7 -9.58066
-10 -6 -9.53921
-10 -5 -9.57117
-10 -4 -9.51039
-10 -3 -9.49371
-10 -2 -9.43877
-10 -1 -9.44932
-10 0 -9.43558
-10 1 -9.41313
-10 2 -9.43116
-10 3 -9.64057
-10 4 -9.85761
-10 5 -10.1281
-10 6 -10.4492
-10 7 -10.8176
-10 8 -11.0896
-10 9 -11.5025
-10 10 -11.7769
-10 11 -12.0549
-10 12 -12.3505
-10 13 -12.6493
-10 14 -12.9373
-10 15 -13.2173
-10 16 -13.4621
-10 17 -13.7584
-10 18 -14.0074
-10 19 -14.2403
-10 20 -14.459
-10 21 -14.7013
-10 22 -14.8824
-10 23 -15.1226
-10 24 -15.3622
-10 25 -15.55
-10 26 -15.7323
-10 27 -15.9392
-10 28 -16.1447
-10 29 -16.3359
-10 30 -16.4847
-10 31 -16.6813
-10 32 -16.8828
-10 33 -17.0395
-10 34 -17.1651
-10 35 -17.3375
-10 36 -17.5098
-10 37 -17.6605
-10 38 -17.7812
-10 39 -17.9626
-10 40 -18.0694
-9 -10 -9.59156
-9 -9 -9.61185
-9 -8 -9.55633
-9 -7 -9.56565
-9 -6 -9.52128
-9 -5 -9.50495
-9 -4 -9.49818
-9 -3 -9.45215
-9 -2 -9.41972
-9 -1 -9.44614
-9 0 -9.41807
-9 1 -9.37551
-9 2 -9.38266
-9 3 -9.52923
-9 4 -9.79442
-9 5 -10.1326
-9 6 -10.4515
-9 7 -10.8072
-9 8 -11.1155
-9 9 -11.4406
-9 10 -11.7078
-9 11 -12.0598
-9 12 -12.3012
-9 13 -12.6407
-9 14 -12.9367
-9 15 -13.156
-9 16 -13.4546
-9 17 -13.7488
-9 18 -13.9513
-9 19 -14.1863
-9 20 -14.4294
-9 21 -14.6584
-9 22 -14.8661
-9 23 -15.1129
-9 24 -15.3062
-9 25 -15.5636
-9 26 -15.7633
-9 27 -15.9411
-9 28 -16.1217
-9 29 -16.3062
-9 30 -16.4956
-9 31 -16.6949
-9 32 -16.8493
-9 33 -17.0208
-9 34 -17.2098
-9 35 -17.3313
-9 36 -17.4828
-9 37 -17.6756
-9 38 -17.7923
-9 39 -17.9385
-9 40 -18.0745
-8 -10 -9.59121
-8 -9 -9.58867
-8 -8 -9.56232
-8 -7 -9.55017
-8 -6 -9.46856
-8 -5 -9.48836
-8 -4 -9.45922
-8 -3 -9.44221
-8 -2 -9.44655
-8 -1 -9.40552
-8 0 -9.40836
-8 1 -9.33245
-8 2 -9.31243
-8 3 -9.54586
-8 4 -9.83086
-8 5 -10.0588
-8 6 -10.4376
-8 7 -10.7656
-8 8 -11.0607
-8 9 -11.4146
-8 10 -11.7218
-8 11 -11.9955
-8 12 -12.3085
-8 13 -12.5931
-8 14 -12.8999
-8 15 -13.1728
-8 16 -13.4612
-8 17 -13.7164
-8 18 -13.9574
-8 19 -14.1701
-8 20 -14.3595
-8 21 -14.6262
-8 22 -14.8707
-8 23 -15.0878
-8 24 -15.2649
-8 25 -15.4901
-8 26 -15.732
-8 27 -15.8868
-8 28 -16.1273
-8 29 -16.2919
-8 30 -16.4667
-8 31 -16.6802
-8 32 -16.8436
-8 33 -17.0156
-8 34 -17.172
-8 35 -17.3193
-8 36 -17.4385
-8 37 -17.6267
-8 38 -17.7789
-8 39 -17.9045
-8 40 -18.0321
-7 -10 -9.56869
-7 -9 -9.5522
-7 -8 -9.52996
-7 -7 -9.51039
-7 -6 -9.51398
-7 -5 -9.44615
-7 -4 -9.42523
-7 -3 -9.42099
-7 -2 -9.42412
-7 -1 -9.42459
-7 0 -9.29195
-7 1 -9.32431
-7 2 -9.33781
-7 3 -9.4453
-7 4 -9.68242
-7 5 -10.0673
-7 6 -10.4332
-7 7 -10.7454
-7 8 -11.0316
-7 9 -11.3494
-7 10 -11.6597
-7 11 -11.9267
-7 12 -12.3009
-7 13 -12.5712
-7 14 -12.8664
-7 15 -13.1386
-7 16 -13.3697
-7 17 -13.654
-7 18 -13.9391
-7 19 -14.1467
-7 20 -14.3918
-7 21 -14.5885
-7 22 -14.8604
-7 23 -15.0381
-7 24 -15.2543
-7 25 -15.4907
-7 26 -15.6748
-7 27 -15.8728
-7 28 -16.0794
-7 29 -16.2322
-7 30 -16.4165
-7 31 -16.6101
-7 32 -16.8102
-7 33 -16.9905
-7 34 -17.1331
-7 35 -17.2656
-7 36 -17.4598
-7 37 -17.5692
-7 38 -17.7688
-7 39 -17.8932
-7 40 -18.0211
-6 -10 -9.57826
-6 -9 -9.54499
-6 -8 -9.55568
-6 -7 -9.51846
-6 -6 -9.48495
-6 -5 -9.48924
-6 -4 -9.43867
-6 -3 -9.39342
-6 -2 -9.37647
-6 -1 -9.40459
-6 0 -9.31626
-6 1 -9.32138
-6 2 -9.24692
-6 3 -9.41611
-6 4 -9.69736
-6 5 -10.0702
-6 6 -10.3402
-6 7 -10.6883
-6 8 -11.0115
-6 9 -11.318
-6 10 -11.6576
-6 11 -11.9779
-6 12 -12.2672
-6 13 -12.5246
-6 14 -12.7958
-6 15 -13.0755
-6 16 -13.3989
-6 17 -13.5848
-6 18 -13.8982
-6 19 -14.0968
-6 20 -14.3681
-6 21 -14.578
-6 22 -14.7961
-6 23 -14.9935
-6 24 -15.2166
-6 25 -15.4599
-6 26 -15.6519
-6 27 -15.8448
-6 28 -16.0295
-6 29 -16.2126
-6 30 -16.394
-6 31 -16.6238
-6 32 -16.7993
-6 33 -16.9316
-6 34 -17.1156
-6 35 -17.297
-6 36 -17.4074
-6 37 -17.5673
-6 38 -17.707
-6 39 -17.8592
-6 40 -18.0086
-5 -10 -9.54758
-5 -9 -9.53731
-5 -8 -9.51421
-5 -7 -9.49163
-5 -6 -9.44259
-5 -5 -9.40078
-5 -4 -9.45418
-5 -3 -9.39261
-5 -2 -9.33901
-5 -1 -9.32025
-5 0 -9.2815
-5 1 -9.29111
-5 2 -9.23457
-5 3 -9.43928
-5 4 -9.71293
-5 5 -9.96772
-5 6 -10.3683
-5 7 -10.6759
-5 8 -10.9782
-5 9 -11.2914
-5 10 -11.6596
-5 11 -11.965
-5 12 -12.227
-5 13 -12.537
-5 14 -12.7991
-5 15 -13.0407
-5 16 -13.3741
-5 17 -13.6465
-5 18 -13.8039
-5 19 -14.0363
-5 20 -14.3296
-5 21 -14.534
-5 22 -14.7863
-5 23 -14.9951
-5 24 -15.2217
-5 25 -15.428
-5 26 -15.6146
-5 27 -15.8454
-5 28 -16.0057
-5 29 -16.2519
-5 30 -16.3974
-5 31 -16.5796
-5 32 -16.7638
-5 33 -16.9115
-5 34 -17.0912
-5 35 -17.2499
-5 36 -17.4083
-5 37 -17.5993
-5 38 -17.6927
-5 39 -17.8894
-5 40 -18.0051
-4 -10 -9.55945
-4 -9 -9.52106
-4 -8 -9.48767
-4 -7 -9.48139
-4 -6 -9.44607
-4 -5 -9.44976
-4 -4 -9.43149
-4 -3 -9.3615
-4 -2 -9.3001
-4 -1 -9.31089
-4 0 -9.27353
-4 1 -9.25868
-4 2 -9.24439
-4 3 -9.45663
-4 4 -9.69151
-4 5 -10.0255
-4 6 -10.3432
-4 7 -10.6993
-4 8 -10.9057
-4 9 -11.3158
-4 10 -11.6227
-4 11 -11.8975
-4 12 -12.2827
-4 13 -12.527
-4 14 -12.815
-4 15 -13.048
-4 16 -13.3365
-4 17 -13.5789
-4 18 -13.8467
-4 19 -14.0612
-4 20 -14.329
-4 21 -14.5651
-4 22 -14.7797
-4 23 -14.9827
-4 24 -15.1649
-4 25 -15.3802
-4 26 -15.5892
-4 27 -15.8077
-4 28 -15.9657
-4 29 -16.1599
-4 30 -16.417
-4 31 -16.5814
-4 32 -16.71
-4 33 -16.9573
-4 34 -17.0875
-4 35 -17.2375
-4 36 -17.3899
-4 37 -17.5136
-4 38 -17.6998
-4 39 -17.8659
-4 40 -17.9683
-3 -10 -9.5291
-3 -9 -9.50761
-3 -8 -9.45882
-3 -7 -9.46189
-3 -6 -9.45915
-3 -5 -9.38759
-3 -4 -9.41577
-3 -3 -9.35979
-3 -2 -9.30416
-3 -1 -9.25709
-3 0 -9.2966
-3 1 -9.19868
-3 2 -9.25843
-3 3 -9.39603
-3 4 -9.68246
-3 5 -9.96487
-3 6 -10.2733
-3 7 -10.616
-3 8 -10.947
-3 9 -11.297
-3 10 -11.6451
-3 11 -11.8989
-3 12 -12.1676
-3 13 -12.4592
-3 14 -12.7931
-3 15 -12.998
-3 16 -13.3133
-3 17 -13.6747
-3 18 -13.8225
-3 19 -14.0714
-3 20 -14.2895
-3 21 -14.5459
-3 22 -14.6998
-3 23 -14.9571
-3 24 -15.1962
-3 25 -15.4375
-3 26 -15.6521
-3 27 -15.7585
-3 28 -15.9729
-3 29 -16.1823
-3 30 -16.3282
-3 31 -16.5372
-3 32 -16.7329
-3 33 -16.909
-3 34 -17.0613
-3 35 -17.2276
-3 36 -17.3696
-3 37 -17.5529
-3 38 -17.6677
-3 39 -17.796
-3 40 -17.9886
-2 -10 -9.54128
-2 -9 -9.49714
-2 -8 -9.47973
-2 -7 -9.43833
-2 -6 -9.45698
-2 -5 -9.43324
-2 -4 -9.38327
-2 -3 -9.34197
-2 -2 -9.34722
-2 -1 -9.27325
-2 0 -9.25364
-2 1 -9.26988
-2 2 -9.19585
-2 3 -9.33721
-2 4 -9.70381
-2 5 -9.96715
-2 6 -10.3364
-2 7 -10.5641
-2 8 -10.9615
-2 9 -11.2623
-2 10 -11.6179
-2 11 -11.8359
-2 12 -12.136
-2 13 -12.5217
-2 14 -12.7626
-2 15 -13.042
-2 16 -13.3222
-2 17 -13.5832
-2 18 -13.8568
-2 19 -14.1032
-2 20 -14.299
-2 21 -14.5328
-2 22 -14.7719
-2 23 -14.9632
-2 24 -15.1937
-2 25 -15.4143
-2 26 -15.6003
-2 27 -15.8269
-2 28 -15.9791
-2 29 -16.1873
-2 30 -16.3832
-2 31 -16.5174
-2 32 -16.7548
-2 33 -16.8736
-2 34 -17.0629
-2 35 -17.2441
-2 36 -17.387
-2 37 -17.5118
-2 38 -17.6804
-2 39 -17.8255
-2 40 -17.9874
-1 -10 -9.53624
-1 -9 -9.51486
-1 -8 -9.53332
-1 -7 -9.4875
-1 -6 -9.44619
-1 -5 -9.39356
-1 -4 -9.37511
-1 -3 -9.31884
-1 -2 -9.34553
-1 -1 -9.25475
-1 0 -9.29012
-1 1 -9.25193
-1 2 -9.20937
-1 3 -9.3653
-1 4 -9.58768
-1 5 -9.91482
-1 6 -10.2648
-1 7 -10.6427
-1 8 -10.9867
-1 9 -11.2226
-1 10 -11.5918
-1 11 -11.9428
-1 12 -12.181
-1 13 -12.4688
-1 14 -12.7611
-1 15 -13.0948
-1 16 -13.3234
-1 17 -13.6065
-1 18 -13.8469
-1 19 -14.0645
-1 20 -14.3244
-1 21 -14.5313
-1 22 -14.7753
-1 23 -14.9773
-1 24 -15.2105
-1 25 -15.3553
-1 26 -15.5929
-1 27 -15.818
-1 28 -16.0319
-1 29 -16.1721
-1 30 -16.3983
-1 31 -16.5764
-1 32 -16.7585
-1 33 -16.9126
-1 34 -17.061
-1 35 -17.2394
-1 36 -17.399
-1 37 -17.5579
-1 38 -17.6981
-1 39 -17.8229
-1 40 -17.9836
0 -10 -9.52144
0 -9 -9.49787
0 -8 -9.49099
0 -7 -9.45681
0 -6 -9.45149
0 -5 -9.40774
0 -4 -9.36486
0 -3 -9.4185
0 -2 -9.34713
0 -1 -9.32489
0 0 -9.30972
0 1 -9.2521
0 2 -9.19144
0 3 -9.38209
0 4 -9.67115
0 5 -9.95804
0 6 -10.2731
0 7 -10.6239
0 8 -10.9477
0 9 -11.2631
0 10 -11.597
0 11 -11.9468
0 12 -12.171
0 13 -12.4994
0 14 -12.7753
0 15 -13.0808
0 16 -13.3546
0 17 -13.5517
0 18 -13.8102
0 19 -14.0327
0 20 -14.3147
0 21 -14.5372
0 22 -14.7867
0 23 -14.9929
0 24 -15.2357
0 25 -15.4139
0 26 -15.5951
0 27 -15.8392
0 28 -16.0321
0 29 -16.2248
0 30 -16.4209
0 31 -16.5588
0 32 -16.7379
0 33 -16.948
0 34 -17.0855
0 35 -17.2753
0 36 -17.411
0 37 -17.561
0 38 -17.7068
0 39 -17.8988
0 40 -18.015
1 -10 -9.60595
1 -9 -9.60525
1 -8 -9.54968
1 -7 -9.5162
1 -6 -9.47245
1 -5 -9.42348
1 -4 -9.3885
1 -3 -9.39768
1 -2 -9.42274
1 -1 -9.30448
1 0 -9.29431
1 1 -9.23993
1 2 -9.21212
1 3 -9.42286
1 4 -9.63804
1 5 -9.94464
1 6 -10.3952
1 7 -10.5384
1 8 -10.9857
1 9 -11.2626
1 10 -11.6321
1 11 -11.9091
1 12 -12.2694
1 13 -12.582
1 14 -12.7948
1 15 -13.0259
1 16 -13.3324
1 17 -13.623
1 18 -13.9039
1 19 -14.0864
1 20 -14.3065
1 21 -14.5678
1 22 -14.7834
1 23 -14.9886
1 24 -15.2174
1 25 -15.446
1 26 -15.6209
1 27 -15.8768
1 28 -16.0465
1 29 -16.2373
1 30 -16.44
1 31 -16.6036
1 32 -16.7788
1 33 -16.9638
1 34 -17.1299
1 35 -17.3044
1 36 -17.4031
1 37 -17.5893
1 38 -17.7351
1 39 -17.8846
1 40 -18.0055
2 -10 -9.59732
2 -9 -9.62273
2 -8 -9.5923
2 -7 -9.55592
2 -6 -9.48813
2 -5 -9.47241
2 -4 -9.45874
2 -3 -9.42385
2 -2 -9.38386
2 -1 -9.362
2 0 -9.31659
2 1 -9.22335
2 2 -9.25706
2 3 -9.41656
2 4 -9.70001
2 5 -10.0432
2 6 -10.341
2 7 -10.6999
2 8 -10.995
2 9 -11.2986
2 10 -11.6526
2 11 -11.9461
2 12 -12.2595
2 13 -12.6053
2 14 -12.8259
2 15 -13.1104
2 16 -13.353
2 17 -13.6705
2 18 -13.8689
2 19 -14.0978
2 20 -14.3794
2 21 -14.5798
2 22 -14.8849
2 23 -15.0662
2 24 -15.2595
2 25 -15.5118
2 26 -15.7049
2 27 -15.9137
2 28 -16.071
2 29 -16.2489
2 30 -16.4641
2 31 -16.6295
2 32 -16.8227
2 33 -16.9926
2 34 -17.1556
2 35 -17.2863
2 36 -17.4996
2 37 -17.6318
2 38 -17.7873
2 39 -17.8949
2 40 -18.052
3 -10 -9.66736
3 -9 -9.62778
3 -8 -9.61161
3 -7 -9.57036
3 -6 -9.56698
3 -5 -9.54127
3 -4 -9.53051
3 -3 -9.50158
3 -2 -9.41439
3 -1 -9.3822
3 0 -9.36442
3 1 -9.24981
3 2 -9.30987
3 3 -9.48761
3 4 -9.73167
3 5 -10.1176
3 6 -10.4559
3 7 -10.6898
3 8 -11.0602
3 9 -11.3479
3 10 -11.7132
3 11 -11.9877
3 12 -12.3038
3 13 -12.5582
3 14 -12.8541
3 15 -13.2017
3 16 -13.4335
3 17 -13.7042
3 18 -13.9081
3 19 -14.1847
3 20 -14.3944
3 21 -14.7121
3 22 -14.9374
3 23 -15.0873
3 24 -15.3263
3 25 -15.5615
3 26 -15.7746
3 27 -15.9535
3 28 -16.186
3 29 -16.3079
3 30 -16.4766
3 31 -16.674
3 32 -16.8345
3 33 -17.0571
3 34 -17.225
3 35 -17.3693
3 36 -17.4982
3 37 -17.6783
3 38 -17.8161
3 39 -17.9536
3 40 -18.1067
4 -10 -9.68489
4 -9 -9.67868
4 -8 -9.68873
4 -7 -9.63978
4 -6 -9.61516
4 -5 -9.56281
4 -4 -9.55377
4 -3 -9.44592
4 -2 -9.42033
4 -1 -9.40711
4 0 -9.44262
4 1 -9.38094
4 2 -9.41016
4 3 -9.54602
4 4 -9.80937
4 5 -10.1341
4 6 -10.4657
4 7 -10.7458
4 8 -11.0728
4 9 -11.4438
4 10 -11.7339
4 11 -12.0787
4 12 -12.3011
4 13 -12.6924
4 14 -12.9441
4 15 -13.1472
4 16 -13.4698
4 17 -13.7317
4 18 -14.0107
4 19 -14.2048
4 20 -14.4274
4 21 -14.714
4 22 -14.9406
4 23 -15.1176
4 24 -15.3767
4 25 -15.5525
4 26 -15.7423
4 27 -16.0024
4 28 -16.1226
4 29 -16.3965
4 30 -16.5519
4 31 -16.7704
4 32 -16.9102
4 33 -17.0631
4 34 -17.2074
4 35 -17.4126
4 36 -17.5692
4 37 -17.7596
4 38 -17.8719
4 39 -18.0328
4 40 -18.1644
5 -10 -9.76027
5 -9 -9.708
5 -8 -9.73549
5 -7 -9.66793
5 -6 -9.63856
5 -5 -9.58646
5 -4 -9.62589
5 -3 -9.53827
5 -2 -9.50594
5 -1 -9.45226
5 0 -9.42724
5 1 -9.41595
5 2 -9.39754
5 3 -9.57816
5 4 -9.85141
5 5 -10.1549
5 6 -10.5573
5 7 -10.8033
5 8 -11.1742
5 9 -11.4997
5 10 -11.8233
5 11 -12.1129
5 12 -12.4217
5 13 -12.7002
5 14 -12.9647
5 15 -13.2358
5 16 -13.5098
5 17 -13.7828
5 18 -14.0178
5 19 -14.2598
5 20 -14.5244
5 21 -14.7272
5 22 -14.9565
5 23 -15.209
5 24 -15.4238
5 25 -15.6191
5 26 -15.8205
5 27 -16.0265
5 28 -16.2375
5 29 -16.4355
5 30 -16.6096
5 31 -16.7587
5 32 -16.9645
5 33 -17.1224
5 34 -17.3152
5 35 -17.4573
5 36 -17.618
5 37 -17.751
5 38 -17.9287
5 39 -18.0855
5 40 -18.1714
6 -10 -9.80149
6 -9 -9.76477
6 -8 -9.75064
6 -7 -9.72115
6 -6 -9.71262
6 -5 -9.6366
6 -4 -9.63448
6 -3 -9.6049
6 -2 -9.54848
6 -1 -9.59557
6 0 -9.47619
6 1 -9.40197
6 2 -9.46135
6 3 -9.66344
6 4 -9.93112
6 5 -10.2026
6 6 -10.5375
6 7 -10.8889
6 8 -11.1912
6 9 -11.5179
6 10 -11.81
6 11 -12.1411
6 12 -12.4581
6 13 -12.7423
6 14 -13.0424
6 15 -13.2852
6 16 -13.5547
6 17 -13.8239
6 18 -14.0444
6 19 -14.3309
6 20 -14.5423
6 21 -14.8074
6 22 -15.0101
6 23 -15.226
6 24 -15.5202
6 25 -15.6864
6 26 -15.8417
6 27 -16.0403
6 28 -16.2652
6 29 -16.4497
6 30 -16.6561
6 31 -16.8231
6 32 -17.0173
6 33 -17.1834
6 34 -17.3409
6 35 -17.5399
6 36 -17.6506
6 37 -17.8222
6 38 -17.9879
6 39 -18.1394
6 40 -18.267
7 -10 -9.86678
7 -9 -9.79472
7 -8 -9.7954
7 -7 -9.77068
7 -6 -9.75789
7 -5 -9.6833
7 -4 -9.66047
7 -3 -9.67073
7 -2 -9.65376
7 -1 -9.54951
7 0 -9.52413
7 1 -9.44029
7 2 -9.49007
7 3 -9.67064
7 4 -9.95906
7 5 -10.2352
7 6 -10.5862
7 7 -10.9533
7 8 -11.2141
7 9 -11.5773
7 10 -11.8854
7 11 -12.1643
7 12 -12.5071
7 13 -12.7837
7 14 -13.109
7 15 -13.3257
7 16 -13.6173
7 17 -13.8747
7 18 -14.1312
7 19 -14.3562
7 20 -14.5939
7 21 -14.8225
7 22 -15.0552
7 23 -15.2746
7 24 -15.5337
7 25 -15.719
7 26 -15.9609
7 27 -16.073
7 28 -16.3288
7 29 -16.4953
7 30 -16.6692
7 31 -16.9015
7 32 -17.0521
7 33 -17.1821
7 34 -17.4054
7 35 -17.5792
7 36 -17.6953
7 37 -17.8769
7 38 -18.001
7 39 -18.1783
7 40 -18.3147
8 -10 -9.89306
8 -9 -9.8774
8 -8 -9.82236
8 -7 -9.84617
8 -6 -9.76352
8 -5 -9.77817
8 -4 -9.73004
8 -3 -9.70029
8 -2 -9.65943
8 -1 -9.66695
8 0 -9.59674
8 1 -9.48047
8 2 -9.54614
8 3 -9.6966
8 4 -9.95866
8 5 -10.2915
8 6 -10.5755
8 7 -10.9722
8 8 -11.3283
8 9 -11.6324
8 10 -11.9198
8 11 -12.2421
8 12 -12.5396
8 13 -12.8226
8 14 -13.1057
8 15 -13.3815
8 16 -13.6438
8 17 -13.8968
8 18 -14.1294
8 19 -14.3933
8 20 -14.6806
8 21 -14.8637
8 22 -15.1259
8 23 -15.3294
8 24 -15.5587
8 25 -15.757
8 26 -15.946
8 27 -16.196
8 28 -16.3634
8 29 -16.5526
8 30 -16.7631
8 31 -16.9427
8 32 -17.0902
8 33 -17.267
8 34 -17.4441
8 35 -17.6169
8 36 -17.7776
8 37 -17.9058
8 38 -18.0736
8 39 -18.2284
8 40 -18.3522
9 -10 -9.92344
9 -9 -9.89604
9 -8 -9.90259
9 -7 -9.85826
9 -6 -9.8048
9 -5 -9.81041
9 -4 -9.7792
9 -3 -9.76109
9 -2 -9.67907
9 -1 -9.64258
9 0 -9.60603
9 1 -9.6152
9 2 -9.57351
9 3 -9.72658
9 4 -10.0155
9 5 -10.3574
9 6 -10.6698
9 7 -10.996
9 8 -11.3003
9 9 -11.6314
9 10 -11.9525
9 11 -12.245
9 12 -12.5868
9 13 -12.8187
9 14 -13.1931
9 15 -13.4092
9 16 -13.7067
9 17 -13.9548
9 18 -14.1987
9 19 -14.4703
9 20 -14.6805
9 21 -14.9303
9 22 -15.1733
9 23 -15.3593
9 24 -15.6082
9 25 -15.8053
9 26 -16.0118
9 27 -16.1954
9 28 -16.4307
9 29 -16.6257
9 30 -16.8282
9 31 -16.954
9 32 -17.145
9 33 -17.3303
9 34 -17.5326
9 35 -17.637
9 36 -17.8154
9 37 -17.963
9 38 -18.0854
9 39 -18.2656
9 40 -18.4082
10 -10 -9.97655
10 -9 -9.96284
10 -8 -9.96968
10 -7 -9.9118
10 -6 -9.85069
10 -5 -9.83068
10 -4 -9.79437
10 -3 -9.72369
10 -2 -9.70804
10 -1 -9.72053
10 0 -9.66757
10 1 -9.62149
10 2 -9.68224
10 3 -9.78188
10 4 -10.0798
10 5 -10.3468
10 6 -10.7013
10 7 -11.0578
10 8 -11.373
10 9 -11.6599
10 10 -12.0285
10 11 -12.3224
10 12 -12.6524
10 13 -12.918
10 14 -13.1971
10 15 -13.4761
10 16 -13.7003
10 17 -14.0544
10 18 -14.2483
10 19 -14.4872
10 20 -14.7496
10 21 -14.9782
10 22 -15.2199
10 23 -15.4262
10 24 -15.6249
10 25 -15.81
10 26 -16.0491
10 27 -16.2689
10 28 -16.4231
10 29 -16.6104
10 30 -16.8552
10 31 -17.0171
10 32 -17.2008
10 33 -17.3445
10 34 -17.5287
10 35 -17.7094
10 36 -17.8703
10 37 -17.9846
10 38 -18.1592
10 39 -18.3233
10 40 -18.4648
11 -10 -10.0077
11 -9 -9.98571
11 -8 -9.98132
11 -7 -9.94141
11 -6 -9.89462
11 -5 -9.88144
11 -4 -9.8447
11 -3 -9.8183
11 -2 -9.73752
11 -1 -9.71194
11 0 -9.67032
11 1 -9.68358
11 2 -9.67432
11 3 -9.84473
11 4 -10.1149
11 5 -10.4016
11 6 -10.7033
11 7 -11.0705
11 8 -11.4444
11 9 -11.7464
11 10 -12.0518
11 11 -12.3597
11 12 -12.6755
11 13 -12.967
11 14 -13.2242
11 15 -13.5634
11 16 -13.7711
11 17 -14.049
11 18 -14.3085
11 19 -14.533
11 20 -14.742
11 21 -15.0177
11 22 -15.2512
11 23 -15.4771
11 24 -15.6732
11 25 -15.8593
11 26 -16.0956
11 27 -16.276
11 28 -16.4616
11 29 -16.6719
11 30 -16.8768
11 31 -17.0327
11 32 -17.2446
11 33 -17.3805
11 34 -17.5845
11 35 -17.7031
11 36 -17.8912
11 37 -18.0193
11 38 -18.2014
11 39 -18.3326
11 40 -18.4608
12 -10 -10.0537
12 -9 -9.99373
12 -8 -10.0053
12 -7 -9.96353
12 -6 -9.92741
12 -5 -9.9223
12 -4 -9.87843
12 -3 -9.87993
12 -2 -9.77989
12 -1 -9.767
12 0 -9.76649
12 1 -9.7143
12 2 -9.74614
12 3 -9.89622
12 4 -10.128
12 5 -10.4546
12 6 -10.7807
12 7 -11.1043
12 8 -11.4714
12 9 -11.7372
12 10 -12.0673
12 11 -12.4158
12 12 -12.725
12 13 -12.96
12 14 -13.2687
12 15 -13.5276
12 16 -13.7949
12 17 -14.0998
12 18 -14.3282
12 19 -14.5417
12 20 -14.8234
12 21 -15.0327
12 22 -15.2367
12 23 -15.497
12 24 -15.708
12 25 -15.8991
12 26 -16.1626
12 27 -16.3746
12 28 -16.5008
12 29 -16.695
12 30 -16.8968
12 31 -17.0974
12 32 -17.2427
12 33 -17.4247
12 34 -17.5837
12 35 -17.7509
12 36 -17.9238
12 37 -18.0942
12 38 -18.2175
12 39 -18.3618
12 40 -18.5012
13 -10 -10.1166
13 -9 -10.0815
13 -8 -10.0528
13 -7 -9.9899
13 -6 -9.97839
13 -5 -9.97199
13 -4 -9.93471
13 -3 -9.88329
13 -2 -9.83314
13 -1 -9.80335
13 0 -9.78729
13 1 -9.71491
13 2 -9.75708
13 3 -9.89655
13 4 -10.1598
13 5 -10.5127
13 6 -10.7965
13 7 -11.1677
13 8 -11.4752
13 9 -11.7809
13 10 -12.164
13 11 -12.4351
13 12 -12.7266
13 13 -13.0567
13 14 -13.3368
13 15 -13.5839
13 16 -13.8689
13 17 -14.0928
13 18 -14.349
13 19 -14.589
13 20 -14.8098
13 21 -15.0769
13 22 -15.3286
13 23 -15.5152
13 24 -15.7774
13 25 -15.9862
13 26 -16.1521
13 27 -16.3768
13 28 -16.5644
13 29 -16.7554
13 30 -16.9305
13 31 -17.1104
13 32 -17.2913
13 33 -17.4856
13 34 -17.6408
13 35 -17.8192
13 36 -17.9397
13 37 -18.0847
13 38 -18.2691
13 39 -18.3798
13 40 -18.5355
14 -10 -10.1396
14 -9 -10.1058
14 -8 -10.0576
14 -7 -10.0321
14 -6 -9.98902
14 -5 -10.0073
14 -4 -9.97425
14 -3 -9.90732
14 -2 -9.87895
14 -1 -9.80129
14 0 -9.76312
14 1 -9.76311
14 2 -9.74554
14 3 -9.96872
14 4 -10.2339
14 5 -10.5287
14 6 -10.8294
14 7 -11.1516
14 8 -11.5077
14 9 -11.8822
14 10 -12.1521
14 11 -12.4398
14 12 -12.7565
14 13 -13.0429
14 14 -13.3083
14 15 -13.5788
14 16 -13.8894
14 17 -14.141
14 18 -14.4065
14 19 -14.615
14 20 -14.8998
14 21 -15.1203
14 22 -15.3478
14 23 -15.5544
14 24 -15.7853
14 25 -16.0186
14 26 -16.225
14 27 -16.4119
14 28 -16.5809
14 29 -16.7765
14 30 -16.9565
14 31 -17.1459
14 32 -17.3399
14 33 -17.4902
14 34 -17.6497
14 35 -17.7893
14 36 -17.9796
14 37 -18.1305
14 38 -18.303
14 39 -18.4516
14 40 -18.5651
15 -10 -10.1305
15 -9 -10.139
15 -8 -10.0838
15 -7 -10.0307
15 -6 -10.0348
15 -5 -10.0038
15 -4 -9.97426
15 -3 -9.94356
15 -2 -9.91585
15 -1 -9.84013
15 0 -9.82582
15 1 -9.79969
15 2 -9.81216
15 3 -9.95663
15 4 -10.2526
15 5 -10.5649
15 6 -10.8766
15 7 -11.2208
15 8 -11.5297
15 9 -11.8644
15 10 -12.1745
15 11 -12.5325
15 12 -12.7645
15 13 -13.088
15 14 -13.3549
15 15 -13.6431
15 16 -13.9162
15 17 -14.2022
15 18 -14.4063
15 19 -14.7096
15 20 -14.8938
15 21 -15.1606
15 22 -15.3768
15 23 -15.6116
15 24 -15.8135
15 25 -16.0352
15 26 -16.2625
15 27 -16.4483
15 28 -16.6436
15 29 -16.7915
15 30 -16.979
15 31 -17.1985
15 32 -17.3428
15 33 -17.559
15 34 -17.7292
15 35 -17.8733
15 36 -18.0148
15 37 -18.2091
15 38 -18.3108
15 39 -18.4918
15 40 -18.5775
16 -10 -10.1618
16 -9 -10.1441
16 -8 -10.1325
16 -7 -10.0825
16 -6 -10.0784
16 -5 -10.0061
16 -4 -9.98154
16 -3 -9.94258
16 -2 -9.96846
16 -1 -9.91469
16 0 -9.85166
16 1 -9.80798
16 2 -9.82966
16 3 -9.96737
16 4 -10.241
16 5 -10.5677
16 6 -10.91
16 7 -11.2457
16 8 -11.5546
16 9 -11.935
16 10 -12.2286
16 11 -12.5402
16 12 -12.8316
16 13 -13.1118
16 14 -13.394
16 15 -13.6929
16 16 -13.9516
16 17 -14.2215
16 18 -14.467
16 19 -14.7046
16 20 -14.9312
16 21 -15.1636
16 22 -15.4035
16 23 -15.6171
16 24 -15.8315
16 25 -16.0441
16 26 -16.2287
16 27 -16.4802
16 28 -16.6433
16 29 -16.8246
16 30 -17.031
16 31 -17.2098
16 32 -17.3726
16 33 -17.5518
16 34 -17.7423
16 35 -17.8824
16 36 -18.0302
16 37 -18.1931
16 38 -18.3469
16 39 -18.5066
16 40 -18.6483
17 -10 -10.2028
17 -9 -10.178
17 -8 -10.1515
17 -7 -10.13
17 -6 -10.111
17 -5 -10.0955
17 -4 -10.0573
17 -3 -9.99458
17 -2 -9.96088
17 -1 -9.9499
17 0 -9.91006
17 1 -9.83924
17 2 -9.84309
17 3 -10.039
17 4 -10.2863
17 5 -10.613
17 6 -10.9602
17 7 -11.2686
17 8 -11.6404
17 9 -11.9392
17 10 -12.2685
17 11 -12.528
17 12 -12.8408
17 13 -13.1511
17 14 -13.397
17 15 -13.7018
17 16 -13.9764
17 17 -14.2599
17 18 -14.4722
17 19 -14.7048
17 20 -14.9817
17 21 -15.1886
17 22 -15.4208
17 23 -15.6388
17 24 -15.8773
17 25 -16.07
17 26 -16.294
17 27 -16.48
17 28 -16.6859
17 29 -16.8712
17 30 -17.0525
17 31 -17.2257
17 32 -17.418
17 33 -17.588
17 34 -17.7611
17 35 -17.9073
17 36 -18.0713
17 37 -18.2322
17 38 -18.361
17 39 -18.5104
17 40 -18.6532
18 -10 -10.2291
18 -9 -10.1846
18 -8 -10.1733
18 -7 -10.1361
18 -6 -10.1047
18 -5 -10.1356
18 -4 -10.0648
18 -3 -10.0438
18 -2 -9.97374
18 -1 -9.95458
18 0 -9.89888
18 1 -9.89277
18 2 -9.85852
18 3 -10.0387
18 4 -10.3442
18 5 -10.6427
18 6 -10.9745
18 7 -11.2736
18 8 -11.6489
18 9 -11.9662
18 10 -12.2541
18 11 -12.587
18 12 -12.8814
18 13 -13.1836
18 14 -13.4484
18 15 -13.729
18 16 -13.997
18 17 -14.2584
18 18 -14.5
18 19 -14.7615
18 20 -14.9904
18 21 -15.2326
18 22 -15.4551
18 23 -15.6864
18 24 -15.8996
18 25 -16.0875
18 26 -16.2935
18 27 -16.529
18 28 -16.689
18 29 -16.8812
18 30 -17.0769
18 31 -17.2675
18 32 -17.4392
18 33 -17.6024
18 34 -17.7744
18 35 -17.9142
18 36 -18.1044
18 37 -18.2652
18 38 -18.3982
18 39 -18.548
18 40 -18.6865
19 -10 -10.2339
19 -9 -10.2321
19 -8 -10.177
19 -7 -10.1771
19 -6 -10.1595
19 -5 -10.1396
19 -4 -10.1241
19 -3 -10.0723
19 -2 -10.0167
19 -1 -9.97627
19 0 -9.96135
19 1 -9.8907
19 2 -9.90659
19 3 -10.0531
19 4 -10.3145
19 5 -10.6226
19 6 -10.9837
19 7 -11.2849
19 8 -11.6119
19 9 -11.9831
19 10 -12.3064
19 11 -12.6093
19 12 -12.9028
19 13 -13.1726
19 14 -13.4696
19 15 -13.7811
19 16 -14.0426
19 17 -14.3026
19 18 -14.5225
19 19 -14.7618
19 20 -15.0449
19 21 -15.2011
19 22 -15.4531
19 23 -15.7155
19 24 -15.937
19 25 -16.131
19 26 -16.3362
19 27 -16.5182
19 28 -16.7173
19 29 -16.9229
19 30 -17.1173
19 31 -17.2757
19 32 -17.4621
19 33 -17.6655
19 34 -17.8003
19 35 -17.9547
19 36 -18.1059
19 37 -18.2905
19 38 -18.4237
19 39 -18.5844
19 40 -18.7233
20 -10 -10.2811
20 -9 -10.25
20 -8 -10.2082
20 -7 -10.193
20 -6 -10.1664
20 -5 -10.1484
20 -4 -10.1135
20 -3 -10.1049
20 -2 -10.0441
20 -1 -9.99351
20 0 -9.95692
20 1 -9.95266
20 2 -9.95651
20 3 -10.0727
20 4 -10.3127
20 5 -10.6597
20 6 -11.0367
20 7 -11.3123
20 8 -11.7262
20 9 -12.0059
20 10 -12.3532
20 11 -12.636
20 12 -12.9697
20 13 -13.2227
20 14 -13.4937
20 15 -13.7898
20 16 -14.0489
20 17 -14.2744
20 18 -14.5542
20 19 -14.8087
20 20 -15.0347
20 21 -15.2605
20 22 -15.5139
20 23 -15.7258
20 24 -15.9107
20 25 -16.1245
20 26 -16.3517
20 27 -16.5509
20 28 -16.7683
20 29 -16.933
20 30 -17.1499
20 31 -17.318
20 32 -17.4553
20 33 -17.6914
20 34 -17.8213
20 35 -17.9974
20 36 -18.1636
20 37 -18.3241
20 38 -18.4529
20 39 -18.6023
20 40 -18.735
21 -10 -10.2837
21 -9 -10.2579
21 -8 -10.2302
21 -7 -10.2265
21 -6 -10.1776
21 -5 -10.1874
21 -4 -10.1328
21 -3 -10.1167
21 -2 -10.0384
21 -1 -10.0248
21 0 -10.0028
21 1 -9.9478
21 2 -9.95019
21 3 -10.1348
21 4 -10.3956
21 5 -10.7448
21 6 -11.0205
21 7 -11.3736
21 8 -11.7072
21 9 -12.0041
21 10 -12.3567
21 11 -12.6571
21 12 -12.9643
21 13 -13.2591
21 14 -13.5323
21 15 -13.8097
21 16 -14.0985
21 17 -14.3432
21 18 -14.5881
21 19 -14.8648
21 20 -15.0463
21 21 -15.2866
21 22 -15.4802
21 23 -15.7602
21 24 -15.9658
21 25 -16.1656
21 26 -16.4181
21 27 -16.5875
21 28 -16.7623
21 29 -16.9725
21 30 -17.1563
21 31 -17.3575
21 32 -17.5166
21 33 -17.6779
21 34 -17.856
21 35 -18.0449
21 36 -18.1726
21 37 -18.3275
21 38 -18.4788
21 39 -18.6136
21 40 -18.79
22 -10 -10.337
22 -9 -10.2892
22 -8 -10.2673
22 -7 -10.2264
22 -6 -10.2283
22 -5 -10.1657
22 -4 -10.1533
22 -3 -10.1133
22 -2 -10.0966
22 -1 -10.0703
22 0 -10.0039
22 1 -9.97106
22 2 -9.99059
22 3 -10.1452
22 4 -10.4468
22 5 -10.7042
22 6 -11.0276
22 7 -11.3836
22 8 -11.7162
22 9 -12.0353
22 10 -12.3592
22 11 -12.6872
22 12 -12.9819
22 13 -13.293
22 14 -13.5707
22 15 -13.8323
22 16 -14.0823
22 17 -14.3536
22 18 -14.6208
22 19 -14.8508
22 20 -15.0674
22 21 -15.3389
22 22 -15.5529
22 23 -15.7806
22 24 -15.9856
22 25 -16.1662
22 26 -16.4182
22 27 -16.6255
22 28 -16.8034
22 29 -16.9991
22 30 -17.1704
22 31 -17.3777
22 32 -17.5589
22 33 -17.6973
22 34 -17.8939
22 35 -18.0526
22 36 -18.2113
22 37 -18.3565
22 38 -18.5099
22 39 -18.6551
22 40 -18.7584
23 -10 -10.3501
23 -9 -10.3162
23 -8 -10.2833
23 -7 -10.2377
23 -6 -10.2506
23 -5 -10.2125
23 -4 -10.2251
23 -3 -10.152
23 -2 -10.0899
23 -1 -10.076
23 0 -10.0446
23 1 -9.9857
23 2 -9.98889
23 3 -10.1667
23 4 -10.4505
23 5 -10.7475
23 6 -11.1066
23 7 -11.3982
23 8 -11.738
23 9 -12.1003
23 10 -12.3954
23 11 -12.7079
23 12 -13.0222
23 13 -13.2916
23 14 -13.5622
23 15 -13.8746
23 16 -14.11
23 17 -14.3859
23 18 -14.6338
23 19 -14.8893
23 20 -15.1137
23 21 -15.3327
23 22 -15.5469
23 23 -15.7978
23 24 -16.0203
23 25 -16.2249
23 26 -16.3976
23 27 -16.6249
23 28 -16.7901
23 29 -16.9982
23 30 -17.1973
23 31 -17.3968
23 32 -17.5361
23 33 -17.7288
23 34 -17.8926
23 35 -18.0566
23 36 -18.2162
23 37 -18.3986
23 38 -18.5239
23 39 -18.6952
23 40 -18.8433
24 -10 -10.3635
24 -9 -10.3254
24 -8 -10.3136
24 -7 -10.2819
24 -6 -10.2805
24 -5 -10.2394
24 -4 -10.2065
24 -3 -10.1936
24 -2 -10.1041
24 -1 -10.0862
24 0 -10.0591
24 1 -10.0014
24 2 -10.0355
24 3 -10.1838
24 4 -10.4391
24 5 -10.781
24 6 -11.1002
24 7 -11.4601
24 8 -11.7567
24 9 -12.0901
24 10 -12.3973
24 11 -12.7168
24 12 -13.018
24 13 -13.2904
24 14 -13.6046
24 15 -13.8786
24 16 -14.1008
24 17 -14.3704
24 18 -14.6692
24 19 -14.8964
24 20 -15.1541
24 21 -15.3776
24 22 -15.5857
24 23 -15.7979
24 24 -16.03
24 25 -16.2273
24 26 -16.4379
24 27 -16.6468
24 28 -16.8393
24 29 -17.0275
24 30 -17.2182
24 31 -17.4076
24 32 -17.571
24 33 -17.7757
24 34 -17.8996
24 35 -18.0823
24 36 -18.238
24 37 -18.3891
24 38 -18.5505
24 39 -18.6876
24 40 -18.8291
25 -10 -10.3639
25 -9 -10.3586
25 -8 -10.3292
25 -7 -10.2992
25 -6 -10.2984
25 -5 -10.264
25 -4 -10.2452
25 -3 -10.1644
25 -2 -10.1473
25 -1 -10.0828
25 0 -10.1135
25 1 -10.0402
25 2 -10.0436
25 3 -10.2091
25 4 -10.4639
25 5 -10.788
25 6 -11.0767
25 7 -11.4956
25 8 -11.7887
25 9 -12.1411
25 10 -12.4365
25 11 -12.7742
25 12 -13.0298
25 13 -13.3429
25 14 -13.6265
25 15 -13.8597
25 16 -14.1598
25 17 -14.4111
25 18 -14.6465
25 19 -14.9214
25 20 -15.1275
25 21 -15.3799
25 22 -15.6201
25 23 -15.8459
25 24 -16.0417
25 25 -16.2385
25 26 -16.4432
25 27 -16.6657
25 28 -16.8372
25 29 -17.0314
25 30 -17.2387
25 31 -17.4537
25 32 -17.6272
25 33 -17.7628
25 34 -17.9308
25 35 -18.1123
25 36 -18.2811
25 37 -18.4122
25 38 -18.5917
25 39 -18.7344
25 40 -18.832
26 -10 -10.4173
26 -9 -10.3853
26 -8 -10.3463
26 -7 -10.3503
26 -6 -10.3012
26 -5 -10.2949
26 -4 -10.2312
26 -3 -10.2073
26 -2 -10.1774
26 -1 -10.1237
26 0 -10.078
26 1 -10.089
26 2 -10.0606
26 3 -10.1911
26 4 -10.5213
26 5 -10.8213
26 6 -11.1538
26 7 -11.4825
26 8 -11.8054
26 9 -12.1494
26 10 -12.476
26 11 -12.784
26 12 -13.0325
26 13 -13.3582
26 14 -13.6343
26 15 -13.905
26 16 -14.1301
26 17 -14.4388
26 18 -14.6623
26 19 -14.9317
26 20 -15.1524
26 21 -15.4111
26 22 -15.6342
26 23 -15.8567
26 24 -16.0994
26 25 -16.279
26 26 -16.4636
26 27 -16.6867
26 28 -16.8921
26 29 -17.0898
26 30 -17.2691
26 31 -17.4349
26 32 -17.6167
26 33 -17.7952
26 34 -17.9567
26 35 -18.1237
26 36 -18.2845
26 37 -18.4175
26 38 -18.5886
26 39 -18.731
26 40 -18.8722
27 -10 -10.3942
27 -9 -10.3672
27 -8 -10.3439
27 -7 -10.3361
27 -6 -10.3204
27 -5 -10.333
27 -4 -10.2697
27 -3 -10.2247
27 -2 -10.1886
27 -1 -10.1364
27 0 -10.1354
27 1 -10.073
27 2 -10.0667
27 3 -10.2553
27 4 -10.5693
27 5 -10.8139
27 6 -11.1724
27 7 -11.5089
27 8 -11.8454
27 9 -12.1493
27 10 -12.4319
27 11 -12.799
27 12 -13.0712
27 13 -13.3603
27 14 -13.6513
27 15 -13.9027
27 16 -14.2055
27 17 -14.4264
27 18 -14.698
27 19 -14.9475
27 20 -15.2011
27 21 -15.4122
27 22 -15.6601
27 23 -15.8754
27 24 -16.0904
27 25 -16.3022
27 26 -16.5381
27 27 -16.7013
27 28 -16.8972
27 29 -17.1038
27 30 -17.3018
27 31 -17.4276
27 32 -17.6333
27 33 -17.792
27 34 -17.9898
27 35 -18.1441
27 36 -18.272
27 37 -18.4554
27 38 -18.5811
27 39 -18.7454
27 40 -18.8841
28 -10 -10.4412
28 -9 -10.4093
28 -8 -10.354
28 -7 -10.3498
28 -6 -10.3179
28 -5 -10.3031
28 -4 -10.296
28 -3 -10.2215
28 -2 -10.1944
28 -1 -10.163
28 0 -10.1383
28 1 -10.0669
28 2 -10.0959
28 3 -10.2539
28 4 -10.5107
28 5 -10.8556
28 6 -11.1901
28 7 -11.5157
28 8 -11.8601
28 9 -12.1904
28 10 -12.4929
28 11 -12.8167
28 12 -13.1253
28 13 -13.3812
28 14 -13.658
28 15 -13.97
28 16 -14.1913
28 17 -14.454
28 18 -14.7239
28 19 -14.9876
28 20 -15.2172
28 21 -15.4669
28 22 -15.6848
28 23 -15.9118
28 24 -16.0839
28 25 -16.3417
28 26 -16.5317
28 27 -16.7333
28 28 -16.9268
28 29 -17.1104
28 30 -17.3054
28 31 -17.4588
28 32 -17.6334
28 33 -17.8127
28 34 -18.009
28 35 -18.1655
28 36 -18.3068
28 37 -18.4898
28 38 -18.5979
28 39 -18.7763
28 40 -18.911
29 -10 -10.4541
29 -9 -10.4327
29 -8 -10.3847
29 -7 -10.3574
29 -6 -10.3478
29 -5 -10.317
29 -4 -10.314
29 -3 -10.2661
29 -2 -10.2299
29 -1 -10.1823
29 0 -10.1556
29 1 -10.1193
29 2 -10.1456
29 3 -10.2696
29 4 -10.5116
29 5 -10.858
29 6 -11.1671
29 7 -11.5241
29 8 -11.864
29 9 -12.1923
29 10 -12.5198
29 11 -12.8143
29 12 -13.1341
29 13 -13.432
29 14 -13.7062
29 15 -13.9681
29 16 -14.2175
29 17 -14.46
29 18 -14.7397
29 19 -15.0296
29 20 -15.2318
29 21 -15.4795
29 22 -15.6987
29 23 -15.9011
29 24 -16.1429
29 25 -16.3292
29 26 -16.5532
29 27 -16.715
29 28 -16.9433
29 29 -17.1237
29 30 -17.3103
29 31 -17.4826
29 32 -17.6891
29 33 -17.8549
29 34 -18.0125
29 35 -18.1775
29 36 -18.3337
29 37 -18.5018
29 38 -18.6519
29 39 -18.8069
29 40 -18.9211
30 -10 -10.4442
30 -9 -10.441
30 -8 -10.4229
30 -7 -10.3921
30 -6 -10.3573
30 -5 -10.3573
30 -4 -10.3212
30 -3 -10.2957
30 -2 -10.2263
30 -1 -10.1889
30 0 -10.1729
30 1 -10.1309
30 2 -10.1446
30 3 -10.3063
30 4 -10.545
30 5 -10.8571
30 6 -11.2189
30 7 -11.515
30 8 -11.8831
30 9 -12.2101
30 10 -12.5332
30 11 -12.8273
30 12 -13.1196
30 13 -13.4127
30 14 -13.7151
30 15 -13.9828
30 16 -14.2272
30 17 -14.5002
30 18 -14.7351
30 19 -14.9974
30 20 -15.2341
30 21 -15.4456
30 22 -15.6941
30 23 -15.9199
30 24 -16.1141
30 25 -16.3484
30 26 -16.5503
30 27 -16.7525
30 28 -16.9576
30 29 -17.1244
30 30 -17.3247
30 31 -17.4847
30 32 -17.7003
30 33 -17.8509
30 34 -18.018
30 35 -18.1895
30 36 -18.3473
30 37 -18.4799
30 38 -18.6589
30 39 -18.7973
30 40 -18.9426
31 -10 -10.4795
31 -9 -10.4437
31 -8 -10.4257
31 -7 -10.4114
31 -6 -10.3811
31 -5 -10.3728
31 -4 -10.3321
31 -3 -10.2789
31 -2 -10.2288
31 -1 -10.2286
31 0 -10.1919
31 1 -10.1395
31 2 -10.1986
31 3 -10.2904
31 4 -10.5813
31 5 -10.9361
31 6 -11.2363
31 7 -11.5752
31 8 -11.8985
31 9 -12.2514
31 10 -12.5449
31 11 -12.8667
31 12 -13.1598
31 13 -13.4491
31 14 -13.6934
31 15 -14.0094
31 16 -14.2629
31 17 -14.5059
31 18 -14.7671
31 19 -15.002
31 20 -15.2874
31 21 -15.5101
31 22 -15.7334
31 23 -15.9537
31 24 -16.1542
31 25 -16.3259
31 26 -16.5813
31 27 -16.7594
31 28 -16.9395
31 29 -17.1655
31 30 -17.3292
31 31 -17.5161
31 32 -17.7021
31 33 -17.8651
31 34 -18.0564
31 35 -18.2032
31 36 -18.3725
31 37 -18.5143
31 38 -18.6639
31 39 -18.8222
31 40 -18.954
32 -10 -10.4933
32 -9 -10.4605
32 -8 -10.4484
32 -7 -10.4434
32 -6 -10.3838
32 -5 -10.3594
32 -4 -10.3403
32 -3 -10.2962
32 -2 -10.2867
32 -1 -10.26
32 0 -10.2282
32 1 -10.1823
32 2 -10.1724
32 3 -10.3471
32 4 -10.5872
32 5 -10.9062
32 6 -11.2386
32 7 -11.5488
32 8 -11.9022
32 9 -12.225
32 10 -12.5583
32 11 -12.8572
32 12 -13.1812
32 13 -13.4551
32 14 -13.7381
32 15 -14.0084
32 16 -14.2805
32 17 -14.534
32 18 -14.761
32 19 -15.0413
32 20 -15.2894
32 21 -15.4931
32 22 -15.7145
32 23 -15.9778
32 24 -16.193
32 25 -16.3837
32 26 -16.5773
32 27 -16.7821
32 28 -16.9852
32 29 -17.1742
32 30 -17.3503
32 31 -17.5528
32 32 -17.7286
32 33 -17.874
32 34 -18.0769
32 35 -18.2453
32 36 -18.3556
32 37 -18.547
32 38 -18.655
32 39 -18.8371
32 40 -18.9717
33 -10 -10.4997
33 -9 -10.472
33 -8 -10.455
33 -7 -10.4368
33 -6 -10.417
33 -5 -10.3971
33 -4 -10.3418
33 -3 -10.3038
33 -2 -10.2962
33 -1 -10.2325
33 0 -10.2427
33 1 -10.1779
33 2 -10.1554
33 3 -10.3337
33 4 -10.6134
33 5 -10.9255
33 6 -11.2407
33 7 -11.5755
33 8 -11.9439
33 9 -12.2387
33 10 -12.5768
33 11 -12.864
33 12 -13.1914
33 13 -13.4419
33 14 -13.7516
33 15 -14.0386
33 16 -14.2613
33 17 -14.5676
33 18 -14.7911
33 19 -15.0673
33 20 -15.2943
33 21 -15.5389
33 22 -15.7274
33 23 -15.9472
33 24 -16.2154
33 25 -16.4096
33 26 -16.6034
33 27 -16.8023
33 28 -16.9969
33 29 -17.202
33 30 -17.3553
33 31 -17.5534
33 32 -17.7317
33 33 -17.8944
33 34 -18.0807
33 35 -18.238
33 36 -18.4017
33 37 -18.54
33 38 -18.7012
33 39 -18.843
33 40 -18.9761
34 -10 -10.5231
34 -9 -10.4967
34 -8 -10.4846
34 -7 -10.433
34 -6 -10.4159
34 -5 -10.4177
34 -4 -10.357
34 -3 -10.3461
34 -2 -10.2812
34 -1 -10.2712
34 0 -10.2371
34 1 -10.1588
34 2 -10.1824
34 3 -10.3509
34 4 -10.6449
34 5 -10.9663
34 6 -11.2542
34 7 -11.5934
34 8 -11.9302
34 9 -12.2565
34 10 -12.5741
34 11 -12.876
34 12 -13.1818
34 13 -13.4861
34 14 -13.7557
34 15 -14.0243
34 16 -14.3046
34 17 -14.5706
34 18 -14.8483
34 19 -15.0649
34 20 -15.2773
34 21 -15.5613
34 22 -15.7563
34 23 -15.9817
34 24 -16.1917
34 25 -16.427
34 26 -16.6135
34 27 -16.8253
34 28 -17.0222
34 29 -17.197
34 30 -17.4042
34 31 -17.5603
34 32 -17.7343
34 33 -17.9325
34 34 -18.0744
34 35 -18.2436
34 36 -18.4181
34 37 -18.5746
34 38 -18.7246
34 39 -18.8682
34 40 -19.0116
35 -10 -10.519
35 -9 -10.4905
35 -8 -10.4795
35 -7 -10.4536
35 -6 -10.4348
35 -5 -10.4236
35 -4 -10.3827
35 -3 -10.3413
35 -2 -10.3214
35 -1 -10.2621
35 0 -10.211
35 1 -10.2057
35 2 -10.197
35 3 -10.3414
35 4 -10.6146
35 5 -10.9598
35 6 -11.3086
35 7 -11.6088
35 8 -11.9551
35 9 -12.2824
35 10 -12.6024
35 11 -12.8926
35 12 -13.217
35 13 -13.4912
35 14 -13.769
35 15 -14.0627
35 16 -14.3219
35 17 -14.5843
35 18 -14.8323
35 19 -15.0641
35 20 -15.3254
35 21 -15.5577
35 22 -15.763
35 23 -15.9967
35 24 -16.2155
35 25 -16.4222
35 26 -16.6287
35 27 -16.8375
35 28 -17.0378
35 29 -17.2181
35 30 -17.4127
35 31 -17.5589
35 32 -17.7415
35 33 -17.9341
35 34 -18.1192
35 35 -18.2695
35 36 -18.439
35 37 -18.5823
35 38 -18.7409
35 39 -18.8614
35 40 -19.025
36 -10 -10.5226
36 -9 -10.5108
36 -8 -10.4836
36 -7 -10.4766
36 -6 -10.4548
36 -5 -10.4132
36 -4 -10.3916
36 -3 -10.3554
36 -2 -10.3363
36 -1 -10.2981
36 0 -10.2401
36 1 -10.2162
36 2 -10.268
36 3 -10.387
36 4 -10.6247
36 5 -11.0092
36 6 -11.3492
36 7 -11.6326
36 8 -11.9765
36 9 -12.2859
36 10 -12.5916
36 11 -12.9268
36 12 -13.2237
36 13 -13.5181
36 14 -13.7831
36 15 -14.0683
36 16 -14.3277
36 17 -14.593
36 18 -14.8715
36 19 -15.0753
36 20 -15.2864
36 21 -15.5675
36 22 -15.7927
36 23 -15.9892
36 24 -16.2326
36 25 -16.4237
36 26 -16.6379
36 27 -16.818
36 28 -17.0154
36 29 -17.225
36 30 -17.4151
36 31 -17.6063
36 32 -17.7554
36 33 -17.9402
36 34 -18.1112
36 35 -18.2674
36 36 -18.4505
36 37 -18.5684
36 38 -18.7362
36 39 -18.8965
36 40 -19.0278
37 -10 -10.5503
37 -9 -10.5022
37 -8 -10.494
37 -7 -10.4792
37 -6 -10.4537
37 -5 -10.4269
37 -4 -10.3959
37 -3 -10.3784
37 -2 -10.3248
37 -1 -10.2842
37 0 -10.2826
37 1 -10.2217
37 2 -10.2617
37 3 -10.4162
37 4 -10.6723
37 5 -10.9674
37 6 -11.3363
37 7 -11.6334
37 8 -12.0059
37 9 -12.3164
37 10 -12.6821
37 11 -12.9518
37 12 -13.2147
37 13 -13.5079
37 14 -13.8185
37 15 -14.0474
37 16 -14.3465
37 17 -14.5918
37 18 -14.8411
37 19 -15.0825
37 20 -15.3302
37 21 -15.5692
37 22 -15.8113
37 23 -16.0138
37 24 -16.2248
37 25 -16.454
37 26 -16.6448
37 27 -16.8749
37 28 -17.0679
37 29 -17.2377
37 30 -17.442
37 31 -17.6072
37 32 -17.7764
37 33 -17.9492
37 34 -18.1233
37 35 -18.284
37 36 -18.4424
37 37 -18.6042
37 38 -18.7492
37 39 -18.9043
37 40 -19.0248
38 -10 -10.5424
38 -9 -10.5485
38 -8 -10.493
38 -7 -10.4755
38 -6 -10.4475
38 -5 -10.4205
38 -4 -10.4213
38 -3 -10.4063
38 -2 -10.3523
38 -1 -10.3289
38 0 -10.298
38 1 -10.2399
38 2 -10.2261
38 3 -10.4304
38 4 -10.6722
38 5 -10.988
38 6 -11.3108
38 7 -11.6424
38 8 -11.9702
38 9 -12.3059
38 10 -12.6296
38 11 -12.9353
38 12 -13.2453
38 13 -13.5367
38 14 -13.8118
38 15 -14.0912
38 16 -14.3675
38 17 -14.5855
38 18 -14.8931
38 19 -15.1201
38 20 -15.3759
38 21 -15.5704
38 22 -15.7717
38 23 -16.0109
38 24 -16.261
38 25 -16.4633
38 26 -16.6585
38 27 -16.8549
38 28 -17.0589
38 29 -17.2456
38 30 -17.4193
38 31 -17.5983
38 32 -17.7785
38 33 -17.9584
38 34 -18.1371
38 35 -18.2726
38 36 -18.4548
38 37 -18.6064
38 38 -18.7395
38 39 -18.9106
38 40 -19.037
39 -10 -10.5582
39 -9 -10.5389
39 -8 -10.5338
39 -7 -10.4764
39 -6 -10.478
39 -5 -10.4477
39 -4 -10.4238
39 -3 -10.3942
39 -2 -10.3691
39 -1 -10.3425
39 0 -10.2789
39 1 -10.2583
39 2 -10.2661
39 3 -10.4471
39 4 -10.6851
39 5 -10.9949
39 6 -11.3951
39 7 -11.6924
39 8 -11.9765
39 9 -12.3477
39 10 -12.6473
39 11 -12.9286
39 12 -13.262
39 13 -13.5586
39 14 -13.8121
39 15 -14.1207
39 16 -14.3938
39 17 -14.6303
39 18 -14.8726
39 19 -15.1159
39 20 -15.3869
39 21 -15.6137
39 22 -15.8113
39 23 -16.0161
39 24 -16.2586
39 25 -16.4535
39 26 -16.6578
39 27 -16.8687
39 28 -17.0916
39 29 -17.2533
39 30 -17.428
39 31 -17.6417
39 32 -17.7897
39 33 -17.9573
39 34 -18.1658
39 35 -18.3115
39 36 -18.4584
39 37 -18.6165
39 38 -18.7404
39 39 -18.9059
39 40 -19.0363
40 -10 -10.5745
40 -9 -10.5488
40 -8 -10.5239
40 -7 -10.4996
40 -6 -10.476
40 -5 -10.474
40 -4 -10.424
40 -3 -10.4242
40 -2 -10.3733
40 -1 -10.3405
40 0 -10.2801
40 1 -10.2922
40 2 -10.253
40 3 -10.4374
40 4 -10.6881
40 5 -11.0117
40 6 -11.3447
40 7 -11.7071
40 8 -12.0039
40 9 -12.347
40 10 -12.6736
40 11 -12.9968
40 12 -13.2537
40 13 -13.5545
40 14 -13.8287
40 15 -14.1138
40 16 -14.3856
40 17 -14.6392
40 18 -14.8674
40 19 -15.1351
40 20 -15.3846
40 21 -15.6151
40 22 -15.8383
40 23 -16.0556
40 24 -16.2621
40 25 -16.4626
40 26 -16.6785
40 27 -16.8945
40 28 -17.0852
40 29 -17.2695
40 30 -17.4517
40 31 -17.6197
40 32 -17.8301
40 33 -17.9963
40 34 -18.1536
40 35 -18.2896
40 36 -18.4649
40 37 -18.6358
40 38 -18.7732
40 39 -18.9239
40 40 -19.0599
