-10 -10 -8.37612
-10 -9 -8.35912
-10 -8 -8.34018
-10 -7 -8.3188
-10 -6 -8.30304
-10 -5 -8.27442
-10 -4 -8.2586
-10 -3 -8.21596
-10 -2 -8.21287
-10 -1 -8.18972
-10 0 -8.17142
-10 1 -8.14172
-10 2 -8.17163
-10 3 -8.34912
-10 4 -8.60778
-10 5 -8.92867
-10 6 -9.2625
-10 7 -9.58806
-10 8 -9.89485
-10 9 -10.1997
-10 10 -10.5267
-10 11 -10.818
-10 12 -11.1152
-10 13 -11.3914
-10 14 -11.681
-10 15 -11.9405
-10 16 -12.1922
-10 17 -12.4482
-10 18 -12.6858
-10 19 -12.9295
-10 20 -13.1616
-10 21 -13.3929
-10 22 -13.6182
-10 23 -13.8203
-10 24 -14.0267
-10 25 -14.2276
-10 26 -14.4339
-10 27 -14.6251
-10 28 -14.8346
-10 29 -15.0021
-10 30 -15.1938
-10 31 -15.3681
-10 32 -15.5448
-10 33 -15.7045
-10 34 -15.873
-10 35 -16.0346
-10 36 -16.1884
-10 37 -16.3365
-10 38 -16.4886
-10 39 -16.6201
-10 40 -16.7698
-9 -10 -8.36268
-9 -9 -8.34005
-9 -8 -8.33838
-9 -7 -8.29761
-9 -6 -8.28417
-9 -5 -8.2563
-9 -4 -8.22307
-9 -3 -8.19567
-9 -2 -8.18912
-9 -1 -8.17229
-9 0 -8.15181
-9 1 -8.12113
-9 2 -8.15077
-9 3 -8.32231
-9 4 -8.56832
-9 5 -8.89976
-9 6 -9.21456
-9 7 -9.53983
-9 8 -9.84711
-9 9 -10.1835
-9 10 -10.4866
-9 11 -10.7852
-9 12 -11.0916
-9 13 -11.374
-9 14 -11.644
-9 15 -11.9151
-9 16 -12.167
-9 17 -12.4185
-9 18 -12.6758
-9 19 -12.9286
-9 20 -13.1393
-9 21 -13.3674
-9 22 -13.5857
-9 23 -13.8194
-9 24 -14.0189
-9 25 -14.2296
-9 26 -14.4294
-9 27 -14.6332
-9 28 -14.8027
-9 29 -14.9902
-9 30 -15.1657
-9 31 -15.3533
-9 32 -15.5223
-9 33 -15.6836
-9 34 -15.851
-9 35 -16.019
-9 36 -16.1635
-9 37 -16.3236
-9 38 -16.4606
-9 39 -16.617
-9 40 -16.7461
-8 -10 -8.3329
-8 -9 -8.32218
-8 -8 -8.30976
-8 -7 -8.30254
-8 -6 -8.2487
-8 -5 -8.21561
-8 -4 -8.19363
-8 -3 -8.17942
-8 -2 -8.16222
-8 -1 -8.15786
-8 0 -8.10334
-8 1 -8.08246
-8 2 -8.09498
-8 3 -8.28824
-8 4 -8.53437
-8 5 -8.86943
-8 6 -9.17448
-8 7 -9.50935
-8 8 -9.82943
-8 9 -10.1345
-8 10 -10.4487
-8 11 -10.7426
-8 12 -11.0211
-8 13 -11.329
-8 14 -11.6111
-8 15 -11.8808
-8 16 -12.146
-8 17 -12.4006
-8 18 -12.6464
-8 19 -12.8883
-8 20 -13.1277
-8 21 -13.3552
-8 22 -13.5779
-8 23 -13.7991
-8 24 -14.0066
-8 25 -14.2147
-8 26 -14.428
-8 27 -14.6061
-8 28 -14.7932
-8 29 -14.9874
-8 30 -15.1679
-8 31 -15.3449
-8 32 -15.5153
-8 33 -15.6813
-8 34 -15.845
-8 35 -16.0148
-8 36 -16.1644
-8 37 -16.3102
-8 38 -16.4639
-8 39 -16.6045
-8 40 -16.7464
-7 -10 -8.31794
-7 -9 -8.30443
-7 -8 -8.2911
-7 -7 -8.25448
-7 -6 -8.2217
-7 -5 -8.20181
-7 -4 -8.18518
-7 -3 -8.16436
-7 -2 -8.15468
-7 -1 -8.11883
-7 0 -8.07504
-7 1 -8.02964
-7 2 -8.04803
-7 3 -8.23513
-7 4 -8.49611
-7 5 -8.81213
-7 6 -9.12667
-7 7 -9.47211
-7 8 -9.78172
-7 9 -10.0881
-7 10 -10.4126
-7 11 -10.7138
-7 12 -11.0067
-7 13 -11.2786
-7 14 -11.5599
-7 15 -11.832
-7 16 -12.0995
-7 17 -12.3504
-7 18 -12.582
-7 19 -12.8376
-7 20 -13.0814
-7 21 -13.3129
-7 22 -13.525
-7 23 -13.7577
-7 24 -13.9607
-7 25 -14.1753
-7 26 -14.3783
-7 27 -14.5874
-7 28 -14.7787
-7 29 -14.9598
-7 30 -15.15
-7 31 -15.3237
-7 32 -15.4932
-7 33 -15.6757
-7 34 -15.8382
-7 35 -15.9874
-7 36 -16.14
-7 37 -16.2917
-7 38 -16.4424
-7 39 -16.5889
-7 40 -16.7262
-6 -10 -8.31016
-6 -9 -8.28684
-6 -8 -8.25351
-6 -7 -8.2245
-6 -6 -8.21545
-6 -5 -8.18181
-6 -4 -8.17219
-6 -3 -8.15293
-6 -2 -8.12331
-6 -1 -8.0691
-6 0 -8.02442
-6 1 -8.00772
-6 2 -8.0455
-6 3 -8.21116
-6 4 -8.48125
-6 5 -8.77204
-6 6 -9.11786
-6 7 -9.45679
-6 8 -9.75398
-6 9 -10.074
-6 10 -10.3905
-6 11 -10.6865
-6 12 -10.9664
-6 13 -11.2475
-6 14 -11.5254
-6 15 -11.7849
-6 16 -12.0728
-6 17 -12.3121
-6 18 -12.5483
-6 19 -12.8083
-6 20 -13.0407
-6 21 -13.2615
-6 22 -13.489
-6 23 -13.7047
-6 24 -13.9201
-6 25 -14.1197
-6 26 -14.3299
-6 27 -14.5469
-6 28 -14.7368
-6 29 -14.9305
-6 30 -15.1109
-6 31 -15.2954
-6 32 -15.4762
-6 33 -15.6481
-6 34 -15.8006
-6 35 -15.9708
-6 36 -16.1273
-6 37 -16.2744
-6 38 -16.4343
-6 39 -16.5639
-6 40 -16.6993
-5 -10 -8.29366
-5 -9 -8.27199
-5 -8 -8.23373
-5 -7 -8.20469
-5 -6 -8.19169
-5 -5 -8.16773
-5 -4 -8.15058
-5 -3 -8.12353
-5 -2 -8.08814
-5 -1 -8.05243
-5 0 -8.01542
-5 1 -7.99207
-5 2 -8.02468
-5 3 -8.22659
-5 4 -8.4791
-5 5 -8.79289
-5 6 -9.10379
-5 7 -9.41959
-5 8 -9.76114
-5 9 -10.0568
-5 10 -10.3744
-5 11 -10.6636
-5 12 -10.9688
-5 13 -11.2354
-5 14 -11.5097
-5 15 -11.7812
-5 16 -12.0471
-5 17 -12.2941
-5 18 -12.541
-5 19 -12.7819
-5 20 -13.0082
-5 21 -13.2387
-5 22 -13.4573
-5 23 -13.6784
-5 24 -13.8881
-5 25 -14.087
-5 26 -14.312
-5 27 -14.505
-5 28 -14.6926
-5 29 -14.8833
-5 30 -15.075
-5 31 -15.2479
-5 32 -15.4149
-5 33 -15.5975
-5 34 -15.7761
-5 35 -15.9262
-5 36 -16.0801
-5 37 -16.2306
-5 38 -16.3949
-5 39 -16.5355
-5 40 -16.6771
-4 -10 -8.26852
-4 -9 -8.25642
-4 -8 -8.21971
-4 -7 -8.19495
-4 -6 -8.18567
-4 -5 -8.16813
-4 -4 -8.14127
-4 -3 -8.09279
-4 -2 -8.05377
-4 -1 -8.02093
-4 0 -7.98825
-4 1 -7.97671
-4 2 -8.00371
-4 3 -8.18627
-4 4 -8.46981
-4 5 -8.76542
-4 6 -9.09255
-4 7 -9.40041
-4 8 -9.72353
-4 9 -10.062
-4 10 -10.3674
-4 11 -10.6719
-4 12 -10.9492
-4 13 -11.2495
-4 14 -11.5043
-4 15 -11.7785
-4 16 -12.0368
-4 17 -12.294
-4 18 -12.5312
-4 19 -12.7704
-4 20 -12.9892
-4 21 -13.2299
-4 22 -13.4573
-4 23 -13.6612
-4 24 -13.8674
-4 25 -14.0924
-4 26 -14.2686
-4 27 -14.4706
-4 28 -14.6716
-4 29 -14.8713
-4 30 -15.0448
-4 31 -15.2216
-4 32 -15.3873
-4 33 -15.5641
-4 34 -15.7321
-4 35 -15.8993
-4 36 -16.0488
-4 37 -16.1957
-4 38 -16.3595
-4 39 -16.5022
-4 40 -16.6477
-3 -10 -8.25763
-3 -9 -8.2309
-3 -8 -8.22378
-3 -7 -8.20671
-3 -6 -8.1862
-3 -5 -8.16008
-3 -4 -8.12498
-3 -3 -8.06174
-3 -2 -8.03436
-3 -1 -8.00725
-3 0 -7.98439
-3 1 -7.96475
-3 2 -7.98507
-3 3 -8.17698
-3 4 -8.40645
-3 5 -8.7267
-3 6 -9.04746
-3 7 -9.3803
-3 8 -9.69312
-3 9 -10.0574
-3 10 -10.339
-3 11 -10.6385
-3 12 -10.948
-3 13 -11.2362
-3 14 -11.4994
-3 15 -11.7643
-3 16 -12.0398
-3 17 -12.2832
-3 18 -12.5221
-3 19 -12.7566
-3 20 -13.0091
-3 21 -13.2231
-3 22 -13.4544
-3 23 -13.655
-3 24 -13.8478
-3 25 -14.0638
-3 26 -14.2608
-3 27 -14.4679
-3 28 -14.664
-3 29 -14.8378
-3 30 -15.0246
-3 31 -15.2052
-3 32 -15.3833
-3 33 -15.5398
-3 34 -15.7169
-3 35 -15.8763
-3 36 -16.0355
-3 37 -16.1874
-3 38 -16.3378
-3 39 -16.4682
-3 40 -16.6211
-2 -10 -8.2654
-2 -9 -8.22813
-2 -8 -8.21804
-2 -7 -8.20447
-2 -6 -8.16907
-2 -5 -8.15116
-2 -4 -8.074
-2 -3 -8.05171
-2 -2 -8.02203
-2 -1 -8.00804
-2 0 -7.98645
-2 1 -7.92848
-2 2 -7.94287
-2 3 -8.11514
-2 4 -8.35526
-2 5 -8.67427
-2 6 -8.9799
-2 7 -9.32634
-2 8 -9.64496
-2 9 -9.98688
-2 10 -10.3143
-2 11 -10.5918
-2 12 -10.9051
-2 13 -11.1986
-2 14 -11.4891
-2 15 -11.756
-2 16 -12.026
-2 17 -12.2774
-2 18 -12.5301
-2 19 -12.7704
-2 20 -12.9961
-2 21 -13.225
-2 22 -13.4581
-2 23 -13.6603
-2 24 -13.8892
-2 25 -14.0809
-2 26 -14.2725
-2 27 -14.4646
-2 28 -14.6606
-2 29 -14.8499
-2 30 -15.0311
-2 31 -15.2137
-2 32 -15.394
-2 33 -15.549
-2 34 -15.7173
-2 35 -15.8724
-2 36 -16.0184
-2 37 -16.1754
-2 38 -16.3192
-2 39 -16.4717
-2 40 -16.6129
-1 -10 -8.24818
-1 -9 -8.2322
-1 -8 -8.21732
-1 -7 -8.19089
-1 -6 -8.15789
-1 -5 -8.12378
-1 -4 -8.07383
-1 -3 -8.06455
-1 -2 -8.0395
-1 -1 -8.00596
-1 0 -7.97157
-1 1 -7.89952
-1 2 -7.92168
-1 3 -8.07575
-1 4 -8.3574
-1 5 -8.6771
-1 6 -8.99862
-1 7 -9.30499
-1 8 -9.62739
-1 9 -9.93574
-1 10 -10.282
-1 11 -10.5626
-1 12 -10.8765
-1 13 -11.1799
-1 14 -11.4573
-1 15 -11.7277
-1 16 -12.0305
-1 17 -12.255
-1 18 -12.5279
-1 19 -12.7476
-1 20 -13.0237
-1 21 -13.2377
-1 22 -13.4463
-1 23 -13.6677
-1 24 -13.8781
-1 25 -14.0934
-1 26 -14.2983
-1 27 -14.4908
-1 28 -14.6873
-1 29 -14.8588
-1 30 -15.0409
-1 31 -15.2201
-1 32 -15.3894
-1 33 -15.5653
-1 34 -15.7209
-1 35 -15.8903
-1 36 -16.0356
-1 37 -16.1805
-1 38 -16.3454
-1 39 -16.4912
-1 40 -16.6216
0 -10 -8.26601
0 -9 -8.24188
0 -8 -8.24671
0 -7 -8.17902
0 -6 -8.16429
0 -5 -8.1206
0 -4 -8.09515
0 -3 -8.06916
0 -2 -8.05027
0 -1 -8.03448
0 0 -7.96069
0 1 -7.90103
0 2 -7.90785
0 3 -8.10703
0 4 -8.37682
0 5 -8.6886
0 6 -8.98504
0 7 -9.33227
0 8 -9.63877
0 9 -9.94824
0 10 -10.2702
0 11 -10.5936
0 12 -10.8767
0 13 -11.1643
0 14 -11.4575
0 15 -11.727
0 16 -11.9961
0 17 -12.2653
0 18 -12.5064
0 19 -12.7515
0 20 -13.0208
0 21 -13.2353
0 22 -13.4723
0 23 -13.6939
0 24 -13.9164
0 25 -14.1275
0 26 -14.3146
0 27 -14.5236
0 28 -14.7097
0 29 -14.8979
0 30 -15.0753
0 31 -15.2602
0 32 -15.4289
0 33 -15.597
0 34 -15.7384
0 35 -15.9227
0 36 -16.0793
0 37 -16.2125
0 38 -16.3648
0 39 -16.5166
0 40 -16.6461
1 -10 -8.29445
1 -9 -8.28993
1 -8 -8.25875
1 -7 -8.22488
1 -6 -8.19477
1 -5 -8.13875
1 -4 -8.11948
1 -3 -8.11349
1 -2 -8.09795
1 -1 -8.04784
1 0 -7.96766
1 1 -7.91575
1 2 -7.95675
1 3 -8.13678
1 4 -8.41358
1 5 -8.72468
1 6 -9.04325
1 7 -9.35206
1 8 -9.67358
1 9 -10.0211
1 10 -10.3229
1 11 -10.6185
1 12 -10.9062
1 13 -11.1734
1 14 -11.475
1 15 -11.7473
1 16 -12.0054
1 17 -12.2846
1 18 -12.5313
1 19 -12.7872
1 20 -13.0187
1 21 -13.2677
1 22 -13.512
1 23 -13.7239
1 24 -13.9374
1 25 -14.1434
1 26 -14.3663
1 27 -14.5638
1 28 -14.7439
1 29 -14.9254
1 30 -15.1349
1 31 -15.3055
1 32 -15.47
1 33 -15.6362
1 34 -15.7967
1 35 -15.9504
1 36 -16.1161
1 37 -16.2697
1 38 -16.4099
1 39 -16.5464
1 40 -16.6925
2 -10 -8.34454
2 -9 -8.33874
2 -8 -8.31698
2 -7 -8.26923
2 -6 -8.23673
2 -5 -8.20339
2 -4 -8.16754
2 -3 -8.17723
2 -2 -8.14601
2 -1 -8.1042
2 0 -8.03218
2 1 -7.99115
2 2 -8.00115
2 3 -8.1566
2 4 -8.43189
2 5 -8.74697
2 6 -9.07634
2 7 -9.38637
2 8 -9.69539
2 9 -10.0307
2 10 -10.3559
2 11 -10.6654
2 12 -10.9555
2 13 -11.2347
2 14 -11.5144
2 15 -11.7984
2 16 -12.0559
2 17 -12.3181
2 18 -12.5654
2 19 -12.8261
2 20 -13.0906
2 21 -13.3058
2 22 -13.546
2 23 -13.7883
2 24 -13.9968
2 25 -14.1976
2 26 -14.4148
2 27 -14.6111
2 28 -14.7973
2 29 -15.0011
2 30 -15.1675
2 31 -15.3369
2 32 -15.5183
2 33 -15.6911
2 34 -15.853
2 35 -16.0077
2 36 -16.1545
2 37 -16.3198
2 38 -16.4625
2 39 -16.6016
2 40 -16.7411
3 -10 -8.39991
3 -9 -8.38741
3 -8 -8.36465
3 -7 -8.32906
3 -6 -8.29417
3 -5 -8.25892
3 -4 -8.23117
3 -3 -8.20323
3 -2 -8.17887
3 -1 -8.14088
3 0 -8.08143
3 1 -8.04285
3 2 -8.04803
3 3 -8.24058
3 4 -8.49331
3 5 -8.82146
3 6 -9.0923
3 7 -9.45114
3 8 -9.78438
3 9 -10.0784
3 10 -10.3848
3 11 -10.7188
3 12 -10.9905
3 13 -11.295
3 14 -11.571
3 15 -11.8624
3 16 -12.1259
3 17 -12.3822
3 18 -12.641
3 19 -12.8991
3 20 -13.1289
3 21 -13.3731
3 22 -13.5987
3 23 -13.8228
3 24 -14.0448
3 25 -14.2405
3 26 -14.4677
3 27 -14.6481
3 28 -14.8469
3 29 -15.037
3 30 -15.2109
3 31 -15.3881
3 32 -15.5659
3 33 -15.7261
3 34 -15.8913
3 35 -16.0544
3 36 -16.2156
3 37 -16.3624
3 38 -16.5197
3 39 -16.6553
3 40 -16.793
4 -10 -8.44311
4 -9 -8.41434
4 -8 -8.40959
4 -7 -8.38289
4 -6 -8.33792
4 -5 -8.30672
4 -4 -8.26492
4 -3 -8.24554
4 -2 -8.19742
4 -1 -8.16995
4 0 -8.1387
4 1 -8.09562
4 2 -8.12537
4 3 -8.28482
4 4 -8.55407
4 5 -8.86909
4 6 -9.19885
4 7 -9.50659
4 8 -9.84748
4 9 -10.1636
4 10 -10.4754
4 11 -10.7732
4 12 -11.0996
4 13 -11.3847
4 14 -11.6568
4 15 -11.9344
4 16 -12.2026
4 17 -12.4749
4 18 -12.7153
4 19 -12.9518
4 20 -13.196
4 21 -13.4091
4 22 -13.6503
4 23 -13.8598
4 24 -14.0762
4 25 -14.3012
4 26 -14.4857
4 27 -14.6893
4 28 -14.8877
4 29 -15.0808
4 30 -15.2515
4 31 -15.4385
4 32 -15.6008
4 33 -15.7776
4 34 -15.9533
4 35 -16.099
4 36 -16.267
4 37 -16.404
4 38 -16.5562
4 39 -16.7066
4 40 -16.8303
5 -10 -8.50835
5 -9 -8.47163
5 -8 -8.429
5 -7 -8.40851
5 -6 -8.38568
5 -5 -8.37288
5 -4 -8.3337
5 -3 -8.29076
5 -2 -8.23824
5 -1 -8.19571
5 0 -8.17299
5 1 -8.13329
5 2 -8.17698
5 3 -8.35163
5 4 -8.60664
5 5 -8.94029
5 6 -9.25948
5 7 -9.58718
5 8 -9.89958
5 9 -10.233
5 10 -10.5488
5 11 -10.856
5 12 -11.1351
5 13 -11.4431
5 14 -11.7098
5 15 -11.9746
5 16 -12.2484
5 17 -12.5031
5 18 -12.7635
5 19 -12.9882
5 20 -13.2207
5 21 -13.4694
5 22 -13.6812
5 23 -13.9065
5 24 -14.121
5 25 -14.319
5 26 -14.5275
5 27 -14.7233
5 28 -14.9294
5 29 -15.1183
5 30 -15.2948
5 31 -15.4791
5 32 -15.6501
5 33 -15.8197
5 34 -15.9851
5 35 -16.1449
5 36 -16.301
5 37 -16.4638
5 38 -16.6101
5 39 -16.7481
5 40 -16.8865
6 -10 -8.53988
6 -9 -8.49937
6 -8 -8.46648
6 -7 -8.45758
6 -6 -8.43209
6 -5 -8.41035
6 -4 -8.39395
6 -3 -8.34121
6 -2 -8.27977
6 -1 -8.25523
6 0 -8.21181
6 1 -8.1948
6 2 -8.23478
6 3 -8.40034
6 4 -8.68751
6 5 -8.98161
6 6 -9.3024
6 7 -9.63477
6 8 -9.96595
6 9 -10.2913
6 10 -10.5994
6 11 -10.8907
6 12 -11.1712
6 13 -11.4821
6 14 -11.7619
6 15 -12.0352
6 16 -12.2883
6 17 -12.5311
6 18 -12.8002
6 19 -13.0384
6 20 -13.2591
6 21 -13.49
6 22 -13.7089
6 23 -13.9271
6 24 -14.1605
6 25 -14.3637
6 26 -14.5744
6 27 -14.7702
6 28 -14.965
6 29 -15.1506
6 30 -15.3478
6 31 -15.5316
6 32 -15.7063
6 33 -15.8698
6 34 -16.035
6 35 -16.2067
6 36 -16.3573
6 37 -16.5059
6 38 -16.6594
6 39 -16.8087
6 40 -16.9435
7 -10 -8.59371
7 -9 -8.56043
7 -8 -8.52245
7 -7 -8.49495
7 -6 -8.48248
7 -5 -8.45046
7 -4 -8.43191
7 -3 -8.40065
7 -2 -8.36045
7 -1 -8.29442
7 0 -8.24493
7 1 -8.23538
7 2 -8.27991
7 3 -8.44264
7 4 -8.71289
7 5 -9.02151
7 6 -9.35028
7 7 -9.66946
7 8 -10.0039
7 9 -10.3229
7 10 -10.6345
7 11 -10.9332
7 12 -11.228
7 13 -11.5194
7 14 -11.7826
7 15 -12.0661
7 16 -12.3174
7 17 -12.5788
7 18 -12.8276
7 19 -13.058
7 20 -13.2934
7 21 -13.5286
7 22 -13.7604
7 23 -13.9778
7 24 -14.1974
7 25 -14.3984
7 26 -14.6085
7 27 -14.8119
7 28 -15.016
7 29 -15.2089
7 30 -15.3908
7 31 -15.5609
7 32 -15.7553
7 33 -15.9325
7 34 -16.1082
7 35 -16.2688
7 36 -16.4206
7 37 -16.5732
7 38 -16.7295
7 39 -16.8587
7 40 -17.0021
8 -10 -8.64192
8 -9 -8.61855
8 -8 -8.57806
8 -7 -8.53986
8 -6 -8.51596
8 -5 -8.50409
8 -4 -8.47149
8 -3 -8.45962
8 -2 -8.38763
8 -1 -8.33307
8 0 -8.30697
8 1 -8.27341
8 2 -8.31519
8 3 -8.47395
8 4 -8.74858
8 5 -9.05853
8 6 -9.37628
8 7 -9.72313
8 8 -10.0325
8 9 -10.3625
8 10 -10.6709
8 11 -10.9774
8 12 -11.2672
8 13 -11.5421
8 14 -11.8269
8 15 -12.0965
8 16 -12.3678
8 17 -12.6115
8 18 -12.8667
8 19 -13.1084
8 20 -13.338
8 21 -13.5791
8 22 -13.8002
8 23 -14.0134
8 24 -14.2514
8 25 -14.4643
8 26 -14.6575
8 27 -14.869
8 28 -15.0776
8 29 -15.2608
8 30 -15.4564
8 31 -15.6311
8 32 -15.8069
8 33 -15.9879
8 34 -16.1579
8 35 -16.3155
8 36 -16.4873
8 37 -16.6268
8 38 -16.7677
8 39 -16.9274
8 40 -17.0605
9 -10 -8.6951
9 -9 -8.64352
9 -8 -8.61884
9 -7 -8.58973
9 -6 -8.55891
9 -5 -8.54551
9 -4 -8.51421
9 -3 -8.48241
9 -2 -8.43868
9 -1 -8.38877
9 0 -8.3547
9 1 -8.31021
9 2 -8.34816
9 3 -8.51343
9 4 -8.79281
9 5 -9.09824
9 6 -9.41024
9 7 -9.7675
9 8 -10.0855
9 9 -10.404
9 10 -10.7181
9 11 -11.0155
9 12 -11.3146
9 13 -11.5995
9 14 -11.8811
9 15 -12.1435
9 16 -12.4138
9 17 -12.6584
9 18 -12.9178
9 19 -13.1553
9 20 -13.4
9 21 -13.6227
9 22 -13.8583
9 23 -14.0861
9 24 -14.2999
9 25 -14.5253
9 26 -14.7158
9 27 -14.9249
9 28 -15.127
9 29 -15.3097
9 30 -15.5209
9 31 -15.682
9 32 -15.8597
9 33 -16.0242
9 34 -16.1991
9 35 -16.3621
9 36 -16.5137
9 37 -16.6675
9 38 -16.8239
9 39 -16.961
9 40 -17.1064
10 -10 -8.70278
10 -9 -8.67455
10 -8 -8.6605
10 -7 -8.62228
10 -6 -8.58816
10 -5 -8.57023
10 -4 -8.54734
10 -3 -8.51299
10 -2 -8.45297
10 -1 -8.43698
10 0 -8.41006
10 1 -8.36213
10 2 -8.38465
10 3 -8.55085
10 4 -8.82957
10 5 -9.1462
10 6 -9.47869
10 7 -9.8052
10 8 -10.1368
10 9 -10.4483
10 10 -10.7783
10 11 -11.0722
10 12 -11.3635
10 13 -11.6469
10 14 -11.9133
10 15 -12.1921
10 16 -12.4724
10 17 -12.721
10 18 -12.9574
10 19 -13.2107
10 20 -13.4354
10 21 -13.6839
10 22 -13.9082
10 23 -14.1239
10 24 -14.3495
10 25 -14.5508
10 26 -14.7664
10 27 -14.9473
10 28 -15.1569
10 29 -15.3533
10 30 -15.5374
10 31 -15.7132
10 32 -15.8968
10 33 -16.0662
10 34 -16.2298
10 35 -16.3913
10 36 -16.554
10 37 -16.6946
10 38 -16.8481
10 39 -16.9965
10 40 -17.1371
11 -10 -8.73198
11 -9 -8.70199
11 -8 -8.66719
11 -7 -8.65109
11 -6 -8.63852
11 -5 -8.60946
11 -4 -8.58141
11 -3 -8.53179
11 -2 -8.48339
11 -1 -8.46181
11 0 -8.42691
11 1 -8.40425
11 2 -8.44378
11 3 -8.60545
11 4 -8.86179
11 5 -9.20861
11 6 -9.51821
11 7 -9.86608
11 8 -10.1887
11 9 -10.4883
11 10 -10.8213
11 11 -11.0998
11 12 -11.4041
11 13 -11.6917
11 14 -11.967
11 15 -12.2339
11 16 -12.4971
11 17 -12.7532
11 18 -12.9977
11 19 -13.241
11 20 -13.4796
11 21 -13.7079
11 22 -13.9377
11 23 -14.1568
11 24 -14.3701
11 25 -14.5817
11 26 -14.7784
11 27 -15.0006
11 28 -15.1882
11 29 -15.3703
11 30 -15.56
11 31 -15.7425
11 32 -15.9224
11 33 -16.1083
11 34 -16.2568
11 35 -16.4256
11 36 -16.5799
11 37 -16.7377
11 38 -16.8797
11 39 -17.0214
11 40 -17.1623
12 -10 -8.76704
12 -9 -8.73613
12 -8 -8.71526
12 -7 -8.68641
12 -6 -8.67042
12 -5 -8.64419
12 -4 -8.62581
12 -3 -8.56096
12 -2 -8.52598
12 -1 -8.47783
12 0 -8.45978
12 1 -8.453
12 2 -8.47175
12 3 -8.65271
12 4 -8.91714
12 5 -9.21686
12 6 -9.54075
12 7 -9.89865
12 8 -10.2133
12 9 -10.5452
12 10 -10.8562
12 11 -11.1535
12 12 -11.4494
12 13 -11.7064
12 14 -12.0055
12 15 -12.2717
12 16 -12.5264
12 17 -12.786
12 18 -13.0298
12 19 -13.2732
12 20 -13.5161
12 21 -13.7496
12 22 -13.9633
12 23 -14.1828
12 24 -14.3967
12 25 -14.6153
12 26 -14.8135
12 27 -15.0216
12 28 -15.2096
12 29 -15.3988
12 30 -15.5922
12 31 -15.7748
12 32 -15.9501
12 33 -16.1301
12 34 -16.3018
12 35 -16.4513
12 36 -16.6153
12 37 -16.7669
12 38 -16.9123
12 39 -17.057
12 40 -17.1956
13 -10 -8.80892
13 -9 -8.78453
13 -8 -8.73809
13 -7 -8.7309
13 -6 -8.70341
13 -5 -8.68469
13 -4 -8.66107
13 -3 -8.61686
13 -2 -8.56311
13 -1 -8.5232
13 0 -8.49791
13 1 -8.47614
13 2 -8.51354
13 3 -8.68405
13 4 -8.9316
13 5 -9.25913
13 6 -9.56599
13 7 -9.90951
13 8 -10.2278
13 9 -10.558
13 10 -10.8671
13 11 -11.1806
13 12 -11.4808
13 13 -11.763
13 14 -12.0335
13 15 -12.3122
13 16 -12.5645
13 17 -12.8202
13 18 -13.0546
13 19 -13.3054
13 20 -13.5409
13 21 -13.77
13 22 -14.0027
13 23 -14.2166
13 24 -14.4301
13 25 -14.6472
13 26 -14.8421
13 27 -15.0434
13 28 -15.2357
13 29 -15.4382
13 30 -15.6269
13 31 -15.8155
13 32 -15.9887
13 33 -16.1571
13 34 -16.3273
13 35 -16.4852
13 36 -16.65
13 37 -16.8015
13 38 -16.9548
13 39 -17.0907
13 40 -17.229
14 -10 -8.84568
14 -9 -8.81867
14 -8 -8.77407
14 -7 -8.7509
14 -6 -8.73711
14 -5 -8.72915
14 -4 -8.7002
14 -3 -8.65252
14 -2 -8.60515
14 -1 -8.54615
14 0 -8.52849
14 1 -8.49164
14 2 -8.53126
14 3 -8.70292
14 4 -8.95975
14 5 -9.27566
14 6 -9.60447
14 7 -9.94518
14 8 -10.2669
14 9 -10.5853
14 10 -10.911
14 11 -11.2059
14 12 -11.5021
14 13 -11.777
14 14 -12.0574
14 15 -12.334
14 16 -12.5936
14 17 -12.8356
14 18 -13.0866
14 19 -13.335
14 20 -13.5575
14 21 -13.7898
14 22 -14.0189
14 23 -14.2387
14 24 -14.4609
14 25 -14.6702
14 26 -14.8864
14 27 -15.0779
14 28 -15.2696
14 29 -15.4798
14 30 -15.6555
14 31 -15.8433
14 32 -16.0219
14 33 -16.1921
14 34 -16.3468
14 35 -16.5205
14 36 -16.6857
14 37 -16.8393
14 38 -16.9856
14 39 -17.1276
14 40 -17.2675
15 -10 -8.8827
15 -9 -8.83945
15 -8 -8.80969
15 -7 -8.77892
15 -6 -8.76464
15 -5 -8.73346
15 -4 -8.72244
15 -3 -8.67022
15 -2 -8.62753
15 -1 -8.58976
15 0 -8.55467
15 1 -8.51415
15 2 -8.55959
15 3 -8.72263
15 4 -8.99077
15 5 -9.32047
15 6 -9.62942
15 7 -9.95301
15 8 -10.3032
15 9 -10.619
15 10 -10.9319
15 11 -11.2255
15 12 -11.5351
15 13 -11.8109
15 14 -12.0851
15 15 -12.3588
15 16 -12.6319
15 17 -12.8804
15 18 -13.1218
15 19 -13.3695
15 20 -13.6029
15 21 -13.8251
15 22 -14.0474
15 23 -14.2689
15 24 -14.4906
15 25 -14.7083
15 26 -14.9146
15 27 -15.1069
15 28 -15.3109
15 29 -15.495
15 30 -15.6939
15 31 -15.886
15 32 -16.0538
15 33 -16.229
15 34 -16.388
15 35 -16.5605
15 36 -16.716
15 37 -16.8744
15 38 -17.031
15 39 -17.1652
15 40 -17.3073
16 -10 -8.90441
16 -9 -8.8665
16 -8 -8.8294
16 -7 -8.81177
16 -6 -8.78986
16 -5 -8.76719
16 -4 -8.73046
16 -3 -8.69253
16 -2 -8.65228
16 -1 -8.61453
16 0 -8.59028
16 1 -8.55303
16 2 -8.58002
16 3 -8.74742
16 4 -9.00326
16 5 -9.31542
16 6 -9.64836
16 7 -9.9862
16 8 -10.318
16 9 -10.654
16 10 -10.9539
16 11 -11.2689
16 12 -11.564
16 13 -11.8486
16 14 -12.1333
16 15 -12.3916
16 16 -12.662
16 17 -12.9132
16 18 -13.1593
16 19 -13.4095
16 20 -13.63
16 21 -13.8658
16 22 -14.0936
16 23 -14.3093
16 24 -14.5241
16 25 -14.7402
16 26 -14.9487
16 27 -15.1459
16 28 -15.3373
16 29 -15.5329
16 30 -15.7252
16 31 -15.9176
16 32 -16.0873
16 33 -16.2612
16 34 -16.4292
16 35 -16.5915
16 36 -16.7552
16 37 -16.9041
16 38 -17.0456
16 39 -17.1918
16 40 -17.3403
17 -10 -8.92818
17 -9 -8.89734
17 -8 -8.85473
17 -7 -8.82988
17 -6 -8.81601
17 -5 -8.79491
17 -4 -8.76026
17 -3 -8.71302
17 -2 -8.67535
17 -1 -8.64367
17 0 -8.62655
17 1 -8.5925
17 2 -8.60723
17 3 -8.79376
17 4 -9.02584
17 5 -9.36186
17 6 -9.68164
17 7 -10.0222
17 8 -10.3494
17 9 -10.6822
17 10 -10.9848
17 11 -11.3091
17 12 -11.5879
17 13 -11.8731
17 14 -12.1522
17 15 -12.4354
17 16 -12.6791
17 17 -12.9559
17 18 -13.1902
17 19 -13.4336
17 20 -13.673
17 21 -13.9016
17 22 -14.1282
17 23 -14.3386
17 24 -14.5508
17 25 -14.7593
17 26 -14.9669
17 27 -15.1781
17 28 -15.3733
17 29 -15.561
17 30 -15.7478
17 31 -15.9265
17 32 -16.1236
17 33 -16.2809
17 34 -16.46
17 35 -16.612
17 36 -16.7741
17 37 -16.9281
17 38 -17.0794
17 39 -17.2148
17 40 -17.3589
18 -10 -8.9414
18 -9 -8.91109
18 -8 -8.88721
18 -7 -8.85479
18 -6 -8.84533
18 -5 -8.80952
18 -4 -8.78512
18 -3 -8.74533
18 -2 -8.69625
18 -1 -8.66707
18 0 -8.64717
18 1 -8.6279
18 2 -8.64459
18 3 -8.80685
18 4 -9.07777
18 5 -9.37603
18 6 -9.72465
18 7 -10.0434
18 8 -10.3782
18 9 -10.7061
18 10 -11.0198
18 11 -11.3293
18 12 -11.6213
18 13 -11.9138
18 14 -12.1811
18 15 -12.4461
18 16 -12.7128
18 17 -12.9723
18 18 -13.2103
18 19 -13.4456
18 20 -13.693
18 21 -13.924
18 22 -14.1551
18 23 -14.3647
18 24 -14.5744
18 25 -14.7946
18 26 -14.9932
18 27 -15.2012
18 28 -15.3858
18 29 -15.5879
18 30 -15.7707
18 31 -15.9486
18 32 -16.1332
18 33 -16.2987
18 34 -16.4735
18 35 -16.6357
18 36 -16.7863
18 37 -16.9389
18 38 -17.0913
18 39 -17.237
18 40 -17.3849
19 -10 -8.96693
19 -9 -8.93633
19 -8 -8.90886
19 -7 -8.88604
19 -6 -8.85633
19 -5 -8.85027
19 -4 -8.80026
19 -3 -8.76014
19 -2 -8.71517
19 -1 -8.68353
19 0 -8.6659
19 1 -8.64028
19 2 -8.66951
19 3 -8.84142
19 4 -9.09337
19 5 -9.40506
19 6 -9.72154
19 7 -10.0738
19 8 -10.4071
19 9 -10.7399
19 10 -11.0493
19 11 -11.3603
19 12 -11.6388
19 13 -11.9361
19 14 -12.2051
19 15 -12.478
19 16 -12.7279
19 17 -12.9857
19 18 -13.2315
19 19 -13.4809
19 20 -13.7144
19 21 -13.9396
19 22 -14.1801
19 23 -14.3871
19 24 -14.5996
19 25 -14.8026
19 26 -15.0184
19 27 -15.2169
19 28 -15.4107
19 29 -15.6071
19 30 -15.7906
19 31 -15.9728
19 32 -16.1496
19 33 -16.3152
19 34 -16.4862
19 35 -16.656
19 36 -16.8169
19 37 -16.964
19 38 -17.1203
19 39 -17.2557
19 40 -17.3997
20 -10 -8.98592
20 -9 -8.96209
20 -8 -8.92987
20 -7 -8.90813
20 -6 -8.8944
20 -5 -8.87904
20 -4 -8.84599
20 -3 -8.79146
20 -2 -8.74702
20 -1 -8.71575
20 0 -8.69242
20 1 -8.66126
20 2 -8.68671
20 3 -8.8558
20 4 -9.11085
20 5 -9.4479
20 6 -9.76259
20 7 -10.1036
20 8 -10.4262
20 9 -10.7487
20 10 -11.0695
20 11 -11.3802
20 12 -11.6718
20 13 -11.9521
20 14 -12.226
20 15 -12.5004
20 16 -12.7587
20 17 -13.0116
20 18 -13.2686
20 19 -13.4997
20 20 -13.734
20 21 -13.9641
20 22 -14.1813
20 23 -14.4107
20 24 -14.6159
20 25 -14.8313
20 26 -15.0371
20 27 -15.2402
20 28 -15.4411
20 29 -15.625
20 30 -15.8118
20 31 -15.9954
20 32 -16.1766
20 33 -16.3511
20 34 -16.5146
20 35 -16.6759
20 36 -16.8323
20 37 -16.9884
20 38 -17.1322
20 39 -17.2813
20 40 -17.4211
21 -10 -9.00363
21 -9 -8.98671
21 -8 -8.95708
21 -7 -8.93468
21 -6 -8.92185
21 -5 -8.90111
21 -4 -8.869
21 -3 -8.812
21 -2 -8.77711
21 -1 -8.72556
21 0 -8.71438
21 1 -8.68857
21 2 -8.70678
21 3 -8.87032
21 4 -9.13248
21 5 -9.45802
21 6 -9.78271
21 7 -10.1156
21 8 -10.4271
21 9 -10.755
21 10 -11.0838
21 11 -11.3869
21 12 -11.6883
21 13 -11.9598
21 14 -12.253
21 15 -12.5175
21 16 -12.7823
21 17 -13.0454
21 18 -13.2828
21 19 -13.526
21 20 -13.7694
21 21 -14.0022
21 22 -14.2116
21 23 -14.4422
21 24 -14.651
21 25 -14.8657
21 26 -15.0604
21 27 -15.2563
21 28 -15.4644
21 29 -15.6425
21 30 -15.8275
21 31 -16.029
21 32 -16.2032
21 33 -16.3631
21 34 -16.5424
21 35 -16.7069
21 36 -16.8699
21 37 -17.014
21 38 -17.1642
21 39 -17.3124
21 40 -17.4439
22 -10 -9.04085
22 -9 -9.00159
22 -8 -8.98505
22 -7 -8.94755
22 -6 -8.93415
22 -5 -8.91776
22 -4 -8.88243
22 -3 -8.83724
22 -2 -8.79804
22 -1 -8.76488
22 0 -8.72802
22 1 -8.69824
22 2 -8.71441
22 3 -8.89037
22 4 -9.14144
22 5 -9.47133
22 6 -9.80683
22 7 -10.1405
22 8 -10.4697
22 9 -10.7856
22 10 -11.1073
22 11 -11.4034
22 12 -11.7009
22 13 -12.0024
22 14 -12.2736
22 15 -12.5317
22 16 -12.813
22 17 -13.0702
22 18 -13.3066
22 19 -13.5605
22 20 -13.7769
22 21 -14.0107
22 22 -14.2409
22 23 -14.4498
22 24 -14.6705
22 25 -14.8885
22 26 -15.0863
22 27 -15.2846
22 28 -15.4817
22 29 -15.6716
22 30 -15.8639
22 31 -16.042
22 32 -16.2259
22 33 -16.4042
22 34 -16.5618
22 35 -16.7281
22 36 -16.8799
22 37 -17.0343
22 38 -17.1913
22 39 -17.3321
22 40 -17.4819
23 -10 -9.06209
23 -9 -9.02745
23 -8 -8.99342
23 -7 -8.96168
23 -6 -8.95377
23 -5 -8.93413
23 -4 -8.89823
23 -3 -8.85984
23 -2 -8.8213
23 -1 -8.78341
23 0 -8.77109
23 1 -8.72451
23 2 -8.74193
23 3 -8.91517
23 4 -9.18226
23 5 -9.49003
23 6 -9.83123
23 7 -10.144
23 8 -10.4943
23 9 -10.8063
23 10 -11.1346
23 11 -11.435
23 12 -11.7284
23 13 -12.0179
23 14 -12.2962
23 15 -12.5679
23 16 -12.8356
23 17 -13.0782
23 18 -13.3362
23 19 -13.573
23 20 -13.8158
23 21 -14.0394
23 22 -14.2625
23 23 -14.4878
23 24 -14.6958
23 25 -14.9096
23 26 -15.1083
23 27 -15.3148
23 28 -15.5086
23 29 -15.7051
23 30 -15.8919
23 31 -16.066
23 32 -16.2537
23 33 -16.4214
23 34 -16.5831
23 35 -16.7426
23 36 -16.9149
23 37 -17.0645
23 38 -17.2154
23 39 -17.3615
23 40 -17.4968
24 -10 -9.07482
24 -9 -9.05489
24 -8 -9.01674
24 -7 -8.99135
24 -6 -8.9777
24 -5 -8.95572
24 -4 -8.91875
24 -3 -8.86884
24 -2 -8.82877
24 -1 -8.80719
24 0 -8.77818
24 1 -8.74418
24 2 -8.75803
24 3 -8.93551
24 4 -9.21505
24 5 -9.52317
24 6 -9.8411
24 7 -10.1755
24 8 -10.5085
24 9 -10.8352
24 10 -11.138
24 11 -11.4614
24 12 -11.7504
24 13 -12.0241
24 14 -12.3239
24 15 -12.5942
24 16 -12.8468
24 17 -13.1052
24 18 -13.3533
24 19 -13.5929
24 20 -13.8382
24 21 -14.053
24 22 -14.2932
24 23 -14.5016
24 24 -14.7253
24 25 -14.9301
24 26 -15.1298
24 27 -15.3367
24 28 -15.5333
24 29 -15.7241
24 30 -15.9014
24 31 -16.0865
24 32 -16.2673
24 33 -16.4333
24 34 -16.6078
24 35 -16.7754
24 36 -16.9339
24 37 -17.0812
24 38 -17.2307
24 39 -17.3766
24 40 -17.519
25 -10 -9.09474
25 -9 -9.06859
25 -8 -9.03355
25 -7 -9.01695
25 -6 -8.98926
25 -5 -8.95952
25 -4 -8.93425
25 -3 -8.90248
25 -2 -8.84838
25 -1 -8.82841
25 0 -8.8019
25 1 -8.76301
25 2 -8.77496
25 3 -8.9657
25 4 -9.22718
25 5 -9.54367
25 6 -9.86713
25 7 -10.1978
25 8 -10.5299
25 9 -10.8419
25 10 -11.1732
25 11 -11.4701
25 12 -11.7624
25 13 -12.0584
25 14 -12.338
25 15 -12.604
25 16 -12.8768
25 17 -13.125
25 18 -13.3768
25 19 -13.613
25 20 -13.8489
25 21 -14.079
25 22 -14.3085
25 23 -14.5372
25 24 -14.7419
25 25 -14.9553
25 26 -15.1608
25 27 -15.3494
25 28 -15.5418
25 29 -15.7371
25 30 -15.9309
25 31 -16.1054
25 32 -16.2821
25 33 -16.4493
25 34 -16.6277
25 35 -16.7885
25 36 -16.9506
25 37 -17.1047
25 38 -17.2539
25 39 -17.3932
25 40 -17.531
26 -10 -9.10365
26 -9 -9.08033
26 -8 -9.06193
26 -7 -9.04292
26 -6 -9.0112
26 -5 -8.98699
26 -4 -8.95793
26 -3 -8.91562
26 -2 -8.86452
26 -1 -8.83619
26 0 -8.82247
26 1 -8.78849
26 2 -8.80511
26 3 -8.97405
26 4 -9.24425
26 5 -9.55513
26 6 -9.86935
26 7 -10.2086
26 8 -10.547
26 9 -10.8671
26 10 -11.1795
26 11 -11.5007
26 12 -11.7845
26 13 -12.0764
26 14 -12.3546
26 15 -12.6221
26 16 -12.8795
26 17 -13.1431
26 18 -13.3963
26 19 -13.6265
26 20 -13.88
26 21 -14.0923
26 22 -14.3252
26 23 -14.5484
26 24 -14.7537
26 25 -14.9667
26 26 -15.1617
26 27 -15.372
26 28 -15.5639
26 29 -15.7587
26 30 -15.9444
26 31 -16.1263
26 32 -16.3024
26 33 -16.4813
26 34 -16.6482
26 35 -16.8031
26 36 -16.9618
26 37 -17.1205
26 38 -17.2646
26 39 -17.4126
26 40 -17.5502
27 -10 -9.12723
27 -9 -9.10007
27 -8 -9.07575
27 -7 -9.05656
27 -6 -9.02999
27 -5 -9.00052
27 -4 -8.97624
27 -3 -8.93886
27 -2 -8.89396
27 -1 -8.86204
27 0 -8.83642
27 1 -8.80971
27 2 -8.81873
27 3 -8.99882
27 4 -9.25416
27 5 -9.55085
27 6 -9.88624
27 7 -10.2298
27 8 -10.5645
27 9 -10.8882
27 10 -11.2052
27 11 -11.5052
27 12 -11.7998
27 13 -12.0959
27 14 -12.3668
27 15 -12.6484
27 16 -12.9184
27 17 -13.1495
27 18 -13.399
27 19 -13.6479
27 20 -13.8829
27 21 -14.1167
27 22 -14.338
27 23 -14.5488
27 24 -14.7774
27 25 -14.9891
27 26 -15.1841
27 27 -15.3816
27 28 -15.5916
27 29 -15.7692
27 30 -15.965
27 31 -16.1387
27 32 -16.3235
27 33 -16.4915
27 34 -16.6495
27 35 -16.8186
27 36 -16.9799
27 37 -17.1352
27 38 -17.2824
27 39 -17.4168
27 40 -17.5615
28 -10 -9.14698
28 -9 -9.12222
28 -8 -9.09352
28 -7 -9.07313
28 -6 -9.05089
28 -5 -9.02382
28 -4 -8.99594
28 -3 -8.95417
28 -2 -8.90883
28 -1 -8.88058
28 0 -8.84663
28 1 -8.8101
28 2 -8.84326
28 3 -9.00497
28 4 -9.27638
28 5 -9.59376
28 6 -9.91677
28 7 -10.2554
28 8 -10.5858
28 9 -10.9128
28 10 -11.2083
28 11 -11.5234
28 12 -11.8233
28 13 -12.115
28 14 -12.3882
28 15 -12.6636
28 16 -12.9222
28 17 -13.1729
28 18 -13.4166
28 19 -13.6614
28 20 -13.9096
28 21 -14.1269
28 22 -14.3614
28 23 -14.5757
28 24 -14.7821
28 25 -14.9969
28 26 -15.2023
28 27 -15.406
28 28 -15.6035
28 29 -15.7942
28 30 -15.9761
28 31 -16.1618
28 32 -16.337
28 33 -16.5145
28 34 -16.6712
28 35 -16.8429
28 36 -16.996
28 37 -17.1477
28 38 -17.3045
28 39 -17.4444
28 40 -17.5832
29 -10 -9.1603
29 -9 -9.12716
29 -8 -9.10988
29 -7 -9.08294
29 -6 -9.0587
29 -5 -9.04303
29 -4 -9.00851
29 -3 -8.97997
29 -2 -8.92918
29 -1 -8.89984
29 0 -8.87436
29 1 -8.82409
29 2 -8.84467
29 3 -9.02971
29 4 -9.29401
29 5 -9.60709
29 6 -9.93887
29 7 -10.2703
29 8 -10.6
29 9 -10.927
29 10 -11.2504
29 11 -11.5298
29 12 -11.8294
29 13 -12.1276
29 14 -12.398
29 15 -12.6801
29 16 -12.9364
29 17 -13.1845
29 18 -13.4442
29 19 -13.6856
29 20 -13.9151
29 21 -14.1493
29 22 -14.3749
29 23 -14.5973
29 24 -14.8101
29 25 -15.0115
29 26 -15.2263
29 27 -15.4249
29 28 -15.6233
29 29 -15.8152
29 30 -16.0017
29 31 -16.1768
29 32 -16.3558
29 33 -16.5311
29 34 -16.6901
29 35 -16.8605
29 36 -17.0208
29 37 -17.1677
29 38 -17.3282
29 39 -17.4663
29 40 -17.5988
30 -10 -9.16776
30 -9 -9.14783
30 -8 -9.12049
30 -7 -9.09885
30 -6 -9.07788
30 -5 -9.05597
30 -4 -9.02262
30 -3 -8.98913
30 -2 -8.95455
30 -1 -8.91212
30 0 -8.88392
30 1 -8.83261
30 2 -8.85938
30 3 -9.03595
30 4 -9.30151
30 5 -9.62486
30 6 -9.94841
30 7 -10.2829
30 8 -10.6224
30 9 -10.9353
30 10 -11.2469
30 11 -11.5597
30 12 -11.8511
30 13 -12.1469
30 14 -12.4172
30 15 -12.6938
30 16 -12.9564
30 17 -13.2035
30 18 -13.4664
30 19 -13.7076
30 20 -13.9421
30 21 -14.1651
30 22 -14.3955
30 23 -14.6247
30 24 -14.8343
30 25 -15.0349
30 26 -15.2448
30 27 -15.4425
30 28 -15.6341
30 29 -15.8319
30 30 -16.0079
30 31 -16.1988
30 32 -16.3714
30 33 -16.5461
30 34 -16.723
30 35 -16.8807
30 36 -17.0348
30 37 -17.1835
30 38 -17.3319
30 39 -17.4813
30 40 -17.6177
31 -10 -9.19236
31 -9 -9.1637
31 -8 -9.14253
31 -7 -9.11517
31 -6 -9.08867
31 -5 -9.06353
31 -4 -9.04748
31 -3 -9.00155
31 -2 -8.96399
31 -1 -8.94207
31 0 -8.9048
31 1 -8.86975
31 2 -8.89231
31 3 -9.06756
31 4 -9.33813
31 5 -9.63312
31 6 -9.98305
31 7 -10.3045
31 8 -10.6326
31 9 -10.9683
31 10 -11.2756
31 11 -11.5721
31 12 -11.8696
31 13 -12.1598
31 14 -12.4274
31 15 -12.7015
31 16 -12.972
31 17 -13.2263
31 18 -13.4763
31 19 -13.7186
31 20 -13.9505
31 21 -14.1859
31 22 -14.4092
31 23 -14.6255
31 24 -14.8523
31 25 -15.0596
31 26 -15.2627
31 27 -15.4631
31 28 -15.6544
31 29 -15.8513
31 30 -16.0431
31 31 -16.2237
31 32 -16.3914
31 33 -16.5664
31 34 -16.7297
31 35 -16.8859
31 36 -17.0523
31 37 -17.2096
31 38 -17.3539
31 39 -17.4986
31 40 -17.6353
32 -10 -9.19788
32 -9 -9.17263
32 -8 -9.15279
32 -7 -9.12425
32 -6 -9.10481
32 -5 -9.07482
32 -4 -9.05351
32 -3 -9.02411
32 -2 -8.98873
32 -1 -8.94268
32 0 -8.91649
32 1 -8.88725
32 2 -8.90888
32 3 -9.07605
32 4 -9.34196
32 5 -9.65267
32 6 -9.9942
32 7 -10.3292
32 8 -10.6448
32 9 -10.9792
32 10 -11.2916
32 11 -11.5857
32 12 -11.886
32 13 -12.1792
32 14 -12.4508
32 15 -12.7195
32 16 -12.9753
32 17 -13.2336
32 18 -13.4894
32 19 -13.7358
32 20 -13.9624
32 21 -14.2023
32 22 -14.4286
32 23 -14.6492
32 24 -14.8603
32 25 -15.0706
32 26 -15.2788
32 27 -15.4754
32 28 -15.6724
32 29 -15.8542
32 30 -16.054
32 31 -16.233
32 32 -16.4038
32 33 -16.5799
32 34 -16.7515
32 35 -16.9095
32 36 -17.0637
32 37 -17.2165
32 38 -17.366
32 39 -17.5122
32 40 -17.6515
33 -10 -9.21234
33 -9 -9.1905
33 -8 -9.15684
33 -7 -9.13788
33 -6 -9.11643
33 -5 -9.09161
33 -4 -9.07379
33 -3 -9.0289
33 -2 -8.98494
33 -1 -8.96472
33 0 -8.93158
33 1 -8.89255
33 2 -8.91802
33 3 -9.08971
33 4 -9.36946
33 5 -9.68431
33 6 -10.0077
33 7 -10.3544
33 8 -10.6631
33 9 -10.9937
33 10 -11.2916
33 11 -11.6035
33 12 -11.907
33 13 -12.185
33 14 -12.4617
33 15 -12.7394
33 16 -12.9966
33 17 -13.2545
33 18 -13.5015
33 19 -13.7445
33 20 -13.9864
33 21 -14.2143
33 22 -14.4406
33 23 -14.6592
33 24 -14.8619
33 25 -15.0829
33 26 -15.2904
33 27 -15.4832
33 28 -15.6807
33 29 -15.8698
33 30 -16.0599
33 31 -16.2445
33 32 -16.4224
33 33 -16.5865
33 34 -16.7606
33 35 -16.9158
33 36 -17.0758
33 37 -17.2329
33 38 -17.3828
33 39 -17.5215
33 40 -17.6626
34 -10 -9.22601
34 -9 -9.19541
34 -8 -9.17646
34 -7 -9.15749
34 -6 -9.12851
34 -5 -9.11403
34 -4 -9.07762
34 -3 -9.04131
34 -2 -9.01044
34 -1 -8.98081
34 0 -8.94087
34 1 -8.91153
34 2 -8.94469
34 3 -9.10899
34 4 -9.3769
34 5 -9.69949
34 6 -10.0224
34 7 -10.3619
34 8 -10.6722
34 9 -10.9974
34 10 -11.3114
34 11 -11.6216
34 12 -11.9092
34 13 -12.1976
34 14 -12.4711
34 15 -12.7476
34 16 -13.0147
34 17 -13.2608
34 18 -13.5161
34 19 -13.7538
34 20 -13.9869
34 21 -14.2193
34 22 -14.4582
34 23 -14.6731
34 24 -14.8878
34 25 -15.1039
34 26 -15.3054
34 27 -15.5058
34 28 -15.6967
34 29 -15.882
34 30 -16.0751
34 31 -16.253
34 32 -16.4337
34 33 -16.6021
34 34 -16.7817
34 35 -16.939
34 36 -17.0919
34 37 -17.2448
34 38 -17.3843
34 39 -17.5389
34 40 -17.6736
35 -10 -9.23314
35 -9 -9.21522
35 -8 -9.19379
35 -7 -9.16388
35 -6 -9.14703
35 -5 -9.13348
35 -4 -9.09917
35 -3 -9.05539
35 -2 -9.03186
35 -1 -8.97688
35 0 -8.95464
35 1 -8.92782
35 2 -8.95023
35 3 -9.12462
35 4 -9.38478
35 5 -9.70605
35 6 -10.0331
35 7 -10.3678
35 8 -10.6922
35 9 -11.0109
35 10 -11.3279
35 11 -11.6392
35 12 -11.924
35 13 -12.2158
35 14 -12.4899
35 15 -12.765
35 16 -13.0181
35 17 -13.2738
35 18 -13.5294
35 19 -13.7636
35 20 -13.9986
35 21 -14.2285
35 22 -14.4565
35 23 -14.6732
35 24 -14.8917
35 25 -15.1011
35 26 -15.3131
35 27 -15.5146
35 28 -15.7046
35 29 -15.8977
35 30 -16.087
35 31 -16.2683
35 32 -16.4436
35 33 -16.6175
35 34 -16.786
35 35 -16.9488
35 36 -17.1058
35 37 -17.2548
35 38 -17.4022
35 39 -17.5461
35 40 -17.6887
36 -10 -9.24422
36 -9 -9.22373
36 -8 -9.20114
36 -7 -9.1786
36 -6 -9.14832
36 -5 -9.1451
36 -4 -9.10951
36 -3 -9.07654
36 -2 -9.0373
36 -1 -8.99921
36 0 -8.96105
36 1 -8.94336
36 2 -8.96359
36 3 -9.14439
36 4 -9.40127
36 5 -9.71177
36 6 -10.0337
36 7 -10.3813
36 8 -10.7051
36 9 -11.0315
36 10 -11.3435
36 11 -11.6529
36 12 -11.9383
36 13 -12.2289
36 14 -12.5005
36 15 -12.7683
36 16 -13.0402
36 17 -13.2895
36 18 -13.5238
36 19 -13.7811
36 20 -14.0183
36 21 -14.249
36 22 -14.4658
36 23 -14.6931
36 24 -14.912
36 25 -15.1238
36 26 -15.327
36 27 -15.5241
36 28 -15.7263
36 29 -15.9179
36 30 -16.1038
36 31 -16.2817
36 32 -16.4544
36 33 -16.6302
36 34 -16.799
36 35 -16.9628
36 36 -17.1249
36 37 -17.2696
36 38 -17.4276
36 39 -17.5652
36 40 -17.7044
37 -10 -9.25385
37 -9 -9.23196
37 -8 -9.19868
37 -7 -9.18633
37 -6 -9.16284
37 -5 -9.15033
37 -4 -9.13196
37 -3 -9.09057
37 -2 -9.04809
37 -1 -9.00215
37 0 -8.98116
37 1 -8.94614
37 2 -8.97998
37 3 -9.15983
37 4 -9.40953
37 5 -9.72639
37 6 -10.0534
37 7 -10.3944
37 8 -10.72
37 9 -11.0394
37 10 -11.351
37 11 -11.666
37 12 -11.9508
37 13 -12.2411
37 14 -12.5197
37 15 -12.7828
37 16 -13.0429
37 17 -13.2972
37 18 -13.5474
37 19 -13.7944
37 20 -14.0186
37 21 -14.248
37 22 -14.4925
37 23 -14.7037
37 24 -14.9201
37 25 -15.1362
37 26 -15.3271
37 27 -15.5299
37 28 -15.7355
37 29 -15.926
37 30 -16.1093
37 31 -16.2897
37 32 -16.4694
37 33 -16.6381
37 34 -16.8067
37 35 -16.9649
37 36 -17.1333
37 37 -17.2842
37 38 -17.4353
37 39 -17.5718
37 40 -17.7141
38 -10 -9.26378
38 -9 -9.23634
38 -8 -9.21273
38 -7 -9.18353
38 -6 -9.16764
38 -5 -9.16079
38 -4 -9.13575
38 -3 -9.09694
38 -2 -9.05073
38 -1 -9.01744
38 0 -8.99552
38 1 -8.96539
38 2 -8.9857
38 3 -9.15888
38 4 -9.42102
38 5 -9.74582
38 6 -10.0774
38 7 -10.4096
38 8 -10.7426
38 9 -11.0553
38 10 -11.3679
38 11 -11.6765
38 12 -11.9741
38 13 -12.2574
38 14 -12.5284
38 15 -12.8059
38 16 -13.0669
38 17 -13.3114
38 18 -13.5664
38 19 -13.8045
38 20 -14.0363
38 21 -14.2691
38 22 -14.5026
38 23 -14.7147
38 24 -14.9285
38 25 -15.1408
38 26 -15.3494
38 27 -15.5468
38 28 -15.7393
38 29 -15.9309
38 30 -16.1289
38 31 -16.3036
38 32 -16.4846
38 33 -16.6582
38 34 -16.8272
38 35 -16.9859
38 36 -17.1444
38 37 -17.2965
38 38 -17.4458
38 39 -17.5886
38 40 -17.7278
39 -10 -9.27192
39 -9 -9.24453
39 -8 -9.22009
39 -7 -9.19805
39 -6 -9.17914
39 -5 -9.17258
39 -4 -9.14605
39 -3 -9.10714
39 -2 -9.07151
39 -1 -9.03861
39 0 -9.01206
39 1 -8.97345
39 2 -9.00679
39 3 -9.17906
39 4 -9.44506
39 5 -9.75538
39 6 -10.0894
39 7 -10.4315
39 8 -10.7489
39 9 -11.0748
39 10 -11.3789
39 11 -11.6901
39 12 -11.9822
39 13 -12.2615
39 14 -12.5377
39 15 -12.817
39 16 -13.0747
39 17 -13.3307
39 18 -13.5685
39 19 -13.8172
39 20 -14.0477
39 21 -14.2752
39 22 -14.5113
39 23 -14.7297
39 24 -14.9396
39 25 -15.1499
39 26 -15.3575
39 27 -15.5602
39 28 -15.755
39 29 -15.952
39 30 -16.1271
39 31 -16.3147
39 32 -16.4915
39 33 -16.6629
39 34 -16.833
39 35 -16.9986
39 36 -17.1531
39 37 -17.3108
39 38 -17.4616
39 39 -17.6034
39 40 -17.7357
40 -10 -9.27598
40 -9 -9.25669
40 -8 -9.22234
40 -7 -9.21062
40 -6 -9.18765
40 -5 -9.16094
40 -4 -9.15572
40 -3 -9.12004
40 -2 -9.07447
40 -1 -9.04168
40 0 -9.0184
40 1 -8.98826
40 2 -9.01366
40 3 -9.18748
40 4 -9.46532
40 5 -9.76161
40 6 -10.0985
40 7 -10.4431
40 8 -10.769
40 9 -11.0828
40 10 -11.3997
40 11 -11.6919
40 12 -11.9946
40 13 -12.2765
40 14 -12.5492
40 15 -12.8254
40 16 -13.0885
40 17 -13.3393
40 18 -13.5799
40 19 -13.8222
40 20 -14.0663
40 21 -14.2871
40 22 -14.5185
40 23 -14.7279
40 24 -14.9515
40 25 -15.1594
40 26 -15.3668
40 27 -15.5659
40 28 -15.7607
40 29 -15.9502
40 30 -16.15
40 31 -16.319
40 32 -16.5011
40 33 -16.6727
40 34 -16.8404
40 35 -17.006
40 36 -17.1613
40 37 -17.3104
40 38 -17.464
40 39 -17.609
40 40 -17.7516
