-10 -10 -10.3789
-10 -9 -10.3711
-10 -8 -10.3389
-10 -7 -10.3095
-10 -6 -10.298
-10 -5 -10.282
-10 -4 -10.2803
-10 -3 -10.2508
-10 -2 -10.2598
-10 -1 -10.225
-10 0 -10.1847
-10 1 -10.1653
-10 2 -10.2074
-10 3 -10.401
-10 4 -10.6679
-10 5 -10.9901
-10 6 -11.3173
-10 7 -11.6492
-10 8 -11.9646
-10 9 -12.2734
-10 10 -12.5991
-10 11 -12.8984
-10 12 -13.1957
-10 13 -13.4662
-10 14 -13.7556
-10 15 -14.0161
-10 16 -14.2752
-10 17 -14.5289
-10 18 -14.7688
-10 19 -15.0124
-10 20 -15.2416
-10 21 -15.4759
-10 22 -15.7011
-10 23 -15.8987
-10 24 -16.112
-10 25 -16.3153
-10 26 -16.5049
-10 27 -16.6897
-10 28 -16.879
-10 29 -17.0326
-10 30 -17.216
-10 31 -17.3558
-10 32 -17.513
-10 33 -17.6498
-10 34 -17.7793
-10 35 -17.922
-10 36 -18.0543
-10 37 -18.177
-10 38 -18.3056
-10 39 -18.4204
-10 40 -18.5444
-9 -10 -10.3688
-9 -9 -10.3249
-9 -8 -10.3292
-9 -7 -10.2822
-9 -6 -10.2889
-9 -5 -10.2859
-9 -4 -10.2517
-9 -3 -10.2389
-9 -2 -10.2217
-9 -1 -10.2006
-9 0 -10.1683
-9 1 -10.1557
-9 2 -10.2169
-9 3 -10.3977
-9 4 -10.6471
-9 5 -10.9849
-9 6 -11.3144
-9 7 -11.6244
-9 8 -11.9491
-9 9 -12.2775
-9 10 -12.583
-9 11 -12.8795
-9 12 -13.1796
-9 13 -13.4551
-9 14 -13.729
-9 15 -13.9965
-9 16 -14.2438
-9 17 -14.4955
-9 18 -14.748
-9 19 -14.9939
-9 20 -15.2121
-9 21 -15.4364
-9 22 -15.6489
-9 23 -15.8765
-9 24 -16.0733
-9 25 -16.2845
-9 26 -16.4722
-9 27 -16.6652
-9 28 -16.8319
-9 29 -17.011
-9 30 -17.1605
-9 31 -17.3312
-9 32 -17.4771
-9 33 -17.6079
-9 34 -17.7565
-9 35 -17.8894
-9 36 -18.0207
-9 37 -18.1563
-9 38 -18.2671
-9 39 -18.4065
-9 40 -18.5203
-8 -10 -10.3341
-8 -9 -10.3016
-8 -8 -10.2901
-8 -7 -10.3002
-8 -6 -10.2819
-8 -5 -10.2601
-8 -4 -10.2361
-8 -3 -10.2167
-8 -2 -10.1875
-8 -1 -10.1779
-8 0 -10.1452
-8 1 -10.1397
-8 2 -10.1812
-8 3 -10.3573
-8 4 -10.6326
-8 5 -10.9592
-8 6 -11.271
-8 7 -11.611
-8 8 -11.9407
-8 9 -12.256
-8 10 -12.5711
-8 11 -12.8649
-8 12 -13.1553
-8 13 -13.4441
-8 14 -13.7282
-8 15 -13.9875
-8 16 -14.2462
-8 17 -14.4963
-8 18 -14.7343
-8 19 -14.9637
-8 20 -15.202
-8 21 -15.4305
-8 22 -15.6243
-8 23 -15.8493
-8 24 -16.052
-8 25 -16.2434
-8 26 -16.4475
-8 27 -16.627
-8 28 -16.809
-8 29 -16.9848
-8 30 -17.149
-8 31 -17.3027
-8 32 -17.4512
-8 33 -17.5977
-8 34 -17.7361
-8 35 -17.8627
-8 36 -18.0014
-8 37 -18.1175
-8 38 -18.2533
-8 39 -18.3773
-8 40 -18.5008
-7 -10 -10.3077
-7 -9 -10.2931
-7 -8 -10.2836
-7 -7 -10.2763
-7 -6 -10.2575
-7 -5 -10.2403
-7 -4 -10.2222
-7 -3 -10.1862
-7 -2 -10.1749
-7 -1 -10.1594
-7 0 -10.1424
-7 1 -10.1149
-7 2 -10.1406
-7 3 -10.3206
-7 4 -10.5945
-7 5 -10.9049
-7 6 -11.2278
-7 7 -11.5809
-7 8 -11.8995
-7 9 -12.2191
-7 10 -12.5456
-7 11 -12.8594
-7 12 -13.1602
-7 13 -13.4245
-7 14 -13.7118
-7 15 -13.985
-7 16 -14.2443
-7 17 -14.4937
-7 18 -14.7212
-7 19 -14.9618
-7 20 -15.2065
-7 21 -15.4292
-7 22 -15.6286
-7 23 -15.8339
-7 24 -16.0363
-7 25 -16.236
-7 26 -16.426
-7 27 -16.6091
-7 28 -16.7871
-7 29 -16.9554
-7 30 -17.1296
-7 31 -17.2794
-7 32 -17.4323
-7 33 -17.5811
-7 34 -17.7213
-7 35 -17.8403
-7 36 -17.9739
-7 37 -18.0972
-7 38 -18.2291
-7 39 -18.3539
-7 40 -18.4759
-6 -10 -10.2902
-6 -9 -10.2879
-6 -8 -10.2823
-6 -7 -10.2664
-6 -6 -10.253
-6 -5 -10.2161
-6 -4 -10.1919
-6 -3 -10.1744
-6 -2 -10.1521
-6 -1 -10.1342
-6 0 -10.1089
-6 1 -10.0827
-6 2 -10.1288
-6 3 -10.2919
-6 4 -10.566
-6 5 -10.8539
-6 6 -11.215
-6 7 -11.5472
-6 8 -11.8656
-6 9 -12.1969
-6 10 -12.5064
-6 11 -12.8114
-6 12 -13.1067
-6 13 -13.3957
-6 14 -13.6883
-6 15 -13.9508
-6 16 -14.2414
-6 17 -14.474
-6 18 -14.7238
-6 19 -14.9678
-6 20 -15.1958
-6 21 -15.4115
-6 22 -15.6236
-6 23 -15.8357
-6 24 -16.0357
-6 25 -16.2274
-6 26 -16.4195
-6 27 -16.6043
-6 28 -16.7806
-6 29 -16.9425
-6 30 -17.1139
-6 31 -17.2652
-6 32 -17.4241
-6 33 -17.5674
-6 34 -17.6933
-6 35 -17.827
-6 36 -17.964
-6 37 -18.0904
-6 38 -18.2208
-6 39 -18.3388
-6 40 -18.458
-5 -10 -10.2987
-5 -9 -10.2997
-5 -8 -10.2813
-5 -7 -10.2597
-5 -6 -10.2294
-5 -5 -10.1916
-5 -4 -10.169
-5 -3 -10.1642
-5 -2 -10.1625
-5 -1 -10.143
-5 0 -10.1048
-5 1 -10.0613
-5 2 -10.1032
-5 3 -10.2892
-5 4 -10.5605
-5 5 -10.8722
-5 6 -11.1903
-5 7 -11.5053
-5 8 -11.8347
-5 9 -12.1628
-5 10 -12.4765
-5 11 -12.7719
-5 12 -13.081
-5 13 -13.3587
-5 14 -13.6374
-5 15 -13.9214
-5 16 -14.201
-5 17 -14.448
-5 18 -14.7072
-5 19 -14.9515
-5 20 -15.1796
-5 21 -15.4046
-5 22 -15.6106
-5 23 -15.8341
-5 24 -16.0309
-5 25 -16.2246
-5 26 -16.4258
-5 27 -16.6001
-5 28 -16.7743
-5 29 -16.9459
-5 30 -17.1046
-5 31 -17.2589
-5 32 -17.4077
-5 33 -17.5519
-5 34 -17.6919
-5 35 -17.8239
-5 36 -17.9531
-5 37 -18.0749
-5 38 -18.2147
-5 39 -18.3349
-5 40 -18.4496
-4 -10 -10.2948
-4 -9 -10.2979
-4 -8 -10.2759
-4 -7 -10.2467
-4 -6 -10.2136
-4 -5 -10.1969
-4 -4 -10.1751
-4 -3 -10.1529
-4 -2 -10.1293
-4 -1 -10.1028
-4 0 -10.0575
-4 1 -10.0413
-4 2 -10.0955
-4 3 -10.2845
-4 4 -10.5582
-4 5 -10.851
-4 6 -11.1908
-4 7 -11.5127
-4 8 -11.8249
-4 9 -12.1678
-4 10 -12.4682
-4 11 -12.7682
-4 12 -13.0674
-4 13 -13.3673
-4 14 -13.6288
-4 15 -13.9036
-4 16 -14.1615
-4 17 -14.4302
-4 18 -14.6706
-4 19 -14.9174
-4 20 -15.1464
-4 21 -15.3767
-4 22 -15.6146
-4 23 -15.82
-4 24 -16.0143
-4 25 -16.2184
-4 26 -16.4012
-4 27 -16.5934
-4 28 -16.7725
-4 29 -16.9486
-4 30 -17.1038
-4 31 -17.2612
-4 32 -17.4047
-4 33 -17.5486
-4 34 -17.6836
-4 35 -17.8168
-4 36 -17.9448
-4 37 -18.0659
-4 38 -18.2042
-4 39 -18.3237
-4 40 -18.4521
-3 -10 -10.3117
-3 -9 -10.2862
-3 -8 -10.2631
-3 -7 -10.2425
-3 -6 -10.2209
-3 -5 -10.1958
-3 -4 -10.1897
-3 -3 -10.1559
-3 -2 -10.1198
-3 -1 -10.0831
-3 0 -10.0587
-3 1 -10.0335
-3 2 -10.0905
-3 3 -10.2925
-3 4 -10.5526
-3 5 -10.8699
-3 6 -11.1913
-3 7 -11.5239
-3 8 -11.835
-3 9 -12.1852
-3 10 -12.4621
-3 11 -12.7604
-3 12 -13.0712
-3 13 -13.3498
-3 14 -13.6192
-3 15 -13.8768
-3 16 -14.1603
-3 17 -14.3982
-3 18 -14.6408
-3 19 -14.88
-3 20 -15.1327
-3 21 -15.367
-3 22 -15.5939
-3 23 -15.7899
-3 24 -15.9929
-3 25 -16.2032
-3 26 -16.3957
-3 27 -16.5877
-3 28 -16.763
-3 29 -16.9253
-3 30 -17.0939
-3 31 -17.259
-3 32 -17.4052
-3 33 -17.5453
-3 34 -17.6873
-3 35 -17.8129
-3 36 -17.947
-3 37 -18.0663
-3 38 -18.1979
-3 39 -18.3181
-3 40 -18.4426
-2 -10 -10.3234
-2 -9 -10.2859
-2 -8 -10.2715
-2 -7 -10.2436
-2 -6 -10.217
-2 -5 -10.2168
-2 -4 -10.1835
-2 -3 -10.1581
-2 -2 -10.1182
-2 -1 -10.0853
-2 0 -10.0645
-2 1 -10.0414
-2 2 -10.083
-2 3 -10.271
-2 4 -10.5425
-2 5 -10.8478
-2 6 -11.185
-2 7 -11.5076
-2 8 -11.8429
-2 9 -12.1757
-2 10 -12.4898
-2 11 -12.7794
-2 12 -13.0648
-2 13 -13.3485
-2 14 -13.6287
-2 15 -13.8925
-2 16 -14.1477
-2 17 -14.4075
-2 18 -14.6481
-2 19 -14.8854
-2 20 -15.1186
-2 21 -15.3421
-2 22 -15.5824
-2 23 -15.7792
-2 24 -16.0104
-2 25 -16.1984
-2 26 -16.3956
-2 27 -16.5705
-2 28 -16.7627
-2 29 -16.9399
-2 30 -17.0978
-2 31 -17.2607
-2 32 -17.4197
-2 33 -17.5503
-2 34 -17.6896
-2 35 -17.8177
-2 36 -17.9346
-2 37 -18.0695
-2 38 -18.1923
-2 39 -18.316
-2 40 -18.4419
-1 -10 -10.3025
-1 -9 -10.2873
-1 -8 -10.2663
-1 -7 -10.2353
-1 -6 -10.2202
-1 -5 -10.2217
-1 -4 -10.1774
-1 -3 -10.1503
-1 -2 -10.118
-1 -1 -10.0832
-1 0 -10.0671
-1 1 -10.0483
-1 2 -10.0506
-1 3 -10.2365
-1 4 -10.5163
-1 5 -10.8436
-1 6 -11.1858
-1 7 -11.5039
-1 8 -11.8318
-1 9 -12.1518
-1 10 -12.4919
-1 11 -12.7832
-1 12 -13.0925
-1 13 -13.3821
-1 14 -13.6392
-1 15 -13.9019
-1 16 -14.1839
-1 17 -14.4077
-1 18 -14.669
-1 19 -14.8789
-1 20 -15.1417
-1 21 -15.3563
-1 22 -15.5622
-1 23 -15.7796
-1 24 -15.9921
-1 25 -16.1895
-1 26 -16.3935
-1 27 -16.5899
-1 28 -16.7644
-1 29 -16.9339
-1 30 -17.1026
-1 31 -17.2667
-1 32 -17.4123
-1 33 -17.56
-1 34 -17.6923
-1 35 -17.827
-1 36 -17.9622
-1 37 -18.0835
-1 38 -18.2087
-1 39 -18.3437
-1 40 -18.4569
0 -10 -10.3051
0 -9 -10.2937
0 -8 -10.2865
0 -7 -10.2521
0 -6 -10.2428
0 -5 -10.2162
0 -4 -10.1709
0 -3 -10.1356
0 -2 -10.128
0 -1 -10.1172
0 0 -10.0959
0 1 -10.0476
0 2 -10.0303
0 3 -10.2337
0 4 -10.5026
0 5 -10.8313
0 6 -11.1448
0 7 -11.5032
0 8 -11.8207
0 9 -12.1495
0 10 -12.4945
0 11 -12.8192
0 12 -13.1146
0 13 -13.3926
0 14 -13.6781
0 15 -13.9412
0 16 -14.2033
0 17 -14.4425
0 18 -14.6784
0 19 -14.9166
0 20 -15.1571
0 21 -15.3642
0 22 -15.5939
0 23 -15.8003
0 24 -16.0209
0 25 -16.2192
0 26 -16.4029
0 27 -16.6018
0 28 -16.785
0 29 -16.9541
0 30 -17.1222
0 31 -17.2859
0 32 -17.4324
0 33 -17.5802
0 34 -17.7048
0 35 -17.856
0 36 -17.9924
0 37 -18.1013
0 38 -18.2285
0 39 -18.3689
0 40 -18.4706
1 -10 -10.3251
1 -9 -10.3118
1 -8 -10.3029
1 -7 -10.288
1 -6 -10.2753
1 -5 -10.2252
1 -4 -10.1719
1 -3 -10.1579
1 -2 -10.1625
1 -1 -10.1478
1 0 -10.1081
1 1 -10.043
1 2 -10.0587
1 3 -10.2385
1 4 -10.5311
1 5 -10.8565
1 6 -11.1887
1 7 -11.5049
1 8 -11.8352
1 9 -12.1994
1 10 -12.5238
1 11 -12.8356
1 12 -13.138
1 13 -13.4153
1 14 -13.706
1 15 -13.9859
1 16 -14.2376
1 17 -14.4858
1 18 -14.7218
1 19 -14.9704
1 20 -15.1846
1 21 -15.4208
1 22 -15.635
1 23 -15.8431
1 24 -16.0418
1 25 -16.2389
1 26 -16.4397
1 27 -16.6359
1 28 -16.8094
1 29 -16.9773
1 30 -17.1711
1 31 -17.3227
1 32 -17.471
1 33 -17.6168
1 34 -17.7478
1 35 -17.8843
1 36 -18.0228
1 37 -18.1511
1 38 -18.2712
1 39 -18.3867
1 40 -18.5169
2 -10 -10.3719
2 -9 -10.3615
2 -8 -10.3509
2 -7 -10.3415
2 -6 -10.316
2 -5 -10.281
2 -4 -10.2262
2 -3 -10.2212
2 -2 -10.196
2 -1 -10.1898
2 0 -10.1627
2 1 -10.1184
2 2 -10.128
2 3 -10.2868
2 4 -10.5575
2 5 -10.8878
2 6 -11.2263
2 7 -11.5558
2 8 -11.8692
2 9 -12.2285
2 10 -12.5769
2 11 -12.8812
2 12 -13.1923
2 13 -13.4723
2 14 -13.754
2 15 -14.0322
2 16 -14.284
2 17 -14.54
2 18 -14.7724
2 19 -15.0183
2 20 -15.2462
2 21 -15.4627
2 22 -15.6789
2 23 -15.8969
2 24 -16.0994
2 25 -16.2997
2 26 -16.4955
2 27 -16.6871
2 28 -16.8544
2 29 -17.0515
2 30 -17.2011
2 31 -17.3575
2 32 -17.5238
2 33 -17.6627
2 34 -17.8037
2 35 -17.9398
2 36 -18.063
2 37 -18.1999
2 38 -18.3227
2 39 -18.4505
2 40 -18.5673
3 -10 -10.4367
3 -9 -10.4177
3 -8 -10.4041
3 -7 -10.3794
3 -6 -10.3728
3 -5 -10.331
3 -4 -10.295
3 -3 -10.2603
3 -2 -10.2404
3 -1 -10.2272
3 0 -10.1853
3 1 -10.1816
3 2 -10.1856
3 3 -10.3746
3 4 -10.6423
3 5 -10.9689
3 6 -11.2703
3 7 -11.6269
3 8 -11.9838
3 9 -12.2832
3 10 -12.6095
3 11 -12.9257
3 12 -13.2197
3 13 -13.5134
3 14 -13.7825
3 15 -14.079
3 16 -14.3395
3 17 -14.5794
3 18 -14.8169
3 19 -15.055
3 20 -15.2786
3 21 -15.5095
3 22 -15.7209
3 23 -15.9326
3 24 -16.1479
3 25 -16.3374
3 26 -16.547
3 27 -16.7222
3 28 -16.9173
3 29 -17.0986
3 30 -17.2592
3 31 -17.425
3 32 -17.571
3 33 -17.7149
3 34 -17.8532
3 35 -17.9871
3 36 -18.1229
3 37 -18.249
3 38 -18.3788
3 39 -18.4975
3 40 -18.6235
4 -10 -10.4951
4 -9 -10.4597
4 -8 -10.4528
4 -7 -10.4277
4 -6 -10.4014
4 -5 -10.3751
4 -4 -10.346
4 -3 -10.3247
4 -2 -10.2853
4 -1 -10.2485
4 0 -10.2254
4 1 -10.1975
4 2 -10.2629
4 3 -10.4329
4 4 -10.7084
4 5 -11.0407
4 6 -11.3623
4 7 -11.6857
4 8 -12.0236
4 9 -12.347
4 10 -12.6627
4 11 -12.9587
4 12 -13.2712
4 13 -13.5597
4 14 -13.8284
4 15 -14.1063
4 16 -14.3678
4 17 -14.6293
4 18 -14.8723
4 19 -15.0988
4 20 -15.3394
4 21 -15.5447
4 22 -15.7774
4 23 -15.979
4 24 -16.1904
4 25 -16.3926
4 26 -16.591
4 27 -16.7773
4 28 -16.9637
4 29 -17.1457
4 30 -17.3027
4 31 -17.4786
4 32 -17.6162
4 33 -17.7585
4 34 -17.9104
4 35 -18.0326
4 36 -18.1787
4 37 -18.2965
4 38 -18.4301
4 39 -18.5478
4 40 -18.6588
5 -10 -10.5469
5 -9 -10.525
5 -8 -10.4901
5 -7 -10.4584
5 -6 -10.4329
5 -5 -10.4253
5 -4 -10.4032
5 -3 -10.3778
5 -2 -10.3478
5 -1 -10.2796
5 0 -10.2522
5 1 -10.2292
5 2 -10.2841
5 3 -10.4705
5 4 -10.7465
5 5 -11.0742
5 6 -11.4089
5 7 -11.7305
5 8 -12.0395
5 9 -12.3851
5 10 -12.689
5 11 -12.9965
5 12 -13.2883
5 13 -13.5893
5 14 -13.8618
5 15 -14.13
5 16 -14.4012
5 17 -14.6643
5 18 -14.9108
5 19 -15.1481
5 20 -15.3746
5 21 -15.6082
5 22 -15.8379
5 23 -16.049
5 24 -16.2608
5 25 -16.4599
5 26 -16.639
5 27 -16.8419
5 28 -17.0233
5 29 -17.2065
5 30 -17.3663
5 31 -17.528
5 32 -17.6759
5 33 -17.8213
5 34 -17.9536
5 35 -18.0899
5 36 -18.2199
5 37 -18.3497
5 38 -18.4698
5 39 -18.5841
5 40 -18.6981
6 -10 -10.5726
6 -9 -10.568
6 -8 -10.5449
6 -7 -10.514
6 -6 -10.4771
6 -5 -10.4523
6 -4 -10.4386
6 -3 -10.4216
6 -2 -10.4011
6 -1 -10.361
6 0 -10.3033
6 1 -10.282
6 2 -10.3173
6 3 -10.5175
6 4 -10.7956
6 5 -11.11
6 6 -11.4367
6 7 -11.7693
6 8 -12.0986
6 9 -12.4214
6 10 -12.7296
6 11 -13.0215
6 12 -13.314
6 13 -13.6328
6 14 -13.9166
6 15 -14.188
6 16 -14.4561
6 17 -14.7083
6 18 -14.9677
6 19 -15.2173
6 20 -15.4373
6 21 -15.6724
6 22 -15.8807
6 23 -16.1063
6 24 -16.3255
6 25 -16.5135
6 26 -16.7171
6 27 -16.8966
6 28 -17.0798
6 29 -17.2463
6 30 -17.4183
6 31 -17.577
6 32 -17.7268
6 33 -17.868
6 34 -18.0014
6 35 -18.1395
6 36 -18.2624
6 37 -18.3831
6 38 -18.5079
6 39 -18.624
6 40 -18.7399
7 -10 -10.6268
7 -9 -10.613
7 -8 -10.6027
7 -7 -10.5584
7 -6 -10.5304
7 -5 -10.4932
7 -4 -10.4853
7 -3 -10.4667
7 -2 -10.4596
7 -1 -10.4023
7 0 -10.3436
7 1 -10.3214
7 2 -10.3726
7 3 -10.5495
7 4 -10.8269
7 5 -11.1455
7 6 -11.4743
7 7 -11.8034
7 8 -12.1297
7 9 -12.4559
7 10 -12.7824
7 11 -13.0722
7 12 -13.376
7 13 -13.6744
7 14 -13.9534
7 15 -14.2406
7 16 -14.499
7 17 -14.7684
7 18 -15.0215
7 19 -15.2517
7 20 -15.5008
7 21 -15.7293
7 22 -15.953
7 23 -16.1662
7 24 -16.3707
7 25 -16.5609
7 26 -16.7615
7 27 -16.9332
7 28 -17.1202
7 29 -17.294
7 30 -17.4498
7 31 -17.6016
7 32 -17.7603
7 33 -17.9092
7 34 -18.0472
7 35 -18.1763
7 36 -18.2983
7 37 -18.4247
7 38 -18.5517
7 39 -18.6563
7 40 -18.7747
8 -10 -10.661
8 -9 -10.6579
8 -8 -10.6284
8 -7 -10.6028
8 -6 -10.5721
8 -5 -10.5479
8 -4 -10.5136
8 -3 -10.5095
8 -2 -10.4763
8 -1 -10.4342
8 0 -10.4133
8 1 -10.3678
8 2 -10.4212
8 3 -10.5932
8 4 -10.8907
8 5 -11.1882
8 6 -11.5205
8 7 -11.8732
8 8 -12.1864
8 9 -12.5077
8 10 -12.8271
8 11 -13.1274
8 12 -13.4287
8 13 -13.7192
8 14 -14.0097
8 15 -14.2936
8 16 -14.5688
8 17 -14.821
8 18 -15.0768
8 19 -15.3167
8 20 -15.5457
8 21 -15.7739
8 22 -15.9876
8 23 -16.1951
8 24 -16.4023
8 25 -16.6004
8 26 -16.7857
8 27 -16.9735
8 28 -17.1503
8 29 -17.3243
8 30 -17.4868
8 31 -17.6389
8 32 -17.791
8 33 -17.9403
8 34 -18.0776
8 35 -18.21
8 36 -18.3461
8 37 -18.4583
8 38 -18.5709
8 39 -18.7071
8 40 -18.8163
9 -10 -10.7036
9 -9 -10.683
9 -8 -10.6586
9 -7 -10.637
9 -6 -10.6015
9 -5 -10.5868
9 -4 -10.5593
9 -3 -10.5352
9 -2 -10.5125
9 -1 -10.4766
9 0 -10.4472
9 1 -10.4165
9 2 -10.4636
9 3 -10.6509
9 4 -10.9236
9 5 -11.2476
9 6 -11.5691
9 7 -11.9198
9 8 -12.24
9 9 -12.56
9 10 -12.8709
9 11 -13.1765
9 12 -13.4786
9 13 -13.7708
9 14 -14.0604
9 15 -14.3446
9 16 -14.6028
9 17 -14.8532
9 18 -15.1102
9 19 -15.3404
9 20 -15.5787
9 21 -15.7992
9 22 -16.0188
9 23 -16.2297
9 24 -16.4292
9 25 -16.6309
9 26 -16.8102
9 27 -16.997
9 28 -17.1801
9 29 -17.3411
9 30 -17.5209
9 31 -17.6761
9 32 -17.825
9 33 -17.9664
9 34 -18.1085
9 35 -18.2441
9 36 -18.375
9 37 -18.4934
9 38 -18.6166
9 39 -18.7241
9 40 -18.8455
10 -10 -10.727
10 -9 -10.7096
10 -8 -10.6884
10 -7 -10.6646
10 -6 -10.6443
10 -5 -10.6256
10 -4 -10.6041
10 -3 -10.5834
10 -2 -10.532
10 -1 -10.5051
10 0 -10.4764
10 1 -10.4455
10 2 -10.5045
10 3 -10.6992
10 4 -10.9814
10 5 -11.2936
10 6 -11.6281
10 7 -11.9492
10 8 -12.286
10 9 -12.5917
10 10 -12.9149
10 11 -13.212
10 12 -13.5193
10 13 -13.7981
10 14 -14.0791
10 15 -14.3557
10 16 -14.6435
10 17 -14.8887
10 18 -15.1237
10 19 -15.3771
10 20 -15.6035
10 21 -15.8269
10 22 -16.0494
10 23 -16.258
10 24 -16.4607
10 25 -16.6514
10 26 -16.8486
10 27 -17.022
10 28 -17.2066
10 29 -17.3888
10 30 -17.5516
10 31 -17.7059
10 32 -17.8602
10 33 -18.0083
10 34 -18.1356
10 35 -18.2716
10 36 -18.4057
10 37 -18.5181
10 38 -18.6429
10 39 -18.7622
10 40 -18.8776
11 -10 -10.7552
11 -9 -10.7449
11 -8 -10.7142
11 -7 -10.6893
11 -6 -10.6744
11 -5 -10.655
11 -4 -10.6458
11 -3 -10.6244
11 -2 -10.5783
11 -1 -10.5361
11 0 -10.514
11 1 -10.4781
11 2 -10.5396
11 3 -10.7269
11 4 -11.0051
11 5 -11.3375
11 6 -11.6454
11 7 -11.994
11 8 -12.3148
11 9 -12.6171
11 10 -12.9329
11 11 -13.2346
11 12 -13.5311
11 13 -13.8286
11 14 -14.1076
11 15 -14.3814
11 16 -14.6561
11 17 -14.905
11 18 -15.1497
11 19 -15.4028
11 20 -15.6311
11 21 -15.8516
11 22 -16.0721
11 23 -16.282
11 24 -16.4914
11 25 -16.6809
11 26 -16.8738
11 27 -17.0771
11 28 -17.2463
11 29 -17.4142
11 30 -17.5822
11 31 -17.7429
11 32 -17.9008
11 33 -18.0557
11 34 -18.1812
11 35 -18.3132
11 36 -18.4427
11 37 -18.5627
11 38 -18.6788
11 39 -18.8001
11 40 -18.9139
12 -10 -10.8023
12 -9 -10.7921
12 -8 -10.7672
12 -7 -10.7295
12 -6 -10.6983
12 -5 -10.6853
12 -4 -10.6815
12 -3 -10.6527
12 -2 -10.6259
12 -1 -10.568
12 0 -10.5364
12 1 -10.5156
12 2 -10.556
12 3 -10.7553
12 4 -11.035
12 5 -11.3388
12 6 -11.6684
12 7 -12.0088
12 8 -12.3296
12 9 -12.6604
12 10 -12.9766
12 11 -13.2679
12 12 -13.5704
12 13 -13.8453
12 14 -14.129
12 15 -14.4083
12 16 -14.6762
12 17 -14.9274
12 18 -15.178
12 19 -15.4284
12 20 -15.6719
12 21 -15.9048
12 22 -16.1073
12 23 -16.3233
12 24 -16.528
12 25 -16.7363
12 26 -16.9224
12 27 -17.1141
12 28 -17.2905
12 29 -17.4663
12 30 -17.6359
12 31 -17.7893
12 32 -17.9341
12 33 -18.0904
12 34 -18.2317
12 35 -18.349
12 36 -18.482
12 37 -18.6006
12 38 -18.719
12 39 -18.8351
12 40 -18.9462
13 -10 -10.8394
13 -9 -10.8391
13 -8 -10.7986
13 -7 -10.7749
13 -6 -10.7274
13 -5 -10.7085
13 -4 -10.702
13 -3 -10.6826
13 -2 -10.6516
13 -1 -10.6068
13 0 -10.5684
13 1 -10.55
13 2 -10.5892
13 3 -10.7838
13 4 -11.0527
13 5 -11.3797
13 6 -11.6919
13 7 -12.0195
13 8 -12.3551
13 9 -12.6712
13 10 -12.9829
13 11 -13.2965
13 12 -13.6029
13 13 -13.8876
13 14 -14.154
13 15 -14.4529
13 16 -14.7209
13 17 -14.9803
13 18 -15.2265
13 19 -15.4733
13 20 -15.7118
13 21 -15.9378
13 22 -16.1684
13 23 -16.3749
13 24 -16.5813
13 25 -16.7799
13 26 -16.9638
13 27 -17.1578
13 28 -17.3248
13 29 -17.5061
13 30 -17.669
13 31 -17.8319
13 32 -17.9819
13 33 -18.1183
13 34 -18.263
13 35 -18.3849
13 36 -18.5148
13 37 -18.6328
13 38 -18.7588
13 39 -18.8729
13 40 -18.9803
14 -10 -10.8595
14 -9 -10.8536
14 -8 -10.822
14 -7 -10.7975
14 -6 -10.7627
14 -5 -10.7464
14 -4 -10.7282
14 -3 -10.7085
14 -2 -10.6813
14 -1 -10.6358
14 0 -10.6101
14 1 -10.5699
14 2 -10.6227
14 3 -10.8159
14 4 -11.0784
14 5 -11.3994
14 6 -11.7371
14 7 -12.0661
14 8 -12.3922
14 9 -12.7086
14 10 -13.0417
14 11 -13.3355
14 12 -13.6368
14 13 -13.913
14 14 -14.2043
14 15 -14.4822
14 16 -14.755
14 17 -15.0087
14 18 -15.2629
14 19 -15.5129
14 20 -15.7421
14 21 -15.9699
14 22 -16.1957
14 23 -16.4026
14 24 -16.6175
14 25 -16.8031
14 26 -16.9975
14 27 -17.1805
14 28 -17.3483
14 29 -17.5374
14 30 -17.6936
14 31 -17.8524
14 32 -18
14 33 -18.1461
14 34 -18.2729
14 35 -18.4169
14 36 -18.54
14 37 -18.6596
14 38 -18.775
14 39 -18.8928
14 40 -18.9973
15 -10 -10.8903
15 -9 -10.8654
15 -8 -10.8494
15 -7 -10.8184
15 -6 -10.7928
15 -5 -10.7692
15 -4 -10.7537
15 -3 -10.7246
15 -2 -10.6858
15 -1 -10.6653
15 0 -10.6304
15 1 -10.6033
15 2 -10.6559
15 3 -10.8519
15 4 -11.1248
15 5 -11.4547
15 6 -11.7641
15 7 -12.0985
15 8 -12.4405
15 9 -12.748
15 10 -13.0692
15 11 -13.3557
15 12 -13.6639
15 13 -13.9543
15 14 -14.2299
15 15 -14.5051
15 16 -14.7922
15 17 -15.0545
15 18 -15.2868
15 19 -15.5393
15 20 -15.779
15 21 -15.9961
15 22 -16.2135
15 23 -16.4194
15 24 -16.6341
15 25 -16.8332
15 26 -17.0208
15 27 -17.2015
15 28 -17.3798
15 29 -17.5476
15 30 -17.7143
15 31 -17.8781
15 32 -18.0268
15 33 -18.1613
15 34 -18.29
15 35 -18.4321
15 36 -18.5588
15 37 -18.6787
15 38 -18.8004
15 39 -18.9069
15 40 -19.0232
16 -10 -10.908
16 -9 -10.8877
16 -8 -10.8599
16 -7 -10.8396
16 -6 -10.8183
16 -5 -10.8024
16 -4 -10.7777
16 -3 -10.7541
16 -2 -10.7201
16 -1 -10.6756
16 0 -10.6571
16 1 -10.6349
16 2 -10.6787
16 3 -10.877
16 4 -11.144
16 5 -11.4749
16 6 -11.7985
16 7 -12.1367
16 8 -12.4575
16 9 -12.7842
16 10 -13.0849
16 11 -13.3955
16 12 -13.692
16 13 -13.9842
16 14 -14.2669
16 15 -14.5294
16 16 -14.8051
16 17 -15.0676
16 18 -15.3168
16 19 -15.5648
16 20 -15.7912
16 21 -16.0202
16 22 -16.2368
16 23 -16.4414
16 24 -16.6527
16 25 -16.8506
16 26 -17.0388
16 27 -17.2225
16 28 -17.3913
16 29 -17.5642
16 30 -17.7354
16 31 -17.8946
16 32 -18.0443
16 33 -18.1907
16 34 -18.327
16 35 -18.4571
16 36 -18.5808
16 37 -18.7018
16 38 -18.818
16 39 -18.9284
16 40 -19.0437
17 -10 -10.9318
17 -9 -10.9193
17 -8 -10.8807
17 -7 -10.8603
17 -6 -10.8428
17 -5 -10.8269
17 -4 -10.8088
17 -3 -10.7861
17 -2 -10.7517
17 -1 -10.7021
17 0 -10.6887
17 1 -10.6647
17 2 -10.7087
17 3 -10.9215
17 4 -11.1766
17 5 -11.5013
17 6 -11.8201
17 7 -12.1581
17 8 -12.4839
17 9 -12.8105
17 10 -13.1101
17 11 -13.4225
17 12 -13.7099
17 13 -13.9933
17 14 -14.2731
17 15 -14.5636
17 16 -14.8119
17 17 -15.0928
17 18 -15.3353
17 19 -15.5753
17 20 -15.8161
17 21 -16.0498
17 22 -16.2665
17 23 -16.4651
17 24 -16.6619
17 25 -16.8611
17 26 -17.0503
17 27 -17.2404
17 28 -17.4156
17 29 -17.587
17 30 -17.7575
17 31 -17.9123
17 32 -18.0717
17 33 -18.2037
17 34 -18.3521
17 35 -18.4758
17 36 -18.5997
17 37 -18.7219
17 38 -18.8398
17 39 -18.9514
17 40 -19.0632
18 -10 -10.9533
18 -9 -10.9427
18 -8 -10.9119
18 -7 -10.8749
18 -6 -10.866
18 -5 -10.8394
18 -4 -10.8388
18 -3 -10.8158
18 -2 -10.7669
18 -1 -10.7337
18 0 -10.7147
18 1 -10.6908
18 2 -10.7324
18 3 -10.9238
18 4 -11.2151
18 5 -11.5142
18 6 -11.86
18 7 -12.1719
18 8 -12.5012
18 9 -12.8158
18 10 -13.1304
18 11 -13.4354
18 12 -13.7234
18 13 -14.0207
18 14 -14.301
18 15 -14.5657
18 16 -14.8401
18 17 -15.1016
18 18 -15.3446
18 19 -15.5877
18 20 -15.833
18 21 -16.06
18 22 -16.2846
18 23 -16.4949
18 24 -16.6899
18 25 -16.8964
18 26 -17.0827
18 27 -17.273
18 28 -17.4439
18 29 -17.6225
18 30 -17.7839
18 31 -17.938
18 32 -18.0905
18 33 -18.2331
18 34 -18.3761
18 35 -18.5043
18 36 -18.6325
18 37 -18.7406
18 38 -18.8591
18 39 -18.973
18 40 -19.0845
19 -10 -10.9778
19 -9 -10.9682
19 -8 -10.9395
19 -7 -10.904
19 -6 -10.8787
19 -5 -10.8683
19 -4 -10.8602
19 -3 -10.839
19 -2 -10.8043
19 -1 -10.7592
19 0 -10.7321
19 1 -10.7038
19 2 -10.7558
19 3 -10.9526
19 4 -11.2211
19 5 -11.538
19 6 -11.8484
19 7 -12.2001
19 8 -12.5234
19 9 -12.8508
19 10 -13.1602
19 11 -13.463
19 12 -13.7439
19 13 -14.0481
19 14 -14.3218
19 15 -14.6003
19 16 -14.8599
19 17 -15.1213
19 18 -15.3778
19 19 -15.6277
19 20 -15.8548
19 21 -16.0825
19 22 -16.3092
19 23 -16.5199
19 24 -16.727
19 25 -16.9139
19 26 -17.1147
19 27 -17.3001
19 28 -17.4817
19 29 -17.6525
19 30 -17.82
19 31 -17.9774
19 32 -18.1248
19 33 -18.2696
19 34 -18.4052
19 35 -18.5388
19 36 -18.6614
19 37 -18.7777
19 38 -18.8974
19 39 -19.0061
19 40 -19.1159
20 -10 -10.9979
20 -9 -10.9827
20 -8 -10.9544
20 -7 -10.9218
20 -6 -10.9029
20 -5 -10.8921
20 -4 -10.8785
20 -3 -10.8614
20 -2 -10.8213
20 -1 -10.7816
20 0 -10.7626
20 1 -10.7332
20 2 -10.7754
20 3 -10.9685
20 4 -11.2403
20 5 -11.5735
20 6 -11.8981
20 7 -12.2208
20 8 -12.5377
20 9 -12.8649
20 10 -13.1795
20 11 -13.4852
20 12 -13.7801
20 13 -14.0656
20 14 -14.3469
20 15 -14.6167
20 16 -14.8889
20 17 -15.1522
20 18 -15.4125
20 19 -15.6479
20 20 -15.8828
20 21 -16.1058
20 22 -16.326
20 23 -16.5458
20 24 -16.7488
20 25 -16.9467
20 26 -17.1402
20 27 -17.3236
20 28 -17.508
20 29 -17.6784
20 30 -17.8467
20 31 -17.9963
20 32 -18.1528
20 33 -18.2971
20 34 -18.4355
20 35 -18.5605
20 36 -18.6875
20 37 -18.8076
20 38 -18.9213
20 39 -19.0356
20 40 -19.1404
21 -10 -11.0113
21 -9 -11.0013
21 -8 -10.9759
21 -7 -10.9448
21 -6 -10.9256
21 -5 -10.9071
21 -4 -10.9072
21 -3 -10.8669
21 -2 -10.8394
21 -1 -10.7885
21 0 -10.7755
21 1 -10.7531
21 2 -10.8017
21 3 -10.9947
21 4 -11.2714
21 5 -11.5887
21 6 -11.9112
21 7 -12.2474
21 8 -12.5619
21 9 -12.883
21 10 -13.2042
21 11 -13.5002
21 12 -13.8089
21 13 -14.0903
21 14 -14.3759
21 15 -14.6492
21 16 -14.9175
21 17 -15.1847
21 18 -15.4273
21 19 -15.6677
21 20 -15.9137
21 21 -16.1415
21 22 -16.35
21 23 -16.5725
21 24 -16.7728
21 25 -16.9709
21 26 -17.1577
21 27 -17.3403
21 28 -17.5263
21 29 -17.6897
21 30 -17.8588
21 31 -18.0238
21 32 -18.1693
21 33 -18.3031
21 34 -18.455
21 35 -18.5849
21 36 -18.7074
21 37 -18.8235
21 38 -18.9415
21 39 -19.0574
21 40 -19.1665
22 -10 -11.0256
22 -9 -11.0135
22 -8 -10.9919
22 -7 -10.9638
22 -6 -10.9422
22 -5 -10.9319
22 -4 -10.9128
22 -3 -10.8895
22 -2 -10.8505
22 -1 -10.8208
22 0 -10.7919
22 1 -10.7684
22 2 -10.8167
22 3 -11.0185
22 4 -11.2745
22 5 -11.6057
22 6 -11.9383
22 7 -12.2718
22 8 -12.6005
22 9 -12.9129
22 10 -13.2274
22 11 -13.5286
22 12 -13.8258
22 13 -14.1148
22 14 -14.3951
22 15 -14.6647
22 16 -14.9417
22 17 -15.2112
22 18 -15.4493
22 19 -15.6958
22 20 -15.9181
22 21 -16.1505
22 22 -16.3743
22 23 -16.5799
22 24 -16.7842
22 25 -16.9913
22 26 -17.1725
22 27 -17.3597
22 28 -17.5356
22 29 -17.7101
22 30 -17.8713
22 31 -18.0289
22 32 -18.1771
22 33 -18.33
22 34 -18.4655
22 35 -18.5954
22 36 -18.7212
22 37 -18.8363
22 38 -18.9557
22 39 -19.073
22 40 -19.1883
23 -10 -11.0441
23 -9 -11.0227
23 -8 -11.0071
23 -7 -10.976
23 -6 -10.966
23 -5 -10.9542
23 -4 -10.9323
23 -3 -10.9111
23 -2 -10.872
23 -1 -10.8373
23 0 -10.8295
23 1 -10.802
23 2 -10.845
23 3 -11.0329
23 4 -11.3074
23 5 -11.6185
23 6 -11.9656
23 7 -12.2839
23 8 -12.6194
23 9 -12.9377
23 10 -13.2495
23 11 -13.5535
23 12 -13.8463
23 13 -14.1307
23 14 -14.4172
23 15 -14.6944
23 16 -14.9561
23 17 -15.2015
23 18 -15.465
23 19 -15.7002
23 20 -15.9478
23 21 -16.1638
23 22 -16.3883
23 23 -16.5959
23 24 -16.7986
23 25 -17.0018
23 26 -17.1911
23 27 -17.3735
23 28 -17.5541
23 29 -17.7291
23 30 -17.8916
23 31 -18.0486
23 32 -18.2041
23 33 -18.3433
23 34 -18.4788
23 35 -18.6062
23 36 -18.7384
23 37 -18.8516
23 38 -18.9707
23 39 -19.0866
23 40 -19.1927
24 -10 -11.0567
24 -9 -11.0463
24 -8 -11.0192
24 -7 -10.9943
24 -6 -10.9886
24 -5 -10.9793
24 -4 -10.9516
24 -3 -10.9287
24 -2 -10.8917
24 -1 -10.8597
24 0 -10.8272
24 1 -10.8191
24 2 -10.8555
24 3 -11.0414
24 4 -11.3298
24 5 -11.6463
24 6 -11.966
24 7 -12.3013
24 8 -12.6334
24 9 -12.9568
24 10 -13.2615
24 11 -13.5707
24 12 -13.8596
24 13 -14.1395
24 14 -14.4328
24 15 -14.7048
24 16 -14.9671
24 17 -15.2313
24 18 -15.4819
24 19 -15.7192
24 20 -15.9598
24 21 -16.179
24 22 -16.4076
24 23 -16.6194
24 24 -16.8206
24 25 -17.0178
24 26 -17.2045
24 27 -17.3917
24 28 -17.5728
24 29 -17.7435
24 30 -17.9052
24 31 -18.0648
24 32 -18.2128
24 33 -18.3532
24 34 -18.492
24 35 -18.6282
24 36 -18.7526
24 37 -18.8705
24 38 -18.984
24 39 -19.0979
24 40 -19.206
25 -10 -11.0719
25 -9 -11.0543
25 -8 -11.0394
25 -7 -11.0107
25 -6 -11
25 -5 -10.9842
25 -4 -10.9714
25 -3 -10.9482
25 -2 -10.9064
25 -1 -10.872
25 0 -10.8436
25 1 -10.8344
25 2 -10.865
25 3 -11.0737
25 4 -11.3412
25 5 -11.6561
25 6 -11.9829
25 7 -12.3267
25 8 -12.6479
25 9 -12.9697
25 10 -13.2822
25 11 -13.5791
25 12 -13.8764
25 13 -14.1659
25 14 -14.4449
25 15 -14.7194
25 16 -14.983
25 17 -15.2442
25 18 -15.496
25 19 -15.7355
25 20 -15.9692
25 21 -16.1967
25 22 -16.4221
25 23 -16.6406
25 24 -16.8337
25 25 -17.0353
25 26 -17.2263
25 27 -17.4063
25 28 -17.5846
25 29 -17.76
25 30 -17.9306
25 31 -18.0803
25 32 -18.2324
25 33 -18.3715
25 34 -18.5121
25 35 -18.6411
25 36 -18.7715
25 37 -18.8857
25 38 -19.0046
25 39 -19.1137
25 40 -19.2191
26 -10 -11.081
26 -9 -11.0668
26 -8 -11.0509
26 -7 -11.0262
26 -6 -11.0053
26 -5 -10.9953
26 -4 -10.9816
26 -3 -10.9639
26 -2 -10.9226
26 -1 -10.8904
26 0 -10.873
26 1 -10.8563
26 2 -10.8846
26 3 -11.0808
26 4 -11.3559
26 5 -11.6776
26 6 -11.9897
26 7 -12.3271
26 8 -12.6703
26 9 -12.9863
26 10 -13.2985
26 11 -13.6099
26 12 -13.8962
26 13 -14.1851
26 14 -14.464
26 15 -14.7351
26 16 -14.9978
26 17 -15.2638
26 18 -15.5157
26 19 -15.7502
26 20 -15.9929
26 21 -16.2124
26 22 -16.4343
26 23 -16.6497
26 24 -16.8469
26 25 -17.048
26 26 -17.2361
26 27 -17.4269
26 28 -17.6038
26 29 -17.7812
26 30 -17.9455
26 31 -18.0984
26 32 -18.2547
26 33 -18.4021
26 34 -18.54
26 35 -18.6638
26 36 -18.7873
26 37 -18.9087
26 38 -19.0195
26 39 -19.1355
26 40 -19.2449
27 -10 -11.0888
27 -9 -11.0768
27 -8 -11.0638
27 -7 -11.0303
27 -6 -11.0148
27 -5 -11.0021
27 -4 -10.996
27 -3 -10.9767
27 -2 -10.9437
27 -1 -10.9059
27 0 -10.8846
27 1 -10.8742
27 2 -10.9006
27 3 -11.1
27 4 -11.3727
27 5 -11.6807
27 6 -12.0118
27 7 -12.3428
27 8 -12.694
27 9 -13.0073
27 10 -13.3149
27 11 -13.6175
27 12 -13.9131
27 13 -14.2024
27 14 -14.487
27 15 -14.7664
27 16 -15.0396
27 17 -15.2799
27 18 -15.5318
27 19 -15.7737
27 20 -16.0014
27 21 -16.231
27 22 -16.4469
27 23 -16.6556
27 24 -16.8755
27 25 -17.0719
27 26 -17.2579
27 27 -17.4373
27 28 -17.625
27 29 -17.7941
27 30 -17.9629
27 31 -18.114
27 32 -18.2727
27 33 -18.4161
27 34 -18.5478
27 35 -18.6823
27 36 -18.8083
27 37 -18.9278
27 38 -19.0436
27 39 -19.149
27 40 -19.2653
28 -10 -11.0896
28 -9 -11.0895
28 -8 -11.0717
28 -7 -11.0523
28 -6 -11.0356
28 -5 -11.0173
28 -4 -11.0024
28 -3 -10.9826
28 -2 -10.9435
28 -1 -10.9269
28 0 -10.9025
28 1 -10.8827
28 2 -10.9316
28 3 -11.1126
28 4 -11.3929
28 5 -11.7215
28 6 -12.045
28 7 -12.3746
28 8 -12.7034
28 9 -13.0235
28 10 -13.3205
28 11 -13.6315
28 12 -13.9377
28 13 -14.2238
28 14 -14.4998
28 15 -14.7775
28 16 -15.0373
28 17 -15.2949
28 18 -15.5392
28 19 -15.7796
28 20 -16.0231
28 21 -16.2409
28 22 -16.4743
28 23 -16.6751
28 24 -16.8737
28 25 -17.0794
28 26 -17.2689
28 27 -17.4539
28 28 -17.6363
28 29 -17.8084
28 30 -17.9683
28 31 -18.132
28 32 -18.2834
28 33 -18.4331
28 34 -18.5619
28 35 -18.697
28 36 -18.8197
28 37 -18.9371
28 38 -19.0589
28 39 -19.1711
28 40 -19.284
29 -10 -11.0949
29 -9 -11.0872
29 -8 -11.0754
29 -7 -11.0561
29 -6 -11.0401
29 -5 -11.0284
29 -4 -11.0132
29 -3 -11.0013
29 -2 -10.961
29 -1 -10.9393
29 0 -10.925
29 1 -10.8915
29 2 -10.9357
29 3 -11.1387
29 4 -11.4083
29 5 -11.7263
29 6 -12.0604
29 7 -12.3823
29 8 -12.7163
29 9 -13.0325
29 10 -13.3584
29 11 -13.6419
29 12 -13.9396
29 13 -14.2406
29 14 -14.5165
29 15 -14.7938
29 16 -15.0548
29 17 -15.3028
29 18 -15.5607
29 19 -15.8005
29 20 -16.0299
29 21 -16.2573
29 22 -16.4713
29 23 -16.6866
29 24 -16.8891
29 25 -17.0866
29 26 -17.286
29 27 -17.4672
29 28 -17.6424
29 29 -17.8176
29 30 -17.9845
29 31 -18.1363
29 32 -18.2933
29 33 -18.4379
29 34 -18.5685
29 35 -18.7074
29 36 -18.8289
29 37 -18.9532
29 38 -19.0767
29 39 -19.18
29 40 -19.2941
30 -10 -11.0952
30 -9 -11.0894
30 -8 -11.0763
30 -7 -11.0603
30 -6 -11.0468
30 -5 -11.043
30 -4 -11.0325
30 -3 -11.0112
30 -2 -10.9813
30 -1 -10.9473
30 0 -10.9325
30 1 -10.905
30 2 -10.9504
30 3 -11.1417
30 4 -11.4136
30 5 -11.7388
30 6 -12.0651
30 7 -12.3941
30 8 -12.7228
30 9 -13.0404
30 10 -13.3527
30 11 -13.6637
30 12 -13.9564
30 13 -14.2546
30 14 -14.53
30 15 -14.7989
30 16 -15.0597
30 17 -15.3185
30 18 -15.5705
30 19 -15.813
30 20 -16.0503
30 21 -16.2589
30 22 -16.4891
30 23 -16.7004
30 24 -16.9036
30 25 -17.0964
30 26 -17.2869
30 27 -17.4698
30 28 -17.646
30 29 -17.8233
30 30 -17.9822
30 31 -18.1467
30 32 -18.2967
30 33 -18.4426
30 34 -18.5845
30 35 -18.7169
30 36 -18.837
30 37 -18.9551
30 38 -19.0719
30 39 -19.1883
30 40 -19.2946
31 -10 -11.1034
31 -9 -11.1027
31 -8 -11.0898
31 -7 -11.0706
31 -6 -11.0652
31 -5 -11.0541
31 -4 -11.0522
31 -3 -11.0217
31 -2 -10.9887
31 -1 -10.9629
31 0 -10.9367
31 1 -10.9218
31 2 -10.9732
31 3 -11.1591
31 4 -11.4374
31 5 -11.7408
31 6 -12.0771
31 7 -12.4018
31 8 -12.7244
31 9 -13.0596
31 10 -13.3712
31 11 -13.6721
31 12 -13.9731
31 13 -14.2588
31 14 -14.5324
31 15 -14.8112
31 16 -15.0779
31 17 -15.3314
31 18 -15.5816
31 19 -15.82
31 20 -16.0529
31 21 -16.276
31 22 -16.4957
31 23 -16.7027
31 24 -16.9136
31 25 -17.1085
31 26 -17.3004
31 27 -17.4852
31 28 -17.6571
31 29 -17.834
31 30 -18.0007
31 31 -18.1633
31 32 -18.3031
31 33 -18.4541
31 34 -18.5857
31 35 -18.717
31 36 -18.8423
31 37 -18.9671
31 38 -19.0807
31 39 -19.1918
31 40 -19.3025
32 -10 -11.099
32 -9 -11.0975
32 -8 -11.092
32 -7 -11.0752
32 -6 -11.0705
32 -5 -11.0578
32 -4 -11.0493
32 -3 -11.0341
32 -2 -11.0127
32 -1 -10.9598
32 0 -10.9492
32 1 -10.9322
32 2 -10.9789
32 3 -11.1619
32 4 -11.4417
32 5 -11.7507
32 6 -12.0833
32 7 -12.4218
32 8 -12.7375
32 9 -13.0695
32 10 -13.3853
32 11 -13.6838
32 12 -13.9853
32 13 -14.2712
32 14 -14.5471
32 15 -14.8225
32 16 -15.0759
32 17 -15.3347
32 18 -15.5953
32 19 -15.833
32 20 -16.0637
32 21 -16.2941
32 22 -16.51
32 23 -16.7204
32 24 -16.9188
32 25 -17.1153
32 26 -17.3057
32 27 -17.4885
32 28 -17.6696
32 29 -17.8316
32 30 -18.0099
32 31 -18.1641
32 32 -18.3096
32 33 -18.4572
32 34 -18.6002
32 35 -18.7275
32 36 -18.8514
32 37 -18.9677
32 38 -19.0868
32 39 -19.2026
32 40 -19.3146
33 -10 -11.0966
33 -9 -11.1003
33 -8 -11.0826
33 -7 -11.0722
33 -6 -11.0645
33 -5 -11.0552
33 -4 -11.0566
33 -3 -11.0352
33 -2 -11.0066
33 -1 -10.982
33 0 -10.9646
33 1 -10.9338
33 2 -10.9863
33 3 -11.1729
33 4 -11.4573
33 5 -11.7623
33 6 -12.0914
33 7 -12.4338
33 8 -12.7545
33 9 -13.0774
33 10 -13.3801
33 11 -13.694
33 12 -13.9963
33 13 -14.2735
33 14 -14.5611
33 15 -14.8305
33 16 -15.095
33 17 -15.3524
33 18 -15.6022
33 19 -15.8398
33 20 -16.0831
33 21 -16.3035
33 22 -16.522
33 23 -16.7311
33 24 -16.921
33 25 -17.125
33 26 -17.3152
33 27 -17.4974
33 28 -17.6699
33 29 -17.8461
33 30 -18.0138
33 31 -18.1705
33 32 -18.3213
33 33 -18.4662
33 34 -18.6075
33 35 -18.7339
33 36 -18.8578
33 37 -18.9782
33 38 -19.0954
33 39 -19.2056
33 40 -19.3145
34 -10 -11.0997
34 -9 -11.0963
34 -8 -11.0813
34 -7 -11.0714
34 -6 -11.0597
34 -5 -11.0622
34 -4 -11.0464
34 -3 -11.0426
34 -2 -11.0175
34 -1 -10.9945
34 0 -10.9637
34 1 -10.9468
34 2 -10.9963
34 3 -11.1856
34 4 -11.4756
34 5 -11.786
34 6 -12.1172
34 7 -12.451
34 8 -12.7643
34 9 -13.0918
34 10 -13.3971
34 11 -13.7043
34 12 -14.0046
34 13 -14.2915
34 14 -14.5626
34 15 -14.8385
34 16 -15.1113
34 17 -15.3593
34 18 -15.6171
34 19 -15.8478
34 20 -16.0824
34 21 -16.3118
34 22 -16.534
34 23 -16.7368
34 24 -16.9401
34 25 -17.1351
34 26 -17.3297
34 27 -17.5103
34 28 -17.683
34 29 -17.8533
34 30 -18.0268
34 31 -18.1775
34 32 -18.3321
34 33 -18.4744
34 34 -18.6147
34 35 -18.7441
34 36 -18.8712
34 37 -18.9868
34 38 -19.1023
34 39 -19.2202
34 40 -19.3173
35 -10 -11.0956
35 -9 -11.095
35 -8 -11.0847
35 -7 -11.0713
35 -6 -11.0585
35 -5 -11.0594
35 -4 -11.0521
35 -3 -11.0361
35 -2 -11.0282
35 -1 -10.9976
35 0 -10.9789
35 1 -10.9597
35 2 -10.9999
35 3 -11.2081
35 4 -11.4761
35 5 -11.7878
35 6 -12.1216
35 7 -12.4531
35 8 -12.7715
35 9 -13.1015
35 10 -13.407
35 11 -13.7158
35 12 -14.0016
35 13 -14.2951
35 14 -14.5739
35 15 -14.8482
35 16 -15.1072
35 17 -15.3714
35 18 -15.6245
35 19 -15.8612
35 20 -16.0915
35 21 -16.315
35 22 -16.5305
35 23 -16.7325
35 24 -16.9385
35 25 -17.1378
35 26 -17.331
35 27 -17.5154
35 28 -17.6897
35 29 -17.8602
35 30 -18.0306
35 31 -18.1862
35 32 -18.3371
35 33 -18.4832
35 34 -18.6194
35 35 -18.7474
35 36 -18.8768
35 37 -18.9942
35 38 -19.112
35 39 -19.2196
35 40 -19.332
36 -10 -11.0942
36 -9 -11.0933
36 -8 -11.0856
36 -7 -11.0631
36 -6 -11.0526
36 -5 -11.0589
36 -4 -11.0546
36 -3 -11.0457
36 -2 -11.0279
36 -1 -11.0051
36 0 -10.9827
36 1 -10.9692
36 2 -11.0157
36 3 -11.2156
36 4 -11.4873
36 5 -11.8056
36 6 -12.1252
36 7 -12.4667
36 8 -12.7768
36 9 -13.1105
36 10 -13.4159
36 11 -13.721
36 12 -14.0103
36 13 -14.2964
36 14 -14.5721
36 15 -14.8486
36 16 -15.1296
36 17 -15.3798
36 18 -15.613
36 19 -15.8609
36 20 -16.1016
36 21 -16.3211
36 22 -16.5311
36 23 -16.7464
36 24 -16.9504
36 25 -17.1457
36 26 -17.3393
36 27 -17.5158
36 28 -17.6966
36 29 -17.869
36 30 -18.0332
36 31 -18.1874
36 32 -18.3389
36 33 -18.4837
36 34 -18.6202
36 35 -18.7555
36 36 -18.8799
36 37 -18.998
36 38 -19.1218
36 39 -19.2295
36 40 -19.3314
37 -10 -11.0892
37 -9 -11.0892
37 -8 -11.0744
37 -7 -11.0649
37 -6 -11.0643
37 -5 -11.0621
37 -4 -11.0598
37 -3 -11.0453
37 -2 -11.0271
37 -1 -10.9967
37 0 -10.9842
37 1 -10.9691
37 2 -11.0316
37 3 -11.2217
37 4 -11.4961
37 5 -11.8134
37 6 -12.1333
37 7 -12.4753
37 8 -12.7945
37 9 -13.106
37 10 -13.4194
37 11 -13.7291
37 12 -14.0132
37 13 -14.3026
37 14 -14.5852
37 15 -14.8555
37 16 -15.1142
37 17 -15.3669
37 18 -15.6262
37 19 -15.8722
37 20 -16.0964
37 21 -16.316
37 22 -16.5482
37 23 -16.7468
37 24 -16.9495
37 25 -17.1497
37 26 -17.325
37 27 -17.5162
37 28 -17.6951
37 29 -17.86
37 30 -18.0287
37 31 -18.1835
37 32 -18.3404
37 33 -18.4777
37 34 -18.6207
37 35 -18.7498
37 36 -18.8785
37 37 -18.9963
37 38 -19.1179
37 39 -19.2259
37 40 -19.3356
38 -10 -11.0954
38 -9 -11.0897
38 -8 -11.08
38 -7 -11.0647
38 -6 -11.0547
38 -5 -11.0605
38 -4 -11.0597
38 -3 -11.047
38 -2 -11.0215
38 -1 -10.9973
38 0 -10.9932
38 1 -10.9797
38 2 -11.0249
38 3 -11.2206
38 4 -11.5014
38 5 -11.8211
38 6 -12.1458
38 7 -12.4741
38 8 -12.7946
38 9 -13.1134
38 10 -13.4215
38 11 -13.7269
38 12 -14.0243
38 13 -14.3101
38 14 -14.5816
38 15 -14.8604
38 16 -15.1282
38 17 -15.3781
38 18 -15.6307
38 19 -15.869
38 20 -16.1015
38 21 -16.3194
38 22 -16.545
38 23 -16.7519
38 24 -16.9475
38 25 -17.1431
38 26 -17.3338
38 27 -17.5202
38 28 -17.6943
38 29 -17.8651
38 30 -18.0349
38 31 -18.1844
38 32 -18.3412
38 33 -18.4852
38 34 -18.6198
38 35 -18.7516
38 36 -18.8734
38 37 -18.996
38 38 -19.1164
38 39 -19.2231
38 40 -19.3372
39 -10 -11.0984
39 -9 -11.0904
39 -8 -11.0784
39 -7 -11.0682
39 -6 -11.0551
39 -5 -11.0552
39 -4 -11.0537
39 -3 -11.0429
39 -2 -11.0294
39 -1 -11.0085
39 0 -10.9943
39 1 -10.97
39 2 -11.0364
39 3 -11.2346
39 4 -11.5059
39 5 -11.822
39 6 -12.1484
39 7 -12.4873
39 8 -12.797
39 9 -13.1199
39 10 -13.4186
39 11 -13.7239
39 12 -14.0244
39 13 -14.306
39 14 -14.5845
39 15 -14.8562
39 16 -15.1217
39 17 -15.3793
39 18 -15.6246
39 19 -15.8685
39 20 -16.0925
39 21 -16.3187
39 22 -16.5427
39 23 -16.7476
39 24 -16.9497
39 25 -17.1461
39 26 -17.3393
39 27 -17.522
39 28 -17.6955
39 29 -17.8675
39 30 -18.0271
39 31 -18.1853
39 32 -18.3347
39 33 -18.4793
39 34 -18.6157
39 35 -18.7501
39 36 -18.8765
39 37 -18.9952
39 38 -19.113
39 39 -19.2245
39 40 -19.3331
40 -10 -11.0906
40 -9 -11.0891
40 -8 -11.0785
40 -7 -11.0616
40 -6 -11.0562
40 -5 -11.0489
40 -4 -11.0566
40 -3 -11.0478
40 -2 -11.0179
40 -1 -10.9999
40 0 -10.988
40 1 -10.9798
40 2 -11.0234
40 3 -11.2288
40 4 -11.5084
40 5 -11.8157
40 6 -12.1449
40 7 -12.4863
40 8 -12.8117
40 9 -13.1164
40 10 -13.4289
40 11 -13.7234
40 12 -14.0163
40 13 -14.3013
40 14 -14.5757
40 15 -14.8557
40 16 -15.1215
40 17 -15.3768
40 18 -15.6237
40 19 -15.8607
40 20 -16.1013
40 21 -16.3187
40 22 -16.5384
40 23 -16.7403
40 24 -16.9526
40 25 -17.1483
40 26 -17.338
40 27 -17.5193
40 28 -17.6922
40 29 -17.8596
40 30 -18.0321
40 31 -18.1821
40 32 -18.3381
40 33 -18.4829
40 34 -18.6162
40 35 -18.7529
40 36 -18.871
40 37 -18.9932
40 38 -19.1088
40 39 -19.2239
40 40 -19.3268
