-10 -10 -8.88956
-10 -9 -8.90426
-10 -8 -8.87353
-10 -7 -8.84945
-10 -6 -8.83938
-10 -5 -8.8235
-10 -4 -8.79677
-10 -3 -8.76743
-10 -2 -8.73302
-10 -1 -8.70485
-10 0 -8.70623
-10 1 -8.6816
-10 2 -8.71163
-10 3 -8.87259
-10 4 -9.14279
-10 5 -9.46491
-10 6 -9.75857
-10 7 -10.0926
-10 8 -10.4181
-10 9 -10.7515
-10 10 -11.0597
-10 11 -11.3372
-10 12 -11.6437
-10 13 -11.92
-10 14 -12.2073
-10 15 -12.464
-10 16 -12.7406
-10 17 -12.9705
-10 18 -13.2322
-10 19 -13.4549
-10 20 -13.6953
-10 21 -13.944
-10 22 -14.1524
-10 23 -14.3785
-10 24 -14.5837
-10 25 -14.7699
-10 26 -14.9726
-10 27 -15.1753
-10 28 -15.3617
-10 29 -15.5289
-10 30 -15.7447
-10 31 -15.9016
-10 32 -16.0845
-10 33 -16.2483
-10 34 -16.4193
-10 35 -16.5853
-10 36 -16.7415
-10 37 -16.8845
-10 38 -17.0393
-10 39 -17.1701
-10 40 -17.3002
-9 -10 -8.90243
-9 -9 -8.87334
-9 -8 -8.86945
-9 -7 -8.8383
-9 -6 -8.82273
-9 -5 -8.78309
-9 -4 -8.78021
-9 -3 -8.76408
-9 -2 -8.6994
-9 -1 -8.69456
-9 0 -8.656
-9 1 -8.6291
-9 2 -8.66098
-9 3 -8.83946
-9 4 -9.08862
-9 5 -9.39378
-9 6 -9.74974
-9 7 -10.0416
-9 8 -10.4064
-9 9 -10.703
-9 10 -11.012
-9 11 -11.329
-9 12 -11.6154
-9 13 -11.8838
-9 14 -12.1614
-9 15 -12.4411
-9 16 -12.6865
-9 17 -12.9544
-9 18 -13.2016
-9 19 -13.4442
-9 20 -13.6731
-9 21 -13.889
-9 22 -14.1295
-9 23 -14.3375
-9 24 -14.5634
-9 25 -14.7607
-9 26 -14.9679
-9 27 -15.1734
-9 28 -15.3528
-9 29 -15.5309
-9 30 -15.7107
-9 31 -15.8925
-9 32 -16.0354
-9 33 -16.2326
-9 34 -16.3881
-9 35 -16.5586
-9 36 -16.7265
-9 37 -16.8742
-9 38 -17.0222
-9 39 -17.1772
-9 40 -17.3013
-8 -10 -8.8704
-8 -9 -8.84667
-8 -8 -8.83517
-8 -7 -8.8216
-8 -6 -8.8052
-8 -5 -8.77145
-8 -4 -8.74439
-8 -3 -8.72294
-8 -2 -8.69967
-8 -1 -8.66842
-8 0 -8.64477
-8 1 -8.6245
-8 2 -8.64096
-8 3 -8.80277
-8 4 -9.08584
-8 5 -9.37834
-8 6 -9.72504
-8 7 -10.0393
-8 8 -10.3554
-8 9 -10.6626
-8 10 -10.974
-8 11 -11.26
-8 12 -11.5846
-8 13 -11.845
-8 14 -12.1413
-8 15 -12.403
-8 16 -12.6758
-8 17 -12.943
-8 18 -13.147
-8 19 -13.4179
-8 20 -13.6538
-8 21 -13.865
-8 22 -14.0743
-8 23 -14.3189
-8 24 -14.5486
-8 25 -14.7228
-8 26 -14.9274
-8 27 -15.1286
-8 28 -15.3446
-8 29 -15.5314
-8 30 -15.6848
-8 31 -15.8566
-8 32 -16.0332
-8 33 -16.2313
-8 34 -16.3789
-8 35 -16.5422
-8 36 -16.7066
-8 37 -16.8698
-8 38 -16.998
-8 39 -17.1341
-8 40 -17.2746
-7 -10 -8.8487
-7 -9 -8.83961
-7 -8 -8.82563
-7 -7 -8.80403
-7 -6 -8.76067
-7 -5 -8.74327
-7 -4 -8.74781
-7 -3 -8.68563
-7 -2 -8.67917
-7 -1 -8.65045
-7 0 -8.62872
-7 1 -8.5831
-7 2 -8.59789
-7 3 -8.78606
-7 4 -9.0449
-7 5 -9.34058
-7 6 -9.64956
-7 7 -9.99612
-7 8 -10.3049
-7 9 -10.6105
-7 10 -10.9493
-7 11 -11.2408
-7 12 -11.5342
-7 13 -11.8569
-7 14 -12.1135
-7 15 -12.3794
-7 16 -12.633
-7 17 -12.9215
-7 18 -13.1743
-7 19 -13.3994
-7 20 -13.6179
-7 21 -13.8792
-7 22 -14.0786
-7 23 -14.3118
-7 24 -14.4916
-7 25 -14.7166
-7 26 -14.9274
-7 27 -15.1226
-7 28 -15.3222
-7 29 -15.498
-7 30 -15.6606
-7 31 -15.8489
-7 32 -16.0035
-7 33 -16.1955
-7 34 -16.372
-7 35 -16.5191
-7 36 -16.6835
-7 37 -16.8295
-7 38 -16.9755
-7 39 -17.1053
-7 40 -17.2623
-6 -10 -8.84127
-6 -9 -8.81964
-6 -8 -8.81165
-6 -7 -8.77265
-6 -6 -8.75817
-6 -5 -8.72739
-6 -4 -8.70623
-6 -3 -8.66834
-6 -2 -8.66968
-6 -1 -8.60524
-6 0 -8.58878
-6 1 -8.54554
-6 2 -8.57384
-6 3 -8.75609
-6 4 -9.03678
-6 5 -9.32772
-6 6 -9.63942
-6 7 -9.98416
-6 8 -10.2975
-6 9 -10.5996
-6 10 -10.9218
-6 11 -11.231
-6 12 -11.5302
-6 13 -11.8027
-6 14 -12.086
-6 15 -12.349
-6 16 -12.63
-6 17 -12.8642
-6 18 -13.1202
-6 19 -13.3798
-6 20 -13.6056
-6 21 -13.8501
-6 22 -14.0338
-6 23 -14.2557
-6 24 -14.4767
-6 25 -14.7007
-6 26 -14.9033
-6 27 -15.0963
-6 28 -15.2936
-6 29 -15.4756
-6 30 -15.6588
-6 31 -15.8426
-6 32 -16.0184
-6 33 -16.1931
-6 34 -16.3544
-6 35 -16.525
-6 36 -16.6736
-6 37 -16.8176
-6 38 -16.958
-6 39 -17.1214
-6 40 -17.2479
-5 -10 -8.809
-5 -9 -8.80711
-5 -8 -8.76824
-5 -7 -8.75437
-5 -6 -8.72737
-5 -5 -8.71186
-5 -4 -8.66024
-5 -3 -8.64878
-5 -2 -8.61041
-5 -1 -8.60848
-5 0 -8.55021
-5 1 -8.5289
-5 2 -8.55648
-5 3 -8.73068
-5 4 -8.98589
-5 5 -9.30874
-5 6 -9.60709
-5 7 -9.96087
-5 8 -10.2909
-5 9 -10.6056
-5 10 -10.9171
-5 11 -11.227
-5 12 -11.4983
-5 13 -11.7724
-5 14 -12.0525
-5 15 -12.3139
-5 16 -12.561
-5 17 -12.8427
-5 18 -13.0922
-5 19 -13.324
-5 20 -13.5494
-5 21 -13.7891
-5 22 -14.0121
-5 23 -14.2365
-5 24 -14.4539
-5 25 -14.6613
-5 26 -14.8706
-5 27 -15.0751
-5 28 -15.2543
-5 29 -15.4346
-5 30 -15.634
-5 31 -15.8279
-5 32 -15.9687
-5 33 -16.1555
-5 34 -16.3286
-5 35 -16.474
-5 36 -16.6477
-5 37 -16.7938
-5 38 -16.9409
-5 39 -17.0986
-5 40 -17.2221
-4 -10 -8.81824
-4 -9 -8.78962
-4 -8 -8.74054
-4 -7 -8.72669
-4 -6 -8.70559
-4 -5 -8.68373
-4 -4 -8.66656
-4 -3 -8.6166
-4 -2 -8.59254
-4 -1 -8.56462
-4 0 -8.54961
-4 1 -8.5287
-4 2 -8.53696
-4 3 -8.7181
-4 4 -8.98476
-4 5 -9.28928
-4 6 -9.61812
-4 7 -9.93623
-4 8 -10.2596
-4 9 -10.5698
-4 10 -10.8744
-4 11 -11.2062
-4 12 -11.4737
-4 13 -11.7902
-4 14 -12.0358
-4 15 -12.3299
-4 16 -12.5887
-4 17 -12.8134
-4 18 -13.0725
-4 19 -13.3056
-4 20 -13.5668
-4 21 -13.7848
-4 22 -13.9947
-4 23 -14.2144
-4 24 -14.4128
-4 25 -14.6378
-4 26 -14.842
-4 27 -15.0357
-4 28 -15.217
-4 29 -15.4374
-4 30 -15.5829
-4 31 -15.7869
-4 32 -15.9446
-4 33 -16.133
-4 34 -16.3054
-4 35 -16.4608
-4 36 -16.6281
-4 37 -16.7666
-4 38 -16.9193
-4 39 -17.0689
-4 40 -17.2194
-3 -10 -8.8114
-3 -9 -8.77623
-3 -8 -8.74864
-3 -7 -8.73444
-3 -6 -8.72418
-3 -5 -8.67702
-3 -4 -8.65517
-3 -3 -8.60822
-3 -2 -8.61045
-3 -1 -8.56361
-3 0 -8.53485
-3 1 -8.51604
-3 2 -8.54533
-3 3 -8.70808
-3 4 -8.96203
-3 5 -9.26416
-3 6 -9.60094
-3 7 -9.92564
-3 8 -10.2293
-3 9 -10.5727
-3 10 -10.8637
-3 11 -11.1788
-3 12 -11.4681
-3 13 -11.7633
-3 14 -12.0527
-3 15 -12.3136
-3 16 -12.5642
-3 17 -12.7967
-3 18 -13.0583
-3 19 -13.3252
-3 20 -13.5443
-3 21 -13.7637
-3 22 -13.9894
-3 23 -14.2139
-3 24 -14.4107
-3 25 -14.6229
-3 26 -14.8099
-3 27 -15.0326
-3 28 -15.2116
-3 29 -15.4097
-3 30 -15.5891
-3 31 -15.7658
-3 32 -15.9447
-3 33 -16.1178
-3 34 -16.2945
-3 35 -16.4703
-3 36 -16.5933
-3 37 -16.7616
-3 38 -16.9079
-3 39 -17.057
-3 40 -17.1773
-2 -10 -8.81637
-2 -9 -8.7797
-2 -8 -8.76975
-2 -7 -8.72799
-2 -6 -8.69593
-2 -5 -8.69689
-2 -4 -8.66183
-2 -3 -8.61567
-2 -2 -8.58667
-2 -1 -8.53487
-2 0 -8.50902
-2 1 -8.46344
-2 2 -8.45431
-2 3 -8.63227
-2 4 -8.9245
-2 5 -9.22307
-2 6 -9.5843
-2 7 -9.89316
-2 8 -10.2356
-2 9 -10.545
-2 10 -10.8533
-2 11 -11.1528
-2 12 -11.4868
-2 13 -11.7483
-2 14 -12.0218
-2 15 -12.3212
-2 16 -12.5604
-2 17 -12.825
-2 18 -13.0652
-2 19 -13.2845
-2 20 -13.5373
-2 21 -13.762
-2 22 -13.9934
-2 23 -14.2094
-2 24 -14.4115
-2 25 -14.6178
-2 26 -14.8155
-2 27 -15.044
-2 28 -15.2153
-2 29 -15.3989
-2 30 -15.5991
-2 31 -15.7836
-2 32 -15.9274
-2 33 -16.1076
-2 34 -16.285
-2 35 -16.4268
-2 36 -16.605
-2 37 -16.7444
-2 38 -16.9102
-2 39 -17.0439
-2 40 -17.1864
-1 -10 -8.78193
-1 -9 -8.76949
-1 -8 -8.75346
-1 -7 -8.73376
-1 -6 -8.69588
-1 -5 -8.6749
-1 -4 -8.63702
-1 -3 -8.61088
-1 -2 -8.60641
-1 -1 -8.53788
-1 0 -8.51047
-1 1 -8.4595
-1 2 -8.46976
-1 3 -8.6642
-1 4 -8.90971
-1 5 -9.22901
-1 6 -9.56135
-1 7 -9.87721
-1 8 -10.1888
-1 9 -10.5211
-1 10 -10.8126
-1 11 -11.1764
-1 12 -11.4396
-1 13 -11.7143
-1 14 -12.0182
-1 15 -12.2882
-1 16 -12.5562
-1 17 -12.8247
-1 18 -13.0854
-1 19 -13.3162
-1 20 -13.5705
-1 21 -13.7787
-1 22 -14.0017
-1 23 -14.2283
-1 24 -14.4627
-1 25 -14.6509
-1 26 -14.8333
-1 27 -15.0418
-1 28 -15.2212
-1 29 -15.4125
-1 30 -15.6163
-1 31 -15.7859
-1 32 -15.9447
-1 33 -16.1206
-1 34 -16.2997
-1 35 -16.4506
-1 36 -16.6169
-1 37 -16.7513
-1 38 -16.8896
-1 39 -17.045
-1 40 -17.196
0 -10 -8.81456
0 -9 -8.77914
0 -8 -8.78235
0 -7 -8.74427
0 -6 -8.71696
0 -5 -8.68969
0 -4 -8.64143
0 -3 -8.64164
0 -2 -8.59333
0 -1 -8.57286
0 0 -8.5237
0 1 -8.46344
0 2 -8.45895
0 3 -8.68046
0 4 -8.90248
0 5 -9.23177
0 6 -9.58898
0 7 -9.84586
0 8 -10.2242
0 9 -10.5337
0 10 -10.8311
0 11 -11.1266
0 12 -11.4558
0 13 -11.7548
0 14 -12.0181
0 15 -12.3277
0 16 -12.5894
0 17 -12.8306
0 18 -13.1014
0 19 -13.3188
0 20 -13.569
0 21 -13.778
0 22 -14.0206
0 23 -14.2315
0 24 -14.4469
0 25 -14.6474
0 26 -14.8575
0 27 -15.0619
0 28 -15.2569
0 29 -15.4531
0 30 -15.6339
0 31 -15.7911
0 32 -15.9962
0 33 -16.1275
0 34 -16.3074
0 35 -16.4903
0 36 -16.6454
0 37 -16.788
0 38 -16.9278
0 39 -17.0838
0 40 -17.2155
1 -10 -8.83217
1 -9 -8.82989
1 -8 -8.80062
1 -7 -8.76843
1 -6 -8.73081
1 -5 -8.68515
1 -4 -8.6931
1 -3 -8.67375
1 -2 -8.62291
1 -1 -8.60071
1 0 -8.52935
1 1 -8.49656
1 2 -8.50838
1 3 -8.65389
1 4 -8.94514
1 5 -9.27059
1 6 -9.57747
1 7 -9.89054
1 8 -10.2583
1 9 -10.5528
1 10 -10.8652
1 11 -11.1721
1 12 -11.4628
1 13 -11.7546
1 14 -12.048
1 15 -12.3384
1 16 -12.5827
1 17 -12.8419
1 18 -13.1121
1 19 -13.3423
1 20 -13.6074
1 21 -13.8325
1 22 -14.0685
1 23 -14.2576
1 24 -14.4967
1 25 -14.6866
1 26 -14.9062
1 27 -15.0557
1 28 -15.2842
1 29 -15.4672
1 30 -15.6574
1 31 -15.8311
1 32 -16.0097
1 33 -16.1961
1 34 -16.3498
1 35 -16.4994
1 36 -16.6525
1 37 -16.8164
1 38 -16.9602
1 39 -17.1146
1 40 -17.2416
2 -10 -8.88346
2 -9 -8.86219
2 -8 -8.84592
2 -7 -8.80233
2 -6 -8.78918
2 -5 -8.76506
2 -4 -8.72045
2 -3 -8.71734
2 -2 -8.68223
2 -1 -8.60839
2 0 -8.57821
2 1 -8.536
2 2 -8.5252
2 3 -8.72438
2 4 -8.99124
2 5 -9.27153
2 6 -9.60849
2 7 -9.96084
2 8 -10.2571
2 9 -10.5955
2 10 -10.9192
2 11 -11.2067
2 12 -11.516
2 13 -11.826
2 14 -12.1232
2 15 -12.3354
2 16 -12.607
2 17 -12.8997
2 18 -13.1135
2 19 -13.4171
2 20 -13.6503
2 21 -13.8647
2 22 -14.0789
2 23 -14.3034
2 24 -14.5638
2 25 -14.7434
2 26 -14.9348
2 27 -15.1155
2 28 -15.3384
2 29 -15.5095
2 30 -15.6997
2 31 -15.8673
2 32 -16.0328
2 33 -16.2025
2 34 -16.3995
2 35 -16.5574
2 36 -16.7179
2 37 -16.8708
2 38 -17.0418
2 39 -17.1607
2 40 -17.302
3 -10 -8.93221
3 -9 -8.92219
3 -8 -8.88058
3 -7 -8.8564
3 -6 -8.81749
3 -5 -8.79846
3 -4 -8.76625
3 -3 -8.75162
3 -2 -8.72256
3 -1 -8.69219
3 0 -8.62015
3 1 -8.56192
3 2 -8.57567
3 3 -8.74398
3 4 -9.00771
3 5 -9.32917
3 6 -9.64576
3 7 -10.0029
3 8 -10.2794
3 9 -10.6338
3 10 -10.9637
3 11 -11.2617
3 12 -11.5578
3 13 -11.8708
3 14 -12.0878
3 15 -12.4074
3 16 -12.651
3 17 -12.9737
3 18 -13.1841
3 19 -13.4352
3 20 -13.6751
3 21 -13.9081
3 22 -14.1764
3 23 -14.3575
3 24 -14.5879
3 25 -14.7847
3 26 -15.0142
3 27 -15.1754
3 28 -15.4022
3 29 -15.5603
3 30 -15.7602
3 31 -15.9226
3 32 -16.1046
3 33 -16.2975
3 34 -16.4513
3 35 -16.607
3 36 -16.7479
3 37 -16.9257
3 38 -17.0631
3 39 -17.2104
3 40 -17.352
4 -10 -8.9833
4 -9 -8.97411
4 -8 -8.92794
4 -7 -8.90345
4 -6 -8.86162
4 -5 -8.85704
4 -4 -8.82041
4 -3 -8.78596
4 -2 -8.74637
4 -1 -8.71702
4 0 -8.67387
4 1 -8.61169
4 2 -8.61144
4 3 -8.78108
4 4 -9.09334
4 5 -9.36698
4 6 -9.71474
4 7 -10.0446
4 8 -10.3951
4 9 -10.7024
4 10 -11.0073
4 11 -11.295
4 12 -11.6558
4 13 -11.8957
4 14 -12.2018
4 15 -12.4618
4 16 -12.6939
4 17 -13.012
4 18 -13.2643
4 19 -13.4878
4 20 -13.7198
4 21 -13.9739
4 22 -14.1767
4 23 -14.4095
4 24 -14.6191
4 25 -14.8538
4 26 -15.0242
4 27 -15.2312
4 28 -15.4314
4 29 -15.6305
4 30 -15.8056
4 31 -15.9887
4 32 -16.1463
4 33 -16.3347
4 34 -16.4932
4 35 -16.6534
4 36 -16.8052
4 37 -16.9579
4 38 -17.0977
4 39 -17.2603
4 40 -17.4101
5 -10 -9.01736
5 -9 -9.00031
5 -8 -8.98138
5 -7 -8.95161
5 -6 -8.91953
5 -5 -8.89984
5 -4 -8.8769
5 -3 -8.82859
5 -2 -8.8031
5 -1 -8.72089
5 0 -8.70952
5 1 -8.6677
5 2 -8.69082
5 3 -8.86352
5 4 -9.13162
5 5 -9.44956
5 6 -9.77806
5 7 -10.1005
5 8 -10.4507
5 9 -10.7526
5 10 -11.0702
5 11 -11.38
5 12 -11.6677
5 13 -11.9379
5 14 -12.2657
5 15 -12.5512
5 16 -12.7898
5 17 -13.065
5 18 -13.2909
5 19 -13.5329
5 20 -13.7556
5 21 -14.0194
5 22 -14.2394
5 23 -14.4829
5 24 -14.665
5 25 -14.8947
5 26 -15.066
5 27 -15.2768
5 28 -15.4627
5 29 -15.6632
5 30 -15.8533
5 31 -16.0555
5 32 -16.1901
5 33 -16.3776
5 34 -16.5398
5 35 -16.6946
5 36 -16.8564
5 37 -17.0159
5 38 -17.1693
5 39 -17.3122
5 40 -17.4464
6 -10 -9.07329
6 -9 -9.03506
6 -8 -9.02204
6 -7 -8.98536
6 -6 -8.97016
6 -5 -8.95916
6 -4 -8.92414
6 -3 -8.8821
6 -2 -8.83208
6 -1 -8.79221
6 0 -8.77274
6 1 -8.74281
6 2 -8.7413
6 3 -8.90797
6 4 -9.20159
6 5 -9.50718
6 6 -9.79477
6 7 -10.1468
6 8 -10.4848
6 9 -10.8093
6 10 -11.1246
6 11 -11.425
6 12 -11.7282
6 13 -12.0044
6 14 -12.3141
6 15 -12.5765
6 16 -12.8261
6 17 -13.096
6 18 -13.3243
6 19 -13.5825
6 20 -13.8228
6 21 -14.0467
6 22 -14.2776
6 23 -14.5007
6 24 -14.7039
6 25 -14.9169
6 26 -15.1378
6 27 -15.3607
6 28 -15.5087
6 29 -15.7257
6 30 -15.8955
6 31 -16.0843
6 32 -16.2428
6 33 -16.4152
6 34 -16.6005
6 35 -16.7677
6 36 -16.9296
6 37 -17.077
6 38 -17.2324
6 39 -17.3791
6 40 -17.5104
7 -10 -9.10989
7 -9 -9.10837
7 -8 -9.06395
7 -7 -9.0495
7 -6 -9.02997
7 -5 -8.99094
7 -4 -8.96764
7 -3 -8.92067
7 -2 -8.88924
7 -1 -8.82789
7 0 -8.7977
7 1 -8.77488
7 2 -8.7755
7 3 -8.96849
7 4 -9.2159
7 5 -9.50998
7 6 -9.85471
7 7 -10.2012
7 8 -10.5421
7 9 -10.8591
7 10 -11.1506
7 11 -11.4827
7 12 -11.7723
7 13 -12.0534
7 14 -12.3135
7 15 -12.6168
7 16 -12.8598
7 17 -13.1349
7 18 -13.385
7 19 -13.6108
7 20 -13.881
7 21 -14.0887
7 22 -14.3166
7 23 -14.5451
7 24 -14.7492
7 25 -14.991
7 26 -15.1875
7 27 -15.3632
7 28 -15.5821
7 29 -15.7547
7 30 -15.9598
7 31 -16.1193
7 32 -16.2992
7 33 -16.4896
7 34 -16.6481
7 35 -16.8072
7 36 -16.9772
7 37 -17.111
7 38 -17.2778
7 39 -17.4093
7 40 -17.5494
8 -10 -9.18213
8 -9 -9.14021
8 -8 -9.11707
8 -7 -9.0968
8 -6 -9.07529
8 -5 -9.04699
8 -4 -9.00832
8 -3 -8.98817
8 -2 -8.94141
8 -1 -8.90694
8 0 -8.84102
8 1 -8.8296
8 2 -8.83867
8 3 -8.99969
8 4 -9.22525
8 5 -9.57761
8 6 -9.87203
8 7 -10.2827
8 8 -10.5581
8 9 -10.8745
8 10 -11.209
8 11 -11.5251
8 12 -11.8014
8 13 -12.1105
8 14 -12.3866
8 15 -12.6577
8 16 -12.9086
8 17 -13.1917
8 18 -13.4104
8 19 -13.6662
8 20 -13.9126
8 21 -14.1295
8 22 -14.3513
8 23 -14.5808
8 24 -14.8178
8 25 -15.0207
8 26 -15.2346
8 27 -15.4384
8 28 -15.6199
8 29 -15.8129
8 30 -16.0074
8 31 -16.1799
8 32 -16.352
8 33 -16.528
8 34 -16.7171
8 35 -16.8732
8 36 -17.0413
8 37 -17.1741
8 38 -17.323
8 39 -17.4556
8 40 -17.6071
9 -10 -9.2228
9 -9 -9.18225
9 -8 -9.16521
9 -7 -9.13241
9 -6 -9.11184
9 -5 -9.07127
9 -4 -9.06203
9 -3 -9.03144
9 -2 -8.98513
9 -1 -8.91436
9 0 -8.91217
9 1 -8.85604
9 2 -8.87553
9 3 -9.05004
9 4 -9.32248
9 5 -9.64851
9 6 -9.95117
9 7 -10.2862
9 8 -10.6168
9 9 -10.9424
9 10 -11.2418
9 11 -11.6019
9 12 -11.8533
9 13 -12.1357
9 14 -12.4305
9 15 -12.6865
9 16 -13.0047
9 17 -13.2245
9 18 -13.4884
9 19 -13.7026
9 20 -13.9568
9 21 -14.1993
9 22 -14.408
9 23 -14.6611
9 24 -14.8463
9 25 -15.0642
9 26 -15.2683
9 27 -15.47
9 28 -15.6606
9 29 -15.8631
9 30 -16.042
9 31 -16.2382
9 32 -16.4204
9 33 -16.5696
9 34 -16.7463
9 35 -16.8975
9 36 -17.0765
9 37 -17.2205
9 38 -17.3603
9 39 -17.4977
9 40 -17.6448
10 -10 -9.25245
10 -9 -9.22013
10 -8 -9.17839
10 -7 -9.15118
10 -6 -9.14494
10 -5 -9.12085
10 -4 -9.08318
10 -3 -9.05438
10 -2 -9.02063
10 -1 -8.98025
10 0 -8.92437
10 1 -8.89842
10 2 -8.90638
10 3 -9.09616
10 4 -9.35414
10 5 -9.66073
10 6 -10.0062
10 7 -10.3355
10 8 -10.6705
10 9 -10.9648
10 10 -11.3166
10 11 -11.6005
10 12 -11.9185
10 13 -12.1879
10 14 -12.4825
10 15 -12.7568
10 16 -13.0131
10 17 -13.2374
10 18 -13.5188
10 19 -13.7524
10 20 -14.0026
10 21 -14.241
10 22 -14.4513
10 23 -14.6665
10 24 -14.8855
10 25 -15.1143
10 26 -15.3033
10 27 -15.5194
10 28 -15.71
10 29 -15.8912
10 30 -16.077
10 31 -16.2615
10 32 -16.4265
10 33 -16.6177
10 34 -16.7695
10 35 -16.9305
10 36 -17.0849
10 37 -17.2463
10 38 -17.4145
10 39 -17.5431
10 40 -17.6747
11 -10 -9.28321
11 -9 -9.24738
11 -8 -9.22107
11 -7 -9.19644
11 -6 -9.18125
11 -5 -9.12589
11 -4 -9.11942
11 -3 -9.09326
11 -2 -9.04434
11 -1 -9.01325
11 0 -8.97709
11 1 -8.92608
11 2 -8.94216
11 3 -9.12232
11 4 -9.41467
11 5 -9.72243
11 6 -10.0519
11 7 -10.3777
11 8 -10.6988
11 9 -11.01
11 10 -11.3398
11 11 -11.6573
11 12 -11.929
11 13 -12.2444
11 14 -12.5069
11 15 -12.7752
11 16 -13.0587
11 17 -13.2887
11 18 -13.5669
11 19 -13.7869
11 20 -14.0408
11 21 -14.2645
11 22 -14.4817
11 23 -14.7029
11 24 -14.9244
11 25 -15.1362
11 26 -15.3333
11 27 -15.524
11 28 -15.7468
11 29 -15.9348
11 30 -16.127
11 31 -16.2893
11 32 -16.4706
11 33 -16.6385
11 34 -16.7957
11 35 -16.967
11 36 -17.1387
11 37 -17.294
11 38 -17.4324
11 39 -17.5685
11 40 -17.7195
12 -10 -9.3149
12 -9 -9.28061
12 -8 -9.26554
12 -7 -9.2242
12 -6 -9.20546
12 -5 -9.17823
12 -4 -9.18189
12 -3 -9.1428
12 -2 -9.07544
12 -1 -9.03973
12 0 -8.98752
12 1 -8.98099
12 2 -8.98766
12 3 -9.16444
12 4 -9.43085
12 5 -9.75534
12 6 -10.0625
12 7 -10.421
12 8 -10.7486
12 9 -11.0618
12 10 -11.3898
12 11 -11.6685
12 12 -11.9888
12 13 -12.2602
12 14 -12.5379
12 15 -12.813
12 16 -13.0819
12 17 -13.3362
12 18 -13.5752
12 19 -13.8182
12 20 -14.0766
12 21 -14.2975
12 22 -14.5344
12 23 -14.7527
12 24 -14.9619
12 25 -15.1872
12 26 -15.3612
12 27 -15.5758
12 28 -15.7838
12 29 -15.9521
12 30 -16.143
12 31 -16.3442
12 32 -16.5286
12 33 -16.6846
12 34 -16.8388
12 35 -17.0063
12 36 -17.1657
12 37 -17.3204
12 38 -17.4711
12 39 -17.6156
12 40 -17.7483
13 -10 -9.35522
13 -9 -9.32992
13 -8 -9.29624
13 -7 -9.2669
13 -6 -9.23687
13 -5 -9.21283
13 -4 -9.17789
13 -3 -9.15401
13 -2 -9.10619
13 -1 -9.07369
13 0 -9.04189
13 1 -9.00109
13 2 -9.04574
13 3 -9.1933
13 4 -9.47163
13 5 -9.76686
13 6 -10.0958
13 7 -10.4128
13 8 -10.77
13 9 -11.0857
13 10 -11.4142
13 11 -11.7167
13 12 -12.0102
13 13 -12.2765
13 14 -12.5818
13 15 -12.8473
13 16 -13.133
13 17 -13.3566
13 18 -13.619
13 19 -13.8573
13 20 -14.0972
13 21 -14.3276
13 22 -14.5366
13 23 -14.7555
13 24 -14.9905
13 25 -15.2048
13 26 -15.3965
13 27 -15.5918
13 28 -15.7972
13 29 -16.0094
13 30 -16.1734
13 31 -16.3498
13 32 -16.5486
13 33 -16.7135
13 34 -16.8677
13 35 -17.0323
13 36 -17.1924
13 37 -17.3344
13 38 -17.4906
13 39 -17.6432
13 40 -17.7698
14 -10 -9.38115
14 -9 -9.34948
14 -8 -9.329
14 -7 -9.30478
14 -6 -9.27147
14 -5 -9.25228
14 -4 -9.23205
14 -3 -9.19203
14 -2 -9.13532
14 -1 -9.09621
14 0 -9.07133
14 1 -9.02367
14 2 -9.06877
14 3 -9.21492
14 4 -9.47801
14 5 -9.79429
14 6 -10.1297
14 7 -10.4683
14 8 -10.7916
14 9 -11.111
14 10 -11.4437
14 11 -11.7325
14 12 -12.0269
14 13 -12.3282
14 14 -12.6043
14 15 -12.8832
14 16 -13.1283
14 17 -13.3884
14 18 -13.6502
14 19 -13.8927
14 20 -14.1309
14 21 -14.3663
14 22 -14.5821
14 23 -14.8226
14 24 -15.0011
14 25 -15.2457
14 26 -15.4372
14 27 -15.6267
14 28 -15.8385
14 29 -16.0486
14 30 -16.2195
14 31 -16.3928
14 32 -16.5706
14 33 -16.736
14 34 -16.9248
14 35 -17.0809
14 36 -17.2293
14 37 -17.3919
14 38 -17.5297
14 39 -17.6818
14 40 -17.8194
15 -10 -9.40868
15 -9 -9.3839
15 -8 -9.35649
15 -7 -9.31709
15 -6 -9.29772
15 -5 -9.27924
15 -4 -9.23592
15 -3 -9.21884
15 -2 -9.16819
15 -1 -9.13899
15 0 -9.10279
15 1 -9.04017
15 2 -9.08828
15 3 -9.25593
15 4 -9.52749
15 5 -9.81917
15 6 -10.1549
15 7 -10.5066
15 8 -10.8312
15 9 -11.1536
15 10 -11.4648
15 11 -11.7783
15 12 -12.0699
15 13 -12.3512
15 14 -12.6337
15 15 -12.891
15 16 -13.1757
15 17 -13.4282
15 18 -13.6711
15 19 -13.9246
15 20 -14.1497
15 21 -14.3911
15 22 -14.6231
15 23 -14.8546
15 24 -15.0465
15 25 -15.2767
15 26 -15.4724
15 27 -15.6773
15 28 -15.869
15 29 -16.0523
15 30 -16.2431
15 31 -16.4189
15 32 -16.6026
15 33 -16.7725
15 34 -16.9389
15 35 -17.1
15 36 -17.2642
15 37 -17.403
15 38 -17.5669
15 39 -17.7151
15 40 -17.8491
16 -10 -9.43377
16 -9 -9.40278
16 -8 -9.37167
16 -7 -9.36763
16 -6 -9.31464
16 -5 -9.30459
16 -4 -9.2758
16 -3 -9.24006
16 -2 -9.19823
16 -1 -9.15963
16 0 -9.1444
16 1 -9.09628
16 2 -9.11671
16 3 -9.25704
16 4 -9.53826
16 5 -9.86458
16 6 -10.2033
16 7 -10.5215
16 8 -10.8622
16 9 -11.202
16 10 -11.5047
16 11 -11.8054
16 12 -12.1126
16 13 -12.3753
16 14 -12.6681
16 15 -12.9214
16 16 -13.2096
16 17 -13.4454
16 18 -13.7083
16 19 -13.947
16 20 -14.1949
16 21 -14.4247
16 22 -14.6478
16 23 -14.8592
16 24 -15.0781
16 25 -15.2868
16 26 -15.4804
16 27 -15.7105
16 28 -15.9001
16 29 -16.0795
16 30 -16.2966
16 31 -16.4658
16 32 -16.6242
16 33 -16.8086
16 34 -16.9649
16 35 -17.1263
16 36 -17.286
16 37 -17.4547
16 38 -17.5919
16 39 -17.7248
16 40 -17.8658
17 -10 -9.47084
17 -9 -9.43334
17 -8 -9.41764
17 -7 -9.38398
17 -6 -9.36122
17 -5 -9.33182
17 -4 -9.32234
17 -3 -9.26072
17 -2 -9.23145
17 -1 -9.19523
17 0 -9.14441
17 1 -9.13966
17 2 -9.15033
17 3 -9.29574
17 4 -9.57333
17 5 -9.90256
17 6 -10.1975
17 7 -10.529
17 8 -10.8817
17 9 -11.1982
17 10 -11.5184
17 11 -11.8234
17 12 -12.1343
17 13 -12.4136
17 14 -12.6905
17 15 -12.9671
17 16 -13.2196
17 17 -13.4999
17 18 -13.7363
17 19 -13.9775
17 20 -14.2122
17 21 -14.4327
17 22 -14.6815
17 23 -14.8827
17 24 -15.1035
17 25 -15.3244
17 26 -15.5471
17 27 -15.7251
17 28 -15.9407
17 29 -16.1139
17 30 -16.3053
17 31 -16.4902
17 32 -16.6704
17 33 -16.8279
17 34 -16.9966
17 35 -17.1601
17 36 -17.3208
17 37 -17.4703
17 38 -17.6107
17 39 -17.7692
17 40 -17.9068
18 -10 -9.50005
18 -9 -9.45467
18 -8 -9.43473
18 -7 -9.40798
18 -6 -9.38339
18 -5 -9.35227
18 -4 -9.33212
18 -3 -9.30045
18 -2 -9.25185
18 -1 -9.20781
18 0 -9.1826
18 1 -9.13784
18 2 -9.17232
18 3 -9.33259
18 4 -9.61008
18 5 -9.91664
18 6 -10.2393
18 7 -10.5968
18 8 -10.9053
18 9 -11.2293
18 10 -11.5553
18 11 -11.8534
18 12 -12.1484
18 13 -12.4511
18 14 -12.7185
18 15 -12.9897
18 16 -13.2707
18 17 -13.5014
18 18 -13.7599
18 19 -14.0022
18 20 -14.2437
18 21 -14.4732
18 22 -14.714
18 23 -14.9288
18 24 -15.1251
18 25 -15.3523
18 26 -15.5464
18 27 -15.7497
18 28 -15.9401
18 29 -16.1324
18 30 -16.316
18 31 -16.517
18 32 -16.6869
18 33 -16.8519
18 34 -17.0279
18 35 -17.1962
18 36 -17.3296
18 37 -17.49
18 38 -17.6475
18 39 -17.7893
18 40 -17.9125
19 -10 -9.50806
19 -9 -9.49258
19 -8 -9.46049
19 -7 -9.43794
19 -6 -9.41215
19 -5 -9.39037
19 -4 -9.34517
19 -3 -9.32935
19 -2 -9.27787
19 -1 -9.25263
19 0 -9.20296
19 1 -9.17942
19 2 -9.18164
19 3 -9.3518
19 4 -9.61972
19 5 -9.9415
19 6 -10.2725
19 7 -10.6322
19 8 -10.9331
19 9 -11.2562
19 10 -11.5675
19 11 -11.8661
19 12 -12.1716
19 13 -12.4813
19 14 -12.7458
19 15 -13.0092
19 16 -13.2805
19 17 -13.5329
19 18 -13.7959
19 19 -14.0417
19 20 -14.2677
19 21 -14.4843
19 22 -14.7115
19 23 -14.936
19 24 -15.159
19 25 -15.3652
19 26 -15.56
19 27 -15.7792
19 28 -15.9797
19 29 -16.1553
19 30 -16.3484
19 31 -16.5241
19 32 -16.7046
19 33 -16.8823
19 34 -17.0322
19 35 -17.2054
19 36 -17.3692
19 37 -17.5174
19 38 -17.6621
19 39 -17.8047
19 40 -17.9549
20 -10 -9.54039
20 -9 -9.50291
20 -8 -9.48844
20 -7 -9.45938
20 -6 -9.41682
20 -5 -9.41457
20 -4 -9.38817
20 -3 -9.34546
20 -2 -9.29508
20 -1 -9.27175
20 0 -9.23765
20 1 -9.18425
20 2 -9.19825
20 3 -9.38177
20 4 -9.65801
20 5 -9.98323
20 6 -10.3047
20 7 -10.6349
20 8 -10.9438
20 9 -11.2759
20 10 -11.6072
20 11 -11.8612
20 12 -12.1957
20 13 -12.4706
20 14 -12.7612
20 15 -13.0375
20 16 -13.3004
20 17 -13.5586
20 18 -13.8006
20 19 -14.0573
20 20 -14.2863
20 21 -14.5187
20 22 -14.7472
20 23 -14.9441
20 24 -15.1895
20 25 -15.3922
20 26 -15.5915
20 27 -15.801
20 28 -15.9809
20 29 -16.174
20 30 -16.3652
20 31 -16.5435
20 32 -16.7209
20 33 -16.9049
20 34 -17.0658
20 35 -17.2271
20 36 -17.3997
20 37 -17.5451
20 38 -17.6853
20 39 -17.8208
20 40 -17.9809
21 -10 -9.56232
21 -9 -9.52861
21 -8 -9.51906
21 -7 -9.48136
21 -6 -9.45885
21 -5 -9.41404
21 -4 -9.40633
21 -3 -9.36729
21 -2 -9.31413
21 -1 -9.28499
21 0 -9.232
21 1 -9.22154
21 2 -9.23926
21 3 -9.41927
21 4 -9.66742
21 5 -9.97375
21 6 -10.316
21 7 -10.6414
21 8 -10.9656
21 9 -11.2847
21 10 -11.6054
21 11 -11.9249
21 12 -12.2185
21 13 -12.5247
21 14 -12.7834
21 15 -13.0746
21 16 -13.3273
21 17 -13.5817
21 18 -13.8137
21 19 -14.0668
21 20 -14.3146
21 21 -14.5424
21 22 -14.7899
21 23 -14.9909
21 24 -15.2192
21 25 -15.4209
21 26 -15.6074
21 27 -15.8164
21 28 -16.0115
21 29 -16.2113
21 30 -16.3913
21 31 -16.5682
21 32 -16.7496
21 33 -16.9224
21 34 -17.1015
21 35 -17.2576
21 36 -17.4207
21 37 -17.564
21 38 -17.7148
21 39 -17.8615
21 40 -17.9965
22 -10 -9.58109
22 -9 -9.5546
22 -8 -9.52332
22 -7 -9.48727
22 -6 -9.48121
22 -5 -9.45741
22 -4 -9.42266
22 -3 -9.39282
22 -2 -9.36407
22 -1 -9.31576
22 0 -9.27325
22 1 -9.24345
22 2 -9.25182
22 3 -9.41653
22 4 -9.68163
22 5 -10.0069
22 6 -10.3468
22 7 -10.6672
22 8 -11.0095
22 9 -11.3067
22 10 -11.6505
22 11 -11.9519
22 12 -12.2328
22 13 -12.5516
22 14 -12.8347
22 15 -13.0931
22 16 -13.3532
22 17 -13.6046
22 18 -13.8581
22 19 -14.1181
22 20 -14.3286
22 21 -14.5601
22 22 -14.803
22 23 -15.0183
22 24 -15.2243
22 25 -15.436
22 26 -15.6373
22 27 -15.8402
22 28 -16.0427
22 29 -16.2405
22 30 -16.4275
22 31 -16.606
22 32 -16.776
22 33 -16.9317
22 34 -17.1149
22 35 -17.268
22 36 -17.4368
22 37 -17.5886
22 38 -17.7442
22 39 -17.8825
22 40 -18.0251
23 -10 -9.59811
23 -9 -9.5796
23 -8 -9.53648
23 -7 -9.5212
23 -6 -9.48559
23 -5 -9.47163
23 -4 -9.45085
23 -3 -9.40531
23 -2 -9.36074
23 -1 -9.33018
23 0 -9.30152
23 1 -9.27618
23 2 -9.28243
23 3 -9.44836
23 4 -9.70888
23 5 -10.0359
23 6 -10.3416
23 7 -10.69
23 8 -11.0289
23 9 -11.354
23 10 -11.6771
23 11 -11.9617
23 12 -12.2699
23 13 -12.557
23 14 -12.832
23 15 -13.1138
23 16 -13.3758
23 17 -13.6139
23 18 -13.8642
23 19 -14.1289
23 20 -14.3488
23 21 -14.5853
23 22 -14.81
23 23 -15.0362
23 24 -15.2483
23 25 -15.4626
23 26 -15.6586
23 27 -15.8631
23 28 -16.063
23 29 -16.2507
23 30 -16.4431
23 31 -16.6256
23 32 -16.7912
23 33 -16.9763
23 34 -17.1253
23 35 -17.3005
23 36 -17.4548
23 37 -17.6129
23 38 -17.7631
23 39 -17.8999
23 40 -18.0418
24 -10 -9.61254
24 -9 -9.60629
24 -8 -9.56962
24 -7 -9.52712
24 -6 -9.52235
24 -5 -9.48676
24 -4 -9.46314
24 -3 -9.45008
24 -2 -9.40338
24 -1 -9.36127
24 0 -9.32697
24 1 -9.2855
24 2 -9.28758
24 3 -9.47175
24 4 -9.75633
24 5 -10.0356
24 6 -10.3727
24 7 -10.7194
24 8 -11.0353
24 9 -11.372
24 10 -11.6798
24 11 -11.9915
24 12 -12.2718
24 13 -12.5664
24 14 -12.8463
24 15 -13.1431
24 16 -13.4007
24 17 -13.6492
24 18 -13.9013
24 19 -14.1447
24 20 -14.3826
24 21 -14.6034
24 22 -14.8425
24 23 -15.0531
24 24 -15.2743
24 25 -15.482
24 26 -15.698
24 27 -15.8828
24 28 -16.0903
24 29 -16.2828
24 30 -16.4692
24 31 -16.6434
24 32 -16.8125
24 33 -16.9944
24 34 -17.1531
24 35 -17.322
24 36 -17.4741
24 37 -17.6315
24 38 -17.7813
24 39 -17.9241
24 40 -18.0599
25 -10 -9.64049
25 -9 -9.6079
25 -8 -9.58641
25 -7 -9.55125
25 -6 -9.5529
25 -5 -9.51585
25 -4 -9.48393
25 -3 -9.45168
25 -2 -9.41787
25 -1 -9.36362
25 0 -9.35004
25 1 -9.30363
25 2 -9.32326
25 3 -9.49545
25 4 -9.7593
25 5 -10.0617
25 6 -10.4097
25 7 -10.7439
25 8 -11.0485
25 9 -11.3927
25 10 -11.7082
25 11 -12.0216
25 12 -12.3067
25 13 -12.6053
25 14 -12.8973
25 15 -13.1487
25 16 -13.4038
25 17 -13.6889
25 18 -13.9223
25 19 -14.1571
25 20 -14.4101
25 21 -14.6185
25 22 -14.8605
25 23 -15.0814
25 24 -15.2926
25 25 -15.5028
25 26 -15.6954
25 27 -15.9021
25 28 -16.0949
25 29 -16.3061
25 30 -16.4857
25 31 -16.6572
25 32 -16.8466
25 33 -17.0153
25 34 -17.1808
25 35 -17.3384
25 36 -17.503
25 37 -17.6525
25 38 -17.7914
25 39 -17.9516
25 40 -18.0771
26 -10 -9.65786
26 -9 -9.63088
26 -8 -9.58419
26 -7 -9.58933
26 -6 -9.55832
26 -5 -9.53141
26 -4 -9.49508
26 -3 -9.4707
26 -2 -9.44154
26 -1 -9.391
26 0 -9.3793
26 1 -9.34033
26 2 -9.34664
26 3 -9.49274
26 4 -9.79713
26 5 -10.088
26 6 -10.4329
26 7 -10.7434
26 8 -11.0856
26 9 -11.416
26 10 -11.7276
26 11 -12.0334
26 12 -12.3312
26 13 -12.6264
26 14 -12.8806
26 15 -13.16
26 16 -13.4441
26 17 -13.6815
26 18 -13.9428
26 19 -14.1969
26 20 -14.4226
26 21 -14.6442
26 22 -14.89
26 23 -15.0954
26 24 -15.3118
26 25 -15.5237
26 26 -15.7408
26 27 -15.9324
26 28 -16.1221
26 29 -16.3089
26 30 -16.4978
26 31 -16.6735
26 32 -16.8697
26 33 -17.0126
26 34 -17.183
26 35 -17.3585
26 36 -17.5175
26 37 -17.6669
26 38 -17.8187
26 39 -17.958
26 40 -18.1042
27 -10 -9.67387
27 -9 -9.65215
27 -8 -9.63028
27 -7 -9.58679
27 -6 -9.57626
27 -5 -9.55978
27 -4 -9.51514
27 -3 -9.49247
27 -2 -9.45031
27 -1 -9.41087
27 0 -9.39259
27 1 -9.33918
27 2 -9.35251
27 3 -9.545
27 4 -9.79007
27 5 -10.1161
27 6 -10.4439
27 7 -10.7484
27 8 -11.1057
27 9 -11.4273
27 10 -11.7466
27 11 -12.0518
27 12 -12.3415
27 13 -12.627
27 14 -12.9086
27 15 -13.1841
27 16 -13.4436
27 17 -13.7079
27 18 -13.9536
27 19 -14.2103
27 20 -14.4321
27 21 -14.6639
27 22 -14.8859
27 23 -15.1205
27 24 -15.3314
27 25 -15.5389
27 26 -15.7436
27 27 -15.9411
27 28 -16.1458
27 29 -16.3389
27 30 -16.5165
27 31 -16.704
27 32 -16.8666
27 33 -17.0454
27 34 -17.2135
27 35 -17.3726
27 36 -17.5284
27 37 -17.685
27 38 -17.8417
27 39 -17.9776
27 40 -18.1166
28 -10 -9.69087
28 -9 -9.66511
28 -8 -9.63848
28 -7 -9.60301
28 -6 -9.59457
28 -5 -9.56339
28 -4 -9.54575
28 -3 -9.50086
28 -2 -9.47365
28 -1 -9.43278
28 0 -9.38914
28 1 -9.3625
28 2 -9.37134
28 3 -9.53174
28 4 -9.82442
28 5 -10.1458
28 6 -10.4654
28 7 -10.7889
28 8 -11.1137
28 9 -11.4512
28 10 -11.7568
28 11 -12.0547
28 12 -12.3645
28 13 -12.645
28 14 -12.9293
28 15 -13.1913
28 16 -13.4677
28 17 -13.7195
28 18 -13.964
28 19 -14.2096
28 20 -14.4492
28 21 -14.697
28 22 -14.9187
28 23 -15.1278
28 24 -15.3537
28 25 -15.5527
28 26 -15.7706
28 27 -15.9609
28 28 -16.1678
28 29 -16.3509
28 30 -16.5323
28 31 -16.7155
28 32 -16.8918
28 33 -17.0744
28 34 -17.2257
28 35 -17.3951
28 36 -17.545
28 37 -17.6999
28 38 -17.8427
28 39 -18.0015
28 40 -18.1352
29 -10 -9.69106
29 -9 -9.67597
29 -8 -9.65692
29 -7 -9.62765
29 -6 -9.60774
29 -5 -9.57567
29 -4 -9.56145
29 -3 -9.53104
29 -2 -9.493
29 -1 -9.45371
29 0 -9.41742
29 1 -9.37259
29 2 -9.3838
29 3 -9.57816
29 4 -9.83424
29 5 -10.1603
29 6 -10.4782
29 7 -10.8086
29 8 -11.1449
29 9 -11.4701
29 10 -11.7723
29 11 -12.0789
29 12 -12.3783
29 13 -12.6541
29 14 -12.9574
29 15 -13.2247
29 16 -13.4827
29 17 -13.7473
29 18 -13.9962
29 19 -14.2445
29 20 -14.4722
29 21 -14.7007
29 22 -14.9298
29 23 -15.1531
29 24 -15.3671
29 25 -15.5896
29 26 -15.7763
29 27 -16.002
29 28 -16.1799
29 29 -16.3696
29 30 -16.5583
29 31 -16.7245
29 32 -16.9212
29 33 -17.0833
29 34 -17.2437
29 35 -17.4162
29 36 -17.5764
29 37 -17.7251
29 38 -17.874
29 39 -18.0253
29 40 -18.1551
30 -10 -9.72154
30 -9 -9.68898
30 -8 -9.66009
30 -7 -9.6477
30 -6 -9.60881
30 -5 -9.59659
30 -4 -9.58638
30 -3 -9.53546
30 -2 -9.50171
30 -1 -9.44066
30 0 -9.43833
30 1 -9.39297
30 2 -9.41555
30 3 -9.58276
30 4 -9.86671
30 5 -10.1632
30 6 -10.4955
30 7 -10.8073
30 8 -11.1511
30 9 -11.4739
30 10 -11.7916
30 11 -12.09
30 12 -12.3854
30 13 -12.6868
30 14 -12.9567
30 15 -13.2407
30 16 -13.5075
30 17 -13.7671
30 18 -14.0172
30 19 -14.2664
30 20 -14.4688
30 21 -14.7247
30 22 -14.9346
30 23 -15.169
30 24 -15.3959
30 25 -15.6045
30 26 -15.7995
30 27 -15.9924
30 28 -16.2092
30 29 -16.3952
30 30 -16.5772
30 31 -16.745
30 32 -16.9236
30 33 -17.1121
30 34 -17.2667
30 35 -17.4237
30 36 -17.5898
30 37 -17.7437
30 38 -17.8693
30 39 -18.0284
30 40 -18.1805
31 -10 -9.7285
31 -9 -9.7088
31 -8 -9.6794
31 -7 -9.65507
31 -6 -9.6266
31 -5 -9.60852
31 -4 -9.5854
31 -3 -9.55527
31 -2 -9.51297
31 -1 -9.48499
31 0 -9.45491
31 1 -9.40612
31 2 -9.42579
31 3 -9.59889
31 4 -9.85239
31 5 -10.186
31 6 -10.497
31 7 -10.8488
31 8 -11.1601
31 9 -11.4921
31 10 -11.8199
31 11 -12.1175
31 12 -12.3938
31 13 -12.7131
31 14 -12.985
31 15 -13.243
31 16 -13.5217
31 17 -13.7728
31 18 -14.0312
31 19 -14.2619
31 20 -14.4978
31 21 -14.7384
31 22 -14.9507
31 23 -15.1984
31 24 -15.4032
31 25 -15.6077
31 26 -15.8199
31 27 -16.0167
31 28 -16.2025
31 29 -16.4043
31 30 -16.5753
31 31 -16.7616
31 32 -16.9385
31 33 -17.1057
31 34 -17.2775
31 35 -17.4493
31 36 -17.6052
31 37 -17.7505
31 38 -17.9094
31 39 -18.0597
31 40 -18.1857
32 -10 -9.75166
32 -9 -9.72475
32 -8 -9.68942
32 -7 -9.66992
32 -6 -9.64792
32 -5 -9.62104
32 -4 -9.61059
32 -3 -9.56223
32 -2 -9.52338
32 -1 -9.50706
32 0 -9.47488
32 1 -9.42005
32 2 -9.4372
32 3 -9.61146
32 4 -9.8849
32 5 -10.1894
32 6 -10.5274
32 7 -10.8372
32 8 -11.1842
32 9 -11.5229
32 10 -11.8076
32 11 -12.1171
32 12 -12.4277
32 13 -12.7218
32 14 -12.9852
32 15 -13.2788
32 16 -13.5322
32 17 -13.7978
32 18 -14.0414
32 19 -14.2883
32 20 -14.5079
32 21 -14.759
32 22 -14.9709
32 23 -15.203
32 24 -15.4061
32 25 -15.6182
32 26 -15.8223
32 27 -16.018
32 28 -16.2239
32 29 -16.4085
32 30 -16.6019
32 31 -16.7727
32 32 -16.954
32 33 -17.1242
32 34 -17.3016
32 35 -17.4616
32 36 -17.6236
32 37 -17.7648
32 38 -17.9194
32 39 -18.0474
32 40 -18.1844
33 -10 -9.75003
33 -9 -9.73144
33 -8 -9.71065
33 -7 -9.68909
33 -6 -9.66033
33 -5 -9.64549
33 -4 -9.62125
33 -3 -9.59337
33 -2 -9.55079
33 -1 -9.50981
33 0 -9.48655
33 1 -9.43728
33 2 -9.45718
33 3 -9.63533
33 4 -9.91524
33 5 -10.2233
33 6 -10.5388
33 7 -10.8863
33 8 -11.1994
33 9 -11.5262
33 10 -11.8519
33 11 -12.1466
33 12 -12.4602
33 13 -12.7245
33 14 -13.0074
33 15 -13.2859
33 16 -13.551
33 17 -13.7843
33 18 -14.04
33 19 -14.2932
33 20 -14.5335
33 21 -14.7586
33 22 -14.9914
33 23 -15.204
33 24 -15.4233
33 25 -15.6444
33 26 -15.8385
33 27 -16.0506
33 28 -16.2366
33 29 -16.4267
33 30 -16.6072
33 31 -16.7757
33 32 -16.982
33 33 -17.1381
33 34 -17.3088
33 35 -17.4792
33 36 -17.6434
33 37 -17.7778
33 38 -17.9183
33 39 -18.0769
33 40 -18.2155
34 -10 -9.75993
34 -9 -9.74244
34 -8 -9.73002
34 -7 -9.69288
34 -6 -9.6957
34 -5 -9.65712
34 -4 -9.636
34 -3 -9.60326
34 -2 -9.56101
34 -1 -9.52978
34 0 -9.50129
34 1 -9.44552
34 2 -9.46827
34 3 -9.64979
34 4 -9.9059
34 5 -10.221
34 6 -10.5482
34 7 -10.89
34 8 -11.2146
34 9 -11.5455
34 10 -11.846
34 11 -12.1652
34 12 -12.4483
34 13 -12.758
34 14 -13.0308
34 15 -13.2953
34 16 -13.5737
34 17 -13.8113
34 18 -14.0662
34 19 -14.3195
34 20 -14.5496
34 21 -14.7882
34 22 -15.009
34 23 -15.22
34 24 -15.4473
34 25 -15.6597
34 26 -15.8578
34 27 -16.0694
34 28 -16.2478
34 29 -16.4399
34 30 -16.623
34 31 -16.8092
34 32 -16.9761
34 33 -17.1644
34 34 -17.3207
34 35 -17.4835
34 36 -17.629
34 37 -17.7971
34 38 -17.9471
34 39 -18.0838
34 40 -18.2256
35 -10 -9.78334
35 -9 -9.76033
35 -8 -9.73962
35 -7 -9.71368
35 -6 -9.6879
35 -5 -9.6726
35 -4 -9.64992
35 -3 -9.61474
35 -2 -9.57313
35 -1 -9.53591
35 0 -9.49822
35 1 -9.48484
35 2 -9.4789
35 3 -9.6544
35 4 -9.93105
35 5 -10.2147
35 6 -10.5737
35 7 -10.9022
35 8 -11.236
35 9 -11.5409
35 10 -11.8579
35 11 -12.1673
35 12 -12.4632
35 13 -12.7631
35 14 -13.0346
35 15 -13.3134
35 16 -13.5719
35 17 -13.8254
35 18 -14.0932
35 19 -14.3215
35 20 -14.5715
35 21 -14.8023
35 22 -15.0275
35 23 -15.2494
35 24 -15.4594
35 25 -15.6729
35 26 -15.8625
35 27 -16.07
35 28 -16.2733
35 29 -16.4671
35 30 -16.6344
35 31 -16.8336
35 32 -16.9901
35 33 -17.1679
35 34 -17.3431
35 35 -17.4955
35 36 -17.6581
35 37 -17.8134
35 38 -17.9601
35 39 -18.106
35 40 -18.2434
36 -10 -9.78362
36 -9 -9.76186
36 -8 -9.74204
36 -7 -9.709
36 -6 -9.70515
36 -5 -9.68262
36 -4 -9.66389
36 -3 -9.62783
36 -2 -9.58262
36 -1 -9.55308
36 0 -9.51826
36 1 -9.48691
36 2 -9.51703
36 3 -9.65091
36 4 -9.94869
36 5 -10.2493
36 6 -10.5966
36 7 -10.92
36 8 -11.2445
36 9 -11.5512
36 10 -11.8698
36 11 -12.2067
36 12 -12.4755
36 13 -12.7632
36 14 -13.0513
36 15 -13.3253
36 16 -13.5751
36 17 -13.8474
36 18 -14.0839
36 19 -14.3276
36 20 -14.5674
36 21 -14.8093
36 22 -15.0496
36 23 -15.2372
36 24 -15.4593
36 25 -15.6591
36 26 -15.8756
36 27 -16.0778
36 28 -16.2555
36 29 -16.4718
36 30 -16.658
36 31 -16.8305
36 32 -17.0125
36 33 -17.1808
36 34 -17.3453
36 35 -17.5058
36 36 -17.6772
36 37 -17.8129
36 38 -17.9687
36 39 -18.1225
36 40 -18.2467
37 -10 -9.78815
37 -9 -9.79111
37 -8 -9.75442
37 -7 -9.73274
37 -6 -9.70539
37 -5 -9.70423
37 -4 -9.67485
37 -3 -9.63337
37 -2 -9.59606
37 -1 -9.5587
37 0 -9.5196
37 1 -9.48623
37 2 -9.52244
37 3 -9.69232
37 4 -9.96669
37 5 -10.2806
37 6 -10.6009
37 7 -10.9194
37 8 -11.2587
37 9 -11.565
37 10 -11.8836
37 11 -12.2082
37 12 -12.5005
37 13 -12.7831
37 14 -13.0595
37 15 -13.3334
37 16 -13.6025
37 17 -13.8623
37 18 -14.1102
37 19 -14.3607
37 20 -14.5894
37 21 -14.8173
37 22 -15.0354
37 23 -15.2733
37 24 -15.4796
37 25 -15.6902
37 26 -15.8941
37 27 -16.0855
37 28 -16.2897
37 29 -16.4957
37 30 -16.6643
37 31 -16.8392
37 32 -17.0172
37 33 -17.1935
37 34 -17.3465
37 35 -17.5426
37 36 -17.6761
37 37 -17.8243
37 38 -17.9873
37 39 -18.1223
37 40 -18.2597
38 -10 -9.80755
38 -9 -9.79494
38 -8 -9.76845
38 -7 -9.7493
38 -6 -9.72758
38 -5 -9.70252
38 -4 -9.67124
38 -3 -9.65068
38 -2 -9.60248
38 -1 -9.57773
38 0 -9.53571
38 1 -9.49492
38 2 -9.51896
38 3 -9.70255
38 4 -9.96191
38 5 -10.3008
38 6 -10.621
38 7 -10.9459
38 8 -11.2696
38 9 -11.5947
38 10 -11.8994
38 11 -12.2079
38 12 -12.5043
38 13 -12.7976
38 14 -13.0772
38 15 -13.3463
38 16 -13.6097
38 17 -13.8509
38 18 -14.1173
38 19 -14.3636
38 20 -14.5693
38 21 -14.8381
38 22 -15.0368
38 23 -15.2683
38 24 -15.4837
38 25 -15.7003
38 26 -15.9039
38 27 -16.1088
38 28 -16.303
38 29 -16.4843
38 30 -16.6681
38 31 -16.8553
38 32 -17.0333
38 33 -17.2079
38 34 -17.3728
38 35 -17.5274
38 36 -17.7018
38 37 -17.8477
38 38 -17.9802
38 39 -18.1304
38 40 -18.2763
39 -10 -9.81022
39 -9 -9.78984
39 -8 -9.77435
39 -7 -9.74686
39 -6 -9.73398
39 -5 -9.70841
39 -4 -9.67765
39 -3 -9.66441
39 -2 -9.60947
39 -1 -9.59016
39 0 -9.54687
39 1 -9.51712
39 2 -9.54533
39 3 -9.71031
39 4 -9.98352
39 5 -10.3036
39 6 -10.6349
39 7 -10.9608
39 8 -11.2748
39 9 -11.5974
39 10 -11.9199
39 11 -12.2313
39 12 -12.515
39 13 -12.7984
39 14 -13.0972
39 15 -13.3405
39 16 -13.6116
39 17 -13.8793
39 18 -14.1296
39 19 -14.3783
39 20 -14.5991
39 21 -14.8413
39 22 -15.0582
39 23 -15.2832
39 24 -15.4968
39 25 -15.7112
39 26 -15.9252
39 27 -16.1085
39 28 -16.3158
39 29 -16.5061
39 30 -16.6857
39 31 -16.8563
39 32 -17.0444
39 33 -17.2085
39 34 -17.3784
39 35 -17.5385
39 36 -17.7062
39 37 -17.8571
39 38 -18.0039
39 39 -18.1525
39 40 -18.2836
40 -10 -9.82498
40 -9 -9.80149
40 -8 -9.77837
40 -7 -9.75974
40 -6 -9.75258
40 -5 -9.72789
40 -4 -9.69603
40 -3 -9.67218
40 -2 -9.62961
40 -1 -9.59008
40 0 -9.57532
40 1 -9.53285
40 2 -9.54872
40 3 -9.7359
40 4 -9.99354
40 5 -10.3067
40 6 -10.6446
40 7 -10.9805
40 8 -11.306
40 9 -11.6094
40 10 -11.9265
40 11 -12.2453
40 12 -12.5258
40 13 -12.8053
40 14 -13.0973
40 15 -13.3791
40 16 -13.6311
40 17 -13.901
40 18 -14.1386
40 19 -14.3737
40 20 -14.6264
40 21 -14.8451
40 22 -15.0713
40 23 -15.2934
40 24 -15.5098
40 25 -15.7168
40 26 -15.919
40 27 -16.1215
40 28 -16.313
40 29 -16.5111
40 30 -16.7021
40 31 -16.8732
40 32 -17.0509
40 33 -17.2287
40 34 -17.3976
40 35 -17.5515
40 36 -17.7146
40 37 -17.8566
40 38 -18.0049
40 39 -18.1567
40 40 -18.3012
