-10 -10 -10.9254
-10 -9 -10.9294
-10 -8 -10.9054
-10 -7 -10.875
-10 -6 -10.8701
-10 -5 -10.8503
-10 -4 -10.8276
-10 -3 -10.8143
-10 -2 -10.7916
-10 -1 -10.756
-10 0 -10.7588
-10 1 -10.7244
-10 2 -10.7779
-10 3 -10.9627
-10 4 -11.2353
-10 5 -11.5597
-10 6 -11.8582
-10 7 -12.1908
-10 8 -12.5197
-10 9 -12.8664
-10 10 -13.1545
-10 11 -13.4481
-10 12 -13.7588
-10 13 -14.0395
-10 14 -14.3307
-10 15 -14.5875
-10 16 -14.8579
-10 17 -15.0843
-10 18 -15.3479
-10 19 -15.5844
-10 20 -15.8183
-10 21 -16.0634
-10 22 -16.2665
-10 23 -16.479
-10 24 -16.6948
-10 25 -16.8704
-10 26 -17.0594
-10 27 -17.2549
-10 28 -17.4282
-10 29 -17.5801
-10 30 -17.7673
-10 31 -17.9065
-10 32 -18.0741
-10 33 -18.2187
-10 34 -18.3487
-10 35 -18.5058
-10 36 -18.6256
-10 37 -18.747
-10 38 -18.8779
-10 39 -18.9929
-10 40 -19.103
-9 -10 -10.9227
-9 -9 -10.9093
-9 -8 -10.9009
-9 -7 -10.857
-9 -6 -10.8594
-9 -5 -10.8226
-9 -4 -10.8269
-9 -3 -10.8112
-9 -2 -10.7619
-9 -1 -10.7539
-9 0 -10.7214
-9 1 -10.682
-9 2 -10.7343
-9 3 -10.9315
-9 4 -11.2073
-9 5 -11.5194
-9 6 -11.8679
-9 7 -12.1521
-9 8 -12.5202
-9 9 -12.8208
-9 10 -13.1301
-9 11 -13.4435
-9 12 -13.7372
-9 13 -14.0209
-9 14 -14.2744
-9 15 -14.566
-9 16 -14.814
-9 17 -15.0676
-9 18 -15.3132
-9 19 -15.5549
-9 20 -15.7935
-9 21 -16.0112
-9 22 -16.2415
-9 23 -16.4468
-9 24 -16.6664
-9 25 -16.8592
-9 26 -17.0464
-9 27 -17.2436
-9 28 -17.4124
-9 29 -17.573
-9 30 -17.73
-9 31 -17.9033
-9 32 -18.0272
-9 33 -18.1836
-9 34 -18.3306
-9 35 -18.4627
-9 36 -18.6066
-9 37 -18.7275
-9 38 -18.8627
-9 39 -18.9814
-9 40 -19.1019
-8 -10 -10.9021
-8 -9 -10.8792
-8 -8 -10.8708
-8 -7 -10.8513
-8 -6 -10.8322
-8 -5 -10.8146
-8 -4 -10.7914
-8 -3 -10.7809
-8 -2 -10.7526
-8 -1 -10.737
-8 0 -10.6986
-8 1 -10.7052
-8 2 -10.7307
-8 3 -10.8922
-8 4 -11.1861
-8 5 -11.5028
-8 6 -11.8389
-8 7 -12.1765
-8 8 -12.4947
-8 9 -12.7984
-8 10 -13.1203
-8 11 -13.4111
-8 12 -13.725
-8 13 -13.9807
-8 14 -14.2803
-8 15 -14.5516
-8 16 -14.8038
-8 17 -15.0642
-8 18 -15.2853
-8 19 -15.5482
-8 20 -15.7816
-8 21 -15.9791
-8 22 -16.1898
-8 23 -16.4163
-8 24 -16.6331
-8 25 -16.8141
-8 26 -17.0057
-8 27 -17.2029
-8 28 -17.3925
-8 29 -17.5646
-8 30 -17.7083
-8 31 -17.866
-8 32 -18.0071
-8 33 -18.1782
-8 34 -18.3102
-8 35 -18.4424
-8 36 -18.5859
-8 37 -18.7219
-8 38 -18.8269
-8 39 -18.9506
-8 40 -19.0667
-7 -10 -10.8904
-7 -9 -10.8737
-7 -8 -10.8567
-7 -7 -10.8408
-7 -6 -10.8032
-7 -5 -10.808
-7 -4 -10.8011
-7 -3 -10.7496
-7 -2 -10.737
-7 -1 -10.7221
-7 0 -10.7081
-7 1 -10.6655
-7 2 -10.7047
-7 3 -10.8821
-7 4 -11.1603
-7 5 -11.4538
-7 6 -11.7465
-7 7 -12.1341
-7 8 -12.4529
-7 9 -12.7556
-7 10 -13.0851
-7 11 -13.3928
-7 12 -13.6988
-7 13 -14.002
-7 14 -14.2618
-7 15 -14.529
-7 16 -14.7814
-7 17 -15.0543
-7 18 -15.3036
-7 19 -15.5321
-7 20 -15.7545
-7 21 -16.0025
-7 22 -16.1863
-7 23 -16.4213
-7 24 -16.5974
-7 25 -16.8003
-7 26 -17.0119
-7 27 -17.1947
-7 28 -17.3644
-7 29 -17.5363
-7 30 -17.6863
-7 31 -17.859
-7 32 -17.9887
-7 33 -18.1536
-7 34 -18.2951
-7 35 -18.4169
-7 36 -18.5615
-7 37 -18.6784
-7 38 -18.805
-7 39 -18.9228
-7 40 -19.0506
-6 -10 -10.8841
-6 -9 -10.8468
-6 -8 -10.8482
-6 -7 -10.833
-6 -6 -10.8243
-6 -5 -10.7858
-6 -4 -10.7525
-6 -3 -10.7311
-6 -2 -10.7347
-6 -1 -10.6793
-6 0 -10.6903
-6 1 -10.6429
-6 2 -10.6605
-6 3 -10.8492
-6 4 -11.1473
-6 5 -11.4494
-6 6 -11.7572
-6 7 -12.1237
-6 8 -12.4319
-6 9 -12.7443
-6 10 -13.0609
-6 11 -13.3792
-6 12 -13.6943
-6 13 -13.9611
-6 14 -14.2343
-6 15 -14.513
-6 16 -14.7862
-6 17 -15.0225
-6 18 -15.2658
-6 19 -15.5273
-6 20 -15.7431
-6 21 -15.9765
-6 22 -16.1714
-6 23 -16.3903
-6 24 -16.5884
-6 25 -16.7997
-6 26 -16.986
-6 27 -17.1643
-6 28 -17.3433
-6 29 -17.5115
-6 30 -17.673
-6 31 -17.8407
-6 32 -17.9908
-6 33 -18.1451
-6 34 -18.2716
-6 35 -18.424
-6 36 -18.5483
-6 37 -18.6628
-6 38 -18.7811
-6 39 -18.9331
-6 40 -19.0411
-5 -10 -10.858
-5 -9 -10.8533
-5 -8 -10.8283
-5 -7 -10.813
-5 -6 -10.7781
-5 -5 -10.7624
-5 -4 -10.73
-5 -3 -10.7229
-5 -2 -10.6932
-5 -1 -10.6896
-5 0 -10.6375
-5 1 -10.6011
-5 2 -10.6491
-5 3 -10.8237
-5 4 -11.1204
-5 5 -11.4408
-5 6 -11.7326
-5 7 -12.0805
-5 8 -12.4155
-5 9 -12.7401
-5 10 -13.058
-5 11 -13.3737
-5 12 -13.6396
-5 13 -13.932
-5 14 -14.2079
-5 15 -14.4881
-5 16 -14.7223
-5 17 -15.0092
-5 18 -15.251
-5 19 -15.4803
-5 20 -15.7099
-5 21 -15.9553
-5 22 -16.1711
-5 23 -16.3807
-5 24 -16.5891
-5 25 -16.786
-5 26 -16.9797
-5 27 -17.1689
-5 28 -17.3309
-5 29 -17.496
-5 30 -17.6724
-5 31 -17.8274
-5 32 -17.9711
-5 33 -18.1274
-5 34 -18.2601
-5 35 -18.3906
-5 36 -18.5343
-5 37 -18.6608
-5 38 -18.7827
-5 39 -18.9213
-5 40 -19.0212
-4 -10 -10.8533
-4 -9 -10.8466
-4 -8 -10.8094
-4 -7 -10.7812
-4 -6 -10.7667
-4 -5 -10.7503
-4 -4 -10.7271
-4 -3 -10.7232
-4 -2 -10.6862
-4 -1 -10.6489
-4 0 -10.6372
-4 1 -10.6182
-4 2 -10.6278
-4 3 -10.8257
-4 4 -11.1085
-4 5 -11.4123
-4 6 -11.7421
-4 7 -12.0661
-4 8 -12.3931
-4 9 -12.7202
-4 10 -13.0203
-4 11 -13.3383
-4 12 -13.6139
-4 13 -13.9293
-4 14 -14.1892
-4 15 -14.4921
-4 16 -14.7413
-4 17 -14.968
-4 18 -15.2397
-4 19 -15.4795
-4 20 -15.7227
-4 21 -15.9484
-4 22 -16.1672
-4 23 -16.3656
-4 24 -16.5625
-4 25 -16.7691
-4 26 -16.9792
-4 27 -17.1407
-4 28 -17.314
-4 29 -17.5048
-4 30 -17.6392
-4 31 -17.8082
-4 32 -17.9515
-4 33 -18.1108
-4 34 -18.2495
-4 35 -18.385
-4 36 -18.5266
-4 37 -18.6406
-4 38 -18.7657
-4 39 -18.8966
-4 40 -19.0256
-3 -10 -10.8547
-3 -9 -10.8362
-3 -8 -10.7983
-3 -7 -10.7915
-3 -6 -10.7818
-3 -5 -10.7372
-3 -4 -10.7551
-3 -3 -10.7022
-3 -2 -10.6959
-3 -1 -10.6564
-3 0 -10.6257
-3 1 -10.6127
-3 2 -10.6526
-3 3 -10.8372
-3 4 -11.1141
-3 5 -11.4136
-3 6 -11.7551
-3 7 -12.0919
-3 8 -12.378
-3 9 -12.7273
-3 10 -13.0186
-3 11 -13.3234
-3 12 -13.6223
-3 13 -13.905
-3 14 -14.1831
-3 15 -14.4458
-3 16 -14.7159
-3 17 -14.9413
-3 18 -15.2102
-3 19 -15.4765
-3 20 -15.6969
-3 21 -15.9157
-3 22 -16.1393
-3 23 -16.3629
-3 24 -16.549
-3 25 -16.7734
-3 26 -16.9402
-3 27 -17.1461
-3 28 -17.2977
-3 29 -17.4812
-3 30 -17.6445
-3 31 -17.8123
-3 32 -17.9555
-3 33 -18.1114
-3 34 -18.2508
-3 35 -18.4022
-3 36 -18.5011
-3 37 -18.6401
-3 38 -18.7645
-3 39 -18.8885
-3 40 -18.9993
-2 -10 -10.8777
-2 -9 -10.8344
-2 -8 -10.8198
-2 -7 -10.7878
-2 -6 -10.7768
-2 -5 -10.7769
-2 -4 -10.7521
-2 -3 -10.7177
-2 -2 -10.6624
-2 -1 -10.6197
-2 0 -10.6106
-2 1 -10.5919
-2 2 -10.6083
-2 3 -10.8111
-2 4 -11.0803
-2 5 -11.4037
-2 6 -11.7631
-2 7 -12.0484
-2 8 -12.4088
-2 9 -12.7048
-2 10 -13.0238
-2 11 -13.3074
-2 12 -13.643
-2 13 -13.9158
-2 14 -14.1789
-2 15 -14.4717
-2 16 -14.7045
-2 17 -14.9669
-2 18 -15.2137
-2 19 -15.4439
-2 20 -15.6752
-2 21 -15.9051
-2 22 -16.1385
-2 23 -16.3557
-2 24 -16.5526
-2 25 -16.7548
-2 26 -16.9455
-2 27 -17.1545
-2 28 -17.3139
-2 29 -17.486
-2 30 -17.6648
-2 31 -17.8251
-2 32 -17.9534
-2 33 -18.0996
-2 34 -18.2576
-2 35 -18.37
-2 36 -18.5271
-2 37 -18.6386
-2 38 -18.7856
-2 39 -18.8971
-2 40 -19.0118
-1 -10 -10.8526
-1 -9 -10.8393
-1 -8 -10.819
-1 -7 -10.8129
-1 -6 -10.7913
-1 -5 -10.7556
-1 -4 -10.731
-1 -3 -10.6968
-1 -2 -10.6932
-1 -1 -10.6381
-1 0 -10.6319
-1 1 -10.5987
-1 2 -10.6409
-1 3 -10.8114
-1 4 -11.0778
-1 5 -11.4173
-1 6 -11.7428
-1 7 -12.064
-1 8 -12.3804
-1 9 -12.7077
-1 10 -13.0113
-1 11 -13.3518
-1 12 -13.6245
-1 13 -13.91
-1 14 -14.1875
-1 15 -14.463
-1 16 -14.7183
-1 17 -14.9734
-1 18 -15.2259
-1 19 -15.4599
-1 20 -15.7153
-1 21 -15.9229
-1 22 -16.1323
-1 23 -16.3663
-1 24 -16.5921
-1 25 -16.7742
-1 26 -16.9455
-1 27 -17.1472
-1 28 -17.3176
-1 29 -17.5022
-1 30 -17.6746
-1 31 -17.8255
-1 32 -17.9525
-1 33 -18.1213
-1 34 -18.2698
-1 35 -18.4002
-1 36 -18.5321
-1 37 -18.6508
-1 38 -18.7655
-1 39 -18.908
-1 40 -19.0325
0 -10 -10.8766
0 -9 -10.8536
0 -8 -10.8434
0 -7 -10.8245
0 -6 -10.8007
0 -5 -10.7834
0 -4 -10.7395
0 -3 -10.734
0 -2 -10.6905
0 -1 -10.6728
0 0 -10.6397
0 1 -10.5918
0 2 -10.6117
0 3 -10.8213
0 4 -11.0514
0 5 -11.3943
0 6 -11.7545
0 7 -12.0406
0 8 -12.4008
0 9 -12.7236
0 10 -13.0402
0 11 -13.3203
0 12 -13.6607
0 13 -13.9465
0 14 -14.1983
0 15 -14.5155
0 16 -14.7599
0 17 -14.9922
0 18 -15.2427
0 19 -15.4692
0 20 -15.7146
0 21 -15.9224
0 22 -16.1593
0 23 -16.3619
0 24 -16.5684
0 25 -16.7635
0 26 -16.9845
0 27 -17.1611
0 28 -17.3345
0 29 -17.5337
0 30 -17.6946
0 31 -17.8443
0 32 -18.0095
0 33 -18.13
0 34 -18.2708
0 35 -18.4292
0 36 -18.5617
0 37 -18.6873
0 38 -18.7995
0 39 -18.9337
0 40 -19.0562
1 -10 -10.9005
1 -9 -10.88
1 -8 -10.8639
1 -7 -10.8352
1 -6 -10.825
1 -5 -10.7828
1 -4 -10.775
1 -3 -10.7527
1 -2 -10.7159
1 -1 -10.6997
1 0 -10.6631
1 1 -10.6392
1 2 -10.654
1 3 -10.8138
1 4 -11.0975
1 5 -11.4067
1 6 -11.7347
1 7 -12.0579
1 8 -12.4501
1 9 -12.7368
1 10 -13.0607
1 11 -13.3782
1 12 -13.6648
1 13 -13.9589
1 14 -14.2632
1 15 -14.5438
1 16 -14.7719
1 17 -15.0246
1 18 -15.2821
1 19 -15.5123
1 20 -15.7676
1 21 -15.9797
1 22 -16.2005
1 23 -16.4008
1 24 -16.6226
1 25 -16.8012
1 26 -17.0167
1 27 -17.1647
1 28 -17.3754
1 29 -17.5461
1 30 -17.7085
1 31 -17.8704
1 32 -18.0199
1 33 -18.1804
1 34 -18.311
1 35 -18.4431
1 36 -18.5765
1 37 -18.7118
1 38 -18.8345
1 39 -18.9623
1 40 -19.0727
2 -10 -10.925
2 -9 -10.922
2 -8 -10.9071
2 -7 -10.8868
2 -6 -10.8811
2 -5 -10.8594
2 -4 -10.8106
2 -3 -10.7933
2 -2 -10.7655
2 -1 -10.6965
2 0 -10.7201
2 1 -10.6844
2 2 -10.6778
2 3 -10.858
2 4 -11.134
2 5 -11.4281
2 6 -11.7846
2 7 -12.1299
2 8 -12.4387
2 9 -12.7887
2 10 -13.119
2 11 -13.4301
2 12 -13.7264
2 13 -14.032
2 14 -14.3195
2 15 -14.5447
2 16 -14.8047
2 17 -15.0884
2 18 -15.3053
2 19 -15.5676
2 20 -15.8136
2 21 -16.0258
2 22 -16.2284
2 23 -16.4421
2 24 -16.6815
2 25 -16.8625
2 26 -17.0522
2 27 -17.2208
2 28 -17.4386
2 29 -17.5914
2 30 -17.7529
2 31 -17.9095
2 32 -18.0466
2 33 -18.2059
2 34 -18.3634
2 35 -18.4936
2 36 -18.6386
2 37 -18.7641
2 38 -18.9132
2 39 -19.0139
2 40 -19.1258
3 -10 -10.9888
3 -9 -10.9768
3 -8 -10.9501
3 -7 -10.9459
3 -6 -10.9066
3 -5 -10.9007
3 -4 -10.8744
3 -3 -10.8266
3 -2 -10.8148
3 -1 -10.8071
3 0 -10.7317
3 1 -10.6975
3 2 -10.7219
3 3 -10.8997
3 4 -11.191
3 5 -11.498
3 6 -11.8347
3 7 -12.1734
3 8 -12.4752
3 9 -12.8301
3 10 -13.167
3 11 -13.4637
3 12 -13.7621
3 13 -14.0552
3 14 -14.3027
3 15 -14.5922
3 16 -14.843
3 17 -15.1481
3 18 -15.3502
3 19 -15.6096
3 20 -15.8335
3 21 -16.0734
3 22 -16.3213
3 23 -16.5043
3 24 -16.716
3 25 -16.9143
3 26 -17.1211
3 27 -17.2883
3 28 -17.4948
3 29 -17.637
3 30 -17.8157
3 31 -17.9532
3 32 -18.1187
3 33 -18.2882
3 34 -18.4212
3 35 -18.5491
3 36 -18.6766
3 37 -18.81
3 38 -18.9364
3 39 -19.0604
3 40 -19.1875
4 -10 -11.0506
4 -9 -11.0398
4 -8 -10.9997
4 -7 -10.9811
4 -6 -10.9463
4 -5 -10.9394
4 -4 -10.9159
4 -3 -10.8772
4 -2 -10.844
4 -1 -10.8243
4 0 -10.7868
4 1 -10.743
4 2 -10.765
4 3 -10.9561
4 4 -11.245
4 5 -11.5363
4 6 -11.8897
4 7 -12.2327
4 8 -12.5651
4 9 -12.8958
4 10 -13.1939
4 11 -13.4869
4 12 -13.8345
4 13 -14.0767
4 14 -14.3777
4 15 -14.6362
4 16 -14.8819
4 17 -15.1839
4 18 -15.4301
4 19 -15.6408
4 20 -15.8901
4 21 -16.1274
4 22 -16.3319
4 23 -16.5562
4 24 -16.7601
4 25 -16.9898
4 26 -17.1534
4 27 -17.3318
4 28 -17.5234
4 29 -17.7116
4 30 -17.8601
4 31 -18.0315
4 32 -18.1664
4 33 -18.3224
4 34 -18.4616
4 35 -18.5894
4 36 -18.72
4 37 -18.8563
4 38 -18.97
4 39 -19.103
4 40 -19.2222
5 -10 -11.0845
5 -9 -11.0675
5 -8 -11.0468
5 -7 -11.0234
5 -6 -10.9921
5 -5 -10.979
5 -4 -10.9552
5 -3 -10.9253
5 -2 -10.9004
5 -1 -10.844
5 0 -10.8106
5 1 -10.7889
5 2 -10.8426
5 3 -11.0053
5 4 -11.28
5 5 -11.6207
5 6 -11.9323
5 7 -12.2706
5 8 -12.6155
5 9 -12.9137
5 10 -13.2437
5 11 -13.5402
5 12 -13.8377
5 13 -14.1227
5 14 -14.423
5 15 -14.7168
5 16 -14.9687
5 17 -15.2448
5 18 -15.4741
5 19 -15.7145
5 20 -15.9371
5 21 -16.1926
5 22 -16.3917
5 23 -16.6311
5 24 -16.8282
5 25 -17.0231
5 26 -17.1923
5 27 -17.3806
5 28 -17.5669
5 29 -17.7502
5 30 -17.9212
5 31 -18.0883
5 32 -18.2179
5 33 -18.3804
5 34 -18.5103
5 35 -18.6382
5 36 -18.7755
5 37 -18.895
5 38 -19.0313
5 39 -19.1495
5 40 -19.264
6 -10 -11.146
6 -9 -11.1152
6 -8 -11.0943
6 -7 -11.0631
6 -6 -11.0308
6 -5 -11.0272
6 -4 -11.0005
6 -3 -10.9745
6 -2 -10.9383
6 -1 -10.9177
6 0 -10.8797
6 1 -10.8541
6 2 -10.882
6 3 -11.0591
6 4 -11.353
6 5 -11.6567
6 6 -11.9673
6 7 -12.3029
6 8 -12.6434
6 9 -12.973
6 10 -13.2766
6 11 -13.6004
6 12 -13.8873
6 13 -14.1827
6 14 -14.482
6 15 -14.7537
6 16 -14.9958
6 17 -15.2733
6 18 -15.5181
6 19 -15.7606
6 20 -16.0039
6 21 -16.2209
6 22 -16.4421
6 23 -16.6614
6 24 -16.8621
6 25 -17.0659
6 26 -17.2628
6 27 -17.469
6 28 -17.6135
6 29 -17.8034
6 30 -17.9629
6 31 -18.1163
6 32 -18.2569
6 33 -18.4049
6 34 -18.5618
6 35 -18.6888
6 36 -18.8332
6 37 -18.9582
6 38 -19.0795
6 39 -19.2069
6 40 -19.3191
7 -10 -11.1687
7 -9 -11.1636
7 -8 -11.1322
7 -7 -11.127
7 -6 -11.0937
7 -5 -11.0755
7 -4 -11.0243
7 -3 -11.0084
7 -2 -10.9954
7 -1 -10.9534
7 0 -10.9074
7 1 -10.8924
7 2 -10.9123
7 3 -11.0969
7 4 -11.3724
7 5 -11.6681
7 6 -12.0195
7 7 -12.367
7 8 -12.7044
7 9 -13.0102
7 10 -13.3102
7 11 -13.6485
7 12 -13.9514
7 13 -14.2324
7 14 -14.4955
7 15 -14.8033
7 16 -15.0635
7 17 -15.3309
7 18 -15.5905
7 19 -15.7971
7 20 -16.0469
7 21 -16.2678
7 22 -16.493
7 23 -16.6995
7 24 -16.8997
7 25 -17.1207
7 26 -17.305
7 27 -17.4757
7 28 -17.6682
7 29 -17.8282
7 30 -18.0193
7 31 -18.1544
7 32 -18.3045
7 33 -18.4685
7 34 -18.5972
7 35 -18.7335
7 36 -18.8715
7 37 -18.9806
7 38 -19.1175
7 39 -19.2308
7 40 -19.3455
8 -10 -11.2186
8 -9 -11.1973
8 -8 -11.1867
8 -7 -11.1758
8 -6 -11.1393
8 -5 -11.1053
8 -4 -11.0728
8 -3 -11.0579
8 -2 -11.0317
8 -1 -10.9989
8 0 -10.9514
8 1 -10.9559
8 2 -10.9683
8 3 -11.14
8 4 -11.3841
8 5 -11.7311
8 6 -12.0373
8 7 -12.4328
8 8 -12.7157
8 9 -13.0388
8 10 -13.3875
8 11 -13.6992
8 12 -13.9785
8 13 -14.292
8 14 -14.5683
8 15 -14.8347
8 16 -15.0934
8 17 -15.3825
8 18 -15.6033
8 19 -15.8458
8 20 -16.0915
8 21 -16.306
8 22 -16.5174
8 23 -16.7261
8 24 -16.9544
8 25 -17.1464
8 26 -17.3416
8 27 -17.5179
8 28 -17.6987
8 29 -17.865
8 30 -18.0448
8 31 -18.198
8 32 -18.3489
8 33 -18.4948
8 34 -18.65
8 35 -18.7787
8 36 -18.9267
8 37 -19.034
8 38 -19.1555
8 39 -19.2744
8 40 -19.3966
9 -10 -11.2651
9 -9 -11.2392
9 -8 -11.2272
9 -7 -11.192
9 -6 -11.1824
9 -5 -11.1509
9 -4 -11.1267
9 -3 -11.1068
9 -2 -11.0764
9 -1 -11.0122
9 0 -11.0149
9 1 -10.9599
9 2 -11.0119
9 3 -11.1979
9 4 -11.467
9 5 -11.8052
9 6 -12.1057
9 7 -12.4395
9 8 -12.7856
9 9 -13.1161
9 10 -13.4107
9 11 -13.7586
9 12 -14.0334
9 13 -14.3157
9 14 -14.6113
9 15 -14.8689
9 16 -15.1716
9 17 -15.3919
9 18 -15.6676
9 19 -15.8805
9 20 -16.1217
9 21 -16.3588
9 22 -16.5492
9 23 -16.7914
9 24 -16.977
9 25 -17.1756
9 26 -17.3747
9 27 -17.553
9 28 -17.7331
9 29 -17.9236
9 30 -18.0793
9 31 -18.2577
9 32 -18.4075
9 33 -18.5362
9 34 -18.6791
9 35 -18.8031
9 36 -18.9508
9 37 -19.0755
9 38 -19.1909
9 39 -19.3108
9 40 -19.4314
10 -10 -11.2875
10 -9 -11.268
10 -8 -11.247
10 -7 -11.227
10 -6 -11.2147
10 -5 -11.1841
10 -4 -11.1607
10 -3 -11.1369
10 -2 -11.1046
10 -1 -11.0778
10 0 -11.0281
10 1 -11.005
10 2 -11.0503
10 3 -11.2444
10 4 -11.4951
10 5 -11.8113
10 6 -12.1556
10 7 -12.479
10 8 -12.8259
10 9 -13.1196
10 10 -13.4763
10 11 -13.7609
10 12 -14.0783
10 13 -14.3509
10 14 -14.6473
10 15 -14.9195
10 16 -15.1795
10 17 -15.4137
10 18 -15.6734
10 19 -15.9175
10 20 -16.1588
10 21 -16.3953
10 22 -16.5884
10 23 -16.8011
10 24 -17.005
10 25 -17.2233
10 26 -17.4131
10 27 -17.6019
10 28 -17.7792
10 29 -17.947
10 30 -18.1164
10 31 -18.2778
10 32 -18.4274
10 33 -18.5819
10 34 -18.7148
10 35 -18.839
10 36 -18.9786
10 37 -19.1067
10 38 -19.2458
10 39 -19.3607
10 40 -19.4536
11 -10 -11.3198
11 -9 -11.3043
11 -8 -11.2874
11 -7 -11.2648
11 -6 -11.2419
11 -5 -11.2176
11 -4 -11.1854
11 -3 -11.1812
11 -2 -11.1259
11 -1 -11.1216
11 0 -11.075
11 1 -11.0334
11 2 -11.0708
11 3 -11.2624
11 4 -11.542
11 5 -11.8493
11 6 -12.1996
11 7 -12.5147
11 8 -12.8424
11 9 -13.159
11 10 -13.4941
11 11 -13.8
11 12 -14.0813
11 13 -14.4054
11 14 -14.6683
11 15 -14.9318
11 16 -15.2182
11 17 -15.454
11 18 -15.7225
11 19 -15.9535
11 20 -16.2041
11 21 -16.4154
11 22 -16.6272
11 23 -16.8391
11 24 -17.06
11 25 -17.26
11 26 -17.4411
11 27 -17.6165
11 28 -17.819
11 29 -17.9938
11 30 -18.1694
11 31 -18.3081
11 32 -18.4712
11 33 -18.6151
11 34 -18.7427
11 35 -18.875
11 36 -19.0198
11 37 -19.1454
11 38 -19.2646
11 39 -19.3771
11 40 -19.4964
12 -10 -11.356
12 -9 -11.3351
12 -8 -11.3298
12 -7 -11.2978
12 -6 -11.2675
12 -5 -11.2485
12 -4 -11.2559
12 -3 -11.2092
12 -2 -11.1808
12 -1 -11.1317
12 0 -11.0839
12 1 -11.0862
12 2 -11.1117
12 3 -11.2898
12 4 -11.5777
12 5 -11.8948
12 6 -12.2065
12 7 -12.5686
12 8 -12.8906
12 9 -13.1994
12 10 -13.5283
12 11 -13.8213
12 12 -14.142
12 13 -14.4305
12 14 -14.7015
12 15 -14.976
12 16 -15.2476
12 17 -15.4956
12 18 -15.7427
12 19 -15.9877
12 20 -16.2361
12 21 -16.4584
12 22 -16.6831
12 23 -16.8936
12 24 -17.0994
12 25 -17.2982
12 26 -17.477
12 27 -17.6755
12 28 -17.86
12 29 -18.0236
12 30 -18.197
12 31 -18.3607
12 32 -18.5221
12 33 -18.6485
12 34 -18.7882
12 35 -18.9199
12 36 -19.0495
12 37 -19.1749
12 38 -19.2991
12 39 -19.4173
12 40 -19.5235
13 -10 -11.3827
13 -9 -11.3697
13 -8 -11.351
13 -7 -11.3183
13 -6 -11.2992
13 -5 -11.281
13 -4 -11.2433
13 -3 -11.2317
13 -2 -11.1988
13 -1 -11.1595
13 0 -11.1386
13 1 -11.1035
13 2 -11.1566
13 3 -11.3284
13 4 -11.6125
13 5 -11.9106
13 6 -12.2244
13 7 -12.5666
13 8 -12.9089
13 9 -13.2463
13 10 -13.5662
13 11 -13.8639
13 12 -14.1629
13 13 -14.4474
13 14 -14.7357
13 15 -15.0199
13 16 -15.2978
13 17 -15.535
13 18 -15.7957
13 19 -16.0366
13 20 -16.269
13 21 -16.4911
13 22 -16.6949
13 23 -16.9078
13 24 -17.1263
13 25 -17.335
13 26 -17.5212
13 27 -17.6972
13 28 -17.8772
13 29 -18.0686
13 30 -18.215
13 31 -18.3726
13 32 -18.537
13 33 -18.6812
13 34 -18.8057
13 35 -18.9505
13 36 -19.0754
13 37 -19.188
13 38 -19.3188
13 39 -19.441
13 40 -19.5546
14 -10 -11.4095
14 -9 -11.3933
14 -8 -11.3755
14 -7 -11.3584
14 -6 -11.3185
14 -5 -11.3068
14 -4 -11.2777
14 -3 -11.2686
14 -2 -11.2198
14 -1 -11.1996
14 0 -11.1615
14 1 -11.1327
14 2 -11.1918
14 3 -11.3524
14 4 -11.6211
14 5 -11.9384
14 6 -12.2858
14 7 -12.6216
14 8 -12.943
14 9 -13.2717
14 10 -13.6006
14 11 -13.8878
14 12 -14.1847
14 13 -14.4952
14 14 -14.7717
14 15 -15.0517
14 16 -15.298
14 17 -15.5656
14 18 -15.825
14 19 -16.0562
14 20 -16.2949
14 21 -16.5346
14 22 -16.7311
14 23 -16.9636
14 24 -17.1453
14 25 -17.3627
14 26 -17.5478
14 27 -17.7247
14 28 -17.9108
14 29 -18.0946
14 30 -18.2504
14 31 -18.4052
14 32 -18.5524
14 33 -18.7028
14 34 -18.8496
14 35 -18.9835
14 36 -19.1011
14 37 -19.2267
14 38 -19.3515
14 39 -19.4806
14 40 -19.5829
15 -10 -11.4325
15 -9 -11.4136
15 -8 -11.408
15 -7 -11.3742
15 -6 -11.3455
15 -5 -11.3276
15 -4 -11.3061
15 -3 -11.2865
15 -2 -11.2577
15 -1 -11.2247
15 0 -11.1978
15 1 -11.1549
15 2 -11.2141
15 3 -11.3968
15 4 -11.6829
15 5 -11.9718
15 6 -12.3077
15 7 -12.6625
15 8 -12.9719
15 9 -13.3049
15 10 -13.6226
15 11 -13.9369
15 12 -14.2273
15 13 -14.5058
15 14 -14.8019
15 15 -15.0608
15 16 -15.339
15 17 -15.5962
15 18 -15.8427
15 19 -16.0883
15 20 -16.3101
15 21 -16.5435
15 22 -16.7677
15 23 -16.9847
15 24 -17.1701
15 25 -17.3877
15 26 -17.5699
15 27 -17.7613
15 28 -17.9342
15 29 -18.1076
15 30 -18.27
15 31 -18.4319
15 32 -18.5787
15 33 -18.7281
15 34 -18.8677
15 35 -18.9963
15 36 -19.1315
15 37 -19.2458
15 38 -19.3693
15 39 -19.4894
15 40 -19.6035
16 -10 -11.4674
16 -9 -11.4416
16 -8 -11.4244
16 -7 -11.4216
16 -6 -11.3624
16 -5 -11.353
16 -4 -11.3428
16 -3 -11.3128
16 -2 -11.2821
16 -1 -11.2437
16 0 -11.2335
16 1 -11.198
16 2 -11.2315
16 3 -11.4009
16 4 -11.6938
16 5 -12.0107
16 6 -12.3475
16 7 -12.6734
16 8 -13.0033
16 9 -13.3449
16 10 -13.6502
16 11 -13.9533
16 12 -14.2597
16 13 -14.5322
16 14 -14.8252
16 15 -15.0875
16 16 -15.3659
16 17 -15.609
16 18 -15.8711
16 19 -16.1074
16 20 -16.3433
16 21 -16.5667
16 22 -16.7836
16 23 -16.9853
16 24 -17.2019
16 25 -17.3957
16 26 -17.58
16 27 -17.7843
16 28 -17.9639
16 29 -18.1215
16 30 -18.3134
16 31 -18.4595
16 32 -18.604
16 33 -18.7548
16 34 -18.8857
16 35 -19.0276
16 36 -19.1485
16 37 -19.283
16 38 -19.3965
16 39 -19.5083
16 40 -19.6137
17 -10 -11.4956
17 -9 -11.47
17 -8 -11.4634
17 -7 -11.4362
17 -6 -11.4029
17 -5 -11.3929
17 -4 -11.3818
17 -3 -11.3347
17 -2 -11.3004
17 -1 -11.2806
17 0 -11.2352
17 1 -11.2252
17 2 -11.2617
17 3 -11.4449
17 4 -11.7147
17 5 -12.0541
17 6 -12.3454
17 7 -12.6831
17 8 -13.0251
17 9 -13.3357
17 10 -13.6566
17 11 -13.9651
17 12 -14.2774
17 13 -14.5572
17 14 -14.8357
17 15 -15.1139
17 16 -15.3833
17 17 -15.6578
17 18 -15.8918
17 19 -16.1209
17 20 -16.3652
17 21 -16.5777
17 22 -16.8116
17 23 -17.0167
17 24 -17.2266
17 25 -17.4247
17 26 -17.6337
17 27 -17.8042
17 28 -18.0026
17 29 -18.1583
17 30 -18.3354
17 31 -18.4859
17 32 -18.6427
17 33 -18.7797
17 34 -18.9189
17 35 -19.0525
17 36 -19.1811
17 37 -19.2994
17 38 -19.4203
17 39 -19.5446
17 40 -19.6534
18 -10 -11.5247
18 -9 -11.5015
18 -8 -11.4868
18 -7 -11.4538
18 -6 -11.4234
18 -5 -11.4072
18 -4 -11.3882
18 -3 -11.3737
18 -2 -11.3295
18 -1 -11.2931
18 0 -11.2765
18 1 -11.2342
18 2 -11.2799
18 3 -11.4608
18 4 -11.7343
18 5 -12.0505
18 6 -12.3769
18 7 -12.7328
18 8 -13.0452
18 9 -13.3615
18 10 -13.6902
18 11 -14.0002
18 12 -14.2951
18 13 -14.5873
18 14 -14.8595
18 15 -15.1378
18 16 -15.4193
18 17 -15.6548
18 18 -15.9203
18 19 -16.1653
18 20 -16.3937
18 21 -16.6197
18 22 -16.8481
18 23 -17.0581
18 24 -17.2522
18 25 -17.4616
18 26 -17.6469
18 27 -17.8279
18 28 -18.0041
18 29 -18.1831
18 30 -18.3455
18 31 -18.5141
18 32 -18.6637
18 33 -18.8133
18 34 -18.9516
18 35 -19.0846
18 36 -19.2027
18 37 -19.3275
18 38 -19.4537
18 39 -19.5576
18 40 -19.668
19 -10 -11.5304
19 -9 -11.5254
19 -8 -11.4979
19 -7 -11.4786
19 -6 -11.4568
19 -5 -11.4329
19 -4 -11.4067
19 -3 -11.399
19 -2 -11.3505
19 -1 -11.331
19 0 -11.2958
19 1 -11.2729
19 2 -11.2836
19 3 -11.4669
19 4 -11.7578
19 5 -12.0831
19 6 -12.419
19 7 -12.7541
19 8 -13.0695
19 9 -13.3905
19 10 -13.7065
19 11 -14.0083
19 12 -14.3013
19 13 -14.6273
19 14 -14.891
19 15 -15.1704
19 16 -15.4333
19 17 -15.6917
19 18 -15.95
19 19 -16.1884
19 20 -16.4262
19 21 -16.6395
19 22 -16.8438
19 23 -17.0733
19 24 -17.2808
19 25 -17.4835
19 26 -17.6591
19 27 -17.8718
19 28 -18.0501
19 29 -18.2083
19 30 -18.3764
19 31 -18.5365
19 32 -18.688
19 33 -18.8408
19 34 -18.9668
19 35 -19.1053
19 36 -19.238
19 37 -19.3536
19 38 -19.4644
19 39 -19.5819
19 40 -19.7036
20 -10 -11.554
20 -9 -11.5303
20 -8 -11.5306
20 -7 -11.4958
20 -6 -11.4685
20 -5 -11.4632
20 -4 -11.4323
20 -3 -11.4042
20 -2 -11.3769
20 -1 -11.3465
20 0 -11.3187
20 1 -11.2754
20 2 -11.3062
20 3 -11.5106
20 4 -11.7894
20 5 -12.1099
20 6 -12.4474
20 7 -12.7718
20 8 -13.0856
20 9 -13.4222
20 10 -13.7392
20 11 -14.0102
20 12 -14.3507
20 13 -14.6182
20 14 -14.916
20 15 -15.1943
20 16 -15.461
20 17 -15.7109
20 18 -15.9596
20 19 -16.2209
20 20 -16.44
20 21 -16.6712
20 22 -16.889
20 23 -17.0841
20 24 -17.3145
20 25 -17.5034
20 26 -17.6922
20 27 -17.8844
20 28 -18.0592
20 29 -18.2332
20 30 -18.3925
20 31 -18.5529
20 32 -18.7054
20 33 -18.8652
20 34 -18.989
20 35 -19.1263
20 36 -19.2644
20 37 -19.383
20 38 -19.4946
20 39 -19.6024
20 40 -19.7255
21 -10 -11.5682
21 -9 -11.5476
21 -8 -11.5415
21 -7 -11.5213
21 -6 -11.5009
21 -5 -11.4681
21 -4 -11.4649
21 -3 -11.4272
21 -2 -11.3982
21 -1 -11.3573
21 0 -11.3207
21 1 -11.3249
21 2 -11.353
21 3 -11.5351
21 4 -11.8022
21 5 -12.1173
21 6 -12.4546
21 7 -12.7937
21 8 -13.1197
21 9 -13.4252
21 10 -13.753
21 11 -14.061
21 12 -14.3644
21 13 -14.6654
21 14 -14.9364
21 15 -15.2234
21 16 -15.4839
21 17 -15.7354
21 18 -15.9706
21 19 -16.2236
21 20 -16.465
21 21 -16.6889
21 22 -16.9225
21 23 -17.1215
21 24 -17.3326
21 25 -17.5245
21 26 -17.7085
21 27 -17.8923
21 28 -18.0775
21 29 -18.2561
21 30 -18.4123
21 31 -18.5697
21 32 -18.7276
21 33 -18.8735
21 34 -19.0247
21 35 -19.149
21 36 -19.2737
21 37 -19.3964
21 38 -19.5097
21 39 -19.631
21 40 -19.74
22 -10 -11.5786
22 -9 -11.5686
22 -8 -11.5409
22 -7 -11.5195
22 -6 -11.511
22 -5 -11.4931
22 -4 -11.4828
22 -3 -11.4405
22 -2 -11.4316
22 -1 -11.3914
22 0 -11.3562
22 1 -11.3341
22 2 -11.3688
22 3 -11.5467
22 4 -11.826
22 5 -12.1492
22 6 -12.489
22 7 -12.8072
22 8 -13.1487
22 9 -13.4629
22 10 -13.7857
22 11 -14.0939
22 12 -14.3805
22 13 -14.6887
22 14 -14.9793
22 15 -15.2328
22 16 -15.4987
22 17 -15.7434
22 18 -16.0031
22 19 -16.2544
22 20 -16.4717
22 21 -16.7035
22 22 -16.9262
22 23 -17.1362
22 24 -17.3391
22 25 -17.5392
22 26 -17.7339
22 27 -17.9146
22 28 -18.0983
22 29 -18.2741
22 30 -18.4465
22 31 -18.6021
22 32 -18.7426
22 33 -18.879
22 34 -19.0289
22 35 -19.1575
22 36 -19.2852
22 37 -19.4079
22 38 -19.5345
22 39 -19.6483
22 40 -19.7591
23 -10 -11.5938
23 -9 -11.5855
23 -8 -11.5515
23 -7 -11.5503
23 -6 -11.5174
23 -5 -11.5102
23 -4 -11.4938
23 -3 -11.4686
23 -2 -11.4319
23 -1 -11.4023
23 0 -11.377
23 1 -11.3562
23 2 -11.3937
23 3 -11.5843
23 4 -11.8407
23 5 -12.164
23 6 -12.4913
23 7 -12.8341
23 8 -13.1712
23 9 -13.4913
23 10 -13.8138
23 11 -14.105
23 12 -14.4097
23 13 -14.7021
23 14 -14.9751
23 15 -15.2514
23 16 -15.5227
23 17 -15.7645
23 18 -16.0052
23 19 -16.2696
23 20 -16.4911
23 21 -16.714
23 22 -16.9262
23 23 -17.1447
23 24 -17.3578
23 25 -17.5553
23 26 -17.7408
23 27 -17.9355
23 28 -18.1187
23 29 -18.2892
23 30 -18.4533
23 31 -18.6156
23 32 -18.7593
23 33 -18.9142
23 34 -19.0392
23 35 -19.1772
23 36 -19.3056
23 37 -19.4256
23 38 -19.5494
23 39 -19.664
23 40 -19.7714
24 -10 -11.6046
24 -9 -11.6046
24 -8 -11.592
24 -7 -11.5574
24 -6 -11.5531
24 -5 -11.5218
24 -4 -11.5104
24 -3 -11.5078
24 -2 -11.4689
24 -1 -11.4355
24 0 -11.4058
24 1 -11.3691
24 2 -11.3929
24 3 -11.5865
24 4 -11.8903
24 5 -12.175
24 6 -12.5096
24 7 -12.8511
24 8 -13.1787
24 9 -13.499
24 10 -13.8136
24 11 -14.1227
24 12 -14.4118
24 13 -14.7047
24 14 -14.9895
24 15 -15.2776
24 16 -15.5413
24 17 -15.786
24 18 -16.0361
24 19 -16.2763
24 20 -16.5162
24 21 -16.7318
24 22 -16.9551
24 23 -17.1642
24 24 -17.3721
24 25 -17.5789
24 26 -17.784
24 27 -17.9543
24 28 -18.1348
24 29 -18.3107
24 30 -18.4811
24 31 -18.6345
24 32 -18.7732
24 33 -18.9294
24 34 -19.0625
24 35 -19.1997
24 36 -19.3213
24 37 -19.4471
24 38 -19.567
24 39 -19.6812
24 40 -19.7889
25 -10 -11.6293
25 -9 -11.618
25 -8 -11.6005
25 -7 -11.5784
25 -6 -11.5708
25 -5 -11.5469
25 -4 -11.5319
25 -3 -11.506
25 -2 -11.4732
25 -1 -11.4337
25 0 -11.4112
25 1 -11.3854
25 2 -11.4291
25 3 -11.6148
25 4 -11.881
25 5 -12.1981
25 6 -12.5301
25 7 -12.8701
25 8 -13.182
25 9 -13.5245
25 10 -13.8412
25 11 -14.1528
25 12 -14.4433
25 13 -14.7414
25 14 -15.024
25 15 -15.2857
25 16 -15.5411
25 17 -15.8184
25 18 -16.0493
25 19 -16.2915
25 20 -16.5357
25 21 -16.7536
25 22 -16.9724
25 23 -17.1907
25 24 -17.3938
25 25 -17.5939
25 26 -17.7825
25 27 -17.9688
25 28 -18.139
25 29 -18.3316
25 30 -18.4915
25 31 -18.6438
25 32 -18.8028
25 33 -18.9539
25 34 -19.0852
25 35 -19.212
25 36 -19.3487
25 37 -19.4629
25 38 -19.5814
25 39 -19.7072
25 40 -19.8115
26 -10 -11.6394
26 -9 -11.6263
26 -8 -11.6059
26 -7 -11.6008
26 -6 -11.5792
26 -5 -11.5666
26 -4 -11.5372
26 -3 -11.5199
26 -2 -11.4887
26 -1 -11.459
26 0 -11.4315
26 1 -11.411
26 2 -11.444
26 3 -11.6212
26 4 -11.9185
26 5 -12.2242
26 6 -12.5623
26 7 -12.882
26 8 -13.2232
26 9 -13.5437
26 10 -13.8635
26 11 -14.1635
26 12 -14.4666
26 13 -14.7549
26 14 -15.0136
26 15 -15.2903
26 16 -15.579
26 17 -15.8137
26 18 -16.0726
26 19 -16.3316
26 20 -16.5466
26 21 -16.7743
26 22 -17.0067
26 23 -17.2041
26 24 -17.4122
26 25 -17.6187
26 26 -17.8166
26 27 -17.9948
26 28 -18.1678
26 29 -18.3399
26 30 -18.5127
26 31 -18.6639
26 32 -18.826
26 33 -18.9463
26 34 -19.0917
26 35 -19.2282
26 36 -19.3594
26 37 -19.4789
26 38 -19.5997
26 39 -19.7125
26 40 -19.8213
27 -10 -11.6545
27 -9 -11.64
27 -8 -11.6245
27 -7 -11.6033
27 -6 -11.5897
27 -5 -11.5848
27 -4 -11.5529
27 -3 -11.5339
27 -2 -11.5059
27 -1 -11.478
27 0 -11.4536
27 1 -11.4086
27 2 -11.456
27 3 -11.6581
27 4 -11.9186
27 5 -12.2416
27 6 -12.5753
27 7 -12.897
27 8 -13.2335
27 9 -13.5591
27 10 -13.8766
27 11 -14.1874
27 12 -14.4698
27 13 -14.7613
27 14 -15.0437
27 15 -15.3252
27 16 -15.5804
27 17 -15.8467
27 18 -16.0852
27 19 -16.3376
27 20 -16.5631
27 21 -16.7842
27 22 -17.0034
27 23 -17.2217
27 24 -17.424
27 25 -17.6256
27 26 -17.8202
27 27 -18.0013
27 28 -18.1872
27 29 -18.3604
27 30 -18.5169
27 31 -18.6808
27 32 -18.8248
27 33 -18.9756
27 34 -19.1153
27 35 -19.2482
27 36 -19.3705
27 37 -19.5006
27 38 -19.6194
27 39 -19.7276
27 40 -19.8386
28 -10 -11.648
28 -9 -11.6356
28 -8 -11.6325
28 -7 -11.6145
28 -6 -11.6006
28 -5 -11.5827
28 -4 -11.5699
28 -3 -11.5396
28 -2 -11.5121
28 -1 -11.4903
28 0 -11.4577
28 1 -11.4468
28 2 -11.4722
28 3 -11.6473
28 4 -11.944
28 5 -12.2626
28 6 -12.5887
28 7 -12.9244
28 8 -13.2484
28 9 -13.585
28 10 -13.8882
28 11 -14.186
28 12 -14.5045
28 13 -14.7789
28 14 -15.0654
28 15 -15.3293
28 16 -15.5976
28 17 -15.8512
28 18 -16.0935
28 19 -16.3367
28 20 -16.5693
28 21 -16.8084
28 22 -17.0274
28 23 -17.2281
28 24 -17.4445
28 25 -17.6332
28 26 -17.831
28 27 -18.0126
28 28 -18.2083
28 29 -18.3672
28 30 -18.535
28 31 -18.6909
28 32 -18.846
28 33 -18.991
28 34 -19.1252
28 35 -19.264
28 36 -19.3876
28 37 -19.506
28 38 -19.6179
28 39 -19.751
28 40 -19.8531
29 -10 -11.6419
29 -9 -11.6461
29 -8 -11.6437
29 -7 -11.6239
29 -6 -11.6099
29 -5 -11.5949
29 -4 -11.5771
29 -3 -11.5663
29 -2 -11.5368
29 -1 -11.5171
29 0 -11.481
29 1 -11.4492
29 2 -11.4849
29 3 -11.6725
29 4 -11.9526
29 5 -12.2747
29 6 -12.5991
29 7 -12.9343
29 8 -13.2676
29 9 -13.5895
29 10 -13.9012
29 11 -14.2151
29 12 -14.5024
29 13 -14.791
29 14 -15.0832
29 15 -15.3508
29 16 -15.6057
29 17 -15.8766
29 18 -16.1145
29 19 -16.3602
29 20 -16.5899
29 21 -16.8077
29 22 -17.0361
29 23 -17.2442
29 24 -17.4476
29 25 -17.6575
29 26 -17.8377
29 27 -18.036
29 28 -18.2083
29 29 -18.3803
29 30 -18.5495
29 31 -18.6953
29 32 -18.8616
29 33 -19.0017
29 34 -19.1321
29 35 -19.2649
29 36 -19.4038
29 37 -19.5248
29 38 -19.6381
29 39 -19.761
29 40 -19.867
30 -10 -11.6662
30 -9 -11.6478
30 -8 -11.6318
30 -7 -11.6433
30 -6 -11.6128
30 -5 -11.6113
30 -4 -11.5992
30 -3 -11.5747
30 -2 -11.5501
30 -1 -11.4976
30 0 -11.4936
30 1 -11.4713
30 2 -11.5014
30 3 -11.6852
30 4 -11.9848
30 5 -12.2807
30 6 -12.6184
30 7 -12.9315
30 8 -13.2712
30 9 -13.5929
30 10 -13.9128
30 11 -14.2147
30 12 -14.5151
30 13 -14.8088
30 14 -15.0855
30 15 -15.3636
30 16 -15.6336
30 17 -15.8891
30 18 -16.1283
30 19 -16.3731
30 20 -16.5848
30 21 -16.8219
30 22 -17.0354
30 23 -17.2555
30 24 -17.4691
30 25 -17.6629
30 26 -17.8555
30 27 -18.0247
30 28 -18.229
30 29 -18.3921
30 30 -18.5605
30 31 -18.7147
30 32 -18.8638
30 33 -19.0192
30 34 -19.1487
30 35 -19.2741
30 36 -19.4126
30 37 -19.5353
30 38 -19.6354
30 39 -19.7664
30 40 -19.8818
31 -10 -11.6628
31 -9 -11.6468
31 -8 -11.6423
31 -7 -11.6336
31 -6 -11.6235
31 -5 -11.6133
31 -4 -11.6005
31 -3 -11.5763
31 -2 -11.5546
31 -1 -11.5293
31 0 -11.5093
31 1 -11.4799
31 2 -11.5225
31 3 -11.7089
31 4 -11.9622
31 5 -12.3069
31 6 -12.6077
31 7 -12.9656
31 8 -13.2819
31 9 -13.6102
31 10 -13.9382
31 11 -14.2326
31 12 -14.5127
31 13 -14.8282
31 14 -15.0994
31 15 -15.3691
31 16 -15.6419
31 17 -15.9009
31 18 -16.1409
31 19 -16.3682
31 20 -16.6062
31 21 -16.8344
31 22 -17.0482
31 23 -17.272
31 24 -17.4711
31 25 -17.6714
31 26 -17.8684
31 27 -18.0456
31 28 -18.2157
31 29 -18.3974
31 30 -18.5612
31 31 -18.7205
31 32 -18.8741
31 33 -19.0113
31 34 -19.1552
31 35 -19.2933
31 36 -19.4213
31 37 -19.535
31 38 -19.6637
31 39 -19.7814
31 40 -19.885
32 -10 -11.6665
32 -9 -11.6642
32 -8 -11.6528
32 -7 -11.6393
32 -6 -11.6335
32 -5 -11.6309
32 -4 -11.6178
32 -3 -11.5813
32 -2 -11.5545
32 -1 -11.547
32 0 -11.5314
32 1 -11.483
32 2 -11.5246
32 3 -11.7044
32 4 -11.9861
32 5 -12.3049
32 6 -12.634
32 7 -12.9563
32 8 -13.301
32 9 -13.627
32 10 -13.9262
32 11 -14.2416
32 12 -14.5503
32 13 -14.835
32 14 -15.104
32 15 -15.3929
32 16 -15.6509
32 17 -15.9084
32 18 -16.1555
32 19 -16.3879
32 20 -16.6097
32 21 -16.8423
32 22 -17.0535
32 23 -17.2833
32 24 -17.4726
32 25 -17.6708
32 26 -17.8622
32 27 -18.0486
32 28 -18.2334
32 29 -18.397
32 30 -18.5762
32 31 -18.7249
32 32 -18.8787
32 33 -19.0239
32 34 -19.1722
32 35 -19.3002
32 36 -19.4293
32 37 -19.5486
32 38 -19.6736
32 39 -19.7752
32 40 -19.8823
33 -10 -11.6574
33 -9 -11.6537
33 -8 -11.6515
33 -7 -11.6438
33 -6 -11.643
33 -5 -11.6246
33 -4 -11.6182
33 -3 -11.6092
33 -2 -11.58
33 -1 -11.5423
33 0 -11.5291
33 1 -11.4944
33 2 -11.538
33 3 -11.7304
33 4 -12.0069
33 5 -12.3276
33 6 -12.6441
33 7 -12.9962
33 8 -13.3078
33 9 -13.6306
33 10 -13.9561
33 11 -14.2598
33 12 -14.5681
33 13 -14.8385
33 14 -15.119
33 15 -15.3981
33 16 -15.6624
33 17 -15.8971
33 18 -16.1426
33 19 -16.4004
33 20 -16.6333
33 21 -16.8468
33 22 -17.0697
33 23 -17.2759
33 24 -17.4811
33 25 -17.6895
33 26 -17.8676
33 27 -18.0624
33 28 -18.2421
33 29 -18.4094
33 30 -18.5773
33 31 -18.727
33 32 -18.8939
33 33 -19.0311
33 34 -19.1756
33 35 -19.3112
33 36 -19.4457
33 37 -19.5521
33 38 -19.6688
33 39 -19.7866
33 40 -19.9046
34 -10 -11.6569
34 -9 -11.6548
34 -8 -11.6594
34 -7 -11.6477
34 -6 -11.6513
34 -5 -11.6295
34 -4 -11.6153
34 -3 -11.6048
34 -2 -11.5763
34 -1 -11.5576
34 0 -11.5363
34 1 -11.4952
34 2 -11.5436
34 3 -11.7448
34 4 -12.0077
34 5 -12.3242
34 6 -12.6494
34 7 -12.998
34 8 -13.3145
34 9 -13.6542
34 10 -13.9455
34 11 -14.2721
34 12 -14.5558
34 13 -14.8631
34 14 -15.1387
34 15 -15.4015
34 16 -15.6731
34 17 -15.9204
34 18 -16.168
34 19 -16.4112
34 20 -16.6414
34 21 -16.8673
34 22 -17.081
34 23 -17.2906
34 24 -17.4936
34 25 -17.6931
34 26 -17.8801
34 27 -18.0804
34 28 -18.2431
34 29 -18.4132
34 30 -18.5823
34 31 -18.7478
34 32 -18.8928
34 33 -19.0482
34 34 -19.1768
34 35 -19.3057
34 36 -19.4294
34 37 -19.5654
34 38 -19.6883
34 39 -19.797
34 40 -19.9071
35 -10 -11.6663
35 -9 -11.663
35 -8 -11.6571
35 -7 -11.6482
35 -6 -11.6372
35 -5 -11.6209
35 -4 -11.6274
35 -3 -11.6032
35 -2 -11.58
35 -1 -11.5554
35 0 -11.5288
35 1 -11.527
35 2 -11.5472
35 3 -11.7417
35 4 -12.0214
35 5 -12.3196
35 6 -12.665
35 7 -12.9912
35 8 -13.3347
35 9 -13.6439
35 10 -13.9594
35 11 -14.2635
35 12 -14.5691
35 13 -14.8703
35 14 -15.1396
35 15 -15.4072
35 16 -15.6719
35 17 -15.9279
35 18 -16.1819
35 19 -16.4101
35 20 -16.6512
35 21 -16.8812
35 22 -17.0916
35 23 -17.3083
35 24 -17.5022
35 25 -17.7049
35 26 -17.8796
35 27 -18.0738
35 28 -18.2586
35 29 -18.4293
35 30 -18.582
35 31 -18.7586
35 32 -18.8905
35 33 -19.0445
35 34 -19.1872
35 35 -19.3119
35 36 -19.4423
35 37 -19.5693
35 38 -19.6856
35 39 -19.8043
35 40 -19.913
36 -10 -11.6572
36 -9 -11.6496
36 -8 -11.6488
36 -7 -11.6428
36 -6 -11.6429
36 -5 -11.6297
36 -4 -11.6238
36 -3 -11.6025
36 -2 -11.5847
36 -1 -11.5647
36 0 -11.5458
36 1 -11.5224
36 2 -11.5785
36 3 -11.7341
36 4 -12.0391
36 5 -12.3399
36 6 -12.6834
36 7 -13.0165
36 8 -13.3353
36 9 -13.6498
36 10 -13.9666
36 11 -14.2918
36 12 -14.5624
36 13 -14.8469
36 14 -15.1414
36 15 -15.4195
36 16 -15.672
36 17 -15.9367
36 18 -16.1703
36 19 -16.4138
36 20 -16.6441
36 21 -16.8723
36 22 -17.1039
36 23 -17.293
36 24 -17.4967
36 25 -17.6868
36 26 -17.8873
36 27 -18.0838
36 28 -18.2348
36 29 -18.4257
36 30 -18.5896
36 31 -18.7538
36 32 -18.9053
36 33 -19.0438
36 34 -19.1859
36 35 -19.3174
36 36 -19.4516
36 37 -19.5659
36 38 -19.6918
36 39 -19.8109
36 40 -19.912
37 -10 -11.6588
37 -9 -11.6631
37 -8 -11.6513
37 -7 -11.6424
37 -6 -11.6376
37 -5 -11.6394
37 -4 -11.6232
37 -3 -11.6201
37 -2 -11.5867
37 -1 -11.5675
37 0 -11.5406
37 1 -11.532
37 2 -11.5727
37 3 -11.7659
37 4 -12.0522
37 5 -12.3611
37 6 -12.681
37 7 -13.0055
37 8 -13.3415
37 9 -13.6474
37 10 -13.9655
37 11 -14.2853
37 12 -14.5757
37 13 -14.8674
37 14 -15.1312
37 15 -15.4164
37 16 -15.69
37 17 -15.9434
37 18 -16.1927
37 19 -16.4328
37 20 -16.6584
37 21 -16.8737
37 22 -17.0891
37 23 -17.3098
37 24 -17.508
37 25 -17.7064
37 26 -17.8944
37 27 -18.0703
37 28 -18.2571
37 29 -18.4347
37 30 -18.5908
37 31 -18.7438
37 32 -18.9057
37 33 -19.0519
37 34 -19.1811
37 35 -19.3303
37 36 -19.4507
37 37 -19.5666
37 38 -19.6951
37 39 -19.8019
37 40 -19.9157
38 -10 -11.6616
38 -9 -11.6639
38 -8 -11.6587
38 -7 -11.6482
38 -6 -11.6416
38 -5 -11.6294
38 -4 -11.6151
38 -3 -11.6096
38 -2 -11.59
38 -1 -11.5768
38 0 -11.5488
38 1 -11.5263
38 2 -11.5743
38 3 -11.7644
38 4 -12.036
38 5 -12.3689
38 6 -12.7005
38 7 -13.0207
38 8 -13.3451
38 9 -13.667
38 10 -13.9733
38 11 -14.2817
38 12 -14.58
38 13 -14.8682
38 14 -15.1519
38 15 -15.4166
38 16 -15.6786
38 17 -15.925
38 18 -16.1812
38 19 -16.429
38 20 -16.6341
38 21 -16.8849
38 22 -17.0823
38 23 -17.3008
38 24 -17.5006
38 25 -17.7039
38 26 -17.8941
38 27 -18.0828
38 28 -18.2543
38 29 -18.4236
38 30 -18.5858
38 31 -18.7476
38 32 -18.9017
38 33 -19.0533
38 34 -19.1881
38 35 -19.3112
38 36 -19.4517
38 37 -19.5684
38 38 -19.6821
38 39 -19.7973
38 40 -19.915
39 -10 -11.6589
39 -9 -11.6531
39 -8 -11.6503
39 -7 -11.6326
39 -6 -11.6367
39 -5 -11.6272
39 -4 -11.6171
39 -3 -11.6155
39 -2 -11.5816
39 -1 -11.5753
39 0 -11.5484
39 1 -11.5458
39 2 -11.586
39 3 -11.7694
39 4 -12.0463
39 5 -12.3689
39 6 -12.697
39 7 -13.0278
39 8 -13.3461
39 9 -13.663
39 10 -13.9832
39 11 -14.2894
39 12 -14.5807
39 13 -14.8626
39 14 -15.1536
39 15 -15.4057
39 16 -15.6718
39 17 -15.939
39 18 -16.1902
39 19 -16.4288
39 20 -16.6495
39 21 -16.8798
39 22 -17.0912
39 23 -17.3033
39 24 -17.5083
39 25 -17.7024
39 26 -17.8985
39 27 -18.0782
39 28 -18.2623
39 29 -18.4349
39 30 -18.5919
39 31 -18.7443
39 32 -18.9053
39 33 -19.0392
39 34 -19.1906
39 35 -19.3131
39 36 -19.4541
39 37 -19.5759
39 38 -19.6856
39 39 -19.8076
39 40 -19.9079
40 -10 -11.6614
40 -9 -11.6669
40 -8 -11.6447
40 -7 -11.6427
40 -6 -11.6424
40 -5 -11.6328
40 -4 -11.6181
40 -3 -11.6016
40 -2 -11.5908
40 -1 -11.5689
40 0 -11.5653
40 1 -11.5427
40 2 -11.5831
40 3 -11.7772
40 4 -12.0498
40 5 -12.3662
40 6 -12.7109
40 7 -13.0354
40 8 -13.357
40 9 -13.6732
40 10 -13.9891
40 11 -14.2995
40 12 -14.579
40 13 -14.864
40 14 -15.1553
40 15 -15.4286
40 16 -15.6861
40 17 -15.9544
40 18 -16.2001
40 19 -16.4211
40 20 -16.6594
40 21 -16.8703
40 22 -17.0916
40 23 -17.3086
40 24 -17.5082
40 25 -17.7007
40 26 -17.8878
40 27 -18.0811
40 28 -18.253
40 29 -18.4256
40 30 -18.5959
40 31 -18.7462
40 32 -18.9008
40 33 -19.0475
40 34 -19.1942
40 35 -19.3208
40 36 -19.4472
40 37 -19.568
40 38 -19.6838
40 39 -19.8005
40 40 -19.9233
