-10 -10 -7.84685
-10 -9 -7.83903
-10 -8 -7.8391
-10 -7 -7.81982
-10 -6 -7.82767
-10 -5 -7.77155
-10 -4 -7.74771
-10 -3 -7.72131
-10 -2 -7.67872
-10 -1 -7.66746
-10 0 -7.65791
-10 1 -7.63959
-10 2 -7.6578
-10 3 -7.8365
-10 4 -8.09616
-10 5 -8.38717
-10 6 -8.72284
-10 7 -9.04671
-10 8 -9.38243
-10 9 -9.72522
-10 10 -10.0266
-10 11 -10.3421
-10 12 -10.6159
-10 13 -10.9052
-10 14 -11.1769
-10 15 -11.4379
-10 16 -11.7121
-10 17 -11.9434
-10 18 -12.1971
-10 19 -12.4349
-10 20 -12.6483
-10 21 -12.8829
-10 22 -13.0882
-10 23 -13.3058
-10 24 -13.5149
-10 25 -13.7181
-10 26 -13.9224
-10 27 -14.1092
-10 28 -14.298
-10 29 -14.4782
-10 30 -14.6532
-10 31 -14.8328
-10 32 -15.0015
-10 33 -15.1707
-10 34 -15.3373
-10 35 -15.4948
-10 36 -15.6535
-10 37 -15.8091
-10 38 -15.9574
-10 39 -16.0971
-10 40 -16.2389
-9 -10 -7.83903
-9 -9 -7.84932
-9 -8 -7.82402
-9 -7 -7.82727
-9 -6 -7.77857
-9 -5 -7.74804
-9 -4 -7.72054
-9 -3 -7.67979
-9 -2 -7.66746
-9 -1 -7.66331
-9 0 -7.63795
-9 1 -7.58719
-9 2 -7.61014
-9 3 -7.76754
-9 4 -8.02523
-9 5 -8.33468
-9 6 -8.63044
-9 7 -9.00432
-9 8 -9.30618
-9 9 -9.61885
-9 10 -9.96434
-9 11 -10.2733
-9 12 -10.5605
-9 13 -10.8467
-9 14 -11.139
-9 15 -11.4051
-9 16 -11.691
-9 17 -11.9331
-9 18 -12.1815
-9 19 -12.4284
-9 20 -12.654
-9 21 -12.8868
-9 22 -13.0953
-9 23 -13.301
-9 24 -13.5229
-9 25 -13.7286
-9 26 -13.9225
-9 27 -14.117
-9 28 -14.3045
-9 29 -14.4917
-9 30 -14.6677
-9 31 -14.8491
-9 32 -15.0182
-9 33 -15.1863
-9 34 -15.3443
-9 35 -15.5035
-9 36 -15.6612
-9 37 -15.8133
-9 38 -15.9557
-9 39 -16.1025
-9 40 -16.237
-8 -10 -7.84204
-8 -9 -7.81077
-8 -8 -7.82726
-8 -7 -7.77857
-8 -6 -7.7534
-8 -5 -7.72162
-8 -4 -7.67947
-8 -3 -7.66341
-8 -2 -7.65523
-8 -1 -7.63794
-8 0 -7.58029
-8 1 -7.54074
-8 2 -7.55255
-8 3 -7.69514
-8 4 -7.95302
-8 5 -8.27547
-8 6 -8.6005
-8 7 -8.93166
-8 8 -9.25714
-8 9 -9.58341
-8 10 -9.89166
-8 11 -10.1949
-8 12 -10.4835
-8 13 -10.7862
-8 14 -11.0669
-8 15 -11.3298
-8 16 -11.5925
-8 17 -11.8492
-8 18 -12.1083
-8 19 -12.3569
-8 20 -12.599
-8 21 -12.8216
-8 22 -13.057
-8 23 -13.2816
-8 24 -13.518
-8 25 -13.7136
-8 26 -13.9237
-8 27 -14.1124
-8 28 -14.2937
-8 29 -14.48
-8 30 -14.658
-8 31 -14.8402
-8 32 -15.0025
-8 33 -15.1692
-8 34 -15.329
-8 35 -15.4941
-8 36 -15.6476
-8 37 -15.7954
-8 38 -15.9436
-8 39 -16.0876
-8 40 -16.2209
-7 -10 -7.81368
-7 -9 -7.82724
-7 -8 -7.77625
-7 -7 -7.76427
-7 -6 -7.72262
-7 -5 -7.67872
-7 -4 -7.66746
-7 -3 -7.662
-7 -2 -7.63785
-7 -1 -7.5866
-7 0 -7.53491
-7 1 -7.4654
-7 2 -7.53339
-7 3 -7.69146
-7 4 -7.95464
-7 5 -8.27337
-7 6 -8.59064
-7 7 -8.90894
-7 8 -9.2234
-7 9 -9.54267
-7 10 -9.84985
-7 11 -10.1355
-7 12 -10.4265
-7 13 -10.7191
-7 14 -11.0125
-7 15 -11.2641
-7 16 -11.5393
-7 17 -11.7865
-7 18 -12.0281
-7 19 -12.2822
-7 20 -12.5182
-7 21 -12.7555
-7 22 -12.9724
-7 23 -13.1849
-7 24 -13.4148
-7 25 -13.6409
-7 26 -13.8258
-7 27 -14.0509
-7 28 -14.2449
-7 29 -14.4352
-7 30 -14.6383
-7 31 -14.8122
-7 32 -14.9909
-7 33 -15.1791
-7 34 -15.3321
-7 35 -15.4848
-7 36 -15.6323
-7 37 -15.7727
-7 38 -15.9233
-7 39 -16.064
-7 40 -16.195
-6 -10 -7.83039
-6 -9 -7.7785
-6 -8 -7.75282
-6 -7 -7.72318
-6 -6 -7.6814
-6 -5 -7.66595
-6 -4 -7.66082
-6 -3 -7.64253
-6 -2 -7.59367
-6 -1 -7.54101
-6 0 -7.46878
-6 1 -7.45314
-6 2 -7.51258
-6 3 -7.69399
-6 4 -7.96396
-6 5 -8.28696
-6 6 -8.5964
-6 7 -8.92232
-6 8 -9.23115
-6 9 -9.5397
-6 10 -9.83769
-6 11 -10.1357
-6 12 -10.4359
-6 13 -10.7129
-6 14 -10.9771
-6 15 -11.2388
-6 16 -11.5124
-6 17 -11.7659
-6 18 -11.9906
-6 19 -12.24
-6 20 -12.4665
-6 21 -12.7119
-6 22 -12.933
-6 23 -13.1528
-6 24 -13.3637
-6 25 -13.5712
-6 26 -13.7827
-6 27 -13.9732
-6 28 -14.1791
-6 29 -14.3737
-6 30 -14.5589
-6 31 -14.7364
-6 32 -14.9208
-6 33 -15.0927
-6 34 -15.2689
-6 35 -15.4325
-6 36 -15.5944
-6 37 -15.7513
-6 38 -15.9066
-6 39 -16.0345
-6 40 -16.1944
-5 -10 -7.77914
-5 -9 -7.76686
-5 -8 -7.72422
-5 -7 -7.67692
-5 -6 -7.67553
-5 -5 -7.65585
-5 -4 -7.64228
-5 -3 -7.5861
-5 -2 -7.54417
-5 -1 -7.46557
-5 0 -7.45532
-5 1 -7.47581
-5 2 -7.52272
-5 3 -7.71326
-5 4 -7.97003
-5 5 -8.27273
-5 6 -8.59704
-5 7 -8.91274
-5 8 -9.22498
-5 9 -9.54521
-5 10 -9.83348
-5 11 -10.145
-5 12 -10.4259
-5 13 -10.6995
-5 14 -10.9742
-5 15 -11.2366
-5 16 -11.4913
-5 17 -11.7499
-5 18 -11.978
-5 19 -12.2253
-5 20 -12.4591
-5 21 -12.6916
-5 22 -12.9011
-5 23 -13.1188
-5 24 -13.3268
-5 25 -13.5362
-5 26 -13.7394
-5 27 -13.938
-5 28 -14.123
-5 29 -14.3246
-5 30 -14.515
-5 31 -14.6826
-5 32 -14.88
-5 33 -15.0395
-5 34 -15.2102
-5 35 -15.3786
-5 36 -15.5279
-5 37 -15.6874
-5 38 -15.8402
-5 39 -15.9769
-5 40 -16.1303
-4 -10 -7.74158
-4 -9 -7.72943
-4 -8 -7.68852
-4 -7 -7.68769
-4 -6 -7.67791
-4 -5 -7.64076
-4 -4 -7.58962
-4 -3 -7.54827
-4 -2 -7.49337
-4 -1 -7.45793
-4 0 -7.46537
-4 1 -7.4764
-4 2 -7.5432
-4 3 -7.67648
-4 4 -7.94943
-4 5 -8.24456
-4 6 -8.56614
-4 7 -8.90967
-4 8 -9.2452
-4 9 -9.58087
-4 10 -9.87375
-4 11 -10.1658
-4 12 -10.4462
-4 13 -10.7069
-4 14 -10.9872
-4 15 -11.2513
-4 16 -11.5031
-4 17 -11.7585
-4 18 -11.9935
-4 19 -12.2314
-4 20 -12.4646
-4 21 -12.6814
-4 22 -12.9011
-4 23 -13.1096
-4 24 -13.3129
-4 25 -13.5247
-4 26 -13.7242
-4 27 -13.9086
-4 28 -14.1122
-4 29 -14.3021
-4 30 -14.4823
-4 31 -14.6593
-4 32 -14.8561
-4 33 -15.007
-4 34 -15.1829
-4 35 -15.346
-4 36 -15.4945
-4 37 -15.6501
-4 38 -15.794
-4 39 -15.9385
-4 40 -16.0731
-3 -10 -7.72836
-3 -9 -7.68865
-3 -8 -7.70635
-3 -7 -7.6872
-3 -6 -7.6527
-3 -5 -7.61377
-3 -4 -7.57171
-3 -3 -7.5235
-3 -2 -7.49795
-3 -1 -7.49024
-3 0 -7.46484
-3 1 -7.47278
-3 2 -7.48509
-3 3 -7.65548
-3 4 -7.91946
-3 5 -8.21131
-3 6 -8.53577
-3 7 -8.8655
-3 8 -9.21769
-3 9 -9.52326
-3 10 -9.83473
-3 11 -10.1383
-3 12 -10.4344
-3 13 -10.7329
-3 14 -11.0226
-3 15 -11.3
-3 16 -11.5424
-3 17 -11.7862
-3 18 -12.0193
-3 19 -12.2472
-3 20 -12.4774
-3 21 -12.6932
-3 22 -12.9171
-3 23 -13.1246
-3 24 -13.3368
-3 25 -13.5366
-3 26 -13.7271
-3 27 -13.9207
-3 28 -14.1173
-3 29 -14.2848
-3 30 -14.4732
-3 31 -14.6446
-3 32 -14.8195
-3 33 -14.9849
-3 34 -15.1467
-3 35 -15.3232
-3 36 -15.4721
-3 37 -15.6266
-3 38 -15.7766
-3 39 -15.9169
-3 40 -16.0592
-2 -10 -7.71066
-2 -9 -7.70321
-2 -8 -7.71063
-2 -7 -7.68928
-2 -6 -7.63953
-2 -5 -7.56477
-2 -4 -7.54082
-2 -3 -7.51704
-2 -2 -7.49095
-2 -1 -7.5032
-2 0 -7.50099
-2 1 -7.41196
-2 2 -7.44366
-2 3 -7.58183
-2 4 -7.84665
-2 5 -8.16011
-2 6 -8.47893
-2 7 -8.80833
-2 8 -9.12884
-2 9 -9.45178
-2 10 -9.76142
-2 11 -10.0621
-2 12 -10.3626
-2 13 -10.6735
-2 14 -10.9551
-2 15 -11.23
-2 16 -11.502
-2 17 -11.7889
-2 18 -12.0377
-2 19 -12.3062
-2 20 -12.5358
-2 21 -12.75
-2 22 -12.9589
-2 23 -13.1701
-2 24 -13.3663
-2 25 -13.5618
-2 26 -13.7631
-2 27 -13.9503
-2 28 -14.1374
-2 29 -14.3154
-2 30 -14.5039
-2 31 -14.6671
-2 32 -14.8401
-2 33 -15.0062
-2 34 -15.1751
-2 35 -15.3281
-2 36 -15.4807
-2 37 -15.6405
-2 38 -15.7789
-2 39 -15.918
-2 40 -16.065
-1 -10 -7.7205
-1 -9 -7.71379
-1 -8 -7.71077
-1 -7 -7.68808
-1 -6 -7.61253
-1 -5 -7.55704
-1 -4 -7.51616
-1 -3 -7.49998
-1 -2 -7.50659
-1 -1 -7.53907
-1 0 -7.43956
-1 1 -7.38477
-1 2 -7.39204
-1 3 -7.58266
-1 4 -7.83107
-1 5 -8.17214
-1 6 -8.47686
-1 7 -8.81689
-1 8 -9.11787
-1 9 -9.43696
-1 10 -9.74324
-1 11 -10.0358
-1 12 -10.3304
-1 13 -10.6223
-1 14 -10.9088
-1 15 -11.1811
-1 16 -11.4729
-1 17 -11.7217
-1 18 -11.9911
-1 19 -12.2401
-1 20 -12.5007
-1 21 -12.717
-1 22 -12.9707
-1 23 -13.2042
-1 24 -13.4017
-1 25 -13.6094
-1 26 -13.7974
-1 27 -13.9889
-1 28 -14.1635
-1 29 -14.3457
-1 30 -14.5168
-1 31 -14.6904
-1 32 -14.87
-1 33 -15.0307
-1 34 -15.1873
-1 35 -15.3554
-1 36 -15.5042
-1 37 -15.65
-1 38 -15.7919
-1 39 -15.9337
-1 40 -16.0781
0 -10 -7.70544
0 -9 -7.72827
0 -8 -7.72434
0 -7 -7.67453
0 -6 -7.61297
0 -5 -7.5638
0 -4 -7.52313
0 -3 -7.52465
0 -2 -7.54311
0 -1 -7.48393
0 0 -7.39351
0 1 -7.35823
0 2 -7.42302
0 3 -7.58655
0 4 -7.85712
0 5 -8.16634
0 6 -8.48827
0 7 -8.81456
0 8 -9.12916
0 9 -9.42782
0 10 -9.74611
0 11 -10.0518
0 12 -10.3363
0 13 -10.6273
0 14 -10.9082
0 15 -11.1847
0 16 -11.4501
0 17 -11.7028
0 18 -11.9645
0 19 -12.2142
0 20 -12.474
0 21 -12.715
0 22 -12.9479
0 23 -13.1693
0 24 -13.4003
0 25 -13.6436
0 26 -13.8456
0 27 -14.0342
0 28 -14.215
0 29 -14.3945
0 30 -14.5622
0 31 -14.7405
0 32 -14.8929
0 33 -15.0707
0 34 -15.2184
0 35 -15.3868
0 36 -15.5342
0 37 -15.6758
0 38 -15.8243
0 39 -15.9731
0 40 -16.1004
1 -10 -7.75643
1 -9 -7.78535
1 -8 -7.72932
1 -7 -7.68425
1 -6 -7.63568
1 -5 -7.63358
1 -4 -7.59864
1 -3 -7.59405
1 -2 -7.56498
1 -1 -7.54311
1 0 -7.41481
1 1 -7.36688
1 2 -7.40374
1 3 -7.58981
1 4 -7.85651
1 5 -8.17474
1 6 -8.47761
1 7 -8.81778
1 8 -9.14768
1 9 -9.44894
1 10 -9.75636
1 11 -10.0689
1 12 -10.3611
1 13 -10.6371
1 14 -10.9509
1 15 -11.2149
1 16 -11.4735
1 17 -11.7635
1 18 -12.0007
1 19 -12.2558
1 20 -12.4911
1 21 -12.7373
1 22 -12.9816
1 23 -13.1999
1 24 -13.443
1 25 -13.6654
1 26 -13.9047
1 27 -14.1
1 28 -14.2819
1 29 -14.4506
1 30 -14.637
1 31 -14.7955
1 32 -14.9631
1 33 -15.1262
1 34 -15.2888
1 35 -15.441
1 36 -15.5978
1 37 -15.7451
1 38 -15.8852
1 39 -16.0203
1 40 -16.1593
2 -10 -7.81921
2 -9 -7.83592
2 -8 -7.80049
2 -7 -7.73011
2 -6 -7.68053
2 -5 -7.65383
2 -4 -7.64174
2 -3 -7.66391
2 -2 -7.64606
2 -1 -7.58083
2 0 -7.48398
2 1 -7.43684
2 2 -7.46957
2 3 -7.65504
2 4 -7.92537
2 5 -8.22755
2 6 -8.57591
2 7 -8.89824
2 8 -9.2051
2 9 -9.52408
2 10 -9.82764
2 11 -10.1352
2 12 -10.4318
2 13 -10.7169
2 14 -10.994
2 15 -11.2783
2 16 -11.5464
2 17 -11.8019
2 18 -12.0458
2 19 -12.2881
2 20 -12.5354
2 21 -12.7679
2 22 -13.0146
2 23 -13.258
2 24 -13.4834
2 25 -13.7026
2 26 -13.9077
2 27 -14.0986
2 28 -14.3066
2 29 -14.4933
2 30 -14.6826
2 31 -14.8438
2 32 -15.0063
2 33 -15.1658
2 34 -15.325
2 35 -15.4806
2 36 -15.636
2 37 -15.7807
2 38 -15.9267
2 39 -16.0695
2 40 -16.2105
3 -10 -7.9149
3 -9 -7.91236
3 -8 -7.88857
3 -7 -7.84665
3 -6 -7.78171
3 -5 -7.72289
3 -4 -7.68949
3 -3 -7.67998
3 -2 -7.65143
3 -1 -7.63025
3 0 -7.5626
3 1 -7.48054
3 2 -7.52445
3 3 -7.72299
3 4 -7.98479
3 5 -8.26891
3 6 -8.59958
3 7 -8.91963
3 8 -9.25385
3 9 -9.54798
3 10 -9.85735
3 11 -10.1628
3 12 -10.4493
3 13 -10.7469
3 14 -11.021
3 15 -11.3234
3 16 -11.5921
3 17 -11.8401
3 18 -12.0954
3 19 -12.3627
3 20 -12.6006
3 21 -12.8574
3 22 -13.0831
3 23 -13.3359
3 24 -13.5485
3 25 -13.7567
3 26 -13.9565
3 27 -14.1547
3 28 -14.3544
3 29 -14.5372
3 30 -14.7214
3 31 -14.9004
3 32 -15.0644
3 33 -15.2182
3 34 -15.3833
3 35 -15.5449
3 36 -15.6942
3 37 -15.8318
3 38 -15.9821
3 39 -16.1278
3 40 -16.2583
4 -10 -7.93728
4 -9 -7.9027
4 -8 -7.86052
4 -7 -7.88752
4 -6 -7.8068
4 -5 -7.76647
4 -4 -7.7373
4 -3 -7.72536
4 -2 -7.66089
4 -1 -7.66199
4 0 -7.61501
4 1 -7.54953
4 2 -7.59884
4 3 -7.77445
4 4 -8.02876
4 5 -8.33787
4 6 -8.66482
4 7 -8.9751
4 8 -9.31889
4 9 -9.6242
4 10 -9.93075
4 11 -10.2557
4 12 -10.5469
4 13 -10.8495
4 14 -11.1213
4 15 -11.4105
4 16 -11.6924
4 17 -11.9604
4 18 -12.2056
4 19 -12.4746
4 20 -12.6936
4 21 -12.9371
4 22 -13.1414
4 23 -13.3659
4 24 -13.5847
4 25 -13.7888
4 26 -13.9787
4 27 -14.1737
4 28 -14.3842
4 29 -14.5727
4 30 -14.7454
4 31 -14.9353
4 32 -15.1156
4 33 -15.2742
4 34 -15.4397
4 35 -15.5892
4 36 -15.7372
4 37 -15.8873
4 38 -16.0403
4 39 -16.1826
4 40 -16.3167
5 -10 -7.98566
5 -9 -7.94947
5 -8 -7.89953
5 -7 -7.88433
5 -6 -7.8743
5 -5 -7.80073
5 -4 -7.7735
5 -3 -7.71587
5 -2 -7.67904
5 -1 -7.63871
5 0 -7.64993
5 1 -7.62732
5 2 -7.67575
5 3 -7.87917
5 4 -8.12922
5 5 -8.45044
5 6 -8.77782
5 7 -9.11959
5 8 -9.42224
5 9 -9.74613
5 10 -10.0776
5 11 -10.3694
5 12 -10.6661
5 13 -10.9425
5 14 -11.2166
5 15 -11.4755
5 16 -11.7463
5 17 -11.9891
5 18 -12.2535
5 19 -12.4934
5 20 -12.7191
5 21 -12.9505
5 22 -13.1646
5 23 -13.377
5 24 -13.5915
5 25 -13.7995
5 26 -13.9937
5 27 -14.2007
5 28 -14.3857
5 29 -14.574
5 30 -14.7721
5 31 -14.9438
5 32 -15.1299
5 33 -15.3065
5 34 -15.4696
5 35 -15.6293
5 36 -15.7819
5 37 -15.9309
5 38 -16.0786
5 39 -16.2267
5 40 -16.3597
6 -10 -8.00188
6 -9 -7.95569
6 -8 -7.93498
6 -7 -7.91997
6 -6 -7.90795
6 -5 -7.87447
6 -4 -7.85876
6 -3 -7.79238
6 -2 -7.72178
6 -1 -7.6822
6 0 -7.68963
6 1 -7.67026
6 2 -7.73316
6 3 -7.94931
6 4 -8.22622
6 5 -8.54056
6 6 -8.84663
6 7 -9.15966
6 8 -9.46588
6 9 -9.78577
6 10 -10.0931
6 11 -10.3867
6 12 -10.6754
6 13 -10.96
6 14 -11.235
6 15 -11.522
6 16 -11.7781
6 17 -12.0378
6 18 -12.2738
6 19 -12.5168
6 20 -12.7479
6 21 -12.9592
6 22 -13.181
6 23 -13.4064
6 24 -13.6192
6 25 -13.829
6 26 -14.0259
6 27 -14.2325
6 28 -14.4427
6 29 -14.628
6 30 -14.8157
6 31 -15.0025
6 32 -15.1959
6 33 -15.361
6 34 -15.5342
6 35 -15.6912
6 36 -15.8411
6 37 -15.9909
6 38 -16.1332
6 39 -16.2813
6 40 -16.4096
7 -10 -8.07162
7 -9 -8.01534
7 -8 -7.98357
7 -7 -7.94947
7 -6 -7.94216
7 -5 -7.92815
7 -4 -7.93312
7 -3 -7.85889
7 -2 -7.79248
7 -1 -7.71645
7 0 -7.71268
7 1 -7.71248
7 2 -7.77972
7 3 -7.96058
7 4 -8.2299
7 5 -8.54107
7 6 -8.87918
7 7 -9.19183
7 8 -9.50624
7 9 -9.81759
7 10 -10.1307
7 11 -10.4163
7 12 -10.7305
7 13 -11.004
7 14 -11.2732
7 15 -11.541
7 16 -11.8137
7 17 -12.05
7 18 -12.2992
7 19 -12.5256
7 20 -12.7644
7 21 -12.9801
7 22 -13.2042
7 23 -13.4222
7 24 -13.6622
7 25 -13.8514
7 26 -14.0677
7 27 -14.2683
7 28 -14.4784
7 29 -14.6709
7 30 -14.8661
7 31 -15.0524
7 32 -15.2325
7 33 -15.4183
7 34 -15.5888
7 35 -15.7533
7 36 -15.9054
7 37 -16.0666
7 38 -16.2015
7 39 -16.3503
7 40 -16.4854
8 -10 -8.1589
8 -9 -8.08643
8 -8 -8.03926
8 -7 -7.99559
8 -6 -7.98551
8 -5 -7.98026
8 -4 -7.96924
8 -3 -7.95704
8 -2 -7.89624
8 -1 -7.81092
8 0 -7.77715
8 1 -7.75055
8 2 -7.81854
8 3 -7.98776
8 4 -8.22085
8 5 -8.54501
8 6 -8.86934
8 7 -9.21486
8 8 -9.52501
8 9 -9.82451
8 10 -10.1454
8 11 -10.4546
8 12 -10.7344
8 13 -11.039
8 14 -11.3155
8 15 -11.5885
8 16 -11.8261
8 17 -12.0876
8 18 -12.341
8 19 -12.5747
8 20 -12.805
8 21 -13.0392
8 22 -13.2577
8 23 -13.48
8 24 -13.6959
8 25 -13.9119
8 26 -14.1177
8 27 -14.3201
8 28 -14.5298
8 29 -14.727
8 30 -14.92
8 31 -15.1179
8 32 -15.2987
8 33 -15.4815
8 34 -15.6702
8 35 -15.8225
8 36 -15.9791
8 37 -16.132
8 38 -16.2737
8 39 -16.4172
8 40 -16.5572
9 -10 -8.1771
9 -9 -8.16185
9 -8 -8.10347
9 -7 -8.05474
9 -6 -8.03108
9 -5 -8.02902
9 -4 -7.98992
9 -3 -7.9487
9 -2 -7.93791
9 -1 -7.85615
9 0 -7.81035
9 1 -7.79554
9 2 -7.83652
9 3 -7.98113
9 4 -8.25408
9 5 -8.54661
9 6 -8.8787
9 7 -9.22817
9 8 -9.59607
9 9 -9.88771
9 10 -10.2111
9 11 -10.5218
9 12 -10.8123
9 13 -11.106
9 14 -11.3572
9 15 -11.6283
9 16 -11.8881
9 17 -12.139
9 18 -12.3892
9 19 -12.6235
9 20 -12.8647
9 21 -13.095
9 22 -13.3028
9 23 -13.527
9 24 -13.7537
9 25 -13.9702
9 26 -14.1782
9 27 -14.3952
9 28 -14.5983
9 29 -14.7977
9 30 -14.9941
9 31 -15.1973
9 32 -15.384
9 33 -15.5555
9 34 -15.7342
9 35 -15.8917
9 36 -16.0375
9 37 -16.1869
9 38 -16.3362
9 39 -16.4731
9 40 -16.607
10 -10 -8.19287
10 -9 -8.1726
10 -8 -8.13532
10 -7 -8.07374
10 -6 -8.05868
10 -5 -8.04669
10 -4 -8.02057
10 -3 -7.96633
10 -2 -7.97403
10 -1 -7.90758
10 0 -7.84911
10 1 -7.86857
10 2 -7.90528
10 3 -8.04005
10 4 -8.30452
10 5 -8.60975
10 6 -8.92957
10 7 -9.29172
10 8 -9.62745
10 9 -9.95229
10 10 -10.264
10 11 -10.5594
10 12 -10.8491
10 13 -11.1261
10 14 -11.3938
10 15 -11.66
10 16 -11.9251
10 17 -12.1624
10 18 -12.4248
10 19 -12.6772
10 20 -12.9032
10 21 -13.1488
10 22 -13.3823
10 23 -13.6108
10 24 -13.8305
10 25 -14.0471
10 26 -14.2556
10 27 -14.4478
10 28 -14.6492
10 29 -14.839
10 30 -15.0377
10 31 -15.2252
10 32 -15.3883
10 33 -15.56
10 34 -15.7387
10 35 -15.9015
10 36 -16.06
10 37 -16.2064
10 38 -16.3477
10 39 -16.4925
10 40 -16.6341
11 -10 -8.22976
11 -9 -8.18616
11 -8 -8.18655
11 -7 -8.12431
11 -6 -8.09502
11 -5 -8.08851
11 -4 -8.04919
11 -3 -7.98345
11 -2 -7.9573
11 -1 -7.93029
11 0 -7.90685
11 1 -7.90444
11 2 -7.94907
11 3 -8.1036
11 4 -8.34673
11 5 -8.67498
11 6 -8.99674
11 7 -9.34242
11 8 -9.68635
11 9 -10.0171
11 10 -10.3182
11 11 -10.6164
11 12 -10.9066
11 13 -11.1787
11 14 -11.4602
11 15 -11.7112
11 16 -11.9829
11 17 -12.2364
11 18 -12.4826
11 19 -12.7228
11 20 -12.9641
11 21 -13.1885
11 22 -13.4117
11 23 -13.6348
11 24 -13.8514
11 25 -14.0654
11 26 -14.2665
11 27 -14.4751
11 28 -14.6759
11 29 -14.8534
11 30 -15.049
11 31 -15.2235
11 32 -15.4079
11 33 -15.5789
11 34 -15.7497
11 35 -15.9107
11 36 -16.0747
11 37 -16.2323
11 38 -16.3808
11 39 -16.5219
11 40 -16.6552
12 -10 -8.2611
12 -9 -8.20484
12 -8 -8.19062
12 -7 -8.16888
12 -6 -8.14033
12 -5 -8.13659
12 -4 -8.08771
12 -3 -8.01898
12 -2 -7.96659
12 -1 -7.95602
12 0 -7.93129
12 1 -7.94579
12 2 -8.00104
12 3 -8.1389
12 4 -8.40678
12 5 -8.73266
12 6 -9.06062
12 7 -9.38589
12 8 -9.71518
12 9 -10.0539
12 10 -10.3734
12 11 -10.6544
12 12 -10.9349
12 13 -11.2064
12 14 -11.4962
12 15 -11.7452
12 16 -12.0084
12 17 -12.252
12 18 -12.5049
12 19 -12.7355
12 20 -12.977
12 21 -13.2148
12 22 -13.4372
12 23 -13.665
12 24 -13.8861
12 25 -14.0884
12 26 -14.2968
12 27 -14.4959
12 28 -14.6835
12 29 -14.8669
12 30 -15.0583
12 31 -15.2331
12 32 -15.4163
12 33 -15.5959
12 34 -15.7673
12 35 -15.932
12 36 -16.0846
12 37 -16.2582
12 38 -16.4098
12 39 -16.5511
12 40 -16.6907
13 -10 -8.2784
13 -9 -8.2313
13 -8 -8.20647
13 -7 -8.18432
13 -6 -8.17575
13 -5 -8.1941
13 -4 -8.14516
13 -3 -8.07458
13 -2 -8.01386
13 -1 -7.96477
13 0 -7.96046
13 1 -7.97001
13 2 -8.0405
13 3 -8.18137
13 4 -8.46165
13 5 -8.76115
13 6 -9.10002
13 7 -9.41645
13 8 -9.75593
13 9 -10.0937
13 10 -10.388
13 11 -10.6749
13 12 -10.9604
13 13 -11.2359
13 14 -11.4973
13 15 -11.7597
13 16 -12.0245
13 17 -12.2704
13 18 -12.521
13 19 -12.7591
13 20 -13.0036
13 21 -13.227
13 22 -13.4662
13 23 -13.6928
13 24 -13.9069
13 25 -14.1039
13 26 -14.3107
13 27 -14.5004
13 28 -14.6962
13 29 -14.8962
13 30 -15.0822
13 31 -15.2685
13 32 -15.4396
13 33 -15.6213
13 34 -15.7869
13 35 -15.9618
13 36 -16.1307
13 37 -16.2886
13 38 -16.4395
13 39 -16.5855
13 40 -16.7267
14 -10 -8.28986
14 -9 -8.2756
14 -8 -8.22719
14 -7 -8.23036
14 -6 -8.22442
14 -5 -8.19633
14 -4 -8.21039
14 -3 -8.1312
14 -2 -8.04443
14 -1 -7.99923
14 0 -7.98467
14 1 -7.97878
14 2 -8.03429
14 3 -8.19447
14 4 -8.46001
14 5 -8.77696
14 6 -9.1087
14 7 -9.44517
14 8 -9.78684
14 9 -10.1051
14 10 -10.4185
14 11 -10.6979
14 12 -10.9795
14 13 -11.2556
14 14 -11.5302
14 15 -11.7894
14 16 -12.0428
14 17 -12.3071
14 18 -12.5409
14 19 -12.7972
14 20 -13.0328
14 21 -13.2711
14 22 -13.4839
14 23 -13.7049
14 24 -13.9092
14 25 -14.1268
14 26 -14.3224
14 27 -14.5181
14 28 -14.7137
14 29 -14.9172
14 30 -15.0996
14 31 -15.2817
14 32 -15.4624
14 33 -15.6404
14 34 -15.8105
14 35 -15.9769
14 36 -16.1517
14 37 -16.3128
14 38 -16.4585
14 39 -16.6323
14 40 -16.762
15 -10 -8.37263
15 -9 -8.30722
15 -8 -8.27614
15 -7 -8.25477
15 -6 -8.2484
15 -5 -8.23504
15 -4 -8.21913
15 -3 -8.16645
15 -2 -8.08104
15 -1 -8.03147
15 0 -8.01504
15 1 -7.99975
15 2 -8.02404
15 3 -8.19651
15 4 -8.46396
15 5 -8.78655
15 6 -9.11173
15 7 -9.44508
15 8 -9.79339
15 9 -10.1327
15 10 -10.425
15 11 -10.7332
15 12 -11.0061
15 13 -11.2863
15 14 -11.5576
15 15 -11.8324
15 16 -12.0821
15 17 -12.3451
15 18 -12.5879
15 19 -12.8421
15 20 -13.0734
15 21 -13.2825
15 22 -13.5055
15 23 -13.7263
15 24 -13.9352
15 25 -14.1429
15 26 -14.3602
15 27 -14.5556
15 28 -14.7486
15 29 -14.967
15 30 -15.1446
15 31 -15.3356
15 32 -15.5131
15 33 -15.7035
15 34 -15.8768
15 35 -16.0446
15 36 -16.2088
15 37 -16.3684
15 38 -16.5284
15 39 -16.6639
15 40 -16.8021
16 -10 -8.38295
16 -9 -8.33218
16 -8 -8.28838
16 -7 -8.26549
16 -6 -8.24925
16 -5 -8.2439
16 -4 -8.23246
16 -3 -8.17062
16 -2 -8.11691
16 -1 -8.06064
16 0 -8.06403
16 1 -8.03059
16 2 -8.05524
16 3 -8.1958
16 4 -8.46781
16 5 -8.81343
16 6 -9.14159
16 7 -9.47893
16 8 -9.81662
16 9 -10.1486
16 10 -10.4648
16 11 -10.7615
16 12 -11.0454
16 13 -11.326
16 14 -11.5882
16 15 -11.8697
16 16 -12.1274
16 17 -12.3752
16 18 -12.6364
16 19 -12.871
16 20 -13.0959
16 21 -13.3327
16 22 -13.546
16 23 -13.7727
16 24 -13.9835
16 25 -14.1927
16 26 -14.4032
16 27 -14.6057
16 28 -14.8153
16 29 -15.0119
16 30 -15.206
16 31 -15.3963
16 32 -15.5809
16 33 -15.7544
16 34 -15.932
16 35 -16.0939
16 36 -16.267
16 37 -16.4196
16 38 -16.5681
16 39 -16.7052
16 40 -16.8461
17 -10 -8.3933
17 -9 -8.36428
17 -8 -8.30917
17 -7 -8.28177
17 -6 -8.27735
17 -5 -8.26062
17 -4 -8.22926
17 -3 -8.19327
17 -2 -8.14215
17 -1 -8.11055
17 0 -8.11491
17 1 -8.08866
17 2 -8.08796
17 3 -8.24176
17 4 -8.52858
17 5 -8.82512
17 6 -9.17022
17 7 -9.4939
17 8 -9.8513
17 9 -10.1647
17 10 -10.4931
17 11 -10.7929
17 12 -11.1019
17 13 -11.3695
17 14 -11.6524
17 15 -11.9317
17 16 -12.1922
17 17 -12.435
17 18 -12.6773
17 19 -12.9104
17 20 -13.148
17 21 -13.3734
17 22 -13.6048
17 23 -13.8064
17 24 -14.0283
17 25 -14.2383
17 26 -14.4473
17 27 -14.647
17 28 -14.8448
17 29 -15.037
17 30 -15.225
17 31 -15.4063
17 32 -15.5928
17 33 -15.7655
17 34 -15.9386
17 35 -16.1062
17 36 -16.2739
17 37 -16.4307
17 38 -16.58
17 39 -16.7195
17 40 -16.8649
18 -10 -8.41108
18 -9 -8.379
18 -8 -8.34403
18 -7 -8.31937
18 -6 -8.31235
18 -5 -8.2955
18 -4 -8.25731
18 -3 -8.18888
18 -2 -8.15495
18 -1 -8.11882
18 0 -8.11978
18 1 -8.12914
18 2 -8.14332
18 3 -8.2703
18 4 -8.53831
18 5 -8.87838
18 6 -9.21721
18 7 -9.56101
18 8 -9.87686
18 9 -10.2131
18 10 -10.5319
18 11 -10.8329
18 12 -11.1356
18 13 -11.4234
18 14 -11.6999
18 15 -11.9593
18 16 -12.214
18 17 -12.4508
18 18 -12.6968
18 19 -12.9336
18 20 -13.1639
18 21 -13.3943
18 22 -13.6176
18 23 -13.8406
18 24 -14.0475
18 25 -14.2556
18 26 -14.46
18 27 -14.6634
18 28 -14.8673
18 29 -15.0563
18 30 -15.2534
18 31 -15.4324
18 32 -15.6298
18 33 -15.7909
18 34 -15.9754
18 35 -16.1359
18 36 -16.292
18 37 -16.4418
18 38 -16.5908
18 39 -16.7296
18 40 -16.866
19 -10 -8.42504
19 -9 -8.39263
19 -8 -8.37368
19 -7 -8.36662
19 -6 -8.33571
19 -5 -8.3293
19 -4 -8.27041
19 -3 -8.20807
19 -2 -8.18767
19 -1 -8.15471
19 0 -8.13875
19 1 -8.13534
19 2 -8.18162
19 3 -8.32173
19 4 -8.59742
19 5 -8.90123
19 6 -9.24138
19 7 -9.57937
19 8 -9.91711
19 9 -10.2337
19 10 -10.5509
19 11 -10.8628
19 12 -11.1493
19 13 -11.445
19 14 -11.7164
19 15 -11.9759
19 16 -12.2308
19 17 -12.4774
19 18 -12.7188
19 19 -12.9563
19 20 -13.1799
19 21 -13.4028
19 22 -13.6308
19 23 -13.8423
19 24 -14.0624
19 25 -14.2771
19 26 -14.479
19 27 -14.6848
19 28 -14.8795
19 29 -15.0762
19 30 -15.2553
19 31 -15.4482
19 32 -15.6295
19 33 -15.7931
19 34 -15.9628
19 35 -16.131
19 36 -16.2856
19 37 -16.4489
19 38 -16.5957
19 39 -16.7318
19 40 -16.8749
20 -10 -8.43891
20 -9 -8.41515
20 -8 -8.39135
20 -7 -8.3721
20 -6 -8.38537
20 -5 -8.38236
20 -4 -8.32477
20 -3 -8.24498
20 -2 -8.20181
20 -1 -8.18343
20 0 -8.15932
20 1 -8.18331
20 2 -8.2008
20 3 -8.36015
20 4 -8.61449
20 5 -8.91777
20 6 -9.25847
20 7 -9.60871
20 8 -9.92201
20 9 -10.2425
20 10 -10.5417
20 11 -10.858
20 12 -11.1647
20 13 -11.4639
20 14 -11.7293
20 15 -11.9824
20 16 -12.2388
20 17 -12.4834
20 18 -12.7258
20 19 -12.9555
20 20 -13.1928
20 21 -13.4205
20 22 -13.6433
20 23 -13.8601
20 24 -14.0718
20 25 -14.2909
20 26 -14.4967
20 27 -14.6989
20 28 -14.9048
20 29 -15.1018
20 30 -15.2869
20 31 -15.4553
20 32 -15.6407
20 33 -15.8117
20 34 -15.9799
20 35 -16.1441
20 36 -16.3042
20 37 -16.465
20 38 -16.6099
20 39 -16.7501
20 40 -16.8871
21 -10 -8.47263
21 -9 -8.43062
21 -8 -8.42404
21 -7 -8.40734
21 -6 -8.38862
21 -5 -8.41672
21 -4 -8.37486
21 -3 -8.28838
21 -2 -8.2375
21 -1 -8.20084
21 0 -8.17878
21 1 -8.16833
21 2 -8.22466
21 3 -8.34609
21 4 -8.61775
21 5 -8.90469
21 6 -9.2633
21 7 -9.6051
21 8 -9.94879
21 9 -10.2612
21 10 -10.5758
21 11 -10.8755
21 12 -11.1768
21 13 -11.4563
21 14 -11.7202
21 15 -12.0059
21 16 -12.2471
21 17 -12.499
21 18 -12.7419
21 19 -12.9805
21 20 -13.2094
21 21 -13.4411
21 22 -13.6677
21 23 -13.8807
21 24 -14.1027
21 25 -14.3145
21 26 -14.5172
21 27 -14.7275
21 28 -14.9205
21 29 -15.1134
21 30 -15.2949
21 31 -15.4789
21 32 -15.6537
21 33 -15.8312
21 34 -15.9979
21 35 -16.1661
21 36 -16.3331
21 37 -16.4914
21 38 -16.6343
21 39 -16.7776
21 40 -16.9097
22 -10 -8.51049
22 -9 -8.47897
22 -8 -8.45738
22 -7 -8.42328
22 -6 -8.41771
22 -5 -8.41189
22 -4 -8.38026
22 -3 -8.30678
22 -2 -8.25089
22 -1 -8.21484
22 0 -8.1864
22 1 -8.18039
22 2 -8.23793
22 3 -8.36099
22 4 -8.61567
22 5 -8.94739
22 6 -9.29577
22 7 -9.63781
22 8 -9.95442
22 9 -10.269
22 10 -10.5876
22 11 -10.8884
22 12 -11.1912
22 13 -11.4686
22 14 -11.7446
22 15 -12.0013
22 16 -12.2748
22 17 -12.5255
22 18 -12.7586
22 19 -13.0055
22 20 -13.2317
22 21 -13.4636
22 22 -13.6943
22 23 -13.9233
22 24 -14.1516
22 25 -14.3548
22 26 -14.5473
22 27 -14.7481
22 28 -14.9369
22 29 -15.1347
22 30 -15.3188
22 31 -15.5
22 32 -15.6883
22 33 -15.8701
22 34 -16.0361
22 35 -16.1998
22 36 -16.3635
22 37 -16.5233
22 38 -16.6695
22 39 -16.8138
22 40 -16.9513
23 -10 -8.52186
23 -9 -8.48489
23 -8 -8.46037
23 -7 -8.43827
23 -6 -8.41349
23 -5 -8.4071
23 -4 -8.39211
23 -3 -8.3319
23 -2 -8.27225
23 -1 -8.25047
23 0 -8.22267
23 1 -8.18972
23 2 -8.23877
23 3 -8.37594
23 4 -8.65769
23 5 -8.97696
23 6 -9.3016
23 7 -9.64235
23 8 -9.9744
23 9 -10.3012
23 10 -10.6019
23 11 -10.9124
23 12 -11.2057
23 13 -11.4826
23 14 -11.7607
23 15 -12.0266
23 16 -12.312
23 17 -12.5655
23 18 -12.7985
23 19 -13.0486
23 20 -13.2779
23 21 -13.5175
23 22 -13.735
23 23 -13.9545
23 24 -14.1685
23 25 -14.3713
23 26 -14.5709
23 27 -14.7715
23 28 -14.9771
23 29 -15.157
23 30 -15.3536
23 31 -15.5382
23 32 -15.7237
23 33 -15.8862
23 34 -16.0707
23 35 -16.2324
23 36 -16.4037
23 37 -16.555
23 38 -16.6991
23 39 -16.8463
23 40 -16.9814
24 -10 -8.54326
24 -9 -8.50331
24 -8 -8.46174
24 -7 -8.46254
24 -6 -8.43841
24 -5 -8.42647
24 -4 -8.38744
24 -3 -8.33672
24 -2 -8.30317
24 -1 -8.27494
24 0 -8.25653
24 1 -8.21122
24 2 -8.25179
24 3 -8.40653
24 4 -8.68185
24 5 -8.9877
24 6 -9.30792
24 7 -9.66176
24 8 -9.98353
24 9 -10.3225
24 10 -10.6373
24 11 -10.9342
24 12 -11.2292
24 13 -11.5067
24 14 -11.7948
24 15 -12.0581
24 16 -12.3275
24 17 -12.5894
24 18 -12.8437
24 19 -13.0828
24 20 -13.3169
24 21 -13.5547
24 22 -13.7566
24 23 -13.9797
24 24 -14.1864
24 25 -14.3953
24 26 -14.5948
24 27 -14.8014
24 28 -14.997
24 29 -15.1838
24 30 -15.3809
24 31 -15.5562
24 32 -15.7537
24 33 -15.9219
24 34 -16.0936
24 35 -16.2744
24 36 -16.4292
24 37 -16.5803
24 38 -16.7267
24 39 -16.8717
24 40 -17.0077
25 -10 -8.55711
25 -9 -8.53012
25 -8 -8.49185
25 -7 -8.48094
25 -6 -8.46658
25 -5 -8.43493
25 -4 -8.41431
25 -3 -8.3686
25 -2 -8.30318
25 -1 -8.29614
25 0 -8.27989
25 1 -8.23629
25 2 -8.27687
25 3 -8.43811
25 4 -8.69539
25 5 -9.00016
25 6 -9.34789
25 7 -9.68203
25 8 -10.0204
25 9 -10.3574
25 10 -10.6616
25 11 -10.963
25 12 -11.2537
25 13 -11.5369
25 14 -11.8257
25 15 -12.0855
25 16 -12.3522
25 17 -12.6255
25 18 -12.867
25 19 -13.1187
25 20 -13.342
25 21 -13.5721
25 22 -13.7844
25 23 -14.0049
25 24 -14.2171
25 25 -14.4187
25 26 -14.6254
25 27 -14.8249
25 28 -15.0182
25 29 -15.2158
25 30 -15.4002
25 31 -15.5801
25 32 -15.7616
25 33 -15.9293
25 34 -16.1021
25 35 -16.2739
25 36 -16.4388
25 37 -16.5977
25 38 -16.7395
25 39 -16.8815
25 40 -17.0261
26 -10 -8.56765
26 -9 -8.54144
26 -8 -8.51084
26 -7 -8.49612
26 -6 -8.46654
26 -5 -8.44791
26 -4 -8.43497
26 -3 -8.38689
26 -2 -8.3317
26 -1 -8.30038
26 0 -8.30359
26 1 -8.26372
26 2 -8.31958
26 3 -8.46393
26 4 -8.7378
26 5 -9.04826
26 6 -9.38892
26 7 -9.73468
26 8 -10.0721
26 9 -10.3856
26 10 -10.6928
26 11 -10.9853
26 12 -11.2736
26 13 -11.5622
26 14 -11.828
26 15 -12.0933
26 16 -12.3687
26 17 -12.6201
26 18 -12.8824
26 19 -13.1239
26 20 -13.3559
26 21 -13.5753
26 22 -13.7985
26 23 -14.0166
26 24 -14.2232
26 25 -14.4324
26 26 -14.6247
26 27 -14.8262
26 28 -15.0255
26 29 -15.2179
26 30 -15.4063
26 31 -15.5846
26 32 -15.7727
26 33 -15.9464
26 34 -16.1201
26 35 -16.2825
26 36 -16.4483
26 37 -16.609
26 38 -16.7569
26 39 -16.8998
26 40 -17.0412
27 -10 -8.58625
27 -9 -8.55191
27 -8 -8.53011
27 -7 -8.53586
27 -6 -8.50139
27 -5 -8.47666
27 -4 -8.44273
27 -3 -8.39407
27 -2 -8.3527
27 -1 -8.32233
27 0 -8.32277
27 1 -8.29281
27 2 -8.32626
27 3 -8.50368
27 4 -8.76656
27 5 -9.06433
27 6 -9.37672
27 7 -9.72353
27 8 -10.064
27 9 -10.3834
27 10 -10.6964
27 11 -10.9863
27 12 -11.2805
27 13 -11.5602
27 14 -11.8406
27 15 -12.1054
27 16 -12.3811
27 17 -12.6409
27 18 -12.8953
27 19 -13.1357
27 20 -13.3657
27 21 -13.5891
27 22 -13.808
27 23 -14.0238
27 24 -14.2314
27 25 -14.4376
27 26 -14.6362
27 27 -14.8337
27 28 -15.0361
27 29 -15.2264
27 30 -15.4178
27 31 -15.602
27 32 -15.7803
27 33 -15.9582
27 34 -16.1389
27 35 -16.3062
27 36 -16.4672
27 37 -16.6274
27 38 -16.7786
27 39 -16.9145
27 40 -17.0509
28 -10 -8.60269
28 -9 -8.57799
28 -8 -8.54868
28 -7 -8.54767
28 -6 -8.54054
28 -5 -8.51923
28 -4 -8.47481
28 -3 -8.41451
28 -2 -8.38399
28 -1 -8.34612
28 0 -8.31735
28 1 -8.30045
28 2 -8.34338
28 3 -8.47795
28 4 -8.75122
28 5 -9.06503
28 6 -9.38565
28 7 -9.74409
28 8 -10.0756
28 9 -10.4083
28 10 -10.7021
28 11 -11.0044
28 12 -11.2995
28 13 -11.5757
28 14 -11.8644
28 15 -12.1447
28 16 -12.4004
28 17 -12.6509
28 18 -12.8937
28 19 -13.1299
28 20 -13.3679
28 21 -13.5984
28 22 -13.8245
28 23 -14.0359
28 24 -14.2434
28 25 -14.4516
28 26 -14.6489
28 27 -14.8576
28 28 -15.0533
28 29 -15.2432
28 30 -15.4364
28 31 -15.6204
28 32 -15.8039
28 33 -15.9912
28 34 -16.1505
28 35 -16.3113
28 36 -16.4775
28 37 -16.6306
28 38 -16.785
28 39 -16.9346
28 40 -17.0656
29 -10 -8.62712
29 -9 -8.59693
29 -8 -8.56726
29 -7 -8.55437
29 -6 -8.55167
29 -5 -8.53347
29 -4 -8.51073
29 -3 -8.41767
29 -2 -8.40023
29 -1 -8.3709
29 0 -8.32423
29 1 -8.31234
29 2 -8.36223
29 3 -8.49817
29 4 -8.7504
29 5 -9.08231
29 6 -9.40074
29 7 -9.75169
29 8 -10.1031
29 9 -10.4196
29 10 -10.7226
29 11 -11.0259
29 12 -11.323
29 13 -11.6011
29 14 -11.8766
29 15 -12.1493
29 16 -12.4114
29 17 -12.6564
29 18 -12.9002
29 19 -13.1393
29 20 -13.3794
29 21 -13.6059
29 22 -13.8423
29 23 -14.0572
29 24 -14.2705
29 25 -14.4726
29 26 -14.6788
29 27 -14.8726
29 28 -15.0839
29 29 -15.2711
29 30 -15.46
29 31 -15.653
29 32 -15.8188
29 33 -16.0005
29 34 -16.1651
29 35 -16.3343
29 36 -16.491
29 37 -16.6426
29 38 -16.8097
29 39 -16.9449
29 40 -17.0855
30 -10 -8.65321
30 -9 -8.61458
30 -8 -8.58889
30 -7 -8.55693
30 -6 -8.56299
30 -5 -8.55729
30 -4 -8.51124
30 -3 -8.44554
30 -2 -8.41548
30 -1 -8.39491
30 0 -8.32672
30 1 -8.32332
30 2 -8.36776
30 3 -8.50427
30 4 -8.76163
30 5 -9.08336
30 6 -9.41127
30 7 -9.76798
30 8 -10.1104
30 9 -10.451
30 10 -10.7519
30 11 -11.0486
30 12 -11.3427
30 13 -11.624
30 14 -11.897
30 15 -12.1678
30 16 -12.4225
30 17 -12.6725
30 18 -12.9221
30 19 -13.159
30 20 -13.3922
30 21 -13.6206
30 22 -13.8605
30 23 -14.0729
30 24 -14.3012
30 25 -14.5076
30 26 -14.7135
30 27 -14.9106
30 28 -15.1118
30 29 -15.2956
30 30 -15.4842
30 31 -15.6633
30 32 -15.838
30 33 -16.0172
30 34 -16.185
30 35 -16.3551
30 36 -16.5131
30 37 -16.6715
30 38 -16.8248
30 39 -16.9708
30 40 -17.104
31 -10 -8.66085
31 -9 -8.61941
31 -8 -8.61039
31 -7 -8.57176
31 -6 -8.55368
31 -5 -8.55366
31 -4 -8.52024
31 -3 -8.47386
31 -2 -8.43917
31 -1 -8.39083
31 0 -8.33423
31 1 -8.33196
31 2 -8.39648
31 3 -8.52812
31 4 -8.79296
31 5 -9.11372
31 6 -9.47221
31 7 -9.79203
31 8 -10.1324
31 9 -10.4637
31 10 -10.7628
31 11 -11.063
31 12 -11.3579
31 13 -11.6327
31 14 -11.9126
31 15 -12.1734
31 16 -12.4318
31 17 -12.6847
31 18 -12.9316
31 19 -13.1718
31 20 -13.4151
31 21 -13.6568
31 22 -13.8753
31 23 -14.0971
31 24 -14.3325
31 25 -14.5432
31 26 -14.7471
31 27 -14.9406
31 28 -15.1381
31 29 -15.3186
31 30 -15.5114
31 31 -15.6882
31 32 -15.862
31 33 -16.0363
31 34 -16.2061
31 35 -16.3738
31 36 -16.5357
31 37 -16.6978
31 38 -16.838
31 39 -16.983
31 40 -17.1246
32 -10 -8.67667
32 -9 -8.64227
32 -8 -8.62077
32 -7 -8.58082
32 -6 -8.55164
32 -5 -8.5607
32 -4 -8.53081
32 -3 -8.47225
32 -2 -8.4543
32 -1 -8.4217
32 0 -8.36818
32 1 -8.35764
32 2 -8.39871
32 3 -8.57544
32 4 -8.83233
32 5 -9.13404
32 6 -9.46091
32 7 -9.80581
32 8 -10.1516
32 9 -10.4682
32 10 -10.7779
32 11 -11.0739
32 12 -11.3792
32 13 -11.6519
32 14 -11.9214
32 15 -12.1919
32 16 -12.4433
32 17 -12.7023
32 18 -12.9513
32 19 -13.1997
32 20 -13.4426
32 21 -13.6718
32 22 -13.9082
32 23 -14.1336
32 24 -14.3475
32 25 -14.5594
32 26 -14.7697
32 27 -14.9671
32 28 -15.156
32 29 -15.3449
32 30 -15.5333
32 31 -15.7119
32 32 -15.8879
32 33 -16.0641
32 34 -16.2349
32 35 -16.399
32 36 -16.5612
32 37 -16.7154
32 38 -16.8654
32 39 -17.004
32 40 -17.1412
33 -10 -8.67849
33 -9 -8.66155
33 -8 -8.63582
33 -7 -8.59173
33 -6 -8.57681
33 -5 -8.55904
33 -4 -8.55124
33 -3 -8.48688
33 -2 -8.44996
33 -1 -8.43666
33 0 -8.38721
33 1 -8.39469
33 2 -8.43186
33 3 -8.57864
33 4 -8.83836
33 5 -9.15721
33 6 -9.48811
33 7 -9.83254
33 8 -10.1584
33 9 -10.4769
33 10 -10.8091
33 11 -11.1065
33 12 -11.3995
33 13 -11.6806
33 14 -11.9337
33 15 -12.2091
33 16 -12.4769
33 17 -12.728
33 18 -12.9661
33 19 -13.2203
33 20 -13.4515
33 21 -13.6842
33 22 -13.9187
33 23 -14.1433
33 24 -14.3549
33 25 -14.5678
33 26 -14.7695
33 27 -14.9705
33 28 -15.1659
33 29 -15.3555
33 30 -15.5361
33 31 -15.7144
33 32 -15.9103
33 33 -16.0712
33 34 -16.2433
33 35 -16.4075
33 36 -16.5661
33 37 -16.7229
33 38 -16.8695
33 39 -17.0045
33 40 -17.1513
34 -10 -8.6859
34 -9 -8.66192
34 -8 -8.6527
34 -7 -8.62449
34 -6 -8.59973
34 -5 -8.59205
34 -4 -8.55693
34 -3 -8.50235
34 -2 -8.46602
34 -1 -8.43908
34 0 -8.40106
34 1 -8.40772
34 2 -8.45029
34 3 -8.61098
34 4 -8.88034
34 5 -9.18574
34 6 -9.51571
34 7 -9.85623
34 8 -10.1787
34 9 -10.505
34 10 -10.8141
34 11 -11.1153
34 12 -11.4073
34 13 -11.6804
34 14 -11.9578
34 15 -12.2198
34 16 -12.4736
34 17 -12.7212
34 18 -12.9735
34 19 -13.2177
34 20 -13.4567
34 21 -13.6896
34 22 -13.9235
34 23 -14.1419
34 24 -14.3621
34 25 -14.5705
34 26 -14.7734
34 27 -14.9854
34 28 -15.173
34 29 -15.3664
34 30 -15.5466
34 31 -15.7236
34 32 -15.9032
34 33 -16.0754
34 34 -16.2475
34 35 -16.417
34 36 -16.5739
34 37 -16.7306
34 38 -16.8749
34 39 -17.0219
34 40 -17.1563
35 -10 -8.69778
35 -9 -8.67851
35 -8 -8.65555
35 -7 -8.64114
35 -6 -8.61813
35 -5 -8.60821
35 -4 -8.56621
35 -3 -8.52935
35 -2 -8.47949
35 -1 -8.4442
35 0 -8.4312
35 1 -8.41833
35 2 -8.4465
35 3 -8.61635
35 4 -8.88261
35 5 -9.18333
35 6 -9.51977
35 7 -9.85245
35 8 -10.1835
35 9 -10.4995
35 10 -10.8165
35 11 -11.1281
35 12 -11.4143
35 13 -11.6815
35 14 -11.9582
35 15 -12.2232
35 16 -12.4814
35 17 -12.7363
35 18 -12.9927
35 19 -13.2308
35 20 -13.4697
35 21 -13.7096
35 22 -13.9327
35 23 -14.1569
35 24 -14.3679
35 25 -14.5742
35 26 -14.7729
35 27 -14.9757
35 28 -15.1773
35 29 -15.3666
35 30 -15.5552
35 31 -15.7365
35 32 -15.9169
35 33 -16.0862
35 34 -16.2614
35 35 -16.4311
35 36 -16.5856
35 37 -16.7423
35 38 -16.8905
35 39 -17.0367
35 40 -17.1701
36 -10 -8.72908
36 -9 -8.69559
36 -8 -8.65848
36 -7 -8.65249
36 -6 -8.63965
36 -5 -8.6246
36 -4 -8.60482
36 -3 -8.55214
36 -2 -8.50739
36 -1 -8.45872
36 0 -8.42668
36 1 -8.41931
36 2 -8.44478
36 3 -8.62316
36 4 -8.88288
36 5 -9.19476
36 6 -9.51694
36 7 -9.85683
36 8 -10.2005
36 9 -10.5196
36 10 -10.8235
36 11 -11.14
36 12 -11.4285
36 13 -11.6972
36 14 -11.9717
36 15 -12.2378
36 16 -12.5049
36 17 -12.755
36 18 -12.9979
36 19 -13.2556
36 20 -13.4913
36 21 -13.7104
36 22 -13.9268
36 23 -14.1427
36 24 -14.3618
36 25 -14.5715
36 26 -14.778
36 27 -14.9774
36 28 -15.1825
36 29 -15.3643
36 30 -15.5641
36 31 -15.747
36 32 -15.9292
36 33 -16.1109
36 34 -16.2775
36 35 -16.4387
36 36 -16.6073
36 37 -16.7614
36 38 -16.9029
36 39 -17.0475
36 40 -17.1834
37 -10 -8.72023
37 -9 -8.70698
37 -8 -8.67181
37 -7 -8.66447
37 -6 -8.65253
37 -5 -8.63966
37 -4 -8.61684
37 -3 -8.56774
37 -2 -8.50343
37 -1 -8.45992
37 0 -8.44759
37 1 -8.43241
37 2 -8.46307
37 3 -8.63353
37 4 -8.90121
37 5 -9.21089
37 6 -9.53424
37 7 -9.86922
37 8 -10.1887
37 9 -10.5315
37 10 -10.8307
37 11 -11.1365
37 12 -11.4396
37 13 -11.7149
37 14 -11.9852
37 15 -12.2464
37 16 -12.523
37 17 -12.7674
37 18 -13.0116
37 19 -13.2577
37 20 -13.475
37 21 -13.7093
37 22 -13.9424
37 23 -14.1471
37 24 -14.3668
37 25 -14.5726
37 26 -14.7774
37 27 -14.9793
37 28 -15.1849
37 29 -15.3765
37 30 -15.579
37 31 -15.7606
37 32 -15.9476
37 33 -16.129
37 34 -16.2993
37 35 -16.4635
37 36 -16.6359
37 37 -16.7783
37 38 -16.9235
37 39 -17.0687
37 40 -17.1955
38 -10 -8.73995
38 -9 -8.71313
38 -8 -8.66702
38 -7 -8.65883
38 -6 -8.65799
38 -5 -8.65583
38 -4 -8.63934
38 -3 -8.59222
38 -2 -8.51901
38 -1 -8.47294
38 0 -8.46662
38 1 -8.44381
38 2 -8.4763
38 3 -8.65889
38 4 -8.89804
38 5 -9.21862
38 6 -9.52538
38 7 -9.87522
38 8 -10.1949
38 9 -10.5439
38 10 -10.8659
38 11 -11.1572
38 12 -11.4576
38 13 -11.7344
38 14 -12.0078
38 15 -12.2662
38 16 -12.5344
38 17 -12.7825
38 18 -13.0299
38 19 -13.2668
38 20 -13.4939
38 21 -13.7281
38 22 -13.9474
38 23 -14.1611
38 24 -14.3739
38 25 -14.5876
38 26 -14.7903
38 27 -15.0087
38 28 -15.1998
38 29 -15.4073
38 30 -15.6034
38 31 -15.7789
38 32 -15.9616
38 33 -16.1482
38 34 -16.3233
38 35 -16.4792
38 36 -16.6478
38 37 -16.797
38 38 -16.9405
38 39 -17.0874
38 40 -17.2196
39 -10 -8.73604
39 -9 -8.7061
39 -8 -8.66401
39 -7 -8.64957
39 -6 -8.65805
39 -5 -8.65739
39 -4 -8.63063
39 -3 -8.5885
39 -2 -8.54772
39 -1 -8.47549
39 0 -8.47618
39 1 -8.45187
39 2 -8.50819
39 3 -8.64352
39 4 -8.90209
39 5 -9.22542
39 6 -9.56145
39 7 -9.91148
39 8 -10.2508
39 9 -10.5702
39 10 -10.8773
39 11 -11.1778
39 12 -11.4701
39 13 -11.7587
39 14 -12.0262
39 15 -12.2925
39 16 -12.5462
39 17 -12.8028
39 18 -13.0396
39 19 -13.278
39 20 -13.5039
39 21 -13.7369
39 22 -13.9572
39 23 -14.1774
39 24 -14.3971
39 25 -14.6041
39 26 -14.8131
39 27 -15.0221
39 28 -15.2109
39 29 -15.4188
39 30 -15.611
39 31 -15.7992
39 32 -15.9762
39 33 -16.1489
39 34 -16.3225
39 35 -16.491
39 36 -16.6504
39 37 -16.8075
39 38 -16.9493
39 39 -17.0939
39 40 -17.2413
40 -10 -8.72876
40 -9 -8.71133
40 -8 -8.68013
40 -7 -8.65721
40 -6 -8.6639
40 -5 -8.65701
40 -4 -8.62386
40 -3 -8.57918
40 -2 -8.54576
40 -1 -8.49642
40 0 -8.47495
40 1 -8.4819
40 2 -8.52316
40 3 -8.65437
40 4 -8.93307
40 5 -9.24988
40 6 -9.59226
40 7 -9.94507
40 8 -10.2705
40 9 -10.587
40 10 -10.8876
40 11 -11.1939
40 12 -11.4783
40 13 -11.7738
40 14 -12.0409
40 15 -12.3049
40 16 -12.5666
40 17 -12.8141
40 18 -13.051
40 19 -13.292
40 20 -13.5237
40 21 -13.752
40 22 -13.9734
40 23 -14.1997
40 24 -14.4046
40 25 -14.6262
40 26 -14.8247
40 27 -15.0353
40 28 -15.2337
40 29 -15.4261
40 30 -15.6135
40 31 -15.7934
40 32 -15.9759
40 33 -16.153
40 34 -16.323
40 35 -16.4836
40 36 -16.6524
40 37 -16.8052
40 38 -16.9587
40 39 -17.098
40 40 -17.2395
