-10 -10 -9.88003
-10 -9 -9.83775
-10 -8 -9.80048
-10 -7 -9.75003
-10 -6 -9.76704
-10 -5 -9.73709
-10 -4 -9.76126
-10 -3 -9.75384
-10 -2 -9.73007
-10 -1 -9.67779
-10 0 -9.64784
-10 1 -9.62036
-10 2 -9.68698
-10 3 -9.8694
-10 4 -10.1491
-10 5 -10.4649
-10 6 -10.8031
-10 7 -11.1308
-10 8 -11.4459
-10 9 -11.7656
-10 10 -12.069
-10 11 -12.3697
-10 12 -12.6719
-10 13 -12.9507
-10 14 -13.23
-10 15 -13.4981
-10 16 -13.759
-10 17 -14.012
-10 18 -14.254
-10 19 -14.4979
-10 20 -14.7246
-10 21 -14.958
-10 22 -15.1741
-10 23 -15.3806
-10 24 -15.5947
-10 25 -15.7958
-10 26 -15.9973
-10 27 -16.1857
-10 28 -16.371
-10 29 -16.5383
-10 30 -16.7117
-10 31 -16.876
-10 32 -17.0203
-10 33 -17.1631
-10 34 -17.2893
-10 35 -17.4134
-10 36 -17.5333
-10 37 -17.6579
-10 38 -17.7862
-10 39 -17.9108
-10 40 -18.0256
-9 -10 -9.83184
-9 -9 -9.80604
-9 -8 -9.75809
-9 -7 -9.76499
-9 -6 -9.74244
-9 -5 -9.76026
-9 -4 -9.75884
-9 -3 -9.73001
-9 -2 -9.67105
-9 -1 -9.6511
-9 0 -9.62036
-9 1 -9.61537
-9 2 -9.71994
-9 3 -9.91481
-9 4 -10.1786
-9 5 -10.4939
-9 6 -10.8206
-9 7 -11.1399
-9 8 -11.4522
-9 9 -11.7651
-9 10 -12.0666
-9 11 -12.3595
-9 12 -12.661
-9 13 -12.9392
-9 14 -13.2054
-9 15 -13.4704
-9 16 -13.727
-9 17 -13.9757
-9 18 -14.213
-9 19 -14.4509
-9 20 -14.6745
-9 21 -14.9053
-9 22 -15.1204
-9 23 -15.3398
-9 24 -15.542
-9 25 -15.7371
-9 26 -15.9476
-9 27 -16.1259
-9 28 -16.31
-9 29 -16.4875
-9 30 -16.651
-9 31 -16.8101
-9 32 -16.9642
-9 33 -17.1067
-9 34 -17.239
-9 35 -17.3619
-9 36 -17.4981
-9 37 -17.6238
-9 38 -17.7472
-9 39 -17.8758
-9 40 -17.9843
-8 -10 -9.80038
-8 -9 -9.74782
-8 -8 -9.7644
-8 -7 -9.73908
-8 -6 -9.76429
-8 -5 -9.75842
-8 -4 -9.72927
-8 -3 -9.66397
-8 -2 -9.64952
-8 -1 -9.62043
-8 0 -9.60954
-8 1 -9.64166
-8 2 -9.68199
-8 3 -9.86111
-8 4 -10.1311
-8 5 -10.4386
-8 6 -10.7826
-8 7 -11.1012
-8 8 -11.4389
-8 9 -11.7599
-8 10 -12.0777
-8 11 -12.389
-8 12 -12.6715
-8 13 -12.9504
-8 14 -13.2113
-8 15 -13.4744
-8 16 -13.725
-8 17 -13.9702
-8 18 -14.2049
-8 19 -14.44
-8 20 -14.6707
-8 21 -14.8868
-8 22 -15.1013
-8 23 -15.3154
-8 24 -15.5135
-8 25 -15.7153
-8 26 -15.9136
-8 27 -16.094
-8 28 -16.2762
-8 29 -16.4455
-8 30 -16.6163
-8 31 -16.7764
-8 32 -16.9247
-8 33 -17.0671
-8 34 -17.2041
-8 35 -17.3312
-8 36 -17.4568
-8 37 -17.5861
-8 38 -17.7155
-8 39 -17.8327
-8 40 -17.9506
-7 -10 -9.75197
-7 -9 -9.77023
-7 -8 -9.73705
-7 -7 -9.76656
-7 -6 -9.76357
-7 -5 -9.72794
-7 -4 -9.67169
-7 -3 -9.64694
-7 -2 -9.61976
-7 -1 -9.61441
-7 0 -9.65116
-7 1 -9.59276
-7 2 -9.62347
-7 3 -9.82497
-7 4 -10.105
-7 5 -10.4029
-7 6 -10.7276
-7 7 -11.0622
-7 8 -11.3884
-7 9 -11.7016
-7 10 -12.017
-7 11 -12.3175
-7 12 -12.628
-7 13 -12.9158
-7 14 -13.2055
-7 15 -13.4899
-7 16 -13.7459
-7 17 -13.995
-7 18 -14.2305
-7 19 -14.4504
-7 20 -14.6748
-7 21 -14.8864
-7 22 -15.1025
-7 23 -15.3044
-7 24 -15.5021
-7 25 -15.6989
-7 26 -15.8843
-7 27 -16.067
-7 28 -16.2461
-7 29 -16.4249
-7 30 -16.5876
-7 31 -16.7577
-7 32 -16.9002
-7 33 -17.0446
-7 34 -17.1866
-7 35 -17.308
-7 36 -17.4352
-7 37 -17.5672
-7 38 -17.6929
-7 39 -17.8139
-7 40 -17.9305
-6 -10 -9.77464
-6 -9 -9.75263
-6 -8 -9.76429
-6 -7 -9.77637
-6 -6 -9.73184
-6 -5 -9.6892
-6 -4 -9.64511
-6 -3 -9.62533
-6 -2 -9.62474
-6 -1 -9.65106
-6 0 -9.576
-6 1 -9.53992
-6 2 -9.59713
-6 3 -9.79417
-6 4 -10.0483
-6 5 -10.3642
-6 6 -10.6988
-6 7 -11.0338
-6 8 -11.3673
-6 9 -11.6904
-6 10 -12.0006
-6 11 -12.3058
-6 12 -12.5919
-6 13 -12.8768
-6 14 -13.1647
-6 15 -13.446
-6 16 -13.7182
-6 17 -13.9819
-6 18 -14.2359
-6 19 -14.4748
-6 20 -14.6963
-6 21 -14.9095
-6 22 -15.1293
-6 23 -15.3402
-6 24 -15.5295
-6 25 -15.7174
-6 26 -15.8974
-6 27 -16.0881
-6 28 -16.2521
-6 29 -16.4271
-6 30 -16.5874
-6 31 -16.745
-6 32 -16.8863
-6 33 -17.0314
-6 34 -17.1603
-6 35 -17.3014
-6 36 -17.4282
-6 37 -17.5474
-6 38 -17.6761
-6 39 -17.8017
-6 40 -17.9243
-5 -10 -9.76228
-5 -9 -9.76432
-5 -8 -9.77056
-5 -7 -9.732
-5 -6 -9.70883
-5 -5 -9.66113
-5 -4 -9.64013
-5 -3 -9.62859
-5 -2 -9.65131
-5 -1 -9.59602
-5 0 -9.5575
-5 1 -9.53055
-5 2 -9.60083
-5 3 -9.76144
-5 4 -10.0446
-5 5 -10.3597
-5 6 -10.683
-5 7 -10.9964
-5 8 -11.3178
-5 9 -11.6532
-5 10 -11.9653
-5 11 -12.2582
-5 12 -12.5514
-5 13 -12.8435
-5 14 -13.1233
-5 15 -13.3954
-5 16 -13.6626
-5 17 -13.9234
-5 18 -14.1786
-5 19 -14.4189
-5 20 -14.6678
-5 21 -14.9077
-5 22 -15.1287
-5 23 -15.3346
-5 24 -15.5301
-5 25 -15.7191
-5 26 -15.9096
-5 27 -16.093
-5 28 -16.2751
-5 29 -16.4339
-5 30 -16.5902
-5 31 -16.7462
-5 32 -16.8893
-5 33 -17.0395
-5 34 -17.173
-5 35 -17.3027
-5 36 -17.4301
-5 37 -17.558
-5 38 -17.6882
-5 39 -17.8184
-5 40 -17.9372
-4 -10 -9.76512
-4 -9 -9.77192
-4 -8 -9.73071
-4 -7 -9.71489
-4 -6 -9.67971
-4 -5 -9.64768
-4 -4 -9.6489
-4 -3 -9.66055
-4 -2 -9.61998
-4 -1 -9.56336
-4 0 -9.53725
-4 1 -9.50624
-4 2 -9.56619
-4 3 -9.75202
-4 4 -10.025
-4 5 -10.3404
-4 6 -10.6711
-4 7 -11.0017
-4 8 -11.3057
-4 9 -11.6259
-4 10 -11.9361
-4 11 -12.2424
-4 12 -12.5323
-4 13 -12.8226
-4 14 -13.1111
-4 15 -13.3878
-4 16 -13.6439
-4 17 -13.8964
-4 18 -14.1561
-4 19 -14.3883
-4 20 -14.6214
-4 21 -14.8548
-4 22 -15.0828
-4 23 -15.3068
-4 24 -15.5179
-4 25 -15.7154
-4 26 -15.9008
-4 27 -16.0778
-4 28 -16.2568
-4 29 -16.421
-4 30 -16.588
-4 31 -16.7391
-4 32 -16.8846
-4 33 -17.0271
-4 34 -17.1587
-4 35 -17.2916
-4 36 -17.4258
-4 37 -17.5487
-4 38 -17.6749
-4 39 -17.8025
-4 40 -17.9232
-3 -10 -9.78853
-3 -9 -9.7466
-3 -8 -9.71748
-3 -7 -9.69592
-3 -6 -9.66831
-3 -5 -9.66405
-3 -4 -9.68223
-3 -3 -9.65077
-3 -2 -9.58768
-3 -1 -9.56092
-3 0 -9.54785
-3 1 -9.5169
-3 2 -9.57503
-3 3 -9.77203
-3 4 -10.0515
-3 5 -10.3656
-3 6 -10.6853
-3 7 -11.0076
-3 8 -11.3264
-3 9 -11.6341
-3 10 -11.9344
-3 11 -12.2291
-3 12 -12.5119
-3 13 -12.8034
-3 14 -13.0742
-3 15 -13.3525
-3 16 -13.6064
-3 17 -13.8646
-3 18 -14.1188
-3 19 -14.3579
-3 20 -14.606
-3 21 -14.8279
-3 22 -15.0567
-3 23 -15.2682
-3 24 -15.4759
-3 25 -15.6842
-3 26 -15.8772
-3 27 -16.0836
-3 28 -16.2604
-3 29 -16.4198
-3 30 -16.5882
-3 31 -16.7368
-3 32 -16.8858
-3 33 -17.0319
-3 34 -17.1662
-3 35 -17.2938
-3 36 -17.4185
-3 37 -17.5535
-3 38 -17.6742
-3 39 -17.7999
-3 40 -17.9191
-2 -10 -9.78831
-2 -9 -9.78185
-2 -8 -9.74351
-2 -7 -9.72786
-2 -6 -9.70384
-2 -5 -9.70424
-2 -4 -9.69373
-2 -3 -9.64779
-2 -2 -9.58512
-2 -1 -9.56669
-2 0 -9.53938
-2 1 -9.53913
-2 2 -9.57913
-2 3 -9.72876
-2 4 -9.99452
-2 5 -10.3033
-2 6 -10.658
-2 7 -10.9994
-2 8 -11.3349
-2 9 -11.6575
-2 10 -11.9624
-2 11 -12.2508
-2 12 -12.5441
-2 13 -12.8042
-2 14 -13.069
-2 15 -13.346
-2 16 -13.599
-2 17 -13.8446
-2 18 -14.0937
-2 19 -14.3362
-2 20 -14.572
-2 21 -14.805
-2 22 -15.0399
-2 23 -15.2502
-2 24 -15.4655
-2 25 -15.669
-2 26 -15.8768
-2 27 -16.0758
-2 28 -16.2466
-2 29 -16.429
-2 30 -16.6019
-2 31 -16.7631
-2 32 -16.9023
-2 33 -17.038
-2 34 -17.1684
-2 35 -17.2942
-2 36 -17.4192
-2 37 -17.542
-2 38 -17.6679
-2 39 -17.7925
-2 40 -17.9013
-1 -10 -9.79142
-1 -9 -9.75575
-1 -8 -9.73129
-1 -7 -9.70967
-1 -6 -9.718
-1 -5 -9.69644
-1 -4 -9.66873
-1 -3 -9.63079
-1 -2 -9.59565
-1 -1 -9.57975
-1 0 -9.56515
-1 1 -9.53971
-1 2 -9.5131
-1 3 -9.67826
-1 4 -9.95754
-1 5 -10.2744
-1 6 -10.6185
-1 7 -10.9479
-1 8 -11.3045
-1 9 -11.629
-1 10 -11.9745
-1 11 -12.2905
-1 12 -12.5945
-1 13 -12.8605
-1 14 -13.1186
-1 15 -13.3666
-1 16 -13.6274
-1 17 -13.8689
-1 18 -14.1127
-1 19 -14.3459
-1 20 -14.5861
-1 21 -14.8123
-1 22 -15.032
-1 23 -15.2508
-1 24 -15.4506
-1 25 -15.6616
-1 26 -15.8621
-1 27 -16.0507
-1 28 -16.2442
-1 29 -16.42
-1 30 -16.5911
-1 31 -16.7554
-1 32 -16.9042
-1 33 -17.0507
-1 34 -17.1974
-1 35 -17.3321
-1 36 -17.463
-1 37 -17.5795
-1 38 -17.6952
-1 39 -17.8168
-1 40 -17.9308
0 -10 -9.77929
0 -9 -9.77352
0 -8 -9.73303
0 -7 -9.71391
0 -6 -9.72659
0 -5 -9.66766
0 -4 -9.6273
0 -3 -9.59285
0 -2 -9.58013
0 -1 -9.59196
0 0 -9.56642
0 1 -9.51834
0 2 -9.51901
0 3 -9.69614
0 4 -9.96668
0 5 -10.3035
0 6 -10.6214
0 7 -10.9773
0 8 -11.2928
0 9 -11.636
0 10 -11.9568
0 11 -12.2672
0 12 -12.5687
0 13 -12.8782
0 14 -13.1683
0 15 -13.4128
0 16 -13.6673
0 17 -13.9012
0 18 -14.1299
0 19 -14.3524
0 20 -14.5889
0 21 -14.8192
0 22 -15.0296
0 23 -15.2416
0 24 -15.4541
0 25 -15.6606
0 26 -15.8557
0 27 -16.0428
0 28 -16.2323
0 29 -16.4087
0 30 -16.5799
0 31 -16.738
0 32 -16.8927
0 33 -17.0397
0 34 -17.1849
0 35 -17.3148
0 36 -17.4502
0 37 -17.5901
0 38 -17.7158
0 39 -17.8523
0 40 -17.9836
1 -10 -9.77181
1 -9 -9.76358
1 -8 -9.78565
1 -7 -9.77281
1 -6 -9.74838
1 -5 -9.68404
1 -4 -9.64176
1 -3 -9.61151
1 -2 -9.60681
1 -1 -9.6556
1 0 -9.6027
1 1 -9.51216
1 2 -9.50548
1 3 -9.68492
1 4 -9.9687
1 5 -10.2878
1 6 -10.6125
1 7 -10.952
1 8 -11.2912
1 9 -11.6216
1 10 -11.963
1 11 -12.2905
1 12 -12.6023
1 13 -12.916
1 14 -13.2154
1 15 -13.4766
1 16 -13.7296
1 17 -13.9605
1 18 -14.2001
1 19 -14.427
1 20 -14.6621
1 21 -14.8816
1 22 -15.0927
1 23 -15.2992
1 24 -15.5099
1 25 -15.701
1 26 -15.8964
1 27 -16.0849
1 28 -16.269
1 29 -16.4392
1 30 -16.6127
1 31 -16.7697
1 32 -16.9188
1 33 -17.0688
1 34 -17.1991
1 35 -17.3342
1 36 -17.4646
1 37 -17.5956
1 38 -17.727
1 39 -17.8454
1 40 -17.9738
2 -10 -9.84142
2 -9 -9.82589
2 -8 -9.82726
2 -7 -9.81821
2 -6 -9.81132
2 -5 -9.71894
2 -4 -9.68105
2 -3 -9.65376
2 -2 -9.68231
2 -1 -9.67345
2 0 -9.67877
2 1 -9.59782
2 2 -9.52819
2 3 -9.74015
2 4 -10.0237
2 5 -10.3435
2 6 -10.6881
2 7 -11.0452
2 8 -11.3685
2 9 -11.7059
2 10 -12.0306
2 11 -12.3557
2 12 -12.6798
2 13 -12.9776
2 14 -13.2554
2 15 -13.5268
2 16 -13.7876
2 17 -14.032
2 18 -14.2538
2 19 -14.4875
2 20 -14.7093
2 21 -14.9251
2 22 -15.1485
2 23 -15.354
2 24 -15.5583
2 25 -15.7507
2 26 -15.9437
2 27 -16.1425
2 28 -16.3249
2 29 -16.4935
2 30 -16.6609
2 31 -16.8218
2 32 -16.9777
2 33 -17.1222
2 34 -17.2585
2 35 -17.3906
2 36 -17.5323
2 37 -17.6632
2 38 -17.7859
2 39 -17.9168
2 40 -18.03
3 -10 -9.91264
3 -9 -9.87471
3 -8 -9.90752
3 -7 -9.87869
3 -6 -9.86201
3 -5 -9.81535
3 -4 -9.75455
3 -3 -9.72
3 -2 -9.72145
3 -1 -9.68144
3 0 -9.67798
3 1 -9.67678
3 2 -9.61528
3 3 -9.8051
3 4 -10.0923
3 5 -10.4099
3 6 -10.7413
3 7 -11.094
3 8 -11.4349
3 9 -11.7704
3 10 -12.099
3 11 -12.4208
3 12 -12.7416
3 13 -13.0044
3 14 -13.2902
3 15 -13.5607
3 16 -13.819
3 17 -14.0818
3 18 -14.3063
3 19 -14.529
3 20 -14.7495
3 21 -14.9653
3 22 -15.1804
3 23 -15.3837
3 24 -15.5938
3 25 -15.7962
3 26 -16.0014
3 27 -16.1743
3 28 -16.3684
3 29 -16.5461
3 30 -16.7155
3 31 -16.8795
3 32 -17.0362
3 33 -17.1757
3 34 -17.3065
3 35 -17.4464
3 36 -17.5819
3 37 -17.7018
3 38 -17.843
3 39 -17.9703
3 40 -18.1025
4 -10 -9.97787
4 -9 -9.94124
4 -8 -9.92068
4 -7 -9.87051
4 -6 -9.856
4 -5 -9.86393
4 -4 -9.8217
4 -3 -9.77807
4 -2 -9.7558
4 -1 -9.72094
4 0 -9.691
4 1 -9.67854
4 2 -9.73063
4 3 -9.93532
4 4 -10.1855
4 5 -10.4998
4 6 -10.8451
4 7 -11.1937
4 8 -11.54
4 9 -11.8465
4 10 -12.1589
4 11 -12.4656
4 12 -12.7499
4 13 -13.0365
4 14 -13.3062
4 15 -13.5863
4 16 -13.8408
4 17 -14.1087
4 18 -14.3426
4 19 -14.5735
4 20 -14.7924
4 21 -15.0163
4 22 -15.2323
4 23 -15.4396
4 24 -15.654
4 25 -15.8536
4 26 -16.0411
4 27 -16.2362
4 28 -16.4257
4 29 -16.6048
4 30 -16.769
4 31 -16.9386
4 32 -17.0925
4 33 -17.2394
4 34 -17.3838
4 35 -17.5098
4 36 -17.6424
4 37 -17.7749
4 38 -17.913
4 39 -18.0356
4 40 -18.1555
5 -10 -10.0195
5 -9 -9.99016
5 -8 -9.97431
5 -7 -9.91359
5 -6 -9.89003
5 -5 -9.88808
5 -4 -9.86591
5 -3 -9.84726
5 -2 -9.78873
5 -1 -9.73571
5 0 -9.71458
5 1 -9.71118
5 2 -9.75642
5 3 -9.9568
5 4 -10.2358
5 5 -10.5625
5 6 -10.8905
5 7 -11.211
5 8 -11.5365
5 9 -11.8816
5 10 -12.1812
5 11 -12.478
5 12 -12.7607
5 13 -13.0409
5 14 -13.318
5 15 -13.5898
5 16 -13.8626
5 17 -14.1235
5 18 -14.3986
5 19 -14.6152
5 20 -14.8377
5 21 -15.0686
5 22 -15.2798
5 23 -15.4966
5 24 -15.7153
5 25 -15.9186
5 26 -16.1179
5 27 -16.3059
5 28 -16.4997
5 29 -16.6774
5 30 -16.8569
5 31 -17.014
5 32 -17.16
5 33 -17.2998
5 34 -17.4373
5 35 -17.5613
5 36 -17.6931
5 37 -17.8177
5 38 -17.9454
5 39 -18.0606
5 40 -18.176
6 -10 -10.0356
6 -9 -10.0363
6 -8 -10.0009
6 -7 -9.96002
6 -6 -9.91981
6 -5 -9.92
6 -4 -9.90989
6 -3 -9.91148
6 -2 -9.88213
6 -1 -9.81075
6 0 -9.77613
6 1 -9.73715
6 2 -9.78481
6 3 -9.96873
6 4 -10.2759
6 5 -10.5828
6 6 -10.8955
6 7 -11.2315
6 8 -11.5682
6 9 -11.9052
6 10 -12.2123
6 11 -12.4969
6 12 -12.7894
6 13 -13.0774
6 14 -13.3644
6 15 -13.6355
6 16 -13.9036
6 17 -14.1782
6 18 -14.4458
6 19 -14.6814
6 20 -14.9126
6 21 -15.1291
6 22 -15.3407
6 23 -15.5787
6 24 -15.7848
6 25 -15.9921
6 26 -16.1973
6 27 -16.3981
6 28 -16.571
6 29 -16.7331
6 30 -16.8948
6 31 -17.0566
6 32 -17.1984
6 33 -17.3486
6 34 -17.4805
6 35 -17.6046
6 36 -17.7317
6 37 -17.8644
6 38 -17.98
6 39 -18.091
6 40 -18.2053
7 -10 -10.0838
7 -9 -10.0865
7 -8 -10.0736
7 -7 -10.0157
7 -6 -9.9654
7 -5 -9.94913
7 -4 -9.96475
7 -3 -9.94568
7 -2 -9.93745
7 -1 -9.89854
7 0 -9.82985
7 1 -9.78773
7 2 -9.84157
7 3 -10.0277
7 4 -10.2976
7 5 -10.6094
7 6 -10.9521
7 7 -11.2674
7 8 -11.6008
7 9 -11.9115
7 10 -12.215
7 11 -12.5202
7 12 -12.8157
7 13 -13.1109
7 14 -13.3957
7 15 -13.6841
7 16 -13.9666
7 17 -14.236
7 18 -14.5156
7 19 -14.7572
7 20 -14.988
7 21 -15.211
7 22 -15.4332
7 23 -15.6537
7 24 -15.8568
7 25 -16.0567
7 26 -16.2506
7 27 -16.4237
7 28 -16.5944
7 29 -16.7625
7 30 -16.92
7 31 -17.0725
7 32 -17.2212
7 33 -17.3572
7 34 -17.4978
7 35 -17.633
7 36 -17.7559
7 37 -17.8819
7 38 -18.0052
7 39 -18.1287
7 40 -18.2404
8 -10 -10.1589
8 -9 -10.1445
8 -8 -10.1249
8 -7 -10.1011
8 -6 -10.0248
8 -5 -9.99876
8 -4 -10.0066
8 -3 -9.98255
8 -2 -9.95216
8 -1 -9.9111
8 0 -9.88729
8 1 -9.84229
8 2 -9.8689
8 3 -10.051
8 4 -10.3348
8 5 -10.6434
8 6 -10.9765
8 7 -11.3381
8 8 -11.6451
8 9 -11.9578
8 10 -12.2745
8 11 -12.5875
8 12 -12.8794
8 13 -13.1803
8 14 -13.48
8 15 -13.7648
8 16 -14.0493
8 17 -14.3291
8 18 -14.602
8 19 -14.8286
8 20 -15.0553
8 21 -15.2682
8 22 -15.4797
8 23 -15.6802
8 24 -15.8845
8 25 -16.0841
8 26 -16.2641
8 27 -16.4432
8 28 -16.6145
8 29 -16.7813
8 30 -16.9413
8 31 -17.1005
8 32 -17.2548
8 33 -17.3928
8 34 -17.534
8 35 -17.6618
8 36 -17.7809
8 37 -17.8977
8 38 -18.0251
8 39 -18.1381
8 40 -18.2462
9 -10 -10.1609
9 -9 -10.1494
9 -8 -10.1214
9 -7 -10.1131
9 -6 -10.0867
9 -5 -10.0307
9 -4 -10.0369
9 -3 -10.0228
9 -2 -9.95643
9 -1 -9.94581
9 0 -9.92223
9 1 -9.90576
9 2 -9.92697
9 3 -10.1212
9 4 -10.4095
9 5 -10.7253
9 6 -11.0627
9 7 -11.3826
9 8 -11.7115
9 9 -12.0262
9 10 -12.337
9 11 -12.6545
9 12 -12.9672
9 13 -13.2605
9 14 -13.5476
9 15 -13.8204
9 16 -14.0911
9 17 -14.3534
9 18 -14.5979
9 19 -14.8392
9 20 -15.0628
9 21 -15.2785
9 22 -15.4901
9 23 -15.6978
9 24 -15.902
9 25 -16.0918
9 26 -16.2766
9 27 -16.4537
9 28 -16.635
9 29 -16.8016
9 30 -16.9731
9 31 -17.1257
9 32 -17.2787
9 33 -17.4274
9 34 -17.5552
9 35 -17.6886
9 36 -17.8081
9 37 -17.9284
9 38 -18.0469
9 39 -18.1552
9 40 -18.2695
10 -10 -10.2039
10 -9 -10.1806
10 -8 -10.1564
10 -7 -10.1223
10 -6 -10.1087
10 -5 -10.0876
10 -4 -10.0659
10 -3 -10.0693
10 -2 -9.99672
10 -1 -9.9786
10 0 -9.93135
10 1 -9.92947
10 2 -9.98623
10 3 -10.2006
10 4 -10.4831
10 5 -10.7933
10 6 -11.1075
10 7 -11.4359
10 8 -11.7513
10 9 -12.0672
10 10 -12.3861
10 11 -12.6922
10 12 -12.9869
10 13 -13.2771
10 14 -13.5519
10 15 -13.8407
10 16 -14.1084
10 17 -14.3577
10 18 -14.6062
10 19 -14.8492
10 20 -15.0807
10 21 -15.3033
10 22 -15.5158
10 23 -15.7335
10 24 -15.9285
10 25 -16.1126
10 26 -16.3028
10 27 -16.4803
10 28 -16.6601
10 29 -16.8292
10 30 -16.9952
10 31 -17.1612
10 32 -17.3088
10 33 -17.45
10 34 -17.5822
10 35 -17.7067
10 36 -17.831
10 37 -17.9504
10 38 -18.0707
10 39 -18.1781
10 40 -18.2987
11 -10 -10.2451
11 -9 -10.2326
11 -8 -10.1764
11 -7 -10.1502
11 -6 -10.1376
11 -5 -10.1267
11 -4 -10.1214
11 -3 -10.106
11 -2 -10.0289
11 -1 -9.99421
11 0 -9.95661
11 1 -9.95517
11 2 -10.0019
11 3 -10.2257
11 4 -10.4976
11 5 -10.8086
11 6 -11.1434
11 7 -11.4522
11 8 -11.7896
11 9 -12.0963
11 10 -12.4062
11 11 -12.7046
11 12 -13.0141
11 13 -13.2982
11 14 -13.5784
11 15 -13.8577
11 16 -14.1149
11 17 -14.3763
11 18 -14.6276
11 19 -14.881
11 20 -15.124
11 21 -15.3434
11 22 -15.5683
11 23 -15.7637
11 24 -15.9622
11 25 -16.1576
11 26 -16.3421
11 27 -16.5206
11 28 -16.7035
11 29 -16.8775
11 30 -17.0413
11 31 -17.1984
11 32 -17.3517
11 33 -17.4945
11 34 -17.6344
11 35 -17.7631
11 36 -17.8811
11 37 -17.9918
11 38 -18.1031
11 39 -18.2168
11 40 -18.3241
12 -10 -10.2903
12 -9 -10.2856
12 -8 -10.2165
12 -7 -10.1818
12 -6 -10.1693
12 -5 -10.1547
12 -4 -10.1387
12 -3 -10.165
12 -2 -10.0771
12 -1 -10.0301
12 0 -10.011
12 1 -9.98485
12 2 -10.0393
12 3 -10.2578
12 4 -10.5386
12 5 -10.8466
12 6 -11.1633
12 7 -11.482
12 8 -11.7958
12 9 -12.117
12 10 -12.4323
12 11 -12.7309
12 12 -13.0266
12 13 -13.3179
12 14 -13.5923
12 15 -13.867
12 16 -14.1293
12 17 -14.3852
12 18 -14.6491
12 19 -14.8992
12 20 -15.1571
12 21 -15.381
12 22 -15.6007
12 23 -15.7993
12 24 -15.9982
12 25 -16.1891
12 26 -16.3764
12 27 -16.5712
12 28 -16.7401
12 29 -16.9236
12 30 -17.0878
12 31 -17.2453
12 32 -17.4003
12 33 -17.5503
12 34 -17.6904
12 35 -17.8126
12 36 -17.9277
12 37 -18.0401
12 38 -18.1549
12 39 -18.2649
12 40 -18.3843
13 -10 -10.3208
13 -9 -10.3276
13 -8 -10.2769
13 -7 -10.2307
13 -6 -10.1892
13 -5 -10.1864
13 -4 -10.166
13 -3 -10.1733
13 -2 -10.1305
13 -1 -10.0886
13 0 -10.0403
13 1 -10.0071
13 2 -10.0521
13 3 -10.2637
13 4 -10.5492
13 5 -10.8572
13 6 -11.171
13 7 -11.5039
13 8 -11.8158
13 9 -12.1293
13 10 -12.4468
13 11 -12.7606
13 12 -13.065
13 13 -13.3433
13 14 -13.623
13 15 -13.892
13 16 -14.1577
13 17 -14.4166
13 18 -14.6743
13 19 -14.9311
13 20 -15.1959
13 21 -15.4361
13 22 -15.6417
13 23 -15.8412
13 24 -16.0486
13 25 -16.2382
13 26 -16.4354
13 27 -16.6158
13 28 -16.8029
13 29 -16.9782
13 30 -17.1452
13 31 -17.3024
13 32 -17.465
13 33 -17.6093
13 34 -17.7442
13 35 -17.8744
13 36 -17.9878
13 37 -18.1104
13 38 -18.2322
13 39 -18.3517
13 40 -18.4518
14 -10 -10.3331
14 -9 -10.3355
14 -8 -10.3141
14 -7 -10.2532
14 -6 -10.2291
14 -5 -10.2057
14 -4 -10.1922
14 -3 -10.188
14 -2 -10.1516
14 -1 -10.1203
14 0 -10.064
14 1 -10.0425
14 2 -10.088
14 3 -10.2975
14 4 -10.5711
14 5 -10.8764
14 6 -11.195
14 7 -11.5198
14 8 -11.8395
14 9 -12.1642
14 10 -12.4909
14 11 -12.791
14 12 -13.0895
14 13 -13.3674
14 14 -13.6512
14 15 -13.9276
14 16 -14.2107
14 17 -14.4779
14 18 -14.7475
14 19 -15.0123
14 20 -15.2709
14 21 -15.4888
14 22 -15.6958
14 23 -15.8968
14 24 -16.0983
14 25 -16.2923
14 26 -16.4785
14 27 -16.6615
14 28 -16.8317
14 29 -17.0054
14 30 -17.17
14 31 -17.3261
14 32 -17.4762
14 33 -17.6185
14 34 -17.7534
14 35 -17.8838
14 36 -18.016
14 37 -18.1348
14 38 -18.2486
14 39 -18.3662
14 40 -18.4832
15 -10 -10.3379
15 -9 -10.3441
15 -8 -10.3178
15 -7 -10.2839
15 -6 -10.2496
15 -5 -10.2327
15 -4 -10.2115
15 -3 -10.2053
15 -2 -10.1641
15 -1 -10.1232
15 0 -10.0986
15 1 -10.0985
15 2 -10.1232
15 3 -10.3207
15 4 -10.5991
15 5 -10.9261
15 6 -11.2494
15 7 -11.5713
15 8 -11.8904
15 9 -12.2278
15 10 -12.5421
15 11 -12.8322
15 12 -13.135
15 13 -13.4227
15 14 -13.7094
15 15 -13.9827
15 16 -14.2517
15 17 -14.5197
15 18 -14.7734
15 19 -15.0277
15 20 -15.2725
15 21 -15.4949
15 22 -15.7146
15 23 -15.9105
15 24 -16.1043
15 25 -16.294
15 26 -16.4846
15 27 -16.6638
15 28 -16.8385
15 29 -17.0129
15 30 -17.179
15 31 -17.3367
15 32 -17.4878
15 33 -17.6348
15 34 -17.7656
15 35 -17.8912
15 36 -18.0158
15 37 -18.1313
15 38 -18.2489
15 39 -18.3659
15 40 -18.4774
16 -10 -10.3612
16 -9 -10.3572
16 -8 -10.3317
16 -7 -10.2947
16 -6 -10.2733
16 -5 -10.2653
16 -4 -10.2412
16 -3 -10.2211
16 -2 -10.1826
16 -1 -10.1289
16 0 -10.1251
16 1 -10.1295
16 2 -10.17
16 3 -10.3558
16 4 -10.6443
16 5 -10.9684
16 6 -11.2779
16 7 -11.6073
16 8 -11.9397
16 9 -12.2596
16 10 -12.5614
16 11 -12.8639
16 12 -13.1599
16 13 -13.4368
16 14 -13.7209
16 15 -13.9959
16 16 -14.2708
16 17 -14.5314
16 18 -14.7887
16 19 -15.0412
16 20 -15.2926
16 21 -15.51
16 22 -15.7251
16 23 -15.929
16 24 -16.1277
16 25 -16.3153
16 26 -16.5035
16 27 -16.6878
16 28 -16.861
16 29 -17.0344
16 30 -17.1961
16 31 -17.3468
16 32 -17.4965
16 33 -17.6393
16 34 -17.7734
16 35 -17.9045
16 36 -18.0235
16 37 -18.1417
16 38 -18.2571
16 39 -18.3671
16 40 -18.4752
17 -10 -10.3996
17 -9 -10.3759
17 -8 -10.3383
17 -7 -10.3124
17 -6 -10.2916
17 -5 -10.2865
17 -4 -10.2936
17 -3 -10.262
17 -2 -10.1984
17 -1 -10.1601
17 0 -10.1429
17 1 -10.1425
17 2 -10.2038
17 3 -10.3799
17 4 -10.665
17 5 -10.9906
17 6 -11.3164
17 7 -11.6475
17 8 -11.974
17 9 -12.2796
17 10 -12.5877
17 11 -12.8855
17 12 -13.1766
17 13 -13.4721
17 14 -13.7365
17 15 -14.0153
17 16 -14.2821
17 17 -14.5431
17 18 -14.8042
17 19 -15.0566
17 20 -15.3043
17 21 -15.5171
17 22 -15.7306
17 23 -15.9424
17 24 -16.1422
17 25 -16.3322
17 26 -16.5269
17 27 -16.7119
17 28 -16.8821
17 29 -17.0524
17 30 -17.2091
17 31 -17.3691
17 32 -17.5145
17 33 -17.6648
17 34 -17.7978
17 35 -17.9264
17 36 -18.0495
17 37 -18.1581
17 38 -18.2721
17 39 -18.3842
17 40 -18.4947
18 -10 -10.4304
18 -9 -10.4012
18 -8 -10.369
18 -7 -10.3439
18 -6 -10.3256
18 -5 -10.3186
18 -4 -10.3311
18 -3 -10.3191
18 -2 -10.2328
18 -1 -10.2051
18 0 -10.1687
18 1 -10.1669
18 2 -10.2257
18 3 -10.4056
18 4 -10.6751
18 5 -11.0032
18 6 -11.3346
18 7 -11.657
18 8 -11.9869
18 9 -12.294
18 10 -12.5955
18 11 -12.8973
18 12 -13.1894
18 13 -13.4645
18 14 -13.7545
18 15 -14.0305
18 16 -14.2956
18 17 -14.569
18 18 -14.8235
18 19 -15.0714
18 20 -15.3132
18 21 -15.5323
18 22 -15.7482
18 23 -15.9683
18 24 -16.1709
18 25 -16.3712
18 26 -16.5571
18 27 -16.739
18 28 -16.9112
18 29 -17.0745
18 30 -17.2332
18 31 -17.3968
18 32 -17.5453
18 33 -17.6851
18 34 -17.8192
18 35 -17.9493
18 36 -18.063
18 37 -18.1798
18 38 -18.2955
18 39 -18.4019
18 40 -18.5121
19 -10 -10.4769
19 -9 -10.4421
19 -8 -10.4039
19 -7 -10.3635
19 -6 -10.351
19 -5 -10.3339
19 -4 -10.3566
19 -3 -10.332
19 -2 -10.2717
19 -1 -10.2213
19 0 -10.1824
19 1 -10.1812
19 2 -10.2349
19 3 -10.4103
19 4 -10.6928
19 5 -11.0203
19 6 -11.3634
19 7 -11.7057
19 8 -12.0101
19 9 -12.3127
19 10 -12.6186
19 11 -12.9157
19 12 -13.205
19 13 -13.492
19 14 -13.7713
19 15 -14.0551
19 16 -14.3434
19 17 -14.5938
19 18 -14.8446
19 19 -15.087
19 20 -15.3229
19 21 -15.5501
19 22 -15.7694
19 23 -15.9816
19 24 -16.1967
19 25 -16.4056
19 26 -16.5854
19 27 -16.7668
19 28 -16.9446
19 29 -17.1152
19 30 -17.2741
19 31 -17.4296
19 32 -17.5817
19 33 -17.7165
19 34 -17.853
19 35 -17.9792
19 36 -18.1031
19 37 -18.2144
19 38 -18.3212
19 39 -18.4284
19 40 -18.5364
20 -10 -10.4922
20 -9 -10.4724
20 -8 -10.4372
20 -7 -10.3976
20 -6 -10.3721
20 -5 -10.3467
20 -4 -10.3769
20 -3 -10.3379
20 -2 -10.287
20 -1 -10.2613
20 0 -10.2027
20 1 -10.2006
20 2 -10.257
20 3 -10.4477
20 4 -10.729
20 5 -11.0511
20 6 -11.3869
20 7 -11.7157
20 8 -12.0262
20 9 -12.3283
20 10 -12.633
20 11 -12.9395
20 12 -13.2291
20 13 -13.5214
20 14 -13.8046
20 15 -14.0832
20 16 -14.3545
20 17 -14.6183
20 18 -14.864
20 19 -15.116
20 20 -15.3606
20 21 -15.5888
20 22 -15.8137
20 23 -16.0348
20 24 -16.2469
20 25 -16.4403
20 26 -16.629
20 27 -16.8096
20 28 -16.9804
20 29 -17.1543
20 30 -17.3144
20 31 -17.4687
20 32 -17.6265
20 33 -17.7684
20 34 -17.8958
20 35 -18.0237
20 36 -18.1471
20 37 -18.2579
20 38 -18.3657
20 39 -18.4662
20 40 -18.5774
21 -10 -10.4913
21 -9 -10.4751
21 -8 -10.4547
21 -7 -10.4108
21 -6 -10.3881
21 -5 -10.3647
21 -4 -10.3655
21 -3 -10.3472
21 -2 -10.2972
21 -1 -10.2644
21 0 -10.2401
21 1 -10.2189
21 2 -10.2963
21 3 -10.4622
21 4 -10.7513
21 5 -11.0707
21 6 -11.4034
21 7 -11.7348
21 8 -12.0556
21 9 -12.3628
21 10 -12.6633
21 11 -12.9725
21 12 -13.2638
21 13 -13.5695
21 14 -13.8507
21 15 -14.1111
21 16 -14.3806
21 17 -14.642
21 18 -14.9003
21 19 -15.1484
21 20 -15.392
21 21 -15.6135
21 22 -15.8372
21 23 -16.0521
21 24 -16.2593
21 25 -16.4554
21 26 -16.6505
21 27 -16.8259
21 28 -17.0015
21 29 -17.1691
21 30 -17.33
21 31 -17.4944
21 32 -17.6421
21 33 -17.7893
21 34 -17.9277
21 35 -18.0576
21 36 -18.18
21 37 -18.2987
21 38 -18.4133
21 39 -18.5195
21 40 -18.6277
22 -10 -10.4971
22 -9 -10.4929
22 -8 -10.4576
22 -7 -10.435
22 -6 -10.4084
22 -5 -10.3791
22 -4 -10.383
22 -3 -10.3736
22 -2 -10.2962
22 -1 -10.2829
22 0 -10.2635
22 1 -10.2618
22 2 -10.3008
22 3 -10.5066
22 4 -10.7741
22 5 -11.0985
22 6 -11.4303
22 7 -11.7548
22 8 -12.083
22 9 -12.3945
22 10 -12.7071
22 11 -13.0074
22 12 -13.3029
22 13 -13.5917
22 14 -13.8638
22 15 -14.1314
22 16 -14.3996
22 17 -14.6604
22 18 -14.9134
22 19 -15.1692
22 20 -15.4104
22 21 -15.6373
22 22 -15.8541
22 23 -16.0627
22 24 -16.2644
22 25 -16.4634
22 26 -16.65
22 27 -16.8453
22 28 -17.0165
22 29 -17.1843
22 30 -17.3481
22 31 -17.5036
22 32 -17.653
22 33 -17.7937
22 34 -17.9273
22 35 -18.0578
22 36 -18.1835
22 37 -18.3043
22 38 -18.4206
22 39 -18.533
22 40 -18.6447
23 -10 -10.5014
23 -9 -10.4888
23 -8 -10.4729
23 -7 -10.4447
23 -6 -10.4372
23 -5 -10.4236
23 -4 -10.4083
23 -3 -10.3822
23 -2 -10.3256
23 -1 -10.2981
23 0 -10.2797
23 1 -10.2805
23 2 -10.3294
23 3 -10.5173
23 4 -10.805
23 5 -11.1165
23 6 -11.4442
23 7 -11.7689
23 8 -12.1018
23 9 -12.4229
23 10 -12.7316
23 11 -13.0308
23 12 -13.3243
23 13 -13.6012
23 14 -13.8701
23 15 -14.1405
23 16 -14.4047
23 17 -14.6643
23 18 -14.9292
23 19 -15.176
23 20 -15.4225
23 21 -15.6408
23 22 -15.8594
23 23 -16.0719
23 24 -16.2775
23 25 -16.4745
23 26 -16.6635
23 27 -16.8411
23 28 -17.0268
23 29 -17.1961
23 30 -17.3569
23 31 -17.5098
23 32 -17.6648
23 33 -17.8022
23 34 -17.9397
23 35 -18.0781
23 36 -18.1984
23 37 -18.3143
23 38 -18.431
23 39 -18.5419
23 40 -18.6517
24 -10 -10.509
24 -9 -10.5031
24 -8 -10.4775
24 -7 -10.4517
24 -6 -10.4435
24 -5 -10.4571
24 -4 -10.4367
24 -3 -10.4086
24 -2 -10.3615
24 -1 -10.3079
24 0 -10.3051
24 1 -10.2962
24 2 -10.3437
24 3 -10.5416
24 4 -10.8205
24 5 -11.1234
24 6 -11.4403
24 7 -11.7781
24 8 -12.1001
24 9 -12.4257
24 10 -12.7472
24 11 -13.0458
24 12 -13.3287
24 13 -13.618
24 14 -13.8933
24 15 -14.1646
24 16 -14.424
24 17 -14.6831
24 18 -14.9347
24 19 -15.184
24 20 -15.4331
24 21 -15.658
24 22 -15.8816
24 23 -16.0877
24 24 -16.2819
24 25 -16.4792
24 26 -16.6662
24 27 -16.8499
24 28 -17.0275
24 29 -17.1992
24 30 -17.3716
24 31 -17.5284
24 32 -17.6776
24 33 -17.8233
24 34 -17.9566
24 35 -18.0887
24 36 -18.214
24 37 -18.3232
24 38 -18.443
24 39 -18.5556
24 40 -18.6654
25 -10 -10.5327
25 -9 -10.5246
25 -8 -10.5048
25 -7 -10.4737
25 -6 -10.4648
25 -5 -10.4766
25 -4 -10.4581
25 -3 -10.4259
25 -2 -10.3763
25 -1 -10.3244
25 0 -10.3216
25 1 -10.3171
25 2 -10.34
25 3 -10.549
25 4 -10.8236
25 5 -11.1344
25 6 -11.4548
25 7 -11.7877
25 8 -12.1225
25 9 -12.4409
25 10 -12.7617
25 11 -13.0587
25 12 -13.3477
25 13 -13.6323
25 14 -13.9094
25 15 -14.1716
25 16 -14.4453
25 17 -14.6956
25 18 -14.9476
25 19 -15.205
25 20 -15.4544
25 21 -15.6764
25 22 -15.8946
25 23 -16.095
25 24 -16.2977
25 25 -16.4898
25 26 -16.6778
25 27 -16.8671
25 28 -17.0409
25 29 -17.2159
25 30 -17.3867
25 31 -17.55
25 32 -17.7014
25 33 -17.8449
25 34 -17.9846
25 35 -18.1145
25 36 -18.2336
25 37 -18.3476
25 38 -18.4621
25 39 -18.5722
25 40 -18.6809
26 -10 -10.5671
26 -9 -10.5512
26 -8 -10.5079
26 -7 -10.4914
26 -6 -10.4662
26 -5 -10.4801
26 -4 -10.454
26 -3 -10.4477
26 -2 -10.3976
26 -1 -10.3479
26 0 -10.3308
26 1 -10.3298
26 2 -10.3613
26 3 -10.554
26 4 -10.8341
26 5 -11.1445
26 6 -11.469
26 7 -11.8082
26 8 -12.1292
26 9 -12.4663
26 10 -12.7902
26 11 -13.0823
26 12 -13.3746
26 13 -13.6521
26 14 -13.919
26 15 -14.1849
26 16 -14.4534
26 17 -14.7162
26 18 -14.9752
26 19 -15.2315
26 20 -15.4738
26 21 -15.6987
26 22 -15.9049
26 23 -16.1088
26 24 -16.3116
26 25 -16.5051
26 26 -16.691
26 27 -16.8857
26 28 -17.0649
26 29 -17.2453
26 30 -17.4126
26 31 -17.5725
26 32 -17.7231
26 33 -17.8692
26 34 -18.0069
26 35 -18.1353
26 36 -18.2571
26 37 -18.368
26 38 -18.4777
26 39 -18.5895
26 40 -18.6854
27 -10 -10.5711
27 -9 -10.5602
27 -8 -10.5324
27 -7 -10.5069
27 -6 -10.4798
27 -5 -10.477
27 -4 -10.47
27 -3 -10.4622
27 -2 -10.4023
27 -1 -10.3718
27 0 -10.3564
27 1 -10.3492
27 2 -10.3725
27 3 -10.5725
27 4 -10.8579
27 5 -11.1701
27 6 -11.492
27 7 -11.8183
27 8 -12.1591
27 9 -12.4855
27 10 -12.7872
27 11 -13.0874
27 12 -13.3806
27 13 -13.6616
27 14 -13.9408
27 15 -14.207
27 16 -14.4743
27 17 -14.7412
27 18 -15.0087
27 19 -15.2542
27 20 -15.4934
27 21 -15.7212
27 22 -15.9309
27 23 -16.1341
27 24 -16.3398
27 25 -16.5351
27 26 -16.7227
27 27 -16.906
27 28 -17.094
27 29 -17.2704
27 30 -17.4291
27 31 -17.5888
27 32 -17.7424
27 33 -17.8858
27 34 -18.0225
27 35 -18.1486
27 36 -18.2783
27 37 -18.3898
27 38 -18.4989
27 39 -18.6047
27 40 -18.7083
28 -10 -10.5639
28 -9 -10.5646
28 -8 -10.5363
28 -7 -10.5091
28 -6 -10.4877
28 -5 -10.4774
28 -4 -10.4815
28 -3 -10.4653
28 -2 -10.4105
28 -1 -10.3991
28 0 -10.384
28 1 -10.3516
28 2 -10.4066
28 3 -10.598
28 4 -10.8676
28 5 -11.1861
28 6 -11.5244
28 7 -11.8512
28 8 -12.1729
28 9 -12.4996
28 10 -12.8036
28 11 -13.1107
28 12 -13.4005
28 13 -13.6874
28 14 -13.9664
28 15 -14.2449
28 16 -14.5154
28 17 -14.7741
28 18 -15.0235
28 19 -15.2768
28 20 -15.5123
28 21 -15.7398
28 22 -15.9494
28 23 -16.1538
28 24 -16.3543
28 25 -16.547
28 26 -16.7412
28 27 -16.9295
28 28 -17.1084
28 29 -17.2809
28 30 -17.4486
28 31 -17.6027
28 32 -17.7561
28 33 -17.8997
28 34 -18.0423
28 35 -18.169
28 36 -18.2918
28 37 -18.4116
28 38 -18.5254
28 39 -18.6309
28 40 -18.7331
29 -10 -10.5778
29 -9 -10.5684
29 -8 -10.5511
29 -7 -10.5365
29 -6 -10.5073
29 -5 -10.4845
29 -4 -10.4827
29 -3 -10.4634
29 -2 -10.4155
29 -1 -10.4146
29 0 -10.3922
29 1 -10.3697
29 2 -10.423
29 3 -10.6202
29 4 -10.9057
29 5 -11.2162
29 6 -11.5426
29 7 -11.8708
29 8 -12.1992
29 9 -12.5126
29 10 -12.827
29 11 -13.122
29 12 -13.4327
29 13 -13.708
29 14 -13.9943
29 15 -14.2725
29 16 -14.5404
29 17 -14.789
29 18 -15.0326
29 19 -15.2859
29 20 -15.5171
29 21 -15.7486
29 22 -15.9562
29 23 -16.1631
29 24 -16.3616
29 25 -16.5611
29 26 -16.7595
29 27 -16.9466
29 28 -17.1205
29 29 -17.2906
29 30 -17.4528
29 31 -17.6152
29 32 -17.769
29 33 -17.9068
29 34 -18.0454
29 35 -18.1729
29 36 -18.2986
29 37 -18.4198
29 38 -18.533
29 39 -18.6371
29 40 -18.748
30 -10 -10.5712
30 -9 -10.5755
30 -8 -10.5557
30 -7 -10.5421
30 -6 -10.5196
30 -5 -10.4945
30 -4 -10.493
30 -3 -10.4837
30 -2 -10.4252
30 -1 -10.4224
30 0 -10.3922
30 1 -10.3801
30 2 -10.4319
30 3 -10.6375
30 4 -10.9194
30 5 -11.2364
30 6 -11.5646
30 7 -11.8857
30 8 -12.2054
30 9 -12.5211
30 10 -12.8337
30 11 -13.1315
30 12 -13.4399
30 13 -13.7277
30 14 -14.0032
30 15 -14.2741
30 16 -14.5323
30 17 -14.7935
30 18 -15.0428
30 19 -15.2869
30 20 -15.5258
30 21 -15.7526
30 22 -15.9655
30 23 -16.171
30 24 -16.3669
30 25 -16.5658
30 26 -16.7604
30 27 -16.9422
30 28 -17.117
30 29 -17.2873
30 30 -17.4533
30 31 -17.6081
30 32 -17.7693
30 33 -17.9103
30 34 -18.0475
30 35 -18.178
30 36 -18.2977
30 37 -18.414
30 38 -18.5309
30 39 -18.6417
30 40 -18.7462
31 -10 -10.5717
31 -9 -10.5701
31 -8 -10.5501
31 -7 -10.5424
31 -6 -10.5432
31 -5 -10.511
31 -4 -10.5101
31 -3 -10.501
31 -2 -10.4433
31 -1 -10.4263
31 0 -10.4119
31 1 -10.3878
31 2 -10.4461
31 3 -10.6459
31 4 -10.9199
31 5 -11.2327
31 6 -11.5641
31 7 -11.8967
31 8 -12.2057
31 9 -12.5261
31 10 -12.8343
31 11 -13.139
31 12 -13.4416
31 13 -13.7419
31 14 -14.0248
31 15 -14.2924
31 16 -14.5471
31 17 -14.7987
31 18 -15.0463
31 19 -15.2986
31 20 -15.53
31 21 -15.7538
31 22 -15.9762
31 23 -16.1795
31 24 -16.383
31 25 -16.5782
31 26 -16.7734
31 27 -16.9491
31 28 -17.1303
31 29 -17.2948
31 30 -17.46
31 31 -17.6156
31 32 -17.7685
31 33 -17.9078
31 34 -18.0462
31 35 -18.1776
31 36 -18.3032
31 37 -18.4194
31 38 -18.5346
31 39 -18.6466
31 40 -18.7515
32 -10 -10.5624
32 -9 -10.5689
32 -8 -10.549
32 -7 -10.5503
32 -6 -10.5495
32 -5 -10.5309
32 -4 -10.5339
32 -3 -10.5062
32 -2 -10.4538
32 -1 -10.4358
32 0 -10.4157
32 1 -10.3943
32 2 -10.4394
32 3 -10.6544
32 4 -10.9282
32 5 -11.249
32 6 -11.5684
32 7 -11.8938
32 8 -12.2141
32 9 -12.5269
32 10 -12.8355
32 11 -13.1474
32 12 -13.4492
32 13 -13.7474
32 14 -14.0234
32 15 -14.2892
32 16 -14.5578
32 17 -14.8102
32 18 -15.0583
32 19 -15.2955
32 20 -15.5381
32 21 -15.7633
32 22 -15.9842
32 23 -16.1936
32 24 -16.3923
32 25 -16.5892
32 26 -16.7759
32 27 -16.958
32 28 -17.1336
32 29 -17.3
32 30 -17.4611
32 31 -17.6159
32 32 -17.767
32 33 -17.9118
32 34 -18.0508
32 35 -18.1803
32 36 -18.3041
32 37 -18.4179
32 38 -18.5258
32 39 -18.6359
32 40 -18.7466
33 -10 -10.5648
33 -9 -10.588
33 -8 -10.5551
33 -7 -10.5489
33 -6 -10.5489
33 -5 -10.5211
33 -4 -10.5423
33 -3 -10.5284
33 -2 -10.4745
33 -1 -10.4495
33 0 -10.4304
33 1 -10.4042
33 2 -10.4534
33 3 -10.6588
33 4 -10.934
33 5 -11.249
33 6 -11.5775
33 7 -11.9047
33 8 -12.226
33 9 -12.539
33 10 -12.8455
33 11 -13.1584
33 12 -13.4641
33 13 -13.76
33 14 -14.0388
33 15 -14.3136
33 16 -14.5698
33 17 -14.822
33 18 -15.0687
33 19 -15.3071
33 20 -15.5577
33 21 -15.7841
33 22 -15.9994
33 23 -16.2154
33 24 -16.4126
33 25 -16.6071
33 26 -16.7835
33 27 -16.965
33 28 -17.1387
33 29 -17.3012
33 30 -17.4658
33 31 -17.6236
33 32 -17.7782
33 33 -17.9159
33 34 -18.0513
33 35 -18.1808
33 36 -18.3041
33 37 -18.4185
33 38 -18.5308
33 39 -18.645
33 40 -18.7472
34 -10 -10.5736
34 -9 -10.5709
34 -8 -10.5487
34 -7 -10.5396
34 -6 -10.5347
34 -5 -10.5231
34 -4 -10.5395
34 -3 -10.521
34 -2 -10.497
34 -1 -10.4638
34 0 -10.4298
34 1 -10.4139
34 2 -10.4702
34 3 -10.658
34 4 -10.9484
34 5 -11.2696
34 6 -11.5968
34 7 -11.9198
34 8 -12.2354
34 9 -12.5497
34 10 -12.8615
34 11 -13.1646
34 12 -13.4843
34 13 -13.766
34 14 -14.0453
34 15 -14.314
34 16 -14.5847
34 17 -14.8294
34 18 -15.0758
34 19 -15.3256
34 20 -15.5662
34 21 -15.7917
34 22 -16.0171
34 23 -16.2315
34 24 -16.4245
34 25 -16.6109
34 26 -16.799
34 27 -16.9754
34 28 -17.1488
34 29 -17.3184
34 30 -17.4758
34 31 -17.6315
34 32 -17.7863
34 33 -17.929
34 34 -18.0652
34 35 -18.189
34 36 -18.3151
34 37 -18.4278
34 38 -18.5374
34 39 -18.6458
34 40 -18.754
35 -10 -10.571
35 -9 -10.5608
35 -8 -10.5435
35 -7 -10.5355
35 -6 -10.5203
35 -5 -10.5177
35 -4 -10.5266
35 -3 -10.5142
35 -2 -10.5061
35 -1 -10.4899
35 0 -10.4506
35 1 -10.4353
35 2 -10.4815
35 3 -10.6781
35 4 -10.9575
35 5 -11.285
35 6 -11.6015
35 7 -11.93
35 8 -12.2461
35 9 -12.5657
35 10 -12.8819
35 11 -13.1932
35 12 -13.4804
35 13 -13.761
35 14 -14.0373
35 15 -14.3127
35 16 -14.5776
35 17 -14.8406
35 18 -15.09
35 19 -15.3392
35 20 -15.576
35 21 -15.8046
35 22 -16.0173
35 23 -16.2311
35 24 -16.4261
35 25 -16.6161
35 26 -16.7988
35 27 -16.9783
35 28 -17.1519
35 29 -17.3181
35 30 -17.485
35 31 -17.6413
35 32 -17.8026
35 33 -17.941
35 34 -18.084
35 35 -18.207
35 36 -18.3277
35 37 -18.4427
35 38 -18.5473
35 39 -18.655
35 40 -18.7643
36 -10 -10.5681
36 -9 -10.5575
36 -8 -10.5417
36 -7 -10.5234
36 -6 -10.5062
36 -5 -10.5229
36 -4 -10.5332
36 -3 -10.5197
36 -2 -10.4948
36 -1 -10.4767
36 0 -10.4448
36 1 -10.4432
36 2 -10.4978
36 3 -10.7023
36 4 -10.9728
36 5 -11.3007
36 6 -11.6205
36 7 -11.9445
36 8 -12.2538
36 9 -12.5841
36 10 -12.8925
36 11 -13.1921
36 12 -13.4825
36 13 -13.7589
36 14 -14.0414
36 15 -14.3161
36 16 -14.5811
36 17 -14.8457
36 18 -15.0993
36 19 -15.3547
36 20 -15.5916
36 21 -15.815
36 22 -16.0249
36 23 -16.233
36 24 -16.4304
36 25 -16.6194
36 26 -16.8043
36 27 -16.9868
36 28 -17.1568
36 29 -17.3238
36 30 -17.4851
36 31 -17.6489
36 32 -17.7982
36 33 -17.9465
36 34 -18.0851
36 35 -18.2182
36 36 -18.3358
36 37 -18.455
36 38 -18.5685
36 39 -18.6736
36 40 -18.7788
37 -10 -10.5616
37 -9 -10.5492
37 -8 -10.5425
37 -7 -10.5176
37 -6 -10.5121
37 -5 -10.513
37 -4 -10.5402
37 -3 -10.503
37 -2 -10.4887
37 -1 -10.4735
37 0 -10.4555
37 1 -10.4586
37 2 -10.5106
37 3 -10.7009
37 4 -10.9792
37 5 -11.3024
37 6 -11.6291
37 7 -11.9577
37 8 -12.2806
37 9 -12.5817
37 10 -12.8971
37 11 -13.193
37 12 -13.4813
37 13 -13.7608
37 14 -14.0473
37 15 -14.3123
37 16 -14.5885
37 17 -14.8517
37 18 -15.1039
37 19 -15.3586
37 20 -15.5804
37 21 -15.8067
37 22 -16.0173
37 23 -16.2247
37 24 -16.4255
37 25 -16.62
37 26 -16.8046
37 27 -16.9804
37 28 -17.1595
37 29 -17.3269
37 30 -17.4904
37 31 -17.6474
37 32 -17.8028
37 33 -17.9432
37 34 -18.0864
37 35 -18.2128
37 36 -18.3376
37 37 -18.4591
37 38 -18.5668
37 39 -18.6815
37 40 -18.7915
38 -10 -10.5614
38 -9 -10.55
38 -8 -10.5403
38 -7 -10.5253
38 -6 -10.5105
38 -5 -10.5222
38 -4 -10.5374
38 -3 -10.5077
38 -2 -10.4855
38 -1 -10.4723
38 0 -10.4512
38 1 -10.4757
38 2 -10.5126
38 3 -10.7071
38 4 -10.983
38 5 -11.3012
38 6 -11.6325
38 7 -11.9533
38 8 -12.2736
38 9 -12.595
38 10 -12.9026
38 11 -13.1919
38 12 -13.4757
38 13 -13.7578
38 14 -14.0399
38 15 -14.3082
38 16 -14.5797
38 17 -14.8441
38 18 -15.0991
38 19 -15.3529
38 20 -15.5857
38 21 -15.8113
38 22 -16.0241
38 23 -16.227
38 24 -16.4252
38 25 -16.6192
38 26 -16.8149
38 27 -16.9877
38 28 -17.1637
38 29 -17.3298
38 30 -17.494
38 31 -17.6475
38 32 -17.8009
38 33 -17.9461
38 34 -18.0838
38 35 -18.2159
38 36 -18.3387
38 37 -18.4597
38 38 -18.5692
38 39 -18.682
38 40 -18.7945
39 -10 -10.5683
39 -9 -10.5465
39 -8 -10.5329
39 -7 -10.5275
39 -6 -10.5134
39 -5 -10.5132
39 -4 -10.5334
39 -3 -10.5176
39 -2 -10.4912
39 -1 -10.4809
39 0 -10.4463
39 1 -10.4614
39 2 -10.5085
39 3 -10.7106
39 4 -10.9913
39 5 -11.3009
39 6 -11.6262
39 7 -11.9597
39 8 -12.277
39 9 -12.5982
39 10 -12.9042
39 11 -13.1923
39 12 -13.4842
39 13 -13.765
39 14 -14.0362
39 15 -14.3117
39 16 -14.5718
39 17 -14.8388
39 18 -15.0915
39 19 -15.3372
39 20 -15.5731
39 21 -15.809
39 22 -16.0244
39 23 -16.2359
39 24 -16.426
39 25 -16.615
39 26 -16.8066
39 27 -16.9865
39 28 -17.1622
39 29 -17.3295
39 30 -17.4916
39 31 -17.6493
39 32 -17.8011
39 33 -17.9487
39 34 -18.0814
39 35 -18.2052
39 36 -18.3285
39 37 -18.4463
39 38 -18.563
39 39 -18.6776
39 40 -18.7897
40 -10 -10.564
40 -9 -10.556
40 -8 -10.5305
40 -7 -10.5217
40 -6 -10.5074
40 -5 -10.5246
40 -4 -10.538
40 -3 -10.5138
40 -2 -10.4824
40 -1 -10.4751
40 0 -10.4308
40 1 -10.4541
40 2 -10.5076
40 3 -10.7182
40 4 -10.9944
40 5 -11.3086
40 6 -11.6289
40 7 -11.9586
40 8 -12.2803
40 9 -12.5899
40 10 -12.8903
40 11 -13.1935
40 12 -13.4764
40 13 -13.762
40 14 -14.0353
40 15 -14.3065
40 16 -14.5755
40 17 -14.8345
40 18 -15.0893
40 19 -15.3287
40 20 -15.5637
40 21 -15.8035
40 22 -16.0233
40 23 -16.2269
40 24 -16.4242
40 25 -16.6166
40 26 -16.8074
40 27 -16.9894
40 28 -17.1626
40 29 -17.3303
40 30 -17.4952
40 31 -17.6489
40 32 -17.7987
40 33 -17.944
40 34 -18.0772
40 35 -18.2007
40 36 -18.3291
40 37 -18.4429
40 38 -18.5542
40 39 -18.6708
40 40 -18.7804
