-10 -10 -9.40685
-10 -9 -9.40535
-10 -8 -9.38485
-10 -7 -9.36727
-10 -6 -9.33309
-10 -5 -9.29661
-10 -4 -9.29907
-10 -3 -9.23536
-10 -2 -9.24778
-10 -1 -9.23397
-10 0 -9.21257
-10 1 -9.19321
-10 2 -9.19788
-10 3 -9.36937
-10 4 -9.63853
-10 5 -9.95205
-10 6 -10.2503
-10 7 -10.6154
-10 8 -10.9369
-10 9 -11.2251
-10 10 -11.5937
-10 11 -11.8536
-10 12 -12.1465
-10 13 -12.4133
-10 14 -12.7369
-10 15 -12.992
-10 16 -13.2552
-10 17 -13.5023
-10 18 -13.7448
-10 19 -14.0032
-10 20 -14.2256
-10 21 -14.4605
-10 22 -14.6782
-10 23 -14.9025
-10 24 -15.0923
-10 25 -15.3182
-10 26 -15.5026
-10 27 -15.7085
-10 28 -15.8778
-10 29 -16.0787
-10 30 -16.2715
-10 31 -16.4476
-10 32 -16.6376
-10 33 -16.8007
-10 34 -16.9535
-10 35 -17.1417
-10 36 -17.2757
-10 37 -17.432
-10 38 -17.5744
-10 39 -17.7389
-10 40 -17.8845
-9 -10 -9.39994
-9 -9 -9.36257
-9 -8 -9.40153
-9 -7 -9.32145
-9 -6 -9.34381
-9 -5 -9.30285
-9 -4 -9.29356
-9 -3 -9.24852
-9 -2 -9.18628
-9 -1 -9.20636
-9 0 -9.16063
-9 1 -9.15934
-9 2 -9.1974
-9 3 -9.34568
-9 4 -9.60076
-9 5 -9.9112
-9 6 -10.2734
-9 7 -10.5509
-9 8 -10.8455
-9 9 -11.2008
-9 10 -11.5376
-9 11 -11.8119
-9 12 -12.1176
-9 13 -12.3953
-9 14 -12.6875
-9 15 -12.9519
-9 16 -13.2347
-9 17 -13.4676
-9 18 -13.7105
-9 19 -13.9515
-9 20 -14.1657
-9 21 -14.4206
-9 22 -14.6643
-9 23 -14.8749
-9 24 -15.0592
-9 25 -15.2925
-9 26 -15.5067
-9 27 -15.7059
-9 28 -15.8669
-9 29 -16.0454
-9 30 -16.2304
-9 31 -16.4498
-9 32 -16.5946
-9 33 -16.7578
-9 34 -16.9369
-9 35 -17.0952
-9 36 -17.254
-9 37 -17.4168
-9 38 -17.5705
-9 39 -17.7165
-9 40 -17.8167
-8 -10 -9.36432
-8 -9 -9.363
-8 -8 -9.32853
-8 -7 -9.32155
-8 -6 -9.29754
-8 -5 -9.24952
-8 -4 -9.21856
-8 -3 -9.23013
-8 -2 -9.19441
-8 -1 -9.20795
-8 0 -9.14052
-8 1 -9.15507
-8 2 -9.11328
-8 3 -9.32274
-8 4 -9.52538
-8 5 -9.88896
-8 6 -10.1941
-8 7 -10.5455
-8 8 -10.8502
-8 9 -11.1711
-8 10 -11.4968
-8 11 -11.7413
-8 12 -12.0851
-8 13 -12.3868
-8 14 -12.6867
-8 15 -12.9279
-8 16 -13.2169
-8 17 -13.4617
-8 18 -13.6879
-8 19 -13.9333
-8 20 -14.2016
-8 21 -14.4163
-8 22 -14.654
-8 23 -14.8535
-8 24 -15.0616
-8 25 -15.2323
-8 26 -15.4837
-8 27 -15.6713
-8 28 -15.8621
-8 29 -16.0601
-8 30 -16.2156
-8 31 -16.3895
-8 32 -16.5818
-8 33 -16.7434
-8 34 -16.9161
-8 35 -17.0935
-8 36 -17.252
-8 37 -17.3659
-8 38 -17.5408
-8 39 -17.6713
-8 40 -17.8284
-7 -10 -9.34803
-7 -9 -9.32183
-7 -8 -9.34188
-7 -7 -9.3004
-7 -6 -9.2636
-7 -5 -9.25682
-7 -4 -9.25025
-7 -3 -9.23378
-7 -2 -9.18835
-7 -1 -9.16755
-7 0 -9.10601
-7 1 -9.11829
-7 2 -9.0844
-7 3 -9.28226
-7 4 -9.50345
-7 5 -9.84048
-7 6 -10.1598
-7 7 -10.4926
-7 8 -10.8195
-7 9 -11.1217
-7 10 -11.4856
-7 11 -11.8025
-7 12 -12.0406
-7 13 -12.3136
-7 14 -12.6349
-7 15 -12.8958
-7 16 -13.1465
-7 17 -13.4221
-7 18 -13.6274
-7 19 -13.9077
-7 20 -14.1329
-7 21 -14.3924
-7 22 -14.6299
-7 23 -14.8239
-7 24 -15.0448
-7 25 -15.2342
-7 26 -15.419
-7 27 -15.649
-7 28 -15.8483
-7 29 -16.0363
-7 30 -16.2123
-7 31 -16.3797
-7 32 -16.5448
-7 33 -16.7172
-7 34 -16.911
-7 35 -17.0676
-7 36 -17.1959
-7 37 -17.358
-7 38 -17.514
-7 39 -17.6511
-7 40 -17.7894
-6 -10 -9.31718
-6 -9 -9.31496
-6 -8 -9.29752
-6 -7 -9.29436
-6 -6 -9.2322
-6 -5 -9.24791
-6 -4 -9.21912
-6 -3 -9.22563
-6 -2 -9.16605
-6 -1 -9.12277
-6 0 -9.07724
-6 1 -9.03116
-6 2 -9.0904
-6 3 -9.2302
-6 4 -9.50695
-6 5 -9.79265
-6 6 -10.1693
-6 7 -10.4987
-6 8 -10.7912
-6 9 -11.1574
-6 10 -11.4143
-6 11 -11.7298
-6 12 -12.0344
-6 13 -12.3104
-6 14 -12.5902
-6 15 -12.8249
-6 16 -13.1165
-6 17 -13.3566
-6 18 -13.5886
-6 19 -13.8907
-6 20 -14.1165
-6 21 -14.3497
-6 22 -14.5761
-6 23 -14.8024
-6 24 -14.9921
-6 25 -15.229
-6 26 -15.4091
-6 27 -15.6232
-6 28 -15.8401
-6 29 -16.0104
-6 30 -16.164
-6 31 -16.3635
-6 32 -16.5439
-6 33 -16.6832
-6 34 -16.8505
-6 35 -17.0203
-6 36 -17.2071
-6 37 -17.3047
-6 38 -17.5031
-6 39 -17.6355
-6 40 -17.7617
-5 -10 -9.33364
-5 -9 -9.34127
-5 -8 -9.31872
-5 -7 -9.25276
-5 -6 -9.26806
-5 -5 -9.23812
-5 -4 -9.15873
-5 -3 -9.14488
-5 -2 -9.13241
-5 -1 -9.10197
-5 0 -9.06038
-5 1 -9.03268
-5 2 -9.06959
-5 3 -9.23184
-5 4 -9.52379
-5 5 -9.81491
-5 6 -10.144
-5 7 -10.4681
-5 8 -10.7788
-5 9 -11.0965
-5 10 -11.4365
-5 11 -11.718
-5 12 -12.005
-5 13 -12.2959
-5 14 -12.5482
-5 15 -12.8456
-5 16 -13.099
-5 17 -13.3671
-5 18 -13.6106
-5 19 -13.8651
-5 20 -14.1153
-5 21 -14.2932
-5 22 -14.5255
-5 23 -14.8074
-5 24 -14.9884
-5 25 -15.177
-5 26 -15.3905
-5 27 -15.5979
-5 28 -15.7852
-5 29 -15.9705
-5 30 -16.1377
-5 31 -16.3571
-5 32 -16.4975
-5 33 -16.6773
-5 34 -16.869
-5 35 -17.0365
-5 36 -17.1609
-5 37 -17.3092
-5 38 -17.4654
-5 39 -17.6313
-5 40 -17.7694
-4 -10 -9.3012
-4 -9 -9.29232
-4 -8 -9.29596
-4 -7 -9.24293
-4 -6 -9.22371
-4 -5 -9.21522
-4 -4 -9.1614
-4 -3 -9.16717
-4 -2 -9.08223
-4 -1 -9.04974
-4 0 -9.05892
-4 1 -8.99995
-4 2 -9.02208
-4 3 -9.21031
-4 4 -9.46815
-4 5 -9.76084
-4 6 -10.0965
-4 7 -10.4221
-4 8 -10.7296
-4 9 -11.0959
-4 10 -11.4025
-4 11 -11.6902
-4 12 -11.9683
-4 13 -12.2489
-4 14 -12.5531
-4 15 -12.826
-4 16 -13.1098
-4 17 -13.379
-4 18 -13.5636
-4 19 -13.8662
-4 20 -14.0924
-4 21 -14.3227
-4 22 -14.5687
-4 23 -14.7662
-4 24 -14.9725
-4 25 -15.1825
-4 26 -15.3955
-4 27 -15.5845
-4 28 -15.7453
-4 29 -15.9627
-4 30 -16.1366
-4 31 -16.3518
-4 32 -16.4883
-4 33 -16.6401
-4 34 -16.8491
-4 35 -16.9873
-4 36 -17.1489
-4 37 -17.2682
-4 38 -17.4666
-4 39 -17.6103
-4 40 -17.7288
-3 -10 -9.33037
-3 -9 -9.28671
-3 -8 -9.27737
-3 -7 -9.27801
-3 -6 -9.2447
-3 -5 -9.2129
-3 -4 -9.16859
-3 -3 -9.13293
-3 -2 -9.09888
-3 -1 -9.06634
-3 0 -9.01275
-3 1 -9.00757
-3 2 -9.02837
-3 3 -9.16529
-3 4 -9.43296
-3 5 -9.72363
-3 6 -10.0511
-3 7 -10.3945
-3 8 -10.7249
-3 9 -11.0825
-3 10 -11.3688
-3 11 -11.6954
-3 12 -11.981
-3 13 -12.2592
-3 14 -12.514
-3 15 -12.7642
-3 16 -13.0673
-3 17 -13.3536
-3 18 -13.594
-3 19 -13.8312
-3 20 -14.091
-3 21 -14.281
-3 22 -14.5578
-3 23 -14.7455
-3 24 -14.9596
-3 25 -15.2068
-3 26 -15.368
-3 27 -15.5689
-3 28 -15.7921
-3 29 -15.9477
-3 30 -16.1426
-3 31 -16.319
-3 32 -16.5223
-3 33 -16.6434
-3 34 -16.8283
-3 35 -17.0042
-3 36 -17.1524
-3 37 -17.2992
-3 38 -17.4174
-3 39 -17.5896
-3 40 -17.7292
-2 -10 -9.31713
-2 -9 -9.2723
-2 -8 -9.25346
-2 -7 -9.23833
-2 -6 -9.20281
-2 -5 -9.19321
-2 -4 -9.11168
-2 -3 -9.09331
-2 -2 -9.08482
-2 -1 -9.10656
-2 0 -9.03301
-2 1 -8.97605
-2 2 -8.99474
-2 3 -9.13948
-2 4 -9.40488
-2 5 -9.67012
-2 6 -10.0428
-2 7 -10.3827
-2 8 -10.6983
-2 9 -11.0683
-2 10 -11.3676
-2 11 -11.6808
-2 12 -11.97
-2 13 -12.2113
-2 14 -12.5336
-2 15 -12.8332
-2 16 -13.1122
-2 17 -13.3243
-2 18 -13.5993
-2 19 -13.8138
-2 20 -14.0439
-2 21 -14.2951
-2 22 -14.5281
-2 23 -14.7239
-2 24 -14.996
-2 25 -15.1486
-2 26 -15.3744
-2 27 -15.5579
-2 28 -15.7398
-2 29 -15.95
-2 30 -16.1425
-2 31 -16.3251
-2 32 -16.4912
-2 33 -16.6341
-2 34 -16.8264
-2 35 -16.9911
-2 36 -17.1684
-2 37 -17.3062
-2 38 -17.4533
-2 39 -17.5595
-2 40 -17.7278
-1 -10 -9.27549
-1 -9 -9.31523
-1 -8 -9.25614
-1 -7 -9.2384
-1 -6 -9.23809
-1 -5 -9.19918
-1 -4 -9.1536
-1 -3 -9.15595
-1 -2 -9.08981
-1 -1 -9.0586
-1 0 -9.0283
-1 1 -8.97534
-1 2 -8.994
-1 3 -9.1355
-1 4 -9.41272
-1 5 -9.78793
-1 6 -10.0498
-1 7 -10.3588
-1 8 -10.72
-1 9 -11.037
-1 10 -11.3581
-1 11 -11.6652
-1 12 -11.9962
-1 13 -12.2381
-1 14 -12.5325
-1 15 -12.8146
-1 16 -13.0768
-1 17 -13.3224
-1 18 -13.5546
-1 19 -13.8126
-1 20 -14.0726
-1 21 -14.3685
-1 22 -14.5005
-1 23 -14.726
-1 24 -14.9528
-1 25 -15.1618
-1 26 -15.3926
-1 27 -15.5619
-1 28 -15.7796
-1 29 -15.9965
-1 30 -16.1234
-1 31 -16.3163
-1 32 -16.4975
-1 33 -16.6589
-1 34 -16.821
-1 35 -17.0058
-1 36 -17.1544
-1 37 -17.3031
-1 38 -17.4706
-1 39 -17.5917
-1 40 -17.7465
0 -10 -9.33993
0 -9 -9.33015
0 -8 -9.28403
0 -7 -9.24246
0 -6 -9.23318
0 -5 -9.21399
0 -4 -9.1926
0 -3 -9.15943
0 -2 -9.09038
0 -1 -9.10145
0 0 -9.04262
0 1 -8.99862
0 2 -8.94454
0 3 -9.16857
0 4 -9.43324
0 5 -9.75613
0 6 -10.06
0 7 -10.3439
0 8 -10.6874
0 9 -11.0322
0 10 -11.3627
0 11 -11.6819
0 12 -11.9683
0 13 -12.2172
0 14 -12.565
0 15 -12.8046
0 16 -13.0947
0 17 -13.2873
0 18 -13.5777
0 19 -13.8297
0 20 -14.1335
0 21 -14.3155
0 22 -14.5317
0 23 -14.7417
0 24 -14.9858
0 25 -15.1734
0 26 -15.3911
0 27 -15.5714
0 28 -15.7739
0 29 -15.986
0 30 -16.1497
0 31 -16.3402
0 32 -16.5391
0 33 -16.6863
0 34 -16.8463
0 35 -17.0323
0 36 -17.2067
0 37 -17.3137
0 38 -17.4602
0 39 -17.641
0 40 -17.7123
1 -10 -9.37476
1 -9 -9.35436
1 -8 -9.32486
1 -7 -9.28593
1 -6 -9.25988
1 -5 -9.18994
1 -4 -9.18279
1 -3 -9.17141
1 -2 -9.15661
1 -1 -9.11803
1 0 -9.04296
1 1 -8.98106
1 2 -9.02118
1 3 -9.17592
1 4 -9.44135
1 5 -9.77863
1 6 -10.1235
1 7 -10.3999
1 8 -10.7087
1 9 -11.0816
1 10 -11.419
1 11 -11.7132
1 12 -11.9825
1 13 -12.2604
1 14 -12.5416
1 15 -12.8432
1 16 -13.0744
1 17 -13.3491
1 18 -13.5926
1 19 -13.8979
1 20 -14.1153
1 21 -14.3353
1 22 -14.5499
1 23 -14.7611
1 24 -14.972
1 25 -15.2074
1 26 -15.4165
1 27 -15.6171
1 28 -15.8059
1 29 -16.0093
1 30 -16.2029
1 31 -16.3845
1 32 -16.5266
1 33 -16.7178
1 34 -16.8568
1 35 -17.0224
1 36 -17.2227
1 37 -17.3744
1 38 -17.532
1 39 -17.6349
1 40 -17.7858
2 -10 -9.39052
2 -9 -9.3955
2 -8 -9.3599
2 -7 -9.3183
2 -6 -9.31854
2 -5 -9.2569
2 -4 -9.24245
2 -3 -9.21985
2 -2 -9.16563
2 -1 -9.13238
2 0 -9.10815
2 1 -9.04187
2 2 -9.04965
2 3 -9.18569
2 4 -9.49012
2 5 -9.75896
2 6 -10.1405
2 7 -10.4416
2 8 -10.7664
2 9 -11.1128
2 10 -11.4518
2 11 -11.7829
2 12 -12.0327
2 13 -12.2979
2 14 -12.5985
2 15 -12.9035
2 16 -13.0869
2 17 -13.4255
2 18 -13.6655
2 19 -13.883
2 20 -14.1686
2 21 -14.4009
2 22 -14.5822
2 23 -14.8276
2 24 -15.0287
2 25 -15.2261
2 26 -15.4924
2 27 -15.6723
2 28 -15.8071
2 29 -16.0615
2 30 -16.2688
2 31 -16.4245
2 32 -16.5508
2 33 -16.7635
2 34 -16.9373
2 35 -17.1006
2 36 -17.2162
2 37 -17.4128
2 38 -17.5978
2 39 -17.681
2 40 -17.8259
3 -10 -9.43958
3 -9 -9.40307
3 -8 -9.40124
3 -7 -9.38469
3 -6 -9.37821
3 -5 -9.30816
3 -4 -9.2523
3 -3 -9.24066
3 -2 -9.20655
3 -1 -9.18306
3 0 -9.12799
3 1 -9.1165
3 2 -9.08608
3 3 -9.24975
3 4 -9.5409
3 5 -9.85912
3 6 -10.1768
3 7 -10.4731
3 8 -10.8671
3 9 -11.1458
3 10 -11.456
3 11 -11.788
3 12 -12.0588
3 13 -12.3632
3 14 -12.6453
3 15 -12.9196
3 16 -13.235
3 17 -13.4429
3 18 -13.6742
3 19 -13.9745
3 20 -14.1814
3 21 -14.3942
3 22 -14.6563
3 23 -14.8887
3 24 -15.0751
3 25 -15.3189
3 26 -15.5028
3 27 -15.7266
3 28 -15.8962
3 29 -16.0926
3 30 -16.2855
3 31 -16.4403
3 32 -16.6358
3 33 -16.7995
3 34 -16.9721
3 35 -17.1176
3 36 -17.2842
3 37 -17.4491
3 38 -17.5983
3 39 -17.7438
3 40 -17.8843
4 -10 -9.48411
4 -9 -9.44407
4 -8 -9.42678
4 -7 -9.43683
4 -6 -9.40568
4 -5 -9.36009
4 -4 -9.35742
4 -3 -9.29703
4 -2 -9.27947
4 -1 -9.25252
4 0 -9.2001
4 1 -9.16961
4 2 -9.13786
4 3 -9.32335
4 4 -9.56596
4 5 -9.91407
4 6 -10.2139
4 7 -10.5251
4 8 -10.8934
4 9 -11.1756
4 10 -11.5238
4 11 -11.8266
4 12 -12.1489
4 13 -12.4239
4 14 -12.6751
4 15 -12.9764
4 16 -13.2702
4 17 -13.5209
4 18 -13.7614
4 19 -14.0162
4 20 -14.2598
4 21 -14.4935
4 22 -14.6927
4 23 -14.9129
4 24 -15.1473
4 25 -15.3526
4 26 -15.5611
4 27 -15.7274
4 28 -15.9441
4 29 -16.1542
4 30 -16.3175
4 31 -16.5064
4 32 -16.6602
4 33 -16.8593
4 34 -17.0304
4 35 -17.161
4 36 -17.3583
4 37 -17.4753
4 38 -17.6205
4 39 -17.78
4 40 -17.9238
5 -10 -9.55212
5 -9 -9.51757
5 -8 -9.47191
5 -7 -9.45241
5 -6 -9.4389
5 -5 -9.41815
5 -4 -9.39389
5 -3 -9.33019
5 -2 -9.3489
5 -1 -9.23797
5 0 -9.25314
5 1 -9.1662
5 2 -9.20535
5 3 -9.35997
5 4 -9.64311
5 5 -9.96338
5 6 -10.2525
5 7 -10.617
5 8 -10.9281
5 9 -11.2676
5 10 -11.5704
5 11 -11.8645
5 12 -12.1368
5 13 -12.4513
5 14 -12.7488
5 15 -13.0193
5 16 -13.2824
5 17 -13.5753
5 18 -13.8061
5 19 -14.0144
5 20 -14.2651
5 21 -14.5321
5 22 -14.7366
5 23 -14.9472
5 24 -15.1938
5 25 -15.3765
5 26 -15.5636
5 27 -15.7959
5 28 -15.9717
5 29 -16.1781
5 30 -16.3738
5 31 -16.5555
5 32 -16.728
5 33 -16.9176
5 34 -17.0809
5 35 -17.2024
5 36 -17.353
5 37 -17.5534
5 38 -17.6531
5 39 -17.8396
5 40 -17.9668
6 -10 -9.59541
6 -9 -9.57163
6 -8 -9.53175
6 -7 -9.51977
6 -6 -9.47436
6 -5 -9.43879
6 -4 -9.44743
6 -3 -9.37481
6 -2 -9.34501
6 -1 -9.31123
6 0 -9.25166
6 1 -9.25175
6 2 -9.22065
6 3 -9.43056
6 4 -9.72347
6 5 -9.94424
6 6 -10.2844
6 7 -10.6463
6 8 -11.017
6 9 -11.3409
6 10 -11.6527
6 11 -11.9417
6 12 -12.2342
6 13 -12.5602
6 14 -12.7863
6 15 -13.0908
6 16 -13.3354
6 17 -13.5603
6 18 -13.8514
6 19 -14.1081
6 20 -14.3464
6 21 -14.5489
6 22 -14.7569
6 23 -15.0411
6 24 -15.2313
6 25 -15.4153
6 26 -15.6262
6 27 -15.8545
6 28 -16.027
6 29 -16.2435
6 30 -16.4069
6 31 -16.6077
6 32 -16.7679
6 33 -16.9382
6 34 -17.116
6 35 -17.2873
6 36 -17.4402
6 37 -17.5543
6 38 -17.7156
6 39 -17.8715
6 40 -18.0354
7 -10 -9.63186
7 -9 -9.58857
7 -8 -9.55121
7 -7 -9.52927
7 -6 -9.51685
7 -5 -9.4882
7 -4 -9.4919
7 -3 -9.43335
7 -2 -9.39428
7 -1 -9.37053
7 0 -9.29426
7 1 -9.26143
7 2 -9.2906
7 3 -9.4389
7 4 -9.71938
7 5 -10.046
7 6 -10.3592
7 7 -10.6762
7 8 -11.0306
7 9 -11.2878
7 10 -11.713
7 11 -11.999
7 12 -12.2548
7 13 -12.5576
7 14 -12.8283
7 15 -13.124
7 16 -13.3812
7 17 -13.6381
7 18 -13.9153
7 19 -14.131
7 20 -14.3687
7 21 -14.6173
7 22 -14.8186
7 23 -15.0541
7 24 -15.2779
7 25 -15.5081
7 26 -15.7042
7 27 -15.8635
7 28 -16.0872
7 29 -16.2626
7 30 -16.4405
7 31 -16.6041
7 32 -16.8091
7 33 -17.0122
7 34 -17.1701
7 35 -17.3323
7 36 -17.4879
7 37 -17.632
7 38 -17.7907
7 39 -17.9438
7 40 -18.0507
8 -10 -9.66675
8 -9 -9.66568
8 -8 -9.65485
8 -7 -9.61002
8 -6 -9.56923
8 -5 -9.56835
8 -4 -9.49973
8 -3 -9.51188
8 -2 -9.43066
8 -1 -9.4019
8 0 -9.36667
8 1 -9.28918
8 2 -9.33735
8 3 -9.48678
8 4 -9.73315
8 5 -10.0741
8 6 -10.4109
8 7 -10.7598
8 8 -11.0683
8 9 -11.4071
8 10 -11.7467
8 11 -12.0098
8 12 -12.3277
8 13 -12.5834
8 14 -12.8951
8 15 -13.1742
8 16 -13.4026
8 17 -13.6847
8 18 -13.9689
8 19 -14.1964
8 20 -14.4337
8 21 -14.6793
8 22 -14.8819
8 23 -15.1046
8 24 -15.328
8 25 -15.541
8 26 -15.7375
8 27 -15.9546
8 28 -16.1029
8 29 -16.319
8 30 -16.5138
8 31 -16.7172
8 32 -16.8389
8 33 -17.0533
8 34 -17.2012
8 35 -17.3692
8 36 -17.5513
8 37 -17.6839
8 38 -17.8207
8 39 -18.0098
8 40 -18.1333
9 -10 -9.72695
9 -9 -9.67569
9 -8 -9.64399
9 -7 -9.60844
9 -6 -9.6149
9 -5 -9.57949
9 -4 -9.54492
9 -3 -9.51072
9 -2 -9.49177
9 -1 -9.4384
9 0 -9.41876
9 1 -9.34624
9 2 -9.41582
9 3 -9.55143
9 4 -9.82129
9 5 -10.1368
9 6 -10.4671
9 7 -10.8472
9 8 -11.088
9 9 -11.4123
9 10 -11.7515
9 11 -12.0333
9 12 -12.3167
9 13 -12.6618
9 14 -12.938
9 15 -13.2143
9 16 -13.4472
9 17 -13.7034
9 18 -13.9949
9 19 -14.2094
9 20 -14.4573
9 21 -14.7216
9 22 -14.9132
9 23 -15.1602
9 24 -15.3617
9 25 -15.581
9 26 -15.7812
9 27 -15.9788
9 28 -16.192
9 29 -16.3566
9 30 -16.5586
9 31 -16.7384
9 32 -16.9077
9 33 -17.0899
9 34 -17.2527
9 35 -17.4104
9 36 -17.5495
9 37 -17.7201
9 38 -17.8761
9 39 -18.0354
9 40 -18.1669
10 -10 -9.74667
10 -9 -9.69831
10 -8 -9.70878
10 -7 -9.6944
10 -6 -9.64864
10 -5 -9.63172
10 -4 -9.58622
10 -3 -9.53349
10 -2 -9.50543
10 -1 -9.50304
10 0 -9.47118
10 1 -9.39745
10 2 -9.40718
10 3 -9.58856
10 4 -9.86655
10 5 -10.1916
10 6 -10.4733
10 7 -10.8181
10 8 -11.1705
10 9 -11.4873
10 10 -11.8111
10 11 -12.1076
10 12 -12.4286
10 13 -12.7215
10 14 -12.9775
10 15 -13.2613
10 16 -13.5759
10 17 -13.7718
10 18 -14.0206
10 19 -14.2789
10 20 -14.4953
10 21 -14.756
10 22 -14.9727
10 23 -15.2195
10 24 -15.4008
10 25 -15.6158
10 26 -15.8627
10 27 -15.9864
10 28 -16.2223
10 29 -16.4084
10 30 -16.5783
10 31 -16.7797
10 32 -16.95
10 33 -17.1181
10 34 -17.2767
10 35 -17.4789
10 36 -17.638
10 37 -17.7415
10 38 -17.9244
10 39 -18.0593
10 40 -18.198
11 -10 -9.80353
11 -9 -9.75438
11 -8 -9.71685
11 -7 -9.70257
11 -6 -9.68085
11 -5 -9.6523
11 -4 -9.63306
11 -3 -9.56914
11 -2 -9.54491
11 -1 -9.51302
11 0 -9.48535
11 1 -9.45804
11 2 -9.42608
11 3 -9.63161
11 4 -9.89726
11 5 -10.2395
11 6 -10.5353
11 7 -10.8755
11 8 -11.1879
11 9 -11.5359
11 10 -11.8513
11 11 -12.1405
11 12 -12.4639
11 13 -12.7514
11 14 -13.0163
11 15 -13.2933
11 16 -13.5673
11 17 -13.8366
11 18 -14.0882
11 19 -14.2986
11 20 -14.5446
11 21 -14.76
11 22 -14.9913
11 23 -15.2098
11 24 -15.4369
11 25 -15.6395
11 26 -15.8184
11 27 -16.0788
11 28 -16.2363
11 29 -16.4112
11 30 -16.6313
11 31 -16.7952
11 32 -16.9744
11 33 -17.1686
11 34 -17.3336
11 35 -17.4848
11 36 -17.6412
11 37 -17.8249
11 38 -17.9464
11 39 -18.0915
11 40 -18.2542
12 -10 -9.82505
12 -9 -9.79744
12 -8 -9.76825
12 -7 -9.72378
12 -6 -9.73043
12 -5 -9.67938
12 -4 -9.68406
12 -3 -9.62856
12 -2 -9.60841
12 -1 -9.55265
12 0 -9.50447
12 1 -9.50041
12 2 -9.49127
12 3 -9.62197
12 4 -9.94889
12 5 -10.2534
12 6 -10.5557
12 7 -10.9215
12 8 -11.2503
12 9 -11.5692
12 10 -11.8916
12 11 -12.1637
12 12 -12.4715
12 13 -12.7896
12 14 -13.0553
12 15 -13.3211
12 16 -13.6053
12 17 -13.837
12 18 -14.0668
12 19 -14.3388
12 20 -14.6084
12 21 -14.8254
12 22 -15.0462
12 23 -15.2757
12 24 -15.5005
12 25 -15.6847
12 26 -15.8955
12 27 -16.1038
12 28 -16.3072
12 29 -16.4945
12 30 -16.6731
12 31 -16.8325
12 32 -17.0167
12 33 -17.2133
12 34 -17.3525
12 35 -17.5206
12 36 -17.6816
12 37 -17.8363
12 38 -17.9784
12 39 -18.1169
12 40 -18.2583
13 -10 -9.85033
13 -9 -9.81926
13 -8 -9.7976
13 -7 -9.76769
13 -6 -9.74178
13 -5 -9.7246
13 -4 -9.71349
13 -3 -9.66576
13 -2 -9.62789
13 -1 -9.57592
13 0 -9.54869
13 1 -9.5242
13 2 -9.49148
13 3 -9.7039
13 4 -9.95259
13 5 -10.2597
13 6 -10.5654
13 7 -10.9181
13 8 -11.2452
13 9 -11.6025
13 10 -11.8953
13 11 -12.2107
13 12 -12.5544
13 13 -12.8084
13 14 -13.0878
13 15 -13.3704
13 16 -13.651
13 17 -13.8784
13 18 -14.1392
13 19 -14.3864
13 20 -14.5884
13 21 -14.8544
13 22 -15.082
13 23 -15.3087
13 24 -15.5028
13 25 -15.7222
13 26 -15.9449
13 27 -16.1314
13 28 -16.3058
13 29 -16.5302
13 30 -16.6971
13 31 -16.8703
13 32 -17.06
13 33 -17.2305
13 34 -17.4145
13 35 -17.5555
13 36 -17.7099
13 37 -17.875
13 38 -18.0311
13 39 -18.1683
13 40 -18.3035
14 -10 -9.90464
14 -9 -9.85775
14 -8 -9.83276
14 -7 -9.80877
14 -6 -9.78254
14 -5 -9.75478
14 -4 -9.736
14 -3 -9.69819
14 -2 -9.67266
14 -1 -9.63152
14 0 -9.57225
14 1 -9.52109
14 2 -9.56496
14 3 -9.70988
14 4 -10.0022
14 5 -10.2916
14 6 -10.6521
14 7 -10.9453
14 8 -11.3005
14 9 -11.6096
14 10 -11.9484
14 11 -12.2493
14 12 -12.5402
14 13 -12.8527
14 14 -13.1285
14 15 -13.4237
14 16 -13.6572
14 17 -13.892
14 18 -14.1532
14 19 -14.3977
14 20 -14.6509
14 21 -14.8802
14 22 -15.094
14 23 -15.3209
14 24 -15.5318
14 25 -15.7432
14 26 -15.9842
14 27 -16.1713
14 28 -16.3692
14 29 -16.5661
14 30 -16.7304
14 31 -16.8953
14 32 -17.0944
14 33 -17.2555
14 34 -17.4317
14 35 -17.5863
14 36 -17.7718
14 37 -17.8927
14 38 -18.0726
14 39 -18.1994
14 40 -18.3349
15 -10 -9.93345
15 -9 -9.89366
15 -8 -9.89086
15 -7 -9.85811
15 -6 -9.82624
15 -5 -9.75841
15 -4 -9.75989
15 -3 -9.71839
15 -2 -9.6999
15 -1 -9.63963
15 0 -9.62136
15 1 -9.56378
15 2 -9.58213
15 3 -9.76103
15 4 -10.0259
15 5 -10.3509
15 6 -10.65
15 7 -10.9691
15 8 -11.3502
15 9 -11.6395
15 10 -11.9577
15 11 -12.2827
15 12 -12.6051
15 13 -12.8536
15 14 -13.1543
15 15 -13.4172
15 16 -13.6862
15 17 -13.9298
15 18 -14.1839
15 19 -14.4118
15 20 -14.6638
15 21 -14.9082
15 22 -15.1208
15 23 -15.3586
15 24 -15.5779
15 25 -15.7948
15 26 -15.9888
15 27 -16.2189
15 28 -16.3791
15 29 -16.5728
15 30 -16.7404
15 31 -16.9676
15 32 -17.1296
15 33 -17.2951
15 34 -17.4442
15 35 -17.6275
15 36 -17.7868
15 37 -17.9424
15 38 -18.0961
15 39 -18.2242
15 40 -18.3689
16 -10 -9.95098
16 -9 -9.91701
16 -8 -9.88274
16 -7 -9.85423
16 -6 -9.85324
16 -5 -9.83226
16 -4 -9.79076
16 -3 -9.77353
16 -2 -9.74925
16 -1 -9.65815
16 0 -9.67317
16 1 -9.59563
16 2 -9.62478
16 3 -9.76425
16 4 -10.0844
16 5 -10.3394
16 6 -10.6894
16 7 -11.0217
16 8 -11.3204
16 9 -11.7199
16 10 -12.0099
16 11 -12.3234
16 12 -12.6203
16 13 -12.8892
16 14 -13.173
16 15 -13.4541
16 16 -13.7178
16 17 -13.9572
16 18 -14.2135
16 19 -14.4867
16 20 -14.6888
16 21 -14.9456
16 22 -15.1621
16 23 -15.4015
16 24 -15.6163
16 25 -15.8287
16 26 -16.029
16 27 -16.2379
16 28 -16.4108
16 29 -16.5847
16 30 -16.8002
16 31 -16.9642
16 32 -17.1517
16 33 -17.3305
16 34 -17.4909
16 35 -17.6539
16 36 -17.8281
16 37 -17.983
16 38 -18.1188
16 39 -18.2646
16 40 -18.4041
17 -10 -9.97089
17 -9 -9.94882
17 -8 -9.94458
17 -7 -9.89025
17 -6 -9.87198
17 -5 -9.8506
17 -4 -9.82313
17 -3 -9.76743
17 -2 -9.7405
17 -1 -9.69037
17 0 -9.67579
17 1 -9.6353
17 2 -9.63281
17 3 -9.82799
17 4 -10.0729
17 5 -10.3913
17 6 -10.7035
17 7 -11.0765
17 8 -11.38
17 9 -11.6991
17 10 -12.0537
17 11 -12.3538
17 12 -12.6317
17 13 -12.9302
17 14 -13.1862
17 15 -13.4778
17 16 -13.7393
17 17 -14.0155
17 18 -14.2663
17 19 -14.4995
17 20 -14.7436
17 21 -14.9955
17 22 -15.2081
17 23 -15.413
17 24 -15.6404
17 25 -15.8237
17 26 -16.0337
17 27 -16.2357
17 28 -16.4226
17 29 -16.656
17 30 -16.8122
17 31 -16.9975
17 32 -17.195
17 33 -17.3421
17 34 -17.5271
17 35 -17.6793
17 36 -17.8502
17 37 -17.9927
17 38 -18.1432
17 39 -18.2995
17 40 -18.4319
18 -10 -10.0018
18 -9 -9.95864
18 -8 -9.94513
18 -7 -9.93144
18 -6 -9.91917
18 -5 -9.85277
18 -4 -9.82629
18 -3 -9.7958
18 -2 -9.77486
18 -1 -9.71188
18 0 -9.71832
18 1 -9.69606
18 2 -9.67549
18 3 -9.83616
18 4 -10.1334
18 5 -10.3962
18 6 -10.7884
18 7 -11.1065
18 8 -11.3979
18 9 -11.7315
18 10 -12.0243
18 11 -12.3465
18 12 -12.6441
18 13 -12.9426
18 14 -13.2342
18 15 -13.506
18 16 -13.7678
18 17 -14.0475
18 18 -14.2631
18 19 -14.5138
18 20 -14.7511
18 21 -15.0198
18 22 -15.2537
18 23 -15.4543
18 24 -15.6639
18 25 -15.8875
18 26 -16.0627
18 27 -16.2554
18 28 -16.449
18 29 -16.6609
18 30 -16.8595
18 31 -17.002
18 32 -17.1973
18 33 -17.3829
18 34 -17.5504
18 35 -17.7128
18 36 -17.87
18 37 -18.0183
18 38 -18.1645
18 39 -18.2957
18 40 -18.4607
19 -10 -10.01
19 -9 -10.002
19 -8 -9.98072
19 -7 -9.97634
19 -6 -9.93401
19 -5 -9.89559
19 -4 -9.84349
19 -3 -9.83391
19 -2 -9.81825
19 -1 -9.76218
19 0 -9.73495
19 1 -9.69855
19 2 -9.69453
19 3 -9.88177
19 4 -10.1143
19 5 -10.4236
19 6 -10.7321
19 7 -11.0896
19 8 -11.4447
19 9 -11.7652
19 10 -12.1154
19 11 -12.4
19 12 -12.6839
19 13 -12.9777
19 14 -13.2408
19 15 -13.5475
19 16 -13.8027
19 17 -14.0528
19 18 -14.3054
19 19 -14.5643
19 20 -14.7742
19 21 -15.0012
19 22 -15.2603
19 23 -15.4427
19 24 -15.681
19 25 -15.8608
19 26 -16.0904
19 27 -16.2933
19 28 -16.5102
19 29 -16.6941
19 30 -16.8757
19 31 -17.0488
19 32 -17.2425
19 33 -17.3853
19 34 -17.5732
19 35 -17.735
19 36 -17.8854
19 37 -18.058
19 38 -18.1991
19 39 -18.3525
19 40 -18.4846
20 -10 -10.0559
20 -9 -10.0238
20 -8 -9.99599
20 -7 -9.95553
20 -6 -9.95748
20 -5 -9.93648
20 -4 -9.88326
20 -3 -9.87106
20 -2 -9.8156
20 -1 -9.78229
20 0 -9.76661
20 1 -9.69273
20 2 -9.73126
20 3 -9.88451
20 4 -10.1651
20 5 -10.4682
20 6 -10.775
20 7 -11.1067
20 8 -11.4557
20 9 -11.7579
20 10 -12.1005
20 11 -12.3883
20 12 -12.6906
20 13 -12.9847
20 14 -13.2467
20 15 -13.5644
20 16 -13.8211
20 17 -14.0698
20 18 -14.3322
20 19 -14.5798
20 20 -14.8077
20 21 -15.0472
20 22 -15.2599
20 23 -15.4889
20 24 -15.687
20 25 -15.9207
20 26 -16.1269
20 27 -16.3487
20 28 -16.5498
20 29 -16.7133
20 30 -16.9051
20 31 -17.0983
20 32 -17.2601
20 33 -17.4291
20 34 -17.5937
20 35 -17.7551
20 36 -17.9172
20 37 -18.0624
20 38 -18.2065
20 39 -18.3853
20 40 -18.4996
21 -10 -10.0672
21 -9 -10.0575
21 -8 -10.0274
21 -7 -9.99261
21 -6 -9.96027
21 -5 -9.94952
21 -4 -9.91794
21 -3 -9.86671
21 -2 -9.83062
21 -1 -9.79845
21 0 -9.78462
21 1 -9.7143
21 2 -9.74241
21 3 -9.91769
21 4 -10.1769
21 5 -10.5179
21 6 -10.8075
21 7 -11.1762
21 8 -11.4642
21 9 -11.7969
21 10 -12.1097
21 11 -12.4064
21 12 -12.7171
21 13 -13.0164
21 14 -13.3033
21 15 -13.5684
21 16 -13.8586
21 17 -14.1127
21 18 -14.3739
21 19 -14.6147
21 20 -14.8241
21 21 -15.0847
21 22 -15.2908
21 23 -15.5267
21 24 -15.7192
21 25 -15.9378
21 26 -16.1468
21 27 -16.3386
21 28 -16.544
21 29 -16.7342
21 30 -16.9126
21 31 -17.104
21 32 -17.2916
21 33 -17.4535
21 34 -17.6318
21 35 -17.7946
21 36 -17.929
21 37 -18.1
21 38 -18.2293
21 39 -18.3955
21 40 -18.5257
22 -10 -10.0937
22 -9 -10.0611
22 -8 -10.0323
22 -7 -9.99188
22 -6 -9.98589
22 -5 -9.96754
22 -4 -9.94266
22 -3 -9.89726
22 -2 -9.86775
22 -1 -9.84091
22 0 -9.78467
22 1 -9.75269
22 2 -9.74478
22 3 -9.94147
22 4 -10.1799
22 5 -10.5299
22 6 -10.8211
22 7 -11.1802
22 8 -11.5252
22 9 -11.831
22 10 -12.1182
22 11 -12.4554
22 12 -12.738
22 13 -13.0632
22 14 -13.3159
22 15 -13.5834
22 16 -13.869
22 17 -14.1387
22 18 -14.3698
22 19 -14.623
22 20 -14.8379
22 21 -15.0967
22 22 -15.3269
22 23 -15.5539
22 24 -15.7439
22 25 -15.9851
22 26 -16.1259
22 27 -16.368
22 28 -16.5626
22 29 -16.7632
22 30 -16.9349
22 31 -17.1147
22 32 -17.2985
22 33 -17.4797
22 34 -17.638
22 35 -17.804
22 36 -17.9579
22 37 -18.0956
22 38 -18.2707
22 39 -18.416
22 40 -18.5529
23 -10 -10.1052
23 -9 -10.0911
23 -8 -10.0655
23 -7 -10.0218
23 -6 -9.99682
23 -5 -9.98676
23 -4 -9.94493
23 -3 -9.92748
23 -2 -9.90475
23 -1 -9.85919
23 0 -9.82768
23 1 -9.78429
23 2 -9.79136
23 3 -9.96508
23 4 -10.2234
23 5 -10.554
23 6 -10.8844
23 7 -11.1871
23 8 -11.5359
23 9 -11.8339
23 10 -12.168
23 11 -12.4674
23 12 -12.7747
23 13 -13.0536
23 14 -13.3432
23 15 -13.6348
23 16 -13.8844
23 17 -14.1252
23 18 -14.4048
23 19 -14.6366
23 20 -14.8737
23 21 -15.1147
23 22 -15.357
23 23 -15.5692
23 24 -15.7504
23 25 -15.9856
23 26 -16.1963
23 27 -16.4016
23 28 -16.5994
23 29 -16.7863
23 30 -16.9595
23 31 -17.1479
23 32 -17.3268
23 33 -17.4878
23 34 -17.6452
23 35 -17.8053
23 36 -17.9785
23 37 -18.1157
23 38 -18.2829
23 39 -18.436
23 40 -18.5642
24 -10 -10.1377
24 -9 -10.1061
24 -8 -10.0948
24 -7 -10.0521
24 -6 -10.0294
24 -5 -10.0241
24 -4 -9.98497
24 -3 -9.92481
24 -2 -9.91454
24 -1 -9.86214
24 0 -9.84082
24 1 -9.80085
24 2 -9.80185
24 3 -9.9692
24 4 -10.2536
24 5 -10.5589
24 6 -10.8738
24 7 -11.2373
24 8 -11.5302
24 9 -11.8644
24 10 -12.185
24 11 -12.5013
24 12 -12.8081
24 13 -13.0719
24 14 -13.3662
24 15 -13.6565
24 16 -13.8967
24 17 -14.17
24 18 -14.4191
24 19 -14.6543
24 20 -14.8848
24 21 -15.1021
24 22 -15.3869
24 23 -15.5674
24 24 -15.8065
24 25 -16.0275
24 26 -16.2194
24 27 -16.4129
24 28 -16.6131
24 29 -16.7881
24 30 -16.9863
24 31 -17.1761
24 32 -17.3304
24 33 -17.5097
24 34 -17.6745
24 35 -17.8429
24 36 -18.0176
24 37 -18.1623
24 38 -18.3095
24 39 -18.4462
24 40 -18.587
25 -10 -10.1721
25 -9 -10.1362
25 -8 -10.1137
25 -7 -10.0783
25 -6 -10.0645
25 -5 -10.0308
25 -4 -10.0068
25 -3 -9.95922
25 -2 -9.92309
25 -1 -9.88621
25 0 -9.85501
25 1 -9.83052
25 2 -9.84009
25 3 -9.98731
25 4 -10.2548
25 5 -10.5923
25 6 -10.8838
25 7 -11.242
25 8 -11.568
25 9 -11.892
25 10 -12.2385
25 11 -12.5056
25 12 -12.8162
25 13 -13.0911
25 14 -13.3777
25 15 -13.6551
25 16 -13.9285
25 17 -14.1789
25 18 -14.4164
25 19 -14.6543
25 20 -14.9157
25 21 -15.1621
25 22 -15.3998
25 23 -15.6257
25 24 -15.8012
25 25 -16.0263
25 26 -16.2394
25 27 -16.4205
25 28 -16.619
25 29 -16.8094
25 30 -17.0097
25 31 -17.1681
25 32 -17.3596
25 33 -17.5348
25 34 -17.6889
25 35 -17.8862
25 36 -18.0201
25 37 -18.1718
25 38 -18.3155
25 39 -18.4819
25 40 -18.6041
26 -10 -10.1707
26 -9 -10.1375
26 -8 -10.1264
26 -7 -10.0992
26 -6 -10.0662
26 -5 -10.0557
26 -4 -10.0252
26 -3 -9.95733
26 -2 -9.90841
26 -1 -9.9025
26 0 -9.87527
26 1 -9.82838
26 2 -9.83992
26 3 -9.99953
26 4 -10.2532
26 5 -10.5934
26 6 -10.896
26 7 -11.2291
26 8 -11.604
26 9 -11.9005
26 10 -12.2369
26 11 -12.5553
26 12 -12.8542
26 13 -13.1285
26 14 -13.4034
26 15 -13.6933
26 16 -13.9302
26 17 -14.1931
26 18 -14.478
26 19 -14.6974
26 20 -14.9298
26 21 -15.1693
26 22 -15.3771
26 23 -15.6149
26 24 -15.8393
26 25 -16.0406
26 26 -16.2571
26 27 -16.4288
26 28 -16.667
26 29 -16.8443
26 30 -17.0308
26 31 -17.1975
26 32 -17.3788
26 33 -17.5564
26 34 -17.7469
26 35 -17.8656
26 36 -18.0544
26 37 -18.2158
26 38 -18.3505
26 39 -18.4922
26 40 -18.6288
27 -10 -10.1906
27 -9 -10.1447
27 -8 -10.1382
27 -7 -10.1198
27 -6 -10.0814
27 -5 -10.0615
27 -4 -10.0413
27 -3 -10.005
27 -2 -9.97247
27 -1 -9.93223
27 0 -9.89178
27 1 -9.8541
27 2 -9.8541
27 3 -10.0323
27 4 -10.2717
27 5 -10.6023
27 6 -10.967
27 7 -11.2467
27 8 -11.6248
27 9 -11.9051
27 10 -12.2435
27 11 -12.5697
27 12 -12.85
27 13 -13.1685
27 14 -13.447
27 15 -13.7104
27 16 -13.9944
27 17 -14.2079
27 18 -14.4628
27 19 -14.7114
27 20 -14.9616
27 21 -15.2098
27 22 -15.3952
27 23 -15.6222
27 24 -15.8714
27 25 -16.0792
27 26 -16.2757
27 27 -16.4734
27 28 -16.6885
27 29 -16.8566
27 30 -17.0309
27 31 -17.2274
27 32 -17.3984
27 33 -17.5597
27 34 -17.7252
27 35 -17.9006
27 36 -18.0654
27 37 -18.2128
27 38 -18.3483
27 39 -18.5101
27 40 -18.6501
28 -10 -10.1931
28 -9 -10.194
28 -8 -10.1644
28 -7 -10.1342
28 -6 -10.1207
28 -5 -10.0712
28 -4 -10.0704
28 -3 -10.0164
28 -2 -9.96527
28 -1 -9.97568
28 0 -9.89831
28 1 -9.87091
28 2 -9.91056
28 3 -10.0544
28 4 -10.2994
28 5 -10.626
28 6 -10.9622
28 7 -11.2687
28 8 -11.6331
28 9 -11.9336
28 10 -12.23
28 11 -12.555
28 12 -12.8536
28 13 -13.1659
28 14 -13.4611
28 15 -13.7079
28 16 -13.985
28 17 -14.2494
28 18 -14.5108
28 19 -14.7277
28 20 -14.9916
28 21 -15.1976
28 22 -15.4314
28 23 -15.6576
28 24 -15.8636
28 25 -16.0574
28 26 -16.2999
28 27 -16.4924
28 28 -16.683
28 29 -16.8809
28 30 -17.067
28 31 -17.2466
28 32 -17.4027
28 33 -17.6033
28 34 -17.756
28 35 -17.913
28 36 -18.0747
28 37 -18.2319
28 38 -18.3937
28 39 -18.5339
28 40 -18.6644
29 -10 -10.2259
29 -9 -10.1998
29 -8 -10.1602
29 -7 -10.1319
29 -6 -10.1059
29 -5 -10.0958
29 -4 -10.0657
29 -3 -10.0545
29 -2 -10.0103
29 -1 -9.97454
29 0 -9.93464
29 1 -9.87699
29 2 -9.90776
29 3 -10.0559
29 4 -10.3257
29 5 -10.6974
29 6 -10.9525
29 7 -11.3021
29 8 -11.6482
29 9 -11.9744
29 10 -12.3073
29 11 -12.5885
29 12 -12.8715
29 13 -13.1768
29 14 -13.4588
29 15 -13.7603
29 16 -14.0048
29 17 -14.2289
29 18 -14.5109
29 19 -14.7839
29 20 -14.9843
29 21 -15.2283
29 22 -15.4287
29 23 -15.6593
29 24 -15.8777
29 25 -16.0859
29 26 -16.317
29 27 -16.4965
29 28 -16.693
29 29 -16.883
29 30 -17.0774
29 31 -17.2553
29 32 -17.437
29 33 -17.5982
29 34 -17.7599
29 35 -17.9368
29 36 -18.0854
29 37 -18.2481
29 38 -18.4083
29 39 -18.5251
29 40 -18.6745
30 -10 -10.2177
30 -9 -10.1947
30 -8 -10.1939
30 -7 -10.1604
30 -6 -10.1555
30 -5 -10.1192
30 -4 -10.0925
30 -3 -10.0646
30 -2 -10.0103
30 -1 -9.96561
30 0 -9.9374
30 1 -9.88621
30 2 -9.91373
30 3 -10.0842
30 4 -10.3587
30 5 -10.6519
30 6 -10.9928
30 7 -11.3025
30 8 -11.6612
30 9 -11.9667
30 10 -12.3017
30 11 -12.6053
30 12 -12.8998
30 13 -13.2155
30 14 -13.492
30 15 -13.7604
30 16 -14.0311
30 17 -14.2702
30 18 -14.538
30 19 -14.792
30 20 -15.0075
30 21 -15.2341
30 22 -15.4718
30 23 -15.6879
30 24 -15.9105
30 25 -16.0941
30 26 -16.3204
30 27 -16.5052
30 28 -16.7304
30 29 -16.9256
30 30 -17.0722
30 31 -17.2768
30 32 -17.4539
30 33 -17.604
30 34 -17.7992
30 35 -17.9535
30 36 -18.1102
30 37 -18.2605
30 38 -18.4079
30 39 -18.5547
30 40 -18.7055
31 -10 -10.2566
31 -9 -10.2188
31 -8 -10.2085
31 -7 -10.1626
31 -6 -10.1567
31 -5 -10.1247
31 -4 -10.1064
31 -3 -10.0783
31 -2 -10.0352
31 -1 -10.0018
31 0 -9.96063
31 1 -9.92676
31 2 -9.94102
31 3 -10.1196
31 4 -10.3704
31 5 -10.6821
31 6 -11.0093
31 7 -11.3259
31 8 -11.6473
31 9 -12.0035
31 10 -12.3199
31 11 -12.6188
31 12 -12.9182
31 13 -13.218
31 14 -13.4896
31 15 -13.7451
31 16 -14.0348
31 17 -14.2977
31 18 -14.5722
31 19 -14.7992
31 20 -15.025
31 21 -15.2695
31 22 -15.4946
31 23 -15.7138
31 24 -15.9215
31 25 -16.1252
31 26 -16.3329
31 27 -16.5418
31 28 -16.7413
31 29 -16.9346
31 30 -17.1209
31 31 -17.2869
31 32 -17.4603
31 33 -17.6481
31 34 -17.8016
31 35 -17.96
31 36 -18.1284
31 37 -18.2863
31 38 -18.4416
31 39 -18.5856
31 40 -18.7043
32 -10 -10.246
32 -9 -10.2538
32 -8 -10.206
32 -7 -10.1916
32 -6 -10.1863
32 -5 -10.1365
32 -4 -10.1038
32 -3 -10.0697
32 -2 -10.0521
32 -1 -9.99923
32 0 -9.97936
32 1 -9.94221
32 2 -9.96169
32 3 -10.1171
32 4 -10.3778
32 5 -10.7009
32 6 -11.0197
32 7 -11.3763
32 8 -11.6687
32 9 -11.9957
32 10 -12.353
32 11 -12.6247
32 12 -12.921
32 13 -13.2311
32 14 -13.5028
32 15 -13.8004
32 16 -14.0521
32 17 -14.2965
32 18 -14.5553
32 19 -14.8035
32 20 -15.0391
32 21 -15.2564
32 22 -15.4899
32 23 -15.7172
32 24 -15.9303
32 25 -16.1401
32 26 -16.3524
32 27 -16.5593
32 28 -16.7401
32 29 -16.9404
32 30 -17.1327
32 31 -17.2935
32 32 -17.4749
32 33 -17.6486
32 34 -17.8262
32 35 -17.9862
32 36 -18.1458
32 37 -18.2887
32 38 -18.4491
32 39 -18.5807
32 40 -18.7324
33 -10 -10.2565
33 -9 -10.2727
33 -8 -10.2323
33 -7 -10.21
33 -6 -10.1704
33 -5 -10.1272
33 -4 -10.1365
33 -3 -10.0682
33 -2 -10.0598
33 -1 -10.0144
33 0 -9.98915
33 1 -9.93973
33 2 -9.97614
33 3 -10.1225
33 4 -10.4272
33 5 -10.7066
33 6 -11.025
33 7 -11.3623
33 8 -11.6987
33 9 -12.026
33 10 -12.3204
33 11 -12.6465
33 12 -12.9585
33 13 -13.2447
33 14 -13.528
33 15 -13.815
33 16 -14.0798
33 17 -14.3237
33 18 -14.5569
33 19 -14.8303
33 20 -15.0711
33 21 -15.3046
33 22 -15.5315
33 23 -15.7254
33 24 -15.9559
33 25 -16.1676
33 26 -16.3582
33 27 -16.5584
33 28 -16.763
33 29 -16.943
33 30 -17.1433
33 31 -17.322
33 32 -17.514
33 33 -17.6557
33 34 -17.8337
33 35 -17.9917
33 36 -18.1526
33 37 -18.3103
33 38 -18.4561
33 39 -18.6025
33 40 -18.7488
34 -10 -10.2838
34 -9 -10.2701
34 -8 -10.2492
34 -7 -10.2168
34 -6 -10.186
34 -5 -10.167
34 -4 -10.1201
34 -3 -10.1274
34 -2 -10.0744
34 -1 -10.0428
34 0 -10.0114
34 1 -9.97532
34 2 -9.99066
34 3 -10.1637
34 4 -10.4203
34 5 -10.7414
34 6 -11.0562
34 7 -11.3895
34 8 -11.7166
34 9 -12.0494
34 10 -12.351
34 11 -12.6769
34 12 -12.9832
34 13 -13.2597
34 14 -13.5341
34 15 -13.8128
34 16 -14.0872
34 17 -14.3332
34 18 -14.5828
34 19 -14.842
34 20 -15.0723
34 21 -15.3121
34 22 -15.5307
34 23 -15.76
34 24 -15.9594
34 25 -16.1574
34 26 -16.3852
34 27 -16.5882
34 28 -16.7819
34 29 -16.9794
34 30 -17.1656
34 31 -17.314
34 32 -17.5247
34 33 -17.6796
34 34 -17.8494
34 35 -17.9969
34 36 -18.1904
34 37 -18.3192
34 38 -18.4618
34 39 -18.63
34 40 -18.7498
35 -10 -10.3062
35 -9 -10.2793
35 -8 -10.2642
35 -7 -10.2354
35 -6 -10.2141
35 -5 -10.1896
35 -4 -10.1485
35 -3 -10.1307
35 -2 -10.1087
35 -1 -10.0505
35 0 -10.0345
35 1 -9.99813
35 2 -9.97698
35 3 -10.1612
35 4 -10.3989
35 5 -10.7336
35 6 -11.0701
35 7 -11.3912
35 8 -11.7298
35 9 -12.072
35 10 -12.3406
35 11 -12.6913
35 12 -12.9807
35 13 -13.2716
35 14 -13.5442
35 15 -13.8249
35 16 -14.0835
35 17 -14.3455
35 18 -14.6087
35 19 -14.8487
35 20 -15.067
35 21 -15.2976
35 22 -15.5358
35 23 -15.762
35 24 -15.9932
35 25 -16.1731
35 26 -16.3933
35 27 -16.5928
35 28 -16.7856
35 29 -16.9838
35 30 -17.1674
35 31 -17.3504
35 32 -17.51
35 33 -17.6809
35 34 -17.8582
35 35 -18.0111
35 36 -18.1772
35 37 -18.3274
35 38 -18.4714
35 39 -18.6229
35 40 -18.7628
36 -10 -10.3071
36 -9 -10.2745
36 -8 -10.2534
36 -7 -10.23
36 -6 -10.2108
36 -5 -10.2041
36 -4 -10.1749
36 -3 -10.1515
36 -2 -10.0936
36 -1 -10.0482
36 0 -10.0303
36 1 -9.99916
36 2 -9.99213
36 3 -10.1561
36 4 -10.4482
36 5 -10.7514
36 6 -11.0627
36 7 -11.4242
36 8 -11.724
36 9 -12.0813
36 10 -12.3769
36 11 -12.6834
36 12 -12.9928
36 13 -13.2735
36 14 -13.572
36 15 -13.8537
36 16 -14.1117
36 17 -14.3635
36 18 -14.5975
36 19 -14.8639
36 20 -15.1019
36 21 -15.3299
36 22 -15.5434
36 23 -15.7754
36 24 -15.9801
36 25 -16.2215
36 26 -16.4215
36 27 -16.6259
36 28 -16.7968
36 29 -16.9876
36 30 -17.1747
36 31 -17.3554
36 32 -17.5283
36 33 -17.6896
36 34 -17.8705
36 35 -18.0316
36 36 -18.2109
36 37 -18.339
36 38 -18.4904
36 39 -18.638
36 40 -18.7696
37 -10 -10.3135
37 -9 -10.2828
37 -8 -10.2601
37 -7 -10.2583
37 -6 -10.2156
37 -5 -10.2121
37 -4 -10.1842
37 -3 -10.148
37 -2 -10.131
37 -1 -10.0599
37 0 -10.0525
37 1 -10.0064
37 2 -10.0312
37 3 -10.2001
37 4 -10.4215
37 5 -10.7684
37 6 -11.1016
37 7 -11.4197
37 8 -11.7486
37 9 -12.0961
37 10 -12.4016
37 11 -12.6929
37 12 -13.0053
37 13 -13.2793
37 14 -13.5734
37 15 -13.8594
37 16 -14.1141
37 17 -14.3985
37 18 -14.6236
37 19 -14.891
37 20 -15.096
37 21 -15.3292
37 22 -15.5734
37 23 -15.8023
37 24 -16.0015
37 25 -16.2495
37 26 -16.4196
37 27 -16.6112
37 28 -16.8167
37 29 -17.0005
37 30 -17.1905
37 31 -17.3758
37 32 -17.5454
37 33 -17.7061
37 34 -17.866
37 35 -18.0299
37 36 -18.2012
37 37 -18.3665
37 38 -18.5119
37 39 -18.662
37 40 -18.7827
38 -10 -10.3047
38 -9 -10.2963
38 -8 -10.2962
38 -7 -10.2515
38 -6 -10.2241
38 -5 -10.225
38 -4 -10.1745
38 -3 -10.1608
38 -2 -10.1202
38 -1 -10.0887
38 0 -10.0792
38 1 -10.0224
38 2 -10.0178
38 3 -10.2141
38 4 -10.4623
38 5 -10.7829
38 6 -11.1207
38 7 -11.4359
38 8 -11.7674
38 9 -12.0902
38 10 -12.4186
38 11 -12.7086
38 12 -13.032
38 13 -13.2961
38 14 -13.59
38 15 -13.8745
38 16 -14.1451
38 17 -14.3967
38 18 -14.6422
38 19 -14.8874
38 20 -15.12
38 21 -15.3526
38 22 -15.5962
38 23 -15.805
38 24 -16.0239
38 25 -16.2172
38 26 -16.4259
38 27 -16.6206
38 28 -16.8111
38 29 -17.0263
38 30 -17.2092
38 31 -17.3879
38 32 -17.5652
38 33 -17.7182
38 34 -17.8804
38 35 -18.0753
38 36 -18.212
38 37 -18.3683
38 38 -18.5212
38 39 -18.661
38 40 -18.815
39 -10 -10.3129
39 -9 -10.3275
39 -8 -10.2915
39 -7 -10.2391
39 -6 -10.2274
39 -5 -10.2213
39 -4 -10.1919
39 -3 -10.1754
39 -2 -10.1382
39 -1 -10.1315
39 0 -10.0912
39 1 -10.0363
39 2 -10.0452
39 3 -10.2209
39 4 -10.4651
39 5 -10.7851
39 6 -11.1286
39 7 -11.4558
39 8 -11.7848
39 9 -12.1054
39 10 -12.4078
39 11 -12.73
39 12 -13.0369
39 13 -13.3182
39 14 -13.596
39 15 -13.8837
39 16 -14.134
39 17 -14.4107
39 18 -14.6506
39 19 -14.9139
39 20 -15.152
39 21 -15.3821
39 22 -15.5891
39 23 -15.8276
39 24 -16.0199
39 25 -16.234
39 26 -16.4582
39 27 -16.6447
39 28 -16.8361
39 29 -17.0212
39 30 -17.1988
39 31 -17.3888
39 32 -17.5793
39 33 -17.7248
39 34 -17.9102
39 35 -18.0764
39 36 -18.219
39 37 -18.3795
39 38 -18.5283
39 39 -18.6809
39 40 -18.8099
40 -10 -10.3343
40 -9 -10.3165
40 -8 -10.2853
40 -7 -10.2647
40 -6 -10.256
40 -5 -10.2424
40 -4 -10.2059
40 -3 -10.1833
40 -2 -10.1362
40 -1 -10.1116
40 0 -10.0875
40 1 -10.0426
40 2 -10.0364
40 3 -10.2296
40 4 -10.4904
40 5 -10.7915
40 6 -11.1406
40 7 -11.4936
40 8 -11.8187
40 9 -12.1131
40 10 -12.4348
40 11 -12.7471
40 12 -13.0512
40 13 -13.3158
40 14 -13.6122
40 15 -13.878
40 16 -14.1433
40 17 -14.4193
40 18 -14.664
40 19 -14.907
40 20 -15.1489
40 21 -15.3763
40 22 -15.5997
40 23 -15.8063
40 24 -16.0397
40 25 -16.2598
40 26 -16.4475
40 27 -16.6437
40 28 -16.8161
40 29 -17.0389
40 30 -17.226
40 31 -17.4009
40 32 -17.5968
40 33 -17.737
40 34 -17.9367
40 35 -18.0736
40 36 -18.2285
40 37 -18.3871
40 38 -18.5298
40 39 -18.6869
40 40 -18.8239
