-10 -10 -11.4883
-10 -9 -11.4661
-10 -8 -11.4431
-10 -7 -11.4362
-10 -6 -11.4223
-10 -5 -11.3768
-10 -4 -11.3906
-10 -3 -11.3373
-10 -2 -11.3584
-10 -1 -11.317
-10 0 -11.2848
-10 1 -11.2952
-10 2 -11.3044
-10 3 -11.5034
-10 4 -11.7726
-10 5 -12.1011
-10 6 -12.3981
-10 7 -12.7554
-10 8 -13.0764
-10 9 -13.3856
-10 10 -13.7281
-10 11 -14.0005
-10 12 -14.2951
-10 13 -14.538
-10 14 -14.8692
-10 15 -15.1307
-10 16 -15.3777
-10 17 -15.6192
-10 18 -15.8899
-10 19 -16.1456
-10 20 -16.357
-10 21 -16.589
-10 22 -16.8021
-10 23 -17.0145
-10 24 -17.2014
-10 25 -17.4205
-10 26 -17.5986
-10 27 -17.7857
-10 28 -17.9343
-10 29 -18.1229
-10 30 -18.2984
-10 31 -18.4554
-10 32 -18.6231
-10 33 -18.7675
-10 34 -18.8911
-10 35 -19.045
-10 36 -19.1739
-10 37 -19.3103
-10 38 -19.4361
-10 39 -19.5789
-10 40 -19.6988
-9 -10 -11.4493
-9 -9 -11.4472
-9 -8 -11.4712
-9 -7 -11.3864
-9 -6 -11.4231
-9 -5 -11.4004
-9 -4 -11.3797
-9 -3 -11.3315
-9 -2 -11.2906
-9 -1 -11.2969
-9 0 -11.2644
-9 1 -11.2832
-9 2 -11.3277
-9 3 -11.4997
-9 4 -11.7459
-9 5 -12.0717
-9 6 -12.4108
-9 7 -12.7134
-9 8 -13.0119
-9 9 -13.3582
-9 10 -13.6999
-9 11 -13.9688
-9 12 -14.263
-9 13 -14.5583
-9 14 -14.8478
-9 15 -15.1164
-9 16 -15.3819
-9 17 -15.6257
-9 18 -15.8667
-9 19 -16.0897
-9 20 -16.3174
-9 21 -16.5755
-9 22 -16.798
-9 23 -16.9987
-9 24 -17.1862
-9 25 -17.4008
-9 26 -17.5999
-9 27 -17.7907
-9 28 -17.9454
-9 29 -18.1234
-9 30 -18.2716
-9 31 -18.4578
-9 32 -18.5925
-9 33 -18.7462
-9 34 -18.8931
-9 35 -19.028
-9 36 -19.1669
-9 37 -19.311
-9 38 -19.4387
-9 39 -19.5724
-9 40 -19.6582
-8 -10 -11.4332
-8 -9 -11.4402
-8 -8 -11.4075
-8 -7 -11.3886
-8 -6 -11.3831
-8 -5 -11.3518
-8 -4 -11.3111
-8 -3 -11.3346
-8 -2 -11.263
-8 -1 -11.2918
-8 0 -11.2679
-8 1 -11.2678
-8 2 -11.2501
-8 3 -11.4741
-8 4 -11.7082
-8 5 -12.0429
-8 6 -12.3714
-8 7 -12.7143
-8 8 -13.0175
-8 9 -13.3389
-8 10 -13.6473
-8 11 -13.9162
-8 12 -14.2458
-8 13 -14.5579
-8 14 -14.838
-8 15 -15.0888
-8 16 -15.3872
-8 17 -15.6206
-8 18 -15.8534
-8 19 -16.0925
-8 20 -16.3449
-8 21 -16.5644
-8 22 -16.7871
-8 23 -17.0068
-8 24 -17.2006
-8 25 -17.3735
-8 26 -17.6041
-8 27 -17.7699
-8 28 -17.9484
-8 29 -18.1288
-8 30 -18.2726
-8 31 -18.4292
-8 32 -18.5913
-8 33 -18.7395
-8 34 -18.885
-8 35 -19.0255
-8 36 -19.1713
-8 37 -19.2652
-8 38 -19.4147
-8 39 -19.5404
-8 40 -19.6681
-7 -10 -11.3978
-7 -9 -11.4037
-7 -8 -11.4149
-7 -7 -11.402
-7 -6 -11.3645
-7 -5 -11.3413
-7 -4 -11.3489
-7 -3 -11.3078
-7 -2 -11.2868
-7 -1 -11.2672
-7 0 -11.2259
-7 1 -11.2455
-7 2 -11.2176
-7 3 -11.4335
-7 4 -11.6668
-7 5 -12.0051
-7 6 -12.3419
-7 7 -12.6719
-7 8 -13.0172
-7 9 -13.3187
-7 10 -13.6622
-7 11 -13.9723
-7 12 -14.2202
-7 13 -14.4957
-7 14 -14.8165
-7 15 -15.0655
-7 16 -15.314
-7 17 -15.6123
-7 18 -15.8152
-7 19 -16.0625
-7 20 -16.3091
-7 21 -16.5689
-7 22 -16.7933
-7 23 -16.9858
-7 24 -17.1854
-7 25 -17.3713
-7 26 -17.5479
-7 27 -17.754
-7 28 -17.937
-7 29 -18.1132
-7 30 -18.2594
-7 31 -18.4146
-7 32 -18.5674
-7 33 -18.7137
-7 34 -18.8731
-7 35 -19.0045
-7 36 -19.1202
-7 37 -19.2682
-7 38 -19.3943
-7 39 -19.5008
-7 40 -19.636
-6 -10 -11.3867
-6 -9 -11.405
-6 -8 -11.4054
-6 -7 -11.3844
-6 -6 -11.3312
-6 -5 -11.3556
-6 -4 -11.3016
-6 -3 -11.3187
-6 -2 -11.2752
-6 -1 -11.2299
-6 0 -11.2277
-6 1 -11.1739
-6 2 -11.2412
-6 3 -11.3691
-6 4 -11.6446
-6 5 -11.9581
-6 6 -12.3147
-6 7 -12.6573
-6 8 -12.964
-6 9 -13.323
-6 10 -13.5961
-6 11 -13.8971
-6 12 -14.2229
-6 13 -14.4892
-6 14 -14.7836
-6 15 -15.0316
-6 16 -15.3223
-6 17 -15.5606
-6 18 -15.7851
-6 19 -16.0655
-6 20 -16.2953
-6 21 -16.5218
-6 22 -16.7346
-6 23 -16.9669
-6 24 -17.1476
-6 25 -17.3577
-6 26 -17.5396
-6 27 -17.7443
-6 28 -17.9296
-6 29 -18.0718
-6 30 -18.2251
-6 31 -18.4063
-6 32 -18.5593
-6 33 -18.6905
-6 34 -18.8263
-6 35 -18.9632
-6 36 -19.1296
-6 37 -19.2176
-6 38 -19.3924
-6 39 -19.4976
-6 40 -19.6124
-5 -10 -11.4094
-5 -9 -11.4222
-5 -8 -11.4153
-5 -7 -11.3612
-5 -6 -11.3548
-5 -5 -11.3245
-5 -4 -11.2593
-5 -3 -11.2501
-5 -2 -11.2557
-5 -1 -11.2192
-5 0 -11.208
-5 1 -11.1686
-5 2 -11.2176
-5 3 -11.3888
-5 4 -11.6584
-5 5 -11.9705
-5 6 -12.2967
-5 7 -12.6498
-5 8 -12.9557
-5 9 -13.2731
-5 10 -13.6063
-5 11 -13.8888
-5 12 -14.1813
-5 13 -14.4838
-5 14 -14.7261
-5 15 -15.041
-5 16 -15.3013
-5 17 -15.5475
-5 18 -15.7912
-5 19 -16.05
-5 20 -16.2833
-5 21 -16.4796
-5 22 -16.7025
-5 23 -16.9632
-5 24 -17.148
-5 25 -17.3246
-5 26 -17.5273
-5 27 -17.7132
-5 28 -17.8985
-5 29 -18.0557
-5 30 -18.2139
-5 31 -18.3911
-5 32 -18.531
-5 33 -18.6689
-5 34 -18.841
-5 35 -18.9797
-5 36 -19.0984
-5 37 -19.2366
-5 38 -19.3642
-5 39 -19.5006
-5 40 -19.6159
-4 -10 -11.3843
-4 -9 -11.4072
-4 -8 -11.3919
-4 -7 -11.3505
-4 -6 -11.3192
-4 -5 -11.2936
-4 -4 -11.2743
-4 -3 -11.2574
-4 -2 -11.2198
-4 -1 -11.203
-4 0 -11.2015
-4 1 -11.1311
-4 2 -11.1754
-4 3 -11.3718
-4 4 -11.6443
-4 5 -11.9291
-4 6 -12.272
-4 7 -12.599
-4 8 -12.9208
-4 9 -13.2601
-4 10 -13.5707
-4 11 -13.8637
-4 12 -14.1717
-4 13 -14.4504
-4 14 -14.7377
-4 15 -15.026
-4 16 -15.2869
-4 17 -15.5682
-4 18 -15.7543
-4 19 -16.0408
-4 20 -16.2652
-4 21 -16.4865
-4 22 -16.7284
-4 23 -16.92
-4 24 -17.1306
-4 25 -17.3348
-4 26 -17.5347
-4 27 -17.7053
-4 28 -17.852
-4 29 -18.0608
-4 30 -18.2092
-4 31 -18.3926
-4 32 -18.5236
-4 33 -18.6589
-4 34 -18.8256
-4 35 -18.9489
-4 36 -19.0915
-4 37 -19.1851
-4 38 -19.358
-4 39 -19.4791
-4 40 -19.5893
-3 -10 -11.4172
-3 -9 -11.3921
-3 -8 -11.3798
-3 -7 -11.3801
-3 -6 -11.3358
-3 -5 -11.2984
-3 -4 -11.2932
-3 -3 -11.2805
-3 -2 -11.2304
-3 -1 -11.1902
-3 0 -11.157
-3 1 -11.1325
-3 2 -11.1743
-3 3 -11.3409
-3 4 -11.6029
-3 5 -11.902
-3 6 -12.2612
-3 7 -12.6196
-3 8 -12.9324
-3 9 -13.2765
-3 10 -13.571
-3 11 -13.8794
-3 12 -14.1879
-3 13 -14.4493
-3 14 -14.7171
-3 15 -14.9658
-3 16 -15.2799
-3 17 -15.5323
-3 18 -15.7846
-3 19 -16.0142
-3 20 -16.2729
-3 21 -16.463
-3 22 -16.7364
-3 23 -16.9175
-3 24 -17.122
-3 25 -17.3392
-3 26 -17.5115
-3 27 -17.6926
-3 28 -17.8902
-3 29 -18.0295
-3 30 -18.2104
-3 31 -18.3679
-3 32 -18.5386
-3 33 -18.661
-3 34 -18.8273
-3 35 -18.9597
-3 36 -19.0822
-3 37 -19.2205
-3 38 -19.3204
-3 39 -19.4662
-3 40 -19.5883
-2 -10 -11.43
-2 -9 -11.3965
-2 -8 -11.36
-2 -7 -11.3558
-2 -6 -11.3295
-2 -5 -11.3127
-2 -4 -11.2554
-2 -3 -11.2408
-2 -2 -11.2076
-2 -1 -11.2247
-2 0 -11.1611
-2 1 -11.1126
-2 2 -11.1574
-2 3 -11.324
-2 4 -11.5911
-2 5 -11.8631
-2 6 -12.2623
-2 7 -12.5974
-2 8 -12.9069
-2 9 -13.2601
-2 10 -13.5555
-2 11 -13.9027
-2 12 -14.1738
-2 13 -14.416
-2 14 -14.7294
-2 15 -15.0353
-2 16 -15.3008
-2 17 -15.5255
-2 18 -15.7911
-2 19 -16.0037
-2 20 -16.2324
-2 21 -16.4842
-2 22 -16.7158
-2 23 -16.897
-2 24 -17.1435
-2 25 -17.313
-2 26 -17.5119
-2 27 -17.6895
-2 28 -17.8545
-2 29 -18.0558
-2 30 -18.2277
-2 31 -18.3747
-2 32 -18.5242
-2 33 -18.6611
-2 34 -18.8133
-2 35 -18.9527
-2 36 -19.1029
-2 37 -19.2209
-2 38 -19.3447
-2 39 -19.4408
-2 40 -19.6051
-1 -10 -11.3929
-1 -9 -11.4051
-1 -8 -11.3826
-1 -7 -11.3485
-1 -6 -11.3566
-1 -5 -11.3254
-1 -4 -11.2843
-1 -3 -11.2776
-1 -2 -11.2191
-1 -1 -11.1915
-1 0 -11.1578
-1 1 -11.1207
-1 2 -11.1411
-1 3 -11.3207
-1 4 -11.5989
-1 5 -11.9798
-1 6 -12.2529
-1 7 -12.5696
-1 8 -12.9235
-1 9 -13.2463
-1 10 -13.5624
-1 11 -13.8812
-1 12 -14.2093
-1 13 -14.4566
-1 14 -14.7448
-1 15 -15.018
-1 16 -15.2786
-1 17 -15.511
-1 18 -15.7459
-1 19 -16.0052
-1 20 -16.2602
-1 21 -16.5412
-1 22 -16.6877
-1 23 -16.9014
-1 24 -17.1239
-1 25 -17.3106
-1 26 -17.5275
-1 27 -17.7015
-1 28 -17.8949
-1 29 -18.0768
-1 30 -18.2127
-1 31 -18.3778
-1 32 -18.5371
-1 33 -18.6654
-1 34 -18.8148
-1 35 -18.9665
-1 36 -19.0905
-1 37 -19.2209
-1 38 -19.3506
-1 39 -19.4742
-1 40 -19.5985
0 -10 -11.4439
0 -9 -11.4136
0 -8 -11.3861
0 -7 -11.3676
0 -6 -11.3589
0 -5 -11.344
0 -4 -11.3257
0 -3 -11.2698
0 -2 -11.237
0 -1 -11.2536
0 0 -11.2032
0 1 -11.1448
0 2 -11.1108
0 3 -11.3467
0 4 -11.6226
0 5 -11.9453
0 6 -12.2529
0 7 -12.5753
0 8 -12.9027
0 9 -13.2331
0 10 -13.5614
0 11 -13.9076
0 12 -14.1994
0 13 -14.4451
0 14 -14.7864
0 15 -15.0222
0 16 -15.3093
0 17 -15.5024
0 18 -15.7752
0 19 -16.0366
0 20 -16.3254
0 21 -16.4998
0 22 -16.7236
0 23 -16.92
0 24 -17.1425
0 25 -17.3276
0 26 -17.5401
0 27 -17.72
0 28 -17.8989
0 29 -18.0887
0 30 -18.2245
0 31 -18.4029
0 32 -18.5736
0 33 -18.6912
0 34 -18.8324
0 35 -18.9945
0 36 -19.1429
0 37 -19.2426
0 38 -19.3601
0 39 -19.5102
0 40 -19.5778
1 -10 -11.4758
1 -9 -11.4326
1 -8 -11.4208
1 -7 -11.4017
1 -6 -11.3936
1 -5 -11.3297
1 -4 -11.2971
1 -3 -11.2929
1 -2 -11.2913
1 -1 -11.2556
1 0 -11.2035
1 1 -11.1506
1 2 -11.1674
1 3 -11.333
1 4 -11.6043
1 5 -11.9624
1 6 -12.3156
1 7 -12.6049
1 8 -12.932
1 9 -13.2874
1 10 -13.6445
1 11 -13.9393
1 12 -14.2096
1 13 -14.5028
1 14 -14.7857
1 15 -15.0735
1 16 -15.2987
1 17 -15.5737
1 18 -15.8215
1 19 -16.1114
1 20 -16.305
1 21 -16.5398
1 22 -16.7431
1 23 -16.9441
1 24 -17.1506
1 25 -17.3757
1 26 -17.5687
1 27 -17.7656
1 28 -17.9435
1 29 -18.106
1 30 -18.2931
1 31 -18.4473
1 32 -18.569
1 33 -18.7282
1 34 -18.8648
1 35 -18.9936
1 36 -19.1668
1 37 -19.2986
1 38 -19.4276
1 39 -19.5261
1 40 -19.6451
2 -10 -11.4821
2 -9 -11.4918
2 -8 -11.4469
2 -7 -11.4246
2 -6 -11.4293
2 -5 -11.3924
2 -4 -11.3668
2 -3 -11.3406
2 -2 -11.2798
2 -1 -11.2769
2 0 -11.2701
2 1 -11.2025
2 2 -11.2184
2 3 -11.3652
2 4 -11.68
2 5 -11.9771
2 6 -12.3689
2 7 -12.6575
2 8 -12.9864
2 9 -13.3451
2 10 -13.6846
2 11 -14.0161
2 12 -14.2745
2 13 -14.513
2 14 -14.8359
2 15 -15.1286
2 16 -15.3204
2 17 -15.6285
2 18 -15.8638
2 19 -16.0949
2 20 -16.3609
2 21 -16.5813
2 22 -16.78
2 23 -16.9951
2 24 -17.2148
2 25 -17.3981
2 26 -17.6322
2 27 -17.8065
2 28 -17.9349
2 29 -18.1705
2 30 -18.3508
2 31 -18.4846
2 32 -18.601
2 33 -18.7833
2 34 -18.9255
2 35 -19.0631
2 36 -19.1808
2 37 -19.3279
2 38 -19.4778
2 39 -19.5691
2 40 -19.6969
3 -10 -11.5511
3 -9 -11.5023
3 -8 -11.4898
3 -7 -11.4795
3 -6 -11.4784
3 -5 -11.4274
3 -4 -11.4044
3 -3 -11.3896
3 -2 -11.3389
3 -1 -11.3196
3 0 -11.2621
3 1 -11.2634
3 2 -11.2614
3 3 -11.4285
3 4 -11.7498
3 5 -12.0666
3 6 -12.3822
3 7 -12.7078
3 8 -13.087
3 9 -13.3773
3 10 -13.6878
3 11 -14.0006
3 12 -14.2871
3 13 -14.5976
3 14 -14.8682
3 15 -15.1314
3 16 -15.4504
3 17 -15.6563
3 18 -15.8758
3 19 -16.1727
3 20 -16.3898
3 21 -16.5923
3 22 -16.8501
3 23 -17.0674
3 24 -17.2418
3 25 -17.4809
3 26 -17.6538
3 27 -17.8595
3 28 -18.0084
3 29 -18.1976
3 30 -18.3743
3 31 -18.5093
3 32 -18.6791
3 33 -18.8286
3 34 -18.9612
3 35 -19.093
3 36 -19.2252
3 37 -19.3721
3 38 -19.5062
3 39 -19.613
3 40 -19.7382
4 -10 -11.5644
4 -9 -11.5454
4 -8 -11.5263
4 -7 -11.5128
4 -6 -11.5269
4 -5 -11.4831
4 -4 -11.4611
4 -3 -11.4458
4 -2 -11.413
4 -1 -11.3622
4 0 -11.3301
4 1 -11.294
4 2 -11.3186
4 3 -11.5084
4 4 -11.7497
4 5 -12.1104
4 6 -12.4091
4 7 -12.7397
4 8 -13.1083
4 9 -13.3833
4 10 -13.7217
4 11 -14.0369
4 12 -14.3447
4 13 -14.6294
4 14 -14.8738
4 15 -15.1962
4 16 -15.4822
4 17 -15.7137
4 18 -15.9543
4 19 -16.2255
4 20 -16.4418
4 21 -16.6751
4 22 -16.8703
4 23 -17.0886
4 24 -17.3098
4 25 -17.5161
4 26 -17.7078
4 27 -17.8681
4 28 -18.0718
4 29 -18.258
4 30 -18.4054
4 31 -18.5893
4 32 -18.7156
4 33 -18.8757
4 34 -19.0256
4 35 -19.1322
4 36 -19.3027
4 37 -19.4017
4 38 -19.5281
4 39 -19.6622
4 40 -19.7851
5 -10 -11.6248
5 -9 -11.6277
5 -8 -11.5768
5 -7 -11.5535
5 -6 -11.5427
5 -5 -11.5168
5 -4 -11.5104
5 -3 -11.4666
5 -2 -11.4796
5 -1 -11.3888
5 0 -11.3945
5 1 -11.2995
5 2 -11.3622
5 3 -11.5458
5 4 -11.8158
5 5 -12.153
5 6 -12.4394
5 7 -12.7993
5 8 -13.1016
5 9 -13.4417
5 10 -13.7625
5 11 -14.0615
5 12 -14.34
5 13 -14.6584
5 14 -14.9469
5 15 -15.2225
5 16 -15.4871
5 17 -15.7801
5 18 -16.004
5 19 -16.2235
5 20 -16.4612
5 21 -16.7303
5 22 -16.9336
5 23 -17.1246
5 24 -17.3633
5 25 -17.5535
5 26 -17.7287
5 27 -17.9341
5 28 -18.0996
5 29 -18.3018
5 30 -18.4544
5 31 -18.6245
5 32 -18.761
5 33 -18.9454
5 34 -19.0617
5 35 -19.1864
5 36 -19.3159
5 37 -19.4705
5 38 -19.5725
5 39 -19.7084
5 40 -19.8199
6 -10 -11.673
6 -9 -11.6635
6 -8 -11.6293
6 -7 -11.6308
6 -6 -11.5812
6 -5 -11.5451
6 -4 -11.5384
6 -3 -11.5193
6 -2 -11.4836
6 -1 -11.4621
6 0 -11.401
6 1 -11.3937
6 2 -11.3755
6 3 -11.583
6 4 -11.9069
6 5 -12.1489
6 6 -12.4798
6 7 -12.835
6 8 -13.194
6 9 -13.5072
6 10 -13.8308
6 11 -14.14
6 12 -14.4362
6 13 -14.7523
6 14 -14.9891
6 15 -15.2934
6 16 -15.5459
6 17 -15.7699
6 18 -16.0705
6 19 -16.3197
6 20 -16.5494
6 21 -16.7506
6 22 -16.9582
6 23 -17.2117
6 24 -17.4051
6 25 -17.5913
6 26 -17.7833
6 27 -17.9946
6 28 -18.1539
6 29 -18.3447
6 30 -18.5017
6 31 -18.6756
6 32 -18.817
6 33 -18.9654
6 34 -19.0996
6 35 -19.2541
6 36 -19.3826
6 37 -19.4835
6 38 -19.6024
6 39 -19.7415
6 40 -19.8703
7 -10 -11.7158
7 -9 -11.6782
7 -8 -11.6634
7 -7 -11.6269
7 -6 -11.6296
7 -5 -11.6045
7 -4 -11.5833
7 -3 -11.5412
7 -2 -11.5407
7 -1 -11.4989
7 0 -11.4327
7 1 -11.4263
7 2 -11.4408
7 3 -11.6274
7 4 -11.9098
7 5 -12.2397
7 6 -12.549
7 7 -12.8696
7 8 -13.2168
7 9 -13.4831
7 10 -13.9026
7 11 -14.197
7 12 -14.4663
7 13 -14.7644
7 14 -15.0382
7 15 -15.3438
7 16 -15.6096
7 17 -15.8537
7 18 -16.1155
7 19 -16.3315
7 20 -16.5696
7 21 -16.8128
7 22 -17.016
7 23 -17.2444
7 24 -17.4537
7 25 -17.6818
7 26 -17.8538
7 27 -18.0038
7 28 -18.2081
7 29 -18.3764
7 30 -18.5371
7 31 -18.6884
7 32 -18.8614
7 33 -19.0211
7 34 -19.1653
7 35 -19.2883
7 36 -19.416
7 37 -19.539
7 38 -19.676
7 39 -19.7983
7 40 -19.8874
8 -10 -11.734
8 -9 -11.7426
8 -8 -11.7276
8 -7 -11.7118
8 -6 -11.6737
8 -5 -11.6636
8 -4 -11.6094
8 -3 -11.629
8 -2 -11.5643
8 -1 -11.5403
8 0 -11.5039
8 1 -11.4276
8 2 -11.4889
8 3 -11.6499
8 4 -11.9429
8 5 -12.2669
8 6 -12.5858
8 7 -12.9482
8 8 -13.25
8 9 -13.5978
8 10 -13.9456
8 11 -14.1911
8 12 -14.5354
8 13 -14.8047
8 14 -15.1085
8 15 -15.3876
8 16 -15.629
8 17 -15.9037
8 18 -16.1699
8 19 -16.4058
8 20 -16.6271
8 21 -16.8656
8 22 -17.0731
8 23 -17.2868
8 24 -17.5028
8 25 -17.6899
8 26 -17.8896
8 27 -18.0719
8 28 -18.2183
8 29 -18.4255
8 30 -18.5947
8 31 -18.7555
8 32 -18.8888
8 33 -19.059
8 34 -19.1864
8 35 -19.3206
8 36 -19.4703
8 37 -19.5874
8 38 -19.6995
8 39 -19.8472
8 40 -19.9527
9 -10 -11.8011
9 -9 -11.7645
9 -8 -11.7337
9 -7 -11.7122
9 -6 -11.7271
9 -5 -11.6891
9 -4 -11.6485
9 -3 -11.6336
9 -2 -11.6173
9 -1 -11.562
9 0 -11.5545
9 1 -11.4802
9 2 -11.5655
9 3 -11.7168
9 4 -12.0136
9 5 -12.3331
9 6 -12.6582
9 7 -13.0293
9 8 -13.2996
9 9 -13.6063
9 10 -13.9427
9 11 -14.2268
9 12 -14.5272
9 13 -14.8633
9 14 -15.1418
9 15 -15.4224
9 16 -15.6597
9 17 -15.9152
9 18 -16.2028
9 19 -16.4079
9 20 -16.6738
9 21 -16.9032
9 22 -17.0962
9 23 -17.3259
9 24 -17.525
9 25 -17.7302
9 26 -17.9198
9 27 -18.1001
9 28 -18.2963
9 29 -18.4475
9 30 -18.6274
9 31 -18.7757
9 32 -18.9368
9 33 -19.0847
9 34 -19.2187
9 35 -19.3587
9 36 -19.4834
9 37 -19.6211
9 38 -19.7493
9 39 -19.8783
9 40 -19.9825
10 -10 -11.8255
10 -9 -11.8004
10 -8 -11.782
10 -7 -11.77
10 -6 -11.7364
10 -5 -11.7398
10 -4 -11.7052
10 -3 -11.655
10 -2 -11.6228
10 -1 -11.622
10 0 -11.5806
10 1 -11.5382
10 2 -11.5739
10 3 -11.7592
10 4 -12.0537
10 5 -12.3788
10 6 -12.6676
10 7 -13.0027
10 8 -13.363
10 9 -13.6708
10 10 -13.9911
10 11 -14.2975
10 12 -14.618
10 13 -14.9031
10 14 -15.1746
10 15 -15.4604
10 16 -15.7615
10 17 -15.9657
10 18 -16.2029
10 19 -16.473
10 20 -16.6829
10 21 -16.9328
10 22 -17.1526
10 23 -17.3743
10 24 -17.5533
10 25 -17.7561
10 26 -17.9868
10 27 -18.1188
10 28 -18.3225
10 29 -18.4982
10 30 -18.6535
10 31 -18.833
10 32 -18.969
10 33 -19.1166
10 34 -19.2532
10 35 -19.4144
10 36 -19.5511
10 37 -19.6344
10 38 -19.7892
10 39 -19.9048
10 40 -20.0221
11 -10 -11.8742
11 -9 -11.8422
11 -8 -11.8013
11 -7 -11.791
11 -6 -11.7585
11 -5 -11.752
11 -4 -11.74
11 -3 -11.7002
11 -2 -11.6687
11 -1 -11.6469
11 0 -11.6059
11 1 -11.5525
11 2 -11.5646
11 3 -11.7806
11 4 -12.0634
11 5 -12.4249
11 6 -12.7044
11 7 -13.0733
11 8 -13.3664
11 9 -13.7226
11 10 -14.0218
11 11 -14.3343
11 12 -14.6393
11 13 -14.9361
11 14 -15.2177
11 15 -15.4793
11 16 -15.7625
11 17 -16.027
11 18 -16.2766
11 19 -16.491
11 20 -16.7306
11 21 -16.9348
11 22 -17.1677
11 23 -17.3833
11 24 -17.5879
11 25 -17.7809
11 26 -17.9583
11 27 -18.2078
11 28 -18.3491
11 29 -18.503
11 30 -18.7014
11 31 -18.8539
11 32 -19.0059
11 33 -19.1717
11 34 -19.3014
11 35 -19.4331
11 36 -19.565
11 37 -19.7041
11 38 -19.8117
11 39 -19.9334
11 40 -20.0728
12 -10 -11.9097
12 -9 -11.8724
12 -8 -11.8558
12 -7 -11.8242
12 -6 -11.8178
12 -5 -11.7611
12 -4 -11.779
12 -3 -11.7355
12 -2 -11.733
12 -1 -11.6797
12 0 -11.6301
12 1 -11.6103
12 2 -11.6447
12 3 -11.7922
12 4 -12.1116
12 5 -12.4316
12 6 -12.7276
12 7 -13.1011
12 8 -13.4492
12 9 -13.7498
12 10 -14.0764
12 11 -14.3514
12 12 -14.6653
12 13 -14.9786
12 14 -15.2503
12 15 -15.5129
12 16 -15.7952
12 17 -16.0445
12 18 -16.254
12 19 -16.5377
12 20 -16.7876
12 21 -16.9988
12 22 -17.2195
12 23 -17.4392
12 24 -17.6636
12 25 -17.8421
12 26 -18.0415
12 27 -18.2273
12 28 -18.4079
12 29 -18.5865
12 30 -18.7431
12 31 -18.8829
12 32 -19.0441
12 33 -19.2025
12 34 -19.3235
12 35 -19.4691
12 36 -19.5961
12 37 -19.7267
12 38 -19.8361
12 39 -19.961
12 40 -20.0741
13 -10 -11.9316
13 -9 -11.9007
13 -8 -11.8948
13 -7 -11.862
13 -6 -11.8251
13 -5 -11.8057
13 -4 -11.8134
13 -3 -11.7692
13 -2 -11.7483
13 -1 -11.7064
13 0 -11.6815
13 1 -11.6498
13 2 -11.6301
13 3 -11.8701
13 4 -12.1291
13 5 -12.4336
13 6 -12.7583
13 7 -13.1038
13 8 -13.4331
13 9 -13.7833
13 10 -14.0862
13 11 -14.3981
13 12 -14.7392
13 13 -15.0035
13 14 -15.2769
13 15 -15.5636
13 16 -15.8378
13 17 -16.0794
13 18 -16.3316
13 19 -16.5834
13 20 -16.787
13 21 -17.0332
13 22 -17.2638
13 23 -17.4855
13 24 -17.6702
13 25 -17.8704
13 26 -18.072
13 27 -18.2581
13 28 -18.4055
13 29 -18.6211
13 30 -18.7662
13 31 -18.9182
13 32 -19.0782
13 33 -19.2214
13 34 -19.3769
13 35 -19.5031
13 36 -19.6227
13 37 -19.7591
13 38 -19.8853
13 39 -20.0031
13 40 -20.1133
14 -10 -11.9651
14 -9 -11.9398
14 -8 -11.9133
14 -7 -11.8971
14 -6 -11.8825
14 -5 -11.8549
14 -4 -11.8272
14 -3 -11.8046
14 -2 -11.7922
14 -1 -11.7655
14 0 -11.6908
14 1 -11.645
14 2 -11.7017
14 3 -11.8886
14 4 -12.1775
14 5 -12.4669
14 6 -12.8264
14 7 -13.1355
14 8 -13.4874
14 9 -13.784
14 10 -14.137
14 11 -14.438
14 12 -14.7285
14 13 -15.0428
14 14 -15.3102
14 15 -15.6155
14 16 -15.858
14 17 -16.09
14 18 -16.3409
14 19 -16.5949
14 20 -16.8331
14 21 -17.0621
14 22 -17.2638
14 23 -17.4938
14 24 -17.6879
14 25 -17.8915
14 26 -18.1111
14 27 -18.295
14 28 -18.4661
14 29 -18.642
14 30 -18.7937
14 31 -18.9386
14 32 -19.1065
14 33 -19.2464
14 34 -19.3953
14 35 -19.5353
14 36 -19.6702
14 37 -19.7789
14 38 -19.9284
14 39 -20.0291
14 40 -20.1428
15 -10 -11.9866
15 -9 -11.9668
15 -8 -11.9649
15 -7 -11.9451
15 -6 -11.9146
15 -5 -11.8467
15 -4 -11.8618
15 -3 -11.8284
15 -2 -11.8139
15 -1 -11.7593
15 0 -11.738
15 1 -11.692
15 2 -11.7125
15 3 -11.9261
15 4 -12.1898
15 5 -12.5298
15 6 -12.8208
15 7 -13.1633
15 8 -13.5402
15 9 -13.822
15 10 -14.1387
15 11 -14.4424
15 12 -14.7809
15 13 -15.0364
15 14 -15.3391
15 15 -15.6076
15 16 -15.8716
15 17 -16.128
15 18 -16.3731
15 19 -16.5948
15 20 -16.843
15 21 -17.0971
15 22 -17.2986
15 23 -17.5228
15 24 -17.728
15 25 -17.9358
15 26 -18.1198
15 27 -18.3284
15 28 -18.4868
15 29 -18.6621
15 30 -18.8117
15 31 -18.999
15 32 -19.1402
15 33 -19.2788
15 34 -19.4017
15 35 -19.5675
15 36 -19.6865
15 37 -19.8152
15 38 -19.9371
15 39 -20.0529
15 40 -20.1683
16 -10 -12.0064
16 -9 -11.9797
16 -8 -11.9568
16 -7 -11.94
16 -6 -11.9453
16 -5 -11.9289
16 -4 -11.8999
16 -3 -11.8753
16 -2 -11.8625
16 -1 -11.782
16 0 -11.7801
16 1 -11.7071
16 2 -11.7801
16 3 -11.9148
16 4 -12.2456
16 5 -12.5214
16 6 -12.8783
16 7 -13.2029
16 8 -13.4961
16 9 -13.8912
16 10 -14.1786
16 11 -14.5016
16 12 -14.7918
16 13 -15.0737
16 14 -15.339
16 15 -15.6516
16 16 -15.9161
16 17 -16.1447
16 18 -16.4075
16 19 -16.6562
16 20 -16.8768
16 21 -17.1205
16 22 -17.3356
16 23 -17.5613
16 24 -17.7619
16 25 -17.9637
16 26 -18.1567
16 27 -18.344
16 28 -18.5036
16 29 -18.6666
16 30 -18.8531
16 31 -19.0058
16 32 -19.1632
16 33 -19.3128
16 34 -19.452
16 35 -19.5884
16 36 -19.7261
16 37 -19.8533
16 38 -19.9594
16 39 -20.0751
16 40 -20.206
17 -10 -12.0238
17 -9 -12.0226
17 -8 -12.0075
17 -7 -11.9769
17 -6 -11.9607
17 -5 -11.9348
17 -4 -11.9173
17 -3 -11.8793
17 -2 -11.8582
17 -1 -11.8059
17 0 -11.8067
17 1 -11.7314
17 2 -11.7721
17 3 -11.9806
17 4 -12.2319
17 5 -12.5721
17 6 -12.8727
17 7 -13.2436
17 8 -13.5591
17 9 -13.893
17 10 -14.2289
17 11 -14.5377
17 12 -14.8094
17 13 -15.1201
17 14 -15.3781
17 15 -15.6656
17 16 -15.9298
17 17 -16.1989
17 18 -16.4488
17 19 -16.6772
17 20 -16.9256
17 21 -17.1592
17 22 -17.3735
17 23 -17.5678
17 24 -17.7893
17 25 -17.9679
17 26 -18.1658
17 27 -18.3533
17 28 -18.5179
17 29 -18.7291
17 30 -18.87
17 31 -19.0354
17 32 -19.1977
17 33 -19.3335
17 34 -19.4816
17 35 -19.6056
17 36 -19.7483
17 37 -19.8655
17 38 -19.9813
17 39 -20.1197
17 40 -20.2256
18 -10 -12.0521
18 -9 -12.0274
18 -8 -12.0224
18 -7 -11.9982
18 -6 -11.9882
18 -5 -11.9448
18 -4 -11.9255
18 -3 -11.9067
18 -2 -11.8897
18 -1 -11.8358
18 0 -11.8221
18 1 -11.8087
18 2 -11.794
18 3 -11.9737
18 4 -12.3018
18 5 -12.5747
18 6 -12.9497
18 7 -13.2849
18 8 -13.5829
18 9 -13.9147
18 10 -14.2069
18 11 -14.5324
18 12 -14.8204
18 13 -15.1294
18 14 -15.4216
18 15 -15.688
18 16 -15.9609
18 17 -16.2218
18 18 -16.4545
18 19 -16.7018
18 20 -16.917
18 21 -17.1929
18 22 -17.4175
18 23 -17.6126
18 24 -17.8065
18 25 -18.022
18 26 -18.1935
18 27 -18.3737
18 28 -18.5456
18 29 -18.7445
18 30 -18.9144
18 31 -19.0483
18 32 -19.2096
18 33 -19.3534
18 34 -19.5008
18 35 -19.6407
18 36 -19.7563
18 37 -19.8908
18 38 -20.0079
18 39 -20.1117
18 40 -20.2428
19 -10 -12.0701
19 -9 -12.078
19 -8 -12.0494
19 -7 -12.0428
19 -6 -11.9961
19 -5 -11.9784
19 -4 -11.9357
19 -3 -11.935
19 -2 -11.9246
19 -1 -11.8794
19 0 -11.848
19 1 -11.8184
19 2 -11.8316
19 3 -12.0287
19 4 -12.2915
19 5 -12.6126
19 6 -12.911
19 7 -13.2695
19 8 -13.6164
19 9 -13.9473
19 10 -14.2869
19 11 -14.5737
19 12 -14.8716
19 13 -15.1484
19 14 -15.4231
19 15 -15.7238
19 16 -15.9929
19 17 -16.2477
19 18 -16.4926
19 19 -16.7385
19 20 -16.9516
19 21 -17.1736
19 22 -17.4226
19 23 -17.6076
19 24 -17.8298
19 25 -18.008
19 26 -18.214
19 27 -18.398
19 28 -18.6092
19 29 -18.7684
19 30 -18.9312
19 31 -19.0896
19 32 -19.244
19 33 -19.3809
19 34 -19.5189
19 35 -19.6538
19 36 -19.7875
19 37 -19.9258
19 38 -20.0413
19 39 -20.1645
19 40 -20.2715
20 -10 -12.115
20 -9 -12.0892
20 -8 -12.0595
20 -7 -12.0246
20 -6 -12.0281
20 -5 -11.9932
20 -4 -11.9685
20 -3 -11.9507
20 -2 -11.9286
20 -1 -11.9108
20 0 -11.8811
20 1 -11.8064
20 2 -11.8708
20 3 -12.0426
20 4 -12.3157
20 5 -12.6457
20 6 -12.9537
20 7 -13.2817
20 8 -13.6389
20 9 -13.9428
20 10 -14.2875
20 11 -14.5684
20 12 -14.8765
20 13 -15.1782
20 14 -15.4309
20 15 -15.7438
20 16 -16.0041
20 17 -16.2654
20 18 -16.5089
20 19 -16.7569
20 20 -16.9798
20 21 -17.2159
20 22 -17.4239
20 23 -17.6472
20 24 -17.8455
20 25 -18.0507
20 26 -18.2449
20 27 -18.4579
20 28 -18.6387
20 29 -18.7938
20 30 -18.9624
20 31 -19.1196
20 32 -19.2661
20 33 -19.4112
20 34 -19.5529
20 35 -19.6836
20 36 -19.8238
20 37 -19.9355
20 38 -20.0472
20 39 -20.1908
20 40 -20.2729
21 -10 -12.1122
21 -9 -12.1186
21 -8 -12.0923
21 -7 -12.0676
21 -6 -12.0203
21 -5 -12.0303
21 -4 -11.9957
21 -3 -11.9633
21 -2 -11.9415
21 -1 -11.9194
21 0 -11.8923
21 1 -11.8432
21 2 -11.8798
21 3 -12.0788
21 4 -12.3509
21 5 -12.6818
21 6 -12.9912
21 7 -13.3468
21 8 -13.6473
21 9 -13.9801
21 10 -14.2875
21 11 -14.5798
21 12 -14.8985
21 13 -15.2
21 14 -15.4783
21 15 -15.7372
21 16 -16.0297
21 17 -16.2903
21 18 -16.545
21 19 -16.7816
21 20 -17.0017
21 21 -17.2381
21 22 -17.4448
21 23 -17.6715
21 24 -17.8604
21 25 -18.073
21 26 -18.2641
21 27 -18.4479
21 28 -18.6377
21 29 -18.8044
21 30 -18.9592
21 31 -19.1301
21 32 -19.2839
21 33 -19.4272
21 34 -19.5743
21 35 -19.7124
21 36 -19.822
21 37 -19.9599
21 38 -20.0694
21 39 -20.1994
21 40 -20.3118
22 -10 -12.1388
22 -9 -12.1138
22 -8 -12.1071
22 -7 -12.0709
22 -6 -12.0548
22 -5 -12.0406
22 -4 -12.0224
22 -3 -12.0027
22 -2 -11.9668
22 -1 -11.9366
22 0 -11.8869
22 1 -11.8682
22 2 -11.8866
22 3 -12.0867
22 4 -12.339
22 5 -12.6929
22 6 -12.9957
22 7 -13.3512
22 8 -13.694
22 9 -14.0029
22 10 -14.3009
22 11 -14.6298
22 12 -14.9076
22 13 -15.245
22 14 -15.4843
22 15 -15.7601
22 16 -16.0453
22 17 -16.311
22 18 -16.5449
22 19 -16.7877
22 20 -17.0091
22 21 -17.2543
22 22 -17.4765
22 23 -17.6955
22 24 -17.8878
22 25 -18.1062
22 26 -18.2457
22 27 -18.4705
22 28 -18.6478
22 29 -18.8223
22 30 -18.9767
22 31 -19.1336
22 32 -19.292
22 33 -19.4496
22 34 -19.5895
22 35 -19.7189
22 36 -19.8511
22 37 -19.9606
22 38 -20.0956
22 39 -20.2156
22 40 -20.3345
23 -10 -12.1446
23 -9 -12.1318
23 -8 -12.1217
23 -7 -12.0798
23 -6 -12.0624
23 -5 -12.0598
23 -4 -12.0434
23 -3 -12.017
23 -2 -11.9892
23 -1 -11.9446
23 0 -11.9345
23 1 -11.8984
23 2 -11.9392
23 3 -12.1182
23 4 -12.3827
23 5 -12.7093
23 6 -13.053
23 7 -13.3513
23 8 -13.7137
23 9 -14.0106
23 10 -14.3304
23 11 -14.6496
23 12 -14.9512
23 13 -15.233
23 14 -15.5327
23 15 -15.814
23 16 -16.0593
23 17 -16.3031
23 18 -16.5706
23 19 -16.8098
23 20 -17.0384
23 21 -17.2683
23 22 -17.5069
23 23 -17.7083
23 24 -17.8878
23 25 -18.1138
23 26 -18.3024
23 27 -18.4981
23 28 -18.6718
23 29 -18.8423
23 30 -19.0052
23 31 -19.1655
23 32 -19.3204
23 33 -19.451
23 34 -19.5933
23 35 -19.7256
23 36 -19.8642
23 37 -19.9761
23 38 -20.1145
23 39 -20.2338
23 40 -20.3446
24 -10 -12.1662
24 -9 -12.1457
24 -8 -12.1358
24 -7 -12.1076
24 -6 -12.0879
24 -5 -12.0909
24 -4 -12.0628
24 -3 -12.0271
24 -2 -12.0169
24 -1 -11.9687
24 0 -11.9502
24 1 -11.8903
24 2 -11.925
24 3 -12.115
24 4 -12.4169
24 5 -12.7062
24 6 -13.0465
24 7 -13.4048
24 8 -13.7019
24 9 -14.0372
24 10 -14.35
24 11 -14.6725
24 12 -14.97
24 13 -15.2402
24 14 -15.5288
24 15 -15.8289
24 16 -16.0693
24 17 -16.3443
24 18 -16.5858
24 19 -16.8195
24 20 -17.0564
24 21 -17.2668
24 22 -17.5304
24 23 -17.7191
24 24 -17.9356
24 25 -18.143
24 26 -18.3287
24 27 -18.5061
24 28 -18.6915
24 29 -18.8584
24 30 -19.0291
24 31 -19.1976
24 32 -19.3309
24 33 -19.4829
24 34 -19.6147
24 35 -19.7575
24 36 -19.8954
24 37 -20.0116
24 38 -20.1327
24 39 -20.2437
24 40 -20.3604
25 -10 -12.1848
25 -9 -12.1717
25 -8 -12.1372
25 -7 -12.1255
25 -6 -12.1149
25 -5 -12.0973
25 -4 -12.0741
25 -3 -12.0391
25 -2 -12.0273
25 -1 -11.9878
25 0 -11.9474
25 1 -11.9162
25 2 -11.9682
25 3 -12.1323
25 4 -12.4073
25 5 -12.7608
25 6 -13.0565
25 7 -13.42
25 8 -13.7318
25 9 -14.0568
25 10 -14.3877
25 11 -14.6726
25 12 -14.992
25 13 -15.2668
25 14 -15.5482
25 15 -15.8369
25 16 -16.0982
25 17 -16.3494
25 18 -16.5853
25 19 -16.8317
25 20 -17.0765
25 21 -17.3122
25 22 -17.5516
25 23 -17.7695
25 24 -17.9361
25 25 -18.1483
25 26 -18.3477
25 27 -18.5129
25 28 -18.6954
25 29 -18.8671
25 30 -19.0456
25 31 -19.1898
25 32 -19.3544
25 33 -19.4986
25 34 -19.6303
25 35 -19.7857
25 36 -19.9009
25 37 -20.0238
25 38 -20.144
25 39 -20.2765
25 40 -20.3786
26 -10 -12.1888
26 -9 -12.1769
26 -8 -12.1545
26 -7 -12.1397
26 -6 -12.119
26 -5 -12.1106
26 -4 -12.0892
26 -3 -12.0594
26 -2 -12.0093
26 -1 -12.0141
26 0 -11.9811
26 1 -11.9388
26 2 -11.9613
26 3 -12.1502
26 4 -12.4155
26 5 -12.7585
26 6 -13.0821
26 7 -13.3971
26 8 -13.7803
26 9 -14.0771
26 10 -14.4087
26 11 -14.7332
26 12 -15.0176
26 13 -15.3081
26 14 -15.5746
26 15 -15.8708
26 16 -16.1025
26 17 -16.3587
26 18 -16.642
26 19 -16.8596
26 20 -17.0975
26 21 -17.3249
26 22 -17.537
26 23 -17.7643
26 24 -17.97
26 25 -18.1603
26 26 -18.3653
26 27 -18.5183
26 28 -18.7344
26 29 -18.9008
26 30 -19.0661
26 31 -19.2117
26 32 -19.3714
26 33 -19.5248
26 34 -19.6779
26 35 -19.7865
26 36 -19.9303
26 37 -20.0588
26 38 -20.1616
26 39 -20.2877
26 40 -20.4062
27 -10 -12.2029
27 -9 -12.1636
27 -8 -12.1672
27 -7 -12.1454
27 -6 -12.1308
27 -5 -12.1134
27 -4 -12.0974
27 -3 -12.0848
27 -2 -12.0693
27 -1 -12.0407
27 0 -11.9951
27 1 -11.9643
27 2 -11.9771
27 3 -12.1909
27 4 -12.4375
27 5 -12.7729
27 6 -13.12
27 7 -13.4214
27 8 -13.7905
27 9 -14.0792
27 10 -14.4012
27 11 -14.7429
27 12 -15.0161
27 13 -15.3371
27 14 -15.6149
27 15 -15.8792
27 16 -16.1662
27 17 -16.3704
27 18 -16.6305
27 19 -16.8715
27 20 -17.1281
27 21 -17.362
27 22 -17.5423
27 23 -17.763
27 24 -17.9958
27 25 -18.1868
27 26 -18.3856
27 27 -18.5513
27 28 -18.7524
27 29 -18.9137
27 30 -19.0621
27 31 -19.2408
27 32 -19.3889
27 33 -19.5246
27 34 -19.6641
27 35 -19.8097
27 36 -19.9354
27 37 -20.0595
27 38 -20.1799
27 39 -20.2963
27 40 -20.4078
28 -10 -12.2005
28 -9 -12.1966
28 -8 -12.1813
28 -7 -12.1624
28 -6 -12.1512
28 -5 -12.1165
28 -4 -12.1222
28 -3 -12.0977
28 -2 -12.0671
28 -1 -12.0676
28 0 -12.0101
28 1 -11.9761
28 2 -12.0387
28 3 -12.204
28 4 -12.4527
28 5 -12.7862
28 6 -13.1416
28 7 -13.4392
28 8 -13.7989
28 9 -14.1032
28 10 -14.3995
28 11 -14.7192
28 12 -15.0255
28 13 -15.3296
28 14 -15.6272
28 15 -15.8818
28 16 -16.1474
28 17 -16.418
28 18 -16.6634
28 19 -16.8755
28 20 -17.136
28 21 -17.3432
28 22 -17.5763
28 23 -17.7859
28 24 -17.986
28 25 -18.1732
28 26 -18.3853
28 27 -18.579
28 28 -18.7517
28 29 -18.9277
28 30 -19.0849
28 31 -19.2513
28 32 -19.3857
28 33 -19.555
28 34 -19.6797
28 35 -19.8141
28 36 -19.9492
28 37 -20.0708
28 38 -20.1982
28 39 -20.317
28 40 -20.4259
29 -10 -12.2076
29 -9 -12.2003
29 -8 -12.1782
29 -7 -12.1595
29 -6 -12.1375
29 -5 -12.1382
29 -4 -12.1249
29 -3 -12.1139
29 -2 -12.0954
29 -1 -12.0693
29 0 -12.0359
29 1 -11.9866
29 2 -12.0272
29 3 -12.2093
29 4 -12.4891
29 5 -12.8472
29 6 -13.1197
29 7 -13.4785
29 8 -13.8099
29 9 -14.1333
29 10 -14.4737
29 11 -14.7541
29 12 -15.0306
29 13 -15.3504
29 14 -15.621
29 15 -15.9122
29 16 -16.1577
29 17 -16.3921
29 18 -16.6649
29 19 -16.9285
29 20 -17.1313
29 21 -17.3615
29 22 -17.5614
29 23 -17.7908
29 24 -17.9966
29 25 -18.1876
29 26 -18.3994
29 27 -18.5752
29 28 -18.763
29 29 -18.9342
29 30 -19.1021
29 31 -19.2511
29 32 -19.4093
29 33 -19.545
29 34 -19.6789
29 35 -19.8283
29 36 -19.953
29 37 -20.0811
29 38 -20.2107
29 39 -20.3111
29 40 -20.435
30 -10 -12.2112
30 -9 -12.2011
30 -8 -12.1996
30 -7 -12.1859
30 -6 -12.1748
30 -5 -12.1609
30 -4 -12.1423
30 -3 -12.1305
30 -2 -12.0951
30 -1 -12.0554
30 0 -12.0297
30 1 -11.9829
30 2 -12.0261
30 3 -12.2126
30 4 -12.5004
30 5 -12.7984
30 6 -13.1479
30 7 -13.4779
30 8 -13.8168
30 9 -14.1216
30 10 -14.458
30 11 -14.7525
30 12 -15.0642
30 13 -15.3742
30 14 -15.6453
30 15 -15.916
30 16 -16.1838
30 17 -16.4246
30 18 -16.6866
30 19 -16.9326
30 20 -17.1547
30 21 -17.3649
30 22 -17.6033
30 23 -17.8131
30 24 -18.0241
30 25 -18.2041
30 26 -18.4097
30 27 -18.5796
30 28 -18.7882
30 29 -18.9672
30 30 -19.0999
30 31 -19.2745
30 32 -19.4165
30 33 -19.5536
30 34 -19.7098
30 35 -19.8429
30 36 -19.9681
30 37 -20.0845
30 38 -20.2073
30 39 -20.3256
30 40 -20.4441
31 -10 -12.2313
31 -9 -12.2132
31 -8 -12.2066
31 -7 -12.1857
31 -6 -12.169
31 -5 -12.1614
31 -4 -12.1598
31 -3 -12.1343
31 -2 -12.1116
31 -1 -12.0852
31 0 -12.0545
31 1 -12.019
31 2 -12.0572
31 3 -12.2384
31 4 -12.5216
31 5 -12.8345
31 6 -13.1624
31 7 -13.4881
31 8 -13.8038
31 9 -14.1573
31 10 -14.4739
31 11 -14.7785
31 12 -15.0739
31 13 -15.3655
31 14 -15.6427
31 15 -15.8989
31 16 -16.187
31 17 -16.4455
31 18 -16.716
31 19 -16.9414
31 20 -17.1626
31 21 -17.3917
31 22 -17.616
31 23 -17.8277
31 24 -18.0357
31 25 -18.2202
31 26 -18.4163
31 27 -18.6079
31 28 -18.7851
31 29 -18.9677
31 30 -19.1357
31 31 -19.2728
31 32 -19.4226
31 33 -19.5826
31 34 -19.7178
31 35 -19.8419
31 36 -19.9749
31 37 -20.1125
31 38 -20.2319
31 39 -20.3466
31 40 -20.4479
32 -10 -12.2138
32 -9 -12.216
32 -8 -12.1986
32 -7 -12.1878
32 -6 -12.1872
32 -5 -12.1674
32 -4 -12.1487
32 -3 -12.1253
32 -2 -12.1131
32 -1 -12.0717
32 0 -12.052
32 1 -12.0262
32 2 -12.0632
32 3 -12.2411
32 4 -12.5117
32 5 -12.8337
32 6 -13.1717
32 7 -13.5358
32 8 -13.8223
32 9 -14.1615
32 10 -14.4949
32 11 -14.773
32 12 -15.0692
32 13 -15.3785
32 14 -15.6547
32 15 -15.9499
32 16 -16.202
32 17 -16.4424
32 18 -16.6873
32 19 -16.9398
32 20 -17.1723
32 21 -17.3873
32 22 -17.6044
32 23 -17.8343
32 24 -18.0354
32 25 -18.2288
32 26 -18.4295
32 27 -18.6166
32 28 -18.7878
32 29 -18.9593
32 30 -19.1386
32 31 -19.284
32 32 -19.4371
32 33 -19.5854
32 34 -19.7362
32 35 -19.8626
32 36 -19.9872
32 37 -20.1035
32 38 -20.235
32 39 -20.3392
32 40 -20.4636
33 -10 -12.1988
33 -9 -12.2199
33 -8 -12.1984
33 -7 -12.192
33 -6 -12.1701
33 -5 -12.1498
33 -4 -12.1578
33 -3 -12.1367
33 -2 -12.124
33 -1 -12.0865
33 0 -12.0702
33 1 -12.0112
33 2 -12.0797
33 3 -12.2526
33 4 -12.5573
33 5 -12.8584
33 6 -13.1643
33 7 -13.5064
33 8 -13.8497
33 9 -14.1797
33 10 -14.4684
33 11 -14.8057
33 12 -15.1044
33 13 -15.3942
33 14 -15.6911
33 15 -15.9524
33 16 -16.2214
33 17 -16.4633
33 18 -16.698
33 19 -16.953
33 20 -17.1886
33 21 -17.4207
33 22 -17.6428
33 23 -17.8297
33 24 -18.048
33 25 -18.2468
33 26 -18.4314
33 27 -18.6169
33 28 -18.7945
33 29 -18.9656
33 30 -19.1376
33 31 -19.3009
33 32 -19.4513
33 33 -19.5901
33 34 -19.7393
33 35 -19.8635
33 36 -19.9917
33 37 -20.1207
33 38 -20.2429
33 39 -20.3554
33 40 -20.4689
34 -10 -12.2241
34 -9 -12.2117
34 -8 -12.204
34 -7 -12.1891
34 -6 -12.1731
34 -5 -12.1683
34 -4 -12.1539
34 -3 -12.1644
34 -2 -12.1312
34 -1 -12.1068
34 0 -12.0857
34 1 -12.0552
34 2 -12.0916
34 3 -12.2825
34 4 -12.5523
34 5 -12.8811
34 6 -13.2041
34 7 -13.528
34 8 -13.8539
34 9 -14.1981
34 10 -14.4954
34 11 -14.8174
34 12 -15.1181
34 13 -15.3954
34 14 -15.6709
34 15 -15.9526
34 16 -16.2232
34 17 -16.4782
34 18 -16.7138
34 19 -16.9645
34 20 -17.1909
34 21 -17.4245
34 22 -17.6342
34 23 -17.8463
34 24 -18.0477
34 25 -18.2356
34 26 -18.4459
34 27 -18.6272
34 28 -18.8132
34 29 -18.9833
34 30 -19.152
34 31 -19.2912
34 32 -19.461
34 33 -19.607
34 34 -19.7358
34 35 -19.8601
34 36 -20.0232
34 37 -20.1202
34 38 -20.2408
34 39 -20.3749
34 40 -20.4699
35 -10 -12.2235
35 -9 -12.2108
35 -8 -12.2103
35 -7 -12.199
35 -6 -12.1854
35 -5 -12.1836
35 -4 -12.1607
35 -3 -12.1629
35 -2 -12.1551
35 -1 -12.115
35 0 -12.1049
35 1 -12.0588
35 2 -12.0806
35 3 -12.2836
35 4 -12.5312
35 5 -12.8625
35 6 -13.2095
35 7 -13.5279
35 8 -13.8719
35 9 -14.1998
35 10 -14.488
35 11 -14.8184
35 12 -15.1034
35 13 -15.4008
35 14 -15.6799
35 15 -15.948
35 16 -16.2129
35 17 -16.4709
35 18 -16.7337
35 19 -16.9674
35 20 -17.1897
35 21 -17.3992
35 22 -17.6315
35 23 -17.842
35 24 -18.0626
35 25 -18.2487
35 26 -18.4519
35 27 -18.6421
35 28 -18.8077
35 29 -18.9838
35 30 -19.1479
35 31 -19.3137
35 32 -19.4543
35 33 -19.5992
35 34 -19.7366
35 35 -19.872
35 36 -20.0081
35 37 -20.1267
35 38 -20.243
35 39 -20.3653
35 40 -20.4708
36 -10 -12.2322
36 -9 -12.2125
36 -8 -12.2147
36 -7 -12.1895
36 -6 -12.187
36 -5 -12.1835
36 -4 -12.1766
36 -3 -12.1734
36 -2 -12.1464
36 -1 -12.1127
36 0 -12.0996
36 1 -12.0721
36 2 -12.0943
36 3 -12.288
36 4 -12.5646
36 5 -12.8813
36 6 -13.1985
36 7 -13.5676
36 8 -13.8624
36 9 -14.2118
36 10 -14.5169
36 11 -14.8228
36 12 -15.1157
36 13 -15.3977
36 14 -15.6921
36 15 -15.9744
36 16 -16.2298
36 17 -16.4793
36 18 -16.7095
36 19 -16.9727
36 20 -17.1977
36 21 -17.4168
36 22 -17.6386
36 23 -17.8564
36 24 -18.048
36 25 -18.2708
36 26 -18.4594
36 27 -18.6502
36 28 -18.8101
36 29 -18.9798
36 30 -19.1482
36 31 -19.3019
36 32 -19.4537
36 33 -19.5869
36 34 -19.7466
36 35 -19.8769
36 36 -20.0124
36 37 -20.1245
36 38 -20.2518
36 39 -20.3592
36 40 -20.4759
37 -10 -12.2179
37 -9 -12.2124
37 -8 -12.1893
37 -7 -12.2023
37 -6 -12.1809
37 -5 -12.1801
37 -4 -12.1779
37 -3 -12.1562
37 -2 -12.1592
37 -1 -12.1059
37 0 -12.0951
37 1 -12.0623
37 2 -12.1145
37 3 -12.3026
37 4 -12.5474
37 5 -12.8871
37 6 -13.2377
37 7 -13.5437
37 8 -13.8838
37 9 -14.2232
37 10 -14.5234
37 11 -14.8196
37 12 -15.125
37 13 -15.404
37 14 -15.6949
37 15 -15.9682
37 16 -16.2261
37 17 -16.5009
37 18 -16.7289
37 19 -16.9791
37 20 -17.1838
37 21 -17.4233
37 22 -17.6505
37 23 -17.8659
37 24 -18.0584
37 25 -18.2877
37 26 -18.4381
37 27 -18.6218
37 28 -18.8141
37 29 -18.9746
37 30 -19.1492
37 31 -19.311
37 32 -19.4615
37 33 -19.5988
37 34 -19.7301
37 35 -19.8705
37 36 -20.005
37 37 -20.1355
37 38 -20.2506
37 39 -20.3696
37 40 -20.4755
38 -10 -12.217
38 -9 -12.2206
38 -8 -12.2217
38 -7 -12.2072
38 -6 -12.1784
38 -5 -12.1911
38 -4 -12.1681
38 -3 -12.1627
38 -2 -12.1443
38 -1 -12.1243
38 0 -12.1102
38 1 -12.0791
38 2 -12.1151
38 3 -12.3072
38 4 -12.5707
38 5 -12.9028
38 6 -13.2291
38 7 -13.5587
38 8 -13.8847
38 9 -14.2014
38 10 -14.536
38 11 -14.8315
38 12 -15.1413
38 13 -15.4052
38 14 -15.6955
38 15 -15.9793
38 16 -16.2534
38 17 -16.4909
38 18 -16.7344
38 19 -16.974
38 20 -17.2097
38 21 -17.4292
38 22 -17.6564
38 23 -17.8628
38 24 -18.0645
38 25 -18.2491
38 26 -18.446
38 27 -18.6238
38 28 -18.7956
38 29 -18.9894
38 30 -19.1599
38 31 -19.3113
38 32 -19.4674
38 33 -19.5995
38 34 -19.7277
38 35 -19.8916
38 36 -20.0006
38 37 -20.1309
38 38 -20.2535
38 39 -20.3654
38 40 -20.491
39 -10 -12.2233
39 -9 -12.2271
39 -8 -12.2193
39 -7 -12.1916
39 -6 -12.1743
39 -5 -12.1811
39 -4 -12.1673
39 -3 -12.1579
39 -2 -12.1455
39 -1 -12.1535
39 0 -12.1175
39 1 -12.075
39 2 -12.1165
39 3 -12.3168
39 4 -12.5688
39 5 -12.893
39 6 -13.2367
39 7 -13.5602
39 8 -13.884
39 9 -14.2158
39 10 -14.5231
39 11 -14.8299
39 12 -15.1416
39 13 -15.4198
39 14 -15.6857
39 15 -15.9843
39 16 -16.2336
39 17 -16.4995
39 18 -16.7302
39 19 -16.9909
39 20 -17.2199
39 21 -17.4399
39 22 -17.654
39 23 -17.8687
39 24 -18.0599
39 25 -18.2505
39 26 -18.4647
39 27 -18.6444
39 28 -18.8069
39 29 -18.9805
39 30 -19.1465
39 31 -19.3079
39 32 -19.4662
39 33 -19.594
39 34 -19.7457
39 35 -19.8797
39 36 -20.0068
39 37 -20.1351
39 38 -20.255
39 39 -20.3734
39 40 -20.4805
40 -10 -12.2217
40 -9 -12.2196
40 -8 -12.2116
40 -7 -12.2032
40 -6 -12.1902
40 -5 -12.1908
40 -4 -12.165
40 -3 -12.1597
40 -2 -12.1293
40 -1 -12.1274
40 0 -12.1135
40 1 -12.0732
40 2 -12.1097
40 3 -12.3082
40 4 -12.5826
40 5 -12.8957
40 6 -13.2423
40 7 -13.5847
40 8 -13.9159
40 9 -14.2126
40 10 -14.529
40 11 -14.8442
40 12 -15.1438
40 13 -15.4021
40 14 -15.6993
40 15 -15.9624
40 16 -16.2294
40 17 -16.4982
40 18 -16.7381
40 19 -16.9678
40 20 -17.213
40 21 -17.4328
40 22 -17.6501
40 23 -17.8487
40 24 -18.0719
40 25 -18.2694
40 26 -18.4487
40 27 -18.6251
40 28 -18.794
40 29 -18.9905
40 30 -19.1517
40 31 -19.3027
40 32 -19.4728
40 33 -19.5956
40 34 -19.7577
40 35 -19.8729
40 36 -20.0015
40 37 -20.1349
40 38 -20.2455
40 39 -20.3764
40 40 -20.4878
