-10 -10 -8.07919
-10 -9 -8.06493
-10 -8 -8.05181
-10 -7 -8.02542
-10 -6 -8.02511
-10 -5 -7.99052
-10 -4 -7.95349
-10 -3 -7.93008
-10 -2 -7.91282
-10 -1 -7.90129
-10 0 -7.88872
-10 1 -7.86885
-10 2 -7.90383
-10 3 -8.06412
-10 4 -8.33005
-10 5 -8.64196
-10 6 -8.96823
-10 7 -9.28916
-10 8 -9.59977
-10 9 -9.92336
-10 10 -10.2443
-10 11 -10.5413
-10 12 -10.8362
-10 13 -11.1102
-10 14 -11.3905
-10 15 -11.6527
-10 16 -11.9052
-10 17 -12.1637
-10 18 -12.4046
-10 19 -12.6435
-10 20 -12.8719
-10 21 -13.0994
-10 22 -13.3184
-10 23 -13.5312
-10 24 -13.7414
-10 25 -13.9367
-10 26 -14.1391
-10 27 -14.3324
-10 28 -14.5311
-10 29 -14.7017
-10 30 -14.8879
-10 31 -15.0679
-10 32 -15.2367
-10 33 -15.4091
-10 34 -15.5671
-10 35 -15.7303
-10 36 -15.8787
-10 37 -16.0311
-10 38 -16.1825
-10 39 -16.3193
-10 40 -16.4667
-9 -10 -8.06987
-9 -9 -8.05178
-9 -8 -8.04511
-9 -7 -8.02012
-9 -6 -7.99523
-9 -5 -7.96299
-9 -4 -7.92643
-9 -3 -7.91281
-9 -2 -7.90353
-9 -1 -7.89384
-9 0 -7.85978
-9 1 -7.83529
-9 2 -7.84748
-9 3 -8.02916
-9 4 -8.27687
-9 5 -8.59205
-9 6 -8.90613
-9 7 -9.23586
-9 8 -9.55102
-9 9 -9.87188
-9 10 -10.1783
-9 11 -10.4749
-9 12 -10.7879
-9 13 -11.0708
-9 14 -11.3519
-9 15 -11.6218
-9 16 -11.8964
-9 17 -12.1415
-9 18 -12.3895
-9 19 -12.6541
-9 20 -12.8652
-9 21 -13.0905
-9 22 -13.3137
-9 23 -13.528
-9 24 -13.741
-9 25 -13.944
-9 26 -14.143
-9 27 -14.3367
-9 28 -14.5201
-9 29 -14.7053
-9 30 -14.8877
-9 31 -15.0655
-9 32 -15.2327
-9 33 -15.399
-9 34 -15.5657
-9 35 -15.7258
-9 36 -15.8737
-9 37 -16.0269
-9 38 -16.1697
-9 39 -16.3214
-9 40 -16.4482
-8 -10 -8.04673
-8 -9 -8.02849
-8 -8 -8.02263
-8 -7 -8.00515
-8 -6 -7.96134
-8 -5 -7.92655
-8 -4 -7.90621
-8 -3 -7.89887
-8 -2 -7.89103
-8 -1 -7.87433
-8 0 -7.82869
-8 1 -7.78735
-8 2 -7.78381
-8 3 -7.97198
-8 4 -8.22874
-8 5 -8.54884
-8 6 -8.86982
-8 7 -9.19622
-8 8 -9.5128
-8 9 -9.83315
-8 10 -10.1315
-8 11 -10.4332
-8 12 -10.7284
-8 13 -11.024
-8 14 -11.309
-8 15 -11.5765
-8 16 -11.8479
-8 17 -12.0974
-8 18 -12.3574
-8 19 -12.593
-8 20 -12.8389
-8 21 -13.0747
-8 22 -13.2924
-8 23 -13.5206
-8 24 -13.7265
-8 25 -13.9393
-8 26 -14.1358
-8 27 -14.3328
-8 28 -14.5196
-8 29 -14.7048
-8 30 -14.8847
-8 31 -15.0593
-8 32 -15.2337
-8 33 -15.3951
-8 34 -15.5651
-8 35 -15.7232
-8 36 -15.878
-8 37 -16.0246
-8 38 -16.1732
-8 39 -16.314
-8 40 -16.4517
-7 -10 -8.0415
-7 -9 -8.01931
-7 -8 -7.99839
-7 -7 -7.96487
-7 -6 -7.92923
-7 -5 -7.92003
-7 -4 -7.89393
-7 -3 -7.89811
-7 -2 -7.87124
-7 -1 -7.82736
-7 0 -7.76678
-7 1 -7.73067
-7 2 -7.75913
-7 3 -7.93812
-7 4 -8.19418
-7 5 -8.49705
-7 6 -8.82219
-7 7 -9.1609
-7 8 -9.47672
-7 9 -9.78814
-7 10 -10.0967
-7 11 -10.392
-7 12 -10.6886
-7 13 -10.9712
-7 14 -11.2526
-7 15 -11.5183
-7 16 -11.7817
-7 17 -12.0371
-7 18 -12.284
-7 19 -12.5293
-7 20 -12.7737
-7 21 -13.0005
-7 22 -13.2222
-7 23 -13.4463
-7 24 -13.6602
-7 25 -13.8787
-7 26 -14.0832
-7 27 -14.2939
-7 28 -14.4952
-7 29 -14.6795
-7 30 -14.8677
-7 31 -15.0453
-7 32 -15.2133
-7 33 -15.3935
-7 34 -15.5523
-7 35 -15.7079
-7 36 -15.8588
-7 37 -16.0042
-7 38 -16.1516
-7 39 -16.2927
-7 40 -16.4265
-6 -10 -8.02147
-6 -9 -8.00116
-6 -8 -7.95549
-6 -7 -7.93917
-6 -6 -7.9224
-6 -5 -7.9007
-6 -4 -7.89465
-6 -3 -7.87024
-6 -2 -7.82966
-6 -1 -7.76955
-6 0 -7.73816
-6 1 -7.7072
-6 2 -7.75743
-6 3 -7.91741
-6 4 -8.20204
-6 5 -8.49178
-6 6 -8.82123
-6 7 -9.14496
-6 8 -9.45183
-6 9 -9.77675
-6 10 -10.086
-6 11 -10.3713
-6 12 -10.6657
-6 13 -10.9453
-6 14 -11.2241
-6 15 -11.4802
-6 16 -11.7574
-6 17 -12.0006
-6 18 -12.2453
-6 19 -12.4948
-6 20 -12.7313
-6 21 -12.9532
-6 22 -13.185
-6 23 -13.3941
-6 24 -13.611
-6 25 -13.8141
-6 26 -14.0119
-6 27 -14.2291
-6 28 -14.4169
-6 29 -14.6152
-6 30 -14.8076
-6 31 -14.9859
-6 32 -15.1629
-6 33 -15.3361
-6 34 -15.5044
-6 35 -15.6594
-6 36 -15.829
-6 37 -15.9804
-6 38 -16.1278
-6 39 -16.2631
-6 40 -16.4033
-5 -10 -8.00455
-5 -9 -7.98037
-5 -8 -7.93931
-5 -7 -7.91509
-5 -6 -7.89992
-5 -5 -7.88992
-5 -4 -7.87562
-5 -3 -7.83491
-5 -2 -7.77178
-5 -1 -7.73622
-5 0 -7.71419
-5 1 -7.7016
-5 2 -7.73898
-5 3 -7.93042
-5 4 -8.1897
-5 5 -8.4951
-5 6 -8.82372
-5 7 -9.13408
-5 8 -9.46652
-5 9 -9.77165
-5 10 -10.0744
-5 11 -10.3647
-5 12 -10.6643
-5 13 -10.9386
-5 14 -11.2102
-5 15 -11.4816
-5 16 -11.7407
-5 17 -11.989
-5 18 -12.2363
-5 19 -12.4597
-5 20 -12.7061
-5 21 -12.9285
-5 22 -13.1504
-5 23 -13.3652
-5 24 -13.5758
-5 25 -13.7872
-5 26 -14.0056
-5 27 -14.1875
-5 28 -14.3866
-5 29 -14.5745
-5 30 -14.7532
-5 31 -14.9371
-5 32 -15.1104
-5 33 -15.2863
-5 34 -15.4656
-5 35 -15.6232
-5 36 -15.7684
-5 37 -15.9362
-5 38 -16.088
-5 39 -16.2281
-5 40 -16.3631
-4 -10 -7.97574
-4 -9 -7.95107
-4 -8 -7.9186
-4 -7 -7.91087
-4 -6 -7.90735
-4 -5 -7.87906
-4 -4 -7.84309
-4 -3 -7.78634
-4 -2 -7.74447
-4 -1 -7.71742
-4 0 -7.68952
-4 1 -7.68854
-4 2 -7.72447
-4 3 -7.90555
-4 4 -8.1877
-4 5 -8.48301
-4 6 -8.81783
-4 7 -9.13181
-4 8 -9.45011
-4 9 -9.77893
-4 10 -10.0759
-4 11 -10.3835
-4 12 -10.6658
-4 13 -10.9506
-4 14 -11.2148
-4 15 -11.489
-4 16 -11.7422
-4 17 -11.9937
-4 18 -12.2317
-4 19 -12.4714
-4 20 -12.6927
-4 21 -12.924
-4 22 -13.1457
-4 23 -13.3533
-4 24 -13.5729
-4 25 -13.7775
-4 26 -13.9689
-4 27 -14.1714
-4 28 -14.359
-4 29 -14.5506
-4 30 -14.74
-4 31 -14.9097
-4 32 -15.0856
-4 33 -15.2513
-4 34 -15.4155
-4 35 -15.5769
-4 36 -15.7379
-4 37 -15.8967
-4 38 -16.0493
-4 39 -16.1821
-4 40 -16.326
-3 -10 -7.96529
-3 -9 -7.9367
-3 -8 -7.93251
-3 -7 -7.91735
-3 -6 -7.89032
-3 -5 -7.85548
-3 -4 -7.80873
-3 -3 -7.75054
-3 -2 -7.72046
-3 -1 -7.71754
-3 0 -7.70489
-3 1 -7.70369
-3 2 -7.69902
-3 3 -7.86773
-3 4 -8.12955
-3 5 -8.42984
-3 6 -8.74215
-3 7 -9.08509
-3 8 -9.40128
-3 9 -9.75372
-3 10 -10.049
-3 11 -10.3688
-3 12 -10.6592
-3 13 -10.9415
-3 14 -11.2247
-3 15 -11.4857
-3 16 -11.7491
-3 17 -11.9967
-3 18 -12.2461
-3 19 -12.4703
-3 20 -12.7065
-3 21 -12.9295
-3 22 -13.1549
-3 23 -13.3592
-3 24 -13.5633
-3 25 -13.7661
-3 26 -13.9607
-3 27 -14.1612
-3 28 -14.3534
-3 29 -14.5407
-3 30 -14.725
-3 31 -14.893
-3 32 -15.0624
-3 33 -15.2355
-3 34 -15.399
-3 35 -15.5633
-3 36 -15.7194
-3 37 -15.8706
-3 38 -16.0251
-3 39 -16.1616
-3 40 -16.301
-2 -10 -7.96142
-2 -9 -7.93595
-2 -8 -7.92439
-2 -7 -7.92058
-2 -6 -7.87852
-2 -5 -7.83272
-2 -4 -7.7833
-2 -3 -7.75071
-2 -2 -7.72575
-2 -1 -7.7262
-2 0 -7.71735
-2 1 -7.64653
-2 2 -7.6488
-2 3 -7.8016
-2 4 -8.06918
-2 5 -8.38443
-2 6 -8.70443
-2 7 -9.04045
-2 8 -9.35571
-2 9 -9.68841
-2 10 -10.0113
-2 11 -10.3078
-2 12 -10.601
-2 13 -10.9017
-2 14 -11.1812
-2 15 -11.4537
-2 16 -11.73
-2 17 -11.9813
-2 18 -12.2458
-2 19 -12.4769
-2 20 -12.7134
-2 21 -12.9397
-2 22 -13.1657
-2 23 -13.3689
-2 24 -13.5852
-2 25 -13.7805
-2 26 -13.9719
-2 27 -14.167
-2 28 -14.3575
-2 29 -14.5453
-2 30 -14.7261
-2 31 -14.8988
-2 32 -15.0768
-2 33 -15.2394
-2 34 -15.3982
-2 35 -15.5684
-2 36 -15.7135
-2 37 -15.8741
-2 38 -16.016
-2 39 -16.1613
-2 40 -16.2963
-1 -10 -7.94982
-1 -9 -7.94318
-1 -8 -7.94311
-1 -7 -7.90912
-1 -6 -7.85314
-1 -5 -7.80614
-1 -4 -7.75783
-1 -3 -7.75506
-1 -2 -7.73937
-1 -1 -7.72674
-1 0 -7.67325
-1 1 -7.60096
-1 2 -7.6392
-1 3 -7.79426
-1 4 -8.05239
-1 5 -8.3744
-1 6 -8.71106
-1 7 -9.02932
-1 8 -9.34955
-1 9 -9.65928
-1 10 -9.98166
-1 11 -10.2702
-1 12 -10.5813
-1 13 -10.8736
-1 14 -11.1699
-1 15 -11.4345
-1 16 -11.708
-1 17 -11.9487
-1 18 -12.2118
-1 19 -12.4562
-1 20 -12.7125
-1 21 -12.951
-1 22 -13.1691
-1 23 -13.3883
-1 24 -13.5962
-1 25 -13.8014
-1 26 -14.002
-1 27 -14.1953
-1 28 -14.3808
-1 29 -14.5688
-1 30 -14.7513
-1 31 -14.9194
-1 32 -15.0854
-1 33 -15.2607
-1 34 -15.4202
-1 35 -15.5836
-1 36 -15.7421
-1 37 -15.8791
-1 38 -16.0308
-1 39 -16.1728
-1 40 -16.316
0 -10 -7.95874
0 -9 -7.95458
0 -8 -7.95085
0 -7 -7.89684
0 -6 -7.85506
0 -5 -7.82204
0 -4 -7.79274
0 -3 -7.77846
0 -2 -7.7549
0 -1 -7.72023
0 0 -7.65803
0 1 -7.59719
0 2 -7.61993
0 3 -7.8117
0 4 -8.07092
0 5 -8.38686
0 6 -8.70012
0 7 -9.0349
0 8 -9.35258
0 9 -9.66777
0 10 -9.9824
0 11 -10.2875
0 12 -10.5736
0 13 -10.8502
0 14 -11.1348
0 15 -11.4119
0 16 -11.6802
0 17 -11.9495
0 18 -12.2061
0 19 -12.4452
0 20 -12.7065
0 21 -12.941
0 22 -13.18
0 23 -13.4072
0 24 -13.6323
0 25 -13.8396
0 26 -14.038
0 27 -14.235
0 28 -14.4323
0 29 -14.6088
0 30 -14.7847
0 31 -14.9672
0 32 -15.1331
0 33 -15.3015
0 34 -15.4469
0 35 -15.6246
0 36 -15.7704
0 37 -15.913
0 38 -16.0642
0 39 -16.2085
0 40 -16.3415
1 -10 -7.98927
1 -9 -7.99567
1 -8 -7.95742
1 -7 -7.90797
1 -6 -7.87866
1 -5 -7.84881
1 -4 -7.83088
1 -3 -7.82565
1 -2 -7.81043
1 -1 -7.74512
1 0 -7.65623
1 1 -7.60337
1 2 -7.64873
1 3 -7.83654
1 4 -8.11109
1 5 -8.41632
1 6 -8.72767
1 7 -9.05928
1 8 -9.36175
1 9 -9.70346
1 10 -10.0077
1 11 -10.2986
1 12 -10.5877
1 13 -10.882
1 14 -11.169
1 15 -11.446
1 16 -11.7121
1 17 -11.9736
1 18 -12.2356
1 19 -12.4898
1 20 -12.7217
1 21 -12.9769
1 22 -13.2107
1 23 -13.4366
1 24 -13.6629
1 25 -13.8703
1 26 -14.0836
1 27 -14.2854
1 28 -14.462
1 29 -14.6494
1 30 -14.8373
1 31 -15.0146
1 32 -15.1837
1 33 -15.3443
1 34 -15.5061
1 35 -15.6654
1 36 -15.8237
1 37 -15.9721
1 38 -16.1183
1 39 -16.2527
1 40 -16.3963
2 -10 -8.04482
2 -9 -8.05175
2 -8 -8.01418
2 -7 -7.96202
2 -6 -7.92349
2 -5 -7.89351
2 -4 -7.87872
2 -3 -7.87823
2 -2 -7.86126
2 -1 -7.81668
2 0 -7.73208
2 1 -7.67132
2 2 -7.70484
2 3 -7.89367
2 4 -8.14965
2 5 -8.45459
2 6 -8.77819
2 7 -9.10283
2 8 -9.4017
2 9 -9.73371
2 10 -10.0438
2 11 -10.3457
2 12 -10.6465
2 13 -10.9356
2 14 -11.2073
2 15 -11.4945
2 16 -11.748
2 17 -12.0189
2 18 -12.2723
2 19 -12.5308
2 20 -12.7796
2 21 -13.0215
2 22 -13.2558
2 23 -13.4862
2 24 -13.6922
2 25 -13.9217
2 26 -14.1233
2 27 -14.3273
2 28 -14.5172
2 29 -14.7109
2 30 -14.8848
2 31 -15.0612
2 32 -15.2292
2 33 -15.3988
2 34 -15.5557
2 35 -15.7192
2 36 -15.8723
2 37 -16.0281
2 38 -16.1726
2 39 -16.3088
2 40 -16.4487
3 -10 -8.11806
3 -9 -8.104
3 -8 -8.07389
3 -7 -8.03606
3 -6 -7.99505
3 -5 -7.95417
3 -4 -7.93377
3 -3 -7.91674
3 -2 -7.88234
3 -1 -7.8531
3 0 -7.78887
3 1 -7.73568
3 2 -7.7631
3 3 -7.93833
3 4 -8.20491
3 5 -8.51215
3 6 -8.82024
3 7 -9.15438
3 8 -9.48561
3 9 -9.79421
3 10 -10.0905
3 11 -10.4045
3 12 -10.6985
3 13 -10.9954
3 14 -11.2845
3 15 -11.5536
3 16 -11.815
3 17 -12.0845
3 18 -12.3554
3 19 -12.6062
3 20 -12.8381
3 21 -13.086
3 22 -13.3223
3 23 -13.5417
3 24 -13.7645
3 25 -13.966
3 26 -14.1836
3 27 -14.3683
3 28 -14.5667
3 29 -14.7522
3 30 -14.9308
3 31 -15.1066
3 32 -15.2777
3 33 -15.4508
3 34 -15.6093
3 35 -15.7684
3 36 -15.92
3 37 -16.0753
3 38 -16.2246
3 39 -16.3582
3 40 -16.4962
4 -10 -8.14554
4 -9 -8.12204
4 -8 -8.10509
4 -7 -8.08825
4 -6 -8.0444
4 -5 -8.0039
4 -4 -7.97692
4 -3 -7.94286
4 -2 -7.8913
4 -1 -7.87308
4 0 -7.85209
4 1 -7.79326
4 2 -7.81659
4 3 -7.99893
4 4 -8.27285
4 5 -8.57328
4 6 -8.90776
4 7 -9.22879
4 8 -9.55393
4 9 -9.86913
4 10 -10.1777
4 11 -10.4914
4 12 -10.7938
4 13 -11.081
4 14 -11.3788
4 15 -11.6419
4 16 -11.9146
4 17 -12.1796
4 18 -12.4391
4 19 -12.6812
4 20 -12.9111
4 21 -13.1406
4 22 -13.3589
4 23 -13.5791
4 24 -13.7934
4 25 -14.0049
4 26 -14.1981
4 27 -14.3963
4 28 -14.6025
4 29 -14.7915
4 30 -14.9648
4 31 -15.1457
4 32 -15.309
4 33 -15.477
4 34 -15.6595
4 35 -15.8067
4 36 -15.9673
4 37 -16.1148
4 38 -16.2586
4 39 -16.4026
4 40 -16.5401
5 -10 -8.18882
5 -9 -8.16038
5 -8 -8.115
5 -7 -8.11203
5 -6 -8.08746
5 -5 -8.06622
5 -4 -8.03435
5 -3 -7.99338
5 -2 -7.93752
5 -1 -7.91375
5 0 -7.88973
5 1 -7.85516
5 2 -7.90897
5 3 -8.08633
5 4 -8.3352
5 5 -8.6606
5 6 -8.99308
5 7 -9.31036
5 8 -9.63361
5 9 -9.95821
5 10 -10.2652
5 11 -10.5709
5 12 -10.8537
5 13 -11.1572
5 14 -11.4278
5 15 -11.6925
5 16 -11.9606
5 17 -12.2149
5 18 -12.4824
5 19 -12.7014
5 20 -12.9319
5 21 -13.1673
5 22 -13.388
5 23 -13.608
5 24 -13.8178
5 25 -14.0244
5 26 -14.2179
5 27 -14.4291
5 28 -14.6269
5 29 -14.818
5 30 -15.0093
5 31 -15.1805
5 32 -15.3592
5 33 -15.5275
5 34 -15.6911
5 35 -15.8539
5 36 -16.0052
5 37 -16.1606
5 38 -16.3035
5 39 -16.4515
5 40 -16.5882
6 -10 -8.21953
6 -9 -8.18183
6 -8 -8.1586
6 -7 -8.14895
6 -6 -8.14024
6 -5 -8.12034
6 -4 -8.09184
6 -3 -8.04243
6 -2 -7.9688
6 -1 -7.9292
6 0 -7.91553
6 1 -7.9075
6 2 -7.9575
6 3 -8.13334
6 4 -8.41758
6 5 -8.71403
6 6 -9.03538
6 7 -9.3571
6 8 -9.68344
6 9 -10.0088
6 10 -10.3121
6 11 -10.612
6 12 -10.8913
6 13 -11.1917
6 14 -11.469
6 15 -11.7423
6 16 -11.9953
6 17 -12.2485
6 18 -12.4966
6 19 -12.7381
6 20 -12.9721
6 21 -13.2008
6 22 -13.4075
6 23 -13.6327
6 24 -13.8478
6 25 -14.064
6 26 -14.2735
6 27 -14.4753
6 28 -14.6693
6 29 -14.8561
6 30 -15.049
6 31 -15.2299
6 32 -15.4127
6 33 -15.582
6 34 -15.7496
6 35 -15.9091
6 36 -16.0626
6 37 -16.2129
6 38 -16.3549
6 39 -16.5033
6 40 -16.6423
7 -10 -8.28593
7 -9 -8.25213
7 -8 -8.20071
7 -7 -8.18882
7 -6 -8.1712
7 -5 -8.16275
7 -4 -8.14537
7 -3 -8.11734
7 -2 -8.04763
7 -1 -7.99613
7 0 -7.95879
7 1 -7.95564
7 2 -8.00068
7 3 -8.16711
7 4 -8.42555
7 5 -8.74726
7 6 -9.07829
7 7 -9.39436
7 8 -9.72307
7 9 -10.0336
7 10 -10.3574
7 11 -10.646
7 12 -10.9426
7 13 -11.2313
7 14 -11.5072
7 15 -11.7755
7 16 -12.0321
7 17 -12.2853
7 18 -12.5344
7 19 -12.7652
7 20 -13.0026
7 21 -13.2315
7 22 -13.4619
7 23 -13.6731
7 24 -13.8927
7 25 -14.1004
7 26 -14.3079
7 27 -14.5069
7 28 -14.7055
7 29 -14.9072
7 30 -15.0996
7 31 -15.2727
7 32 -15.4616
7 33 -15.637
7 34 -15.811
7 35 -15.9718
7 36 -16.1288
7 37 -16.2827
7 38 -16.4184
7 39 -16.5615
7 40 -16.7188
8 -10 -8.35656
8 -9 -8.32183
8 -8 -8.27284
8 -7 -8.23665
8 -6 -8.21609
8 -5 -8.22302
8 -4 -8.19082
8 -3 -8.17306
8 -2 -8.10077
8 -1 -8.04417
8 0 -8.01099
8 1 -7.98992
8 2 -8.02404
8 3 -8.18485
8 4 -8.46428
8 5 -8.76997
8 6 -9.09682
8 7 -9.44468
8 8 -9.76186
8 9 -10.0784
8 10 -10.3921
8 11 -10.6927
8 12 -10.9785
8 13 -11.272
8 14 -11.5402
8 15 -11.8122
8 16 -12.0731
8 17 -12.3146
8 18 -12.5695
8 19 -12.8079
8 20 -13.0306
8 21 -13.2705
8 22 -13.4898
8 23 -13.7044
8 24 -13.9335
8 25 -14.1446
8 26 -14.3497
8 27 -14.5543
8 28 -14.7614
8 29 -14.9581
8 30 -15.1622
8 31 -15.3454
8 32 -15.517
8 33 -15.6976
8 34 -15.8692
8 35 -16.0291
8 36 -16.1936
8 37 -16.3398
8 38 -16.4921
8 39 -16.6389
8 40 -16.7745
9 -10 -8.3957
9 -9 -8.3605
9 -8 -8.32624
9 -7 -8.28106
9 -6 -8.26276
9 -5 -8.2547
9 -4 -8.23464
9 -3 -8.19682
9 -2 -8.14449
9 -1 -8.09071
9 0 -8.04991
9 1 -8.01674
9 2 -8.04779
9 3 -8.2171
9 4 -8.50017
9 5 -8.7964
9 6 -9.12787
9 7 -9.46354
9 8 -9.79228
9 9 -10.1175
9 10 -10.419
9 11 -10.7194
9 12 -11.0199
9 13 -11.2984
9 14 -11.5755
9 15 -11.842
9 16 -12.1056
9 17 -12.3596
9 18 -12.6167
9 19 -12.8496
9 20 -13.0842
9 21 -13.315
9 22 -13.5474
9 23 -13.7717
9 24 -13.9958
9 25 -14.2208
9 26 -14.4157
9 27 -14.6304
9 28 -14.8438
9 29 -15.0245
9 30 -15.2271
9 31 -15.4021
9 32 -15.5836
9 33 -15.752
9 34 -15.9261
9 35 -16.0838
9 36 -16.2406
9 37 -16.3945
9 38 -16.5461
9 39 -16.6859
9 40 -16.8224
10 -10 -8.41448
10 -9 -8.38564
10 -8 -8.35457
10 -7 -8.32499
10 -6 -8.2908
10 -5 -8.27801
10 -4 -8.24737
10 -3 -8.21369
10 -2 -8.15354
10 -1 -8.1316
10 0 -8.09741
10 1 -8.0735
10 2 -8.09859
10 3 -8.24832
10 4 -8.52966
10 5 -8.83496
10 6 -9.17897
10 7 -9.50919
10 8 -9.85081
10 9 -10.1607
10 10 -10.486
10 11 -10.7807
10 12 -11.0799
10 13 -11.3612
10 14 -11.6282
10 15 -11.897
10 16 -12.1702
10 17 -12.4164
10 18 -12.6629
10 19 -12.9087
10 20 -13.1459
10 21 -13.3844
10 22 -13.6092
10 23 -13.8321
10 24 -14.0605
10 25 -14.2605
10 26 -14.4739
10 27 -14.6677
10 28 -14.8745
10 29 -15.0575
10 30 -15.2525
10 31 -15.4382
10 32 -15.6104
10 33 -15.7845
10 34 -15.9483
10 35 -16.1115
10 36 -16.2691
10 37 -16.4181
10 38 -16.5715
10 39 -16.7137
10 40 -16.8527
11 -10 -8.44604
11 -9 -8.42133
11 -8 -8.37845
11 -7 -8.35172
11 -6 -8.3295
11 -5 -8.31055
11 -4 -8.2879
11 -3 -8.22548
11 -2 -8.18713
11 -1 -8.16123
11 0 -8.127
11 1 -8.11811
11 2 -8.16525
11 3 -8.31494
11 4 -8.57783
11 5 -8.89902
11 6 -9.23022
11 7 -9.58084
11 8 -9.91215
11 9 -10.2209
11 10 -10.5394
11 11 -10.8318
11 12 -11.133
11 13 -11.4081
11 14 -11.6784
11 15 -11.9446
11 16 -12.2081
11 17 -12.4626
11 18 -12.7105
11 19 -12.9496
11 20 -13.1858
11 21 -13.4145
11 22 -13.646
11 23 -13.8615
11 24 -14.0754
11 25 -14.289
11 26 -14.4947
11 27 -14.6979
11 28 -14.8934
11 29 -15.0834
11 30 -15.2669
11 31 -15.45
11 32 -15.6327
11 33 -15.811
11 34 -15.9696
11 35 -16.142
11 36 -16.2927
11 37 -16.4479
11 38 -16.594
11 39 -16.7379
11 40 -16.873
12 -10 -8.464
12 -9 -8.43156
12 -8 -8.41474
12 -7 -8.38871
12 -6 -8.37033
12 -5 -8.35332
12 -4 -8.33163
12 -3 -8.2568
12 -2 -8.2144
12 -1 -8.17881
12 0 -8.15935
12 1 -8.15772
12 2 -8.20358
12 3 -8.36636
12 4 -8.62906
12 5 -8.94467
12 6 -9.27447
12 7 -9.61923
12 8 -9.95169
12 9 -10.2757
12 10 -10.5844
12 11 -10.8756
12 12 -11.1689
12 13 -11.4397
12 14 -11.7191
12 15 -11.9863
12 16 -12.2388
12 17 -12.4946
12 18 -12.7375
12 19 -12.9796
12 20 -13.2215
12 21 -13.4496
12 22 -13.6735
12 23 -13.8943
12 24 -14.1057
12 25 -14.316
12 26 -14.5188
12 27 -14.7201
12 28 -14.9143
12 29 -15.1007
12 30 -15.296
12 31 -15.4702
12 32 -15.6486
12 33 -15.8262
12 34 -16.0008
12 35 -16.1674
12 36 -16.3189
12 37 -16.4753
12 38 -16.6197
12 39 -16.7687
12 40 -16.9078
13 -10 -8.51283
13 -9 -8.47435
13 -8 -8.43425
13 -7 -8.42663
13 -6 -8.40653
13 -5 -8.38894
13 -4 -8.37924
13 -3 -8.30552
13 -2 -8.25154
13 -1 -8.21431
13 0 -8.18861
13 1 -8.18337
13 2 -8.24415
13 3 -8.39397
13 4 -8.66404
13 5 -8.98154
13 6 -9.30248
13 7 -9.65497
13 8 -9.96116
13 9 -10.292
13 10 -10.5947
13 11 -10.8975
13 12 -11.1833
13 13 -11.4679
13 14 -11.7393
13 15 -12.0113
13 16 -12.2665
13 17 -12.5185
13 18 -12.7631
13 19 -13.0075
13 20 -13.2451
13 21 -13.4673
13 22 -13.6976
13 23 -13.9137
13 24 -14.1265
13 25 -14.3337
13 26 -14.5332
13 27 -14.7326
13 28 -14.9268
13 29 -15.1303
13 30 -15.3102
13 31 -15.5004
13 32 -15.6856
13 33 -15.85
13 34 -16.0264
13 35 -16.1853
13 36 -16.3534
13 37 -16.5072
13 38 -16.6492
13 39 -16.7983
13 40 -16.9391
14 -10 -8.55447
14 -9 -8.50296
14 -8 -8.46799
14 -7 -8.4516
14 -6 -8.44264
14 -5 -8.42515
14 -4 -8.40559
14 -3 -8.34691
14 -2 -8.29489
14 -1 -8.24662
14 0 -8.22549
14 1 -8.20556
14 2 -8.25541
14 3 -8.42685
14 4 -8.6807
14 5 -8.98695
14 6 -9.31918
14 7 -9.66264
14 8 -9.9853
14 9 -10.3033
14 10 -10.6269
14 11 -10.9145
14 12 -11.2123
14 13 -11.4818
14 14 -11.7685
14 15 -12.0325
14 16 -12.2969
14 17 -12.54
14 18 -12.7863
14 19 -13.0379
14 20 -13.2671
14 21 -13.4897
14 22 -13.7196
14 23 -13.9373
14 24 -14.1579
14 25 -14.3624
14 26 -14.5696
14 27 -14.7644
14 28 -14.9617
14 29 -15.1646
14 30 -15.344
14 31 -15.5372
14 32 -15.7141
14 33 -15.891
14 34 -16.0564
14 35 -16.2219
14 36 -16.3869
14 37 -16.5475
14 38 -16.69
14 39 -16.8403
14 40 -16.9733
15 -10 -8.59027
15 -9 -8.54119
15 -8 -8.50906
15 -7 -8.48253
15 -6 -8.46738
15 -5 -8.45022
15 -4 -8.43077
15 -3 -8.38464
15 -2 -8.32655
15 -1 -8.27809
15 0 -8.25698
15 1 -8.23759
15 2 -8.2698
15 3 -8.43412
15 4 -8.69899
15 5 -9.02054
15 6 -9.34289
15 7 -9.6743
15 8 -10.0102
15 9 -10.3325
15 10 -10.6358
15 11 -10.9387
15 12 -11.2262
15 13 -11.52
15 14 -11.7926
15 15 -12.0644
15 16 -12.3282
15 17 -12.5817
15 18 -12.8247
15 19 -13.0715
15 20 -13.3014
15 21 -13.5231
15 22 -13.7533
15 23 -13.9717
15 24 -14.1824
15 25 -14.3998
15 26 -14.6058
15 27 -14.8052
15 28 -14.9969
15 29 -15.1946
15 30 -15.389
15 31 -15.5763
15 32 -15.7579
15 33 -15.9342
15 34 -16.1089
15 35 -16.2757
15 36 -16.4285
15 37 -16.5896
15 38 -16.7446
15 39 -16.882
15 40 -17.0243
16 -10 -8.61562
16 -9 -8.56533
16 -8 -8.52934
16 -7 -8.5008
16 -6 -8.48137
16 -5 -8.47381
16 -4 -8.44993
16 -3 -8.39869
16 -2 -8.35766
16 -1 -8.31491
16 0 -8.29499
16 1 -8.26235
16 2 -8.2935
16 3 -8.4476
16 4 -8.71426
16 5 -9.02394
16 6 -9.36584
16 7 -9.69603
16 8 -10.0392
16 9 -10.3695
16 10 -10.6706
16 11 -10.9789
16 12 -11.2744
16 13 -11.553
16 14 -11.8413
16 15 -12.0978
16 16 -12.3636
16 17 -12.6183
16 18 -12.8574
16 19 -13.101
16 20 -13.3348
16 21 -13.562
16 22 -13.7887
16 23 -14.009
16 24 -14.2216
16 25 -14.4289
16 26 -14.6382
16 27 -14.8418
16 28 -15.0376
16 29 -15.2344
16 30 -15.4276
16 31 -15.6185
16 32 -15.7942
16 33 -15.9734
16 34 -16.1426
16 35 -16.3086
16 36 -16.4662
16 37 -16.6259
16 38 -16.768
16 39 -16.9108
16 40 -17.0541
17 -10 -8.63364
17 -9 -8.59244
17 -8 -8.55779
17 -7 -8.52076
17 -6 -8.51953
17 -5 -8.49565
17 -4 -8.46174
17 -3 -8.41741
17 -2 -8.3835
17 -1 -8.34503
17 0 -8.32394
17 1 -8.3017
17 2 -8.31964
17 3 -8.49189
17 4 -8.75487
17 5 -9.06637
17 6 -9.3878
17 7 -9.73568
17 8 -10.0653
17 9 -10.3962
17 10 -10.7061
17 11 -11.0211
17 12 -11.3119
17 13 -11.5912
17 14 -11.8693
17 15 -12.1398
17 16 -12.3958
17 17 -12.6553
17 18 -12.8922
17 19 -13.1333
17 20 -13.3764
17 21 -13.596
17 22 -13.8255
17 23 -14.0411
17 24 -14.2491
17 25 -14.4607
17 26 -14.6683
17 27 -14.8735
17 28 -15.0702
17 29 -15.2667
17 30 -15.4461
17 31 -15.6389
17 32 -15.8258
17 33 -15.9992
17 34 -16.1713
17 35 -16.3259
17 36 -16.4884
17 37 -16.6451
17 38 -16.7947
17 39 -16.9375
17 40 -17.0744
18 -10 -8.63955
18 -9 -8.61084
18 -8 -8.57921
18 -7 -8.55026
18 -6 -8.53994
18 -5 -8.52247
18 -4 -8.49211
18 -3 -8.43818
18 -2 -8.39354
18 -1 -8.35815
18 0 -8.34579
18 1 -8.33588
18 2 -8.35204
18 3 -8.51963
18 4 -8.7953
18 5 -9.10676
18 6 -9.4292
18 7 -9.75752
18 8 -10.0914
18 9 -10.4208
18 10 -10.7389
18 11 -11.0489
18 12 -11.343
18 13 -11.626
18 14 -11.896
18 15 -12.1628
18 16 -12.4226
18 17 -12.6845
18 18 -12.9221
18 19 -13.151
18 20 -13.3913
18 21 -13.6214
18 22 -13.8448
18 23 -14.0661
18 24 -14.2757
18 25 -14.4832
18 26 -14.6906
18 27 -14.8977
18 28 -15.0906
18 29 -15.2931
18 30 -15.4777
18 31 -15.6583
18 32 -15.8434
18 33 -16.0097
18 34 -16.1871
18 35 -16.3435
18 36 -16.4985
18 37 -16.653
18 38 -16.8053
18 39 -16.9528
18 40 -17.0901
19 -10 -8.65817
19 -9 -8.63186
19 -8 -8.6086
19 -7 -8.58653
19 -6 -8.57137
19 -5 -8.56462
19 -4 -8.51128
19 -3 -8.46574
19 -2 -8.41959
19 -1 -8.38748
19 0 -8.3681
19 1 -8.36584
19 2 -8.38537
19 3 -8.55476
19 4 -8.80879
19 5 -9.12353
19 6 -9.44391
19 7 -9.79225
19 8 -10.1164
19 9 -10.4418
19 10 -10.7691
19 11 -11.0713
19 12 -11.363
19 13 -11.6481
19 14 -11.9181
19 15 -12.1875
19 16 -12.4477
19 17 -12.6948
19 18 -12.9399
19 19 -13.1825
19 20 -13.4133
19 21 -13.6411
19 22 -13.8636
19 23 -14.0831
19 24 -14.297
19 25 -14.5025
19 26 -14.7231
19 27 -14.9177
19 28 -15.1138
19 29 -15.3125
19 30 -15.4924
19 31 -15.6784
19 32 -15.8585
19 33 -16.0214
19 34 -16.195
19 35 -16.3659
19 36 -16.518
19 37 -16.672
19 38 -16.8264
19 39 -16.9669
19 40 -17.103
20 -10 -8.68198
20 -9 -8.65317
20 -8 -8.62525
20 -7 -8.60566
20 -6 -8.60021
20 -5 -8.58984
20 -4 -8.54876
20 -3 -8.48795
20 -2 -8.45153
20 -1 -8.41015
20 0 -8.39237
20 1 -8.37903
20 2 -8.40176
20 3 -8.56628
20 4 -8.82273
20 5 -9.14258
20 6 -9.47033
20 7 -9.81632
20 8 -10.1451
20 9 -10.4725
20 10 -10.7935
20 11 -11.0928
20 12 -11.3835
20 13 -11.6759
20 14 -11.9452
20 15 -12.2064
20 16 -12.4702
20 17 -12.7133
20 18 -12.9627
20 19 -13.2004
20 20 -13.4342
20 21 -13.6613
20 22 -13.8816
20 23 -14.1017
20 24 -14.3166
20 25 -14.5295
20 26 -14.7354
20 27 -14.937
20 28 -15.1307
20 29 -15.3214
20 30 -15.511
20 31 -15.6885
20 32 -15.8732
20 33 -16.0509
20 34 -16.2108
20 35 -16.3788
20 36 -16.5345
20 37 -16.6848
20 38 -16.8375
20 39 -16.9843
20 40 -17.1237
21 -10 -8.70947
21 -9 -8.67985
21 -8 -8.65894
21 -7 -8.64092
21 -6 -8.62238
21 -5 -8.60709
21 -4 -8.5807
21 -3 -8.5212
21 -2 -8.47102
21 -1 -8.4325
21 0 -8.4129
21 1 -8.39445
21 2 -8.42447
21 3 -8.57839
21 4 -8.83595
21 5 -9.15652
21 6 -9.50341
21 7 -9.8303
21 8 -10.1555
21 9 -10.4757
21 10 -10.8037
21 11 -11.1038
21 12 -11.4019
21 13 -11.6874
21 14 -11.9673
21 15 -12.2291
21 16 -12.4827
21 17 -12.7458
21 18 -12.986
21 19 -13.2201
21 20 -13.4615
21 21 -13.6884
21 22 -13.9093
21 23 -14.1318
21 24 -14.343
21 25 -14.5512
21 26 -14.7516
21 27 -14.9498
21 28 -15.148
21 29 -15.3429
21 30 -15.5285
21 31 -15.7245
21 32 -15.8953
21 33 -16.06
21 34 -16.237
21 35 -16.395
21 36 -16.5628
21 37 -16.7146
21 38 -16.8662
21 39 -17.0093
21 40 -17.1467
22 -10 -8.74378
22 -9 -8.69703
22 -8 -8.67671
22 -7 -8.65529
22 -6 -8.63951
22 -5 -8.62555
22 -4 -8.60293
22 -3 -8.54489
22 -2 -8.49631
22 -1 -8.45963
22 0 -8.42912
22 1 -8.39922
22 2 -8.43082
22 3 -8.60018
22 4 -8.84741
22 5 -9.17666
22 6 -9.51029
22 7 -9.84845
22 8 -10.187
22 9 -10.5065
22 10 -10.821
22 11 -11.123
22 12 -11.423
22 13 -11.7124
22 14 -11.979
22 15 -12.2409
22 16 -12.5147
22 17 -12.7702
22 18 -13.005
22 19 -13.2529
22 20 -13.4821
22 21 -13.7076
22 22 -13.938
22 23 -14.156
22 24 -14.3702
22 25 -14.5878
22 26 -14.783
22 27 -14.9812
22 28 -15.1757
22 29 -15.3672
22 30 -15.5572
22 31 -15.7415
22 32 -15.9226
22 33 -16.1001
22 34 -16.2631
22 35 -16.4285
22 36 -16.5896
22 37 -16.7482
22 38 -16.898
22 39 -17.0337
22 40 -17.1866
23 -10 -8.75621
23 -9 -8.72328
23 -8 -8.69113
23 -7 -8.66668
23 -6 -8.65317
23 -5 -8.63699
23 -4 -8.61105
23 -3 -8.5683
23 -2 -8.51857
23 -1 -8.48619
23 0 -8.46467
23 1 -8.4257
23 2 -8.45281
23 3 -8.6158
23 4 -8.88129
23 5 -9.1971
23 6 -9.53046
23 7 -9.85785
23 8 -10.1945
23 9 -10.5311
23 10 -10.8403
23 11 -11.1467
23 12 -11.4335
23 13 -11.7168
23 14 -12.003
23 15 -12.2715
23 16 -12.546
23 17 -12.7905
23 18 -13.0379
23 19 -13.2833
23 20 -13.5162
23 21 -13.7444
23 22 -13.9688
23 23 -14.1869
23 24 -14.3993
23 25 -14.6052
23 26 -14.81
23 27 -15.0106
23 28 -15.2055
23 29 -15.3973
23 30 -15.5882
23 31 -15.7734
23 32 -15.9561
23 33 -16.12
23 34 -16.2928
23 35 -16.4595
23 36 -16.6197
23 37 -16.7737
23 38 -16.9227
23 39 -17.069
23 40 -17.2068
24 -10 -8.77561
24 -9 -8.74282
24 -8 -8.70879
24 -7 -8.69047
24 -6 -8.67331
24 -5 -8.64996
24 -4 -8.62479
24 -3 -8.57985
24 -2 -8.5339
24 -1 -8.51698
24 0 -8.48979
24 1 -8.44806
24 2 -8.47445
24 3 -8.6363
24 4 -8.90961
24 5 -9.22369
24 6 -9.55523
24 7 -9.89384
24 8 -10.2169
24 9 -10.5432
24 10 -10.8644
24 11 -11.1745
24 12 -11.4657
24 13 -11.7501
24 14 -12.0328
24 15 -12.2944
24 16 -12.5648
24 17 -12.8209
24 18 -13.0672
24 19 -13.3057
24 20 -13.5481
24 21 -13.7666
24 22 -13.9931
24 23 -14.2071
24 24 -14.4262
24 25 -14.6321
24 26 -14.8355
24 27 -15.0397
24 28 -15.2335
24 29 -15.4198
24 30 -15.6098
24 31 -15.7931
24 32 -15.9683
24 33 -16.1411
24 34 -16.3163
24 35 -16.479
24 36 -16.6358
24 37 -16.7958
24 38 -16.9385
24 39 -17.0888
24 40 -17.2291
25 -10 -8.7908
25 -9 -8.7597
25 -8 -8.72392
25 -7 -8.71294
25 -6 -8.68993
25 -5 -8.66273
25 -4 -8.63757
25 -3 -8.59139
25 -2 -8.54831
25 -1 -8.53257
25 0 -8.5159
25 1 -8.47769
25 2 -8.49912
25 3 -8.67091
25 4 -8.92871
25 5 -9.25396
25 6 -9.5833
25 7 -9.91638
25 8 -10.251
25 9 -10.5686
25 10 -10.8822
25 11 -11.1901
25 12 -11.4749
25 13 -11.767
25 14 -12.0518
25 15 -12.3245
25 16 -12.5857
25 17 -12.8373
25 18 -13.0855
25 19 -13.3247
25 20 -13.5583
25 21 -13.7864
25 22 -14.0144
25 23 -14.2325
25 24 -14.4444
25 25 -14.6468
25 26 -14.8605
25 27 -15.0502
25 28 -15.2441
25 29 -15.4403
25 30 -15.6318
25 31 -15.8071
25 32 -15.9902
25 33 -16.162
25 34 -16.3275
25 35 -16.4985
25 36 -16.6565
25 37 -16.8099
25 38 -16.9606
25 39 -17.1037
25 40 -17.2384
26 -10 -8.80618
26 -9 -8.77658
26 -8 -8.75399
26 -7 -8.74127
26 -6 -8.70532
26 -5 -8.68337
26 -4 -8.66574
26 -3 -8.61011
26 -2 -8.56797
26 -1 -8.55166
26 0 -8.53124
26 1 -8.4986
26 2 -8.53457
26 3 -8.69716
26 4 -8.95214
26 5 -9.26545
26 6 -9.59248
26 7 -9.92845
26 8 -10.2672
26 9 -10.5838
26 10 -10.9021
26 11 -11.2044
26 12 -11.4991
26 13 -11.7868
26 14 -12.061
26 15 -12.3345
26 16 -12.5925
26 17 -12.8566
26 18 -13.1061
26 19 -13.3379
26 20 -13.5799
26 21 -13.8028
26 22 -14.0294
26 23 -14.2452
26 24 -14.4531
26 25 -14.6623
26 26 -14.8581
26 27 -15.0664
26 28 -15.2572
26 29 -15.4544
26 30 -15.6416
26 31 -15.8253
26 32 -16.0044
26 33 -16.1808
26 34 -16.3491
26 35 -16.5112
26 36 -16.6699
26 37 -16.8269
26 38 -16.9711
26 39 -17.1197
26 40 -17.2555
27 -10 -8.82278
27 -9 -8.78847
27 -8 -8.77528
27 -7 -8.75889
27 -6 -8.73538
27 -5 -8.71213
27 -4 -8.68716
27 -3 -8.63834
27 -2 -8.5959
27 -1 -8.5677
27 0 -8.55018
27 1 -8.52376
27 2 -8.54722
27 3 -8.70583
27 4 -8.97138
27 5 -9.26941
27 6 -9.61236
27 7 -9.94278
27 8 -10.2727
27 9 -10.5965
27 10 -10.9091
27 11 -11.2164
27 12 -11.5131
27 13 -11.7998
27 14 -12.0789
27 15 -12.3472
27 16 -12.6185
27 17 -12.8625
27 18 -13.1114
27 19 -13.3522
27 20 -13.5886
27 21 -13.8169
27 22 -14.0338
27 23 -14.2522
27 24 -14.4719
27 25 -14.6767
27 26 -14.8795
27 27 -15.0747
27 28 -15.2736
27 29 -15.4659
27 30 -15.657
27 31 -15.8428
27 32 -16.0195
27 33 -16.193
27 34 -16.36
27 35 -16.5282
27 36 -16.683
27 37 -16.8365
27 38 -16.9835
27 39 -17.1233
27 40 -17.2637
28 -10 -8.84212
28 -9 -8.81568
28 -8 -8.79718
28 -7 -8.77278
28 -6 -8.75428
28 -5 -8.73832
28 -4 -8.71121
28 -3 -8.65683
28 -2 -8.61302
28 -1 -8.58485
28 0 -8.5524
28 1 -8.52523
28 2 -8.5571
28 3 -8.7063
28 4 -8.98645
28 5 -9.30131
28 6 -9.62586
28 7 -9.96341
28 8 -10.2875
28 9 -10.6175
28 10 -10.9231
28 11 -11.228
28 12 -11.5275
28 13 -11.8148
28 14 -12.0939
28 15 -12.3673
28 16 -12.6236
28 17 -12.8761
28 18 -13.12
28 19 -13.3636
28 20 -13.604
28 21 -13.8227
28 22 -14.0564
28 23 -14.2716
28 24 -14.4794
28 25 -14.6922
28 26 -14.8953
28 27 -15.0989
28 28 -15.2955
28 29 -15.4836
28 30 -15.6763
28 31 -15.8623
28 32 -16.0375
28 33 -16.2114
28 34 -16.3771
28 35 -16.5434
28 36 -16.7029
28 37 -16.8512
28 38 -17.0041
28 39 -17.1426
28 40 -17.2801
29 -10 -8.8538
29 -9 -8.83427
29 -8 -8.80878
29 -7 -8.78104
29 -6 -8.77103
29 -5 -8.75337
29 -4 -8.72359
29 -3 -8.67669
29 -2 -8.6273
29 -1 -8.59343
29 0 -8.5672
29 1 -8.53967
29 2 -8.57181
29 3 -8.74005
29 4 -8.9922
29 5 -9.308
29 6 -9.6387
29 7 -9.97705
29 8 -10.3069
29 9 -10.6263
29 10 -10.942
29 11 -11.2437
29 12 -11.5435
29 13 -11.8295
29 14 -12.1076
29 15 -12.3783
29 16 -12.6391
29 17 -12.889
29 18 -13.1397
29 19 -13.3806
29 20 -13.6216
29 21 -13.8519
29 22 -14.0713
29 23 -14.2863
29 24 -14.5045
29 25 -14.7132
29 26 -14.9202
29 27 -15.1278
29 28 -15.317
29 29 -15.514
29 30 -15.703
29 31 -15.8786
29 32 -16.0581
29 33 -16.2337
29 34 -16.4029
29 35 -16.5657
29 36 -16.7262
29 37 -16.8726
29 38 -17.0255
29 39 -17.1681
29 40 -17.2993
30 -10 -8.87259
30 -9 -8.84047
30 -8 -8.82035
30 -7 -8.7933
30 -6 -8.77957
30 -5 -8.7725
30 -4 -8.74223
30 -3 -8.69351
30 -2 -8.65533
30 -1 -8.61091
30 0 -8.57587
30 1 -8.5483
30 2 -8.5847
30 3 -8.75404
30 4 -9.01558
30 5 -9.33109
30 6 -9.65158
30 7 -9.99724
30 8 -10.3304
30 9 -10.6453
30 10 -10.9546
30 11 -11.2645
30 12 -11.5616
30 13 -11.8553
30 14 -12.1193
30 15 -12.3918
30 16 -12.6536
30 17 -12.9008
30 18 -13.155
30 19 -13.3989
30 20 -13.6365
30 21 -13.8715
30 22 -14.0948
30 23 -14.3151
30 24 -14.5292
30 25 -14.7362
30 26 -14.9419
30 27 -15.1448
30 28 -15.3361
30 29 -15.5298
30 30 -15.7129
30 31 -15.8966
30 32 -16.0793
30 33 -16.257
30 34 -16.423
30 35 -16.5871
30 36 -16.7413
30 37 -16.8906
30 38 -17.0389
30 39 -17.1886
30 40 -17.3239
31 -10 -8.89198
31 -9 -8.85763
31 -8 -8.83192
31 -7 -8.81228
31 -6 -8.78447
31 -5 -8.77352
31 -4 -8.75889
31 -3 -8.70587
31 -2 -8.6671
31 -1 -8.63718
31 0 -8.59494
31 1 -8.58042
31 2 -8.60662
31 3 -8.77344
31 4 -9.03645
31 5 -9.33976
31 6 -9.67617
31 7 -10.0126
31 8 -10.3476
31 9 -10.6709
31 10 -10.9859
31 11 -11.2811
31 12 -11.572
31 13 -11.8657
31 14 -12.1359
31 15 -12.4107
31 16 -12.6659
31 17 -12.9206
31 18 -13.1679
31 19 -13.4135
31 20 -13.6528
31 21 -13.8862
31 22 -14.1045
31 23 -14.3353
31 24 -14.552
31 25 -14.7621
31 26 -14.9639
31 27 -15.1646
31 28 -15.3621
31 29 -15.5564
31 30 -15.7459
31 31 -15.925
31 32 -16.0966
31 33 -16.274
31 34 -16.441
31 35 -16.602
31 36 -16.7635
31 37 -16.9177
31 38 -17.0609
31 39 -17.2053
31 40 -17.3436
32 -10 -8.89688
32 -9 -8.86865
32 -8 -8.84692
32 -7 -8.81958
32 -6 -8.79715
32 -5 -8.78211
32 -4 -8.76176
32 -3 -8.72494
32 -2 -8.68904
32 -1 -8.64963
32 0 -8.61134
32 1 -8.59269
32 2 -8.61969
32 3 -8.79086
32 4 -9.0493
32 5 -9.36387
32 6 -9.70963
32 7 -10.044
32 8 -10.3626
32 9 -10.6938
32 10 -11.0083
32 11 -11.3063
32 12 -11.5955
32 13 -11.8823
32 14 -12.156
32 15 -12.426
32 16 -12.6757
32 17 -12.9369
32 18 -13.1869
32 19 -13.4331
32 20 -13.6667
32 21 -13.9054
32 22 -14.1325
32 23 -14.3509
32 24 -14.5626
32 25 -14.7731
32 26 -14.9848
32 27 -15.1827
32 28 -15.3747
32 29 -15.5667
32 30 -15.7573
32 31 -15.936
32 32 -16.1102
32 33 -16.2893
32 34 -16.457
32 35 -16.6153
32 36 -16.7753
32 37 -16.9294
32 38 -17.0738
32 39 -17.2249
32 40 -17.3587
33 -10 -8.90638
33 -9 -8.88418
33 -8 -8.85571
33 -7 -8.83714
33 -6 -8.80976
33 -5 -8.79201
33 -4 -8.78797
33 -3 -8.72999
33 -2 -8.69306
33 -1 -8.66216
33 0 -8.62868
33 1 -8.60871
33 2 -8.63631
33 3 -8.80055
33 4 -9.08599
33 5 -9.39284
33 6 -9.71949
33 7 -10.0662
33 8 -10.3873
33 9 -10.7065
33 10 -11.0209
33 11 -11.3217
33 12 -11.6163
33 13 -11.8997
33 14 -12.1717
33 15 -12.4378
33 16 -12.697
33 17 -12.9547
33 18 -13.1963
33 19 -13.4461
33 20 -13.6803
33 21 -13.9089
33 22 -14.1441
33 23 -14.3634
33 24 -14.5733
33 25 -14.788
33 26 -14.9932
33 27 -15.1922
33 28 -15.3815
33 29 -15.5715
33 30 -15.7604
33 31 -15.948
33 32 -16.1239
33 33 -16.2927
33 34 -16.4669
33 35 -16.6277
33 36 -16.7882
33 37 -16.9468
33 38 -17.0899
33 39 -17.2284
33 40 -17.3739
34 -10 -8.92355
34 -9 -8.89673
34 -8 -8.87335
34 -7 -8.85358
34 -6 -8.8278
34 -5 -8.80453
34 -4 -8.78288
34 -3 -8.74277
34 -2 -8.71108
34 -1 -8.67384
34 0 -8.64568
34 1 -8.6311
34 2 -8.66013
34 3 -8.82325
34 4 -9.09371
34 5 -9.40922
34 6 -9.73677
34 7 -10.0834
34 8 -10.3976
34 9 -10.7187
34 10 -11.0349
34 11 -11.3289
34 12 -11.6246
34 13 -11.9056
34 14 -12.1826
34 15 -12.4537
34 16 -12.7145
34 17 -12.958
34 18 -13.2164
34 19 -13.457
34 20 -13.69
34 21 -13.9272
34 22 -14.155
34 23 -14.3735
34 24 -14.5853
34 25 -14.7962
34 26 -14.9997
34 27 -15.1965
34 28 -15.3965
34 29 -15.5811
34 30 -15.7694
34 31 -15.9512
34 32 -16.1279
34 33 -16.302
34 34 -16.4795
34 35 -16.6394
34 36 -16.7982
34 37 -16.9511
34 38 -17.097
34 39 -17.2508
34 40 -17.3869
35 -10 -8.93631
35 -9 -8.91218
35 -8 -8.89091
35 -7 -8.86356
35 -6 -8.84542
35 -5 -8.83258
35 -4 -8.79968
35 -3 -8.76702
35 -2 -8.72784
35 -1 -8.68219
35 0 -8.66326
35 1 -8.63857
35 2 -8.67001
35 3 -8.83273
35 4 -9.09186
35 5 -9.41546
35 6 -9.74799
35 7 -10.0768
35 8 -10.413
35 9 -10.7349
35 10 -11.0468
35 11 -11.3429
35 12 -11.6405
35 13 -11.9188
35 14 -12.2005
35 15 -12.4652
35 16 -12.7219
35 17 -12.9745
35 18 -13.2251
35 19 -13.4626
35 20 -13.703
35 21 -13.9286
35 22 -14.1571
35 23 -14.3724
35 24 -14.5915
35 25 -14.8018
35 26 -15.0039
35 27 -15.2032
35 28 -15.4096
35 29 -15.5944
35 30 -15.782
35 31 -15.9716
35 32 -16.1433
35 33 -16.321
35 34 -16.4885
35 35 -16.6509
35 36 -16.8127
35 37 -16.9624
35 38 -17.1129
35 39 -17.2554
35 40 -17.3989
36 -10 -8.95928
36 -9 -8.93032
36 -8 -8.8984
36 -7 -8.88082
36 -6 -8.85566
36 -5 -8.8423
36 -4 -8.81664
36 -3 -8.7789
36 -2 -8.73493
36 -1 -8.69454
36 0 -8.66833
36 1 -8.6485
36 2 -8.68896
36 3 -8.84467
36 4 -9.10218
36 5 -9.40901
36 6 -9.74822
36 7 -10.0898
36 8 -10.4217
36 9 -10.74
36 10 -11.0561
36 11 -11.3616
36 12 -11.6482
36 13 -11.9344
36 14 -12.2045
36 15 -12.4726
36 16 -12.7412
36 17 -12.992
36 18 -13.23
36 19 -13.4785
36 20 -13.7196
36 21 -13.9441
36 22 -14.1655
36 23 -14.3881
36 24 -14.6027
36 25 -14.8131
36 26 -15.0188
36 27 -15.2197
36 28 -15.4166
36 29 -15.6109
36 30 -15.8022
36 31 -15.9819
36 32 -16.1582
36 33 -16.3328
36 34 -16.5084
36 35 -16.6707
36 36 -16.8279
36 37 -16.9793
36 38 -17.1352
36 39 -17.2752
36 40 -17.4091
37 -10 -8.95775
37 -9 -8.93614
37 -8 -8.90219
37 -7 -8.88355
37 -6 -8.87721
37 -5 -8.85558
37 -4 -8.83295
37 -3 -8.79029
37 -2 -8.7476
37 -1 -8.70176
37 0 -8.67587
37 1 -8.66106
37 2 -8.70056
37 3 -8.85733
37 4 -9.1214
37 5 -9.43618
37 6 -9.75747
37 7 -10.098
37 8 -10.4345
37 9 -10.7538
37 10 -11.0725
37 11 -11.3721
37 12 -11.6623
37 13 -11.954
37 14 -12.2298
37 15 -12.4957
37 16 -12.7518
37 17 -13.0043
37 18 -13.2479
37 19 -13.496
37 20 -13.7187
37 21 -13.9483
37 22 -14.1777
37 23 -14.3946
37 24 -14.6106
37 25 -14.8187
37 26 -15.0214
37 27 -15.2257
37 28 -15.4253
37 29 -15.6244
37 30 -15.8135
37 31 -15.9925
37 32 -16.1763
37 33 -16.3491
37 34 -16.5174
37 35 -16.6803
37 36 -16.8413
37 37 -16.9947
37 38 -17.1439
37 39 -17.2842
37 40 -17.4244
38 -10 -8.96663
38 -9 -8.93468
38 -8 -8.91031
38 -7 -8.88646
38 -6 -8.87358
38 -5 -8.87144
38 -4 -8.84023
38 -3 -8.80593
38 -2 -8.76144
38 -1 -8.71403
38 0 -8.68558
38 1 -8.66851
38 2 -8.70652
38 3 -8.8701
38 4 -9.13221
38 5 -9.45467
38 6 -9.78432
38 7 -10.1204
38 8 -10.4447
38 9 -10.7652
38 10 -11.08
38 11 -11.3835
38 12 -11.6781
38 13 -11.9643
38 14 -12.2385
38 15 -12.5026
38 16 -12.7637
38 17 -13.013
38 18 -13.2647
38 19 -13.5014
38 20 -13.736
38 21 -13.9634
38 22 -14.1947
38 23 -14.4016
38 24 -14.6149
38 25 -14.8352
38 26 -15.0401
38 27 -15.2403
38 28 -15.438
38 29 -15.6377
38 30 -15.8312
38 31 -16.0099
38 32 -16.1914
38 33 -16.3643
38 34 -16.5325
38 35 -16.6971
38 36 -16.8498
38 37 -17.0108
38 38 -17.1557
38 39 -17.3009
38 40 -17.4382
39 -10 -8.97898
39 -9 -8.93999
39 -8 -8.91519
39 -7 -8.8932
39 -6 -8.88256
39 -5 -8.87129
39 -4 -8.85548
39 -3 -8.80943
39 -2 -8.77085
39 -1 -8.72466
39 0 -8.70421
39 1 -8.68004
39 2 -8.71986
39 3 -8.89697
39 4 -9.15264
39 5 -9.46747
39 6 -9.79407
39 7 -10.1322
39 8 -10.4601
39 9 -10.7792
39 10 -11.0915
39 11 -11.3985
39 12 -11.6873
39 13 -11.9734
39 14 -12.2447
39 15 -12.5242
39 16 -12.7763
39 17 -13.0327
39 18 -13.274
39 19 -13.5139
39 20 -13.7443
39 21 -13.9762
39 22 -14.2011
39 23 -14.4237
39 24 -14.6336
39 25 -14.8438
39 26 -15.0546
39 27 -15.2547
39 28 -15.4561
39 29 -15.6534
39 30 -15.8316
39 31 -16.0154
39 32 -16.1983
39 33 -16.3742
39 34 -16.5415
39 35 -16.7114
39 36 -16.865
39 37 -17.0237
39 38 -17.1691
39 39 -17.3158
39 40 -17.4497
40 -10 -8.98266
40 -9 -8.94585
40 -8 -8.92008
40 -7 -8.89681
40 -6 -8.8863
40 -5 -8.87552
40 -4 -8.86715
40 -3 -8.81845
40 -2 -8.77712
40 -1 -8.73847
40 0 -8.71305
40 1 -8.70445
40 2 -8.72264
40 3 -8.89983
40 4 -9.16913
40 5 -9.4785
40 6 -9.81177
40 7 -10.1443
40 8 -10.4821
40 9 -10.7915
40 10 -11.108
40 11 -11.4145
40 12 -11.7059
40 13 -11.9876
40 14 -12.2625
40 15 -12.53
40 16 -12.7929
40 17 -13.0427
40 18 -13.279
40 19 -13.5246
40 20 -13.7634
40 21 -13.9863
40 22 -14.2084
40 23 -14.4313
40 24 -14.6504
40 25 -14.8568
40 26 -15.0629
40 27 -15.2621
40 28 -15.4606
40 29 -15.6521
40 30 -15.8494
40 31 -16.0235
40 32 -16.209
40 33 -16.3842
40 34 -16.5497
40 35 -16.712
40 36 -16.8722
40 37 -17.0232
40 38 -17.1775
40 39 -17.322
40 40 -17.4605
