-10 -10 -10.0842
-10 -9 -10.0694
-10 -8 -10.0341
-10 -7 -9.99775
-10 -6 -9.99118
-10 -5 -9.9879
-10 -4 -9.97904
-10 -3 -9.97453
-10 -2 -9.95598
-10 -1 -9.91939
-10 0 -9.87648
-10 1 -9.85855
-10 2 -9.91518
-10 3 -10.1086
-10 4 -10.3827
-10 5 -10.6988
-10 6 -11.0283
-10 7 -11.3517
-10 8 -11.6621
-10 9 -11.9832
-10 10 -12.3009
-10 11 -12.6036
-10 12 -12.8912
-10 13 -13.1704
-10 14 -13.4454
-10 15 -13.709
-10 16 -13.9639
-10 17 -14.2255
-10 18 -14.4722
-10 19 -14.7101
-10 20 -14.941
-10 21 -15.1742
-10 22 -15.3928
-10 23 -15.6017
-10 24 -15.819
-10 25 -16.0171
-10 26 -16.2086
-10 27 -16.3962
-10 28 -16.5833
-10 29 -16.7444
-10 30 -16.917
-10 31 -17.0744
-10 32 -17.2207
-10 33 -17.3612
-10 34 -17.4947
-10 35 -17.6285
-10 36 -17.7531
-10 37 -17.8875
-10 38 -18.0095
-10 39 -18.1276
-10 40 -18.2432
-9 -10 -10.0672
-9 -9 -10.03
-9 -8 -10.0134
-9 -7 -9.98827
-9 -6 -9.98774
-9 -5 -9.99354
-9 -4 -9.97669
-9 -3 -9.94672
-9 -2 -9.9167
-9 -1 -9.88364
-9 0 -9.84699
-9 1 -9.85903
-9 2 -9.93359
-9 3 -10.1182
-9 4 -10.3705
-9 5 -10.7021
-9 6 -11.022
-9 7 -11.3511
-9 8 -11.6641
-9 9 -11.9824
-9 10 -12.2904
-9 11 -12.5797
-9 12 -12.8792
-9 13 -13.1538
-9 14 -13.4281
-9 15 -13.6905
-9 16 -13.9479
-9 17 -14.1988
-9 18 -14.4373
-9 19 -14.6893
-9 20 -14.9065
-9 21 -15.1309
-9 22 -15.3476
-9 23 -15.5646
-9 24 -15.7678
-9 25 -15.967
-9 26 -16.1651
-9 27 -16.3551
-9 28 -16.5354
-9 29 -16.7109
-9 30 -16.872
-9 31 -17.0369
-9 32 -17.1872
-9 33 -17.324
-9 34 -17.4605
-9 35 -17.5915
-9 36 -17.7241
-9 37 -17.8593
-9 38 -17.9814
-9 39 -18.108
-9 40 -18.223
-8 -10 -10.0268
-8 -9 -10.0018
-8 -8 -9.98706
-8 -7 -9.99224
-8 -6 -9.9885
-8 -5 -9.97476
-8 -4 -9.94509
-8 -3 -9.9052
-8 -2 -9.8788
-8 -1 -9.85998
-8 0 -9.84512
-8 1 -9.8509
-8 2 -9.90634
-8 3 -10.0771
-8 4 -10.3387
-8 5 -10.669
-8 6 -10.9947
-8 7 -11.3238
-8 8 -11.6627
-8 9 -11.9745
-8 10 -12.2818
-8 11 -12.5891
-8 12 -12.8783
-8 13 -13.1632
-8 14 -13.4402
-8 15 -13.696
-8 16 -13.954
-8 17 -14.2026
-8 18 -14.4382
-8 19 -14.6725
-8 20 -14.902
-8 21 -15.1241
-8 22 -15.3287
-8 23 -15.5483
-8 24 -15.744
-8 25 -15.9457
-8 26 -16.1303
-8 27 -16.3191
-8 28 -16.5024
-8 29 -16.6695
-8 30 -16.8442
-8 31 -16.9946
-8 32 -17.1484
-8 33 -17.2919
-8 34 -17.4298
-8 35 -17.5601
-8 36 -17.6983
-8 37 -17.8234
-8 38 -17.9532
-8 39 -18.0728
-8 40 -18.2002
-7 -10 -10.0127
-7 -9 -9.99007
-7 -8 -9.99098
-7 -7 -9.99204
-7 -6 -9.98029
-7 -5 -9.95391
-7 -4 -9.91055
-7 -3 -9.883
-7 -2 -9.86016
-7 -1 -9.85639
-7 0 -9.8453
-7 1 -9.8263
-7 2 -9.86063
-7 3 -10.0361
-7 4 -10.299
-7 5 -10.6072
-7 6 -10.9348
-7 7 -11.2899
-7 8 -11.6098
-7 9 -11.9178
-7 10 -12.2501
-7 11 -12.5634
-7 12 -12.8603
-7 13 -13.1462
-7 14 -13.4352
-7 15 -13.7017
-7 16 -13.9509
-7 17 -14.213
-7 18 -14.4466
-7 19 -14.6744
-7 20 -14.9102
-7 21 -15.1248
-7 22 -15.3364
-7 23 -15.5419
-7 24 -15.74
-7 25 -15.9391
-7 26 -16.1192
-7 27 -16.3077
-7 28 -16.4839
-7 29 -16.6567
-7 30 -16.826
-7 31 -16.9839
-7 32 -17.127
-7 33 -17.2813
-7 34 -17.4065
-7 35 -17.5402
-7 36 -17.6705
-7 37 -17.8052
-7 38 -17.9267
-7 39 -18.0528
-7 40 -18.1738
-6 -10 -9.98719
-6 -9 -9.99792
-6 -8 -9.98845
-6 -7 -9.99321
-6 -6 -9.95927
-6 -5 -9.92347
-6 -4 -9.89076
-6 -3 -9.86646
-6 -2 -9.85768
-6 -1 -9.85392
-6 0 -9.82396
-6 1 -9.78194
-6 2 -9.83745
-6 3 -10.0112
-6 4 -10.2768
-6 5 -10.5823
-6 6 -10.9137
-6 7 -11.2522
-6 8 -11.5636
-6 9 -11.8951
-6 10 -12.2117
-6 11 -12.5145
-6 12 -12.8045
-6 13 -13.1018
-6 14 -13.388
-6 15 -13.6511
-6 16 -13.9384
-6 17 -14.1822
-6 18 -14.4404
-6 19 -14.6806
-6 20 -14.9058
-6 21 -15.1219
-6 22 -15.3374
-6 23 -15.5411
-6 24 -15.7442
-6 25 -15.9352
-6 26 -16.1226
-6 27 -16.3051
-6 28 -16.4765
-6 29 -16.6523
-6 30 -16.8125
-6 31 -16.9696
-6 32 -17.123
-6 33 -17.2676
-6 34 -17.4025
-6 35 -17.5315
-6 36 -17.6654
-6 37 -17.7978
-6 38 -17.9177
-6 39 -18.037
-6 40 -18.164
-5 -10 -9.99756
-5 -9 -10.0009
-5 -8 -9.98532
-5 -7 -9.95732
-5 -6 -9.92299
-5 -5 -9.89153
-5 -4 -9.87375
-5 -3 -9.85998
-5 -2 -9.86013
-5 -1 -9.83616
-5 0 -9.79537
-5 1 -9.75852
-5 2 -9.80516
-5 3 -9.99556
-5 4 -10.273
-5 5 -10.5736
-5 6 -10.9134
-5 7 -11.215
-5 8 -11.5504
-5 9 -11.879
-5 10 -12.1835
-5 11 -12.4797
-5 12 -12.7874
-5 13 -13.0688
-5 14 -13.3396
-5 15 -13.6235
-5 16 -13.8925
-5 17 -14.1443
-5 18 -14.4039
-5 19 -14.6433
-5 20 -14.8877
-5 21 -15.1199
-5 22 -15.3295
-5 23 -15.5396
-5 24 -15.7415
-5 25 -15.934
-5 26 -16.1294
-5 27 -16.3078
-5 28 -16.484
-5 29 -16.6549
-5 30 -16.8115
-5 31 -16.9677
-5 32 -17.1149
-5 33 -17.2568
-5 34 -17.3984
-5 35 -17.5316
-5 36 -17.6521
-5 37 -17.7846
-5 38 -17.9114
-5 39 -18.0352
-5 40 -18.1514
-4 -10 -10.001
-4 -9 -10.0059
-4 -8 -9.96981
-4 -7 -9.94681
-4 -6 -9.90076
-4 -5 -9.88775
-4 -4 -9.87435
-4 -3 -9.87963
-4 -2 -9.85009
-4 -1 -9.79974
-4 0 -9.75957
-4 1 -9.73597
-4 2 -9.80343
-4 3 -9.98945
-4 4 -10.2625
-4 5 -10.5684
-4 6 -10.8983
-4 7 -11.2255
-4 8 -11.5347
-4 9 -11.8657
-4 10 -12.1632
-4 11 -12.4652
-4 12 -12.7616
-4 13 -13.0583
-4 14 -13.3308
-4 15 -13.6002
-4 16 -13.8623
-4 17 -14.1231
-4 18 -14.3742
-4 19 -14.62
-4 20 -14.849
-4 21 -15.0842
-4 22 -15.3176
-4 23 -15.5365
-4 24 -15.7377
-4 25 -15.9348
-4 26 -16.1201
-4 27 -16.3046
-4 28 -16.4802
-4 29 -16.6586
-4 30 -16.8158
-4 31 -16.9667
-4 32 -17.1159
-4 33 -17.2551
-4 34 -17.3872
-4 35 -17.5211
-4 36 -17.6582
-4 37 -17.7821
-4 38 -17.9041
-4 39 -18.0268
-4 40 -18.1522
-3 -10 -10.0285
-3 -9 -9.99068
-3 -8 -9.97045
-3 -7 -9.93185
-3 -6 -9.90944
-3 -5 -9.90027
-3 -4 -9.88735
-3 -3 -9.86171
-3 -2 -9.81203
-3 -1 -9.77688
-3 0 -9.75979
-3 1 -9.74022
-3 2 -9.80164
-3 3 -9.996
-3 4 -10.2732
-3 5 -10.5902
-3 6 -10.9079
-3 7 -11.2455
-3 8 -11.5541
-3 9 -11.8708
-3 10 -12.1673
-3 11 -12.4792
-3 12 -12.7663
-3 13 -13.0399
-3 14 -13.3165
-3 15 -13.5814
-3 16 -13.8511
-3 17 -14.1016
-3 18 -14.3569
-3 19 -14.5926
-3 20 -14.8313
-3 21 -15.0605
-3 22 -15.2893
-3 23 -15.4985
-3 24 -15.7067
-3 25 -15.9113
-3 26 -16.1085
-3 27 -16.3025
-3 28 -16.483
-3 29 -16.651
-3 30 -16.8137
-3 31 -16.9675
-3 32 -17.1135
-3 33 -17.252
-3 34 -17.3875
-3 35 -17.5165
-3 36 -17.6516
-3 37 -17.7714
-3 38 -17.9013
-3 39 -18.0258
-3 40 -18.1439
-2 -10 -10.0308
-2 -9 -9.98623
-2 -8 -9.96872
-2 -7 -9.94361
-2 -6 -9.93658
-2 -5 -9.93054
-2 -4 -9.89346
-2 -3 -9.85641
-2 -2 -9.8187
-2 -1 -9.79381
-2 0 -9.76731
-2 1 -9.75194
-2 2 -9.7865
-2 3 -9.96202
-2 4 -10.245
-2 5 -10.552
-2 6 -10.887
-2 7 -11.2253
-2 8 -11.5542
-2 9 -11.8786
-2 10 -12.1943
-2 11 -12.4848
-2 12 -12.7661
-2 13 -13.0536
-2 14 -13.3127
-2 15 -13.5823
-2 16 -13.8472
-2 17 -14.0945
-2 18 -14.3396
-2 19 -14.5795
-2 20 -14.8155
-2 21 -15.0413
-2 22 -15.2749
-2 23 -15.4766
-2 24 -15.7027
-2 25 -15.8933
-2 26 -16.096
-2 27 -16.2848
-2 28 -16.4715
-2 29 -16.6438
-2 30 -16.8145
-2 31 -16.9626
-2 32 -17.1255
-2 33 -17.2599
-2 34 -17.385
-2 35 -17.5229
-2 36 -17.6446
-2 37 -17.7755
-2 38 -17.898
-2 39 -18.0168
-2 40 -18.1361
-1 -10 -10.0197
-1 -9 -9.99435
-1 -8 -9.96651
-1 -7 -9.9441
-1 -6 -9.93643
-1 -5 -9.92392
-1 -4 -9.86482
-1 -3 -9.8487
-1 -2 -9.82056
-1 -1 -9.79801
-1 0 -9.77873
-1 1 -9.74563
-1 2 -9.74232
-1 3 -9.92384
-1 4 -10.1865
-1 5 -10.5134
-1 6 -10.8715
-1 7 -11.2011
-1 8 -11.5422
-1 9 -11.8746
-1 10 -12.1997
-1 11 -12.5076
-1 12 -12.8058
-1 13 -13.0831
-1 14 -13.3614
-1 15 -13.6142
-1 16 -13.8734
-1 17 -14.1108
-1 18 -14.36
-1 19 -14.5872
-1 20 -14.8282
-1 21 -15.0586
-1 22 -15.2676
-1 23 -15.4783
-1 24 -15.6911
-1 25 -15.89
-1 26 -16.0878
-1 27 -16.2813
-1 28 -16.463
-1 29 -16.6499
-1 30 -16.8153
-1 31 -16.9724
-1 32 -17.123
-1 33 -17.272
-1 34 -17.3997
-1 35 -17.5394
-1 36 -17.6657
-1 37 -17.7858
-1 38 -17.914
-1 39 -18.0436
-1 40 -18.1591
0 -10 -10.0114
0 -9 -9.99542
0 -8 -9.98016
0 -7 -9.96591
0 -6 -9.95614
0 -5 -9.90402
0 -4 -9.86328
0 -3 -9.832
0 -2 -9.81977
0 -1 -9.82163
0 0 -9.8171
0 1 -9.74107
0 2 -9.74117
0 3 -9.91831
0 4 -10.1907
0 5 -10.5006
0 6 -10.837
0 7 -11.178
0 8 -11.5182
0 9 -11.855
0 10 -12.1954
0 11 -12.5292
0 12 -12.8274
0 13 -13.1021
0 14 -13.3857
0 15 -13.6485
0 16 -13.9012
0 17 -14.148
0 18 -14.3815
0 19 -14.608
0 20 -14.8506
0 21 -15.0588
0 22 -15.2803
0 23 -15.4947
0 24 -15.7069
0 25 -15.9062
0 26 -16.1007
0 27 -16.2921
0 28 -16.4799
0 29 -16.6465
0 30 -16.8138
0 31 -16.9764
0 32 -17.1303
0 33 -17.2776
0 34 -17.4047
0 35 -17.5532
0 36 -17.679
0 37 -17.8004
0 38 -17.9319
0 39 -18.0666
0 40 -18.1769
1 -10 -10.0239
1 -9 -10.0062
1 -8 -10.0021
1 -7 -10.0079
1 -6 -9.98998
1 -5 -9.91836
1 -4 -9.88027
1 -3 -9.85931
1 -2 -9.85055
1 -1 -9.85105
1 0 -9.82237
1 1 -9.73933
1 2 -9.73413
1 3 -9.93298
1 4 -10.2183
1 5 -10.5355
1 6 -10.8609
1 7 -11.2066
1 8 -11.5313
1 9 -11.8811
1 10 -12.2061
1 11 -12.5304
1 12 -12.8292
1 13 -13.1305
1 14 -13.4153
1 15 -13.696
1 16 -13.9559
1 17 -14.1932
1 18 -14.4292
1 19 -14.671
1 20 -14.8843
1 21 -15.1177
1 22 -15.3324
1 23 -15.5403
1 24 -15.7402
1 25 -15.9416
1 26 -16.1339
1 27 -16.3243
1 28 -16.5051
1 29 -16.6742
1 30 -16.8487
1 31 -17.0191
1 32 -17.1659
1 33 -17.3054
1 34 -17.4453
1 35 -17.5713
1 36 -17.7134
1 37 -17.8414
1 38 -17.9685
1 39 -18.0824
1 40 -18.2086
2 -10 -10.0714
2 -9 -10.0587
2 -8 -10.0498
2 -7 -10.0552
2 -6 -10.0277
2 -5 -9.97518
2 -4 -9.93201
2 -3 -9.91141
2 -2 -9.90503
2 -1 -9.90529
2 0 -9.89055
2 1 -9.81984
2 2 -9.80442
2 3 -9.9863
2 4 -10.2632
2 5 -10.5867
2 6 -10.9127
2 7 -11.251
2 8 -11.5737
2 9 -11.921
2 10 -12.2551
2 11 -12.5816
2 12 -12.8923
2 13 -13.1868
2 14 -13.4633
2 15 -13.7511
2 16 -13.9956
2 17 -14.2486
2 18 -14.4811
2 19 -14.7213
2 20 -14.9454
2 21 -15.1629
2 22 -15.3788
2 23 -15.5873
2 24 -15.7859
2 25 -15.9938
2 26 -16.1871
2 27 -16.3804
2 28 -16.5559
2 29 -16.7391
2 30 -16.8978
2 31 -17.0613
2 32 -17.2176
2 33 -17.3623
2 34 -17.498
2 35 -17.6348
2 36 -17.7677
2 37 -17.9079
2 38 -18.0247
2 39 -18.1488
2 40 -18.2616
3 -10 -10.1301
3 -9 -10.1201
3 -8 -10.1078
3 -7 -10.088
3 -6 -10.0841
3 -5 -10.0414
3 -4 -9.98725
3 -3 -9.96495
3 -2 -9.94308
3 -1 -9.92183
3 0 -9.90052
3 1 -9.88939
3 2 -9.86764
3 3 -10.0579
3 4 -10.3266
3 5 -10.6509
3 6 -10.9723
3 7 -11.3151
3 8 -11.6757
3 9 -12
3 10 -12.3209
3 11 -12.6338
3 12 -12.9452
3 13 -13.2389
3 14 -13.5144
3 15 -13.7935
3 16 -14.0428
3 17 -14.2933
3 18 -14.5321
3 19 -14.7625
3 20 -14.9836
3 21 -15.2015
3 22 -15.4148
3 23 -15.6235
3 24 -15.8384
3 25 -16.0363
3 26 -16.2363
3 27 -16.4155
3 28 -16.6051
3 29 -16.7811
3 30 -16.9516
3 31 -17.1174
3 32 -17.2649
3 33 -17.4167
3 34 -17.5539
3 35 -17.692
3 36 -17.8169
3 37 -17.9475
3 38 -18.0848
3 39 -18.2052
3 40 -18.3234
4 -10 -10.1885
4 -9 -10.1621
4 -8 -10.1505
4 -7 -10.1235
4 -6 -10.1
4 -5 -10.0847
4 -4 -10.0525
4 -3 -10.02
4 -2 -9.97931
4 -1 -9.95089
4 0 -9.92786
4 1 -9.91744
4 2 -9.95923
4 3 -10.1493
4 4 -10.429
4 5 -10.736
4 6 -11.0792
4 7 -11.4088
4 8 -11.7429
4 9 -12.061
4 10 -12.3753
4 11 -12.6793
4 12 -12.9774
4 13 -13.2668
4 14 -13.5393
4 15 -13.81
4 16 -14.0708
4 17 -14.3268
4 18 -14.5756
4 19 -14.8045
4 20 -15.0335
4 21 -15.2491
4 22 -15.4666
4 23 -15.6814
4 24 -15.883
4 25 -16.0845
4 26 -16.2779
4 27 -16.4681
4 28 -16.6582
4 29 -16.8493
4 30 -17.0081
4 31 -17.1743
4 32 -17.3198
4 33 -17.4594
4 34 -17.6091
4 35 -17.7381
4 36 -17.8742
4 37 -17.9997
4 38 -18.1247
4 39 -18.2524
4 40 -18.36
5 -10 -10.2404
5 -9 -10.2097
5 -8 -10.1956
5 -7 -10.1592
5 -6 -10.1228
5 -5 -10.1262
5 -4 -10.1164
5 -3 -10.0897
5 -2 -10.0488
5 -1 -9.98672
5 0 -9.94738
5 1 -9.94496
5 2 -9.99872
5 3 -10.1833
5 4 -10.4585
5 5 -10.7861
5 6 -11.113
5 7 -11.4416
5 8 -11.7636
5 9 -12.0925
5 10 -12.3892
5 11 -12.6985
5 12 -12.9838
5 13 -13.2806
5 14 -13.549
5 15 -13.8245
5 16 -14.0966
5 17 -14.3606
5 18 -14.615
5 19 -14.8427
5 20 -15.0719
5 21 -15.2986
5 22 -15.5185
5 23 -15.7313
5 24 -15.9533
5 25 -16.1438
5 26 -16.3414
5 27 -16.5379
5 28 -16.7209
5 29 -16.8984
5 30 -17.0702
5 31 -17.2214
5 32 -17.3745
5 33 -17.5209
5 34 -17.6548
5 35 -17.7917
5 36 -17.9266
5 37 -18.0504
5 38 -18.1716
5 39 -18.287
5 40 -18.4076
6 -10 -10.2751
6 -9 -10.2515
6 -8 -10.2426
6 -7 -10.1982
6 -6 -10.1616
6 -5 -10.151
6 -4 -10.1509
6 -3 -10.1446
6 -2 -10.1156
6 -1 -10.046
6 0 -9.98809
6 1 -9.98604
6 2 -10.0205
6 3 -10.2188
6 4 -10.5154
6 5 -10.8119
6 6 -11.14
6 7 -11.469
6 8 -11.7971
6 9 -12.1188
6 10 -12.4263
6 11 -12.7261
6 12 -13.0083
6 13 -13.3194
6 14 -13.5909
6 15 -13.8673
6 16 -14.1445
6 17 -14.3992
6 18 -14.6536
6 19 -14.9055
6 20 -15.1382
6 21 -15.3685
6 22 -15.585
6 23 -15.8043
6 24 -16.017
6 25 -16.2228
6 26 -16.4257
6 27 -16.6095
6 28 -16.7854
6 29 -16.9513
6 30 -17.1162
6 31 -17.2756
6 32 -17.4256
6 33 -17.5684
6 34 -17.7072
6 35 -17.8373
6 36 -17.9609
6 37 -18.0873
6 38 -18.2062
6 39 -18.3208
6 40 -18.4345
7 -10 -10.3321
7 -9 -10.3149
7 -8 -10.3055
7 -7 -10.2598
7 -6 -10.2156
7 -5 -10.1936
7 -4 -10.1785
7 -3 -10.1859
7 -2 -10.1713
7 -1 -10.1223
7 0 -10.0606
7 1 -10.0289
7 2 -10.0672
7 3 -10.2555
7 4 -10.5257
7 5 -10.8511
7 6 -11.1912
7 7 -11.5091
7 8 -11.8341
7 9 -12.1468
7 10 -12.473
7 11 -12.7652
7 12 -13.0608
7 13 -13.356
7 14 -13.6415
7 15 -13.927
7 16 -14.1918
7 17 -14.4709
7 18 -14.7316
7 19 -14.9808
7 20 -15.2173
7 21 -15.4423
7 22 -15.6652
7 23 -15.8763
7 24 -16.0798
7 25 -16.2754
7 26 -16.4654
7 27 -16.6442
7 28 -16.8216
7 29 -16.9925
7 30 -17.1532
7 31 -17.3062
7 32 -17.4612
7 33 -17.6044
7 34 -17.7411
7 35 -17.8672
7 36 -17.9942
7 37 -18.1228
7 38 -18.238
7 39 -18.3494
7 40 -18.4706
8 -10 -10.3685
8 -9 -10.3628
8 -8 -10.3478
8 -7 -10.3195
8 -6 -10.2719
8 -5 -10.2363
8 -4 -10.221
8 -3 -10.2214
8 -2 -10.1822
8 -1 -10.1489
8 0 -10.1108
8 1 -10.0781
8 2 -10.1067
8 3 -10.2958
8 4 -10.5889
8 5 -10.8992
8 6 -11.225
8 7 -11.5656
8 8 -11.8886
8 9 -12.1976
8 10 -12.5219
8 11 -12.8217
8 12 -13.1164
8 13 -13.4203
8 14 -13.7041
8 15 -13.9941
8 16 -14.2827
8 17 -14.539
8 18 -14.8003
8 19 -15.0446
8 20 -15.2642
8 21 -15.4919
8 22 -15.701
8 23 -15.9108
8 24 -16.1128
8 25 -16.3063
8 26 -16.4948
8 27 -16.6697
8 28 -16.8462
8 29 -17.0187
8 30 -17.1842
8 31 -17.3441
8 32 -17.4868
8 33 -17.6325
8 34 -17.7686
8 35 -17.8988
8 36 -18.0326
8 37 -18.144
8 38 -18.2645
8 39 -18.3855
8 40 -18.4975
9 -10 -10.4018
9 -9 -10.3812
9 -8 -10.367
9 -7 -10.3376
9 -6 -10.3154
9 -5 -10.2886
9 -4 -10.2651
9 -3 -10.2444
9 -2 -10.2099
9 -1 -10.1825
9 0 -10.1383
9 1 -10.124
9 2 -10.1687
9 3 -10.3522
9 4 -10.6369
9 5 -10.9521
9 6 -11.2774
9 7 -11.6209
9 8 -11.9458
9 9 -12.264
9 10 -12.5627
9 11 -12.8713
9 12 -13.1824
9 13 -13.472
9 14 -13.7657
9 15 -14.0484
9 16 -14.3117
9 17 -14.5725
9 18 -14.8263
9 19 -15.0596
9 20 -15.2875
9 21 -15.5084
9 22 -15.7285
9 23 -15.9311
9 24 -16.1298
9 25 -16.3311
9 26 -16.5098
9 27 -16.6944
9 28 -16.8734
9 29 -17.0373
9 30 -17.2104
9 31 -17.361
9 32 -17.5155
9 33 -17.6569
9 34 -17.7966
9 35 -17.9265
9 36 -18.054
9 37 -18.1747
9 38 -18.2961
9 39 -18.4095
9 40 -18.5251
10 -10 -10.4328
10 -9 -10.414
10 -8 -10.3872
10 -7 -10.3712
10 -6 -10.3497
10 -5 -10.3236
10 -4 -10.3034
10 -3 -10.2878
10 -2 -10.2258
10 -1 -10.1886
10 0 -10.1643
10 1 -10.149
10 2 -10.2113
10 3 -10.4108
10 4 -10.689
10 5 -11.0001
10 6 -11.3307
10 7 -11.6572
10 8 -11.9863
10 9 -12.2962
10 10 -12.6187
10 11 -12.9159
10 12 -13.2216
10 13 -13.4983
10 14 -13.7852
10 15 -14.0621
10 16 -14.3394
10 17 -14.5924
10 18 -14.8375
10 19 -15.078
10 20 -15.3153
10 21 -15.5348
10 22 -15.7533
10 23 -15.9604
10 24 -16.1621
10 25 -16.3536
10 26 -16.5412
10 27 -16.7156
10 28 -16.9033
10 29 -17.0698
10 30 -17.2372
10 31 -17.3993
10 32 -17.5446
10 33 -17.6922
10 34 -17.8237
10 35 -17.9603
10 36 -18.0828
10 37 -18.1995
10 38 -18.3192
10 39 -18.4408
10 40 -18.5511
11 -10 -10.4659
11 -9 -10.4582
11 -8 -10.4166
11 -7 -10.3863
11 -6 -10.3641
11 -5 -10.358
11 -4 -10.351
11 -3 -10.3335
11 -2 -10.2687
11 -1 -10.223
11 0 -10.2001
11 1 -10.175
11 2 -10.2467
11 3 -10.4447
11 4 -10.7247
11 5 -11.0434
11 6 -11.3644
11 7 -11.6996
11 8 -12.0152
11 9 -12.3247
11 10 -12.6343
11 11 -12.9459
11 12 -13.2431
11 13 -13.5329
11 14 -13.8102
11 15 -14.0784
11 16 -14.3541
11 17 -14.6046
11 18 -14.858
11 19 -15.1017
11 20 -15.3367
11 21 -15.5636
11 22 -15.7792
11 23 -15.987
11 24 -16.1911
11 25 -16.3833
11 26 -16.573
11 27 -16.7652
11 28 -16.9412
11 29 -17.1115
11 30 -17.275
11 31 -17.4402
11 32 -17.5943
11 33 -17.7363
11 34 -17.8692
11 35 -18.0048
11 36 -18.1245
11 37 -18.2427
11 38 -18.3632
11 39 -18.4768
11 40 -18.5885
12 -10 -10.503
12 -9 -10.4957
12 -8 -10.4614
12 -7 -10.4191
12 -6 -10.3956
12 -5 -10.3869
12 -4 -10.386
12 -3 -10.3699
12 -2 -10.3236
12 -1 -10.2641
12 0 -10.2349
12 1 -10.2064
12 2 -10.2573
12 3 -10.4722
12 4 -10.7459
12 5 -11.059
12 6 -11.3834
12 7 -11.7122
12 8 -12.0304
12 9 -12.3534
12 10 -12.6642
12 11 -12.9661
12 12 -13.2619
12 13 -13.5462
12 14 -13.8296
12 15 -14.1042
12 16 -14.3719
12 17 -14.6299
12 18 -14.8831
12 19 -15.1334
12 20 -15.3749
12 21 -15.6026
12 22 -15.8137
12 23 -16.0221
12 24 -16.2268
12 25 -16.4266
12 26 -16.6187
12 27 -16.8053
12 28 -16.9855
12 29 -17.1604
12 30 -17.3342
12 31 -17.4889
12 32 -17.6349
12 33 -17.78
12 34 -17.9196
12 35 -18.0518
12 36 -18.1709
12 37 -18.2916
12 38 -18.4118
12 39 -18.5296
12 40 -18.6405
13 -10 -10.5413
13 -9 -10.5444
13 -8 -10.4999
13 -7 -10.4681
13 -6 -10.431
13 -5 -10.4156
13 -4 -10.4157
13 -3 -10.4
13 -2 -10.349
13 -1 -10.3059
13 0 -10.263
13 1 -10.2373
13 2 -10.2965
13 3 -10.4915
13 4 -10.7584
13 5 -11.0795
13 6 -11.401
13 7 -11.7345
13 8 -12.0524
13 9 -12.3738
13 10 -12.6854
13 11 -12.9906
13 12 -13.2907
13 13 -13.5804
13 14 -13.8568
13 15 -14.1406
13 16 -14.4146
13 17 -14.6674
13 18 -14.9309
13 19 -15.1791
13 20 -15.422
13 21 -15.6463
13 22 -15.868
13 23 -16.0782
13 24 -16.2864
13 25 -16.4805
13 26 -16.6688
13 27 -16.8629
13 28 -17.0352
13 29 -17.2115
13 30 -17.3726
13 31 -17.5331
13 32 -17.6892
13 33 -17.8242
13 34 -17.9622
13 35 -18.0853
13 36 -18.2106
13 37 -18.3313
13 38 -18.4531
13 39 -18.5728
13 40 -18.6716
14 -10 -10.5572
14 -9 -10.5535
14 -8 -10.5302
14 -7 -10.4928
14 -6 -10.4552
14 -5 -10.4417
14 -4 -10.4308
14 -3 -10.4168
14 -2 -10.3848
14 -1 -10.3327
14 0 -10.3053
14 1 -10.2709
14 2 -10.3162
14 3 -10.5142
14 4 -10.7913
14 5 -11.1057
14 6 -11.4354
14 7 -11.7669
14 8 -12.0842
14 9 -12.4104
14 10 -12.7379
14 11 -13.0281
14 12 -13.3309
14 13 -13.6123
14 14 -13.9092
14 15 -14.1778
14 16 -14.4447
14 17 -14.7115
14 18 -14.9727
14 19 -15.2297
14 20 -15.4634
14 21 -15.6883
14 22 -15.9051
14 23 -16.109
14 24 -16.3215
14 25 -16.5152
14 26 -16.701
14 27 -16.8885
14 28 -17.0573
14 29 -17.2377
14 30 -17.3987
14 31 -17.5543
14 32 -17.7073
14 33 -17.8509
14 34 -17.9816
14 35 -18.1126
14 36 -18.236
14 37 -18.3573
14 38 -18.4697
14 39 -18.588
14 40 -18.6987
15 -10 -10.5824
15 -9 -10.5738
15 -8 -10.5519
15 -7 -10.5149
15 -6 -10.4862
15 -5 -10.4663
15 -4 -10.4521
15 -3 -10.4327
15 -2 -10.3899
15 -1 -10.3496
15 0 -10.3281
15 1 -10.3147
15 2 -10.3474
15 3 -10.5483
15 4 -10.833
15 5 -11.1539
15 6 -11.4728
15 7 -11.8018
15 8 -12.1382
15 9 -12.4573
15 10 -12.7631
15 11 -13.0647
15 12 -13.3586
15 13 -13.6536
15 14 -13.9382
15 15 -14.2089
15 16 -14.488
15 17 -14.751
15 18 -15.0044
15 19 -15.2547
15 20 -15.4873
15 21 -15.7119
15 22 -15.9306
15 23 -16.1347
15 24 -16.3394
15 25 -16.5408
15 26 -16.7214
15 27 -16.9045
15 28 -17.0772
15 29 -17.2496
15 30 -17.4135
15 31 -17.571
15 32 -17.7234
15 33 -17.8616
15 34 -17.9992
15 35 -18.1293
15 36 -18.2507
15 37 -18.3713
15 38 -18.4896
15 39 -18.6029
15 40 -18.7172
16 -10 -10.6078
16 -9 -10.5865
16 -8 -10.558
16 -7 -10.5415
16 -6 -10.5162
16 -5 -10.5037
16 -4 -10.4841
16 -3 -10.458
16 -2 -10.4142
16 -1 -10.3771
16 0 -10.3496
16 1 -10.3424
16 2 -10.3881
16 3 -10.5827
16 4 -10.8543
16 5 -11.1797
16 6 -11.5136
16 7 -11.8426
16 8 -12.1708
16 9 -12.4904
16 10 -12.7902
16 11 -13.0982
16 12 -13.3997
16 13 -13.6819
16 14 -13.9672
16 15 -14.2379
16 16 -14.5068
16 17 -14.7685
16 18 -15.02
16 19 -15.2732
16 20 -15.5056
16 21 -15.7275
16 22 -15.9507
16 23 -16.1539
16 24 -16.358
16 25 -16.5507
16 26 -16.7419
16 27 -16.9225
16 28 -17.0899
16 29 -17.2634
16 30 -17.4321
16 31 -17.5892
16 32 -17.7386
16 33 -17.8854
16 34 -18.0165
16 35 -18.146
16 36 -18.2623
16 37 -18.3833
16 38 -18.497
16 39 -18.6114
16 40 -18.7241
17 -10 -10.6348
17 -9 -10.611
17 -8 -10.5799
17 -7 -10.5556
17 -6 -10.5415
17 -5 -10.5299
17 -4 -10.5236
17 -3 -10.4896
17 -2 -10.4481
17 -1 -10.4019
17 0 -10.3744
17 1 -10.3613
17 2 -10.4226
17 3 -10.6202
17 4 -10.8887
17 5 -11.2025
17 6 -11.5283
17 7 -11.8649
17 8 -12.1871
17 9 -12.52
17 10 -12.8203
17 11 -13.122
17 12 -13.4118
17 13 -13.698
17 14 -13.9777
17 15 -14.254
17 16 -14.5206
17 17 -14.7947
17 18 -15.0415
17 19 -15.2787
17 20 -15.526
17 21 -15.7524
17 22 -15.9663
17 23 -16.176
17 24 -16.3759
17 25 -16.568
17 26 -16.7592
17 27 -16.9403
17 28 -17.1148
17 29 -17.2898
17 30 -17.4507
17 31 -17.605
17 32 -17.7601
17 33 -17.8994
17 34 -18.0406
17 35 -18.1636
17 36 -18.2873
17 37 -18.4055
17 38 -18.5196
17 39 -18.63
17 40 -18.7358
18 -10 -10.6595
18 -9 -10.6354
18 -8 -10.6085
18 -7 -10.5765
18 -6 -10.5684
18 -5 -10.5552
18 -4 -10.5523
18 -3 -10.5262
18 -2 -10.4706
18 -1 -10.4269
18 0 -10.3933
18 1 -10.3886
18 2 -10.4371
18 3 -10.6329
18 4 -10.9186
18 5 -11.2297
18 6 -11.5624
18 7 -11.8824
18 8 -12.2049
18 9 -12.5233
18 10 -12.8283
18 11 -13.1359
18 12 -13.4216
18 13 -13.7151
18 14 -14.0022
18 15 -14.2704
18 16 -14.5387
18 17 -14.8048
18 18 -15.0516
18 19 -15.299
18 20 -15.5324
18 21 -15.7648
18 22 -15.9828
18 23 -16.1986
18 24 -16.402
18 25 -16.5989
18 26 -16.787
18 27 -16.9722
18 28 -17.1445
18 29 -17.3195
18 30 -17.4784
18 31 -17.6334
18 32 -17.7873
18 33 -17.923
18 34 -18.0669
18 35 -18.1919
18 36 -18.3154
18 37 -18.4253
18 38 -18.5368
18 39 -18.6528
18 40 -18.7609
19 -10 -10.69
19 -9 -10.6752
19 -8 -10.6348
19 -7 -10.6112
19 -6 -10.5853
19 -5 -10.5755
19 -4 -10.5699
19 -3 -10.5441
19 -2 -10.5016
19 -1 -10.4563
19 0 -10.4163
19 1 -10.403
19 2 -10.4637
19 3 -10.663
19 4 -10.9239
19 5 -11.2427
19 6 -11.571
19 7 -11.9131
19 8 -12.2277
19 9 -12.5463
19 10 -12.8571
19 11 -13.1579
19 12 -13.4421
19 13 -13.7416
19 14 -14.0131
19 15 -14.2926
19 16 -14.5638
19 17 -14.824
19 18 -15.078
19 19 -15.3279
19 20 -15.5554
19 21 -15.7865
19 22 -16.0086
19 23 -16.2253
19 24 -16.4352
19 25 -16.623
19 26 -16.8185
19 27 -17.0009
19 28 -17.1846
19 29 -17.35
19 30 -17.5143
19 31 -17.6696
19 32 -17.8204
19 33 -17.9595
19 34 -18.095
19 35 -18.2222
19 36 -18.3456
19 37 -18.4628
19 38 -18.5806
19 39 -18.6882
19 40 -18.7893
20 -10 -10.7061
20 -9 -10.6914
20 -8 -10.6569
20 -7 -10.6228
20 -6 -10.6046
20 -5 -10.5895
20 -4 -10.5798
20 -3 -10.562
20 -2 -10.5265
20 -1 -10.4784
20 0 -10.4518
20 1 -10.4266
20 2 -10.4805
20 3 -10.6751
20 4 -10.9468
20 5 -11.2798
20 6 -11.5978
20 7 -11.9314
20 8 -12.2508
20 9 -12.5633
20 10 -12.8801
20 11 -13.1787
20 12 -13.4749
20 13 -13.7695
20 14 -14.0501
20 15 -14.3139
20 16 -14.592
20 17 -14.8535
20 18 -15.1084
20 19 -15.3568
20 20 -15.591
20 21 -15.8241
20 22 -16.0419
20 23 -16.2586
20 24 -16.4656
20 25 -16.66
20 26 -16.8533
20 27 -17.0326
20 28 -17.2153
20 29 -17.3826
20 30 -17.5453
20 31 -17.702
20 32 -17.8541
20 33 -18.0002
20 34 -18.134
20 35 -18.2629
20 36 -18.3795
20 37 -18.4968
20 38 -18.6111
20 39 -18.7231
20 40 -18.8293
21 -10 -10.7183
21 -9 -10.7014
21 -8 -10.6754
21 -7 -10.6381
21 -6 -10.6281
21 -5 -10.6041
21 -4 -10.6026
21 -3 -10.5751
21 -2 -10.5366
21 -1 -10.4979
21 0 -10.4735
21 1 -10.456
21 2 -10.5087
21 3 -10.6895
21 4 -10.9737
21 5 -11.2879
21 6 -11.6288
21 7 -11.9544
21 8 -12.2693
21 9 -12.587
21 10 -12.9053
21 11 -13.2024
21 12 -13.5095
21 13 -13.7964
21 14 -14.0831
21 15 -14.3546
21 16 -14.6178
21 17 -14.8894
21 18 -15.1388
21 19 -15.3765
21 20 -15.6143
21 21 -15.8487
21 22 -16.0647
21 23 -16.2815
21 24 -16.4903
21 25 -16.6849
21 26 -16.8685
21 27 -17.0527
21 28 -17.2317
21 29 -17.4043
21 30 -17.5658
21 31 -17.7303
21 32 -17.8749
21 33 -18.0112
21 34 -18.1519
21 35 -18.2811
21 36 -18.4075
21 37 -18.5256
21 38 -18.6409
21 39 -18.754
21 40 -18.86
22 -10 -10.7233
22 -9 -10.7126
22 -8 -10.6848
22 -7 -10.6657
22 -6 -10.6389
22 -5 -10.6292
22 -4 -10.6158
22 -3 -10.5963
22 -2 -10.5464
22 -1 -10.5154
22 0 -10.4944
22 1 -10.4776
22 2 -10.5303
22 3 -10.7226
22 4 -10.9829
22 5 -11.3146
22 6 -11.6461
22 7 -11.9743
22 8 -12.3026
22 9 -12.6197
22 10 -12.9373
22 11 -13.2388
22 12 -13.5334
22 13 -13.823
22 14 -14.0958
22 15 -14.3668
22 16 -14.6463
22 17 -14.912
22 18 -15.1489
22 19 -15.399
22 20 -15.6302
22 21 -15.8605
22 22 -16.0798
22 23 -16.2923
22 24 -16.4976
22 25 -16.7
22 26 -16.8831
22 27 -17.0647
22 28 -17.2418
22 29 -17.4172
22 30 -17.5745
22 31 -17.7318
22 32 -17.8844
22 33 -18.0304
22 34 -18.1666
22 35 -18.2954
22 36 -18.4213
22 37 -18.5395
22 38 -18.6556
22 39 -18.7669
22 40 -18.8824
23 -10 -10.7347
23 -9 -10.7192
23 -8 -10.6965
23 -7 -10.6766
23 -6 -10.6632
23 -5 -10.6557
23 -4 -10.6349
23 -3 -10.6153
23 -2 -10.5658
23 -1 -10.5286
23 0 -10.5189
23 1 -10.4981
23 2 -10.5572
23 3 -10.741
23 4 -11.0106
23 5 -11.3317
23 6 -11.6617
23 7 -11.991
23 8 -12.3214
23 9 -12.6515
23 10 -12.9535
23 11 -13.2617
23 12 -13.5458
23 13 -13.835
23 14 -14.1178
23 15 -14.3874
23 16 -14.6554
23 17 -14.9095
23 18 -15.1642
23 19 -15.4102
23 20 -15.6448
23 21 -15.8724
23 22 -16.0927
23 23 -16.2994
23 24 -16.5102
23 25 -16.7043
23 26 -16.8996
23 27 -17.0762
23 28 -17.2551
23 29 -17.4264
23 30 -17.5897
23 31 -17.7513
23 32 -17.9012
23 33 -18.0381
23 34 -18.1739
23 35 -18.3041
23 36 -18.4303
23 37 -18.55
23 38 -18.6673
23 39 -18.7779
23 40 -18.8889
24 -10 -10.7439
24 -9 -10.7403
24 -8 -10.712
24 -7 -10.6902
24 -6 -10.6876
24 -5 -10.6779
24 -4 -10.6582
24 -3 -10.6367
24 -2 -10.5868
24 -1 -10.5508
24 0 -10.5325
24 1 -10.5247
24 2 -10.5599
24 3 -10.7415
24 4 -11.0336
24 5 -11.3459
24 6 -11.6715
24 7 -12.0064
24 8 -12.3347
24 9 -12.6577
24 10 -12.9704
24 11 -13.2734
24 12 -13.5623
24 13 -13.8447
24 14 -14.1307
24 15 -14.3969
24 16 -14.667
24 17 -14.9274
24 18 -15.1821
24 19 -15.4251
24 20 -15.6622
24 21 -15.8833
24 22 -16.1078
24 23 -16.3164
24 24 -16.5197
24 25 -16.7181
24 26 -16.9112
24 27 -17.0961
24 28 -17.2776
24 29 -17.4381
24 30 -17.6072
24 31 -17.7667
24 32 -17.909
24 33 -18.0503
24 34 -18.1895
24 35 -18.3159
24 36 -18.4408
24 37 -18.5648
24 38 -18.679
24 39 -18.7881
24 40 -18.8991
25 -10 -10.7657
25 -9 -10.7566
25 -8 -10.7277
25 -7 -10.7111
25 -6 -10.6999
25 -5 -10.6959
25 -4 -10.6828
25 -3 -10.6596
25 -2 -10.6084
25 -1 -10.5649
25 0 -10.5495
25 1 -10.5396
25 2 -10.5785
25 3 -10.7655
25 4 -11.0397
25 5 -11.3562
25 6 -11.6851
25 7 -12.0258
25 8 -12.3538
25 9 -12.6768
25 10 -12.9899
25 11 -13.2959
25 12 -13.5817
25 13 -13.8704
25 14 -14.1426
25 15 -14.4174
25 16 -14.6798
25 17 -14.9396
25 18 -15.1951
25 19 -15.4383
25 20 -15.6729
25 21 -15.8981
25 22 -16.1208
25 23 -16.3294
25 24 -16.5314
25 25 -16.7301
25 26 -16.9289
25 27 -17.1068
25 28 -17.2827
25 29 -17.4573
25 30 -17.6279
25 31 -17.7785
25 32 -17.933
25 33 -18.0693
25 34 -18.2059
25 35 -18.3361
25 36 -18.4614
25 37 -18.576
25 38 -18.6912
25 39 -18.8034
25 40 -18.9065
26 -10 -10.7825
26 -9 -10.7681
26 -8 -10.7494
26 -7 -10.7228
26 -6 -10.7082
26 -5 -10.7037
26 -4 -10.6914
26 -3 -10.673
26 -2 -10.6269
26 -1 -10.5906
26 0 -10.5635
26 1 -10.552
26 2 -10.5968
26 3 -10.7871
26 4 -11.0531
26 5 -11.3686
26 6 -11.697
26 7 -12.0291
26 8 -12.372
26 9 -12.6953
26 10 -13.0056
26 11 -13.3085
26 12 -13.5997
26 13 -13.8866
26 14 -14.1642
26 15 -14.4338
26 16 -14.6916
26 17 -14.9618
26 18 -15.2152
26 19 -15.4568
26 20 -15.698
26 21 -15.9167
26 22 -16.14
26 23 -16.35
26 24 -16.5491
26 25 -16.746
26 26 -16.9401
26 27 -17.1258
26 28 -17.3081
26 29 -17.4814
26 30 -17.6451
26 31 -17.8009
26 32 -17.9502
26 33 -18.096
26 34 -18.2317
26 35 -18.3564
26 36 -18.4789
26 37 -18.5946
26 38 -18.7116
26 39 -18.8237
26 40 -18.9284
27 -10 -10.7907
27 -9 -10.7808
27 -8 -10.7619
27 -7 -10.7339
27 -6 -10.717
27 -5 -10.7096
27 -4 -10.702
27 -3 -10.6841
27 -2 -10.64
27 -1 -10.6047
27 0 -10.5812
27 1 -10.5736
27 2 -10.6119
27 3 -10.7925
27 4 -11.0763
27 5 -11.3857
27 6 -11.7227
27 7 -12.0562
27 8 -12.3887
27 9 -12.7089
27 10 -13.0232
27 11 -13.3179
27 12 -13.6209
27 13 -13.9015
27 14 -14.1847
27 15 -14.4545
27 16 -14.7338
27 17 -14.9834
27 18 -15.2357
27 19 -15.4808
27 20 -15.7094
27 21 -15.9406
27 22 -16.1514
27 23 -16.3613
27 24 -16.5752
27 25 -16.77
27 26 -16.9611
27 27 -17.1418
27 28 -17.3261
27 29 -17.4987
27 30 -17.6655
27 31 -17.8206
27 32 -17.9739
27 33 -18.1183
27 34 -18.2501
27 35 -18.3806
27 36 -18.5019
27 37 -18.6187
27 38 -18.7347
27 39 -18.8411
27 40 -18.95
28 -10 -10.7985
28 -9 -10.7952
28 -8 -10.7705
28 -7 -10.7539
28 -6 -10.7347
28 -5 -10.719
28 -4 -10.7043
28 -3 -10.6911
28 -2 -10.6491
28 -1 -10.626
28 0 -10.598
28 1 -10.5781
28 2 -10.633
28 3 -10.8187
28 4 -11.1074
28 5 -11.4186
28 6 -11.7484
28 7 -12.0802
28 8 -12.405
28 9 -12.7293
28 10 -13.0355
28 11 -13.3435
28 12 -13.6366
28 13 -13.9229
28 14 -14.2035
28 15 -14.4782
28 16 -14.7443
28 17 -14.9938
28 18 -15.2455
28 19 -15.494
28 20 -15.7295
28 21 -15.9511
28 22 -16.1725
28 23 -16.3804
28 24 -16.5812
28 25 -16.7785
28 26 -16.9707
28 27 -17.1567
28 28 -17.3405
28 29 -17.5102
28 30 -17.6775
28 31 -17.8341
28 32 -17.9883
28 33 -18.1328
28 34 -18.2668
28 35 -18.3983
28 36 -18.5212
28 37 -18.6384
28 38 -18.7541
28 39 -18.8672
28 40 -18.9714
29 -10 -10.7994
29 -9 -10.7952
29 -8 -10.7743
29 -7 -10.7591
29 -6 -10.7449
29 -5 -10.7279
29 -4 -10.7137
29 -3 -10.6981
29 -2 -10.6563
29 -1 -10.6427
29 0 -10.6174
29 1 -10.5963
29 2 -10.6458
29 3 -10.846
29 4 -11.1215
29 5 -11.4329
29 6 -11.7665
29 7 -12.098
29 8 -12.4191
29 9 -12.736
29 10 -13.055
29 11 -13.3538
29 12 -13.6538
29 13 -13.941
29 14 -14.2219
29 15 -14.4961
29 16 -14.7543
29 17 -15.0119
29 18 -15.2636
29 19 -15.5085
29 20 -15.7414
29 21 -15.9642
29 22 -16.1796
29 23 -16.3839
29 24 -16.5933
29 25 -16.7888
29 26 -16.9831
29 27 -17.1722
29 28 -17.3402
29 29 -17.5218
29 30 -17.6833
29 31 -17.8405
29 32 -17.9911
29 33 -18.1388
29 34 -18.2733
29 35 -18.4047
29 36 -18.53
29 37 -18.6485
29 38 -18.7703
29 39 -18.8802
29 40 -18.9867
30 -10 -10.7994
30 -9 -10.792
30 -8 -10.7836
30 -7 -10.7655
30 -6 -10.7549
30 -5 -10.7391
30 -4 -10.7326
30 -3 -10.7143
30 -2 -10.6689
30 -1 -10.6516
30 0 -10.6371
30 1 -10.605
30 2 -10.6611
30 3 -10.8577
30 4 -11.1327
30 5 -11.451
30 6 -11.7809
30 7 -12.106
30 8 -12.4307
30 9 -12.7482
30 10 -13.0514
30 11 -13.3665
30 12 -13.6641
30 13 -13.9583
30 14 -14.2319
30 15 -14.5025
30 16 -14.7639
30 17 -15.0189
30 18 -15.2713
30 19 -15.5179
30 20 -15.7526
30 21 -15.9696
30 22 -16.1897
30 23 -16.4004
30 24 -16.6019
30 25 -16.797
30 26 -16.986
30 27 -17.1712
30 28 -17.3474
30 29 -17.5225
30 30 -17.6864
30 31 -17.8442
30 32 -17.9971
30 33 -18.1465
30 34 -18.2831
30 35 -18.4137
30 36 -18.5361
30 37 -18.6535
30 38 -18.7667
30 39 -18.8863
30 40 -18.9921
31 -10 -10.7967
31 -9 -10.8008
31 -8 -10.7877
31 -7 -10.7705
31 -6 -10.7666
31 -5 -10.7554
31 -4 -10.7509
31 -3 -10.73
31 -2 -10.6819
31 -1 -10.657
31 0 -10.6397
31 1 -10.6209
31 2 -10.677
31 3 -10.8699
31 4 -11.1459
31 5 -11.4611
31 6 -11.7847
31 7 -12.1081
31 8 -12.4386
31 9 -12.7534
31 10 -13.0683
31 11 -13.3682
31 12 -13.671
31 13 -13.9611
31 14 -14.2412
31 15 -14.5153
31 16 -14.7773
31 17 -15.03
31 18 -15.2789
31 19 -15.5194
31 20 -15.7585
31 21 -15.9828
31 22 -16.2007
31 23 -16.4094
31 24 -16.6149
31 25 -16.8106
31 26 -16.9968
31 27 -17.1815
31 28 -17.3579
31 29 -17.529
31 30 -17.6958
31 31 -17.8511
31 32 -17.999
31 33 -18.1461
31 34 -18.2812
31 35 -18.4114
31 36 -18.5405
31 37 -18.6578
31 38 -18.7684
31 39 -18.8853
31 40 -18.993
32 -10 -10.8035
32 -9 -10.7963
32 -8 -10.7886
32 -7 -10.7745
32 -6 -10.7724
32 -5 -10.7549
32 -4 -10.7515
32 -3 -10.7383
32 -2 -10.705
32 -1 -10.6629
32 0 -10.6515
32 1 -10.6277
32 2 -10.6765
32 3 -10.8772
32 4 -11.1503
32 5 -11.4692
32 6 -11.7982
32 7 -12.1295
32 8 -12.4448
32 9 -12.7651
32 10 -13.0822
32 11 -13.3845
32 12 -13.6871
32 13 -13.9698
32 14 -14.2558
32 15 -14.5249
32 16 -14.7816
32 17 -15.0415
32 18 -15.291
32 19 -15.5359
32 20 -15.7689
32 21 -15.9948
32 22 -16.2168
32 23 -16.4208
32 24 -16.6218
32 25 -16.8177
32 26 -17.0094
32 27 -17.1905
32 28 -17.365
32 29 -17.5368
32 30 -17.7039
32 31 -17.8573
32 32 -18.0091
32 33 -18.1523
32 34 -18.2921
32 35 -18.4158
32 36 -18.5409
32 37 -18.6597
32 38 -18.7712
32 39 -18.8875
32 40 -18.9958
33 -10 -10.7978
33 -9 -10.7976
33 -8 -10.7836
33 -7 -10.7772
33 -6 -10.7744
33 -5 -10.7581
33 -4 -10.766
33 -3 -10.7396
33 -2 -10.7043
33 -1 -10.6793
33 0 -10.6628
33 1 -10.6357
33 2 -10.6829
33 3 -10.88
33 4 -11.1659
33 5 -11.4763
33 6 -11.8026
33 7 -12.139
33 8 -12.4557
33 9 -12.7743
33 10 -13.0898
33 11 -13.3965
33 12 -13.6969
33 13 -13.986
33 14 -14.2655
33 15 -14.532
33 16 -14.7943
33 17 -15.0538
33 18 -15.2993
33 19 -15.5447
33 20 -15.7797
33 21 -16.0047
33 22 -16.2249
33 23 -16.4343
33 24 -16.6281
33 25 -16.831
33 26 -17.015
33 27 -17.1982
33 28 -17.3692
33 29 -17.5417
33 30 -17.705
33 31 -17.8684
33 32 -18.0143
33 33 -18.156
33 34 -18.2987
33 35 -18.4255
33 36 -18.5479
33 37 -18.6666
33 38 -18.782
33 39 -18.888
33 40 -18.9953
34 -10 -10.7997
34 -9 -10.7965
34 -8 -10.7802
34 -7 -10.7778
34 -6 -10.7615
34 -5 -10.7584
34 -4 -10.7588
34 -3 -10.7449
34 -2 -10.7187
34 -1 -10.6897
34 0 -10.6643
34 1 -10.6477
34 2 -10.6923
34 3 -10.8903
34 4 -11.1749
34 5 -11.4854
34 6 -11.8186
34 7 -12.1499
34 8 -12.4695
34 9 -12.792
34 10 -13.102
34 11 -13.408
34 12 -13.7071
34 13 -13.9896
34 14 -14.27
34 15 -14.5444
34 16 -14.8099
34 17 -15.0613
34 18 -15.3167
34 19 -15.56
34 20 -15.7997
34 21 -16.0245
34 22 -16.2421
34 23 -16.4478
34 24 -16.6461
34 25 -16.8371
34 26 -17.0303
34 27 -17.2066
34 28 -17.3855
34 29 -17.551
34 30 -17.7188
34 31 -17.8755
34 32 -18.0273
34 33 -18.168
34 34 -18.3078
34 35 -18.438
34 36 -18.5607
34 37 -18.676
34 38 -18.789
34 39 -18.9027
34 40 -19.003
35 -10 -10.8005
35 -9 -10.7861
35 -8 -10.7795
35 -7 -10.7702
35 -6 -10.7647
35 -5 -10.7572
35 -4 -10.7629
35 -3 -10.7469
35 -2 -10.7235
35 -1 -10.6916
35 0 -10.6767
35 1 -10.6622
35 2 -10.7106
35 3 -10.9062
35 4 -11.1755
35 5 -11.4978
35 6 -11.8336
35 7 -12.1523
35 8 -12.4849
35 9 -12.8111
35 10 -13.1194
35 11 -13.4191
35 12 -13.7138
35 13 -14.0011
35 14 -14.2843
35 15 -14.5559
35 16 -14.8146
35 17 -15.0799
35 18 -15.3286
35 19 -15.5739
35 20 -15.8081
35 21 -16.0308
35 22 -16.2494
35 23 -16.4526
35 24 -16.6514
35 25 -16.8491
35 26 -17.0342
35 27 -17.217
35 28 -17.3967
35 29 -17.5618
35 30 -17.7264
35 31 -17.8884
35 32 -18.0354
35 33 -18.1799
35 34 -18.3136
35 35 -18.4413
35 36 -18.5683
35 37 -18.6827
35 38 -18.7998
35 39 -18.9054
35 40 -19.0159
36 -10 -10.7975
36 -9 -10.7899
36 -8 -10.7784
36 -7 -10.767
36 -6 -10.7529
36 -5 -10.7563
36 -4 -10.7648
36 -3 -10.7503
36 -2 -10.7252
36 -1 -10.6996
36 0 -10.679
36 1 -10.6701
36 2 -10.7199
36 3 -10.9215
36 4 -11.1941
36 5 -11.5058
36 6 -11.8406
36 7 -12.171
36 8 -12.4948
36 9 -12.8216
36 10 -13.1265
36 11 -13.4258
36 12 -13.7161
36 13 -14.0034
36 14 -14.2836
36 15 -14.5567
36 16 -14.8285
36 17 -15.0872
36 18 -15.3282
36 19 -15.5746
36 20 -15.8151
36 21 -16.0354
36 22 -16.2487
36 23 -16.4605
36 24 -16.658
36 25 -16.8554
36 26 -17.0429
36 27 -17.2232
36 28 -17.3987
36 29 -17.569
36 30 -17.7318
36 31 -17.8873
36 32 -18.0365
36 33 -18.1797
36 34 -18.3198
36 35 -18.4485
36 36 -18.57
36 37 -18.6854
36 38 -18.8073
36 39 -18.9162
36 40 -19.0221
37 -10 -10.7895
37 -9 -10.7836
37 -8 -10.7734
37 -7 -10.762
37 -6 -10.7575
37 -5 -10.7567
37 -4 -10.7615
37 -3 -10.7428
37 -2 -10.7259
37 -1 -10.7004
37 0 -10.6835
37 1 -10.6767
37 2 -10.7364
37 3 -10.9301
37 4 -11.2056
37 5 -11.5213
37 6 -11.848
37 7 -12.1801
37 8 -12.5027
37 9 -12.8151
37 10 -13.1289
37 11 -13.4293
37 12 -13.7207
37 13 -14.0034
37 14 -14.2896
37 15 -14.5606
37 16 -14.8223
37 17 -15.0809
37 18 -15.3334
37 19 -15.5849
37 20 -15.8074
37 21 -16.0339
37 22 -16.2542
37 23 -16.458
37 24 -16.658
37 25 -16.8543
37 26 -17.0353
37 27 -17.2235
37 28 -17.3984
37 29 -17.5667
37 30 -17.7329
37 31 -17.8864
37 32 -18.0408
37 33 -18.1793
37 34 -18.3184
37 35 -18.448
37 36 -18.5716
37 37 -18.6908
37 38 -18.8066
37 39 -18.9174
37 40 -19.0225
38 -10 -10.7929
38 -9 -10.7853
38 -8 -10.7735
38 -7 -10.7556
38 -6 -10.7479
38 -5 -10.7579
38 -4 -10.7637
38 -3 -10.7481
38 -2 -10.7226
38 -1 -10.7045
38 0 -10.6813
38 1 -10.6809
38 2 -10.7321
38 3 -10.9236
38 4 -11.2103
38 5 -11.5295
38 6 -11.8504
38 7 -12.1877
38 8 -12.5038
38 9 -12.8157
38 10 -13.1275
38 11 -13.4255
38 12 -13.7247
38 13 -14.0066
38 14 -14.2827
38 15 -14.5534
38 16 -14.8236
38 17 -15.0807
38 18 -15.3364
38 19 -15.5759
38 20 -15.8125
38 21 -16.034
38 22 -16.2554
38 23 -16.4557
38 24 -16.6565
38 25 -16.8554
38 26 -17.0376
38 27 -17.2224
38 28 -17.397
38 29 -17.5668
38 30 -17.7318
38 31 -17.8847
38 32 -18.0355
38 33 -18.1824
38 34 -18.3153
38 35 -18.4475
38 36 -18.5684
38 37 -18.6909
38 38 -18.8048
38 39 -18.9165
38 40 -19.027
39 -10 -10.7924
39 -9 -10.7832
39 -8 -10.7679
39 -7 -10.7563
39 -6 -10.752
39 -5 -10.7532
39 -4 -10.762
39 -3 -10.7499
39 -2 -10.7208
39 -1 -10.7006
39 0 -10.6828
39 1 -10.6814
39 2 -10.7364
39 3 -10.9362
39 4 -11.2098
39 5 -11.5336
39 6 -11.8537
39 7 -12.1891
39 8 -12.5002
39 9 -12.82
39 10 -13.1217
39 11 -13.4249
39 12 -13.7166
39 13 -14.0042
39 14 -14.2789
39 15 -14.5559
39 16 -14.8182
39 17 -15.0757
39 18 -15.328
39 19 -15.5743
39 20 -15.8052
39 21 -16.0334
39 22 -16.2512
39 23 -16.4582
39 24 -16.6586
39 25 -16.8485
39 26 -17.0412
39 27 -17.2212
39 28 -17.3977
39 29 -17.5697
39 30 -17.7251
39 31 -17.8811
39 32 -18.0289
39 33 -18.1784
39 34 -18.3114
39 35 -18.4444
39 36 -18.5699
39 37 -18.6878
39 38 -18.8016
39 39 -18.9174
39 40 -19.0207
40 -10 -10.7866
40 -9 -10.7779
40 -8 -10.7721
40 -7 -10.7565
40 -6 -10.7509
40 -5 -10.7524
40 -4 -10.7601
40 -3 -10.7456
40 -2 -10.7171
40 -1 -10.7002
40 0 -10.6786
40 1 -10.679
40 2 -10.7335
40 3 -10.9298
40 4 -11.2069
40 5 -11.5253
40 6 -11.8548
40 7 -12.1866
40 8 -12.5085
40 9 -12.8198
40 10 -13.1256
40 11 -13.4224
40 12 -13.7142
40 13 -13.9998
40 14 -14.2778
40 15 -14.5497
40 16 -14.8181
40 17 -15.073
40 18 -15.3195
40 19 -15.568
40 20 -15.8074
40 21 -16.0294
40 22 -16.2447
40 23 -16.4535
40 24 -16.6595
40 25 -16.8518
40 26 -17.0394
40 27 -17.2196
40 28 -17.3968
40 29 -17.5656
40 30 -17.7303
40 31 -17.88
40 32 -18.0289
40 33 -18.1772
40 34 -18.3108
40 35 -18.4405
40 36 -18.5647
40 37 -18.6837
40 38 -18.7997
40 39 -18.9127
40 40 -19.0156
