-10 -10 -11.0885
-10 -9 -11.0822
-10 -8 -11.0668
-10 -7 -11.0405
-10 -6 -11.0382
-10 -5 -10.9882
-10 -4 -10.9907
-10 -3 -10.9551
-10 -2 -10.9707
-10 -1 -10.9328
-10 0 -10.9151
-10 1 -10.8977
-10 2 -10.8989
-10 3 -11.1152
-10 4 -11.3867
-10 5 -11.7271
-10 6 -12.0327
-10 7 -12.3862
-10 8 -12.682
-10 9 -13.0043
-10 10 -13.3311
-10 11 -13.6141
-10 12 -13.9087
-10 13 -14.1651
-10 14 -14.4753
-10 15 -14.7437
-10 16 -14.9858
-10 17 -15.2487
-10 18 -15.514
-10 19 -15.759
-10 20 -15.9846
-10 21 -16.1988
-10 22 -16.4073
-10 23 -16.6281
-10 24 -16.8267
-10 25 -17.0369
-10 26 -17.2228
-10 27 -17.41
-10 28 -17.5812
-10 29 -17.7528
-10 30 -17.9225
-10 31 -18.0677
-10 32 -18.2313
-10 33 -18.3805
-10 34 -18.5028
-10 35 -18.6549
-10 36 -18.7891
-10 37 -18.9133
-10 38 -19.0347
-10 39 -19.1708
-10 40 -19.2882
-9 -10 -11.0836
-9 -9 -11.0523
-9 -8 -11.0635
-9 -7 -11.0193
-9 -6 -11.0111
-9 -5 -11.0016
-9 -4 -10.9881
-9 -3 -10.938
-9 -2 -10.93
-9 -1 -10.9157
-9 0 -10.8841
-9 1 -10.8836
-9 2 -10.9164
-9 3 -11.1264
-9 4 -11.357
-9 5 -11.6813
-9 6 -12.0333
-9 7 -12.3339
-9 8 -12.6373
-9 9 -12.9894
-9 10 -13.2986
-9 11 -13.5935
-9 12 -13.8872
-9 13 -14.1711
-9 14 -14.4617
-9 15 -14.7104
-9 16 -14.9879
-9 17 -15.2253
-9 18 -15.4746
-9 19 -15.7247
-9 20 -15.942
-9 21 -16.1948
-9 22 -16.413
-9 23 -16.6145
-9 24 -16.7906
-9 25 -17.019
-9 26 -17.2098
-9 27 -17.403
-9 28 -17.5587
-9 29 -17.7253
-9 30 -17.8843
-9 31 -18.0665
-9 32 -18.2057
-9 33 -18.3429
-9 34 -18.4902
-9 35 -18.6304
-9 36 -18.7729
-9 37 -18.9085
-9 38 -19.0205
-9 39 -19.1618
-9 40 -19.2654
-8 -10 -11.0581
-8 -9 -11.0459
-8 -8 -11.0299
-8 -7 -11.0198
-8 -6 -10.9881
-8 -5 -10.9576
-8 -4 -10.933
-8 -3 -10.9401
-8 -2 -10.8832
-8 -1 -10.8758
-8 0 -10.8681
-8 1 -10.8637
-8 2 -10.8683
-8 3 -11.0886
-8 4 -11.3365
-8 5 -11.6714
-8 6 -11.9984
-8 7 -12.2991
-8 8 -12.6376
-8 9 -12.9314
-8 10 -13.261
-8 11 -13.5538
-8 12 -13.8515
-8 13 -14.154
-8 14 -14.4396
-8 15 -14.7049
-8 16 -14.9857
-8 17 -15.2045
-8 18 -15.4567
-8 19 -15.6941
-8 20 -15.9398
-8 21 -16.1601
-8 22 -16.378
-8 23 -16.585
-8 24 -16.798
-8 25 -16.9876
-8 26 -17.1929
-8 27 -17.3635
-8 28 -17.5441
-8 29 -17.7194
-8 30 -17.8821
-8 31 -18.0405
-8 32 -18.1895
-8 33 -18.3262
-8 34 -18.4846
-8 35 -18.611
-8 36 -18.7616
-8 37 -18.8516
-8 38 -18.9984
-8 39 -19.1211
-8 40 -19.2501
-7 -10 -11.0321
-7 -9 -11.0117
-7 -8 -11.0162
-7 -7 -10.9968
-7 -6 -10.9661
-7 -5 -10.9558
-7 -4 -10.9409
-7 -3 -10.9094
-7 -2 -10.9082
-7 -1 -10.8753
-7 0 -10.8347
-7 1 -10.8134
-7 2 -10.8227
-7 3 -11.0336
-7 4 -11.2982
-7 5 -11.6295
-7 6 -11.9725
-7 7 -12.2912
-7 8 -12.6247
-7 9 -12.9261
-7 10 -13.2461
-7 11 -13.5603
-7 12 -13.8556
-7 13 -14.1106
-7 14 -14.4206
-7 15 -14.6779
-7 16 -14.9233
-7 17 -15.228
-7 18 -15.4224
-7 19 -15.6662
-7 20 -15.9204
-7 21 -16.1447
-7 22 -16.3634
-7 23 -16.5685
-7 24 -16.7882
-7 25 -16.9678
-7 26 -17.1361
-7 27 -17.3494
-7 28 -17.5453
-7 29 -17.6934
-7 30 -17.8657
-7 31 -18.0146
-7 32 -18.1588
-7 33 -18.3066
-7 34 -18.4659
-7 35 -18.5836
-7 36 -18.7231
-7 37 -18.864
-7 38 -18.9758
-7 39 -19.0987
-7 40 -19.2231
-6 -10 -11.0143
-6 -9 -11.016
-6 -8 -10.9902
-6 -7 -10.981
-6 -6 -10.9533
-6 -5 -10.9422
-6 -4 -10.8996
-6 -3 -10.9272
-6 -2 -10.8848
-6 -1 -10.8442
-6 0 -10.8091
-6 1 -10.7907
-6 2 -10.8484
-6 3 -10.9835
-6 4 -11.2617
-6 5 -11.5725
-6 6 -11.9456
-6 7 -12.2628
-6 8 -12.5728
-6 9 -12.9194
-6 10 -13.2153
-6 11 -13.536
-6 12 -13.8151
-6 13 -14.1062
-6 14 -14.398
-6 15 -14.6487
-6 16 -14.9402
-6 17 -15.1688
-6 18 -15.4031
-6 19 -15.6773
-6 20 -15.8958
-6 21 -16.1219
-6 22 -16.3365
-6 23 -16.5656
-6 24 -16.7516
-6 25 -16.9527
-6 26 -17.1366
-6 27 -17.3335
-6 28 -17.5181
-6 29 -17.6724
-6 30 -17.8283
-6 31 -17.9958
-6 32 -18.1604
-6 33 -18.2786
-6 34 -18.4287
-6 35 -18.5639
-6 36 -18.7278
-6 37 -18.826
-6 38 -18.9672
-6 39 -19.0902
-6 40 -19.1942
-5 -10 -11.0315
-5 -9 -11.0093
-5 -8 -11.0115
-5 -7 -10.9646
-5 -6 -10.9441
-5 -5 -10.9202
-5 -4 -10.8707
-5 -3 -10.8563
-5 -2 -10.865
-5 -1 -10.8479
-5 0 -10.8215
-5 1 -10.7981
-5 2 -10.8223
-5 3 -11.0021
-5 4 -11.2766
-5 5 -11.5848
-5 6 -11.9133
-5 7 -12.2543
-5 8 -12.5557
-5 9 -12.8769
-5 10 -13.2036
-5 11 -13.4947
-5 12 -13.7913
-5 13 -14.0999
-5 14 -14.3442
-5 15 -14.6329
-5 16 -14.9063
-5 17 -15.1785
-5 18 -15.4033
-5 19 -15.6605
-5 20 -15.8993
-5 21 -16.1025
-5 22 -16.3052
-5 23 -16.5366
-5 24 -16.7555
-5 25 -16.9188
-5 26 -17.1284
-5 27 -17.3075
-5 28 -17.4998
-5 29 -17.6483
-5 30 -17.8208
-5 31 -17.9715
-5 32 -18.1346
-5 33 -18.2706
-5 34 -18.4347
-5 35 -18.561
-5 36 -18.6894
-5 37 -18.8193
-5 38 -18.952
-5 39 -19.0772
-5 40 -19.19
-4 -10 -11.0187
-4 -9 -11.0169
-4 -8 -11.0002
-4 -7 -10.9477
-4 -6 -10.9267
-4 -5 -10.9146
-4 -4 -10.8978
-4 -3 -10.8758
-4 -2 -10.8361
-4 -1 -10.8093
-4 0 -10.7961
-4 1 -10.7402
-4 2 -10.7981
-4 3 -10.9861
-4 4 -11.2486
-4 5 -11.551
-4 6 -11.8989
-4 7 -12.2025
-4 8 -12.5221
-4 9 -12.8767
-4 10 -13.1792
-4 11 -13.4691
-4 12 -13.7852
-4 13 -14.0838
-4 14 -14.3492
-4 15 -14.6356
-4 16 -14.8791
-4 17 -15.1624
-4 18 -15.3667
-4 19 -15.6306
-4 20 -15.8566
-4 21 -16.0845
-4 22 -16.3133
-4 23 -16.5231
-4 24 -16.728
-4 25 -16.9275
-4 26 -17.1232
-4 27 -17.3049
-4 28 -17.4661
-4 29 -17.6547
-4 30 -17.806
-4 31 -17.9798
-4 32 -18.1176
-4 33 -18.2469
-4 34 -18.4093
-4 35 -18.5405
-4 36 -18.6791
-4 37 -18.7906
-4 38 -18.951
-4 39 -19.0651
-4 40 -19.1802
-3 -10 -11.0314
-3 -9 -10.9969
-3 -8 -10.9826
-3 -7 -10.9751
-3 -6 -10.9475
-3 -5 -10.9063
-3 -4 -10.8981
-3 -3 -10.879
-3 -2 -10.8364
-3 -1 -10.7845
-3 0 -10.7711
-3 1 -10.7656
-3 2 -10.7717
-3 3 -10.9908
-3 4 -11.2279
-3 5 -11.5492
-3 6 -11.8764
-3 7 -12.2325
-3 8 -12.5603
-3 9 -12.9005
-3 10 -13.1641
-3 11 -13.4553
-3 12 -13.7806
-3 13 -14.053
-3 14 -14.3351
-3 15 -14.5751
-3 16 -14.8883
-3 17 -15.1472
-3 18 -15.3873
-3 19 -15.6219
-3 20 -15.8729
-3 21 -16.0776
-3 22 -16.3252
-3 23 -16.5196
-3 24 -16.7161
-3 25 -16.9202
-3 26 -17.1231
-3 27 -17.2853
-3 28 -17.4815
-3 29 -17.649
-3 30 -17.8194
-3 31 -17.9822
-3 32 -18.1382
-3 33 -18.263
-3 34 -18.4211
-3 35 -18.5406
-3 36 -18.675
-3 37 -18.8116
-3 38 -18.9216
-3 39 -19.0486
-3 40 -19.179
-2 -10 -11.0423
-2 -9 -10.9829
-2 -8 -10.9587
-2 -7 -10.9499
-2 -6 -10.9337
-2 -5 -10.9249
-2 -4 -10.8656
-2 -3 -10.8699
-2 -2 -10.8253
-2 -1 -10.8114
-2 0 -10.7806
-2 1 -10.734
-2 2 -10.7834
-2 3 -10.9549
-2 4 -11.2183
-2 5 -11.5109
-2 6 -11.8927
-2 7 -12.2155
-2 8 -12.5367
-2 9 -12.8806
-2 10 -13.1737
-2 11 -13.4673
-2 12 -13.7808
-2 13 -14.0403
-2 14 -14.338
-2 15 -14.6197
-2 16 -14.8741
-2 17 -15.1208
-2 18 -15.3727
-2 19 -15.5798
-2 20 -15.8457
-2 21 -16.0735
-2 22 -16.3017
-2 23 -16.5115
-2 24 -16.7387
-2 25 -16.9136
-2 26 -17.1043
-2 27 -17.2649
-2 28 -17.4698
-2 29 -17.661
-2 30 -17.8353
-2 31 -17.9726
-2 32 -18.1304
-2 33 -18.2682
-2 34 -18.3931
-2 35 -18.5547
-2 36 -18.685
-2 37 -18.8087
-2 38 -18.9361
-2 39 -19.0474
-2 40 -19.1824
-1 -10 -11.0055
-1 -9 -11.009
-1 -8 -10.9755
-1 -7 -10.9518
-1 -6 -10.9539
-1 -5 -10.9206
-1 -4 -10.9221
-1 -3 -10.8825
-1 -2 -10.8276
-1 -1 -10.7935
-1 0 -10.776
-1 1 -10.7394
-1 2 -10.7637
-1 3 -10.9321
-1 4 -11.2065
-1 5 -11.5727
-1 6 -11.8866
-1 7 -12.2065
-1 8 -12.5417
-1 9 -12.8437
-1 10 -13.1922
-1 11 -13.4817
-1 12 -13.7948
-1 13 -14.0725
-1 14 -14.3306
-1 15 -14.6129
-1 16 -14.901
-1 17 -15.1018
-1 18 -15.3648
-1 19 -15.6032
-1 20 -15.8657
-1 21 -16.1026
-1 22 -16.2921
-1 23 -16.5071
-1 24 -16.7216
-1 25 -16.9049
-1 26 -17.1253
-1 27 -17.2989
-1 28 -17.482
-1 29 -17.6706
-1 30 -17.8177
-1 31 -17.9567
-1 32 -18.1338
-1 33 -18.2761
-1 34 -18.4138
-1 35 -18.5603
-1 36 -18.6967
-1 37 -18.8136
-1 38 -18.9482
-1 39 -19.0801
-1 40 -19.1866
0 -10 -11.0433
0 -9 -11.0039
0 -8 -10.9848
0 -7 -10.9614
0 -6 -10.9613
0 -5 -10.9377
0 -4 -10.8958
0 -3 -10.8794
0 -2 -10.8542
0 -1 -10.8346
0 0 -10.8136
0 1 -10.7797
0 2 -10.7635
0 3 -10.9597
0 4 -11.2311
0 5 -11.5778
0 6 -11.8648
0 7 -12.212
0 8 -12.5362
0 9 -12.8691
0 10 -13.1825
0 11 -13.5165
0 12 -13.8094
0 13 -14.0755
0 14 -14.3691
0 15 -14.6412
0 16 -14.9019
0 17 -15.1467
0 18 -15.3909
0 19 -15.6408
0 20 -15.8901
0 21 -16.0996
0 22 -16.3257
0 23 -16.544
0 24 -16.7482
0 25 -16.9317
0 26 -17.1317
0 27 -17.3219
0 28 -17.4978
0 29 -17.6804
0 30 -17.8261
0 31 -18.0008
0 32 -18.1496
0 33 -18.2797
0 34 -18.4215
0 35 -18.5795
0 36 -18.7316
0 37 -18.8368
0 38 -18.9678
0 39 -19.1066
0 40 -19.1978
1 -10 -11.076
1 -9 -11.0391
1 -8 -11.021
1 -7 -11.0028
1 -6 -10.9891
1 -5 -10.95
1 -4 -10.9139
1 -3 -10.8998
1 -2 -10.881
1 -1 -10.8334
1 0 -10.7948
1 1 -10.7743
1 2 -10.8035
1 3 -10.9722
1 4 -11.2444
1 5 -11.5879
1 6 -11.9206
1 7 -12.2109
1 8 -12.541
1 9 -12.9101
1 10 -13.2433
1 11 -13.521
1 12 -13.8336
1 13 -14.0994
1 14 -14.3923
1 15 -14.6684
1 16 -14.9304
1 17 -15.1851
1 18 -15.434
1 19 -15.6952
1 20 -15.9003
1 21 -16.1385
1 22 -16.335
1 23 -16.571
1 24 -16.7674
1 25 -16.9521
1 26 -17.1658
1 27 -17.346
1 28 -17.5396
1 29 -17.6961
1 30 -17.8922
1 31 -18.0526
1 32 -18.1978
1 33 -18.3199
1 34 -18.4633
1 35 -18.5998
1 36 -18.762
1 37 -18.8939
1 38 -18.9985
1 39 -19.1172
1 40 -19.2404
2 -10 -11.1036
2 -9 -11.082
2 -8 -11.0628
2 -7 -11.0485
2 -6 -11.0488
2 -5 -11.0155
2 -4 -10.9708
2 -3 -10.9601
2 -2 -10.9129
2 -1 -10.9002
2 0 -10.8694
2 1 -10.8366
2 2 -10.8488
2 3 -10.9748
2 4 -11.2828
2 5 -11.6004
2 6 -11.9747
2 7 -12.2669
2 8 -12.566
2 9 -12.9598
2 10 -13.2999
2 11 -13.5971
2 12 -13.8827
2 13 -14.1616
2 14 -14.4475
2 15 -14.7168
2 16 -14.9604
2 17 -15.236
2 18 -15.4732
2 19 -15.7244
2 20 -15.9636
2 21 -16.1851
2 22 -16.3825
2 23 -16.6105
2 24 -16.8359
2 25 -17.0104
2 26 -17.2232
2 27 -17.4136
2 28 -17.5722
2 29 -17.7786
2 30 -17.9388
2 31 -18.0806
2 32 -18.2155
2 33 -18.3891
2 34 -18.5216
2 35 -18.668
2 36 -18.7702
2 37 -18.9275
2 38 -19.0461
2 39 -19.1617
2 40 -19.2866
3 -10 -11.1551
3 -9 -11.1226
3 -8 -11.0986
3 -7 -11.0991
3 -6 -11.0853
3 -5 -11.0452
3 -4 -11.0231
3 -3 -10.9931
3 -2 -10.9513
3 -1 -10.9292
3 0 -10.8783
3 1 -10.8682
3 2 -10.8861
3 3 -11.0908
3 4 -11.3434
3 5 -11.6754
3 6 -11.9833
3 7 -12.3236
3 8 -12.6872
3 9 -12.9851
3 10 -13.3093
3 11 -13.6149
3 12 -13.9164
3 13 -14.2137
3 14 -14.492
3 15 -14.7747
3 16 -15.05
3 17 -15.2788
3 18 -15.5034
3 19 -15.7633
3 20 -15.9897
3 21 -16.2168
3 22 -16.4548
3 23 -16.6585
3 24 -16.8589
3 25 -17.0649
3 26 -17.2734
3 27 -17.4526
3 28 -17.6326
3 29 -17.8183
3 30 -17.9791
3 31 -18.1352
3 32 -18.2741
3 33 -18.4387
3 34 -18.5681
3 35 -18.6922
3 36 -18.8406
3 37 -18.9748
3 38 -19.0971
3 39 -19.2185
3 40 -19.3418
4 -10 -11.1816
4 -9 -11.1596
4 -8 -11.1464
4 -7 -11.1363
4 -6 -11.1311
4 -5 -11.0932
4 -4 -11.0696
4 -3 -11.0433
4 -2 -11.0178
4 -1 -10.966
4 0 -10.9427
4 1 -10.9112
4 2 -10.9374
4 3 -11.1208
4 4 -11.3975
4 5 -11.7534
4 6 -12.0466
4 7 -12.3756
4 8 -12.7309
4 9 -12.9976
4 10 -13.3401
4 11 -13.6597
4 12 -13.974
4 13 -14.258
4 14 -14.529
4 15 -14.8057
4 16 -15.0848
4 17 -15.3555
4 18 -15.5822
4 19 -15.8407
4 20 -16.0611
4 21 -16.2805
4 22 -16.4943
4 23 -16.6946
4 24 -16.918
4 25 -17.1216
4 26 -17.3155
4 27 -17.4972
4 28 -17.677
4 29 -17.8677
4 30 -18.0056
4 31 -18.1887
4 32 -18.3196
4 33 -18.4844
4 34 -18.6313
4 35 -18.7472
4 36 -18.898
4 37 -19.0016
4 38 -19.1334
4 39 -19.2597
4 40 -19.3737
5 -10 -11.2563
5 -9 -11.2439
5 -8 -11.1996
5 -7 -11.186
5 -6 -11.1557
5 -5 -11.1475
5 -4 -11.1267
5 -3 -11.0807
5 -2 -11.0938
5 -1 -11.0058
5 0 -10.9775
5 1 -10.9391
5 2 -11.0063
5 3 -11.1636
5 4 -11.4215
5 5 -11.7637
5 6 -12.0855
5 7 -12.4634
5 8 -12.7411
5 9 -13.0802
5 10 -13.3908
5 11 -13.6842
5 12 -13.9704
5 13 -14.2836
5 14 -14.5783
5 15 -14.8513
5 16 -15.1179
5 17 -15.3852
5 18 -15.623
5 19 -15.8369
5 20 -16.0832
5 21 -16.3414
5 22 -16.5569
5 23 -16.7535
5 24 -16.9779
5 25 -17.1728
5 26 -17.3567
5 27 -17.5551
5 28 -17.7336
5 29 -17.8985
5 30 -18.0759
5 31 -18.2355
5 32 -18.3769
5 33 -18.5257
5 34 -18.671
5 35 -18.7982
5 36 -18.9294
5 37 -19.076
5 38 -19.1844
5 39 -19.3135
5 40 -19.4198
6 -10 -11.2893
6 -9 -11.2824
6 -8 -11.261
6 -7 -11.2353
6 -6 -11.1978
6 -5 -11.1779
6 -4 -11.1575
6 -3 -11.1107
6 -2 -11.11
6 -1 -11.0897
6 0 -11.0227
6 1 -11.0062
6 2 -11.021
6 3 -11.2125
6 4 -11.5112
6 5 -11.7794
6 6 -12.1035
6 7 -12.453
6 8 -12.818
6 9 -13.1418
6 10 -13.4359
6 11 -13.7543
6 12 -14.0461
6 13 -14.3458
6 14 -14.6204
6 15 -14.9091
6 16 -15.1719
6 17 -15.4042
6 18 -15.6796
6 19 -15.9206
6 20 -16.1351
6 21 -16.3681
6 22 -16.5687
6 23 -16.8227
6 24 -17.0161
6 25 -17.2072
6 26 -17.4019
6 27 -17.6137
6 28 -17.7839
6 29 -17.9543
6 30 -18.1183
6 31 -18.2693
6 32 -18.4416
6 33 -18.574
6 34 -18.7126
6 35 -18.8616
6 36 -18.983
6 37 -19.0913
6 38 -19.2282
6 39 -19.3434
6 40 -19.47
7 -10 -11.3354
7 -9 -11.3039
7 -8 -11.2874
7 -7 -11.2664
7 -6 -11.2424
7 -5 -11.2022
7 -4 -11.193
7 -3 -11.1783
7 -2 -11.1538
7 -1 -11.1186
7 0 -11.0516
7 1 -11.0496
7 2 -11.0931
7 3 -11.2636
7 4 -11.5156
7 5 -11.8469
7 6 -12.181
7 7 -12.4897
7 8 -12.8309
7 9 -13.1427
7 10 -13.5214
7 11 -13.791
7 12 -14.0923
7 13 -14.3933
7 14 -14.6623
7 15 -14.9549
7 16 -15.2089
7 17 -15.4721
7 18 -15.7167
7 19 -15.9322
7 20 -16.194
7 21 -16.4293
7 22 -16.6387
7 23 -16.8525
7 24 -17.0586
7 25 -17.2711
7 26 -17.4658
7 27 -17.6231
7 28 -17.8151
7 29 -17.9957
7 30 -18.1349
7 31 -18.295
7 32 -18.4695
7 33 -18.6158
7 34 -18.7569
7 35 -18.8851
7 36 -19.0277
7 37 -19.1467
7 38 -19.2796
7 39 -19.3908
7 40 -19.5097
8 -10 -11.3598
8 -9 -11.3664
8 -8 -11.3255
8 -7 -11.3235
8 -6 -11.2904
8 -5 -11.2801
8 -4 -11.2317
8 -3 -11.2223
8 -2 -11.1836
8 -1 -11.1593
8 0 -11.1338
8 1 -11.0694
8 2 -11.1207
8 3 -11.3096
8 4 -11.5807
8 5 -11.903
8 6 -12.2035
8 7 -12.5621
8 8 -12.8708
8 9 -13.2151
8 10 -13.5511
8 11 -13.8259
8 12 -14.1531
8 13 -14.4133
8 14 -14.726
8 15 -15.0142
8 16 -15.2244
8 17 -15.5147
8 18 -15.7783
8 19 -15.9957
8 20 -16.231
8 21 -16.4568
8 22 -16.6878
8 23 -16.8831
8 24 -17.1065
8 25 -17.3059
8 26 -17.4937
8 27 -17.675
8 28 -17.8499
8 29 -18.0331
8 30 -18.2131
8 31 -18.3552
8 32 -18.5065
8 33 -18.6616
8 34 -18.7852
8 35 -18.9252
8 36 -19.0753
8 37 -19.185
8 38 -19.3026
8 39 -19.4502
8 40 -19.5601
9 -10 -11.4152
9 -9 -11.379
9 -8 -11.3604
9 -7 -11.3447
9 -6 -11.3286
9 -5 -11.2999
9 -4 -11.2637
9 -3 -11.2479
9 -2 -11.2244
9 -1 -11.1984
9 0 -11.1669
9 1 -11.1269
9 2 -11.1763
9 3 -11.3453
9 4 -11.6137
9 5 -11.9348
9 6 -12.2677
9 7 -12.6263
9 8 -12.9161
9 9 -13.2364
9 10 -13.5609
9 11 -13.8673
9 12 -14.1737
9 13 -14.4757
9 14 -14.7499
9 15 -15.0414
9 16 -15.2941
9 17 -15.5417
9 18 -15.7997
9 19 -16.0268
9 20 -16.2702
9 21 -16.5044
9 22 -16.7194
9 23 -16.9452
9 24 -17.1344
9 25 -17.3338
9 26 -17.5283
9 27 -17.6984
9 28 -17.9032
9 29 -18.0629
9 30 -18.2364
9 31 -18.3974
9 32 -18.5468
9 33 -18.6945
9 34 -18.8314
9 35 -18.9812
9 36 -19.0972
9 37 -19.2311
9 38 -19.3558
9 39 -19.4728
9 40 -19.5792
10 -10 -11.4578
10 -9 -11.4152
10 -8 -11.4116
10 -7 -11.389
10 -6 -11.3556
10 -5 -11.3606
10 -4 -11.3289
10 -3 -11.287
10 -2 -11.2383
10 -1 -11.2219
10 0 -11.1959
10 1 -11.1467
10 2 -11.1866
10 3 -11.3775
10 4 -11.6663
10 5 -11.9764
10 6 -12.2895
10 7 -12.64
10 8 -12.9638
10 9 -13.2954
10 10 -13.6166
10 11 -13.9267
10 12 -14.2261
10 13 -14.5095
10 14 -14.7813
10 15 -15.0624
10 16 -15.3559
10 17 -15.5763
10 18 -15.8244
10 19 -16.0733
10 20 -16.3144
10 21 -16.5434
10 22 -16.7636
10 23 -16.9767
10 24 -17.1701
10 25 -17.3836
10 26 -17.593
10 27 -17.7308
10 28 -17.9152
10 29 -18.1222
10 30 -18.2618
10 31 -18.4381
10 32 -18.5809
10 33 -18.7323
10 34 -18.8634
10 35 -19.0151
10 36 -19.1449
10 37 -19.2512
10 38 -19.3909
10 39 -19.5105
10 40 -19.6219
11 -10 -11.4704
11 -9 -11.4547
11 -8 -11.4297
11 -7 -11.4206
11 -6 -11.3927
11 -5 -11.3756
11 -4 -11.3505
11 -3 -11.3192
11 -2 -11.3019
11 -1 -11.2597
11 0 -11.2234
11 1 -11.1792
11 2 -11.2126
11 3 -11.4106
11 4 -11.6855
11 5 -12.0349
11 6 -12.3285
11 7 -12.6633
11 8 -12.9999
11 9 -13.3367
11 10 -13.6458
11 11 -13.9548
11 12 -14.2407
11 13 -14.5311
11 14 -14.8368
11 15 -15.0829
11 16 -15.3618
11 17 -15.6361
11 18 -15.8833
11 19 -16.118
11 20 -16.3484
11 21 -16.5575
11 22 -16.7905
11 23 -17.0033
11 24 -17.2107
11 25 -17.3976
11 26 -17.5901
11 27 -17.8088
11 28 -17.9577
11 29 -18.1285
11 30 -18.3084
11 31 -18.458
11 32 -18.6228
11 33 -18.7894
11 34 -18.9115
11 35 -19.044
11 36 -19.1693
11 37 -19.3052
11 38 -19.4141
11 39 -19.5388
11 40 -19.6755
12 -10 -11.5021
12 -9 -11.483
12 -8 -11.4627
12 -7 -11.4498
12 -6 -11.4267
12 -5 -11.3973
12 -4 -11.3829
12 -3 -11.362
12 -2 -11.3391
12 -1 -11.2797
12 0 -11.2621
12 1 -11.2227
12 2 -11.2466
12 3 -11.4265
12 4 -11.73
12 5 -12.0346
12 6 -12.3577
12 7 -12.7105
12 8 -13.0646
12 9 -13.3534
12 10 -13.698
12 11 -13.9857
12 12 -14.2857
12 13 -14.5687
12 14 -14.8592
12 15 -15.1322
12 16 -15.3954
12 17 -15.6587
12 18 -15.8772
12 19 -16.1363
12 20 -16.3876
12 21 -16.6136
12 22 -16.825
12 23 -17.0368
12 24 -17.2627
12 25 -17.449
12 26 -17.6356
12 27 -17.8308
12 28 -18.0203
12 29 -18.1925
12 30 -18.3446
12 31 -18.5
12 32 -18.6477
12 33 -18.8107
12 34 -18.939
12 35 -19.0711
12 36 -19.2049
12 37 -19.333
12 38 -19.4547
12 39 -19.5691
12 40 -19.6797
13 -10 -11.5352
13 -9 -11.5132
13 -8 -11.5132
13 -7 -11.4849
13 -6 -11.4397
13 -5 -11.4306
13 -4 -11.4132
13 -3 -11.397
13 -2 -11.3632
13 -1 -11.3222
13 0 -11.2839
13 1 -11.2617
13 2 -11.2727
13 3 -11.4836
13 4 -11.756
13 5 -12.0705
13 6 -12.3819
13 7 -12.7213
13 8 -13.0729
13 9 -13.3805
13 10 -13.7078
13 11 -14.0268
13 12 -14.3534
13 13 -14.612
13 14 -14.8938
13 15 -15.1672
13 16 -15.4506
13 17 -15.6857
13 18 -15.9446
13 19 -16.1919
13 20 -16.4114
13 21 -16.6489
13 22 -16.8765
13 23 -17.0926
13 24 -17.2847
13 25 -17.4805
13 26 -17.679
13 27 -17.8611
13 28 -18.0169
13 29 -18.2281
13 30 -18.3792
13 31 -18.534
13 32 -18.6872
13 33 -18.8312
13 34 -18.9849
13 35 -19.1045
13 36 -19.2376
13 37 -19.3596
13 38 -19.4839
13 39 -19.604
13 40 -19.7157
14 -10 -11.5704
14 -9 -11.5504
14 -8 -11.5245
14 -7 -11.5114
14 -6 -11.4909
14 -5 -11.4744
14 -4 -11.4463
14 -3 -11.416
14 -2 -11.4208
14 -1 -11.3697
14 0 -11.3134
14 1 -11.2827
14 2 -11.3323
14 3 -11.4977
14 4 -11.784
14 5 -12.0837
14 6 -12.4412
14 7 -12.7681
14 8 -13.1236
14 9 -13.4063
14 10 -13.7527
14 11 -14.0478
14 12 -14.3529
14 13 -14.6263
14 14 -14.9128
14 15 -15.2088
14 16 -15.4557
14 17 -15.7157
14 18 -15.9742
14 19 -16.2147
14 20 -16.4408
14 21 -16.6679
14 22 -16.8891
14 23 -17.1039
14 24 -17.3168
14 25 -17.4997
14 26 -17.7115
14 27 -17.8994
14 28 -18.0704
14 29 -18.2512
14 30 -18.4024
14 31 -18.5609
14 32 -18.7127
14 33 -18.8654
14 34 -19.0009
14 35 -19.1384
14 36 -19.2611
14 37 -19.3867
14 38 -19.5259
14 39 -19.6276
14 40 -19.7352
15 -10 -11.59
15 -9 -11.5771
15 -8 -11.5797
15 -7 -11.549
15 -6 -11.5245
15 -5 -11.4852
15 -4 -11.4686
15 -3 -11.4508
15 -2 -11.4251
15 -1 -11.3995
15 0 -11.3423
15 1 -11.3157
15 2 -11.3548
15 3 -11.5475
15 4 -11.8137
15 5 -12.1681
15 6 -12.458
15 7 -12.7853
15 8 -13.1588
15 9 -13.4525
15 10 -13.7662
15 11 -14.0632
15 12 -14.3874
15 13 -14.6526
15 14 -14.9622
15 15 -15.2145
15 16 -15.4897
15 17 -15.7353
15 18 -15.9744
15 19 -16.2299
15 20 -16.4831
15 21 -16.7034
15 22 -16.9109
15 23 -17.1316
15 24 -17.3337
15 25 -17.536
15 26 -17.7342
15 27 -17.9258
15 28 -18.1006
15 29 -18.2674
15 30 -18.4205
15 31 -18.5978
15 32 -18.7489
15 33 -18.8759
15 34 -19.002
15 35 -19.1715
15 36 -19.2878
15 37 -19.4136
15 38 -19.5438
15 39 -19.6466
15 40 -19.7805
16 -10 -11.6209
16 -9 -11.6056
16 -8 -11.5788
16 -7 -11.5563
16 -6 -11.5584
16 -5 -11.5298
16 -4 -11.5071
16 -3 -11.4817
16 -2 -11.4516
16 -1 -11.408
16 0 -11.3811
16 1 -11.3466
16 2 -11.3875
16 3 -11.5555
16 4 -11.85
16 5 -12.1541
16 6 -12.4907
16 7 -12.8399
16 8 -13.1207
16 9 -13.5063
16 10 -13.7889
16 11 -14.107
16 12 -14.3872
16 13 -14.6983
16 14 -14.965
16 15 -15.246
16 16 -15.513
16 17 -15.7755
16 18 -16.018
16 19 -16.2663
16 20 -16.4876
16 21 -16.7184
16 22 -16.9413
16 23 -17.1637
16 24 -17.3589
16 25 -17.5629
16 26 -17.7593
16 27 -17.9392
16 28 -18.1099
16 29 -18.2743
16 30 -18.4531
16 31 -18.6201
16 32 -18.7711
16 33 -18.9215
16 34 -19.0521
16 35 -19.1982
16 36 -19.3258
16 37 -19.448
16 38 -19.559
16 39 -19.678
16 40 -19.8065
17 -10 -11.6373
17 -9 -11.6302
17 -8 -11.6088
17 -7 -11.5894
17 -6 -11.565
17 -5 -11.5457
17 -4 -11.5282
17 -3 -11.4916
17 -2 -11.4719
17 -1 -11.4162
17 0 -11.3938
17 1 -11.3505
17 2 -11.4016
17 3 -11.6137
17 4 -11.8622
17 5 -12.1868
17 6 -12.5175
17 7 -12.8559
17 8 -13.1804
17 9 -13.5201
17 10 -13.8165
17 11 -14.1426
17 12 -14.4304
17 13 -14.7236
17 14 -14.9933
17 15 -15.2716
17 16 -15.5279
17 17 -15.8143
17 18 -16.0628
17 19 -16.2853
17 20 -16.5363
17 21 -16.769
17 22 -16.9748
17 23 -17.1852
17 24 -17.3902
17 25 -17.5704
17 26 -17.7739
17 27 -17.9642
17 28 -18.1382
17 29 -18.3209
17 30 -18.4826
17 31 -18.642
17 32 -18.8047
17 33 -18.9398
17 34 -19.0862
17 35 -19.2052
17 36 -19.3482
17 37 -19.4644
17 38 -19.5923
17 39 -19.71
17 40 -19.8246
18 -10 -11.6655
18 -9 -11.6531
18 -8 -11.6323
18 -7 -11.5991
18 -6 -11.6096
18 -5 -11.5631
18 -4 -11.5396
18 -3 -11.5208
18 -2 -11.4885
18 -1 -11.4409
18 0 -11.4326
18 1 -11.3937
18 2 -11.418
18 3 -11.6085
18 4 -11.9043
18 5 -12.1972
18 6 -12.5639
18 7 -12.8866
18 8 -13.2044
18 9 -13.5236
18 10 -13.8362
18 11 -14.1464
18 12 -14.4429
18 13 -14.7393
18 14 -15.0252
18 15 -15.2963
18 16 -15.5669
18 17 -15.8165
18 18 -16.0609
18 19 -16.3085
18 20 -16.5419
18 21 -16.7882
18 22 -17.0209
18 23 -17.213
18 24 -17.4087
18 25 -17.6143
18 26 -17.8083
18 27 -17.9852
18 28 -18.1489
18 29 -18.352
18 30 -18.5119
18 31 -18.6627
18 32 -18.833
18 33 -18.9616
18 34 -19.1059
18 35 -19.2356
18 36 -19.3621
18 37 -19.4793
18 38 -19.6143
18 39 -19.7165
18 40 -19.8516
19 -10 -11.6862
19 -9 -11.676
19 -8 -11.6537
19 -7 -11.6416
19 -6 -11.6103
19 -5 -11.5896
19 -4 -11.5693
19 -3 -11.5468
19 -2 -11.5271
19 -1 -11.483
19 0 -11.454
19 1 -11.4282
19 2 -11.451
19 3 -11.6446
19 4 -11.9048
19 5 -12.2267
19 6 -12.5525
19 7 -12.9034
19 8 -13.2378
19 9 -13.5628
19 10 -13.8981
19 11 -14.1914
19 12 -14.4664
19 13 -14.7683
19 14 -15.0391
19 15 -15.3242
19 16 -15.5876
19 17 -15.8522
19 18 -16.0976
19 19 -16.3464
19 20 -16.575
19 21 -16.8017
19 22 -17.0245
19 23 -17.222
19 24 -17.4508
19 25 -17.6267
19 26 -17.8245
19 27 -18.003
19 28 -18.1901
19 29 -18.3686
19 30 -18.5424
19 31 -18.6878
19 32 -18.8474
19 33 -18.9872
19 34 -19.126
19 35 -19.2633
19 36 -19.3888
19 37 -19.5253
19 38 -19.6436
19 39 -19.757
19 40 -19.8645
20 -10 -11.7203
20 -9 -11.6939
20 -8 -11.6698
20 -7 -11.6368
20 -6 -11.6273
20 -5 -11.6145
20 -4 -11.587
20 -3 -11.574
20 -2 -11.5463
20 -1 -11.4974
20 0 -11.4713
20 1 -11.4192
20 2 -11.4979
20 3 -11.6767
20 4 -11.93
20 5 -12.2774
20 6 -12.5851
20 7 -12.9271
20 8 -13.2495
20 9 -13.5643
20 10 -13.8935
20 11 -14.2018
20 12 -14.4919
20 13 -14.7958
20 14 -15.0677
20 15 -15.3552
20 16 -15.6189
20 17 -15.8773
20 18 -16.127
20 19 -16.3683
20 20 -16.5943
20 21 -16.8267
20 22 -17.0305
20 23 -17.2467
20 24 -17.4534
20 25 -17.6736
20 26 -17.849
20 27 -18.0527
20 28 -18.2283
20 29 -18.395
20 30 -18.5679
20 31 -18.7057
20 32 -18.8712
20 33 -19.0128
20 34 -19.1565
20 35 -19.2853
20 36 -19.4103
20 37 -19.5289
20 38 -19.6537
20 39 -19.7877
20 40 -19.864
21 -10 -11.7171
21 -9 -11.7159
21 -8 -11.6933
21 -7 -11.6669
21 -6 -11.6319
21 -5 -11.6377
21 -4 -11.6205
21 -3 -11.5816
21 -2 -11.5564
21 -1 -11.5218
21 0 -11.4991
21 1 -11.464
21 2 -11.5008
21 3 -11.6946
21 4 -11.9741
21 5 -12.2916
21 6 -12.6141
21 7 -12.9516
21 8 -13.2669
21 9 -13.5845
21 10 -13.9
21 11 -14.2105
21 12 -14.5171
21 13 -14.8132
21 14 -15.0877
21 15 -15.3775
21 16 -15.6429
21 17 -15.9073
21 18 -16.1478
21 19 -16.3913
21 20 -16.6209
21 21 -16.8478
21 22 -17.0507
21 23 -17.2774
21 24 -17.4786
21 25 -17.6823
21 26 -17.883
21 27 -18.0567
21 28 -18.2385
21 29 -18.4057
21 30 -18.5735
21 31 -18.7418
21 32 -18.8927
21 33 -19.0303
21 34 -19.175
21 35 -19.3108
21 36 -19.4237
21 37 -19.555
21 38 -19.6696
21 39 -19.7955
21 40 -19.9115
22 -10 -11.7462
22 -9 -11.7285
22 -8 -11.7029
22 -7 -11.6894
22 -6 -11.6669
22 -5 -11.6511
22 -4 -11.6297
22 -3 -11.6063
22 -2 -11.5823
22 -1 -11.5597
22 0 -11.5044
22 1 -11.4813
22 2 -11.5244
22 3 -11.7159
22 4 -11.973
22 5 -12.3177
22 6 -12.6268
22 7 -12.9569
22 8 -13.3211
22 9 -13.614
22 10 -13.9377
22 11 -14.2439
22 12 -14.5409
22 13 -14.8485
22 14 -15.0924
22 15 -15.373
22 16 -15.6697
22 17 -15.917
22 18 -16.158
22 19 -16.4169
22 20 -16.6194
22 21 -16.8598
22 22 -17.0887
22 23 -17.3006
22 24 -17.4998
22 25 -17.7037
22 26 -17.8691
22 27 -18.0689
22 28 -18.2556
22 29 -18.4241
22 30 -18.5836
22 31 -18.7514
22 32 -18.9082
22 33 -19.0505
22 34 -19.1913
22 35 -19.3227
22 36 -19.4469
22 37 -19.5645
22 38 -19.6954
22 39 -19.8032
22 40 -19.9328
23 -10 -11.7523
23 -9 -11.7284
23 -8 -11.7288
23 -7 -11.6804
23 -6 -11.6816
23 -5 -11.6753
23 -4 -11.6468
23 -3 -11.6312
23 -2 -11.6061
23 -1 -11.5694
23 0 -11.5416
23 1 -11.5053
23 2 -11.556
23 3 -11.7299
23 4 -12.0072
23 5 -12.3292
23 6 -12.6629
23 7 -12.9781
23 8 -13.3312
23 9 -13.6377
23 10 -13.9575
23 11 -14.248
23 12 -14.5517
23 13 -14.8444
23 14 -15.1351
23 15 -15.4093
23 16 -15.6673
23 17 -15.9114
23 18 -16.1783
23 19 -16.4162
23 20 -16.6486
23 21 -16.8817
23 22 -17.1069
23 23 -17.3066
23 24 -17.5115
23 25 -17.7118
23 26 -17.9061
23 27 -18.0918
23 28 -18.2698
23 29 -18.4459
23 30 -18.6116
23 31 -18.7729
23 32 -18.9194
23 33 -19.0595
23 34 -19.1909
23 35 -19.331
23 36 -19.4676
23 37 -19.5858
23 38 -19.7061
23 39 -19.8309
23 40 -19.9275
24 -10 -11.7722
24 -9 -11.7626
24 -8 -11.7412
24 -7 -11.7085
24 -6 -11.6952
24 -5 -11.6963
24 -4 -11.667
24 -3 -11.6518
24 -2 -11.6136
24 -1 -11.5984
24 0 -11.5575
24 1 -11.5215
24 2 -11.5613
24 3 -11.7367
24 4 -12.0295
24 5 -12.3548
24 6 -12.6725
24 7 -13.0174
24 8 -13.3274
24 9 -13.667
24 10 -13.9547
24 11 -14.3051
24 12 -14.581
24 13 -14.8586
24 14 -15.1434
24 15 -15.4275
24 16 -15.6862
24 17 -15.9539
24 18 -16.1911
24 19 -16.4287
24 20 -16.6565
24 21 -16.8714
24 22 -17.1275
24 23 -17.3276
24 24 -17.5418
24 25 -17.738
24 26 -17.9281
24 27 -18.1118
24 28 -18.2903
24 29 -18.4659
24 30 -18.6318
24 31 -18.7928
24 32 -18.936
24 33 -19.0791
24 34 -19.2163
24 35 -19.353
24 36 -19.4834
24 37 -19.6119
24 38 -19.7252
24 39 -19.8377
24 40 -19.9548
25 -10 -11.7901
25 -9 -11.7735
25 -8 -11.7486
25 -7 -11.7329
25 -6 -11.722
25 -5 -11.7079
25 -4 -11.6941
25 -3 -11.6664
25 -2 -11.6291
25 -1 -11.5984
25 0 -11.5682
25 1 -11.5507
25 2 -11.5828
25 3 -11.7621
25 4 -12.0325
25 5 -12.3778
25 6 -12.6773
25 7 -13.0488
25 8 -13.3524
25 9 -13.6819
25 10 -14.0022
25 11 -14.2979
25 12 -14.5989
25 13 -14.8856
25 14 -15.1632
25 15 -15.4473
25 16 -15.6981
25 17 -15.9659
25 18 -16.201
25 19 -16.4443
25 20 -16.6848
25 21 -16.9245
25 22 -17.1393
25 23 -17.3614
25 24 -17.5373
25 25 -17.7579
25 26 -17.9507
25 27 -18.1252
25 28 -18.3084
25 29 -18.474
25 30 -18.6486
25 31 -18.805
25 32 -18.9567
25 33 -19.103
25 34 -19.2451
25 35 -19.3843
25 36 -19.5015
25 37 -19.625
25 38 -19.7403
25 39 -19.8643
25 40 -19.9717
26 -10 -11.7906
26 -9 -11.7819
26 -8 -11.7646
26 -7 -11.7548
26 -6 -11.7413
26 -5 -11.7219
26 -4 -11.712
26 -3 -11.6704
26 -2 -11.6342
26 -1 -11.6146
26 0 -11.5968
26 1 -11.5512
26 2 -11.5877
26 3 -11.7713
26 4 -12.0541
26 5 -12.3822
26 6 -12.6999
26 7 -13.041
26 8 -13.3952
26 9 -13.6977
26 10 -14.0251
26 11 -14.3261
26 12 -14.6202
26 13 -14.9083
26 14 -15.204
26 15 -15.4741
26 16 -15.7123
26 17 -15.9724
26 18 -16.2265
26 19 -16.4756
26 20 -16.7107
26 21 -16.9301
26 22 -17.1474
26 23 -17.373
26 24 -17.5703
26 25 -17.7787
26 26 -17.9666
26 27 -18.1372
26 28 -18.3342
26 29 -18.5138
26 30 -18.6714
26 31 -18.8167
26 32 -18.9789
26 33 -19.1229
26 34 -19.2736
26 35 -19.3906
26 36 -19.5202
26 37 -19.6517
26 38 -19.7661
26 39 -19.8838
26 40 -19.9936
27 -10 -11.803
27 -9 -11.7813
27 -8 -11.7741
27 -7 -11.7589
27 -6 -11.7369
27 -5 -11.7232
27 -4 -11.7171
27 -3 -11.6996
27 -2 -11.6686
27 -1 -11.6439
27 0 -11.6055
27 1 -11.5789
27 2 -11.6082
27 3 -11.802
27 4 -12.0628
27 5 -12.3906
27 6 -12.7187
27 7 -13.0408
27 8 -13.414
27 9 -13.703
27 10 -14.0202
27 11 -14.3442
27 12 -14.6216
27 13 -14.9258
27 14 -15.2147
27 15 -15.4914
27 16 -15.7598
27 17 -15.998
27 18 -16.2443
27 19 -16.4801
27 20 -16.7222
27 21 -16.9535
27 22 -17.1545
27 23 -17.3711
27 24 -17.6039
27 25 -17.7931
27 26 -17.9789
27 27 -18.1602
27 28 -18.3507
27 29 -18.5169
27 30 -18.6698
27 31 -18.8396
27 32 -18.9878
27 33 -19.1359
27 34 -19.2642
27 35 -19.4119
27 36 -19.5386
27 37 -19.6563
27 38 -19.7757
27 39 -19.8918
27 40 -19.999
28 -10 -11.8032
28 -9 -11.7995
28 -8 -11.791
28 -7 -11.7792
28 -6 -11.7512
28 -5 -11.7316
28 -4 -11.7305
28 -3 -11.7174
28 -2 -11.6764
28 -1 -11.655
28 0 -11.6128
28 1 -11.5976
28 2 -11.6329
28 3 -11.802
28 4 -12.0886
28 5 -12.4052
28 6 -12.7483
28 7 -13.067
28 8 -13.4116
28 9 -13.7195
28 10 -14.0138
28 11 -14.3363
28 12 -14.645
28 13 -14.9332
28 14 -15.2208
28 15 -15.4938
28 16 -15.7598
28 17 -16.0255
28 18 -16.2681
28 19 -16.4837
28 20 -16.7383
28 21 -16.9543
28 22 -17.1759
28 23 -17.3883
28 24 -17.5997
28 25 -17.7924
28 26 -17.984
28 27 -18.1753
28 28 -18.3542
28 29 -18.5294
28 30 -18.6927
28 31 -18.8506
28 32 -18.9953
28 33 -19.155
28 34 -19.2853
28 35 -19.4177
28 36 -19.5513
28 37 -19.6635
28 38 -19.7931
28 39 -19.905
28 40 -20.0261
29 -10 -11.8094
29 -9 -11.808
29 -8 -11.7834
29 -7 -11.7755
29 -6 -11.7652
29 -5 -11.7518
29 -4 -11.7337
29 -3 -11.7242
29 -2 -11.6938
29 -1 -11.6676
29 0 -11.6439
29 1 -11.5998
29 2 -11.6364
29 3 -11.8325
29 4 -12.1091
29 5 -12.4446
29 6 -12.7578
29 7 -13.0791
29 8 -13.4238
29 9 -13.7431
29 10 -14.0902
29 11 -14.364
29 12 -14.6407
29 13 -14.9553
29 14 -15.221
29 15 -15.5214
29 16 -15.7594
29 17 -16.0061
29 18 -16.2811
29 19 -16.5241
29 20 -16.7432
29 21 -16.9719
29 22 -17.1815
29 23 -17.4044
29 24 -17.5981
29 25 -17.798
29 26 -18.0055
29 27 -18.1879
29 28 -18.361
29 29 -18.539
29 30 -18.698
29 31 -18.851
29 32 -19.0123
29 33 -19.1488
29 34 -19.2904
29 35 -19.4342
29 36 -19.5587
29 37 -19.6848
29 38 -19.8077
29 39 -19.9042
29 40 -20.0236
30 -10 -11.813
30 -9 -11.8067
30 -8 -11.7959
30 -7 -11.784
30 -6 -11.7763
30 -5 -11.7652
30 -4 -11.7502
30 -3 -11.7404
30 -2 -11.7046
30 -1 -11.6684
30 0 -11.6534
30 1 -11.6177
30 2 -11.6474
30 3 -11.8333
30 4 -12.1134
30 5 -12.4343
30 6 -12.7735
30 7 -13.1036
30 8 -13.4327
30 9 -13.7599
30 10 -14.074
30 11 -14.3837
30 12 -14.6796
30 13 -14.9806
30 14 -15.2491
30 15 -15.5151
30 16 -15.7883
30 17 -16.0234
30 18 -16.2899
30 19 -16.5439
30 20 -16.764
30 21 -16.9752
30 22 -17.2054
30 23 -17.4121
30 24 -17.6165
30 25 -17.8147
30 26 -18.0136
30 27 -18.179
30 28 -18.3735
30 29 -18.5526
30 30 -18.6938
30 31 -18.8751
30 32 -19.0227
30 33 -19.1576
30 34 -19.3137
30 35 -19.4413
30 36 -19.5682
30 37 -19.6862
30 38 -19.8112
30 39 -19.9207
30 40 -20.0281
31 -10 -11.827
31 -9 -11.8148
31 -8 -11.8106
31 -7 -11.7923
31 -6 -11.7818
31 -5 -11.7801
31 -4 -11.7701
31 -3 -11.7432
31 -2 -11.7092
31 -1 -11.6902
31 0 -11.6574
31 1 -11.6409
31 2 -11.6867
31 3 -11.8516
31 4 -12.1447
31 5 -12.4523
31 6 -12.7834
31 7 -13.1136
31 8 -13.4306
31 9 -13.7705
31 10 -14.096
31 11 -14.3948
31 12 -14.6892
31 13 -14.9787
31 14 -15.2494
31 15 -15.52
31 16 -15.7973
31 17 -16.047
31 18 -16.3168
31 19 -16.5469
31 20 -16.7656
31 21 -16.9864
31 22 -17.2089
31 23 -17.4176
31 24 -17.63
31 25 -17.8194
31 26 -18.0228
31 27 -18.2103
31 28 -18.3879
31 29 -18.5689
31 30 -18.7376
31 31 -18.8868
31 32 -19.0207
31 33 -19.1829
31 34 -19.3157
31 35 -19.4435
31 36 -19.57
31 37 -19.7102
31 38 -19.82
31 39 -19.936
31 40 -20.0449
32 -10 -11.8144
32 -9 -11.8086
32 -8 -11.8071
32 -7 -11.7953
32 -6 -11.8017
32 -5 -11.7809
32 -4 -11.767
32 -3 -11.7418
32 -2 -11.7351
32 -1 -11.6866
32 0 -11.662
32 1 -11.6566
32 2 -11.6869
32 3 -11.8565
32 4 -12.1327
32 5 -12.4511
32 6 -12.7912
32 7 -13.1406
32 8 -13.4409
32 9 -13.7794
32 10 -14.1107
32 11 -14.4068
32 12 -14.6987
32 13 -15.0019
32 14 -15.263
32 15 -15.5548
32 16 -15.8069
32 17 -16.0519
32 18 -16.3069
32 19 -16.5387
32 20 -16.7729
32 21 -17.0003
32 22 -17.2196
32 23 -17.4394
32 24 -17.6461
32 25 -17.8304
32 26 -18.0213
32 27 -18.2144
32 28 -18.39
32 29 -18.5614
32 30 -18.7396
32 31 -18.8873
32 32 -19.0412
32 33 -19.1874
32 34 -19.3249
32 35 -19.4618
32 36 -19.5809
32 37 -19.7026
32 38 -19.826
32 39 -19.9404
32 40 -20.0551
33 -10 -11.8087
33 -9 -11.8217
33 -8 -11.8009
33 -7 -11.8001
33 -6 -11.7904
33 -5 -11.7725
33 -4 -11.772
33 -3 -11.7458
33 -2 -11.73
33 -1 -11.6931
33 0 -11.6711
33 1 -11.6371
33 2 -11.6957
33 3 -11.8638
33 4 -12.1703
33 5 -12.4821
33 6 -12.7843
33 7 -13.1324
33 8 -13.4703
33 9 -13.8029
33 10 -14.0903
33 11 -14.4112
33 12 -14.7158
33 13 -15.0007
33 14 -15.2805
33 15 -15.5521
33 16 -15.8316
33 17 -16.0668
33 18 -16.3002
33 19 -16.5554
33 20 -16.7954
33 21 -17.0204
33 22 -17.247
33 23 -17.4328
33 24 -17.6426
33 25 -17.843
33 26 -18.0342
33 27 -18.2171
33 28 -18.3982
33 29 -18.5748
33 30 -18.7396
33 31 -18.8981
33 32 -19.0495
33 33 -19.1832
33 34 -19.3411
33 35 -19.463
33 36 -19.5967
33 37 -19.7202
33 38 -19.8396
33 39 -19.9477
33 40 -20.0578
34 -10 -11.823
34 -9 -11.8158
34 -8 -11.8131
34 -7 -11.8024
34 -6 -11.7795
34 -5 -11.7855
34 -4 -11.7727
34 -3 -11.7585
34 -2 -11.7265
34 -1 -11.721
34 0 -11.6797
34 1 -11.6574
34 2 -11.6975
34 3 -11.8941
34 4 -12.1766
34 5 -12.4919
34 6 -12.8184
34 7 -13.1452
34 8 -13.4678
34 9 -13.8095
34 10 -14.107
34 11 -14.4217
34 12 -14.7294
34 13 -15.0013
34 14 -15.2842
34 15 -15.5614
34 16 -15.8362
34 17 -16.0809
34 18 -16.3298
34 19 -16.5719
34 20 -16.8017
34 21 -17.0228
34 22 -17.2428
34 23 -17.4493
34 24 -17.6545
34 25 -17.8563
34 26 -18.0454
34 27 -18.2324
34 28 -18.4115
34 29 -18.581
34 30 -18.7617
34 31 -18.8974
34 32 -19.0631
34 33 -19.2063
34 34 -19.3415
34 35 -19.4696
34 36 -19.6099
34 37 -19.7181
34 38 -19.8357
34 39 -19.9671
34 40 -20.0742
35 -10 -11.8262
35 -9 -11.8137
35 -8 -11.8145
35 -7 -11.8083
35 -6 -11.7938
35 -5 -11.7849
35 -4 -11.7674
35 -3 -11.7658
35 -2 -11.7601
35 -1 -11.7235
35 0 -11.7037
35 1 -11.6708
35 2 -11.7014
35 3 -11.894
35 4 -12.1606
35 5 -12.4877
35 6 -12.8316
35 7 -13.1587
35 8 -13.4871
35 9 -13.815
35 10 -14.1072
35 11 -14.4239
35 12 -14.7115
35 13 -15.0143
35 14 -15.2897
35 15 -15.5591
35 16 -15.82
35 17 -16.0912
35 18 -16.3536
35 19 -16.5751
35 20 -16.8088
35 21 -17.0153
35 22 -17.2396
35 23 -17.4419
35 24 -17.6621
35 25 -17.8591
35 26 -18.0526
35 27 -18.2355
35 28 -18.4087
35 29 -18.584
35 30 -18.752
35 31 -18.9096
35 32 -19.0579
35 33 -19.2041
35 34 -19.3405
35 35 -19.4763
35 36 -19.5972
35 37 -19.7263
35 38 -19.8479
35 39 -19.9637
35 40 -20.0823
36 -10 -11.8265
36 -9 -11.8156
36 -8 -11.8178
36 -7 -11.8024
36 -6 -11.7857
36 -5 -11.788
36 -4 -11.7794
36 -3 -11.7738
36 -2 -11.7399
36 -1 -11.7283
36 0 -11.6993
36 1 -11.6774
36 2 -11.7144
36 3 -11.9071
36 4 -12.1789
36 5 -12.4994
36 6 -12.8127
36 7 -13.1756
36 8 -13.4807
36 9 -13.8275
36 10 -14.1304
36 11 -14.4321
36 12 -14.7247
36 13 -15.0163
36 14 -15.3029
36 15 -15.5754
36 16 -15.8447
36 17 -16.0813
36 18 -16.3176
36 19 -16.5734
36 20 -16.8104
36 21 -17.0259
36 22 -17.2408
36 23 -17.4616
36 24 -17.6583
36 25 -17.8586
36 26 -18.0622
36 27 -18.2321
36 28 -18.4139
36 29 -18.5923
36 30 -18.7483
36 31 -18.9043
36 32 -19.0571
36 33 -19.1996
36 34 -19.3379
36 35 -19.4745
36 36 -19.6168
36 37 -19.7312
36 38 -19.8519
36 39 -19.9597
36 40 -20.0778
37 -10 -11.8207
37 -9 -11.822
37 -8 -11.8059
37 -7 -11.8005
37 -6 -11.7984
37 -5 -11.7872
37 -4 -11.7816
37 -3 -11.7573
37 -2 -11.7576
37 -1 -11.7135
37 0 -11.7118
37 1 -11.675
37 2 -11.72
37 3 -11.9232
37 4 -12.1864
37 5 -12.5139
37 6 -12.839
37 7 -13.1744
37 8 -13.4966
37 9 -13.8174
37 10 -14.1298
37 11 -14.4433
37 12 -14.7282
37 13 -15.007
37 14 -15.2972
37 15 -15.5707
37 16 -15.8329
37 17 -16.0945
37 18 -16.3394
37 19 -16.592
37 20 -16.7975
37 21 -17.0261
37 22 -17.2528
37 23 -17.4608
37 24 -17.6703
37 25 -17.8754
37 26 -18.0336
37 27 -18.2246
37 28 -18.406
37 29 -18.5782
37 30 -18.7521
37 31 -18.9096
37 32 -19.0692
37 33 -19.1982
37 34 -19.3372
37 35 -19.4704
37 36 -19.6106
37 37 -19.7336
37 38 -19.853
37 39 -19.9602
37 40 -20.0794
38 -10 -11.8224
38 -9 -11.8207
38 -8 -11.8157
38 -7 -11.8079
38 -6 -11.7868
38 -5 -11.8001
38 -4 -11.7837
38 -3 -11.7784
38 -2 -11.7458
38 -1 -11.7165
38 0 -11.7257
38 1 -11.6859
38 2 -11.731
38 3 -11.9231
38 4 -12.1847
38 5 -12.5169
38 6 -12.8435
38 7 -13.1702
38 8 -13.4961
38 9 -13.82
38 10 -14.1355
38 11 -14.4312
38 12 -14.7472
38 13 -15.0124
38 14 -15.3104
38 15 -15.5786
38 16 -15.8621
38 17 -16.0949
38 18 -16.3518
38 19 -16.584
38 20 -16.8212
38 21 -17.026
38 22 -17.2549
38 23 -17.4625
38 24 -17.6635
38 25 -17.8513
38 26 -18.0522
38 27 -18.2398
38 28 -18.4076
38 29 -18.5907
38 30 -18.7541
38 31 -18.908
38 32 -19.0659
38 33 -19.2073
38 34 -19.3396
38 35 -19.4865
38 36 -19.6072
38 37 -19.7306
38 38 -19.8476
38 39 -19.9555
38 40 -20.089
39 -10 -11.83
39 -9 -11.8191
39 -8 -11.8196
39 -7 -11.807
39 -6 -11.7844
39 -5 -11.782
39 -4 -11.7795
39 -3 -11.7709
39 -2 -11.7496
39 -1 -11.7519
39 0 -11.7255
39 1 -11.6935
39 2 -11.7347
39 3 -11.9287
39 4 -12.1822
39 5 -12.509
39 6 -12.8477
39 7 -13.1761
39 8 -13.5038
39 9 -13.8193
39 10 -14.1271
39 11 -14.4239
39 12 -14.7391
39 13 -15.0314
39 14 -15.311
39 15 -15.5818
39 16 -15.8345
39 17 -16.101
39 18 -16.3347
39 19 -16.5887
39 20 -16.8156
39 21 -17.0378
39 22 -17.2547
39 23 -17.4616
39 24 -17.6653
39 25 -17.8552
39 26 -18.0585
39 27 -18.2493
39 28 -18.4118
39 29 -18.5831
39 30 -18.7459
39 31 -18.9097
39 32 -19.0661
39 33 -19.1998
39 34 -19.3413
39 35 -19.4763
39 36 -19.6051
39 37 -19.7342
39 38 -19.8566
39 39 -19.9669
39 40 -20.0727
40 -10 -11.816
40 -9 -11.8195
40 -8 -11.8068
40 -7 -11.7989
40 -6 -11.7891
40 -5 -11.7859
40 -4 -11.7715
40 -3 -11.773
40 -2 -11.7457
40 -1 -11.7327
40 0 -11.7093
40 1 -11.6913
40 2 -11.7345
40 3 -11.9235
40 4 -12.2041
40 5 -12.5171
40 6 -12.8446
40 7 -13.1927
40 8 -13.5249
40 9 -13.8171
40 10 -14.1454
40 11 -14.449
40 12 -14.7413
40 13 -15.0254
40 14 -15.3158
40 15 -15.569
40 16 -15.841
40 17 -16.1098
40 18 -16.3483
40 19 -16.5762
40 20 -16.8088
40 21 -17.0357
40 22 -17.2583
40 23 -17.4595
40 24 -17.6739
40 25 -17.8721
40 26 -18.0426
40 27 -18.2345
40 28 -18.4033
40 29 -18.5853
40 30 -18.7544
40 31 -18.9071
40 32 -19.0636
40 33 -19.1946
40 34 -19.3545
40 35 -19.4804
40 36 -19.5992
40 37 -19.7322
40 38 -19.8449
40 39 -19.9752
40 40 -20.0777
