-10 -10 -9.04892
-10 -9 -9.05958
-10 -8 -9.03079
-10 -7 -9.00253
-10 -6 -8.9802
-10 -5 -8.94298
-10 -4 -8.95381
-10 -3 -8.901
-10 -2 -8.90759
-10 -1 -8.86977
-10 0 -8.857
-10 1 -8.81527
-10 2 -8.82857
-10 3 -9.01031
-10 4 -9.28266
-10 5 -9.59952
-10 6 -9.90841
-10 7 -10.2705
-10 8 -10.5644
-10 9 -10.875
-10 10 -11.2242
-10 11 -11.4863
-10 12 -11.7863
-10 13 -12.0463
-10 14 -12.3464
-10 15 -12.6204
-10 16 -12.8521
-10 17 -13.1231
-10 18 -13.3792
-10 19 -13.6266
-10 20 -13.8444
-10 21 -14.081
-10 22 -14.2739
-10 23 -14.503
-10 24 -14.7173
-10 25 -14.9253
-10 26 -15.125
-10 27 -15.3254
-10 28 -15.5157
-10 29 -15.7014
-10 30 -15.8848
-10 31 -16.0617
-10 32 -16.2503
-10 33 -16.4085
-10 34 -16.5637
-10 35 -16.742
-10 36 -16.8851
-10 37 -17.0387
-10 38 -17.1781
-10 39 -17.3332
-10 40 -17.474
-9 -10 -9.03871
-9 -9 -9.01484
-9 -8 -9.02415
-9 -7 -8.97138
-9 -6 -8.95865
-9 -5 -8.96126
-9 -4 -8.92522
-9 -3 -8.87602
-9 -2 -8.86064
-9 -1 -8.84933
-9 0 -8.80522
-9 1 -8.81001
-9 2 -8.83136
-9 3 -8.99783
-9 4 -9.24009
-9 5 -9.55093
-9 6 -9.89061
-9 7 -10.1966
-9 8 -10.4977
-9 9 -10.8657
-9 10 -11.1532
-9 11 -11.4525
-9 12 -11.7468
-9 13 -12.038
-9 14 -12.3268
-9 15 -12.581
-9 16 -12.8569
-9 17 -13.0963
-9 18 -13.3406
-9 19 -13.6059
-9 20 -13.8181
-9 21 -14.0724
-9 22 -14.2881
-9 23 -14.503
-9 24 -14.6858
-9 25 -14.926
-9 26 -15.1206
-9 27 -15.3249
-9 28 -15.4898
-9 29 -15.6715
-9 30 -15.8498
-9 31 -16.0648
-9 32 -16.2221
-9 33 -16.3703
-9 34 -16.556
-9 35 -16.7169
-9 36 -16.8703
-9 37 -17.028
-9 38 -17.1659
-9 39 -17.3316
-9 40 -17.4469
-8 -10 -9.00491
-8 -9 -8.99191
-8 -8 -8.98891
-8 -7 -8.97245
-8 -6 -8.94438
-8 -5 -8.9099
-8 -4 -8.86424
-8 -3 -8.86901
-8 -2 -8.82277
-8 -1 -8.81128
-8 0 -8.77704
-8 1 -8.78792
-8 2 -8.77875
-8 3 -8.9685
-8 4 -9.19023
-8 5 -9.54282
-8 6 -9.86177
-8 7 -10.1678
-8 8 -10.4952
-8 9 -10.794
-8 10 -11.1215
-8 11 -11.3948
-8 12 -11.7106
-8 13 -12.0123
-8 14 -12.2956
-8 15 -12.5597
-8 16 -12.846
-8 17 -13.075
-8 18 -13.3251
-8 19 -13.5726
-8 20 -13.8082
-8 21 -14.0364
-8 22 -14.2562
-8 23 -14.4672
-8 24 -14.6839
-8 25 -14.8774
-8 26 -15.1053
-8 27 -15.2817
-8 28 -15.4748
-8 29 -15.6602
-8 30 -15.847
-8 31 -16.0193
-8 32 -16.1902
-8 33 -16.3647
-8 34 -16.5443
-8 35 -16.6991
-8 36 -16.8744
-8 37 -16.978
-8 38 -17.1481
-8 39 -17.289
-8 40 -17.4538
-7 -10 -8.99119
-7 -9 -8.96184
-7 -8 -8.96638
-7 -7 -8.95694
-7 -6 -8.90161
-7 -5 -8.88762
-7 -4 -8.88314
-7 -3 -8.85474
-7 -2 -8.83566
-7 -1 -8.80593
-7 0 -8.74423
-7 1 -8.72219
-7 2 -8.74148
-7 3 -8.92684
-7 4 -9.17074
-7 5 -9.50657
-7 6 -9.83545
-7 7 -10.1612
-7 8 -10.4764
-7 9 -10.7673
-7 10 -11.1044
-7 11 -11.4053
-7 12 -11.6899
-7 13 -11.9555
-7 14 -12.2633
-7 15 -12.5281
-7 16 -12.7798
-7 17 -13.0674
-7 18 -13.2663
-7 19 -13.5314
-7 20 -13.7713
-7 21 -14.0046
-7 22 -14.2398
-7 23 -14.452
-7 24 -14.6784
-7 25 -14.8661
-7 26 -15.0482
-7 27 -15.2705
-7 28 -15.4708
-7 29 -15.6529
-7 30 -15.8446
-7 31 -15.9967
-7 32 -16.1806
-7 33 -16.3478
-7 34 -16.5197
-7 35 -16.6821
-7 36 -16.8274
-7 37 -16.9966
-7 38 -17.1305
-7 39 -17.2642
-7 40 -17.4026
-6 -10 -8.95976
-6 -9 -8.96978
-6 -8 -8.93727
-6 -7 -8.92209
-6 -6 -8.88451
-6 -5 -8.87252
-6 -4 -8.83202
-6 -3 -8.84663
-6 -2 -8.81694
-6 -1 -8.77467
-6 0 -8.7091
-6 1 -8.71122
-6 2 -8.74635
-6 3 -8.87702
-6 4 -9.14518
-6 5 -9.44006
-6 6 -9.81268
-6 7 -10.1472
-6 8 -10.4251
-6 9 -10.7899
-6 10 -11.063
-6 11 -11.3863
-6 12 -11.66
-6 13 -11.9472
-6 14 -12.2399
-6 15 -12.4798
-6 16 -12.7821
-6 17 -13.0146
-6 18 -13.2416
-6 19 -13.5242
-6 20 -13.7417
-6 21 -13.9648
-6 22 -14.2022
-6 23 -14.4319
-6 24 -14.6253
-6 25 -14.8375
-6 26 -15.0322
-6 27 -15.2554
-6 28 -15.4609
-6 29 -15.6285
-6 30 -15.7917
-6 31 -15.9912
-6 32 -16.1668
-6 33 -16.3212
-6 34 -16.4914
-6 35 -16.6476
-6 36 -16.833
-6 37 -16.952
-6 38 -17.1172
-6 39 -17.259
-6 40 -17.3872
-5 -10 -8.98156
-5 -9 -8.95774
-5 -8 -8.94386
-5 -7 -8.9011
-5 -6 -8.88656
-5 -5 -8.8484
-5 -4 -8.79741
-5 -3 -8.78697
-5 -2 -8.77606
-5 -1 -8.76104
-5 0 -8.72202
-5 1 -8.7033
-5 2 -8.71734
-5 3 -8.89896
-5 4 -9.15744
-5 5 -9.43311
-5 6 -9.77463
-5 7 -10.1076
-5 8 -10.4194
-5 9 -10.727
-5 10 -11.0466
-5 11 -11.3392
-5 12 -11.6437
-5 13 -11.9339
-5 14 -12.1825
-5 15 -12.4556
-5 16 -12.7294
-5 17 -13.0128
-5 18 -13.2367
-5 19 -13.4944
-5 20 -13.743
-5 21 -13.9451
-5 22 -14.1553
-5 23 -14.3993
-5 24 -14.6204
-5 25 -14.7965
-5 26 -15.004
-5 27 -15.2136
-5 28 -15.4221
-5 29 -15.5852
-5 30 -15.767
-5 31 -15.9556
-5 32 -16.1314
-5 33 -16.3051
-5 34 -16.4927
-5 35 -16.6452
-5 36 -16.8003
-5 37 -16.947
-5 38 -17.0891
-5 39 -17.2526
-5 40 -17.3789
-4 -10 -8.96458
-4 -9 -8.94535
-4 -8 -8.93695
-4 -7 -8.87993
-4 -6 -8.86056
-4 -5 -8.84304
-4 -4 -8.81585
-4 -3 -8.7902
-4 -2 -8.73864
-4 -1 -8.70709
-4 0 -8.71193
-4 1 -8.65041
-4 2 -8.69435
-4 3 -8.87121
-4 4 -9.11655
-4 5 -9.41082
-4 6 -9.75171
-4 7 -10.0564
-4 8 -10.3707
-4 9 -10.7301
-4 10 -11.0411
-4 11 -11.3183
-4 12 -11.6233
-4 13 -11.9171
-4 14 -12.1866
-4 15 -12.4623
-4 16 -12.7061
-4 17 -12.9806
-4 18 -13.2014
-4 19 -13.4608
-4 20 -13.6952
-4 21 -13.938
-4 22 -14.1671
-4 23 -14.3702
-4 24 -14.591
-4 25 -14.8059
-4 26 -15.0056
-4 27 -15.1935
-4 28 -15.3701
-4 29 -15.5727
-4 30 -15.7511
-4 31 -15.9598
-4 32 -16.1088
-4 33 -16.2578
-4 34 -16.4605
-4 35 -16.6052
-4 36 -16.7597
-4 37 -16.9041
-4 38 -17.0969
-4 39 -17.2102
-4 40 -17.3569
-3 -10 -8.97259
-3 -9 -8.92458
-3 -8 -8.91882
-3 -7 -8.90039
-3 -6 -8.86149
-3 -5 -8.84034
-3 -4 -8.81283
-3 -3 -8.76562
-3 -2 -8.73153
-3 -1 -8.67791
-3 0 -8.66246
-3 1 -8.6507
-3 2 -8.67328
-3 3 -8.85019
-3 4 -9.07748
-3 5 -9.39068
-3 6 -9.72385
-3 7 -10.073
-3 8 -10.3988
-3 9 -10.7434
-3 10 -11.0054
-3 11 -11.3111
-3 12 -11.6285
-3 13 -11.902
-3 14 -12.1695
-3 15 -12.4248
-3 16 -12.7228
-3 17 -12.9892
-3 18 -13.2169
-3 19 -13.4515
-3 20 -13.7062
-3 21 -13.9048
-3 22 -14.169
-3 23 -14.3563
-3 24 -14.5573
-3 25 -14.7819
-3 26 -14.981
-3 27 -15.1705
-3 28 -15.3816
-3 29 -15.5588
-3 30 -15.7607
-3 31 -15.9328
-3 32 -16.1251
-3 33 -16.2571
-3 34 -16.4413
-3 35 -16.5933
-3 36 -16.7605
-3 37 -16.912
-3 38 -17.0481
-3 39 -17.2054
-3 40 -17.3508
-2 -10 -8.96363
-2 -9 -8.91345
-2 -8 -8.88955
-2 -7 -8.87201
-2 -6 -8.85028
-2 -5 -8.83689
-2 -4 -8.76807
-2 -3 -8.75451
-2 -2 -8.72097
-2 -1 -8.7001
-2 0 -8.68416
-2 1 -8.60519
-2 2 -8.64269
-2 3 -8.78863
-2 4 -9.06573
-2 5 -9.34624
-2 6 -9.70036
-2 7 -10.0338
-2 8 -10.348
-2 9 -10.7055
-2 10 -10.9991
-2 11 -11.2892
-2 12 -11.6038
-2 13 -11.8709
-2 14 -12.178
-2 15 -12.4451
-2 16 -12.7139
-2 17 -12.9528
-2 18 -13.211
-2 19 -13.4186
-2 20 -13.6843
-2 21 -13.9044
-2 22 -14.1527
-2 23 -14.3428
-2 24 -14.6015
-2 25 -14.7798
-2 26 -14.9771
-2 27 -15.1544
-2 28 -15.3669
-2 29 -15.5654
-2 30 -15.7722
-2 31 -15.9232
-2 32 -16.1125
-2 33 -16.2604
-2 34 -16.4156
-2 35 -16.6013
-2 36 -16.7665
-2 37 -16.9094
-2 38 -17.0564
-2 39 -17.1956
-2 40 -17.3448
-1 -10 -8.92745
-1 -9 -8.9299
-1 -8 -8.90207
-1 -7 -8.87822
-1 -6 -8.87355
-1 -5 -8.82335
-1 -4 -8.80516
-1 -3 -8.76813
-1 -2 -8.73372
-1 -1 -8.70344
-1 0 -8.65959
-1 1 -8.59235
-1 2 -8.62454
-1 3 -8.77921
-1 4 -9.03925
-1 5 -9.38476
-1 6 -9.68144
-1 7 -10.0173
-1 8 -10.3503
-1 9 -10.6486
-1 10 -11.0145
-1 11 -11.2815
-1 12 -11.6062
-1 13 -11.8816
-1 14 -12.1451
-1 15 -12.4276
-1 16 -12.7238
-1 17 -12.9349
-1 18 -13.2052
-1 19 -13.4413
-1 20 -13.7235
-1 21 -13.9474
-1 22 -14.1357
-1 23 -14.3594
-1 24 -14.5774
-1 25 -14.7814
-1 26 -15.0168
-1 27 -15.1849
-1 28 -15.3841
-1 29 -15.5917
-1 30 -15.7505
-1 31 -15.9166
-1 32 -16.1085
-1 33 -16.2796
-1 34 -16.425
-1 35 -16.6266
-1 36 -16.7701
-1 37 -16.9051
-1 38 -17.0753
-1 39 -17.2151
-1 40 -17.3398
0 -10 -8.9735
0 -9 -8.9319
0 -8 -8.90944
0 -7 -8.87247
0 -6 -8.85089
0 -5 -8.84909
0 -4 -8.78481
0 -3 -8.78314
0 -2 -8.75705
0 -1 -8.73643
0 0 -8.66769
0 1 -8.63232
0 2 -8.61185
0 3 -8.80399
0 4 -9.07451
0 5 -9.4002
0 6 -9.69382
0 7 -10.0366
0 8 -10.3507
0 9 -10.6832
0 10 -11.0005
0 11 -11.3165
0 12 -11.6172
0 13 -11.8734
0 14 -12.1891
0 15 -12.4625
0 16 -12.7211
0 17 -12.9589
0 18 -13.2285
0 19 -13.4852
0 20 -13.7401
0 21 -13.9547
0 22 -14.1727
0 23 -14.386
0 24 -14.632
0 25 -14.8
0 26 -15.0211
0 27 -15.2098
0 28 -15.3965
0 29 -15.601
0 30 -15.7582
0 31 -15.9542
0 32 -16.1399
0 33 -16.2933
0 34 -16.4493
0 35 -16.6429
0 36 -16.8185
0 37 -16.9324
0 38 -17.0704
0 39 -17.2508
0 40 -17.3495
1 -10 -9.01072
1 -9 -8.97806
1 -8 -8.93929
1 -7 -8.9028
1 -6 -8.88654
1 -5 -8.84498
1 -4 -8.80599
1 -3 -8.81392
1 -2 -8.78385
1 -1 -8.71791
1 0 -8.65807
1 1 -8.62414
1 2 -8.65872
1 3 -8.81684
1 4 -9.11988
1 5 -9.43179
1 6 -9.74716
1 7 -10.0469
1 8 -10.3481
1 9 -10.7357
1 10 -11.0526
1 11 -11.3372
1 12 -11.621
1 13 -11.8896
1 14 -12.1981
1 15 -12.4651
1 16 -12.7368
1 17 -13.0135
1 18 -13.2538
1 19 -13.5219
1 20 -13.7429
1 21 -13.982
1 22 -14.1725
1 23 -14.4306
1 24 -14.6235
1 25 -14.8214
1 26 -15.0551
1 27 -15.233
1 28 -15.4417
1 29 -15.615
1 30 -15.8343
1 31 -16.0131
1 32 -16.1817
1 33 -16.3318
1 34 -16.4866
1 35 -16.6551
1 36 -16.8343
1 37 -16.9986
1 38 -17.122
1 39 -17.2561
1 40 -17.4024
2 -10 -9.03442
2 -9 -9.00819
2 -8 -8.98497
2 -7 -8.94434
2 -6 -8.95637
2 -5 -8.9164
2 -4 -8.86784
2 -3 -8.87706
2 -2 -8.80906
2 -1 -8.78459
2 0 -8.73289
2 1 -8.68911
2 2 -8.67865
2 3 -8.81419
2 4 -9.13172
2 5 -9.41298
2 6 -9.794
2 7 -10.0908
2 8 -10.3668
2 9 -10.7449
2 10 -11.089
2 11 -11.3824
2 12 -11.6844
2 13 -11.9476
2 14 -12.2282
2 15 -12.5168
2 16 -12.7564
2 17 -13.0413
2 18 -13.2956
2 19 -13.5407
2 20 -13.7861
2 21 -14.0123
2 22 -14.2238
2 23 -14.4653
2 24 -14.6889
2 25 -14.8628
2 26 -15.0921
2 27 -15.3013
2 28 -15.46
2 29 -15.6838
2 30 -15.8817
2 31 -16.0253
2 32 -16.1966
2 33 -16.388
2 34 -16.5564
2 35 -16.7203
2 36 -16.8325
2 37 -17.0188
2 38 -17.1677
2 39 -17.2967
2 40 -17.4385
3 -10 -9.08197
3 -9 -9.06033
3 -8 -9.02734
3 -7 -9.01609
3 -6 -8.99218
3 -5 -8.94764
3 -4 -8.90665
3 -3 -8.88963
3 -2 -8.85315
3 -1 -8.80371
3 0 -8.75428
3 1 -8.72491
3 2 -8.71429
3 3 -8.93124
3 4 -9.18229
3 5 -9.5022
3 6 -9.78934
3 7 -10.127
3 8 -10.488
3 9 -10.7809
3 10 -11.1234
3 11 -11.4241
3 12 -11.7066
3 13 -11.9945
3 14 -12.3016
3 15 -12.5777
3 16 -12.8523
3 17 -13.0932
3 18 -13.3359
3 19 -13.5961
3 20 -13.8201
3 21 -14.0514
3 22 -14.2976
3 23 -14.509
3 24 -14.7135
3 25 -14.919
3 26 -15.1431
3 27 -15.3407
3 28 -15.528
3 29 -15.7298
3 30 -15.9097
3 31 -16.0769
3 32 -16.2651
3 33 -16.4302
3 34 -16.5955
3 35 -16.7418
3 36 -16.9107
3 37 -17.0802
3 38 -17.2214
3 39 -17.3622
3 40 -17.5076
4 -10 -9.11588
4 -9 -9.09854
4 -8 -9.07642
4 -7 -9.04754
4 -6 -9.0401
4 -5 -8.99356
4 -4 -8.96948
4 -3 -8.9389
4 -2 -8.90553
4 -1 -8.8702
4 0 -8.83415
4 1 -8.78544
4 2 -8.77818
4 3 -8.9524
4 4 -9.23337
4 5 -9.56005
4 6 -9.86556
4 7 -10.1805
4 8 -10.5299
4 9 -10.8189
4 10 -11.1577
4 11 -11.4615
4 12 -11.7907
4 13 -12.074
4 14 -12.3393
4 15 -12.6206
4 16 -12.9005
4 17 -13.1761
4 18 -13.396
4 19 -13.6643
4 20 -13.8797
4 21 -14.1171
4 22 -14.3382
4 23 -14.5408
4 24 -14.7612
4 25 -14.9685
4 26 -15.1729
4 27 -15.3798
4 28 -15.575
4 29 -15.7747
4 30 -15.9436
4 31 -16.139
4 32 -16.2952
4 33 -16.4837
4 34 -16.6681
4 35 -16.8054
4 36 -16.9754
4 37 -17.1068
4 38 -17.2603
4 39 -17.4083
4 40 -17.5413
5 -10 -9.19158
5 -9 -9.15666
5 -8 -9.12332
5 -7 -9.09288
5 -6 -9.07137
5 -5 -9.06263
5 -4 -9.0253
5 -3 -8.97648
5 -2 -8.97694
5 -1 -8.87714
5 0 -8.86781
5 1 -8.80912
5 2 -8.8541
5 3 -8.99852
5 4 -9.25543
5 5 -9.61095
5 6 -9.92198
5 7 -10.2782
5 8 -10.5749
5 9 -10.9195
5 10 -11.2239
5 11 -11.4918
5 12 -11.7918
5 13 -12.0896
5 14 -12.4001
5 15 -12.6778
5 16 -12.9322
5 17 -13.2132
5 18 -13.449
5 19 -13.6555
5 20 -13.9124
5 21 -14.1783
5 22 -14.3968
5 23 -14.5967
5 24 -14.8476
5 25 -15.0344
5 26 -15.2239
5 27 -15.4396
5 28 -15.6304
5 29 -15.8073
5 30 -16.0124
5 31 -16.1846
5 32 -16.3496
5 33 -16.5327
5 34 -16.719
5 35 -16.8387
5 36 -17.0091
5 37 -17.1868
5 38 -17.3121
5 39 -17.4633
5 40 -17.5969
6 -10 -9.22553
6 -9 -9.19888
6 -8 -9.16881
6 -7 -9.15727
6 -6 -9.11647
6 -5 -9.0973
6 -4 -9.07878
6 -3 -9.00933
6 -2 -8.98978
6 -1 -8.9697
6 0 -8.89572
6 1 -8.89862
6 2 -8.87212
6 3 -9.07049
6 4 -9.36553
6 5 -9.61951
6 6 -9.93183
6 7 -10.2889
6 8 -10.6463
6 9 -10.9874
6 10 -11.2634
6 11 -11.5764
6 12 -11.8668
6 13 -12.1799
6 14 -12.4416
6 15 -12.7329
6 16 -12.9964
6 17 -13.2179
6 18 -13.4951
6 19 -13.7387
6 20 -13.9631
6 21 -14.1965
6 22 -14.3993
6 23 -14.6585
6 24 -14.8627
6 25 -15.0709
6 26 -15.2739
6 27 -15.5012
6 28 -15.6808
6 29 -15.8599
6 30 -16.0504
6 31 -16.23
6 32 -16.4238
6 33 -16.5768
6 34 -16.7458
6 35 -16.9272
6 36 -17.0739
6 37 -17.2011
6 38 -17.3672
6 39 -17.5061
6 40 -17.662
7 -10 -9.28521
7 -9 -9.24331
7 -8 -9.2029
7 -7 -9.18768
7 -6 -9.16319
7 -5 -9.12155
7 -4 -9.10542
7 -3 -9.08425
7 -2 -9.04077
7 -1 -9.00141
7 0 -8.93499
7 1 -8.9196
7 2 -8.94169
7 3 -9.10748
7 4 -9.36595
7 5 -9.69088
7 6 -10.024
7 7 -10.3361
7 8 -10.6668
7 9 -10.9696
7 10 -11.3439
7 11 -11.6262
7 12 -11.9099
7 13 -12.2093
7 14 -12.4694
7 15 -12.7558
7 16 -13.0145
7 17 -13.2872
7 18 -13.5399
7 19 -13.7523
7 20 -14.0017
7 21 -14.2553
7 22 -14.4654
7 23 -14.6846
7 24 -14.915
7 25 -15.1381
7 26 -15.3347
7 27 -15.5071
7 28 -15.7243
7 29 -15.9151
7 30 -16.0597
7 31 -16.2571
7 32 -16.4519
7 33 -16.6371
7 34 -16.7981
7 35 -16.9666
7 36 -17.1314
7 37 -17.2681
7 38 -17.4283
7 39 -17.5672
7 40 -17.6969
8 -10 -9.30231
8 -9 -9.30224
8 -8 -9.25997
8 -7 -9.24259
8 -6 -9.20885
8 -5 -9.20311
8 -4 -9.15279
8 -3 -9.14719
8 -2 -9.08346
8 -1 -9.05998
8 0 -9.01821
8 1 -8.94234
8 2 -8.99144
8 3 -9.14714
8 4 -9.40704
8 5 -9.74259
8 6 -10.0389
8 7 -10.3914
8 8 -10.7061
8 9 -11.0506
8 10 -11.3741
8 11 -11.6436
8 12 -11.9661
8 13 -12.2292
8 14 -12.5437
8 15 -12.817
8 16 -13.025
8 17 -13.3269
8 18 -13.5964
8 19 -13.8063
8 20 -14.0557
8 21 -14.3035
8 22 -14.5208
8 23 -14.7296
8 24 -14.9768
8 25 -15.1843
8 26 -15.3764
8 27 -15.5765
8 28 -15.7731
8 29 -15.9694
8 30 -16.1687
8 31 -16.3316
8 32 -16.5059
8 33 -16.6817
8 34 -16.8293
8 35 -16.9895
8 36 -17.1814
8 37 -17.3165
8 38 -17.4546
8 39 -17.6301
8 40 -17.7567
9 -10 -9.36874
9 -9 -9.32848
9 -8 -9.28998
9 -7 -9.27075
9 -6 -9.25819
9 -5 -9.22234
9 -4 -9.17482
9 -3 -9.16833
9 -2 -9.11817
9 -1 -9.09942
9 0 -9.05613
9 1 -9.00999
9 2 -9.03052
9 3 -9.19239
9 4 -9.47209
9 5 -9.77082
9 6 -10.1125
9 7 -10.4595
9 8 -10.7453
9 9 -11.0618
9 10 -11.3924
9 11 -11.6901
9 12 -11.9928
9 13 -12.2994
9 14 -12.5722
9 15 -12.8554
9 16 -13.1143
9 17 -13.3716
9 18 -13.6166
9 19 -13.8422
9 20 -14.0963
9 21 -14.3568
9 22 -14.5675
9 23 -14.805
9 24 -15.0114
9 25 -15.2126
9 26 -15.4176
9 27 -15.6009
9 28 -15.8192
9 29 -15.9959
9 30 -16.2022
9 31 -16.3776
9 32 -16.5402
9 33 -16.7113
9 34 -16.8843
9 35 -17.0528
9 36 -17.1986
9 37 -17.358
9 38 -17.5117
9 39 -17.6536
9 40 -17.78
10 -10 -9.40169
10 -9 -9.35364
10 -8 -9.35266
10 -7 -9.31165
10 -6 -9.28477
10 -5 -9.26588
10 -4 -9.22607
10 -3 -9.19474
10 -2 -9.14817
10 -1 -9.1258
10 0 -9.09452
10 1 -9.04123
10 2 -9.04547
10 3 -9.22251
10 4 -9.51449
10 5 -9.83786
10 6 -10.1372
10 7 -10.4907
10 8 -10.8008
10 9 -11.1295
10 10 -11.448
10 11 -11.7476
10 12 -12.0599
10 13 -12.3365
10 14 -12.6046
10 15 -12.8945
10 16 -13.1836
10 17 -13.4037
10 18 -13.6598
10 19 -13.8971
10 20 -14.1621
10 21 -14.3997
10 22 -14.6168
10 23 -14.8388
10 24 -15.0411
10 25 -15.2587
10 26 -15.4921
10 27 -15.6228
10 28 -15.8336
10 29 -16.0641
10 30 -16.2075
10 31 -16.4042
10 32 -16.5761
10 33 -16.7453
10 34 -16.9084
10 35 -17.0978
10 36 -17.2577
10 37 -17.3769
10 38 -17.5465
10 39 -17.6848
10 40 -17.8146
11 -10 -9.41675
11 -9 -9.39508
11 -8 -9.35384
11 -7 -9.33678
11 -6 -9.31685
11 -5 -9.29822
11 -4 -9.24771
11 -3 -9.21458
11 -2 -9.19834
11 -1 -9.15807
11 0 -9.1185
11 1 -9.08081
11 2 -9.07512
11 3 -9.26562
11 4 -9.53896
11 5 -9.87549
11 6 -10.1647
11 7 -10.5152
11 8 -10.8519
11 9 -11.1736
11 10 -11.4942
11 11 -11.7816
11 12 -12.0785
11 13 -12.3561
11 14 -12.6715
11 15 -12.9138
11 16 -13.1859
11 17 -13.4654
11 18 -13.725
11 19 -13.9583
11 20 -14.1829
11 21 -14.3976
11 22 -14.6315
11 23 -14.8522
11 24 -15.073
11 25 -15.2769
11 26 -15.4756
11 27 -15.7033
11 28 -15.8623
11 29 -16.06
11 30 -16.2618
11 31 -16.4277
11 32 -16.6259
11 33 -16.8169
11 34 -16.9632
11 35 -17.1257
11 36 -17.2747
11 37 -17.4468
11 38 -17.5787
11 39 -17.7181
11 40 -17.8648
12 -10 -9.45984
12 -9 -9.43941
12 -8 -9.39786
12 -7 -9.3784
12 -6 -9.35448
12 -5 -9.32902
12 -4 -9.30536
12 -3 -9.2696
12 -2 -9.24297
12 -1 -9.17842
12 0 -9.15698
12 1 -9.13095
12 2 -9.12552
12 3 -9.2783
12 4 -9.5969
12 5 -9.88141
12 6 -10.1984
12 7 -10.5508
12 8 -10.8977
12 9 -11.1921
12 10 -11.5451
12 11 -11.8184
12 12 -12.1243
12 13 -12.4017
12 14 -12.6991
12 15 -12.9556
12 16 -13.2241
12 17 -13.4786
12 18 -13.7048
12 19 -13.9651
12 20 -14.2219
12 21 -14.4504
12 22 -14.6674
12 23 -14.8901
12 24 -15.1277
12 25 -15.318
12 26 -15.5153
12 27 -15.7413
12 28 -15.9416
12 29 -16.1229
12 30 -16.2949
12 31 -16.4677
12 32 -16.6529
12 33 -16.8381
12 34 -16.9857
12 35 -17.1499
12 36 -17.3146
12 37 -17.4703
12 38 -17.6267
12 39 -17.7552
12 40 -17.889
13 -10 -9.49135
13 -9 -9.46809
13 -8 -9.44634
13 -7 -9.41552
13 -6 -9.38827
13 -5 -9.37016
13 -4 -9.33439
13 -3 -9.3158
13 -2 -9.27035
13 -1 -9.19789
13 0 -9.19284
13 1 -9.15783
13 2 -9.16267
13 3 -9.34296
13 4 -9.60087
13 5 -9.92364
13 6 -10.2244
13 7 -10.5741
13 8 -10.9113
13 9 -11.2378
13 10 -11.5388
13 11 -11.8535
13 12 -12.1875
13 13 -12.4388
13 14 -12.7162
13 15 -12.994
13 16 -13.2741
13 17 -13.5085
13 18 -13.7552
13 19 -14.0202
13 20 -14.2342
13 21 -14.4848
13 22 -14.7244
13 23 -14.9416
13 24 -15.142
13 25 -15.3615
13 26 -15.5744
13 27 -15.7567
13 28 -15.941
13 29 -16.1667
13 30 -16.3331
13 31 -16.5116
13 32 -16.6863
13 33 -16.8612
13 34 -17.0504
13 35 -17.1855
13 36 -17.3463
13 37 -17.5047
13 38 -17.6482
13 39 -17.8019
13 40 -17.935
14 -10 -9.53374
14 -9 -9.50526
14 -8 -9.46043
14 -7 -9.44038
14 -6 -9.43279
14 -5 -9.40711
14 -4 -9.38202
14 -3 -9.34629
14 -2 -9.31396
14 -1 -9.25517
14 0 -9.22109
14 1 -9.16379
14 2 -9.20985
14 3 -9.35373
14 4 -9.63876
14 5 -9.93238
14 6 -10.2787
14 7 -10.6032
14 8 -10.9625
14 9 -11.2499
14 10 -11.6054
14 11 -11.8837
14 12 -12.187
14 13 -12.4687
14 14 -12.7529
14 15 -13.0449
14 16 -13.2747
14 17 -13.5301
14 18 -13.7944
14 19 -14.0346
14 20 -14.2704
14 21 -14.4994
14 22 -14.7394
14 23 -14.97
14 24 -15.1889
14 25 -15.3724
14 26 -15.602
14 27 -15.8074
14 28 -15.9972
14 29 -16.1973
14 30 -16.3678
14 31 -16.5472
14 32 -16.7252
14 33 -16.9095
14 34 -17.0625
14 35 -17.2246
14 36 -17.381
14 37 -17.5354
14 38 -17.7014
14 39 -17.8309
14 40 -17.9609
15 -10 -9.56192
15 -9 -9.53187
15 -8 -9.52317
15 -7 -9.48542
15 -6 -9.45738
15 -5 -9.42012
15 -4 -9.39926
15 -3 -9.35633
15 -2 -9.32984
15 -1 -9.29888
15 0 -9.2478
15 1 -9.20453
15 2 -9.22957
15 3 -9.40639
15 4 -9.68015
15 5 -10.0032
15 6 -10.3071
15 7 -10.6221
15 8 -11.0037
15 9 -11.2882
15 10 -11.5992
15 11 -11.9073
15 12 -12.2224
15 13 -12.4858
15 14 -12.7998
15 15 -13.0422
15 16 -13.3247
15 17 -13.5615
15 18 -13.8069
15 19 -14.0691
15 20 -14.3265
15 21 -14.5366
15 22 -14.7552
15 23 -14.9879
15 24 -15.1977
15 25 -15.4238
15 26 -15.6282
15 27 -15.8361
15 28 -16.027
15 29 -16.2027
15 30 -16.386
15 31 -16.591
15 32 -16.7556
15 33 -16.9229
15 34 -17.0716
15 35 -17.2684
15 36 -17.4128
15 37 -17.5761
15 38 -17.7334
15 39 -17.8566
15 40 -18.0142
16 -10 -9.59239
16 -9 -9.56557
16 -8 -9.52689
16 -7 -9.49166
16 -6 -9.48813
16 -5 -9.46055
16 -4 -9.42972
16 -3 -9.39826
16 -2 -9.36001
16 -1 -9.3075
16 0 -9.28776
16 1 -9.23658
16 2 -9.25551
16 3 -9.40254
16 4 -9.69503
16 5 -9.99175
16 6 -10.3228
16 7 -10.6864
16 8 -10.9703
16 9 -11.3549
16 10 -11.6366
16 11 -11.9584
16 12 -12.2381
16 13 -12.5416
16 14 -12.8101
16 15 -13.0794
16 16 -13.3476
16 17 -13.6115
16 18 -13.8536
16 19 -14.1092
16 20 -14.3334
16 21 -14.5724
16 22 -14.8023
16 23 -15.0284
16 24 -15.2353
16 25 -15.4579
16 26 -15.659
16 27 -15.8441
16 28 -16.0375
16 29 -16.2283
16 30 -16.4278
16 31 -16.6115
16 32 -16.7731
16 33 -16.9633
16 34 -17.1154
16 35 -17.2873
16 36 -17.4539
16 37 -17.6101
16 38 -17.7423
16 39 -17.8892
16 40 -18.0416
17 -10 -9.61493
17 -9 -9.58841
17 -8 -9.55737
17 -7 -9.53714
17 -6 -9.5034
17 -5 -9.48138
17 -4 -9.45548
17 -3 -9.4067
17 -2 -9.38448
17 -1 -9.33424
17 0 -9.31024
17 1 -9.25012
17 2 -9.29251
17 3 -9.47969
17 4 -9.71668
17 5 -10.0338
17 6 -10.3702
17 7 -10.7081
17 8 -11.035
17 9 -11.3712
17 10 -11.675
17 11 -11.991
17 12 -12.2778
17 13 -12.5615
17 14 -12.8421
17 15 -13.118
17 16 -13.3672
17 17 -13.6461
17 18 -13.903
17 19 -14.1244
17 20 -14.3846
17 21 -14.6269
17 22 -14.8373
17 23 -15.0507
17 24 -15.272
17 25 -15.4539
17 26 -15.6707
17 27 -15.8681
17 28 -16.0789
17 29 -16.2587
17 30 -16.4527
17 31 -16.6284
17 32 -16.8209
17 33 -16.9765
17 34 -17.153
17 35 -17.2994
17 36 -17.4776
17 37 -17.625
17 38 -17.7764
17 39 -17.9134
17 40 -18.0585
18 -10 -9.64795
18 -9 -9.60262
18 -8 -9.59408
18 -7 -9.55992
18 -6 -9.54932
18 -5 -9.49875
18 -4 -9.46488
18 -3 -9.43021
18 -2 -9.40169
18 -1 -9.35021
18 0 -9.33932
18 1 -9.29755
18 2 -9.29973
18 3 -9.4742
18 4 -9.76457
18 5 -10.0593
18 6 -10.4287
18 7 -10.7401
18 8 -11.0472
18 9 -11.3737
18 10 -11.6878
18 11 -12.0038
18 12 -12.3029
18 13 -12.5908
18 14 -12.8663
18 15 -13.1463
18 16 -13.4121
18 17 -13.664
18 18 -13.8937
18 19 -14.1448
18 20 -14.3884
18 21 -14.6447
18 22 -14.8874
18 23 -15.0762
18 24 -15.2843
18 25 -15.5029
18 26 -15.6992
18 27 -15.8946
18 28 -16.0737
18 29 -16.2882
18 30 -16.4813
18 31 -16.6508
18 32 -16.847
18 33 -17.0066
18 34 -17.1744
18 35 -17.3362
18 36 -17.4854
18 37 -17.6348
18 38 -17.8031
18 39 -17.9222
18 40 -18.0893
19 -10 -9.66558
19 -9 -9.64284
19 -8 -9.61673
19 -7 -9.60374
19 -6 -9.55416
19 -5 -9.53331
19 -4 -9.48776
19 -3 -9.46034
19 -2 -9.43974
19 -1 -9.39968
19 0 -9.36137
19 1 -9.33139
19 2 -9.33328
19 3 -9.51402
19 4 -9.77567
19 5 -10.0809
19 6 -10.4015
19 7 -10.7532
19 8 -11.0937
19 9 -11.4084
19 10 -11.7502
19 11 -12.0436
19 12 -12.3136
19 13 -12.6103
19 14 -12.8763
19 15 -13.1683
19 16 -13.4262
19 17 -13.6798
19 18 -13.9315
19 19 -14.1809
19 20 -14.4217
19 21 -14.6514
19 22 -14.8822
19 23 -15.0854
19 24 -15.3217
19 25 -15.5015
19 26 -15.721
19 27 -15.915
19 28 -16.1163
19 29 -16.3201
19 30 -16.5109
19 31 -16.6723
19 32 -16.8587
19 33 -17.0146
19 34 -17.1917
19 35 -17.3605
19 36 -17.5156
19 37 -17.6833
19 38 -17.8275
19 39 -17.9692
19 40 -18.1053
20 -10 -9.6967
20 -9 -9.65893
20 -8 -9.63163
20 -7 -9.5949
20 -6 -9.5824
20 -5 -9.5739
20 -4 -9.52029
20 -3 -9.50244
20 -2 -9.45624
20 -1 -9.41256
20 0 -9.37694
20 1 -9.33374
20 2 -9.38018
20 3 -9.53345
20 4 -9.79481
20 5 -10.1278
20 6 -10.4322
20 7 -10.7781
20 8 -11.094
20 9 -11.4043
20 10 -11.7469
20 11 -12.0524
20 12 -12.3314
20 13 -12.6325
20 14 -12.9057
20 15 -13.1918
20 16 -13.4595
20 17 -13.7141
20 18 -13.9702
20 19 -14.2077
20 20 -14.4372
20 21 -14.6781
20 22 -14.8854
20 23 -15.1209
20 24 -15.3269
20 25 -15.5588
20 26 -15.7487
20 27 -15.9693
20 28 -16.164
20 29 -16.3356
20 30 -16.5311
20 31 -16.6941
20 32 -16.8882
20 33 -17.0503
20 34 -17.2266
20 35 -17.3883
20 36 -17.536
20 37 -17.691
20 38 -17.8376
20 39 -17.9994
20 40 -18.1076
21 -10 -9.70567
21 -9 -9.69772
21 -8 -9.66206
21 -7 -9.63763
21 -6 -9.59687
21 -5 -9.59141
21 -4 -9.55785
21 -3 -9.50895
21 -2 -9.47231
21 -1 -9.43015
21 0 -9.40891
21 1 -9.35755
21 2 -9.38258
21 3 -9.56749
21 4 -9.83221
21 5 -10.1431
21 6 -10.456
21 7 -10.7905
21 8 -11.1052
21 9 -11.4354
21 10 -11.7524
21 11 -12.0528
21 12 -12.3623
21 13 -12.6528
21 14 -12.931
21 15 -13.2278
21 16 -13.4806
21 17 -13.7443
21 18 -13.9885
21 19 -14.2389
21 20 -14.4684
21 21 -14.7047
21 22 -14.9131
21 23 -15.1471
21 24 -15.3529
21 25 -15.575
21 26 -15.7803
21 27 -15.9712
21 28 -16.1791
21 29 -16.3618
21 30 -16.5424
21 31 -16.7341
21 32 -16.9168
21 33 -17.079
21 34 -17.2522
21 35 -17.4167
21 36 -17.5561
21 37 -17.7173
21 38 -17.8641
21 39 -18.0144
21 40 -18.16
22 -10 -9.73123
22 -9 -9.70201
22 -8 -9.67474
22 -7 -9.64099
22 -6 -9.63056
22 -5 -9.60128
22 -4 -9.57048
22 -3 -9.53175
22 -2 -9.49979
22 -1 -9.484
22 0 -9.42439
22 1 -9.37606
22 2 -9.40014
22 3 -9.57507
22 4 -9.82501
22 5 -10.1713
22 6 -10.465
22 7 -10.8195
22 8 -11.1751
22 9 -11.4545
22 10 -11.7828
22 11 -12.0887
22 12 -12.3824
22 13 -12.7035
22 14 -12.9497
22 15 -13.2158
22 16 -13.5211
22 17 -13.7603
22 18 -14.0042
22 19 -14.2697
22 20 -14.473
22 21 -14.7194
22 22 -14.9614
22 23 -15.1701
22 24 -15.3897
22 25 -15.6086
22 26 -15.771
22 27 -15.9867
22 28 -16.1934
22 29 -16.3818
22 30 -16.5645
22 31 -16.7448
22 32 -16.9304
22 33 -17.1037
22 34 -17.2727
22 35 -17.4323
22 36 -17.588
22 37 -17.7301
22 38 -17.8951
22 39 -18.0264
22 40 -18.1892
23 -10 -9.74689
23 -9 -9.71802
23 -8 -9.69321
23 -7 -9.64413
23 -6 -9.64174
23 -5 -9.63186
23 -4 -9.58055
23 -3 -9.56526
23 -2 -9.53301
23 -1 -9.4961
23 0 -9.45995
23 1 -9.40876
23 2 -9.43396
23 3 -9.60016
23 4 -9.87572
23 5 -10.1911
23 6 -10.5036
23 7 -10.8236
23 8 -11.1789
23 9 -11.4826
23 10 -11.7996
23 11 -12.0967
23 12 -12.3992
23 13 -12.6961
23 14 -12.987
23 15 -13.2577
23 16 -13.5184
23 17 -13.7702
23 18 -14.0353
23 19 -14.271
23 20 -14.5061
23 21 -14.7552
23 22 -14.9855
23 23 -15.1891
23 24 -15.3938
23 25 -15.6066
23 26 -15.8242
23 27 -16.0207
23 28 -16.2205
23 29 -16.4066
23 30 -16.5925
23 31 -16.7828
23 32 -16.9456
23 33 -17.1168
23 34 -17.2794
23 35 -17.4439
23 36 -17.6113
23 37 -17.7602
23 38 -17.903
23 39 -18.064
23 40 -18.1772
24 -10 -9.76099
24 -9 -9.74283
24 -8 -9.71362
24 -7 -9.67235
24 -6 -9.66517
24 -5 -9.65664
24 -4 -9.60931
24 -3 -9.57774
24 -2 -9.55014
24 -1 -9.52219
24 0 -9.48483
24 1 -9.43639
24 2 -9.4466
24 3 -9.62428
24 4 -9.90753
24 5 -10.2072
24 6 -10.5284
24 7 -10.8757
24 8 -11.1729
24 9 -11.5309
24 10 -11.8126
24 11 -12.1733
24 12 -12.4426
24 13 -12.7196
24 14 -13.0052
24 15 -13.2802
24 16 -13.5476
24 17 -13.8109
24 18 -14.0541
24 19 -14.2811
24 20 -14.5179
24 21 -14.7339
24 22 -15.0001
24 23 -15.2034
24 24 -15.4341
24 25 -15.6467
24 26 -15.8512
24 27 -16.0451
24 28 -16.2425
24 29 -16.4305
24 30 -16.6171
24 31 -16.7997
24 32 -16.9572
24 33 -17.1308
24 34 -17.3045
24 35 -17.4638
24 36 -17.6365
24 37 -17.79
24 38 -17.9296
24 39 -18.0658
24 40 -18.2193
25 -10 -9.80586
25 -9 -9.7629
25 -8 -9.73752
25 -7 -9.71028
25 -6 -9.69161
25 -5 -9.65255
25 -4 -9.63646
25 -3 -9.60681
25 -2 -9.56465
25 -1 -9.52833
25 0 -9.50372
25 1 -9.47694
25 2 -9.48138
25 3 -9.65354
25 4 -9.90694
25 5 -10.2433
25 6 -10.5396
25 7 -10.9032
25 8 -11.2158
25 9 -11.529
25 10 -11.8739
25 11 -12.1616
25 12 -12.4495
25 13 -12.7437
25 14 -13.0227
25 15 -13.299
25 16 -13.5587
25 17 -13.8293
25 18 -14.0562
25 19 -14.3013
25 20 -14.5471
25 21 -14.7936
25 22 -15.0171
25 23 -15.2359
25 24 -15.4314
25 25 -15.6567
25 26 -15.867
25 27 -16.0515
25 28 -16.2542
25 29 -16.4286
25 30 -16.6311
25 31 -16.8055
25 32 -16.9836
25 33 -17.1526
25 34 -17.3249
25 35 -17.5027
25 36 -17.6509
25 37 -17.8017
25 38 -17.9508
25 39 -18.1022
25 40 -18.2314
26 -10 -9.79838
26 -9 -9.78075
26 -8 -9.75469
26 -7 -9.73648
26 -6 -9.71388
26 -5 -9.68271
26 -4 -9.67014
26 -3 -9.61188
26 -2 -9.57952
26 -1 -9.53873
26 0 -9.52081
26 1 -9.46146
26 2 -9.48814
26 3 -9.64966
26 4 -9.91868
26 5 -10.2479
26 6 -10.5586
26 7 -10.9035
26 8 -11.2493
26 9 -11.5566
26 10 -11.8841
26 11 -12.1919
26 12 -12.4833
26 13 -12.7641
26 14 -13.0634
26 15 -13.3284
26 16 -13.5691
26 17 -13.8349
26 18 -14.0904
26 19 -14.3373
26 20 -14.5792
26 21 -14.7997
26 22 -15.0267
26 23 -15.2583
26 24 -15.466
26 25 -15.6802
26 26 -15.8756
26 27 -16.0687
26 28 -16.2842
26 29 -16.4681
26 30 -16.6604
26 31 -16.8236
26 32 -17.0025
26 33 -17.1803
26 34 -17.3607
26 35 -17.4962
26 36 -17.6655
26 37 -17.8376
26 38 -17.9787
26 39 -18.1196
26 40 -18.2578
27 -10 -9.82801
27 -9 -9.78927
27 -8 -9.77661
27 -7 -9.75078
27 -6 -9.70505
27 -5 -9.68501
27 -4 -9.66827
27 -3 -9.64691
27 -2 -9.61063
27 -1 -9.56781
27 0 -9.53794
27 1 -9.5002
27 2 -9.51143
27 3 -9.69304
27 4 -9.93982
27 5 -10.2536
27 6 -10.5822
27 7 -10.9035
27 8 -11.2771
27 9 -11.5642
27 10 -11.8866
27 11 -12.1972
27 12 -12.4797
27 13 -12.7832
27 14 -13.065
27 15 -13.3495
27 16 -13.6116
27 17 -13.8473
27 18 -14.1061
27 19 -14.3439
27 20 -14.5896
27 21 -14.8246
27 22 -15.0375
27 23 -15.2519
27 24 -15.4962
27 25 -15.7046
27 26 -15.8927
27 27 -16.0965
27 28 -16.305
27 29 -16.483
27 30 -16.6539
27 31 -16.8549
27 32 -17.0276
27 33 -17.2013
27 34 -17.348
27 35 -17.5281
27 36 -17.6914
27 37 -17.8348
27 38 -17.9778
27 39 -18.129
27 40 -18.2655
28 -10 -9.83913
28 -9 -9.8265
28 -8 -9.79748
28 -7 -9.77361
28 -6 -9.74381
28 -5 -9.70295
28 -4 -9.6847
28 -3 -9.65926
28 -2 -9.60985
28 -1 -9.58868
28 0 -9.5475
28 1 -9.50942
28 2 -9.53285
28 3 -9.68587
28 4 -9.96112
28 5 -10.2795
28 6 -10.6064
28 7 -10.9294
28 8 -11.2857
28 9 -11.581
28 10 -11.8764
28 11 -12.2046
28 12 -12.4876
28 13 -12.7914
28 14 -13.0829
28 15 -13.3539
28 16 -13.6204
28 17 -13.8836
28 18 -14.1398
28 19 -14.3579
28 20 -14.609
28 21 -14.8332
28 22 -15.0552
28 23 -15.2821
28 24 -15.4924
28 25 -15.7054
28 26 -15.9116
28 27 -16.1107
28 28 -16.3137
28 29 -16.511
28 30 -16.689
28 31 -16.867
28 32 -17.0332
28 33 -17.2255
28 34 -17.3823
28 35 -17.5397
28 36 -17.7069
28 37 -17.8458
28 38 -18.0078
28 39 -18.1464
28 40 -18.2963
29 -10 -9.84624
29 -9 -9.82733
29 -8 -9.79606
29 -7 -9.77599
29 -6 -9.75302
29 -5 -9.7216
29 -4 -9.68624
29 -3 -9.67643
29 -2 -9.63889
29 -1 -9.59073
29 0 -9.58356
29 1 -9.51319
29 2 -9.52845
29 3 -9.70999
29 4 -9.98131
29 5 -10.3093
29 6 -10.6252
29 7 -10.9454
29 8 -11.2869
29 9 -11.6072
29 10 -11.9475
29 11 -12.2269
29 12 -12.5027
29 13 -12.812
29 14 -13.0792
29 15 -13.384
29 16 -13.6354
29 17 -13.8716
29 18 -14.1526
29 19 -14.4003
29 20 -14.6276
29 21 -14.8667
29 22 -15.0726
29 23 -15.2964
29 24 -15.5041
29 25 -15.7192
29 26 -15.9406
29 27 -16.1323
29 28 -16.3273
29 29 -16.5117
29 30 -16.6941
29 31 -16.8698
29 32 -17.0566
29 33 -17.2164
29 34 -17.3918
29 35 -17.5571
29 36 -17.7164
29 37 -17.8695
29 38 -18.0347
29 39 -18.1518
29 40 -18.2998
30 -10 -9.85684
30 -9 -9.83592
30 -8 -9.82244
30 -7 -9.77883
30 -6 -9.76929
30 -5 -9.74651
30 -4 -9.71947
30 -3 -9.70291
30 -2 -9.64493
30 -1 -9.60761
30 0 -9.59037
30 1 -9.5381
30 2 -9.55528
30 3 -9.71496
30 4 -9.99053
30 5 -10.3133
30 6 -10.6395
30 7 -10.9741
30 8 -11.311
30 9 -11.6259
30 10 -11.9436
30 11 -12.2534
30 12 -12.5388
30 13 -12.8471
30 14 -13.1172
30 15 -13.386
30 16 -13.6513
30 17 -13.8948
30 18 -14.1759
30 19 -14.4208
30 20 -14.6399
30 21 -14.8612
30 22 -15.0966
30 23 -15.3212
30 24 -15.5353
30 25 -15.7321
30 26 -15.9472
30 27 -16.1311
30 28 -16.3452
30 29 -16.5406
30 30 -16.6958
30 31 -16.9012
30 32 -17.0756
30 33 -17.2336
30 34 -17.4277
30 35 -17.5786
30 36 -17.7286
30 37 -17.881
30 38 -18.0452
30 39 -18.1844
30 40 -18.322
31 -10 -9.88157
31 -9 -9.85134
31 -8 -9.83654
31 -7 -9.80224
31 -6 -9.78525
31 -5 -9.76585
31 -4 -9.74578
31 -3 -9.71151
31 -2 -9.66459
31 -1 -9.62739
31 0 -9.59746
31 1 -9.57148
31 2 -9.58433
31 3 -9.74484
31 4 -10.0232
31 5 -10.3279
31 6 -10.6549
31 7 -10.981
31 8 -11.2939
31 9 -11.6386
31 10 -11.9685
31 11 -12.2638
31 12 -12.5576
31 13 -12.8652
31 14 -13.1169
31 15 -13.3955
31 16 -13.6739
31 17 -13.9291
31 18 -14.1959
31 19 -14.4313
31 20 -14.6619
31 21 -14.8897
31 22 -15.1144
31 23 -15.3317
31 24 -15.5541
31 25 -15.7564
31 26 -15.9695
31 27 -16.1646
31 28 -16.3697
31 29 -16.5593
31 30 -16.7534
31 31 -16.9226
31 32 -17.0843
31 33 -17.2734
31 34 -17.4291
31 35 -17.5882
31 36 -17.7438
31 37 -17.9166
31 38 -18.0584
31 39 -18.2038
31 40 -18.329
32 -10 -9.88122
32 -9 -9.8677
32 -8 -9.83943
32 -7 -9.81918
32 -6 -9.81615
32 -5 -9.77019
32 -4 -9.74811
32 -3 -9.72194
32 -2 -9.68972
32 -1 -9.63999
32 0 -9.61715
32 1 -9.58427
32 2 -9.59991
32 3 -9.75188
32 4 -10.0142
32 5 -10.327
32 6 -10.67
32 7 -11.0135
32 8 -11.3197
32 9 -11.653
32 10 -11.9872
32 11 -12.2759
32 12 -12.5717
32 13 -12.8782
32 14 -13.1501
32 15 -13.4347
32 16 -13.6874
32 17 -13.9365
32 18 -14.1924
32 19 -14.4253
32 20 -14.6687
32 21 -14.9025
32 22 -15.1321
32 23 -15.3547
32 24 -15.5738
32 25 -15.774
32 26 -15.9771
32 27 -16.186
32 28 -16.3679
32 29 -16.5662
32 30 -16.7609
32 31 -16.9267
32 32 -17.1092
32 33 -17.2845
32 34 -17.4485
32 35 -17.6142
32 36 -17.7604
32 37 -17.9148
32 38 -18.0681
32 39 -18.2101
32 40 -18.3509
33 -10 -9.90086
33 -9 -9.89272
33 -8 -9.84339
33 -7 -9.83157
33 -6 -9.80567
33 -5 -9.77715
33 -4 -9.77548
33 -3 -9.71622
33 -2 -9.69648
33 -1 -9.65876
33 0 -9.62648
33 1 -9.5807
33 2 -9.60068
33 3 -9.76752
33 4 -10.0692
33 5 -10.3562
33 6 -10.6756
33 7 -11.0191
33 8 -11.3492
33 9 -11.6812
33 10 -11.9743
33 11 -12.284
33 12 -12.6016
33 13 -12.8825
33 14 -13.1663
33 15 -13.4452
33 16 -13.7219
33 17 -13.9543
33 18 -14.1956
33 19 -14.4584
33 20 -14.7
33 21 -14.9267
33 22 -15.1698
33 23 -15.3639
33 24 -15.5802
33 25 -15.7909
33 26 -15.9901
33 27 -16.1882
33 28 -16.384
33 29 -16.5846
33 30 -16.7668
33 31 -16.952
33 32 -17.1319
33 33 -17.2815
33 34 -17.4672
33 35 -17.6181
33 36 -17.781
33 37 -17.9393
33 38 -18.0809
33 39 -18.2255
33 40 -18.3533
34 -10 -9.9159
34 -9 -9.89446
34 -8 -9.86705
34 -7 -9.85164
34 -6 -9.81874
34 -5 -9.81446
34 -4 -9.77536
34 -3 -9.75312
34 -2 -9.71423
34 -1 -9.68694
34 0 -9.64273
34 1 -9.59997
34 2 -9.61716
34 3 -9.79996
34 4 -10.0705
34 5 -10.377
34 6 -10.7042
34 7 -11.0399
34 8 -11.3518
34 9 -11.6946
34 10 -11.9915
34 11 -12.3144
34 12 -12.6164
34 13 -12.8916
34 14 -13.1738
34 15 -13.4528
34 16 -13.7263
34 17 -13.971
34 18 -14.2285
34 19 -14.4799
34 20 -14.7077
34 21 -14.9346
34 22 -15.1669
34 23 -15.3854
34 24 -15.5985
34 25 -15.8014
34 26 -16.0144
34 27 -16.2137
34 28 -16.411
34 29 -16.5941
34 30 -16.7929
34 31 -16.9493
34 32 -17.1424
34 33 -17.3049
34 34 -17.4781
34 35 -17.6342
34 36 -17.8006
34 37 -17.9473
34 38 -18.0801
34 39 -18.2477
34 40 -18.3813
35 -10 -9.9304
35 -9 -9.90263
35 -8 -9.88678
35 -7 -9.8561
35 -6 -9.84333
35 -5 -9.82098
35 -4 -9.78289
35 -3 -9.7583
35 -2 -9.74481
35 -1 -9.69642
35 0 -9.65698
35 1 -9.624
35 2 -9.6265
35 3 -9.79507
35 4 -10.0606
35 5 -10.3898
35 6 -10.7152
35 7 -11.0542
35 8 -11.3919
35 9 -11.7216
35 10 -11.9927
35 11 -12.3211
35 12 -12.6171
35 13 -12.9098
35 14 -13.1859
35 15 -13.4553
35 16 -13.717
35 17 -13.9954
35 18 -14.2564
35 19 -14.4787
35 20 -14.7144
35 21 -14.9324
35 22 -15.1667
35 23 -15.3879
35 24 -15.6119
35 25 -15.822
35 26 -16.0213
35 27 -16.2232
35 28 -16.4145
35 29 -16.6045
35 30 -16.7914
35 31 -16.9715
35 32 -17.1405
35 33 -17.3129
35 34 -17.4857
35 35 -17.6491
35 36 -17.8026
35 37 -17.9571
35 38 -18.1092
35 39 -18.2504
35 40 -18.3979
36 -10 -9.94427
36 -9 -9.92222
36 -8 -9.89437
36 -7 -9.86557
36 -6 -9.84275
36 -5 -9.82766
36 -4 -9.80309
36 -3 -9.77521
36 -2 -9.7343
36 -1 -9.69788
36 0 -9.66152
36 1 -9.62712
36 2 -9.6391
36 3 -9.80818
36 4 -10.0832
36 5 -10.3999
36 6 -10.7128
36 7 -11.0825
36 8 -11.38
36 9 -11.724
36 10 -12.0267
36 11 -12.3284
36 12 -12.635
36 13 -12.9094
36 14 -13.2004
36 15 -13.4805
36 16 -13.7521
36 17 -13.9899
36 18 -14.221
36 19 -14.4936
36 20 -14.7328
36 21 -14.9599
36 22 -15.1775
36 23 -15.4087
36 24 -15.6195
36 25 -15.8347
36 26 -16.0503
36 27 -16.2336
36 28 -16.4312
36 29 -16.6275
36 30 -16.8023
36 31 -16.9809
36 32 -17.1504
36 33 -17.3212
36 34 -17.4887
36 35 -17.6514
36 36 -17.8354
36 37 -17.9725
36 38 -18.1173
36 39 -18.2619
36 40 -18.4017
37 -10 -9.94864
37 -9 -9.93004
37 -8 -9.90283
37 -7 -9.88402
37 -6 -9.85828
37 -5 -9.83435
37 -4 -9.81058
37 -3 -9.77176
37 -2 -9.76204
37 -1 -9.70278
37 0 -9.68907
37 1 -9.63265
37 2 -9.6488
37 3 -9.8561
37 4 -10.097
37 5 -10.4258
37 6 -10.7562
37 7 -11.0811
37 8 -11.4102
37 9 -11.723
37 10 -12.0443
37 11 -12.3575
37 12 -12.6324
37 13 -12.9167
37 14 -13.2061
37 15 -13.4836
37 16 -13.7471
37 17 -14.0141
37 18 -14.2605
37 19 -14.5153
37 20 -14.7255
37 21 -14.9645
37 22 -15.2027
37 23 -15.4204
37 24 -15.638
37 25 -15.8579
37 26 -16.0283
37 27 -16.2282
37 28 -16.4365
37 29 -16.6263
37 30 -16.818
37 31 -16.9918
37 32 -17.1797
37 33 -17.3307
37 34 -17.4962
37 35 -17.6613
37 36 -17.8223
37 37 -17.9838
37 38 -18.1313
37 39 -18.2728
37 40 -18.4171
38 -10 -9.94681
38 -9 -9.93644
38 -8 -9.91682
38 -7 -9.88899
38 -6 -9.85496
38 -5 -9.85965
38 -4 -9.82316
38 -3 -9.80188
38 -2 -9.75401
38 -1 -9.71069
38 0 -9.70732
38 1 -9.65668
38 2 -9.6593
38 3 -9.86561
38 4 -10.1104
38 5 -10.4325
38 6 -10.7565
38 7 -11.0852
38 8 -11.4101
38 9 -11.7346
38 10 -12.0515
38 11 -12.3511
38 12 -12.6743
38 13 -12.9268
38 14 -13.2223
38 15 -13.4928
38 16 -13.7827
38 17 -14.0176
38 18 -14.2884
38 19 -14.5126
38 20 -14.7611
38 21 -14.977
38 22 -15.2186
38 23 -15.4291
38 24 -15.6469
38 25 -15.8394
38 26 -16.0552
38 27 -16.2521
38 28 -16.4479
38 29 -16.647
38 30 -16.8271
38 31 -16.9998
38 32 -17.1843
38 33 -17.3517
38 34 -17.5114
38 35 -17.683
38 36 -17.8449
38 37 -17.9924
38 38 -18.1386
38 39 -18.2709
38 40 -18.4303
39 -10 -9.96135
39 -9 -9.94796
39 -8 -9.92668
39 -7 -9.90237
39 -6 -9.87419
39 -5 -9.86134
39 -4 -9.83279
39 -3 -9.81127
39 -2 -9.7718
39 -1 -9.76471
39 0 -9.71261
39 1 -9.67096
39 2 -9.68417
39 3 -9.86657
39 4 -10.1089
39 5 -10.4403
39 6 -10.7664
39 7 -11.1073
39 8 -11.4402
39 9 -11.7394
39 10 -12.0575
39 11 -12.3641
39 12 -12.6689
39 13 -12.9595
39 14 -13.233
39 15 -13.5131
39 16 -13.7657
39 17 -14.0321
39 18 -14.28
39 19 -14.5283
39 20 -14.7641
39 21 -14.9923
39 22 -15.2192
39 23 -15.4383
39 24 -15.6571
39 25 -15.8614
39 26 -16.0741
39 27 -16.2781
39 28 -16.4624
39 29 -16.6503
39 30 -16.8292
39 31 -17.0203
39 32 -17.1974
39 33 -17.3536
39 34 -17.5272
39 35 -17.6968
39 36 -17.8473
39 37 -18.0082
39 38 -18.1563
39 39 -18.2958
39 40 -18.4338
40 -10 -9.96195
40 -9 -9.95407
40 -8 -9.92171
40 -7 -9.90515
40 -6 -9.89058
40 -5 -9.86641
40 -4 -9.84078
40 -3 -9.82962
40 -2 -9.78039
40 -1 -9.74926
40 0 -9.70905
40 1 -9.66966
40 2 -9.68631
40 3 -9.86774
40 4 -10.1436
40 5 -10.4465
40 6 -10.7748
40 7 -11.1302
40 8 -11.4635
40 9 -11.7504
40 10 -12.0809
40 11 -12.3828
40 12 -12.681
40 13 -12.9636
40 14 -13.2557
40 15 -13.5057
40 16 -13.7851
40 17 -14.0503
40 18 -14.2943
40 19 -14.5325
40 20 -14.7653
40 21 -15.0044
40 22 -15.2408
40 23 -15.4394
40 24 -15.665
40 25 -15.8717
40 26 -16.0626
40 27 -16.2737
40 28 -16.4545
40 29 -16.6586
40 30 -16.8548
40 31 -17.0231
40 32 -17.2095
40 33 -17.3617
40 34 -17.5562
40 35 -17.7051
40 36 -17.8577
40 37 -18.0154
40 38 -18.1509
40 39 -18.3151
40 40 -18.4439
