-10 -10 -11.2396
-10 -9 -11.2552
-10 -8 -11.2142
-10 -7 -11.2118
-10 -6 -11.2103
-10 -5 -11.1974
-10 -4 -11.1691
-10 -3 -11.1482
-10 -2 -11.1285
-10 -1 -11.1038
-10 0 -11.1035
-10 1 -11.063
-10 2 -11.1056
-10 3 -11.291
-10 4 -11.5841
-10 5 -11.8982
-10 6 -12.1815
-10 7 -12.5065
-10 8 -12.835
-10 9 -13.1901
-10 10 -13.479
-10 11 -13.7913
-10 12 -14.0932
-10 13 -14.3595
-10 14 -14.6638
-10 15 -14.9264
-10 16 -15.1888
-10 17 -15.4212
-10 18 -15.6762
-10 19 -15.9172
-10 20 -16.1606
-10 21 -16.3937
-10 22 -16.5988
-10 23 -16.8118
-10 24 -17.0329
-10 25 -17.2062
-10 26 -17.375
-10 27 -17.5743
-10 28 -17.7647
-10 29 -17.9022
-10 30 -18.087
-10 31 -18.2345
-10 32 -18.4097
-10 33 -18.5599
-10 34 -18.7022
-10 35 -18.8244
-10 36 -18.9647
-10 37 -19.1026
-10 38 -19.2248
-10 39 -19.3417
-10 40 -19.46
-9 -10 -11.2662
-9 -9 -11.2349
-9 -8 -11.2328
-9 -7 -11.1905
-9 -6 -11.1894
-9 -5 -11.1606
-9 -4 -11.1598
-9 -3 -11.1421
-9 -2 -11.0784
-9 -1 -11.0931
-9 0 -11.0553
-9 1 -11.0257
-9 2 -11.0627
-9 3 -11.2798
-9 4 -11.5415
-9 5 -11.8386
-9 6 -12.1988
-9 7 -12.4837
-9 8 -12.8599
-9 9 -13.1442
-9 10 -13.445
-9 11 -13.7762
-9 12 -14.0667
-9 13 -14.358
-9 14 -14.613
-9 15 -14.9059
-9 16 -15.1591
-9 17 -15.4163
-9 18 -15.6751
-9 19 -15.9058
-9 20 -16.1326
-9 21 -16.3704
-9 22 -16.5881
-9 23 -16.7826
-9 24 -17.0001
-9 25 -17.199
-9 26 -17.3916
-9 27 -17.5788
-9 28 -17.7458
-9 29 -17.9088
-9 30 -18.0833
-9 31 -18.2467
-9 32 -18.3826
-9 33 -18.5375
-9 34 -18.682
-9 35 -18.8173
-9 36 -18.9554
-9 37 -19.087
-9 38 -19.2194
-9 39 -19.3565
-9 40 -19.4589
-8 -10 -11.223
-8 -9 -11.2139
-8 -8 -11.2143
-8 -7 -11.1948
-8 -6 -11.1677
-8 -5 -11.156
-8 -4 -11.1364
-8 -3 -11.1098
-8 -2 -11.091
-8 -1 -11.0706
-8 0 -11.0367
-8 1 -11.0502
-8 2 -11.0725
-8 3 -11.2432
-8 4 -11.5224
-8 5 -11.8213
-8 6 -12.1539
-8 7 -12.5183
-8 8 -12.8179
-8 9 -13.1414
-8 10 -13.4468
-8 11 -13.7584
-8 12 -14.0581
-8 13 -14.3246
-8 14 -14.6143
-8 15 -14.88
-8 16 -15.1426
-8 17 -15.4148
-8 18 -15.6247
-8 19 -15.8801
-8 20 -16.1232
-8 21 -16.3239
-8 22 -16.5405
-8 23 -16.7699
-8 24 -16.9884
-8 25 -17.1667
-8 26 -17.3547
-8 27 -17.5476
-8 28 -17.7316
-8 29 -17.9107
-8 30 -18.0753
-8 31 -18.2023
-8 32 -18.3684
-8 33 -18.5422
-8 34 -18.6744
-8 35 -18.7895
-8 36 -18.936
-8 37 -19.0778
-8 38 -19.1785
-8 39 -19.3056
-8 40 -19.4177
-7 -10 -11.2155
-7 -9 -11.1957
-7 -8 -11.1858
-7 -7 -11.175
-7 -6 -11.1421
-7 -5 -11.131
-7 -4 -11.1433
-7 -3 -11.0982
-7 -2 -11.0754
-7 -1 -11.0633
-7 0 -11.0638
-7 1 -10.9897
-7 2 -11.0488
-7 3 -11.2447
-7 4 -11.5099
-7 5 -11.7857
-7 6 -12.0698
-7 7 -12.4545
-7 8 -12.7795
-7 9 -13.0739
-7 10 -13.4256
-7 11 -13.7381
-7 12 -14.0183
-7 13 -14.3282
-7 14 -14.6019
-7 15 -14.8783
-7 16 -15.137
-7 17 -15.4001
-7 18 -15.638
-7 19 -15.8635
-7 20 -16.0929
-7 21 -16.3543
-7 22 -16.5217
-7 23 -16.769
-7 24 -16.9332
-7 25 -17.1641
-7 26 -17.3429
-7 27 -17.5311
-7 28 -17.7094
-7 29 -17.8883
-7 30 -18.0285
-7 31 -18.2045
-7 32 -18.3411
-7 33 -18.4881
-7 34 -18.6567
-7 35 -18.7632
-7 36 -18.9347
-7 37 -19.0244
-7 38 -19.1529
-7 39 -19.2706
-7 40 -19.4029
-6 -10 -11.2211
-6 -9 -11.2007
-6 -8 -11.1986
-6 -7 -11.1623
-6 -6 -11.1662
-6 -5 -11.1256
-6 -4 -11.0791
-6 -3 -11.058
-6 -2 -11.0885
-6 -1 -11.0197
-6 0 -11.0106
-6 1 -10.9766
-6 2 -11.0013
-6 3 -11.1742
-6 4 -11.4817
-6 5 -11.7722
-6 6 -12.0981
-6 7 -12.4529
-6 8 -12.7732
-6 9 -13.0721
-6 10 -13.3784
-6 11 -13.7033
-6 12 -13.9838
-6 13 -14.2927
-6 14 -14.5679
-6 15 -14.8607
-6 16 -15.127
-6 17 -15.3503
-6 18 -15.586
-6 19 -15.8538
-6 20 -16.0728
-6 21 -16.3251
-6 22 -16.5074
-6 23 -16.7306
-6 24 -16.9314
-6 25 -17.1359
-6 26 -17.3285
-6 27 -17.4997
-6 28 -17.6911
-6 29 -17.8626
-6 30 -18.0277
-6 31 -18.1747
-6 32 -18.342
-6 33 -18.4855
-6 34 -18.6342
-6 35 -18.7795
-6 36 -18.8856
-6 37 -19.0208
-6 38 -19.1455
-6 39 -19.2955
-6 40 -19.3865
-5 -10 -11.1946
-5 -9 -11.1834
-5 -8 -11.1504
-5 -7 -11.1677
-5 -6 -11.1085
-5 -5 -11.1044
-5 -4 -11.074
-5 -3 -11.0522
-5 -2 -11.0242
-5 -1 -11.0258
-5 0 -10.9767
-5 1 -10.9537
-5 2 -10.9904
-5 3 -11.1685
-5 4 -11.4338
-5 5 -11.7679
-5 6 -12.0788
-5 7 -12.4252
-5 8 -12.759
-5 9 -13.0622
-5 10 -13.4128
-5 11 -13.7019
-5 12 -13.9687
-5 13 -14.2694
-5 14 -14.545
-5 15 -14.8486
-5 16 -15.0539
-5 17 -15.3646
-5 18 -15.5906
-5 19 -15.8045
-5 20 -16.0397
-5 21 -16.3032
-5 22 -16.5213
-5 23 -16.717
-5 24 -16.9201
-5 25 -17.11
-5 26 -17.3385
-5 27 -17.5064
-5 28 -17.6759
-5 29 -17.8431
-5 30 -18.0272
-5 31 -18.1903
-5 32 -18.3217
-5 33 -18.4894
-5 34 -18.6136
-5 35 -18.7384
-5 36 -18.8871
-5 37 -19.0056
-5 38 -19.1262
-5 39 -19.2752
-5 40 -19.3851
-4 -10 -11.2005
-4 -9 -11.1712
-4 -8 -11.154
-4 -7 -11.1319
-4 -6 -11.1132
-4 -5 -11.08
-4 -4 -11.0493
-4 -3 -11.055
-4 -2 -11.011
-4 -1 -10.9574
-4 0 -10.971
-4 1 -10.9565
-4 2 -10.9719
-4 3 -11.157
-4 4 -11.43
-4 5 -11.7277
-4 6 -12.0711
-4 7 -12.3872
-4 8 -12.7223
-4 9 -13.0559
-4 10 -13.3682
-4 11 -13.6881
-4 12 -13.9682
-4 13 -14.2394
-4 14 -14.531
-4 15 -14.8348
-4 16 -15.0892
-4 17 -15.2922
-4 18 -15.577
-4 19 -15.8198
-4 20 -16.0659
-4 21 -16.2705
-4 22 -16.5021
-4 23 -16.6984
-4 24 -16.8981
-4 25 -17.1041
-4 26 -17.3259
-4 27 -17.4863
-4 28 -17.6379
-4 29 -17.8331
-4 30 -17.9751
-4 31 -18.1577
-4 32 -18.3008
-4 33 -18.4463
-4 34 -18.6003
-4 35 -18.741
-4 36 -18.8754
-4 37 -18.9927
-4 38 -19.114
-4 39 -19.2411
-4 40 -19.3852
-3 -10 -11.2009
-3 -9 -11.1688
-3 -8 -11.1472
-3 -7 -11.1379
-3 -6 -11.1194
-3 -5 -11.0836
-3 -4 -11.0935
-3 -3 -11.03
-3 -2 -11.0387
-3 -1 -11.0039
-3 0 -10.9725
-3 1 -10.959
-3 2 -10.9606
-3 3 -11.144
-3 4 -11.4363
-3 5 -11.725
-3 6 -12.088
-3 7 -12.4139
-3 8 -12.7136
-3 9 -13.0204
-3 10 -13.3375
-3 11 -13.6644
-3 12 -13.9512
-3 13 -14.2325
-3 14 -14.5359
-3 15 -14.7964
-3 16 -15.0717
-3 17 -15.3101
-3 18 -15.5726
-3 19 -15.8197
-3 20 -16.0327
-3 21 -16.2697
-3 22 -16.4736
-3 23 -16.7136
-3 24 -16.9095
-3 25 -17.1235
-3 26 -17.2812
-3 27 -17.4791
-3 28 -17.6311
-3 29 -17.8229
-3 30 -17.9833
-3 31 -18.1562
-3 32 -18.3152
-3 33 -18.4663
-3 34 -18.594
-3 35 -18.757
-3 36 -18.8683
-3 37 -18.9941
-3 38 -19.1102
-3 39 -19.2452
-3 40 -19.3762
-2 -10 -11.2083
-2 -9 -11.1806
-2 -8 -11.1871
-2 -7 -11.1196
-2 -6 -11.1215
-2 -5 -11.1019
-2 -4 -11.0923
-2 -3 -11.043
-2 -2 -11.0229
-2 -1 -10.954
-2 0 -10.9363
-2 1 -10.9298
-2 2 -10.9541
-2 3 -11.1315
-2 4 -11.4118
-2 5 -11.7196
-2 6 -12.0771
-2 7 -12.3901
-2 8 -12.7236
-2 9 -13.0433
-2 10 -13.3575
-2 11 -13.6479
-2 12 -13.9973
-2 13 -14.2343
-2 14 -14.5243
-2 15 -14.7979
-2 16 -15.0635
-2 17 -15.3054
-2 18 -15.5527
-2 19 -15.7726
-2 20 -16.0322
-2 21 -16.2555
-2 22 -16.4865
-2 23 -16.6991
-2 24 -16.9143
-2 25 -17.1018
-2 26 -17.2934
-2 27 -17.4936
-2 28 -17.6615
-2 29 -17.8363
-2 30 -18.0003
-2 31 -18.159
-2 32 -18.2948
-2 33 -18.4584
-2 34 -18.5953
-2 35 -18.7181
-2 36 -18.8725
-2 37 -18.9855
-2 38 -19.1213
-2 39 -19.2499
-2 40 -19.3676
-1 -10 -11.2058
-1 -9 -11.1778
-1 -8 -11.1548
-1 -7 -11.1504
-1 -6 -11.1452
-1 -5 -11.0984
-1 -4 -11.0651
-1 -3 -11.0401
-1 -2 -11.028
-1 -1 -10.979
-1 0 -10.9513
-1 1 -10.9161
-1 2 -10.9738
-1 3 -11.1059
-1 4 -11.4144
-1 5 -11.7186
-1 6 -12.0671
-1 7 -12.4052
-1 8 -12.713
-1 9 -13.0306
-1 10 -13.3413
-1 11 -13.6963
-1 12 -13.9869
-1 13 -14.2436
-1 14 -14.5123
-1 15 -14.8074
-1 16 -15.0725
-1 17 -15.3368
-1 18 -15.5832
-1 19 -15.8305
-1 20 -16.0659
-1 21 -16.2528
-1 22 -16.4799
-1 23 -16.6975
-1 24 -16.9373
-1 25 -17.1269
-1 26 -17.2875
-1 27 -17.5006
-1 28 -17.6728
-1 29 -17.8399
-1 30 -18.0238
-1 31 -18.1545
-1 32 -18.3001
-1 33 -18.4558
-1 34 -18.6126
-1 35 -18.7422
-1 36 -18.8738
-1 37 -18.9855
-1 38 -19.1023
-1 39 -19.2507
-1 40 -19.3685
0 -10 -11.2199
0 -9 -11.1784
0 -8 -11.2015
0 -7 -11.1816
0 -6 -11.1189
0 -5 -11.1174
0 -4 -11.0854
0 -3 -11.0793
0 -2 -11.04
0 -1 -11.0164
0 0 -10.9607
0 1 -10.9239
0 2 -10.9363
0 3 -11.1308
0 4 -11.3747
0 5 -11.7189
0 6 -12.1075
0 7 -12.358
0 8 -12.732
0 9 -13.0308
0 10 -13.3681
0 11 -13.627
0 12 -13.9942
0 13 -14.2775
0 14 -14.5117
0 15 -14.8409
0 16 -15.0952
0 17 -15.3262
0 18 -15.5939
0 19 -15.8105
0 20 -16.0578
0 21 -16.2784
0 22 -16.5104
0 23 -16.7036
0 24 -16.9242
0 25 -17.1168
0 26 -17.328
0 27 -17.4987
0 28 -17.6869
0 29 -17.8766
0 30 -18.0576
0 31 -18.1819
0 32 -18.3538
0 33 -18.4643
0 34 -18.6133
0 35 -18.7628
0 36 -18.8999
0 37 -19.036
0 38 -19.1551
0 39 -19.2817
0 40 -19.3978
1 -10 -11.2284
1 -9 -11.2205
1 -8 -11.1914
1 -7 -11.1848
1 -6 -11.1626
1 -5 -11.1168
1 -4 -11.1226
1 -3 -11.1187
1 -2 -11.0607
1 -1 -11.0575
1 0 -11.0001
1 1 -10.9767
1 2 -10.9829
1 3 -11.1314
1 4 -11.426
1 5 -11.7365
1 6 -12.0705
1 7 -12.3867
1 8 -12.8081
1 9 -13.0763
1 10 -13.4022
1 11 -13.7135
1 12 -14.0052
1 13 -14.3189
1 14 -14.6012
1 15 -14.9016
1 16 -15.0964
1 17 -15.3551
1 18 -15.6148
1 19 -15.8462
1 20 -16.1212
1 21 -16.3385
1 22 -16.5534
1 23 -16.7438
1 24 -16.9582
1 25 -17.1285
1 26 -17.3664
1 27 -17.5215
1 28 -17.7178
1 29 -17.8984
1 30 -18.0571
1 31 -18.2093
1 32 -18.367
1 33 -18.5237
1 34 -18.6552
1 35 -18.8013
1 36 -18.9026
1 37 -19.0511
1 38 -19.176
1 39 -19.314
1 40 -19.4145
2 -10 -11.2596
2 -9 -11.2615
2 -8 -11.2387
2 -7 -11.2025
2 -6 -11.2199
2 -5 -11.1975
2 -4 -11.1519
2 -3 -11.1579
2 -2 -11.0966
2 -1 -11.0353
2 0 -11.0439
2 1 -11.0199
2 2 -11.0272
2 3 -11.1966
2 4 -11.4678
2 5 -11.7508
2 6 -12.1265
2 7 -12.4374
2 8 -12.7869
2 9 -13.1485
2 10 -13.4375
2 11 -13.782
2 12 -14.0724
2 13 -14.3474
2 14 -14.656
2 15 -14.8874
2 16 -15.1321
2 17 -15.4187
2 18 -15.6374
2 19 -15.9046
2 20 -16.1553
2 21 -16.3548
2 22 -16.5748
2 23 -16.7851
2 24 -17.012
2 25 -17.2059
2 26 -17.4135
2 27 -17.567
2 28 -17.797
2 29 -17.9227
2 30 -18.1053
2 31 -18.2582
2 32 -18.386
2 33 -18.542
2 34 -18.6997
2 35 -18.8443
2 36 -18.9786
2 37 -19.1025
2 38 -19.2626
2 39 -19.3366
2 40 -19.4722
3 -10 -11.3174
3 -9 -11.3066
3 -8 -11.2806
3 -7 -11.2635
3 -6 -11.2489
3 -5 -11.2331
3 -4 -11.1966
3 -3 -11.1769
3 -2 -11.1443
3 -1 -11.1532
3 0 -11.0506
3 1 -11.016
3 2 -11.064
3 3 -11.2389
3 4 -11.5162
3 5 -11.8299
3 6 -12.1867
3 7 -12.4951
3 8 -12.8372
3 9 -13.1369
3 10 -13.4625
3 11 -13.8022
3 12 -14.0898
3 13 -14.4056
3 14 -14.6271
3 15 -14.9305
3 16 -15.1738
3 17 -15.4852
3 18 -15.6864
3 19 -15.9643
3 20 -16.1839
3 21 -16.3982
3 22 -16.6553
3 23 -16.8585
3 24 -17.0595
3 25 -17.2706
3 26 -17.4674
3 27 -17.648
3 28 -17.8322
3 29 -17.9641
3 30 -18.1566
3 31 -18.2817
3 32 -18.4513
3 33 -18.6173
3 34 -18.7644
3 35 -18.8793
3 36 -19.0139
3 37 -19.1393
3 38 -19.274
3 39 -19.399
3 40 -19.5313
4 -10 -11.3769
4 -9 -11.3749
4 -8 -11.3236
4 -7 -11.3086
4 -6 -11.279
4 -5 -11.2735
4 -4 -11.2433
4 -3 -11.2276
4 -2 -11.1895
4 -1 -11.1531
4 0 -11.1401
4 1 -11.058
4 2 -11.1005
4 3 -11.3029
4 4 -11.581
4 5 -11.8801
4 6 -12.2301
4 7 -12.5676
4 8 -12.9176
4 9 -13.2193
4 10 -13.5195
4 11 -13.8201
4 12 -14.1702
4 13 -14.4103
4 14 -14.7046
4 15 -14.9614
4 16 -15.2372
4 17 -15.5092
4 18 -15.7497
4 19 -15.9731
4 20 -16.2382
4 21 -16.4556
4 22 -16.6692
4 23 -16.8998
4 24 -17.1171
4 25 -17.3287
4 26 -17.4933
4 27 -17.6833
4 28 -17.8599
4 29 -18.0415
4 30 -18.1908
4 31 -18.3651
4 32 -18.5004
4 33 -18.6589
4 34 -18.8043
4 35 -18.9138
4 36 -19.0783
4 37 -19.1943
4 38 -19.3203
4 39 -19.454
4 40 -19.565
5 -10 -11.4284
5 -9 -11.4164
5 -8 -11.3774
5 -7 -11.3631
5 -6 -11.3387
5 -5 -11.3056
5 -4 -11.2913
5 -3 -11.2615
5 -2 -11.2315
5 -1 -11.1889
5 0 -11.1629
5 1 -11.105
5 2 -11.16
5 3 -11.3473
5 4 -11.5958
5 5 -11.9241
5 6 -12.2507
5 7 -12.5993
5 8 -12.9559
5 9 -13.2363
5 10 -13.5936
5 11 -13.8726
5 12 -14.1582
5 13 -14.4624
5 14 -14.7679
5 15 -15.0308
5 16 -15.3059
5 17 -15.5763
5 18 -15.7996
5 19 -16.04
5 20 -16.264
5 21 -16.5096
5 22 -16.7417
5 23 -16.9675
5 24 -17.1627
5 25 -17.3475
5 26 -17.5142
5 27 -17.7218
5 28 -17.9006
5 29 -18.0745
5 30 -18.2612
5 31 -18.4112
5 32 -18.5511
5 33 -18.7035
5 34 -18.8405
5 35 -18.9811
5 36 -19.1199
5 37 -19.2298
5 38 -19.3527
5 39 -19.5026
5 40 -19.5942
6 -10 -11.4939
6 -9 -11.4373
6 -8 -11.4297
6 -7 -11.3919
6 -6 -11.3616
6 -5 -11.3711
6 -4 -11.3369
6 -3 -11.3277
6 -2 -11.2642
6 -1 -11.2412
6 0 -11.2334
6 1 -11.1702
6 2 -11.2148
6 3 -11.3817
6 4 -11.6761
6 5 -11.9574
6 6 -12.2674
6 7 -12.6147
6 8 -12.9728
6 9 -13.3035
6 10 -13.6004
6 11 -13.9243
6 12 -14.1993
6 13 -14.4996
6 14 -14.8151
6 15 -15.0796
6 16 -15.3258
6 17 -15.588
6 18 -15.8446
6 19 -16.0889
6 20 -16.3215
6 21 -16.5356
6 22 -16.767
6 23 -16.9886
6 24 -17.1784
6 25 -17.4081
6 26 -17.5903
6 27 -17.7966
6 28 -17.945
6 29 -18.1245
6 30 -18.282
6 31 -18.4452
6 32 -18.598
6 33 -18.7464
6 34 -18.8997
6 35 -19.0405
6 36 -19.1766
6 37 -19.2941
6 38 -19.4214
6 39 -19.5431
6 40 -19.6497
7 -10 -11.5014
7 -9 -11.5006
7 -8 -11.4656
7 -7 -11.4655
7 -6 -11.4314
7 -5 -11.3998
7 -4 -11.3534
7 -3 -11.3531
7 -2 -11.3271
7 -1 -11.2793
7 0 -11.2351
7 1 -11.204
7 2 -11.2327
7 3 -11.4097
7 4 -11.7208
7 5 -11.9846
7 6 -12.3416
7 7 -12.7042
7 8 -13.056
7 9 -13.3445
7 10 -13.647
7 11 -13.9748
7 12 -14.291
7 13 -14.5657
7 14 -14.8041
7 15 -15.1183
7 16 -15.3979
7 17 -15.6575
7 18 -15.9212
7 19 -16.1267
7 20 -16.3698
7 21 -16.596
7 22 -16.818
7 23 -17.0261
7 24 -17.2244
7 25 -17.4449
7 26 -17.6303
7 27 -17.7971
7 28 -18.0024
7 29 -18.1676
7 30 -18.3556
7 31 -18.4829
7 32 -18.6419
7 33 -18.8032
7 34 -18.9309
7 35 -19.0744
7 36 -19.2014
7 37 -19.3211
7 38 -19.4499
7 39 -19.5734
7 40 -19.6889
8 -10 -11.5572
8 -9 -11.5413
8 -8 -11.5188
8 -7 -11.5068
8 -6 -11.47
8 -5 -11.4416
8 -4 -11.402
8 -3 -11.3947
8 -2 -11.3575
8 -1 -11.3335
8 0 -11.2892
8 1 -11.2728
8 2 -11.2873
8 3 -11.4771
8 4 -11.7152
8 5 -12.0608
8 6 -12.3715
8 7 -12.7689
8 8 -13.0475
8 9 -13.3654
8 10 -13.7213
8 11 -14.0264
8 12 -14.3162
8 13 -14.6327
8 14 -14.899
8 15 -15.1714
8 16 -15.403
8 17 -15.7008
8 18 -15.9385
8 19 -16.1747
8 20 -16.425
8 21 -16.6393
8 22 -16.8359
8 23 -17.067
8 24 -17.2801
8 25 -17.4737
8 26 -17.6725
8 27 -17.8552
8 28 -18.029
8 29 -18.213
8 30 -18.3876
8 31 -18.5243
8 32 -18.6926
8 33 -18.8195
8 34 -18.9903
8 35 -19.1073
8 36 -19.2697
8 37 -19.374
8 38 -19.4997
8 39 -19.61
8 40 -19.7433
9 -10 -11.6022
9 -9 -11.5688
9 -8 -11.5627
9 -7 -11.5171
9 -6 -11.5058
9 -5 -11.4849
9 -4 -11.4643
9 -3 -11.4416
9 -2 -11.4045
9 -1 -11.3573
9 0 -11.338
9 1 -11.2849
9 2 -11.3388
9 3 -11.5101
9 4 -11.8067
9 5 -12.1333
9 6 -12.467
9 7 -12.7747
9 8 -13.1161
9 9 -13.4278
9 10 -13.7347
9 11 -14.0913
9 12 -14.355
9 13 -14.6447
9 14 -14.9314
9 15 -15.2014
9 16 -15.4979
9 17 -15.7263
9 18 -15.9914
9 19 -16.2262
9 20 -16.4502
9 21 -16.6958
9 22 -16.8922
9 23 -17.1342
9 24 -17.3186
9 25 -17.5091
9 26 -17.7127
9 27 -17.9002
9 28 -18.0813
9 29 -18.2661
9 30 -18.4116
9 31 -18.597
9 32 -18.7465
9 33 -18.8874
9 34 -19.0216
9 35 -19.1469
9 36 -19.291
9 37 -19.4216
9 38 -19.5243
9 39 -19.6547
9 40 -19.7739
10 -10 -11.6237
10 -9 -11.5984
10 -8 -11.5561
10 -7 -11.5534
10 -6 -11.5468
10 -5 -11.5241
10 -4 -11.517
10 -3 -11.4819
10 -2 -11.4468
10 -1 -11.417
10 0 -11.3589
10 1 -11.3446
10 2 -11.3797
10 3 -11.5412
10 4 -11.8114
10 5 -12.1261
10 6 -12.4774
10 7 -12.7967
10 8 -13.1522
10 9 -13.4563
10 10 -13.7883
10 11 -14.0849
10 12 -14.42
10 13 -14.6742
10 14 -14.9564
10 15 -15.251
10 16 -15.4986
10 17 -15.7527
10 18 -16.0029
10 19 -16.2447
10 20 -16.4735
10 21 -16.705
10 22 -16.9255
10 23 -17.1448
10 24 -17.3398
10 25 -17.5769
10 26 -17.752
10 27 -17.9329
10 28 -18.1161
10 29 -18.2813
10 30 -18.455
10 31 -18.6186
10 32 -18.7662
10 33 -18.9217
10 34 -19.0464
10 35 -19.1801
10 36 -19.3116
10 37 -19.4395
10 38 -19.5937
10 39 -19.6912
10 40 -19.7986
11 -10 -11.6568
11 -9 -11.6376
11 -8 -11.6189
11 -7 -11.5737
11 -6 -11.5665
11 -5 -11.5538
11 -4 -11.52
11 -3 -11.5236
11 -2 -11.4797
11 -1 -11.4541
11 0 -11.3876
11 1 -11.3689
11 2 -11.4018
11 3 -11.5863
11 4 -11.8514
11 5 -12.1898
11 6 -12.5213
11 7 -12.8456
11 8 -13.1978
11 9 -13.4783
11 10 -13.8233
11 11 -14.1447
11 12 -14.4141
11 13 -14.7377
11 14 -14.9976
11 15 -15.2745
11 16 -15.5593
11 17 -15.7857
11 18 -16.0541
11 19 -16.301
11 20 -16.536
11 21 -16.7497
11 22 -16.9708
11 23 -17.1709
11 24 -17.3924
11 25 -17.5933
11 26 -17.7854
11 27 -17.9538
11 28 -18.1646
11 29 -18.3281
11 30 -18.4977
11 31 -18.6388
11 32 -18.8007
11 33 -18.9479
11 34 -19.074
11 35 -19.2115
11 36 -19.3611
11 37 -19.4924
11 38 -19.6114
11 39 -19.7215
11 40 -19.8306
12 -10 -11.6938
12 -9 -11.6624
12 -8 -11.6619
12 -7 -11.6339
12 -6 -11.606
12 -5 -11.5808
12 -4 -11.5868
12 -3 -11.548
12 -2 -11.5168
12 -1 -11.4949
12 0 -11.4139
12 1 -11.422
12 2 -11.4255
12 3 -11.6173
12 4 -11.8909
12 5 -12.2085
12 6 -12.5275
12 7 -12.9023
12 8 -13.2251
12 9 -13.5378
12 10 -13.8693
12 11 -14.1687
12 12 -14.4896
12 13 -14.7822
12 14 -15.044
12 15 -15.3047
12 16 -15.5893
12 17 -15.8229
12 18 -16.0675
12 19 -16.3224
12 20 -16.5857
12 21 -16.7934
12 22 -17.0186
12 23 -17.2244
12 24 -17.4247
12 25 -17.6368
12 26 -17.8132
12 27 -18.0208
12 28 -18.2027
12 29 -18.3629
12 30 -18.5346
12 31 -18.7018
12 32 -18.8713
12 33 -18.9798
12 34 -19.1212
12 35 -19.2545
12 36 -19.3797
12 37 -19.5149
12 38 -19.6395
12 39 -19.7548
12 40 -19.8655
13 -10 -11.72
13 -9 -11.6891
13 -8 -11.6915
13 -7 -11.6605
13 -6 -11.6439
13 -5 -11.6022
13 -4 -11.5769
13 -3 -11.5598
13 -2 -11.5222
13 -1 -11.4949
13 0 -11.4799
13 1 -11.419
13 2 -11.4803
13 3 -11.673
13 4 -11.9276
13 5 -12.2597
13 6 -12.5599
13 7 -12.9139
13 8 -13.2437
13 9 -13.5939
13 10 -13.9006
13 11 -14.1945
13 12 -14.4952
13 13 -14.7762
13 14 -15.0527
13 15 -15.3522
13 16 -15.6127
13 17 -15.8707
13 18 -16.1303
13 19 -16.3513
13 20 -16.6024
13 21 -16.8385
13 22 -17.0137
13 23 -17.2344
13 24 -17.4646
13 25 -17.6633
13 26 -17.8639
13 27 -18.0213
13 28 -18.2136
13 29 -18.4097
13 30 -18.5489
13 31 -18.7072
13 32 -18.8845
13 33 -19.0278
13 34 -19.1348
13 35 -19.2892
13 36 -19.4121
13 37 -19.5283
13 38 -19.6743
13 39 -19.7907
13 40 -19.8955
14 -10 -11.7548
14 -9 -11.7195
14 -8 -11.7034
14 -7 -11.6925
14 -6 -11.6741
14 -5 -11.6493
14 -4 -11.6146
14 -3 -11.5966
14 -2 -11.551
14 -1 -11.5302
14 0 -11.4983
14 1 -11.4521
14 2 -11.509
14 3 -11.685
14 4 -11.9459
14 5 -12.271
14 6 -12.6042
14 7 -12.9493
14 8 -13.2832
14 9 -13.6196
14 10 -13.9314
14 11 -14.2228
14 12 -14.5197
14 13 -14.8234
14 14 -15.1003
14 15 -15.3881
14 16 -15.6388
14 17 -15.9029
14 18 -16.1679
14 19 -16.3918
14 20 -16.6352
14 21 -16.8624
14 22 -17.0642
14 23 -17.2977
14 24 -17.4788
14 25 -17.7058
14 26 -17.8766
14 27 -18.0676
14 28 -18.253
14 29 -18.4312
14 30 -18.5874
14 31 -18.7453
14 32 -18.8875
14 33 -19.0471
14 34 -19.1909
14 35 -19.3138
14 36 -19.4487
14 37 -19.5828
14 38 -19.6918
14 39 -19.8221
14 40 -19.928
15 -10 -11.7666
15 -9 -11.7423
15 -8 -11.7373
15 -7 -11.7189
15 -6 -11.6856
15 -5 -11.6761
15 -4 -11.6401
15 -3 -11.6406
15 -2 -11.5887
15 -1 -11.5615
15 0 -11.5399
15 1 -11.4824
15 2 -11.553
15 3 -11.693
15 4 -11.9994
15 5 -12.292
15 6 -12.6347
15 7 -12.9975
15 8 -13.3056
15 9 -13.6439
15 10 -13.9498
15 11 -14.2616
15 12 -14.5506
15 13 -14.8383
15 14 -15.1194
15 15 -15.396
15 16 -15.6831
15 17 -15.9192
15 18 -16.1691
15 19 -16.4336
15 20 -16.6418
15 21 -16.8636
15 22 -17.0991
15 23 -17.3236
15 24 -17.5124
15 25 -17.7313
15 26 -17.9044
15 27 -18.0924
15 28 -18.2801
15 29 -18.4507
15 30 -18.6235
15 31 -18.7793
15 32 -18.9261
15 33 -19.073
15 34 -19.2255
15 35 -19.3373
15 36 -19.4772
15 37 -19.5884
15 38 -19.7188
15 39 -19.8388
15 40 -19.9492
16 -10 -11.8125
16 -9 -11.772
16 -8 -11.7738
16 -7 -11.7703
16 -6 -11.7039
16 -5 -11.673
16 -4 -11.6836
16 -3 -11.6527
16 -2 -11.623
16 -1 -11.565
16 0 -11.575
16 1 -11.5299
16 2 -11.5472
16 3 -11.7224
16 4 -12.0231
16 5 -12.3237
16 6 -12.6767
16 7 -13.0132
16 8 -13.3231
16 9 -13.6822
16 10 -13.9804
16 11 -14.2833
16 12 -14.5828
16 13 -14.8726
16 14 -15.1588
16 15 -15.4156
16 16 -15.6947
16 17 -15.9354
16 18 -16.2075
16 19 -16.4323
16 20 -16.6854
16 21 -16.9039
16 22 -17.1107
16 23 -17.3383
16 24 -17.5473
16 25 -17.7362
16 26 -17.9082
16 27 -18.1368
16 28 -18.3064
16 29 -18.4678
16 30 -18.6628
16 31 -18.8029
16 32 -18.943
16 33 -19.1001
16 34 -19.2345
16 35 -19.3699
16 36 -19.4938
16 37 -19.6438
16 38 -19.7427
16 39 -19.8581
16 40 -19.9697
17 -10 -11.8226
17 -9 -11.7967
17 -8 -11.7925
17 -7 -11.7689
17 -6 -11.7398
17 -5 -11.732
17 -4 -11.7222
17 -3 -11.6709
17 -2 -11.6436
17 -1 -11.6113
17 0 -11.5784
17 1 -11.5527
17 2 -11.6001
17 3 -11.7603
17 4 -12.04
17 5 -12.3691
17 6 -12.683
17 7 -13.0093
17 8 -13.3533
17 9 -13.6707
17 10 -14.008
17 11 -14.2953
17 12 -14.6235
17 13 -14.9006
17 14 -15.159
17 15 -15.4569
17 16 -15.7213
17 17 -15.9825
17 18 -16.2229
17 19 -16.4587
17 20 -16.7075
17 21 -16.9193
17 22 -17.1485
17 23 -17.3457
17 24 -17.5516
17 25 -17.7582
17 26 -17.973
17 27 -18.147
17 28 -18.3552
17 29 -18.4922
17 30 -18.6768
17 31 -18.8288
17 32 -18.9745
17 33 -19.1293
17 34 -19.2656
17 35 -19.4044
17 36 -19.5248
17 37 -19.6486
17 38 -19.7664
17 39 -19.8962
17 40 -20.0037
18 -10 -11.857
18 -9 -11.8289
18 -8 -11.806
18 -7 -11.7926
18 -6 -11.7547
18 -5 -11.745
18 -4 -11.724
18 -3 -11.7042
18 -2 -11.6592
18 -1 -11.6281
18 0 -11.6024
18 1 -11.5622
18 2 -11.614
18 3 -11.7858
18 4 -12.0538
18 5 -12.3947
18 6 -12.7093
18 7 -13.0642
18 8 -13.376
18 9 -13.7006
18 10 -14.0258
18 11 -14.3304
18 12 -14.6145
18 13 -14.9194
18 14 -15.2134
18 15 -15.4839
18 16 -15.7692
18 17 -15.9998
18 18 -16.2478
18 19 -16.4942
18 20 -16.7502
18 21 -16.9593
18 22 -17.1885
18 23 -17.4029
18 24 -17.5853
18 25 -17.7832
18 26 -17.9937
18 27 -18.1718
18 28 -18.342
18 29 -18.5168
18 30 -18.6902
18 31 -18.8517
18 32 -19.0096
18 33 -19.1498
18 34 -19.2977
18 35 -19.4243
18 36 -19.5464
18 37 -19.6742
18 38 -19.8095
18 39 -19.9156
18 40 -20.0154
19 -10 -11.864
19 -9 -11.8541
19 -8 -11.8336
19 -7 -11.8137
19 -6 -11.7916
19 -5 -11.7651
19 -4 -11.7375
19 -3 -11.7208
19 -2 -11.6841
19 -1 -11.6677
19 0 -11.6216
19 1 -11.5994
19 2 -11.6037
19 3 -11.8176
19 4 -12.0789
19 5 -12.3974
19 6 -12.7387
19 7 -13.0845
19 8 -13.3927
19 9 -13.7208
19 10 -14.031
19 11 -14.3297
19 12 -14.6422
19 13 -14.9587
19 14 -15.2254
19 15 -15.5018
19 16 -15.7749
19 17 -16.0221
19 18 -16.2885
19 19 -16.5209
19 20 -16.7578
19 21 -16.9881
19 22 -17.1783
19 23 -17.4219
19 24 -17.6195
19 25 -17.816
19 26 -18.001
19 27 -18.1952
19 28 -18.3913
19 29 -18.5349
19 30 -18.7119
19 31 -18.8772
19 32 -19.0266
19 33 -19.1655
19 34 -19.312
19 35 -19.4478
19 36 -19.5821
19 37 -19.6962
19 38 -19.818
19 39 -19.9392
19 40 -20.0655
20 -10 -11.8883
20 -9 -11.8744
20 -8 -11.8524
20 -7 -11.8342
20 -6 -11.8042
20 -5 -11.7961
20 -4 -11.7692
20 -3 -11.7361
20 -2 -11.719
20 -1 -11.6922
20 0 -11.659
20 1 -11.6082
20 2 -11.6311
20 3 -11.8425
20 4 -12.1272
20 5 -12.4271
20 6 -12.7529
20 7 -13.1087
20 8 -13.3968
20 9 -13.7417
20 10 -14.0632
20 11 -14.331
20 12 -14.685
20 13 -14.9359
20 14 -15.2539
20 15 -15.5389
20 16 -15.7918
20 17 -16.0481
20 18 -16.3053
20 19 -16.5619
20 20 -16.7764
20 21 -17.0094
20 22 -17.2333
20 23 -17.4195
20 24 -17.6543
20 25 -17.8387
20 26 -18.0196
20 27 -18.2255
20 28 -18.3961
20 29 -18.5724
20 30 -18.7221
20 31 -18.8941
20 32 -19.0471
20 33 -19.2035
20 34 -19.3249
20 35 -19.4635
20 36 -19.6047
20 37 -19.7246
20 38 -19.8443
20 39 -19.9556
20 40 -20.0766
21 -10 -11.9093
21 -9 -11.8927
21 -8 -11.8893
21 -7 -11.8623
21 -6 -11.8323
21 -5 -11.8104
21 -4 -11.7999
21 -3 -11.7735
21 -2 -11.7373
21 -1 -11.6928
21 0 -11.6679
21 1 -11.6422
21 2 -11.6738
21 3 -11.8669
21 4 -12.1465
21 5 -12.4509
21 6 -12.7815
21 7 -13.1186
21 8 -13.4505
21 9 -13.7617
21 10 -14.0847
21 11 -14.4053
21 12 -14.7003
21 13 -15.0015
21 14 -15.2714
21 15 -15.5546
21 16 -15.8341
21 17 -16.0642
21 18 -16.3099
21 19 -16.5529
21 20 -16.7959
21 21 -17.022
21 22 -17.2495
21 23 -17.471
21 24 -17.6611
21 25 -17.8744
21 26 -18.0399
21 27 -18.2352
21 28 -18.4344
21 29 -18.5893
21 30 -18.7488
21 31 -18.9083
21 32 -19.075
21 33 -19.2131
21 34 -19.3716
21 35 -19.4853
21 36 -19.6196
21 37 -19.7517
21 38 -19.8503
21 39 -19.9793
21 40 -20.0848
22 -10 -11.9153
22 -9 -11.9165
22 -8 -11.8756
22 -7 -11.8588
22 -6 -11.8477
22 -5 -11.842
22 -4 -11.8191
22 -3 -11.7812
22 -2 -11.7706
22 -1 -11.7296
22 0 -11.6966
22 1 -11.6681
22 2 -11.6946
22 3 -11.8949
22 4 -12.1641
22 5 -12.4795
22 6 -12.8009
22 7 -13.135
22 8 -13.475
22 9 -13.7868
22 10 -14.1146
22 11 -14.433
22 12 -14.7075
22 13 -15.0245
22 14 -15.3063
22 15 -15.5688
22 16 -15.8299
22 17 -16.086
22 18 -16.3358
22 19 -16.5923
22 20 -16.804
22 21 -17.0385
22 22 -17.2628
22 23 -17.4791
22 24 -17.6819
22 25 -17.8761
22 26 -18.0814
22 27 -18.2474
22 28 -18.4357
22 29 -18.6152
22 30 -18.791
22 31 -18.9516
22 32 -19.0865
22 33 -19.2252
22 34 -19.3719
22 35 -19.5011
22 36 -19.6329
22 37 -19.7583
22 38 -19.8854
22 39 -19.9957
22 40 -20.1187
23 -10 -11.9392
23 -9 -11.9276
23 -8 -11.8996
23 -7 -11.8835
23 -6 -11.8614
23 -5 -11.8539
23 -4 -11.8276
23 -3 -11.8187
23 -2 -11.7724
23 -1 -11.7371
23 0 -11.722
23 1 -11.683
23 2 -11.7263
23 3 -11.9102
23 4 -12.1655
23 5 -12.4891
23 6 -12.8185
23 7 -13.1622
23 8 -13.4945
23 9 -13.8105
23 10 -14.1384
23 11 -14.4347
23 12 -14.7458
23 13 -15.0374
23 14 -15.3077
23 15 -15.5897
23 16 -15.8535
23 17 -16.101
23 18 -16.3498
23 19 -16.6076
23 20 -16.8291
23 21 -17.0541
23 22 -17.2695
23 23 -17.4862
23 24 -17.6969
23 25 -17.8979
23 26 -18.0866
23 27 -18.2636
23 28 -18.4543
23 29 -18.632
23 30 -18.792
23 31 -18.9597
23 32 -19.0988
23 33 -19.2576
23 34 -19.3753
23 35 -19.5222
23 36 -19.6431
23 37 -19.7744
23 38 -19.9004
23 39 -20.0161
23 40 -20.1214
24 -10 -11.9449
24 -9 -11.9529
24 -8 -11.924
24 -7 -11.897
24 -6 -11.8913
24 -5 -11.8619
24 -4 -11.8469
24 -3 -11.8574
24 -2 -11.8055
24 -1 -11.7728
24 0 -11.7573
24 1 -11.705
24 2 -11.7162
24 3 -11.9179
24 4 -12.2187
24 5 -12.5133
24 6 -12.8306
24 7 -13.1938
24 8 -13.5009
24 9 -13.8313
24 10 -14.1528
24 11 -14.4649
24 12 -14.7537
24 13 -15.0463
24 14 -15.306
24 15 -15.6
24 16 -15.8793
24 17 -16.1142
24 18 -16.3808
24 19 -16.6257
24 20 -16.8501
24 21 -17.0741
24 22 -17.2856
24 23 -17.5068
24 24 -17.7164
24 25 -17.925
24 26 -18.1317
24 27 -18.2997
24 28 -18.4714
24 29 -18.6525
24 30 -18.8229
24 31 -18.9735
24 32 -19.1244
24 33 -19.2706
24 34 -19.4016
24 35 -19.5405
24 36 -19.6611
24 37 -19.7943
24 38 -19.9225
24 39 -20.0287
24 40 -20.1338
25 -10 -11.9742
25 -9 -11.96
25 -8 -11.9324
25 -7 -11.9096
25 -6 -11.9185
25 -5 -11.8811
25 -4 -11.8589
25 -3 -11.8346
25 -2 -11.8087
25 -1 -11.7744
25 0 -11.7528
25 1 -11.7127
25 2 -11.7378
25 3 -11.9297
25 4 -12.2241
25 5 -12.5246
25 6 -12.8568
25 7 -13.1994
25 8 -13.5074
25 9 -13.8714
25 10 -14.1843
25 11 -14.4968
25 12 -14.7707
25 13 -15.0853
25 14 -15.3657
25 15 -15.6205
25 16 -15.8756
25 17 -16.1574
25 18 -16.3869
25 19 -16.6261
25 20 -16.8859
25 21 -17.0972
25 22 -17.3058
25 23 -17.528
25 24 -17.7366
25 25 -17.93
25 26 -18.122
25 27 -18.3109
25 28 -18.4871
25 29 -18.6685
25 30 -18.8334
25 31 -18.9997
25 32 -19.1501
25 33 -19.2882
25 34 -19.4321
25 35 -19.557
25 36 -19.6989
25 37 -19.8146
25 38 -19.9222
25 39 -20.0559
25 40 -20.1575
26 -10 -11.9874
26 -9 -11.9642
26 -8 -11.9412
26 -7 -11.9336
26 -6 -11.9252
26 -5 -11.8946
26 -4 -11.8675
26 -3 -11.862
26 -2 -11.8345
26 -1 -11.7856
26 0 -11.7603
26 1 -11.7449
26 2 -11.7639
26 3 -11.9509
26 4 -12.2427
26 5 -12.5539
26 6 -12.8919
26 7 -13.2007
26 8 -13.5429
26 9 -13.8529
26 10 -14.1975
26 11 -14.4987
26 12 -14.7985
26 13 -15.0895
26 14 -15.3494
26 15 -15.62
26 16 -15.911
26 17 -16.1531
26 18 -16.4147
26 19 -16.6497
26 20 -16.8848
26 21 -17.1048
26 22 -17.3543
26 23 -17.5409
26 24 -17.7477
26 25 -17.9559
26 26 -18.1479
26 27 -18.3491
26 28 -18.5122
26 29 -18.6818
26 30 -18.8508
26 31 -19.0048
26 32 -19.1678
26 33 -19.2948
26 34 -19.4375
26 35 -19.5752
26 36 -19.7065
26 37 -19.8312
26 38 -19.9457
26 39 -20.0611
26 40 -20.1805
27 -10 -11.9879
27 -9 -11.9851
27 -8 -11.956
27 -7 -11.9361
27 -6 -11.9334
27 -5 -11.9172
27 -4 -11.8984
27 -3 -11.8734
27 -2 -11.8441
27 -1 -11.819
27 0 -11.8062
27 1 -11.7496
27 2 -11.7804
27 3 -11.9936
27 4 -12.2422
27 5 -12.5666
27 6 -12.8975
27 7 -13.2061
27 8 -13.5757
27 9 -13.8834
27 10 -14.2077
27 11 -14.5267
27 12 -14.8098
27 13 -15.0892
27 14 -15.3828
27 15 -15.6554
27 16 -15.9166
27 17 -16.1633
27 18 -16.4176
27 19 -16.6746
27 20 -16.9016
27 21 -17.1276
27 22 -17.3402
27 23 -17.5545
27 24 -17.7671
27 25 -17.9698
27 26 -18.1542
27 27 -18.3387
27 28 -18.5194
27 29 -18.7001
27 30 -18.8636
27 31 -19.0201
27 32 -19.1587
27 33 -19.3162
27 34 -19.4542
27 35 -19.5977
27 36 -19.7164
27 37 -19.852
27 38 -19.9641
27 39 -20.0773
27 40 -20.1908
28 -10 -11.9832
28 -9 -11.9616
28 -8 -11.9703
28 -7 -11.9467
28 -6 -11.9288
28 -5 -11.9155
28 -4 -11.8943
28 -3 -11.8786
28 -2 -11.8743
28 -1 -11.8308
28 0 -11.7943
28 1 -11.7904
28 2 -11.8128
28 3 -11.976
28 4 -12.2645
28 5 -12.5906
28 6 -12.9331
28 7 -13.2604
28 8 -13.5758
28 9 -13.9175
28 10 -14.221
28 11 -14.522
28 12 -14.826
28 13 -15.1237
28 14 -15.401
28 15 -15.663
28 16 -15.9369
28 17 -16.1787
28 18 -16.4364
28 19 -16.6649
28 20 -16.9104
28 21 -17.1465
28 22 -17.365
28 23 -17.5607
28 24 -17.7871
28 25 -17.967
28 26 -18.1722
28 27 -18.349
28 28 -18.5532
28 29 -18.7127
28 30 -18.8826
28 31 -19.0347
28 32 -19.1886
28 33 -19.3286
28 34 -19.4768
28 35 -19.6042
28 36 -19.7357
28 37 -19.8529
28 38 -19.968
28 39 -20.1023
28 40 -20.2108
29 -10 -11.9819
29 -9 -11.9816
29 -8 -11.9751
29 -7 -11.9669
29 -6 -11.9468
29 -5 -11.9385
29 -4 -11.9222
29 -3 -11.907
29 -2 -11.8707
29 -1 -11.8558
29 0 -11.8257
29 1 -11.7966
29 2 -11.8105
29 3 -12.0084
29 4 -12.3055
29 5 -12.5983
29 6 -12.9248
29 7 -13.2676
29 8 -13.5869
29 9 -13.9101
29 10 -14.2384
29 11 -14.5339
29 12 -14.841
29 13 -15.1258
29 14 -15.4181
29 15 -15.6793
29 16 -15.9433
29 17 -16.2024
29 18 -16.449
29 19 -16.6962
29 20 -16.9218
29 21 -17.1457
29 22 -17.3777
29 23 -17.5814
29 24 -17.7806
29 25 -18.0011
29 26 -18.1743
29 27 -18.389
29 28 -18.5511
29 29 -18.7248
29 30 -18.8929
29 31 -19.0498
29 32 -19.2057
29 33 -19.3442
29 34 -19.4785
29 35 -19.6076
29 36 -19.7507
29 37 -19.8747
29 38 -19.9941
29 39 -20.1195
29 40 -20.2133
30 -10 -11.996
30 -9 -11.9838
30 -8 -11.965
30 -7 -11.9781
30 -6 -11.9521
30 -5 -11.9435
30 -4 -11.9278
30 -3 -11.9025
30 -2 -11.8963
30 -1 -11.8392
30 0 -11.8318
30 1 -11.8004
30 2 -11.8306
30 3 -12.0116
30 4 -12.3064
30 5 -12.611
30 6 -12.9605
30 7 -13.2566
30 8 -13.5946
30 9 -13.9179
30 10 -14.2365
30 11 -14.5506
30 12 -14.851
30 13 -15.146
30 14 -15.4077
30 15 -15.7009
30 16 -15.9666
30 17 -16.2289
30 18 -16.4777
30 19 -16.7128
30 20 -16.9144
30 21 -17.155
30 22 -17.3735
30 23 -17.5961
30 24 -17.8121
30 25 -18.0042
30 26 -18.1918
30 27 -18.3713
30 28 -18.5851
30 29 -18.7305
30 30 -18.9038
30 31 -19.0543
30 32 -19.2096
30 33 -19.3603
30 34 -19.4952
30 35 -19.6112
30 36 -19.7669
30 37 -19.882
30 38 -19.9902
30 39 -20.1138
30 40 -20.2348
31 -10 -11.996
31 -9 -11.9914
31 -8 -11.9807
31 -7 -11.9639
31 -6 -11.9562
31 -5 -11.9554
31 -4 -11.9358
31 -3 -11.9281
31 -2 -11.8909
31 -1 -11.8697
31 0 -11.8514
31 1 -11.8089
31 2 -11.8498
31 3 -12.0419
31 4 -12.2998
31 5 -12.6429
31 6 -12.9355
31 7 -13.2985
31 8 -13.617
31 9 -13.941
31 10 -14.2649
31 11 -14.5763
31 12 -14.8376
31 13 -15.1694
31 14 -15.4346
31 15 -15.7082
31 16 -15.9914
31 17 -16.2362
31 18 -16.4843
31 19 -16.7121
31 20 -16.9525
31 21 -17.1737
31 22 -17.386
31 23 -17.6184
31 24 -17.8147
31 25 -18.0182
31 26 -18.2045
31 27 -18.3903
31 28 -18.5571
31 29 -18.7373
31 30 -18.8994
31 31 -19.0651
31 32 -19.2177
31 33 -19.3543
31 34 -19.5011
31 35 -19.6368
31 36 -19.7688
31 37 -19.8794
31 38 -20.0032
31 39 -20.1339
31 40 -20.2316
32 -10 -12.0137
32 -9 -11.9854
32 -8 -11.9896
32 -7 -11.9751
32 -6 -11.9815
32 -5 -11.9635
32 -4 -11.9478
32 -3 -11.919
32 -2 -11.9025
32 -1 -11.8882
32 0 -11.8645
32 1 -11.817
32 2 -11.8491
32 3 -12.0362
32 4 -12.3006
32 5 -12.6493
32 6 -12.9731
32 7 -13.2955
32 8 -13.6353
32 9 -13.9634
32 10 -14.2476
32 11 -14.571
32 12 -14.8821
32 13 -15.1768
32 14 -15.4372
32 15 -15.7245
32 16 -15.9916
32 17 -16.2458
32 18 -16.4931
32 19 -16.7241
32 20 -16.9532
32 21 -17.1773
32 22 -17.3921
32 23 -17.628
32 24 -17.8167
32 25 -18.0226
32 26 -18.1966
32 27 -18.3887
32 28 -18.5848
32 29 -18.7332
32 30 -18.9232
32 31 -19.0622
32 32 -19.2252
32 33 -19.3717
32 34 -19.5153
32 35 -19.6475
32 36 -19.7806
32 37 -19.8952
32 38 -20.0219
32 39 -20.1218
32 40 -20.2295
33 -10 -11.9988
33 -9 -11.9946
33 -8 -11.9842
33 -7 -11.9767
33 -6 -11.9684
33 -5 -11.9697
33 -4 -11.9641
33 -3 -11.9496
33 -2 -11.9195
33 -1 -11.8865
33 0 -11.8649
33 1 -11.8259
33 2 -11.854
33 3 -12.0628
33 4 -12.34
33 5 -12.6549
33 6 -12.9793
33 7 -13.3241
33 8 -13.6423
33 9 -13.9766
33 10 -14.2881
33 11 -14.5956
33 12 -14.9092
33 13 -15.1728
33 14 -15.4594
33 15 -15.7462
33 16 -15.9961
33 17 -16.2451
33 18 -16.4811
33 19 -16.7281
33 20 -16.9742
33 21 -17.1947
33 22 -17.4002
33 23 -17.6218
33 24 -17.8226
33 25 -18.0335
33 26 -18.2203
33 27 -18.4082
33 28 -18.5834
33 29 -18.7523
33 30 -18.9169
33 31 -19.0686
33 32 -19.2352
33 33 -19.3828
33 34 -19.5135
33 35 -19.6527
33 36 -19.7899
33 37 -19.8967
33 38 -20.0168
33 39 -20.1426
33 40 -20.2635
34 -10 -12.0072
34 -9 -11.9983
34 -8 -12.0019
34 -7 -11.9793
34 -6 -11.9794
34 -5 -11.9663
34 -4 -11.96
34 -3 -11.9477
34 -2 -11.9101
34 -1 -11.8881
34 0 -11.8812
34 1 -11.8367
34 2 -11.8626
34 3 -12.0626
34 4 -12.3354
34 5 -12.653
34 6 -12.9786
34 7 -13.3395
34 8 -13.6614
34 9 -13.9854
34 10 -14.2812
34 11 -14.6019
34 12 -14.8873
34 13 -15.2018
34 14 -15.4641
34 15 -15.7524
34 16 -16.0097
34 17 -16.2592
34 18 -16.5139
34 19 -16.7581
34 20 -16.9845
34 21 -17.213
34 22 -17.4268
34 23 -17.6394
34 24 -17.8395
34 25 -18.0359
34 26 -18.2245
34 27 -18.4249
34 28 -18.5779
34 29 -18.7522
34 30 -18.9308
34 31 -19.0891
34 32 -19.2349
34 33 -19.3934
34 34 -19.529
34 35 -19.6518
34 36 -19.7686
34 37 -19.9073
34 38 -20.0338
34 39 -20.1396
34 40 -20.2614
35 -10 -12.0192
35 -9 -12.0024
35 -8 -11.989
35 -7 -11.9856
35 -6 -11.9761
35 -5 -11.97
35 -4 -11.963
35 -3 -11.9377
35 -2 -11.9156
35 -1 -11.889
35 0 -11.8565
35 1 -11.8678
35 2 -11.8806
35 3 -12.0694
35 4 -12.3532
35 5 -12.6481
35 6 -12.9949
35 7 -13.3114
35 8 -13.6542
35 9 -13.9924
35 10 -14.2918
35 11 -14.6017
35 12 -14.9032
35 13 -15.2142
35 14 -15.4846
35 15 -15.7519
35 16 -16.008
35 17 -16.258
35 18 -16.5189
35 19 -16.7469
35 20 -16.9785
35 21 -17.213
35 22 -17.4247
35 23 -17.6454
35 24 -17.8437
35 25 -18.0522
35 26 -18.2294
35 27 -18.4106
35 28 -18.606
35 29 -18.781
35 30 -18.9285
35 31 -19.0938
35 32 -19.2438
35 33 -19.3884
35 34 -19.5327
35 35 -19.6578
35 36 -19.7889
35 37 -19.9093
35 38 -20.0363
35 39 -20.148
35 40 -20.2656
36 -10 -11.9948
36 -9 -11.9931
36 -8 -11.9907
36 -7 -11.9719
36 -6 -11.9719
36 -5 -11.9698
36 -4 -11.9585
36 -3 -11.9509
36 -2 -11.9228
36 -1 -11.8942
36 0 -11.8909
36 1 -11.8657
36 2 -11.9142
36 3 -12.0662
36 4 -12.3651
36 5 -12.6528
36 6 -13.0156
36 7 -13.3529
36 8 -13.6654
36 9 -13.9673
36 10 -14.3023
36 11 -14.6304
36 12 -14.8895
36 13 -15.1759
36 14 -15.4734
36 15 -15.7526
36 16 -16.0035
36 17 -16.2641
36 18 -16.511
36 19 -16.7456
36 20 -16.9794
36 21 -17.2156
36 22 -17.446
36 23 -17.6177
36 24 -17.836
36 25 -18.0263
36 26 -18.2321
36 27 -18.428
36 28 -18.5828
36 29 -18.7715
36 30 -18.9332
36 31 -19.1009
36 32 -19.2453
36 33 -19.3905
36 34 -19.5325
36 35 -19.6684
36 36 -19.7975
36 37 -19.9133
36 38 -20.0402
36 39 -20.1621
36 40 -20.2664
37 -10 -11.9995
37 -9 -12.0068
37 -8 -11.9949
37 -7 -11.9814
37 -6 -11.9853
37 -5 -11.9825
37 -4 -11.967
37 -3 -11.9661
37 -2 -11.9322
37 -1 -11.9082
37 0 -11.8837
37 1 -11.8568
37 2 -11.9059
37 3 -12.0939
37 4 -12.3833
37 5 -12.678
37 6 -13.0131
37 7 -13.3339
37 8 -13.6704
37 9 -13.9846
37 10 -14.301
37 11 -14.6286
37 12 -14.9139
37 13 -15.2028
37 14 -15.4784
37 15 -15.7613
37 16 -16.0365
37 17 -16.2835
37 18 -16.5372
37 19 -16.77
37 20 -16.9867
37 21 -17.2095
37 22 -17.4164
37 23 -17.6465
37 24 -17.8461
37 25 -18.0493
37 26 -18.2276
37 27 -18.4114
37 28 -18.5983
37 29 -18.7733
37 30 -18.9312
37 31 -19.0842
37 32 -19.2411
37 33 -19.3867
37 34 -19.5218
37 35 -19.6768
37 36 -19.7861
37 37 -19.9109
37 38 -20.0412
37 39 -20.1517
37 40 -20.2668
38 -10 -12.007
38 -9 -12.0078
38 -8 -11.9947
38 -7 -11.9902
38 -6 -11.9802
38 -5 -11.975
38 -4 -11.9568
38 -3 -11.9525
38 -2 -11.9382
38 -1 -11.9104
38 0 -11.8902
38 1 -11.8587
38 2 -11.8919
38 3 -12.0931
38 4 -12.3619
38 5 -12.6918
38 6 -13.0286
38 7 -13.3549
38 8 -13.6651
38 9 -13.9973
38 10 -14.3009
38 11 -14.6179
38 12 -14.9226
38 13 -15.1956
38 14 -15.4889
38 15 -15.7705
38 16 -16.0168
38 17 -16.2596
38 18 -16.5128
38 19 -16.7639
38 20 -16.987
38 21 -17.2236
38 22 -17.4148
38 23 -17.6426
38 24 -17.832
38 25 -18.0426
38 26 -18.2373
38 27 -18.42
38 28 -18.6036
38 29 -18.7762
38 30 -18.9338
38 31 -19.091
38 32 -19.2443
38 33 -19.3951
38 34 -19.5374
38 35 -19.6607
38 36 -19.7996
38 37 -19.9191
38 38 -20.0346
38 39 -20.1472
38 40 -20.2748
39 -10 -12.0074
39 -9 -12.0002
39 -8 -11.9919
39 -7 -11.9758
39 -6 -11.9829
39 -5 -11.9715
39 -4 -11.9641
39 -3 -11.9467
39 -2 -11.9191
39 -1 -11.9259
39 0 -11.8776
39 1 -11.8655
39 2 -11.9026
39 3 -12.0781
39 4 -12.3872
39 5 -12.6924
39 6 -13.0241
39 7 -13.3504
39 8 -13.6786
39 9 -13.986
39 10 -14.3298
39 11 -14.6284
39 12 -14.9248
39 13 -15.211
39 14 -15.5012
39 15 -15.7426
39 16 -16.0211
39 17 -16.2832
39 18 -16.521
39 19 -16.7649
39 20 -16.9829
39 21 -17.2128
39 22 -17.4305
39 23 -17.6481
39 24 -17.8518
39 25 -18.0508
39 26 -18.2356
39 27 -18.4236
39 28 -18.6085
39 29 -18.7716
39 30 -18.934
39 31 -19.0856
39 32 -19.2458
39 33 -19.3804
39 34 -19.5309
39 35 -19.6669
39 36 -19.8025
39 37 -19.9193
39 38 -20.0365
39 39 -20.148
39 40 -20.2633
40 -10 -12.0129
40 -9 -12.0181
40 -8 -11.9904
40 -7 -11.9828
40 -6 -11.9965
40 -5 -11.9841
40 -4 -11.973
40 -3 -11.9512
40 -2 -11.9376
40 -1 -11.9187
40 0 -11.8951
40 1 -11.8634
40 2 -11.9162
40 3 -12.115
40 4 -12.3728
40 5 -12.6988
40 6 -13.0446
40 7 -13.3718
40 8 -13.696
40 9 -14.0222
40 10 -14.3277
40 11 -14.6442
40 12 -14.9277
40 13 -15.2055
40 14 -15.483
40 15 -15.7704
40 16 -16.0216
40 17 -16.2956
40 18 -16.533
40 19 -16.7649
40 20 -16.9987
40 21 -17.2112
40 22 -17.4261
40 23 -17.6456
40 24 -17.8424
40 25 -18.0385
40 26 -18.2358
40 27 -18.4116
40 28 -18.594
40 29 -18.7703
40 30 -18.9442
40 31 -19.084
40 32 -19.2481
40 33 -19.3991
40 34 -19.5363
40 35 -19.6636
40 36 -19.7922
40 37 -19.9169
40 38 -20.0294
40 39 -20.1516
40 40 -20.2689
