-10 -10 -9.19253
-10 -9 -9.20527
-10 -8 -9.18577
-10 -7 -9.16753
-10 -6 -9.15746
-10 -5 -9.14694
-10 -4 -9.10879
-10 -3 -9.08219
-10 -2 -9.05165
-10 -1 -9.03117
-10 0 -9.01667
-10 1 -8.96719
-10 2 -9.00214
-10 3 -9.18152
-10 4 -9.46185
-10 5 -9.76941
-10 6 -10.0559
-10 7 -10.3757
-10 8 -10.7247
-10 9 -11.0631
-10 10 -11.3529
-10 11 -11.6615
-10 12 -11.9527
-10 13 -12.2066
-10 14 -12.5237
-10 15 -12.7757
-10 16 -13.0593
-10 17 -13.2753
-10 18 -13.5565
-10 19 -13.7771
-10 20 -14.0279
-10 21 -14.2719
-10 22 -14.4646
-10 23 -14.6951
-10 24 -14.9236
-10 25 -15.0967
-10 26 -15.2876
-10 27 -15.4822
-10 28 -15.6915
-10 29 -15.8449
-10 30 -16.0626
-10 31 -16.2346
-10 32 -16.4239
-10 33 -16.5829
-10 34 -16.7571
-10 35 -16.8977
-10 36 -17.0597
-10 37 -17.2178
-10 38 -17.363
-10 39 -17.4907
-10 40 -17.6327
-9 -10 -9.223
-9 -9 -9.19445
-9 -8 -9.18136
-9 -7 -9.13913
-9 -6 -9.12869
-9 -5 -9.08663
-9 -4 -9.08244
-9 -3 -9.0734
-9 -2 -9.02101
-9 -1 -9.01584
-9 0 -8.96226
-9 1 -8.92548
-9 2 -8.95361
-9 3 -9.14578
-9 4 -9.38283
-9 5 -9.70007
-9 6 -10.0647
-9 7 -10.3559
-9 8 -10.7134
-9 9 -11.0138
-9 10 -11.3068
-9 11 -11.6388
-9 12 -11.9306
-9 13 -12.2139
-9 14 -12.4885
-9 15 -12.7587
-9 16 -13.0193
-9 17 -13.2835
-9 18 -13.5347
-9 19 -13.7736
-9 20 -13.9938
-9 21 -14.235
-9 22 -14.4509
-9 23 -14.6592
-9 24 -14.8854
-9 25 -15.0832
-9 26 -15.2909
-9 27 -15.493
-9 28 -15.6842
-9 29 -15.8579
-9 30 -16.0492
-9 31 -16.229
-9 32 -16.3762
-9 33 -16.5612
-9 34 -16.7136
-9 35 -16.8862
-9 36 -17.0522
-9 37 -17.2128
-9 38 -17.3587
-9 39 -17.5166
-9 40 -17.6226
-8 -10 -9.18113
-8 -9 -9.16586
-8 -8 -9.15816
-8 -7 -9.1271
-8 -6 -9.11939
-8 -5 -9.10866
-8 -4 -9.07829
-8 -3 -9.03405
-8 -2 -9.01726
-8 -1 -8.97148
-8 0 -8.94893
-8 1 -8.94712
-8 2 -8.93721
-8 3 -9.10689
-8 4 -9.37919
-8 5 -9.67834
-8 6 -10.0066
-8 7 -10.3751
-8 8 -10.679
-8 9 -10.9926
-8 10 -11.2872
-8 11 -11.5846
-8 12 -11.9093
-8 13 -12.1695
-8 14 -12.4435
-8 15 -12.7121
-8 16 -12.9987
-8 17 -13.2748
-8 18 -13.4771
-8 19 -13.7268
-8 20 -13.9704
-8 21 -14.1917
-8 22 -14.3953
-8 23 -14.6473
-8 24 -14.8687
-8 25 -15.0591
-8 26 -15.2486
-8 27 -15.452
-8 28 -15.6507
-8 29 -15.8528
-8 30 -16.0385
-8 31 -16.181
-8 32 -16.3666
-8 33 -16.566
-8 34 -16.7311
-8 35 -16.8685
-8 36 -17.0343
-8 37 -17.1958
-8 38 -17.3155
-8 39 -17.4646
-8 40 -17.5992
-7 -10 -9.17462
-7 -9 -9.13869
-7 -8 -9.13803
-7 -7 -9.11693
-7 -6 -9.07176
-7 -5 -9.04747
-7 -4 -9.06594
-7 -3 -9.02034
-7 -2 -8.98252
-7 -1 -8.96029
-7 0 -8.95795
-7 1 -8.88344
-7 2 -8.93044
-7 3 -9.11088
-7 4 -9.3597
-7 5 -9.65401
-7 6 -9.94085
-7 7 -10.3074
-7 8 -10.6123
-7 9 -10.9173
-7 10 -11.2683
-7 11 -11.5501
-7 12 -11.845
-7 13 -12.1434
-7 14 -12.4347
-7 15 -12.6901
-7 16 -12.9652
-7 17 -13.2341
-7 18 -13.4871
-7 19 -13.7237
-7 20 -13.9286
-7 21 -14.2146
-7 22 -14.387
-7 23 -14.6539
-7 24 -14.7947
-7 25 -15.0459
-7 26 -15.2478
-7 27 -15.4385
-7 28 -15.6327
-7 29 -15.8161
-7 30 -15.9827
-7 31 -16.1679
-7 32 -16.3223
-7 33 -16.4997
-7 34 -16.7039
-7 35 -16.8341
-7 36 -17.0287
-7 37 -17.1356
-7 38 -17.2875
-7 39 -17.418
-7 40 -17.5779
-6 -10 -9.17146
-6 -9 -9.13922
-6 -8 -9.11567
-6 -7 -9.0868
-6 -6 -9.07973
-6 -5 -9.05634
-6 -4 -9.01325
-6 -3 -8.97175
-6 -2 -8.99748
-6 -1 -8.90936
-6 0 -8.8858
-6 1 -8.86523
-6 2 -8.88976
-6 3 -9.04944
-6 4 -9.35267
-6 5 -9.63688
-6 6 -9.9611
-6 7 -10.3047
-6 8 -10.6108
-6 9 -10.9195
-6 10 -11.2264
-6 11 -11.5355
-6 12 -11.8143
-6 13 -12.1329
-6 14 -12.3989
-6 15 -12.6818
-6 16 -12.9518
-6 17 -13.1881
-6 18 -13.4173
-6 19 -13.6905
-6 20 -13.9189
-6 21 -14.1747
-6 22 -14.3524
-6 23 -14.5711
-6 24 -14.7959
-6 25 -15.0042
-6 26 -15.2031
-6 27 -15.4153
-6 28 -15.6106
-6 29 -15.8032
-6 30 -15.9737
-6 31 -16.1363
-6 32 -16.3296
-6 33 -16.5054
-6 34 -16.6813
-6 35 -16.848
-6 36 -16.9683
-6 37 -17.1464
-6 38 -17.2809
-6 39 -17.4488
-6 40 -17.5655
-5 -10 -9.11831
-5 -9 -9.11307
-5 -8 -9.07681
-5 -7 -9.0796
-5 -6 -9.02826
-5 -5 -9.01872
-5 -4 -8.97128
-5 -3 -8.95959
-5 -2 -8.92922
-5 -1 -8.90181
-5 0 -8.85842
-5 1 -8.84318
-5 2 -8.87351
-5 3 -9.04101
-5 4 -9.26701
-5 5 -9.61298
-5 6 -9.92107
-5 7 -10.2674
-5 8 -10.614
-5 9 -10.8985
-5 10 -11.2673
-5 11 -11.5461
-5 12 -11.8187
-5 13 -12.0986
-5 14 -12.3767
-5 15 -12.6696
-5 16 -12.884
-5 17 -13.1871
-5 18 -13.4145
-5 19 -13.6436
-5 20 -13.8895
-5 21 -14.1362
-5 22 -14.3637
-5 23 -14.5725
-5 24 -14.7716
-5 25 -14.9785
-5 26 -15.2289
-5 27 -15.4023
-5 28 -15.5812
-5 29 -15.7785
-5 30 -15.9798
-5 31 -16.171
-5 32 -16.3003
-5 33 -16.5059
-5 34 -16.6613
-5 35 -16.7973
-5 36 -16.967
-5 37 -17.1081
-5 38 -17.2644
-5 39 -17.4277
-5 40 -17.5574
-4 -10 -9.13537
-4 -9 -9.0839
-4 -8 -9.04946
-4 -7 -9.05316
-4 -6 -9.03285
-4 -5 -8.99353
-4 -4 -8.95866
-4 -3 -8.94272
-4 -2 -8.89336
-4 -1 -8.84365
-4 0 -8.863
-4 1 -8.85413
-4 2 -8.84755
-4 3 -9.01952
-4 4 -9.26662
-4 5 -9.59521
-4 6 -9.9326
-4 7 -10.2411
-4 8 -10.5671
-4 9 -10.8923
-4 10 -11.2029
-4 11 -11.5116
-4 12 -11.7926
-4 13 -12.073
-4 14 -12.3702
-4 15 -12.6532
-4 16 -12.9131
-4 17 -13.1194
-4 18 -13.4081
-4 19 -13.6384
-4 20 -13.8898
-4 21 -14.1085
-4 22 -14.3209
-4 23 -14.549
-4 24 -14.7493
-4 25 -14.9628
-4 26 -15.1896
-4 27 -15.3684
-4 28 -15.5316
-4 29 -15.7619
-4 30 -15.9184
-4 31 -16.1062
-4 32 -16.2868
-4 33 -16.4538
-4 34 -16.6387
-4 35 -16.7896
-4 36 -16.9475
-4 37 -17.0982
-4 38 -17.2444
-4 39 -17.3832
-4 40 -17.5555
-3 -10 -9.13047
-3 -9 -9.0958
-3 -8 -9.08247
-3 -7 -9.06306
-3 -6 -9.02861
-3 -5 -8.99788
-3 -4 -8.98959
-3 -3 -8.92309
-3 -2 -8.90959
-3 -1 -8.89883
-3 0 -8.85339
-3 1 -8.84292
-3 2 -8.83397
-3 3 -8.99238
-3 4 -9.27434
-3 5 -9.57233
-3 6 -9.91409
-3 7 -10.2259
-3 8 -10.5401
-3 9 -10.8589
-3 10 -11.1635
-3 11 -11.4888
-3 12 -11.7691
-3 13 -12.0631
-3 14 -12.3615
-3 15 -12.6136
-3 16 -12.8914
-3 17 -13.1292
-3 18 -13.3887
-3 19 -13.6452
-3 20 -13.8561
-3 21 -14.0883
-3 22 -14.2944
-3 23 -14.5296
-3 24 -14.7545
-3 25 -14.9749
-3 26 -15.1348
-3 27 -15.3497
-3 28 -15.5363
-3 29 -15.7438
-3 30 -15.9168
-3 31 -16.1106
-3 32 -16.2971
-3 33 -16.471
-3 34 -16.617
-3 35 -16.8143
-3 36 -16.9399
-3 37 -17.0976
-3 38 -17.2329
-3 39 -17.3911
-3 40 -17.5337
-2 -10 -9.1153
-2 -9 -9.10608
-2 -8 -9.108
-2 -7 -9.0344
-2 -6 -9.01886
-2 -5 -8.99375
-2 -4 -8.97321
-2 -3 -8.91254
-2 -2 -8.90784
-2 -1 -8.83529
-2 0 -8.79616
-2 1 -8.78867
-2 2 -8.80307
-2 3 -8.95275
-2 4 -9.24274
-2 5 -9.5234
-2 6 -9.88943
-2 7 -10.2075
-2 8 -10.5261
-2 9 -10.8641
-2 10 -11.1596
-2 11 -11.4627
-2 12 -11.8109
-2 13 -12.0526
-2 14 -12.3457
-2 15 -12.618
-2 16 -12.8969
-2 17 -13.1337
-2 18 -13.3734
-2 19 -13.5966
-2 20 -13.857
-2 21 -14.092
-2 22 -14.3125
-2 23 -14.5376
-2 24 -14.7514
-2 25 -14.9511
-2 26 -15.1479
-2 27 -15.3821
-2 28 -15.5411
-2 29 -15.7323
-2 30 -15.9271
-2 31 -16.118
-2 32 -16.2571
-2 33 -16.4599
-2 34 -16.6198
-2 35 -16.7722
-2 36 -16.9379
-2 37 -17.0727
-2 38 -17.2384
-2 39 -17.3855
-2 40 -17.5219
-1 -10 -9.11242
-1 -9 -9.10648
-1 -8 -9.06078
-1 -7 -9.05781
-1 -6 -9.02243
-1 -5 -8.99372
-1 -4 -8.95487
-1 -3 -8.91914
-1 -2 -8.91603
-1 -1 -8.84717
-1 0 -8.815
-1 1 -8.79508
-1 2 -8.79623
-1 3 -8.94552
-1 4 -9.22508
-1 5 -9.53716
-1 6 -9.88356
-1 7 -10.2202
-1 8 -10.5468
-1 9 -10.833
-1 10 -11.1473
-1 11 -11.5055
-1 12 -11.8069
-1 13 -12.039
-1 14 -12.3354
-1 15 -12.6249
-1 16 -12.8924
-1 17 -13.1739
-1 18 -13.4015
-1 19 -13.6462
-1 20 -13.8933
-1 21 -14.0926
-1 22 -14.314
-1 23 -14.5546
-1 24 -14.7904
-1 25 -14.996
-1 26 -15.1496
-1 27 -15.3967
-1 28 -15.5687
-1 29 -15.749
-1 30 -15.9509
-1 31 -16.0998
-1 32 -16.2807
-1 33 -16.4454
-1 34 -16.6353
-1 35 -16.7935
-1 36 -16.9381
-1 37 -17.0853
-1 38 -17.2222
-1 39 -17.3807
-1 40 -17.5277
0 -10 -9.14362
0 -9 -9.09511
0 -8 -9.10831
0 -7 -9.08406
0 -6 -9.01768
0 -5 -9.00178
0 -4 -8.96652
0 -3 -8.97036
0 -2 -8.92553
0 -1 -8.92494
0 0 -8.84873
0 1 -8.79183
0 2 -8.79121
0 3 -8.98172
0 4 -9.22713
0 5 -9.55799
0 6 -9.91773
0 7 -10.1714
0 8 -10.5274
0 9 -10.844
0 10 -11.1754
0 11 -11.4358
0 12 -11.7861
0 13 -12.0892
0 14 -12.3251
0 15 -12.6547
0 16 -12.9061
0 17 -13.149
0 18 -13.4263
0 19 -13.6262
0 20 -13.8756
0 21 -14.1087
0 22 -14.3375
0 23 -14.5396
0 24 -14.7738
0 25 -14.9693
0 26 -15.1857
0 27 -15.3747
0 28 -15.572
0 29 -15.791
0 30 -15.978
0 31 -16.1231
0 32 -16.3403
0 33 -16.4515
0 34 -16.6352
0 35 -16.8136
0 36 -16.9655
0 37 -17.1254
0 38 -17.2704
0 39 -17.4089
0 40 -17.5508
1 -10 -9.15536
1 -9 -9.15063
1 -8 -9.11097
1 -7 -9.09332
1 -6 -9.04923
1 -5 -8.99902
1 -4 -9.03209
1 -3 -9.01047
1 -2 -8.93935
1 -1 -8.93412
1 0 -8.88224
1 1 -8.82034
1 2 -8.8242
1 3 -8.96861
1 4 -9.26364
1 5 -9.56268
1 6 -9.87286
1 7 -10.2001
1 8 -10.598
1 9 -10.8776
1 10 -11.1827
1 11 -11.501
1 12 -11.8045
1 13 -12.1021
1 14 -12.3896
1 15 -12.6817
1 16 -12.8973
1 17 -13.1599
1 18 -13.4333
1 19 -13.6594
1 20 -13.93
1 21 -14.161
1 22 -14.3783
1 23 -14.5782
1 24 -14.804
1 25 -14.9933
1 26 -15.2275
1 27 -15.3918
1 28 -15.6076
1 29 -15.8007
1 30 -15.9816
1 31 -16.155
1 32 -16.3313
1 33 -16.508
1 34 -16.6807
1 35 -16.836
1 36 -16.9667
1 37 -17.1458
1 38 -17.2878
1 39 -17.4442
1 40 -17.5677
2 -10 -9.20656
2 -9 -9.18427
2 -8 -9.16514
2 -7 -9.09685
2 -6 -9.0987
2 -5 -9.08434
2 -4 -9.0281
2 -3 -9.04293
2 -2 -9.00008
2 -1 -8.92174
2 0 -8.89837
2 1 -8.86189
2 2 -8.87073
2 3 -9.03671
2 4 -9.29658
2 5 -9.56423
2 6 -9.93298
2 7 -10.2484
2 8 -10.5665
2 9 -10.9423
2 10 -11.2136
2 11 -11.5558
2 12 -11.8576
2 13 -12.1399
2 14 -12.4434
2 15 -12.6488
2 16 -12.9162
2 17 -13.2145
2 18 -13.4542
2 19 -13.7282
2 20 -13.9667
2 21 -14.1862
2 22 -14.4007
2 23 -14.6178
2 24 -14.8529
2 25 -15.0566
2 26 -15.2793
2 27 -15.4451
2 28 -15.6764
2 29 -15.8245
2 30 -16.0329
2 31 -16.2026
2 32 -16.3528
2 33 -16.5266
2 34 -16.7141
2 35 -16.8891
2 36 -17.048
2 37 -17.1918
2 38 -17.3701
2 39 -17.458
2 40 -17.6239
3 -10 -9.23603
3 -9 -9.21679
3 -8 -9.18873
3 -7 -9.17182
3 -6 -9.13864
3 -5 -9.11066
3 -4 -9.0785
3 -3 -9.05532
3 -2 -9.03792
3 -1 -9.00819
3 0 -8.9046
3 1 -8.87599
3 2 -8.89783
3 3 -9.06089
3 4 -9.30186
3 5 -9.6354
3 6 -9.97712
3 7 -10.2951
3 8 -10.6244
3 9 -10.9258
3 10 -11.25
3 11 -11.5925
3 12 -11.8938
3 13 -12.2038
3 14 -12.4046
3 15 -12.7341
3 16 -12.969
3 17 -13.2885
3 18 -13.4937
3 19 -13.7766
3 20 -14.011
3 21 -14.2174
3 22 -14.4897
3 23 -14.6915
3 24 -14.9058
3 25 -15.1116
3 26 -15.3252
3 27 -15.5179
3 28 -15.7203
3 29 -15.865
3 30 -16.0736
3 31 -16.2396
3 32 -16.4315
3 33 -16.6051
3 34 -16.7689
3 35 -16.9121
3 36 -17.0836
3 37 -17.2346
3 38 -17.391
3 39 -17.5473
3 40 -17.6887
4 -10 -9.29628
4 -9 -9.28961
4 -8 -9.24378
4 -7 -9.2236
4 -6 -9.18659
4 -5 -9.18032
4 -4 -9.12437
4 -3 -9.11464
4 -2 -9.07848
4 -1 -9.02417
4 0 -9.01229
4 1 -8.9196
4 2 -8.9287
4 3 -9.10773
4 4 -9.3962
4 5 -9.69134
4 6 -10.0386
4 7 -10.3572
4 8 -10.7169
4 9 -11.0037
4 10 -11.3101
4 11 -11.6222
4 12 -11.9706
4 13 -12.2076
4 14 -12.5094
4 15 -12.755
4 16 -13.0199
4 17 -13.3388
4 18 -13.5662
4 19 -13.7963
4 20 -14.0482
4 21 -14.2808
4 22 -14.4878
4 23 -14.7341
4 24 -14.9515
4 25 -15.1749
4 26 -15.348
4 27 -15.5581
4 28 -15.7477
4 29 -15.9475
4 30 -16.1275
4 31 -16.3086
4 32 -16.4678
4 33 -16.6641
4 34 -16.8357
4 35 -16.9629
4 36 -17.1519
4 37 -17.3013
4 38 -17.431
4 39 -17.5947
4 40 -17.7381
5 -10 -9.35158
5 -9 -9.33033
5 -8 -9.30946
5 -7 -9.26152
5 -6 -9.23649
5 -5 -9.19885
5 -4 -9.18189
5 -3 -9.13824
5 -2 -9.10798
5 -1 -9.06496
5 0 -9.03584
5 1 -8.98748
5 2 -9.00652
5 3 -9.18707
5 4 -9.41195
5 5 -9.73363
5 6 -10.0755
5 7 -10.4173
5 8 -10.7576
5 9 -11.0504
5 10 -11.4133
5 11 -11.6904
5 12 -11.9712
5 13 -12.2673
5 14 -12.5937
5 15 -12.8563
5 16 -13.1224
5 17 -13.3885
5 18 -13.6088
5 19 -13.8541
5 20 -14.0753
5 21 -14.3355
5 22 -14.5827
5 23 -14.8083
5 24 -14.9979
5 25 -15.2057
5 26 -15.379
5 27 -15.5939
5 28 -15.7816
5 29 -15.9769
5 30 -16.1887
5 31 -16.3653
5 32 -16.5091
5 33 -16.6988
5 34 -16.8584
5 35 -17.0305
5 36 -17.1949
5 37 -17.3295
5 38 -17.4656
5 39 -17.6541
5 40 -17.7623
6 -10 -9.41485
6 -9 -9.34609
6 -8 -9.34567
6 -7 -9.29639
6 -6 -9.27386
6 -5 -9.27189
6 -4 -9.234
6 -3 -9.20876
6 -2 -9.13898
6 -1 -9.10654
6 0 -9.1008
6 1 -9.0618
6 2 -9.06313
6 3 -9.23962
6 4 -9.50978
6 5 -9.78937
6 6 -10.0767
6 7 -10.4351
6 8 -10.7957
6 9 -11.1052
6 10 -11.4149
6 11 -11.7316
6 12 -12.0226
6 13 -12.3134
6 14 -12.631
6 15 -12.891
6 16 -13.1364
6 17 -13.3866
6 18 -13.6465
6 19 -13.8936
6 20 -14.1281
6 21 -14.3708
6 22 -14.5949
6 23 -14.8232
6 24 -15.0125
6 25 -15.2526
6 26 -15.4518
6 27 -15.6805
6 28 -15.8367
6 29 -16.0347
6 30 -16.2159
6 31 -16.4037
6 32 -16.561
6 33 -16.7379
6 34 -16.9296
6 35 -17.0924
6 36 -17.2499
6 37 -17.3906
6 38 -17.5494
6 39 -17.6921
6 40 -17.8164
7 -10 -9.42531
7 -9 -9.42757
7 -8 -9.38122
7 -7 -9.37066
7 -6 -9.34694
7 -5 -9.29658
7 -4 -9.26576
7 -3 -9.23359
7 -2 -9.19821
7 -1 -9.14443
7 0 -9.11865
7 1 -9.05781
7 2 -9.09133
7 3 -9.26668
7 4 -9.55171
7 5 -9.81744
7 6 -10.1755
7 7 -10.5299
7 8 -10.8705
7 9 -11.1591
7 10 -11.4691
7 11 -11.7944
7 12 -12.0754
7 13 -12.3782
7 14 -12.6137
7 15 -12.9288
7 16 -13.1856
7 17 -13.4511
7 18 -13.7175
7 19 -13.9337
7 20 -14.1886
7 21 -14.4008
7 22 -14.6348
7 23 -14.8562
7 24 -15.0684
7 25 -15.3006
7 26 -15.4997
7 27 -15.6768
7 28 -15.8989
7 29 -16.0799
7 30 -16.2811
7 31 -16.4366
7 32 -16.6288
7 33 -16.8143
7 34 -16.9577
7 35 -17.1316
7 36 -17.2937
7 37 -17.4306
7 38 -17.5888
7 39 -17.7251
7 40 -17.8607
8 -10 -9.50633
8 -9 -9.46652
8 -8 -9.42405
8 -7 -9.40913
8 -6 -9.36989
8 -5 -9.35164
8 -4 -9.31138
8 -3 -9.2992
8 -2 -9.24546
8 -1 -9.23687
8 0 -9.14019
8 1 -9.14301
8 2 -9.13143
8 3 -9.31032
8 4 -9.53356
8 5 -9.88505
8 6 -10.1799
8 7 -10.5993
8 8 -10.857
8 9 -11.1944
8 10 -11.5218
8 11 -11.8324
8 12 -12.1186
8 13 -12.45
8 14 -12.7048
8 15 -12.9919
8 16 -13.2122
8 17 -13.4994
8 18 -13.7508
8 19 -13.9992
8 20 -14.2388
8 21 -14.4577
8 22 -14.6601
8 23 -14.9146
8 24 -15.1357
8 25 -15.34
8 26 -15.5342
8 27 -15.7456
8 28 -15.9394
8 29 -16.1202
8 30 -16.3307
8 31 -16.4743
8 32 -16.6749
8 33 -16.8313
8 34 -17.0314
8 35 -17.1814
8 36 -17.3643
8 37 -17.4905
8 38 -17.6371
8 39 -17.7647
8 40 -17.9202
9 -10 -9.54538
9 -9 -9.50315
9 -8 -9.47927
9 -7 -9.43234
9 -6 -9.40864
9 -5 -9.38943
9 -4 -9.35896
9 -3 -9.32976
9 -2 -9.28768
9 -1 -9.22941
9 0 -9.22517
9 1 -9.16014
9 2 -9.19331
9 3 -9.36266
9 4 -9.64881
9 5 -9.97042
9 6 -10.3038
9 7 -10.5956
9 8 -10.9302
9 9 -11.2434
9 10 -11.5534
9 11 -11.9162
9 12 -12.1559
9 13 -12.4579
9 14 -12.7373
9 15 -13.0183
9 16 -13.3089
9 17 -13.5423
9 18 -13.8118
9 19 -14.0327
9 20 -14.2694
9 21 -14.5188
9 22 -14.73
9 23 -14.9739
9 24 -15.1608
9 25 -15.3731
9 26 -15.571
9 27 -15.7879
9 28 -15.9863
9 29 -16.181
9 30 -16.3508
9 31 -16.5616
9 32 -16.7382
9 33 -16.8903
9 34 -17.0546
9 35 -17.2149
9 36 -17.3913
9 37 -17.5447
9 38 -17.6768
9 39 -17.8165
9 40 -17.9696
10 -10 -9.56509
10 -9 -9.53616
10 -8 -9.46554
10 -7 -9.46134
10 -6 -9.45189
10 -5 -9.4294
10 -4 -9.39636
10 -3 -9.37478
10 -2 -9.3501
10 -1 -9.30919
10 0 -9.24449
10 1 -9.22687
10 2 -9.22188
10 3 -9.38693
10 4 -9.6412
10 5 -9.96363
10 6 -10.2944
10 7 -10.6174
10 8 -10.9768
10 9 -11.2868
10 10 -11.6054
10 11 -11.9065
10 12 -12.2403
10 13 -12.5058
10 14 -12.7783
10 15 -13.0817
10 16 -13.3287
10 17 -13.5636
10 18 -13.8285
10 19 -14.0762
10 20 -14.2964
10 21 -14.5422
10 22 -14.7646
10 23 -14.985
10 24 -15.1909
10 25 -15.4506
10 26 -15.6187
10 27 -15.8226
10 28 -16.0206
10 29 -16.1939
10 30 -16.406
10 31 -16.581
10 32 -16.7434
10 33 -16.9381
10 34 -17.0851
10 35 -17.2452
10 36 -17.4058
10 37 -17.5668
10 38 -17.7364
10 39 -17.862
10 40 -17.9963
11 -10 -9.60017
11 -9 -9.57871
11 -8 -9.53667
11 -7 -9.49425
11 -6 -9.48459
11 -5 -9.45233
11 -4 -9.42858
11 -3 -9.42723
11 -2 -9.38108
11 -1 -9.33975
11 0 -9.29393
11 1 -9.25392
11 2 -9.25506
11 3 -9.4295
11 4 -9.68717
11 5 -10.028
11 6 -10.3623
11 7 -10.6838
11 8 -11.0334
11 9 -11.3135
11 10 -11.6418
11 11 -11.9796
11 12 -12.249
11 13 -12.5545
11 14 -12.8236
11 15 -13.0982
11 16 -13.3812
11 17 -13.6108
11 18 -13.8808
11 19 -14.1219
11 20 -14.3543
11 21 -14.579
11 22 -14.8113
11 23 -15.0178
11 24 -15.2414
11 25 -15.4548
11 26 -15.6558
11 27 -15.8405
11 28 -16.0597
11 29 -16.2504
11 30 -16.43
11 31 -16.6039
11 32 -16.7922
11 33 -16.9644
11 34 -17.1166
11 35 -17.2835
11 36 -17.463
11 37 -17.6291
11 38 -17.7627
11 39 -17.8942
11 40 -18.0405
12 -10 -9.62523
12 -9 -9.60428
12 -8 -9.58413
12 -7 -9.54232
12 -6 -9.52337
12 -5 -9.49533
12 -4 -9.49234
12 -3 -9.44901
12 -2 -9.40351
12 -1 -9.37279
12 0 -9.30678
12 1 -9.29623
12 2 -9.27766
12 3 -9.47252
12 4 -9.73867
12 5 -10.0424
12 6 -10.3591
12 7 -10.7312
12 8 -11.0616
12 9 -11.3753
12 10 -11.7027
12 11 -11.995
12 12 -12.3166
12 13 -12.6028
12 14 -12.8678
12 15 -13.1268
12 16 -13.4087
12 17 -13.6526
12 18 -13.8814
12 19 -14.1451
12 20 -14.4135
12 21 -14.6203
12 22 -14.8506
12 23 -15.0698
12 24 -15.2861
12 25 -15.5041
12 26 -15.682
12 27 -15.9033
12 28 -16.1076
12 29 -16.2797
12 30 -16.4688
12 31 -16.6693
12 32 -16.8629
12 33 -17.0038
12 34 -17.1649
12 35 -17.3332
12 36 -17.4803
12 37 -17.6473
12 38 -17.792
12 39 -17.9304
12 40 -18.0662
13 -10 -9.66559
13 -9 -9.62604
13 -8 -9.62346
13 -7 -9.58883
13 -6 -9.55134
13 -5 -9.52923
13 -4 -9.50829
13 -3 -9.46192
13 -2 -9.41189
13 -1 -9.38573
13 0 -9.37552
13 1 -9.30399
13 2 -9.34204
13 3 -9.52572
13 4 -9.77267
13 5 -10.1144
13 6 -10.4011
13 7 -10.7389
13 8 -11.0709
13 9 -11.4267
13 10 -11.7354
13 11 -12.0205
13 12 -12.3174
13 13 -12.5973
13 14 -12.8773
13 15 -13.1592
13 16 -13.4372
13 17 -13.6858
13 18 -13.9497
13 19 -14.1655
13 20 -14.4269
13 21 -14.6658
13 22 -14.8485
13 23 -15.0831
13 24 -15.3197
13 25 -15.5156
13 26 -15.7357
13 27 -15.9029
13 28 -16.1175
13 29 -16.3256
13 30 -16.4851
13 31 -16.6715
13 32 -16.8857
13 33 -17.0405
13 34 -17.1889
13 35 -17.3569
13 36 -17.5071
13 37 -17.6525
13 38 -17.8184
13 39 -17.9786
13 40 -18.0928
14 -10 -9.68992
14 -9 -9.65732
14 -8 -9.64659
14 -7 -9.6303
14 -6 -9.59605
14 -5 -9.57765
14 -4 -9.54611
14 -3 -9.51517
14 -2 -9.45505
14 -1 -9.42019
14 0 -9.38876
14 1 -9.32503
14 2 -9.39391
14 3 -9.51939
14 4 -9.797
14 5 -10.0979
14 6 -10.4282
14 7 -10.7747
14 8 -11.1033
14 9 -11.4393
14 10 -11.7636
14 11 -12.0484
14 12 -12.349
14 13 -12.6476
14 14 -12.9179
14 15 -13.2026
14 16 -13.4603
14 17 -13.7286
14 18 -13.9882
14 19 -14.2075
14 20 -14.4696
14 21 -14.6942
14 22 -14.9104
14 23 -15.1494
14 24 -15.3396
14 25 -15.583
14 26 -15.7558
14 27 -15.9522
14 28 -16.1614
14 29 -16.3778
14 30 -16.5272
14 31 -16.7245
14 32 -16.8805
14 33 -17.0669
14 34 -17.2525
14 35 -17.3907
14 36 -17.5514
14 37 -17.72
14 38 -17.8471
14 39 -18.0047
14 40 -18.1379
15 -10 -9.72629
15 -9 -9.68666
15 -8 -9.66059
15 -7 -9.65199
15 -6 -9.59845
15 -5 -9.60079
15 -4 -9.55829
15 -3 -9.55637
15 -2 -9.48796
15 -1 -9.46681
15 0 -9.42622
15 1 -9.34751
15 2 -9.40983
15 3 -9.54628
15 4 -9.82766
15 5 -10.1277
15 6 -10.4606
15 7 -10.8237
15 8 -11.1515
15 9 -11.4885
15 10 -11.783
15 11 -12.0821
15 12 -12.3894
15 13 -12.6682
15 14 -12.9418
15 15 -13.2285
15 16 -13.5112
15 17 -13.7411
15 18 -13.9916
15 19 -14.2589
15 20 -14.4662
15 21 -14.7064
15 22 -14.9454
15 23 -15.1786
15 24 -15.3811
15 25 -15.6094
15 26 -15.7874
15 27 -15.9914
15 28 -16.1986
15 29 -16.3769
15 30 -16.578
15 31 -16.7484
15 32 -16.9282
15 33 -17.0982
15 34 -17.2763
15 35 -17.4207
15 36 -17.5869
15 37 -17.7286
15 38 -17.8899
15 39 -18.0383
15 40 -18.1668
16 -10 -9.75304
16 -9 -9.71753
16 -8 -9.69416
16 -7 -9.69313
16 -6 -9.62148
16 -5 -9.60452
16 -4 -9.58837
16 -3 -9.5519
16 -2 -9.52146
16 -1 -9.47413
16 0 -9.47107
16 1 -9.42985
16 2 -9.41687
16 3 -9.58116
16 4 -9.85455
16 5 -10.1708
16 6 -10.5178
16 7 -10.8517
16 8 -11.1626
16 9 -11.5145
16 10 -11.8145
16 11 -12.1252
16 12 -12.4137
16 13 -12.6925
16 14 -12.9899
16 15 -13.234
16 16 -13.5209
16 17 -13.7601
16 18 -14.0368
16 19 -14.263
16 20 -14.5225
16 21 -14.7387
16 22 -14.9647
16 23 -15.2047
16 24 -15.403
16 25 -15.6195
16 26 -15.799
16 27 -16.0463
16 28 -16.2257
16 29 -16.4019
16 30 -16.6237
16 31 -16.7814
16 32 -16.9459
16 33 -17.1294
16 34 -17.2845
16 35 -17.4602
16 36 -17.6026
16 37 -17.7899
16 38 -17.9112
16 39 -18.0504
16 40 -18.1865
17 -10 -9.78551
17 -9 -9.75079
17 -8 -9.73269
17 -7 -9.70371
17 -6 -9.67388
17 -5 -9.6435
17 -4 -9.63503
17 -3 -9.56886
17 -2 -9.55069
17 -1 -9.52411
17 0 -9.47825
17 1 -9.45984
17 2 -9.47285
17 3 -9.61989
17 4 -9.90198
17 5 -10.2215
17 6 -10.5318
17 7 -10.8443
17 8 -11.1864
17 9 -11.5158
17 10 -11.848
17 11 -12.1358
17 12 -12.4614
17 13 -12.728
17 14 -13
17 15 -13.2937
17 16 -13.5469
17 17 -13.8138
17 18 -14.0635
17 19 -14.314
17 20 -14.5392
17 21 -14.7658
17 22 -15.0105
17 23 -15.2075
17 24 -15.4122
17 25 -15.6451
17 26 -15.862
17 27 -16.0457
17 28 -16.2718
17 29 -16.4233
17 30 -16.6226
17 31 -16.809
17 32 -16.9814
17 33 -17.1602
17 34 -17.3239
17 35 -17.4926
17 36 -17.6431
17 37 -17.793
17 38 -17.9313
17 39 -18.0989
17 40 -18.2318
18 -10 -9.81944
18 -9 -9.76813
18 -8 -9.74764
18 -7 -9.72418
18 -6 -9.70236
18 -5 -9.6671
18 -4 -9.64688
18 -3 -9.61158
18 -2 -9.55743
18 -1 -9.53654
18 0 -9.5178
18 1 -9.45648
18 2 -9.49546
18 3 -9.64449
18 4 -9.91212
18 5 -10.2435
18 6 -10.5478
18 7 -10.9127
18 8 -11.2122
18 9 -11.5513
18 10 -11.867
18 11 -12.1585
18 12 -12.4532
18 13 -12.7536
18 14 -13.0393
18 15 -13.3077
18 16 -13.5954
18 17 -13.8237
18 18 -14.0828
18 19 -14.3311
18 20 -14.5737
18 21 -14.8034
18 22 -15.0322
18 23 -15.2658
18 24 -15.4448
18 25 -15.6574
18 26 -15.8713
18 27 -16.067
18 28 -16.265
18 29 -16.4542
18 30 -16.6481
18 31 -16.8373
18 32 -17.0159
18 33 -17.1673
18 34 -17.3596
18 35 -17.5047
18 36 -17.6568
18 37 -17.8209
18 38 -17.9737
18 39 -18.1206
18 40 -18.2298
19 -10 -9.82261
19 -9 -9.81464
19 -8 -9.78531
19 -7 -9.7597
19 -6 -9.73379
19 -5 -9.70112
19 -4 -9.66434
19 -3 -9.62712
19 -2 -9.58703
19 -1 -9.58146
19 0 -9.52415
19 1 -9.48994
19 2 -9.48902
19 3 -9.67671
19 4 -9.91376
19 5 -10.2352
19 6 -10.576
19 7 -10.9298
19 8 -11.2263
19 9 -11.5551
19 10 -11.8769
19 11 -12.1643
19 12 -12.4894
19 13 -12.7971
19 14 -13.061
19 15 -13.3369
19 16 -13.6013
19 17 -13.8532
19 18 -14.1178
19 19 -14.3588
19 20 -14.5854
19 21 -14.8201
19 22 -15.0312
19 23 -15.278
19 24 -15.4834
19 25 -15.6883
19 26 -15.8855
19 27 -16.0927
19 28 -16.3019
19 29 -16.4657
19 30 -16.6739
19 31 -16.8509
19 32 -17.029
19 33 -17.1906
19 34 -17.3687
19 35 -17.5298
19 36 -17.7065
19 37 -17.8353
19 38 -17.989
19 39 -18.1323
19 40 -18.2911
20 -10 -9.8463
20 -9 -9.82653
20 -8 -9.80769
20 -7 -9.77689
20 -6 -9.74295
20 -5 -9.74519
20 -4 -9.70014
20 -3 -9.65737
20 -2 -9.60947
20 -1 -9.59257
20 0 -9.56416
20 1 -9.50126
20 2 -9.50595
20 3 -9.68888
20 4 -9.97196
20 5 -10.2837
20 6 -10.5894
20 7 -10.9485
20 8 -11.2331
20 9 -11.5817
20 10 -11.9111
20 11 -12.1598
20 12 -12.5149
20 13 -12.7708
20 14 -13.0772
20 15 -13.3673
20 16 -13.6131
20 17 -13.88
20 18 -14.1289
20 19 -14.3926
20 20 -14.6061
20 21 -14.8424
20 22 -15.0817
20 23 -15.2717
20 24 -15.5229
20 25 -15.7089
20 26 -15.9088
20 27 -16.1276
20 28 -16.3117
20 29 -16.5003
20 30 -16.6861
20 31 -16.8737
20 32 -17.0511
20 33 -17.2445
20 34 -17.3834
20 35 -17.5552
20 36 -17.7214
20 37 -17.8725
20 38 -18.019
20 39 -18.1517
20 40 -18.3045
21 -10 -9.87417
21 -9 -9.84606
21 -8 -9.8437
21 -7 -9.79853
21 -6 -9.78381
21 -5 -9.74888
21 -4 -9.73519
21 -3 -9.68304
21 -2 -9.64581
21 -1 -9.59674
21 0 -9.56705
21 1 -9.53774
21 2 -9.54968
21 3 -9.71509
21 4 -9.98486
21 5 -10.2717
21 6 -10.6327
21 7 -10.965
21 8 -11.2827
21 9 -11.5974
21 10 -11.9285
21 11 -12.2427
21 12 -12.5294
21 13 -12.8448
21 14 -13.1067
21 15 -13.3897
21 16 -13.6612
21 17 -13.894
21 18 -14.1414
21 19 -14.3865
21 20 -14.6323
21 21 -14.8627
21 22 -15.1142
21 23 -15.3273
21 24 -15.5318
21 25 -15.7629
21 26 -15.9319
21 27 -16.1475
21 28 -16.3554
21 29 -16.5244
21 30 -16.7098
21 31 -16.8939
21 32 -17.0822
21 33 -17.2473
21 34 -17.4353
21 35 -17.5758
21 36 -17.7456
21 37 -17.9019
21 38 -18.0251
21 39 -18.1846
21 40 -18.3118
22 -10 -9.88679
22 -9 -9.87951
22 -8 -9.83759
22 -7 -9.80633
22 -6 -9.80329
22 -5 -9.78689
22 -4 -9.74134
22 -3 -9.70598
22 -2 -9.69605
22 -1 -9.64033
22 0 -9.59149
22 1 -9.55935
22 2 -9.56566
22 3 -9.74203
22 4 -10.0212
22 5 -10.3086
22 6 -10.6489
22 7 -10.9825
22 8 -11.3138
22 9 -11.6131
22 10 -11.9461
22 11 -12.2731
22 12 -12.5545
22 13 -12.8673
22 14 -13.1501
22 15 -13.41
22 16 -13.6661
22 17 -13.9235
22 18 -14.1852
22 19 -14.4333
22 20 -14.6474
22 21 -14.8822
22 22 -15.1233
22 23 -15.3456
22 24 -15.548
22 25 -15.7551
22 26 -15.9801
22 27 -16.1533
22 28 -16.3619
22 29 -16.5687
22 30 -16.7577
22 31 -16.9358
22 32 -17.1016
22 33 -17.2661
22 34 -17.4391
22 35 -17.5932
22 36 -17.7634
22 37 -17.9148
22 38 -18.0682
22 39 -18.2069
22 40 -18.3507
23 -10 -9.92484
23 -9 -9.89809
23 -8 -9.8669
23 -7 -9.83791
23 -6 -9.80633
23 -5 -9.7863
23 -4 -9.76619
23 -3 -9.72276
23 -2 -9.69167
23 -1 -9.64434
23 0 -9.62849
23 1 -9.59914
23 2 -9.60171
23 3 -9.76666
23 4 -10.0159
23 5 -10.3244
23 6 -10.6629
23 7 -11.006
23 8 -11.3472
23 9 -11.6746
23 10 -11.984
23 11 -12.2736
23 12 -12.5948
23 13 -12.8781
23 14 -13.1484
23 15 -13.4316
23 16 -13.6918
23 17 -13.9406
23 18 -14.1985
23 19 -14.4529
23 20 -14.6743
23 21 -14.9147
23 22 -15.136
23 23 -15.3656
23 24 -15.5738
23 25 -15.7909
23 26 -15.9854
23 27 -16.1804
23 28 -16.3906
23 29 -16.589
23 30 -16.7569
23 31 -16.9492
23 32 -17.1085
23 33 -17.3037
23 34 -17.4432
23 35 -17.6238
23 36 -17.7707
23 37 -17.939
23 38 -18.0915
23 39 -18.2236
23 40 -18.3675
24 -10 -9.92855
24 -9 -9.92674
24 -8 -9.88372
24 -7 -9.85904
24 -6 -9.84308
24 -5 -9.81433
24 -4 -9.78407
24 -3 -9.77531
24 -2 -9.72272
24 -1 -9.68837
24 0 -9.66991
24 1 -9.60133
24 2 -9.59066
24 3 -9.78493
24 4 -10.0802
24 5 -10.3611
24 6 -10.684
24 7 -11.047
24 8 -11.3369
24 9 -11.686
24 10 -11.9844
24 11 -12.3229
24 12 -12.5966
24 13 -12.8927
24 14 -13.1522
24 15 -13.4481
24 16 -13.724
24 17 -13.9598
24 18 -14.221
24 19 -14.4703
24 20 -14.6965
24 21 -14.9224
24 22 -15.1506
24 23 -15.3737
24 24 -15.6017
24 25 -15.8156
24 26 -16.0357
24 27 -16.212
24 28 -16.4037
24 29 -16.6033
24 30 -16.8018
24 31 -16.9649
24 32 -17.1419
24 33 -17.3121
24 34 -17.4749
24 35 -17.6409
24 36 -17.7948
24 37 -17.9513
24 38 -18.1082
24 39 -18.2476
24 40 -18.3734
25 -10 -9.96621
25 -9 -9.94189
25 -8 -9.90563
25 -7 -9.87485
25 -6 -9.87501
25 -5 -9.84257
25 -4 -9.79806
25 -3 -9.76
25 -2 -9.73121
25 -1 -9.68826
25 0 -9.65959
25 1 -9.6286
25 2 -9.62443
25 3 -9.80548
25 4 -10.0845
25 5 -10.3748
25 6 -10.7078
25 7 -11.0494
25 8 -11.3424
25 9 -11.7241
25 10 -12.0329
25 11 -12.3436
25 12 -12.6188
25 13 -12.932
25 14 -13.2135
25 15 -13.4589
25 16 -13.7166
25 17 -14.004
25 18 -14.2391
25 19 -14.4736
25 20 -14.7408
25 21 -14.9499
25 22 -15.1727
25 23 -15.3998
25 24 -15.6191
25 25 -15.8218
25 26 -16.02
25 27 -16.2252
25 28 -16.4215
25 29 -16.6187
25 30 -16.7999
25 31 -16.9987
25 32 -17.1716
25 33 -17.3325
25 34 -17.501
25 35 -17.6594
25 36 -17.8373
25 37 -17.9708
25 38 -18.109
25 39 -18.2736
25 40 -18.4038
26 -10 -9.99202
26 -9 -9.9495
26 -8 -9.92095
26 -7 -9.91655
26 -6 -9.87933
26 -5 -9.84626
26 -4 -9.81086
26 -3 -9.77976
26 -2 -9.76103
26 -1 -9.71236
26 0 -9.67895
26 1 -9.65695
26 2 -9.65798
26 3 -9.81743
26 4 -10.1018
26 5 -10.4
26 6 -10.7285
26 7 -11.0388
26 8 -11.3807
26 9 -11.6979
26 10 -12.0433
26 11 -12.3511
26 12 -12.6449
26 13 -12.9247
26 14 -13.1808
26 15 -13.4685
26 16 -13.758
26 17 -13.9945
26 18 -14.2595
26 19 -14.5006
26 20 -14.7465
26 21 -14.9584
26 22 -15.222
26 23 -15.4126
26 24 -15.6304
26 25 -15.8406
26 26 -16.0521
26 27 -16.274
26 28 -16.448
26 29 -16.6296
26 30 -16.8295
26 31 -16.9965
26 32 -17.194
26 33 -17.3345
26 34 -17.5071
26 35 -17.6809
26 36 -17.8469
26 37 -17.9928
26 38 -18.1397
26 39 -18.285
26 40 -18.4338
27 -10 -9.99987
27 -9 -9.9898
27 -8 -9.96136
27 -7 -9.92616
27 -6 -9.9087
27 -5 -9.88202
27 -4 -9.83319
27 -3 -9.81017
27 -2 -9.76258
27 -1 -9.72989
27 0 -9.71934
27 1 -9.6556
27 2 -9.661
27 3 -9.85594
27 4 -10.0961
27 5 -10.416
27 6 -10.75
27 7 -11.0395
27 8 -11.427
27 9 -11.7444
27 10 -12.0455
27 11 -12.362
27 12 -12.6581
27 13 -12.937
27 14 -13.2252
27 15 -13.4931
27 16 -13.7609
27 17 -14.0155
27 18 -14.2665
27 19 -14.5343
27 20 -14.7493
27 21 -14.9849
27 22 -15.2136
27 23 -15.4324
27 24 -15.6555
27 25 -15.8671
27 26 -16.0609
27 27 -16.2574
27 28 -16.4592
27 29 -16.6567
27 30 -16.8342
27 31 -17.0251
27 32 -17.1789
27 33 -17.3616
27 34 -17.5299
27 35 -17.7052
27 36 -17.8505
27 37 -18.0155
27 38 -18.1654
27 39 -18.3064
27 40 -18.4419
28 -10 -10.0012
28 -9 -9.99353
28 -8 -9.97207
28 -7 -9.92695
28 -6 -9.91233
28 -5 -9.87626
28 -4 -9.85193
28 -3 -9.80984
28 -2 -9.80557
28 -1 -9.74914
28 0 -9.7024
28 1 -9.69574
28 2 -9.69423
28 3 -9.83533
28 4 -10.1275
28 5 -10.4469
28 6 -10.7835
28 7 -11.1076
28 8 -11.4224
28 9 -11.7611
28 10 -12.0757
28 11 -12.3737
28 12 -12.667
28 13 -12.9763
28 14 -13.2475
28 15 -13.5207
28 16 -13.795
28 17 -14.0383
28 18 -14.2961
28 19 -14.5319
28 20 -14.7675
28 21 -15.0121
28 22 -15.2382
28 23 -15.4484
28 24 -15.679
28 25 -15.8695
28 26 -16.0993
28 27 -16.2785
28 28 -16.5018
28 29 -16.6749
28 30 -16.8559
28 31 -17.0445
28 32 -17.222
28 33 -17.3892
28 34 -17.5548
28 35 -17.7211
28 36 -17.8801
28 37 -18.028
28 38 -18.1704
28 39 -18.3288
28 40 -18.4638
29 -10 -10.0069
29 -9 -10.0043
29 -8 -9.97368
29 -7 -9.95295
29 -6 -9.92896
29 -5 -9.90292
29 -4 -9.87635
29 -3 -9.84648
29 -2 -9.79349
29 -1 -9.79146
29 0 -9.75503
29 1 -9.70304
29 2 -9.69677
29 3 -9.88006
29 4 -10.1663
29 5 -10.4627
29 6 -10.7805
29 7 -11.1208
29 8 -11.438
29 9 -11.7731
29 10 -12.0914
29 11 -12.3877
29 12 -12.6956
29 13 -12.9692
29 14 -13.2728
29 15 -13.5473
29 16 -13.8055
29 17 -14.0632
29 18 -14.3172
29 19 -14.5574
29 20 -14.7849
29 21 -15.0339
29 22 -15.2571
29 23 -15.4755
29 24 -15.68
29 25 -15.9137
29 26 -16.0981
29 27 -16.3308
29 28 -16.5037
29 29 -16.6936
29 30 -16.8805
29 31 -17.0644
29 32 -17.2453
29 33 -17.4069
29 34 -17.5646
29 35 -17.738
29 36 -17.901
29 37 -18.0464
29 38 -18.2054
29 39 -18.3578
29 40 -18.4725
30 -10 -10.0324
30 -9 -10.0112
30 -8 -9.97601
30 -7 -9.96641
30 -6 -9.92295
30 -5 -9.92245
30 -4 -9.8992
30 -3 -9.83685
30 -2 -9.82583
30 -1 -9.76128
30 0 -9.76022
30 1 -9.72307
30 2 -9.72914
30 3 -9.8839
30 4 -10.1822
30 5 -10.4724
30 6 -10.8141
30 7 -11.112
30 8 -11.4561
30 9 -11.7827
30 10 -12.0958
30 11 -12.4035
30 12 -12.703
30 13 -13.0037
30 14 -13.2645
30 15 -13.5587
30 16 -13.8347
30 17 -14.0954
30 18 -14.3484
30 19 -14.5881
30 20 -14.7868
30 21 -15.0428
30 22 -15.2584
30 23 -15.4968
30 24 -15.7202
30 25 -15.9244
30 26 -16.111
30 27 -16.317
30 28 -16.5448
30 29 -16.7016
30 30 -16.8959
30 31 -17.0735
30 32 -17.252
30 33 -17.4331
30 34 -17.5924
30 35 -17.7377
30 36 -17.9168
30 37 -18.0771
30 38 -18.195
30 39 -18.3509
30 40 -18.5096
31 -10 -10.0419
31 -9 -10.0358
31 -8 -10.0042
31 -7 -9.96535
31 -6 -9.95377
31 -5 -9.9257
31 -4 -9.8993
31 -3 -9.87875
31 -2 -9.84073
31 -1 -9.80176
31 0 -9.78023
31 1 -9.73126
31 2 -9.73802
31 3 -9.9235
31 4 -10.1738
31 5 -10.5093
31 6 -10.7942
31 7 -11.1744
31 8 -11.4848
31 9 -11.8093
31 10 -12.1301
31 11 -12.4275
31 12 -12.709
31 13 -13.0403
31 14 -13.3056
31 15 -13.5776
31 16 -13.8552
31 17 -14.0908
31 18 -14.3538
31 19 -14.5799
31 20 -14.8355
31 21 -15.055
31 22 -15.2746
31 23 -15.5256
31 24 -15.7313
31 25 -15.9353
31 26 -16.1373
31 27 -16.347
31 28 -16.521
31 29 -16.7187
31 30 -16.8934
31 31 -17.0903
31 32 -17.2656
31 33 -17.4314
31 34 -17.6018
31 35 -17.7742
31 36 -17.9295
31 37 -18.0735
31 38 -18.2283
31 39 -18.3846
31 40 -18.5059
32 -10 -10.0763
32 -9 -10.0386
32 -8 -10.0146
32 -7 -9.98023
32 -6 -9.97349
32 -5 -9.94859
32 -4 -9.91327
32 -3 -9.88026
32 -2 -9.85265
32 -1 -9.82804
32 0 -9.79727
32 1 -9.75171
32 2 -9.7552
32 3 -9.9237
32 4 -10.1762
32 5 -10.517
32 6 -10.8418
32 7 -11.1535
32 8 -11.4969
32 9 -11.8323
32 10 -12.1142
32 11 -12.4374
32 12 -12.7437
32 13 -13.051
32 14 -13.2977
32 15 -13.5929
32 16 -13.8662
32 17 -14.1192
32 18 -14.3618
32 19 -14.5989
32 20 -14.8272
32 21 -15.0698
32 22 -15.2932
32 23 -15.5286
32 24 -15.7273
32 25 -15.9433
32 26 -16.1327
32 27 -16.3437
32 28 -16.552
32 29 -16.7237
32 30 -16.9273
32 31 -17.0915
32 32 -17.276
32 33 -17.455
32 34 -17.6257
32 35 -17.7936
32 36 -17.9541
32 37 -18.0942
32 38 -18.248
32 39 -18.37
32 40 -18.5032
33 -10 -10.0652
33 -9 -10.0588
33 -8 -10.0269
33 -7 -10.0102
33 -6 -9.97587
33 -5 -9.97638
33 -4 -9.95239
33 -3 -9.92368
33 -2 -9.87112
33 -1 -9.83479
33 0 -9.80375
33 1 -9.76275
33 2 -9.76949
33 3 -9.95525
33 4 -10.227
33 5 -10.5317
33 6 -10.8495
33 7 -11.1917
33 8 -11.5181
33 9 -11.8442
33 10 -12.1659
33 11 -12.477
33 12 -12.7747
33 13 -13.05
33 14 -13.3269
33 15 -13.607
33 16 -13.8686
33 17 -14.1168
33 18 -14.3622
33 19 -14.6108
33 20 -14.8599
33 21 -15.0881
33 22 -15.3026
33 23 -15.5307
33 24 -15.7435
33 25 -15.9669
33 26 -16.1609
33 27 -16.3755
33 28 -16.5614
33 29 -16.7393
33 30 -16.9264
33 31 -17.104
33 32 -17.293
33 33 -17.4709
33 34 -17.6226
33 35 -17.8023
33 36 -17.9648
33 37 -18.1018
33 38 -18.2465
33 39 -18.405
33 40 -18.5461
34 -10 -10.079
34 -9 -10.0657
34 -8 -10.0567
34 -7 -10.0086
34 -6 -10.0052
34 -5 -9.98876
34 -4 -9.96979
34 -3 -9.92462
34 -2 -9.87151
34 -1 -9.84884
34 0 -9.81929
34 1 -9.7704
34 2 -9.78181
34 3 -9.96609
34 4 -10.2111
34 5 -10.5218
34 6 -10.8584
34 7 -11.2152
34 8 -11.5422
34 9 -11.856
34 10 -12.1688
34 11 -12.475
34 12 -12.7564
34 13 -13.0762
34 14 -13.3379
34 15 -13.6221
34 16 -13.8874
34 17 -14.1388
34 18 -14.4002
34 19 -14.6429
34 20 -14.8795
34 21 -15.113
34 22 -15.3431
34 23 -15.5562
34 24 -15.773
34 25 -15.9765
34 26 -16.179
34 27 -16.3889
34 28 -16.5572
34 29 -16.7569
34 30 -16.9477
34 31 -17.1371
34 32 -17.2966
34 33 -17.4906
34 34 -17.655
34 35 -17.7989
34 36 -17.945
34 37 -18.1197
34 38 -18.2707
34 39 -18.4033
34 40 -18.5543
35 -10 -10.1082
35 -9 -10.0861
35 -8 -10.0648
35 -7 -10.0375
35 -6 -10.0117
35 -5 -9.98821
35 -4 -9.96699
35 -3 -9.92218
35 -2 -9.89769
35 -1 -9.85051
35 0 -9.80724
35 1 -9.80058
35 2 -9.80106
35 3 -9.98259
35 4 -10.2483
35 5 -10.5351
35 6 -10.8819
35 7 -11.1923
35 8 -11.5374
35 9 -11.8607
35 10 -12.1729
35 11 -12.4791
35 12 -12.7769
35 13 -13.0874
35 14 -13.357
35 15 -13.6301
35 16 -13.8938
35 17 -14.1381
35 18 -14.4136
35 19 -14.6439
35 20 -14.878
35 21 -15.12
35 22 -15.3455
35 23 -15.572
35 24 -15.7744
35 25 -16.0054
35 26 -16.2005
35 27 -16.3878
35 28 -16.6007
35 29 -16.7946
35 30 -16.9612
35 31 -17.1482
35 32 -17.3168
35 33 -17.4911
35 34 -17.6654
35 35 -17.8143
35 36 -17.9815
35 37 -18.126
35 38 -18.2818
35 39 -18.4231
35 40 -18.57
36 -10 -10.0991
36 -9 -10.0764
36 -8 -10.069
36 -7 -10.0289
36 -6 -10.0224
36 -5 -10.0027
36 -4 -9.97758
36 -3 -9.93812
36 -2 -9.89893
36 -1 -9.86754
36 0 -9.84719
36 1 -9.8071
36 2 -9.84742
36 3 -9.97127
36 4 -10.2615
36 5 -10.5445
36 6 -10.908
36 7 -11.2338
36 8 -11.5569
36 9 -11.8495
36 10 -12.1851
36 11 -12.523
36 12 -12.7711
36 13 -13.0627
36 14 -13.3728
36 15 -13.6407
36 16 -13.8965
36 17 -14.1578
36 18 -14.4109
36 19 -14.6472
36 20 -14.8893
36 21 -15.1329
36 22 -15.3845
36 23 -15.5553
36 24 -15.7788
36 25 -15.9804
36 26 -16.2016
36 27 -16.3979
36 28 -16.5818
36 29 -16.7956
36 30 -16.9821
36 31 -17.1654
36 32 -17.3309
36 33 -17.4972
36 34 -17.674
36 35 -17.8382
36 36 -18.0051
36 37 -18.14
36 38 -18.2891
36 39 -18.4477
36 40 -18.5805
37 -10 -10.1058
37 -9 -10.1021
37 -8 -10.0758
37 -7 -10.0497
37 -6 -10.0374
37 -5 -10.0285
37 -4 -9.99809
37 -3 -9.9666
37 -2 -9.91722
37 -1 -9.88795
37 0 -9.84096
37 1 -9.80567
37 2 -9.82864
37 3 -10.0035
37 4 -10.2971
37 5 -10.5852
37 6 -10.9081
37 7 -11.2193
37 8 -11.5596
37 9 -11.8755
37 10 -12.21
37 11 -12.5186
37 12 -12.812
37 13 -13.1029
37 14 -13.3795
37 15 -13.6568
37 16 -13.937
37 17 -14.1862
37 18 -14.4446
37 19 -14.6926
37 20 -14.8965
37 21 -15.1426
37 22 -15.3532
37 23 -15.5925
37 24 -15.8045
37 25 -16.0122
37 26 -16.2131
37 27 -16.4081
37 28 -16.6127
37 29 -16.8082
37 30 -16.9841
37 31 -17.1576
37 32 -17.3335
37 33 -17.5141
37 34 -17.6728
37 35 -17.8655
37 36 -17.9887
37 37 -18.1436
37 38 -18.3148
37 39 -18.4453
37 40 -18.5936
38 -10 -10.1229
38 -9 -10.104
38 -8 -10.0823
38 -7 -10.0692
38 -6 -10.0429
38 -5 -10.0262
38 -4 -9.99133
38 -3 -9.97474
38 -2 -9.93174
38 -1 -9.89013
38 0 -9.86155
38 1 -9.81076
38 2 -9.82396
38 3 -10.0156
38 4 -10.2592
38 5 -10.6062
38 6 -10.9334
38 7 -11.2573
38 8 -11.5799
38 9 -11.8952
38 10 -12.2077
38 11 -12.5215
38 12 -12.8232
38 13 -13.1057
38 14 -13.392
38 15 -13.6735
38 16 -13.9242
38 17 -14.1657
38 18 -14.4304
38 19 -14.6869
38 20 -14.9128
38 21 -15.1777
38 22 -15.3521
38 23 -15.5995
38 24 -15.8022
38 25 -16.0186
38 26 -16.2282
38 27 -16.4301
38 28 -16.6381
38 29 -16.8207
38 30 -16.9947
38 31 -17.1806
38 32 -17.354
38 33 -17.5373
38 34 -17.7077
38 35 -17.8587
38 36 -18.0245
38 37 -18.1728
38 38 -18.3062
38 39 -18.4523
38 40 -18.6047
39 -10 -10.121
39 -9 -10.1037
39 -8 -10.088
39 -7 -10.0568
39 -6 -10.0557
39 -5 -10.0263
39 -4 -9.99859
39 -3 -9.98156
39 -2 -9.92043
39 -1 -9.91723
39 0 -9.8715
39 1 -9.82382
39 2 -9.85249
39 3 -10.004
39 4 -10.3007
39 5 -10.6087
39 6 -10.9532
39 7 -11.262
39 8 -11.5811
39 9 -11.8935
39 10 -12.2349
39 11 -12.5441
39 12 -12.832
39 13 -13.1214
39 14 -13.4179
39 15 -13.6601
39 16 -13.9354
39 17 -14.2151
39 18 -14.4493
39 19 -14.6982
39 20 -14.9235
39 21 -15.171
39 22 -15.386
39 23 -15.622
39 24 -15.8407
39 25 -16.0401
39 26 -16.241
39 27 -16.4488
39 28 -16.6427
39 29 -16.821
39 30 -17.0052
39 31 -17.1839
39 32 -17.3771
39 33 -17.527
39 34 -17.7064
39 35 -17.861
39 36 -18.0353
39 37 -18.1776
39 38 -18.329
39 39 -18.4692
39 40 -18.6121
40 -10 -10.1396
40 -9 -10.1301
40 -8 -10.0825
40 -7 -10.0759
40 -6 -10.076
40 -5 -10.0471
40 -4 -10.0224
40 -3 -9.99233
40 -2 -9.95446
40 -1 -9.91426
40 0 -9.89912
40 1 -9.8494
40 2 -9.86738
40 3 -10.0435
40 4 -10.294
40 5 -10.6212
40 6 -10.9728
40 7 -11.3038
40 8 -11.6233
40 9 -11.9387
40 10 -12.2465
40 11 -12.5644
40 12 -12.8523
40 13 -13.1267
40 14 -13.4124
40 15 -13.7003
40 16 -13.9509
40 17 -14.2273
40 18 -14.4675
40 19 -14.7032
40 20 -14.9502
40 21 -15.1645
40 22 -15.3957
40 23 -15.6206
40 24 -15.8305
40 25 -16.0395
40 26 -16.2547
40 27 -16.4382
40 28 -16.6382
40 29 -16.8401
40 30 -17.0366
40 31 -17.1874
40 32 -17.3822
40 33 -17.5685
40 34 -17.7258
40 35 -17.8749
40 36 -18.0393
40 37 -18.1869
40 38 -18.3275
40 39 -18.4745
40 40 -18.6251
