-10 -10 -8.55834
-10 -9 -8.54941
-10 -8 -8.52604
-10 -7 -8.50172
-10 -6 -8.49189
-10 -5 -8.46333
-10 -4 -8.44649
-10 -3 -8.39193
-10 -2 -8.40127
-10 -1 -8.37132
-10 0 -8.36127
-10 1 -8.33068
-10 2 -8.34858
-10 3 -8.52155
-10 4 -8.79003
-10 5 -9.11285
-10 6 -9.43298
-10 7 -9.77696
-10 8 -10.0777
-10 9 -10.3937
-10 10 -10.7092
-10 11 -11.0061
-10 12 -11.3011
-10 13 -11.563
-10 14 -11.8614
-10 15 -12.1197
-10 16 -12.3782
-10 17 -12.6318
-10 18 -12.8777
-10 19 -13.118
-10 20 -13.3558
-10 21 -13.5716
-10 22 -13.7955
-10 23 -14.0031
-10 24 -14.2106
-10 25 -14.4164
-10 26 -14.621
-10 27 -14.8073
-10 28 -15.0133
-10 29 -15.1967
-10 30 -15.3771
-10 31 -15.5546
-10 32 -15.7287
-10 33 -15.8962
-10 34 -16.0542
-10 35 -16.2238
-10 36 -16.3758
-10 37 -16.5218
-10 38 -16.6847
-10 39 -16.8037
-10 40 -16.9635
-9 -10 -8.53802
-9 -9 -8.52976
-9 -8 -8.52928
-9 -7 -8.47941
-9 -6 -8.47632
-9 -5 -8.4576
-9 -4 -8.40744
-9 -3 -8.37573
-9 -2 -8.37805
-9 -1 -8.34509
-9 0 -8.33086
-9 1 -8.3103
-9 2 -8.32955
-9 3 -8.5158
-9 4 -8.73919
-9 5 -9.08088
-9 6 -9.40519
-9 7 -9.7254
-9 8 -10.0218
-9 9 -10.3686
-9 10 -10.661
-9 11 -10.9589
-9 12 -11.2672
-9 13 -11.5594
-9 14 -11.8244
-9 15 -12.1041
-9 16 -12.3406
-9 17 -12.5891
-9 18 -12.8567
-9 19 -13.1066
-9 20 -13.3161
-9 21 -13.553
-9 22 -13.7643
-9 23 -13.9936
-9 24 -14.2007
-9 25 -14.4098
-9 26 -14.608
-9 27 -14.8257
-9 28 -14.9846
-9 29 -15.1717
-9 30 -15.3474
-9 31 -15.5398
-9 32 -15.7072
-9 33 -15.8636
-9 34 -16.0406
-9 35 -16.2053
-9 36 -16.355
-9 37 -16.5143
-9 38 -16.6444
-9 39 -16.8072
-9 40 -16.9408
-8 -10 -8.51209
-8 -9 -8.50087
-8 -8 -8.48919
-8 -7 -8.49291
-8 -6 -8.44622
-8 -5 -8.39624
-8 -4 -8.35897
-8 -3 -8.36138
-8 -2 -8.33854
-8 -1 -8.34347
-8 0 -8.29198
-8 1 -8.26413
-8 2 -8.28586
-8 3 -8.47811
-8 4 -8.72076
-8 5 -9.04268
-8 6 -9.3594
-8 7 -9.69106
-8 8 -10.006
-8 9 -10.3328
-8 10 -10.6315
-8 11 -10.9272
-8 12 -11.2026
-8 13 -11.5101
-8 14 -11.799
-8 15 -12.0543
-8 16 -12.3336
-8 17 -12.5835
-8 18 -12.8211
-8 19 -13.0624
-8 20 -13.3075
-8 21 -13.5363
-8 22 -13.7494
-8 23 -13.9708
-8 24 -14.1906
-8 25 -14.3873
-8 26 -14.5954
-8 27 -14.79
-8 28 -14.9707
-8 29 -15.1738
-8 30 -15.3435
-8 31 -15.5104
-8 32 -15.6966
-8 33 -15.8646
-8 34 -16.0232
-8 35 -16.1974
-8 36 -16.3529
-8 37 -16.4879
-8 38 -16.6423
-8 39 -16.7825
-8 40 -16.9267
-7 -10 -8.50638
-7 -9 -8.4875
-7 -8 -8.47289
-7 -7 -8.44016
-7 -6 -8.40647
-7 -5 -8.38081
-7 -4 -8.37092
-7 -3 -8.34307
-7 -2 -8.33653
-7 -1 -8.31118
-7 0 -8.26373
-7 1 -8.22597
-7 2 -8.23827
-7 3 -8.43722
-7 4 -8.67281
-7 5 -8.98867
-7 6 -9.31907
-7 7 -9.66175
-7 8 -9.96635
-7 9 -10.2677
-7 10 -10.5967
-7 11 -10.8992
-7 12 -11.1928
-7 13 -11.4672
-7 14 -11.7518
-7 15 -12.0232
-7 16 -12.2934
-7 17 -12.5438
-7 18 -12.7741
-7 19 -13.0308
-7 20 -13.2802
-7 21 -13.5041
-7 22 -13.7226
-7 23 -13.9477
-7 24 -14.1638
-7 25 -14.3681
-7 26 -14.5688
-7 27 -14.7769
-7 28 -14.9616
-7 29 -15.152
-7 30 -15.3405
-7 31 -15.5053
-7 32 -15.6713
-7 33 -15.8621
-7 34 -16.0285
-7 35 -16.1717
-7 36 -16.3331
-7 37 -16.4799
-7 38 -16.6277
-7 39 -16.7753
-7 40 -16.9121
-6 -10 -8.49211
-6 -9 -8.47234
-6 -8 -8.43944
-6 -7 -8.41294
-6 -6 -8.39409
-6 -5 -8.37048
-6 -4 -8.35295
-6 -3 -8.33601
-6 -2 -8.30134
-6 -1 -8.25044
-6 0 -8.21033
-6 1 -8.2004
-6 2 -8.23336
-6 3 -8.39532
-6 4 -8.66121
-6 5 -8.94996
-6 6 -9.28949
-6 7 -9.63961
-6 8 -9.93501
-6 9 -10.2648
-6 10 -10.5766
-6 11 -10.8693
-6 12 -11.1469
-6 13 -11.4297
-6 14 -11.722
-6 15 -11.9736
-6 16 -12.2695
-6 17 -12.5055
-6 18 -12.7302
-6 19 -12.9992
-6 20 -13.2266
-6 21 -13.4553
-6 22 -13.6858
-6 23 -13.8981
-6 24 -14.1164
-6 25 -14.3115
-6 26 -14.5216
-6 27 -14.7418
-6 28 -14.917
-6 29 -15.1224
-6 30 -15.2907
-6 31 -15.481
-6 32 -15.6599
-6 33 -15.8261
-6 34 -15.9809
-6 35 -16.1437
-6 36 -16.3117
-6 37 -16.4644
-6 38 -16.6093
-6 39 -16.7526
-6 40 -16.887
-5 -10 -8.47943
-5 -9 -8.44925
-5 -8 -8.41984
-5 -7 -8.39256
-5 -6 -8.36735
-5 -5 -8.35715
-5 -4 -8.33299
-5 -3 -8.29886
-5 -2 -8.27592
-5 -1 -8.24682
-5 0 -8.19956
-5 1 -8.18736
-5 2 -8.21003
-5 3 -8.41131
-5 4 -8.65411
-5 5 -8.95917
-5 6 -9.28388
-5 7 -9.6022
-5 8 -9.93504
-5 9 -10.2416
-5 10 -10.5518
-5 11 -10.8403
-5 12 -11.1463
-5 13 -11.4307
-5 14 -11.688
-5 15 -11.9679
-5 16 -12.2325
-5 17 -12.4888
-5 18 -12.7267
-5 19 -12.9832
-5 20 -13.2012
-5 21 -13.4292
-5 22 -13.658
-5 23 -13.8708
-5 24 -14.0839
-5 25 -14.2775
-5 26 -14.5051
-5 27 -14.7028
-5 28 -14.8929
-5 29 -15.0866
-5 30 -15.2709
-5 31 -15.4348
-5 32 -15.6138
-5 33 -15.7883
-5 34 -15.976
-5 35 -16.1275
-5 36 -16.2729
-5 37 -16.4159
-5 38 -16.5842
-5 39 -16.7337
-5 40 -16.8681
-4 -10 -8.45541
-4 -9 -8.44163
-4 -8 -8.41276
-4 -7 -8.37042
-4 -6 -8.36314
-4 -5 -8.35349
-4 -4 -8.32306
-4 -3 -8.26509
-4 -2 -8.23397
-4 -1 -8.20924
-4 0 -8.17975
-4 1 -8.15226
-4 2 -8.1935
-4 3 -8.36481
-4 4 -8.64152
-4 5 -8.94237
-4 6 -9.26762
-4 7 -9.57486
-4 8 -9.90399
-4 9 -10.2382
-4 10 -10.5442
-4 11 -10.8427
-4 12 -11.1328
-4 13 -11.4435
-4 14 -11.6958
-4 15 -11.958
-4 16 -12.2193
-4 17 -12.4841
-4 18 -12.7186
-4 19 -12.9644
-4 20 -13.1818
-4 21 -13.4187
-4 22 -13.649
-4 23 -13.8454
-4 24 -14.0628
-4 25 -14.2923
-4 26 -14.4626
-4 27 -14.663
-4 28 -14.8624
-4 29 -15.0625
-4 30 -15.2372
-4 31 -15.4322
-4 32 -15.585
-4 33 -15.7576
-4 34 -15.9336
-4 35 -16.0965
-4 36 -16.2388
-4 37 -16.3846
-4 38 -16.5642
-4 39 -16.6918
-4 40 -16.8458
-3 -10 -8.44965
-3 -9 -8.41391
-3 -8 -8.40613
-3 -7 -8.38745
-3 -6 -8.35711
-3 -5 -8.33295
-3 -4 -8.31045
-3 -3 -8.25912
-3 -2 -8.2171
-3 -1 -8.18488
-3 0 -8.15765
-3 1 -8.1472
-3 2 -8.17799
-3 3 -8.36037
-3 4 -8.58736
-3 5 -8.89828
-3 6 -9.22764
-3 7 -9.56154
-3 8 -9.87964
-3 9 -10.2462
-3 10 -10.5253
-3 11 -10.8266
-3 12 -11.1479
-3 13 -11.4207
-3 14 -11.6853
-3 15 -11.9478
-3 16 -12.2199
-3 17 -12.4636
-3 18 -12.7125
-3 19 -12.9403
-3 20 -13.1955
-3 21 -13.4101
-3 22 -13.6478
-3 23 -13.8415
-3 24 -14.047
-3 25 -14.2583
-3 26 -14.4629
-3 27 -14.6592
-3 28 -14.8539
-3 29 -15.0401
-3 30 -15.2279
-3 31 -15.4003
-3 32 -15.5865
-3 33 -15.7427
-3 34 -15.9107
-3 35 -16.0855
-3 36 -16.2421
-3 37 -16.395
-3 38 -16.5326
-3 39 -16.6757
-3 40 -16.8166
-2 -10 -8.4485
-2 -9 -8.41154
-2 -8 -8.39476
-2 -7 -8.37907
-2 -6 -8.35846
-2 -5 -8.32722
-2 -4 -8.26867
-2 -3 -8.24614
-2 -2 -8.22206
-2 -1 -8.19621
-2 0 -8.16565
-2 1 -8.11596
-2 2 -8.14752
-2 3 -8.31101
-2 4 -8.55118
-2 5 -8.86029
-2 6 -9.17983
-2 7 -9.51872
-2 8 -9.83482
-2 9 -10.1889
-2 10 -10.5226
-2 11 -10.7827
-2 12 -11.0871
-2 13 -11.3923
-2 14 -11.6869
-2 15 -11.9457
-2 16 -12.2119
-2 17 -12.4647
-2 18 -12.7231
-2 19 -12.9532
-2 20 -13.1844
-2 21 -13.415
-2 22 -13.6444
-2 23 -13.8464
-2 24 -14.0709
-2 25 -14.2693
-2 26 -14.4687
-2 27 -14.6448
-2 28 -14.8491
-2 29 -15.036
-2 30 -15.2245
-2 31 -15.4072
-2 32 -15.5863
-2 33 -15.7383
-2 34 -15.9069
-2 35 -16.0635
-2 36 -16.2106
-2 37 -16.365
-2 38 -16.516
-2 39 -16.6667
-2 40 -16.811
-1 -10 -8.43143
-1 -9 -8.42045
-1 -8 -8.40032
-1 -7 -8.37278
-1 -6 -8.34334
-1 -5 -8.31392
-1 -4 -8.26889
-1 -3 -8.25066
-1 -2 -8.22512
-1 -1 -8.18325
-1 0 -8.16129
-1 1 -8.08683
-1 2 -8.11612
-1 3 -8.26048
-1 4 -8.54973
-1 5 -8.86709
-1 6 -9.19227
-1 7 -9.49288
-1 8 -9.83569
-1 9 -10.1274
-1 10 -10.468
-1 11 -10.7522
-1 12 -11.0574
-1 13 -11.3753
-1 14 -11.6436
-1 15 -11.9083
-1 16 -12.2103
-1 17 -12.4416
-1 18 -12.7092
-1 19 -12.9285
-1 20 -13.2
-1 21 -13.432
-1 22 -13.6284
-1 23 -13.8616
-1 24 -14.067
-1 25 -14.2668
-1 26 -14.4903
-1 27 -14.6756
-1 28 -14.8719
-1 29 -15.0538
-1 30 -15.2349
-1 31 -15.3976
-1 32 -15.5755
-1 33 -15.7536
-1 34 -15.9092
-1 35 -16.0761
-1 36 -16.2246
-1 37 -16.381
-1 38 -16.5383
-1 39 -16.6845
-1 40 -16.8132
0 -10 -8.4354
0 -9 -8.43439
0 -8 -8.42201
0 -7 -8.36428
0 -6 -8.3539
0 -5 -8.31882
0 -4 -8.29149
0 -3 -8.26026
0 -2 -8.23693
0 -1 -8.21504
0 0 -8.15521
0 1 -8.10256
0 2 -8.10216
0 3 -8.27956
0 4 -8.55508
0 5 -8.87134
0 6 -9.18614
0 7 -9.51806
0 8 -9.83069
0 9 -10.157
0 10 -10.4664
0 11 -10.7791
0 12 -11.0653
0 13 -11.3583
0 14 -11.6468
0 15 -11.918
0 16 -12.2007
0 17 -12.4604
0 18 -12.7193
0 19 -12.9486
0 20 -13.2109
0 21 -13.4227
0 22 -13.663
0 23 -13.8791
0 24 -14.1056
0 25 -14.306
0 26 -14.5064
0 27 -14.7088
0 28 -14.8891
0 29 -15.0919
0 30 -15.2601
0 31 -15.4459
0 32 -15.6179
0 33 -15.789
0 34 -15.9429
0 35 -16.1056
0 36 -16.2783
0 37 -16.4018
0 38 -16.5535
0 39 -16.7052
0 40 -16.8279
1 -10 -8.48636
1 -9 -8.46916
1 -8 -8.44476
1 -7 -8.40814
1 -6 -8.38109
1 -5 -8.32816
1 -4 -8.31212
1 -3 -8.31039
1 -2 -8.27766
1 -1 -8.23928
1 0 -8.16636
1 1 -8.11276
1 2 -8.16048
1 3 -8.3073
1 4 -8.60326
1 5 -8.92113
1 6 -9.23432
1 7 -9.53902
1 8 -9.85024
1 9 -10.2073
1 10 -10.5129
1 11 -10.8
1 12 -11.0974
1 13 -11.3649
1 14 -11.6689
1 15 -11.9575
1 16 -12.2079
1 17 -12.4854
1 18 -12.7264
1 19 -12.9826
1 20 -13.2148
1 21 -13.4582
1 22 -13.6988
1 23 -13.9271
1 24 -14.1231
1 25 -14.3208
1 26 -14.56
1 27 -14.7422
1 28 -14.9335
1 29 -15.1045
1 30 -15.3204
1 31 -15.4862
1 32 -15.6617
1 33 -15.8211
1 34 -15.9724
1 35 -16.137
1 36 -16.2965
1 37 -16.4676
1 38 -16.6031
1 39 -16.7456
1 40 -16.8763
2 -10 -8.53029
2 -9 -8.52739
2 -8 -8.49755
2 -7 -8.44537
2 -6 -8.43653
2 -5 -8.39645
2 -4 -8.35919
2 -3 -8.35768
2 -2 -8.31788
2 -1 -8.27215
2 0 -8.22243
2 1 -8.17589
2 2 -8.18533
2 3 -8.33716
2 4 -8.61303
2 5 -8.92989
2 6 -9.24649
2 7 -9.57823
2 8 -9.88164
2 9 -10.2285
2 10 -10.564
2 11 -10.85
2 12 -11.1611
2 13 -11.423
2 14 -11.7054
2 15 -11.9991
2 16 -12.2549
2 17 -12.5218
2 18 -12.7639
2 19 -13.0301
2 20 -13.2806
2 21 -13.5029
2 22 -13.7277
2 23 -13.9634
2 24 -14.1722
2 25 -14.3731
2 26 -14.5925
2 27 -14.7944
2 28 -14.9706
2 29 -15.1755
2 30 -15.3499
2 31 -15.5194
2 32 -15.6921
2 33 -15.8692
2 34 -16.0415
2 35 -16.1971
2 36 -16.3367
2 37 -16.5005
2 38 -16.6496
2 39 -16.7879
2 40 -16.9234
3 -10 -8.58411
3 -9 -8.57609
3 -8 -8.5498
3 -7 -8.51782
3 -6 -8.48699
3 -5 -8.43796
3 -4 -8.40878
3 -3 -8.37953
3 -2 -8.36223
3 -1 -8.30839
3 0 -8.27188
3 1 -8.22178
3 2 -8.22857
3 3 -8.41652
3 4 -8.67033
3 5 -9.00676
3 6 -9.27645
3 7 -9.62989
3 8 -9.96898
3 9 -10.2769
3 10 -10.5808
3 11 -10.906
3 12 -11.1988
3 13 -11.488
3 14 -11.7676
3 15 -12.0675
3 16 -12.3311
3 17 -12.5729
3 18 -12.8317
3 19 -13.0812
3 20 -13.3166
3 21 -13.5526
3 22 -13.7912
3 23 -14.0149
3 24 -14.2386
3 25 -14.4279
3 26 -14.6407
3 27 -14.8291
3 28 -15.0263
3 29 -15.2313
3 30 -15.4028
3 31 -15.5762
3 32 -15.7506
3 33 -15.9139
3 34 -16.0768
3 35 -16.2356
3 36 -16.4037
3 37 -16.5516
3 38 -16.7056
3 39 -16.8435
3 40 -16.9826
4 -10 -8.63063
4 -9 -8.59309
4 -8 -8.59483
4 -7 -8.56089
4 -6 -8.52091
4 -5 -8.49604
4 -4 -8.46191
4 -3 -8.43603
4 -2 -8.38878
4 -1 -8.34444
4 0 -8.32818
4 1 -8.2803
4 2 -8.30244
4 3 -8.46251
4 4 -8.74614
4 5 -9.05359
4 6 -9.3809
4 7 -9.68192
4 8 -10.0318
4 9 -10.3393
4 10 -10.6551
4 11 -10.9674
4 12 -11.282
4 13 -11.5658
4 14 -11.8512
4 15 -12.1224
4 16 -12.388
4 17 -12.6534
4 18 -12.8956
4 19 -13.1368
4 20 -13.3769
4 21 -13.5964
4 22 -13.8349
4 23 -14.0379
4 24 -14.2621
4 25 -14.4832
4 26 -14.672
4 27 -14.8686
4 28 -15.0672
4 29 -15.2564
4 30 -15.4288
4 31 -15.623
4 32 -15.7884
4 33 -15.9652
4 34 -16.1436
4 35 -16.2834
4 36 -16.4561
4 37 -16.5894
4 38 -16.7491
4 39 -16.886
4 40 -17.0102
5 -10 -8.70118
5 -9 -8.66385
5 -8 -8.62033
5 -7 -8.59403
5 -6 -8.57189
5 -5 -8.55768
5 -4 -8.53124
5 -3 -8.47643
5 -2 -8.43816
5 -1 -8.38081
5 0 -8.34998
5 1 -8.31508
5 2 -8.34737
5 3 -8.52643
5 4 -8.77416
5 5 -9.11344
5 6 -9.4273
5 7 -9.78228
5 8 -10.0679
5 9 -10.4136
5 10 -10.7232
5 11 -11.042
5 12 -11.3232
5 13 -11.6163
5 14 -11.9021
5 15 -12.1639
5 16 -12.4311
5 17 -12.69
5 18 -12.9409
5 19 -13.1728
5 20 -13.4048
5 21 -13.6565
5 22 -13.8652
5 23 -14.1001
5 24 -14.3036
5 25 -14.5158
5 26 -14.706
5 27 -14.9084
5 28 -15.1106
5 29 -15.3034
5 30 -15.4923
5 31 -15.666
5 32 -15.8308
5 33 -16.0004
5 34 -16.1779
5 35 -16.3334
5 36 -16.4937
5 37 -16.6531
5 38 -16.7993
5 39 -16.944
5 40 -17.076
6 -10 -8.72058
6 -9 -8.68958
6 -8 -8.65933
6 -7 -8.64004
6 -6 -8.60861
6 -5 -8.59942
6 -4 -8.57787
6 -3 -8.51202
6 -2 -8.46833
6 -1 -8.44436
6 0 -8.38409
6 1 -8.38628
6 2 -8.41041
6 3 -8.58322
6 4 -8.85613
6 5 -9.15699
6 6 -9.45903
6 7 -9.80765
6 8 -10.1395
6 9 -10.4713
6 10 -10.7681
6 11 -11.078
6 12 -11.3691
6 13 -11.6738
6 14 -11.9404
6 15 -12.2185
6 16 -12.4755
6 17 -12.7158
6 18 -12.9804
6 19 -13.2242
6 20 -13.4358
6 21 -13.6822
6 22 -13.8986
6 23 -14.1274
6 24 -14.3435
6 25 -14.5494
6 26 -14.7672
6 27 -14.964
6 28 -15.1589
6 29 -15.3389
6 30 -15.5411
6 31 -15.7166
6 32 -15.8957
6 33 -16.0638
6 34 -16.2273
6 35 -16.3944
6 36 -16.5562
6 37 -16.6968
6 38 -16.8477
6 39 -16.9957
6 40 -17.1417
7 -10 -8.78334
7 -9 -8.75323
7 -8 -8.71433
7 -7 -8.68387
7 -6 -8.68153
7 -5 -8.63668
7 -4 -8.60422
7 -3 -8.5893
7 -2 -8.54582
7 -1 -8.49279
7 0 -8.4246
7 1 -8.42282
7 2 -8.4505
7 3 -8.61366
7 4 -8.86949
7 5 -9.20093
7 6 -9.52488
7 7 -9.84324
7 8 -10.1807
7 9 -10.4984
7 10 -10.8306
7 11 -11.1033
7 12 -11.4099
7 13 -11.7118
7 14 -11.9648
7 15 -12.2497
7 16 -12.5004
7 17 -12.7667
7 18 -13.0076
7 19 -13.2532
7 20 -13.4809
7 21 -13.7337
7 22 -13.9564
7 23 -14.176
7 24 -14.4026
7 25 -14.6041
7 26 -14.8147
7 27 -15.0028
7 28 -15.2141
7 29 -15.3961
7 30 -15.5624
7 31 -15.7474
7 32 -15.9491
7 33 -16.1322
7 34 -16.3002
7 35 -16.4548
7 36 -16.6107
7 37 -16.7632
7 38 -16.9184
7 39 -17.0514
7 40 -17.1933
8 -10 -8.82227
8 -9 -8.81105
8 -8 -8.76258
8 -7 -8.7352
8 -6 -8.70433
8 -5 -8.70046
8 -4 -8.65416
8 -3 -8.64129
8 -2 -8.57545
8 -1 -8.5277
8 0 -8.49201
8 1 -8.44732
8 2 -8.48837
8 3 -8.65594
8 4 -8.92284
8 5 -9.23739
8 6 -9.55679
8 7 -9.90324
8 8 -10.208
8 9 -10.5424
8 10 -10.8482
8 11 -11.1627
8 12 -11.4559
8 13 -11.7195
8 14 -12.0124
8 15 -12.2958
8 16 -12.55
8 17 -12.8037
8 18 -13.0572
8 19 -13.2942
8 20 -13.5418
8 21 -13.774
8 22 -13.9942
8 23 -14.2017
8 24 -14.4496
8 25 -14.6633
8 26 -14.8529
8 27 -15.0711
8 28 -15.2649
8 29 -15.4461
8 30 -15.6443
8 31 -15.8174
8 32 -15.9884
8 33 -16.1808
8 34 -16.3447
8 35 -16.4998
8 36 -16.6809
8 37 -16.8139
8 38 -16.9538
8 39 -17.1183
8 40 -17.2448
9 -10 -8.8656
9 -9 -8.8329
9 -8 -8.80526
9 -7 -8.77573
9 -6 -8.75066
9 -5 -8.72674
9 -4 -8.68844
9 -3 -8.67187
9 -2 -8.62128
9 -1 -8.58545
9 0 -8.54724
9 1 -8.50084
9 2 -8.52864
9 3 -8.67863
9 4 -8.96011
9 5 -9.27604
9 6 -9.59978
9 7 -9.94666
9 8 -10.2687
9 9 -10.578
9 10 -10.8954
9 11 -11.2005
9 12 -11.4943
9 13 -11.7884
9 14 -12.0643
9 15 -12.3397
9 16 -12.5995
9 17 -12.856
9 18 -13.0986
9 19 -13.3288
9 20 -13.59
9 21 -13.8181
9 22 -14.0503
9 23 -14.2807
9 24 -14.4874
9 25 -14.7044
9 26 -14.9062
9 27 -15.1012
9 28 -15.3238
9 29 -15.4971
9 30 -15.7028
9 31 -15.8722
9 32 -16.0374
9 33 -16.2058
9 34 -16.379
9 35 -16.5516
9 36 -16.6958
9 37 -16.8505
9 38 -17.0068
9 39 -17.1472
9 40 -17.2841
10 -10 -8.89854
10 -9 -8.86765
10 -8 -8.8387
10 -7 -8.80956
10 -6 -8.77222
10 -5 -8.76534
10 -4 -8.72706
10 -3 -8.6989
10 -2 -8.63591
10 -1 -8.61859
10 0 -8.60148
10 1 -8.54715
10 2 -8.56364
10 3 -8.72917
10 4 -9.01054
10 5 -9.32888
10 6 -9.66082
10 7 -9.97982
10 8 -10.314
10 9 -10.629
10 10 -10.9539
10 11 -11.2553
10 12 -11.5529
10 13 -11.8331
10 14 -12.0939
10 15 -12.3816
10 16 -12.6623
10 17 -12.9006
10 18 -13.138
10 19 -13.392
10 20 -13.6397
10 21 -13.8747
10 22 -14.0975
10 23 -14.3109
10 24 -14.5433
10 25 -14.7387
10 26 -14.9578
10 27 -15.137
10 28 -15.349
10 29 -15.5453
10 30 -15.713
10 31 -15.8972
10 32 -16.0776
10 33 -16.2524
10 34 -16.4111
10 35 -16.5773
10 36 -16.7392
10 37 -16.8814
10 38 -17.0308
10 39 -17.1763
10 40 -17.3215
11 -10 -8.91792
11 -9 -8.90885
11 -8 -8.85529
11 -7 -8.83897
11 -6 -8.82709
11 -5 -8.79787
11 -4 -8.7535
11 -3 -8.72771
11 -2 -8.66393
11 -1 -8.64845
11 0 -8.61494
11 1 -8.58234
11 2 -8.60895
11 3 -8.77626
11 4 -9.04992
11 5 -9.37952
11 6 -9.6782
11 7 -10.0475
11 8 -10.3647
11 9 -10.6733
11 10 -10.99
11 11 -11.2827
11 12 -11.5831
11 13 -11.8718
11 14 -12.1541
11 15 -12.4292
11 16 -12.6835
11 17 -12.948
11 18 -13.1897
11 19 -13.4346
11 20 -13.6774
11 21 -13.8928
11 22 -14.1334
11 23 -14.3442
11 24 -14.5688
11 25 -14.7791
11 26 -14.9687
11 27 -15.1899
11 28 -15.3709
11 29 -15.5559
11 30 -15.7453
11 31 -15.9252
11 32 -16.1022
11 33 -16.2998
11 34 -16.4477
11 35 -16.6098
11 36 -16.7623
11 37 -16.9277
11 38 -17.0689
11 39 -17.213
11 40 -17.3466
12 -10 -8.9632
12 -9 -8.92608
12 -8 -8.90812
12 -7 -8.87762
12 -6 -8.86208
12 -5 -8.82475
12 -4 -8.81597
12 -3 -8.74977
12 -2 -8.71801
12 -1 -8.65973
12 0 -8.64745
12 1 -8.6274
12 2 -8.64729
12 3 -8.82265
12 4 -9.11067
12 5 -9.39171
12 6 -9.71978
12 7 -10.0729
12 8 -10.3899
12 9 -10.7246
12 10 -11.0359
12 11 -11.3318
12 12 -11.6316
12 13 -11.9019
12 14 -12.1914
12 15 -12.4584
12 16 -12.7175
12 17 -12.9686
12 18 -13.2034
12 19 -13.4524
12 20 -13.6988
12 21 -13.9286
12 22 -14.1521
12 23 -14.3734
12 24 -14.5841
12 25 -14.7998
12 26 -15.0075
12 27 -15.2105
12 28 -15.3993
12 29 -15.5857
12 30 -15.7808
12 31 -15.9566
12 32 -16.133
12 33 -16.3127
12 34 -16.4845
12 35 -16.6375
12 36 -16.7954
12 37 -16.949
12 38 -17.099
12 39 -17.2384
12 40 -17.3761
13 -10 -8.99803
13 -9 -8.98104
13 -8 -8.93382
13 -7 -8.91395
13 -6 -8.89251
13 -5 -8.86199
13 -4 -8.85036
13 -3 -8.80297
13 -2 -8.74603
13 -1 -8.6994
13 0 -8.68285
13 1 -8.65382
13 2 -8.68262
13 3 -8.86136
13 4 -9.11705
13 5 -9.44775
13 6 -9.7356
13 7 -10.0928
13 8 -10.4169
13 9 -10.7351
13 10 -11.0354
13 11 -11.3532
13 12 -11.6665
13 13 -11.9345
13 14 -12.204
13 15 -12.4933
13 16 -12.7554
13 17 -12.9973
13 18 -13.2416
13 19 -13.4796
13 20 -13.7224
13 21 -13.9579
13 22 -14.1866
13 23 -14.4044
13 24 -14.6205
13 25 -14.8382
13 26 -15.0347
13 27 -15.2336
13 28 -15.4218
13 29 -15.6358
13 30 -15.8219
13 31 -16.0004
13 32 -16.1764
13 33 -16.347
13 34 -16.5229
13 35 -16.6711
13 36 -16.8369
13 37 -16.977
13 38 -17.1404
13 39 -17.2814
13 40 -17.4158
14 -10 -9.04147
14 -9 -9.00507
14 -8 -8.96917
14 -7 -8.93895
14 -6 -8.91668
14 -5 -8.91227
14 -4 -8.87906
14 -3 -8.84149
14 -2 -8.79568
14 -1 -8.73725
14 0 -8.70861
14 1 -8.66703
14 2 -8.71774
14 3 -8.88749
14 4 -9.13677
14 5 -9.44834
14 6 -9.78171
14 7 -10.1153
14 8 -10.4484
14 9 -10.7687
14 10 -11.0971
14 11 -11.3781
14 12 -11.6823
14 13 -11.965
14 14 -12.2438
14 15 -12.5141
14 16 -12.7669
14 17 -13.0232
14 18 -13.2647
14 19 -13.5157
14 20 -13.7446
14 21 -13.9869
14 22 -14.2037
14 23 -14.4264
14 24 -14.6606
14 25 -14.8593
14 26 -15.0745
14 27 -15.2617
14 28 -15.459
14 29 -15.6696
14 30 -15.8384
14 31 -16.0335
14 32 -16.2165
14 33 -16.3791
14 34 -16.5412
14 35 -16.7073
14 36 -16.8702
14 37 -17.0249
14 38 -17.1766
14 39 -17.3155
14 40 -17.4526
15 -10 -9.07284
15 -9 -9.0315
15 -8 -9.00888
15 -7 -8.97313
15 -6 -8.94735
15 -5 -8.91923
15 -4 -8.89876
15 -3 -8.84944
15 -2 -8.82158
15 -1 -8.78187
15 0 -8.73473
15 1 -8.68789
15 2 -8.73399
15 3 -8.90778
15 4 -9.16939
15 5 -9.50406
15 6 -9.80883
15 7 -10.1327
15 8 -10.4881
15 9 -10.8078
15 10 -11.1128
15 11 -11.4084
15 12 -11.7195
15 13 -11.9992
15 14 -12.2713
15 15 -12.54
15 16 -12.8215
15 17 -13.064
15 18 -13.3044
15 19 -13.5518
15 20 -13.8065
15 21 -14.0136
15 22 -14.2408
15 23 -14.4542
15 24 -14.6752
15 25 -14.9039
15 26 -15.1118
15 27 -15.3054
15 28 -15.5058
15 29 -15.6887
15 30 -15.8836
15 31 -16.0727
15 32 -16.2414
15 33 -16.4103
15 34 -16.5632
15 35 -16.7411
15 36 -16.8991
15 37 -17.0649
15 38 -17.2101
15 39 -17.3465
15 40 -17.4918
16 -10 -9.08977
16 -9 -9.05812
16 -8 -9.0184
16 -7 -8.99256
16 -6 -8.974
16 -5 -8.95158
16 -4 -8.92164
16 -3 -8.88457
16 -2 -8.85126
16 -1 -8.7938
16 0 -8.78127
16 1 -8.73432
16 2 -8.75911
16 3 -8.92267
16 4 -9.18471
16 5 -9.50882
16 6 -9.82831
16 7 -10.173
16 8 -10.4981
16 9 -10.8446
16 10 -11.1395
16 11 -11.4434
16 12 -11.7448
16 13 -12.0344
16 14 -12.3175
16 15 -12.5852
16 16 -12.8495
16 17 -13.1077
16 18 -13.3416
16 19 -13.5969
16 20 -13.8202
16 21 -14.0579
16 22 -14.2826
16 23 -14.505
16 24 -14.7226
16 25 -14.9419
16 26 -15.1395
16 27 -15.3397
16 28 -15.5333
16 29 -15.722
16 30 -15.9093
16 31 -16.1015
16 32 -16.2764
16 33 -16.4423
16 34 -16.6072
16 35 -16.7762
16 36 -16.941
16 37 -17.0902
16 38 -17.2283
16 39 -17.3848
16 40 -17.5274
17 -10 -9.10629
17 -9 -9.08089
17 -8 -9.05061
17 -7 -9.02386
17 -6 -9.00342
17 -5 -8.98656
17 -4 -8.95193
17 -3 -8.90137
17 -2 -8.8713
17 -1 -8.82739
17 0 -8.81062
17 1 -8.77123
17 2 -8.79353
17 3 -8.97867
17 4 -9.20726
17 5 -9.53687
17 6 -9.86739
17 7 -10.2034
17 8 -10.5381
17 9 -10.8713
17 10 -11.1751
17 11 -11.4909
17 12 -11.777
17 13 -12.0552
17 14 -12.3323
17 15 -12.6216
17 16 -12.8594
17 17 -13.1363
17 18 -13.3836
17 19 -13.6186
17 20 -13.8689
17 21 -14.0988
17 22 -14.3172
17 23 -14.5323
17 24 -14.7497
17 25 -14.9458
17 26 -15.1538
17 27 -15.3625
17 28 -15.5602
17 29 -15.7417
17 30 -15.9364
17 31 -16.1153
17 32 -16.311
17 33 -16.4673
17 34 -16.6424
17 35 -16.7937
17 36 -16.9568
17 37 -17.1104
17 38 -17.2572
17 39 -17.4051
17 40 -17.5412
18 -10 -9.12409
18 -9 -9.09642
18 -8 -9.06516
18 -7 -9.04063
18 -6 -9.03839
18 -5 -8.9998
18 -4 -8.97167
18 -3 -8.93526
18 -2 -8.88776
18 -1 -8.85978
18 0 -8.82961
18 1 -8.81398
18 2 -8.82329
18 3 -8.99412
18 4 -9.26422
18 5 -9.56199
18 6 -9.91048
18 7 -10.2317
18 8 -10.5594
18 9 -10.8899
18 10 -11.2017
18 11 -11.5091
18 12 -11.8054
18 13 -12.0875
18 14 -12.3534
18 15 -12.6287
18 16 -12.8954
18 17 -13.1591
18 18 -13.3973
18 19 -13.6319
18 20 -13.8797
18 21 -14.118
18 22 -14.3444
18 23 -14.5628
18 24 -14.7661
18 25 -14.981
18 26 -15.1786
18 27 -15.383
18 28 -15.5719
18 29 -15.7782
18 30 -15.9579
18 31 -16.1388
18 32 -16.3238
18 33 -16.4849
18 34 -16.66
18 35 -16.8246
18 36 -16.9761
18 37 -17.1162
18 38 -17.2848
18 39 -17.4192
18 40 -17.5701
19 -10 -9.15134
19 -9 -9.12768
19 -8 -9.09273
19 -7 -9.07388
19 -6 -9.04097
19 -5 -9.03386
19 -4 -8.99738
19 -3 -8.95947
19 -2 -8.91488
19 -1 -8.88284
19 0 -8.85451
19 1 -8.81889
19 2 -8.84912
19 3 -9.01481
19 4 -9.27345
19 5 -9.5812
19 6 -9.9007
19 7 -10.2564
19 8 -10.5825
19 9 -10.9188
19 10 -11.2439
19 11 -11.5363
19 12 -11.827
19 13 -12.1108
19 14 -12.3848
19 15 -12.6616
19 16 -12.9195
19 17 -13.169
19 18 -13.4232
19 19 -13.6722
19 20 -13.9093
19 21 -14.1396
19 22 -14.3697
19 23 -14.5731
19 24 -14.7904
19 25 -14.9894
19 26 -15.2092
19 27 -15.4079
19 28 -15.6045
19 29 -15.8
19 30 -15.9901
19 31 -16.1648
19 32 -16.3408
19 33 -16.5003
19 34 -16.6778
19 35 -16.8488
19 36 -17.0038
19 37 -17.1561
19 38 -17.3088
19 39 -17.4472
19 40 -17.5878
20 -10 -9.18213
20 -9 -9.14823
20 -8 -9.11759
20 -7 -9.09267
20 -6 -9.08226
20 -5 -9.07696
20 -4 -9.03634
20 -3 -8.99101
20 -2 -8.94146
20 -1 -8.90537
20 0 -8.88047
20 1 -8.8514
20 2 -8.87717
20 3 -9.0387
20 4 -9.30208
20 5 -9.6195
20 6 -9.94477
20 7 -10.2885
20 8 -10.6032
20 9 -10.9304
20 10 -11.2522
20 11 -11.5646
20 12 -11.8538
20 13 -12.142
20 14 -12.4125
20 15 -12.6863
20 16 -12.9411
20 17 -13.2007
20 18 -13.4578
20 19 -13.6846
20 20 -13.9175
20 21 -14.1631
20 22 -14.3738
20 23 -14.6043
20 24 -14.8115
20 25 -15.0318
20 26 -15.2366
20 27 -15.4373
20 28 -15.6339
20 29 -15.8177
20 30 -16.0073
20 31 -16.1845
20 32 -16.3637
20 33 -16.548
20 34 -16.7059
20 35 -16.873
20 36 -17.0204
20 37 -17.1873
20 38 -17.3291
20 39 -17.4828
20 40 -17.6114
21 -10 -9.19737
21 -9 -9.18229
21 -8 -9.14104
21 -7 -9.11134
21 -6 -9.10575
21 -5 -9.08066
21 -4 -9.05683
21 -3 -8.99868
21 -2 -8.96917
21 -1 -8.91293
21 0 -8.90016
21 1 -8.87652
21 2 -8.8908
21 3 -9.05685
21 4 -9.31356
21 5 -9.64029
21 6 -9.96895
21 7 -10.3034
21 8 -10.6119
21 9 -10.9431
21 10 -11.2551
21 11 -11.5673
21 12 -11.8721
21 13 -12.1562
21 14 -12.4338
21 15 -12.7031
21 16 -12.9762
21 17 -13.2332
21 18 -13.4711
21 19 -13.718
21 20 -13.9593
21 21 -14.1925
21 22 -14.4053
21 23 -14.6275
21 24 -14.8465
21 25 -15.0545
21 26 -15.252
21 27 -15.4508
21 28 -15.6588
21 29 -15.8308
21 30 -16.0226
21 31 -16.2184
21 32 -16.3936
21 33 -16.5519
21 34 -16.736
21 35 -16.895
21 36 -17.0553
21 37 -17.1934
21 38 -17.3538
21 39 -17.4992
21 40 -17.6339
22 -10 -9.22267
22 -9 -9.19304
22 -8 -9.17335
22 -7 -9.13922
22 -6 -9.11944
22 -5 -9.09701
22 -4 -9.07583
22 -3 -9.03283
22 -2 -8.98422
22 -1 -8.956
22 0 -8.91842
22 1 -8.87832
22 2 -8.9092
22 3 -9.07789
22 4 -9.32617
22 5 -9.65686
22 6 -9.97876
22 7 -10.3258
22 8 -10.6589
22 9 -10.9657
22 10 -11.2856
22 11 -11.5932
22 12 -11.886
22 13 -12.1876
22 14 -12.4525
22 15 -12.713
22 16 -13.0035
22 17 -13.2557
22 18 -13.4954
22 19 -13.7448
22 20 -13.9682
22 21 -14.1959
22 22 -14.4341
22 23 -14.6456
22 24 -14.8598
22 25 -15.0899
22 26 -15.2695
22 27 -15.4743
22 28 -15.6721
22 29 -15.8667
22 30 -16.0537
22 31 -16.2299
22 32 -16.415
22 33 -16.5931
22 34 -16.7497
22 35 -16.9184
22 36 -17.0674
22 37 -17.2191
22 38 -17.3803
22 39 -17.5104
22 40 -17.6689
23 -10 -9.24683
23 -9 -9.22119
23 -8 -9.18332
23 -7 -9.14711
23 -6 -9.14068
23 -5 -9.1157
23 -4 -9.08246
23 -3 -9.04821
23 -2 -9.02024
23 -1 -8.96849
23 0 -8.95341
23 1 -8.91789
23 2 -8.9278
23 3 -9.09321
23 4 -9.36097
23 5 -9.67207
23 6 -10.015
23 7 -10.3318
23 8 -10.6818
23 9 -10.991
23 10 -11.312
23 11 -11.6208
23 12 -11.9017
23 13 -12.2011
23 14 -12.4805
23 15 -12.7503
23 16 -13.0216
23 17 -13.2597
23 18 -13.5214
23 19 -13.7552
23 20 -14.0027
23 21 -14.2251
23 22 -14.452
23 23 -14.6723
23 24 -14.8764
23 25 -15.1001
23 26 -15.2997
23 27 -15.5029
23 28 -15.6899
23 29 -15.891
23 30 -16.0782
23 31 -16.2486
23 32 -16.4325
23 33 -16.6077
23 34 -16.7699
23 35 -16.9291
23 36 -17.1071
23 37 -17.242
23 38 -17.4027
23 39 -17.5461
23 40 -17.6752
24 -10 -9.26333
24 -9 -9.23416
24 -8 -9.20913
24 -7 -9.1743
24 -6 -9.15604
24 -5 -9.14181
24 -4 -9.10918
24 -3 -9.06304
24 -2 -9.03383
24 -1 -8.99761
24 0 -8.96315
24 1 -8.93355
24 2 -8.94763
24 3 -9.11844
24 4 -9.4028
24 5 -9.70293
24 6 -10.0177
24 7 -10.3527
24 8 -10.685
24 9 -11.0111
24 10 -11.3178
24 11 -11.6498
24 12 -11.9332
24 13 -12.2121
24 14 -12.5022
24 15 -12.7759
24 16 -13.0364
24 17 -13.2972
24 18 -13.5388
24 19 -13.781
24 20 -14.0167
24 21 -14.2378
24 22 -14.4839
24 23 -14.6917
24 24 -14.9157
24 25 -15.1208
24 26 -15.3233
24 27 -15.5292
24 28 -15.7223
24 29 -15.9169
24 30 -16.0931
24 31 -16.2807
24 32 -16.4552
24 33 -16.6219
24 34 -16.7921
24 35 -16.9647
24 36 -17.1163
24 37 -17.2712
24 38 -17.4127
24 39 -17.5654
24 40 -17.7053
25 -10 -9.28528
25 -9 -9.25137
25 -8 -9.22535
25 -7 -9.19542
25 -6 -9.17495
25 -5 -9.15152
25 -4 -9.12539
25 -3 -9.08909
25 -2 -9.04282
25 -1 -9.00895
25 0 -8.98878
25 1 -8.95607
25 2 -8.96917
25 3 -9.1438
25 4 -9.40112
25 5 -9.72567
25 6 -10.0441
25 7 -10.3841
25 8 -10.7226
25 9 -11.0291
25 10 -11.3664
25 11 -11.6482
25 12 -11.9533
25 13 -12.2372
25 14 -12.5279
25 15 -12.7912
25 16 -13.0549
25 17 -13.3133
25 18 -13.5582
25 19 -13.7986
25 20 -14.0335
25 21 -14.273
25 22 -14.4994
25 23 -14.7242
25 24 -14.9268
25 25 -15.1501
25 26 -15.3459
25 27 -15.5381
25 28 -15.7336
25 29 -15.9263
25 30 -16.115
25 31 -16.2911
25 32 -16.4705
25 33 -16.6342
25 34 -16.8134
25 35 -16.9779
25 36 -17.1326
25 37 -17.2873
25 38 -17.4362
25 39 -17.5814
25 40 -17.7182
26 -10 -9.29315
26 -9 -9.26054
26 -8 -9.24103
26 -7 -9.22893
26 -6 -9.20194
26 -5 -9.17659
26 -4 -9.15412
26 -3 -9.10508
26 -2 -9.06776
26 -1 -9.02294
26 0 -9.00817
26 1 -8.97318
26 2 -8.99046
26 3 -9.15567
26 4 -9.42162
26 5 -9.73861
26 6 -10.0671
26 7 -10.389
26 8 -10.7426
26 9 -11.0478
26 10 -11.3658
26 11 -11.6743
26 12 -11.9687
26 13 -12.2663
26 14 -12.5459
26 15 -12.8132
26 16 -13.0692
26 17 -13.3267
26 18 -13.5803
26 19 -13.8194
26 20 -14.0721
26 21 -14.2815
26 22 -14.5229
26 23 -14.7375
26 24 -14.9441
26 25 -15.1591
26 26 -15.3602
26 27 -15.5651
26 28 -15.7566
26 29 -15.9485
26 30 -16.1401
26 31 -16.3126
26 32 -16.4911
26 33 -16.6647
26 34 -16.8393
26 35 -16.9913
26 36 -17.148
26 37 -17.3076
26 38 -17.4571
26 39 -17.6026
26 40 -17.7402
27 -10 -9.31408
27 -9 -9.29047
27 -8 -9.2662
27 -7 -9.23927
27 -6 -9.2149
27 -5 -9.18972
27 -4 -9.16622
27 -3 -9.13243
27 -2 -9.09856
27 -1 -9.05874
27 0 -9.02871
27 1 -8.99817
27 2 -9.00855
27 3 -9.18058
27 4 -9.43783
27 5 -9.74164
27 6 -10.0697
27 7 -10.4084
27 8 -10.7488
27 9 -11.0646
27 10 -11.3775
27 11 -11.6921
27 12 -11.9795
27 13 -12.2815
27 14 -12.5573
27 15 -12.8263
27 16 -13.1064
27 17 -13.3372
27 18 -13.5878
27 19 -13.8369
27 20 -14.0694
27 21 -14.3049
27 22 -14.5308
27 23 -14.7442
27 24 -14.9738
27 25 -15.1798
27 26 -15.3732
27 27 -15.5726
27 28 -15.7856
27 29 -15.9631
27 30 -16.1471
27 31 -16.3352
27 32 -16.5091
27 33 -16.6788
27 34 -16.84
27 35 -17.0084
27 36 -17.1706
27 37 -17.3264
27 38 -17.4716
27 39 -17.6031
27 40 -17.7515
28 -10 -9.33025
28 -9 -9.30396
28 -8 -9.28036
28 -7 -9.25965
28 -6 -9.23693
28 -5 -9.20686
28 -4 -9.18624
28 -3 -9.15351
28 -2 -9.1013
28 -1 -9.07193
28 0 -9.03937
28 1 -8.9923
28 2 -9.02258
28 3 -9.17852
28 4 -9.46221
28 5 -9.77863
28 6 -10.1003
28 7 -10.4437
28 8 -10.7693
28 9 -11.0939
28 10 -11.3915
28 11 -11.7058
28 12 -11.9991
28 13 -12.3011
28 14 -12.5726
28 15 -12.8482
28 16 -13.1097
28 17 -13.3667
28 18 -13.6195
28 19 -13.8573
28 20 -14.1043
28 21 -14.3189
28 22 -14.5523
28 23 -14.7731
28 24 -14.9738
28 25 -15.1891
28 26 -15.394
28 27 -15.5951
28 28 -15.8061
28 29 -15.996
28 30 -16.1684
28 31 -16.3568
28 32 -16.5266
28 33 -16.7073
28 34 -16.8679
28 35 -17.0309
28 36 -17.1929
28 37 -17.3408
28 38 -17.4974
28 39 -17.6319
28 40 -17.7703
29 -10 -9.34076
29 -9 -9.31932
29 -8 -9.28964
29 -7 -9.27082
29 -6 -9.24756
29 -5 -9.22294
29 -4 -9.19416
29 -3 -9.16638
29 -2 -9.12121
29 -1 -9.08363
29 0 -9.06076
29 1 -9.00528
29 2 -9.02168
29 3 -9.21192
29 4 -9.48098
29 5 -9.7943
29 6 -10.122
29 7 -10.4566
29 8 -10.7869
29 9 -11.111
29 10 -11.4419
29 11 -11.7115
29 12 -12.0148
29 13 -12.3127
29 14 -12.59
29 15 -12.8754
29 16 -13.1218
29 17 -13.3744
29 18 -13.6401
29 19 -13.873
29 20 -14.1074
29 21 -14.3504
29 22 -14.5596
29 23 -14.7911
29 24 -15.0029
29 25 -15.2035
29 26 -15.4259
29 27 -15.6146
29 28 -15.8172
29 29 -16.0072
29 30 -16.1943
29 31 -16.3692
29 32 -16.5491
29 33 -16.7202
29 34 -16.8818
29 35 -17.0544
29 36 -17.2104
29 37 -17.3517
29 38 -17.5151
29 39 -17.6486
29 40 -17.7935
30 -10 -9.3588
30 -9 -9.33556
30 -8 -9.30603
30 -7 -9.28097
30 -6 -9.26484
30 -5 -9.23772
30 -4 -9.20687
30 -3 -9.18255
30 -2 -9.14109
30 -1 -9.09612
30 0 -9.07357
30 1 -9.023
30 2 -9.04301
30 3 -9.21894
30 4 -9.48311
30 5 -9.806
30 6 -10.1327
30 7 -10.4714
30 8 -10.8039
30 9 -11.1211
30 10 -11.4265
30 11 -11.7464
30 12 -12.0298
30 13 -12.3372
30 14 -12.6146
30 15 -12.879
30 16 -13.1506
30 17 -13.3967
30 18 -13.6562
30 19 -13.8975
30 20 -14.1351
30 21 -14.3529
30 22 -14.5848
30 23 -14.809
30 24 -15.0204
30 25 -15.2253
30 26 -15.4394
30 27 -15.63
30 28 -15.8299
30 29 -16.0236
30 30 -16.1921
30 31 -16.3874
30 32 -16.561
30 33 -16.7302
30 34 -16.9073
30 35 -17.0647
30 36 -17.2257
30 37 -17.3719
30 38 -17.5215
30 39 -17.668
30 40 -17.8068
31 -10 -9.37694
31 -9 -9.35452
31 -8 -9.32505
31 -7 -9.30292
31 -6 -9.27772
31 -5 -9.25242
31 -4 -9.22756
31 -3 -9.19281
31 -2 -9.15026
31 -1 -9.13627
31 0 -9.08826
31 1 -9.06039
31 2 -9.07889
31 3 -9.2431
31 4 -9.52571
31 5 -9.81127
31 6 -10.1609
31 7 -10.4901
31 8 -10.8091
31 9 -11.1484
31 10 -11.4619
31 11 -11.7594
31 12 -12.0536
31 13 -12.3512
31 14 -12.6145
31 15 -12.886
31 16 -13.1625
31 17 -13.4131
31 18 -13.6673
31 19 -13.9084
31 20 -14.1375
31 21 -14.3723
31 22 -14.6016
31 23 -14.8145
31 24 -15.0443
31 25 -15.2496
31 26 -15.4453
31 27 -15.6536
31 28 -15.8498
31 29 -16.04
31 30 -16.2352
31 31 -16.408
31 32 -16.5764
31 33 -16.7575
31 34 -16.9125
31 35 -17.0739
31 36 -17.2337
31 37 -17.3926
31 38 -17.5439
31 39 -17.6855
31 40 -17.8215
32 -10 -9.37843
32 -9 -9.35885
32 -8 -9.33913
32 -7 -9.3178
32 -6 -9.29362
32 -5 -9.26247
32 -4 -9.23497
32 -3 -9.2038
32 -2 -9.1736
32 -1 -9.12322
32 0 -9.10508
32 1 -9.07753
32 2 -9.10132
32 3 -9.26124
32 4 -9.5206
32 5 -9.83973
32 6 -10.1709
32 7 -10.5087
32 8 -10.83
32 9 -11.1694
32 10 -11.4787
32 11 -11.7692
32 12 -12.0697
32 13 -12.3735
32 14 -12.6352
32 15 -12.9134
32 16 -13.1594
32 17 -13.4293
32 18 -13.6787
32 19 -13.9217
32 20 -14.1523
32 21 -14.3953
32 22 -14.6102
32 23 -14.8405
32 24 -15.0546
32 25 -15.2613
32 26 -15.468
32 27 -15.6609
32 28 -15.8618
32 29 -16.0497
32 30 -16.243
32 31 -16.4173
32 32 -16.5947
32 33 -16.773
32 34 -16.9388
32 35 -17.0937
32 36 -17.2482
32 37 -17.4034
32 38 -17.554
32 39 -17.6984
32 40 -17.8343
33 -10 -9.40003
33 -9 -9.38274
33 -8 -9.34655
33 -7 -9.33373
33 -6 -9.30417
33 -5 -9.27709
33 -4 -9.26229
33 -3 -9.21238
33 -2 -9.17367
33 -1 -9.14358
33 0 -9.11247
33 1 -9.07228
33 2 -9.1021
33 3 -9.26129
33 4 -9.55959
33 5 -9.8606
33 6 -10.1822
33 7 -10.53
33 8 -10.8442
33 9 -11.1784
33 10 -11.4739
33 11 -11.7933
33 12 -12.093
33 13 -12.3706
33 14 -12.6524
33 15 -12.9282
33 16 -13.1942
33 17 -13.4473
33 18 -13.6904
33 19 -13.9409
33 20 -14.1844
33 21 -14.4106
33 22 -14.6406
33 23 -14.8426
33 24 -15.064
33 25 -15.2713
33 26 -15.4777
33 27 -15.6742
33 28 -15.8703
33 29 -16.0576
33 30 -16.2516
33 31 -16.4375
33 32 -16.617
33 33 -16.7764
33 34 -16.9459
33 35 -17.1063
33 36 -17.2647
33 37 -17.42
33 38 -17.5737
33 39 -17.7087
33 40 -17.8488
34 -10 -9.40835
34 -9 -9.38915
34 -8 -9.36347
34 -7 -9.34663
34 -6 -9.31396
34 -5 -9.29654
34 -4 -9.2596
34 -3 -9.23503
34 -2 -9.19349
34 -1 -9.17001
34 0 -9.12781
34 1 -9.10269
34 2 -9.11918
34 3 -9.29384
34 4 -9.56009
34 5 -9.88364
34 6 -10.1995
34 7 -10.541
34 8 -10.8565
34 9 -11.1891
34 10 -11.4956
34 11 -11.8003
34 12 -12.1007
34 13 -12.3878
34 14 -12.6583
34 15 -12.9343
34 16 -13.1988
34 17 -13.4487
34 18 -13.7048
34 19 -13.9498
34 20 -14.1761
34 21 -14.4112
34 22 -14.6482
34 23 -14.8608
34 24 -15.0782
34 25 -15.2941
34 26 -15.4961
34 27 -15.6958
34 28 -15.8863
34 29 -16.0717
34 30 -16.2675
34 31 -16.4435
34 32 -16.6272
34 33 -16.7916
34 34 -16.9737
34 35 -17.1246
34 36 -17.2804
34 37 -17.4271
34 38 -17.5717
34 39 -17.7249
34 40 -17.8626
35 -10 -9.42439
35 -9 -9.40448
35 -8 -9.38274
35 -7 -9.34563
35 -6 -9.33932
35 -5 -9.31547
35 -4 -9.27912
35 -3 -9.24219
35 -2 -9.23191
35 -1 -9.16449
35 0 -9.13866
35 1 -9.11255
35 2 -9.126
35 3 -9.3008
35 4 -9.57075
35 5 -9.88933
35 6 -10.2243
35 7 -10.5467
35 8 -10.8758
35 9 -11.2002
35 10 -11.5064
35 11 -11.8251
35 12 -12.1113
35 13 -12.4033
35 14 -12.6859
35 15 -12.95
35 16 -13.204
35 17 -13.4643
35 18 -13.7245
35 19 -13.9559
35 20 -14.192
35 21 -14.4244
35 22 -14.65
35 23 -14.8607
35 24 -15.0825
35 25 -15.297
35 26 -15.5016
35 27 -15.7129
35 28 -15.907
35 29 -16.089
35 30 -16.2824
35 31 -16.4529
35 32 -16.6343
35 33 -16.8082
35 34 -16.9772
35 35 -17.1362
35 36 -17.2896
35 37 -17.4395
35 38 -17.5922
35 39 -17.7338
35 40 -17.8763
36 -10 -9.43467
36 -9 -9.41307
36 -8 -9.3881
36 -7 -9.36161
36 -6 -9.33434
36 -5 -9.33252
36 -4 -9.29865
36 -3 -9.27376
36 -2 -9.22271
36 -1 -9.19126
36 0 -9.15333
36 1 -9.13065
36 2 -9.14332
36 3 -9.32087
36 4 -9.58271
36 5 -9.89994
36 6 -10.2165
36 7 -10.5701
36 8 -10.8844
36 9 -11.2217
36 10 -11.5247
36 11 -11.8317
36 12 -12.1271
36 13 -12.4096
36 14 -12.6869
36 15 -12.9645
36 16 -13.2385
36 17 -13.4802
36 18 -13.7146
36 19 -13.9746
36 20 -14.2104
36 21 -14.4446
36 22 -14.6632
36 23 -14.8851
36 24 -15.1015
36 25 -15.3204
36 26 -15.5216
36 27 -15.7106
36 28 -15.9157
36 29 -16.1141
36 30 -16.2969
36 31 -16.4746
36 32 -16.6443
36 33 -16.8182
36 34 -16.9862
36 35 -17.1506
36 36 -17.3155
36 37 -17.4578
36 38 -17.6124
36 39 -17.7529
36 40 -17.893
37 -10 -9.44049
37 -9 -9.42402
37 -8 -9.38147
37 -7 -9.36688
37 -6 -9.34794
37 -5 -9.33242
37 -4 -9.31269
37 -3 -9.27357
37 -2 -9.23804
37 -1 -9.18826
37 0 -9.16536
37 1 -9.13531
37 2 -9.16476
37 3 -9.34465
37 4 -9.59127
37 5 -9.92126
37 6 -10.2429
37 7 -10.5859
37 8 -10.9114
37 9 -11.2272
37 10 -11.5451
37 11 -11.8465
37 12 -12.1366
37 13 -12.4302
37 14 -12.702
37 15 -12.9712
37 16 -13.2322
37 17 -13.4902
37 18 -13.7379
37 19 -13.9912
37 20 -14.2114
37 21 -14.4452
37 22 -14.6919
37 23 -14.9011
37 24 -15.1206
37 25 -15.329
37 26 -15.5194
37 27 -15.7224
37 28 -15.9287
37 29 -16.1068
37 30 -16.3007
37 31 -16.4792
37 32 -16.657
37 33 -16.8232
37 34 -16.9905
37 35 -17.1529
37 36 -17.3217
37 37 -17.4719
37 38 -17.6207
37 39 -17.7583
37 40 -17.8976
38 -10 -9.44425
38 -9 -9.42783
38 -8 -9.40521
38 -7 -9.376
38 -6 -9.35403
38 -5 -9.34512
38 -4 -9.32843
38 -3 -9.28512
38 -2 -9.24127
38 -1 -9.20421
38 0 -9.18782
38 1 -9.15004
38 2 -9.17404
38 3 -9.34449
38 4 -9.61172
38 5 -9.93298
38 6 -10.264
38 7 -10.5936
38 8 -10.9246
38 9 -11.2329
38 10 -11.5469
38 11 -11.858
38 12 -12.1589
38 13 -12.4394
38 14 -12.7067
38 15 -12.9909
38 16 -13.2605
38 17 -13.5008
38 18 -13.7633
38 19 -13.9978
38 20 -14.2286
38 21 -14.4613
38 22 -14.6967
38 23 -14.9081
38 24 -15.1229
38 25 -15.3285
38 26 -15.5396
38 27 -15.7396
38 28 -15.9318
38 29 -16.1269
38 30 -16.3179
38 31 -16.4907
38 32 -16.6685
38 33 -16.845
38 34 -17.0108
38 35 -17.1703
38 36 -17.3287
38 37 -17.4844
38 38 -17.6308
38 39 -17.768
38 40 -17.9179
39 -10 -9.45856
39 -9 -9.43927
39 -8 -9.41176
39 -7 -9.3865
39 -6 -9.36863
39 -5 -9.35278
39 -4 -9.33304
39 -3 -9.30695
39 -2 -9.2577
39 -1 -9.23676
39 0 -9.20116
39 1 -9.17007
39 2 -9.18921
39 3 -9.36418
39 4 -9.62969
39 5 -9.9369
39 6 -10.2757
39 7 -10.6109
39 8 -10.9267
39 9 -11.2571
39 10 -11.5549
39 11 -11.8735
39 12 -12.1649
39 13 -12.4456
39 14 -12.7258
39 15 -12.9993
39 16 -13.2597
39 17 -13.5211
39 18 -13.7549
39 19 -14.0122
39 20 -14.2409
39 21 -14.4709
39 22 -14.7016
39 23 -14.9211
39 24 -15.1364
39 25 -15.3392
39 26 -15.5512
39 27 -15.7552
39 28 -15.9438
39 29 -16.1453
39 30 -16.3119
39 31 -16.5029
39 32 -16.6847
39 33 -16.8478
39 34 -17.0157
39 35 -17.1836
39 36 -17.3344
39 37 -17.4961
39 38 -17.6492
39 39 -17.7892
39 40 -17.9238
40 -10 -9.45444
40 -9 -9.44618
40 -8 -9.41129
40 -7 -9.39732
40 -6 -9.38403
40 -5 -9.35278
40 -4 -9.33833
40 -3 -9.31197
40 -2 -9.26453
40 -1 -9.23143
40 0 -9.20205
40 1 -9.16874
40 2 -9.19277
40 3 -9.37113
40 4 -9.65033
40 5 -9.94632
40 6 -10.2869
40 7 -10.6256
40 8 -10.9614
40 9 -11.2625
40 10 -11.5802
40 11 -11.876
40 12 -12.1792
40 13 -12.4616
40 14 -12.7323
40 15 -13.0084
40 16 -13.2688
40 17 -13.5377
40 18 -13.7672
40 19 -14.0124
40 20 -14.251
40 21 -14.4859
40 22 -14.7112
40 23 -14.9222
40 24 -15.1421
40 25 -15.3526
40 26 -15.5538
40 27 -15.7612
40 28 -15.9531
40 29 -16.1441
40 30 -16.3446
40 31 -16.5073
40 32 -16.6938
40 33 -16.8576
40 34 -17.0286
40 35 -17.1983
40 36 -17.3447
40 37 -17.5018
40 38 -17.6448
40 39 -17.7961
40 40 -17.9355
