-10 -10 -10.5642
-10 -9 -10.5589
-10 -8 -10.5291
-10 -7 -10.4971
-10 -6 -10.4969
-10 -5 -10.4775
-10 -4 -10.4647
-10 -3 -10.4435
-10 -2 -10.4537
-10 -1 -10.412
-10 0 -10.3897
-10 1 -10.3499
-10 2 -10.389
-10 3 -10.5805
-10 4 -10.858
-10 5 -11.1851
-10 6 -11.508
-10 7 -11.8492
-10 8 -12.1524
-10 9 -12.4661
-10 10 -12.7859
-10 11 -13.094
-10 12 -13.3796
-10 13 -13.6518
-10 14 -13.9437
-10 15 -14.2109
-10 16 -14.4684
-10 17 -14.7207
-10 18 -14.9691
-10 19 -15.2095
-10 20 -15.4367
-10 21 -15.6646
-10 22 -15.8884
-10 23 -16.092
-10 24 -16.3032
-10 25 -16.5103
-10 26 -16.6951
-10 27 -16.8803
-10 28 -17.0619
-10 29 -17.226
-10 30 -17.4022
-10 31 -17.5454
-10 32 -17.6978
-10 33 -17.8391
-10 34 -17.9703
-10 35 -18.1137
-10 36 -18.251
-10 37 -18.3705
-10 38 -18.5037
-10 39 -18.6154
-10 40 -18.7391
-9 -10 -10.5617
-9 -9 -10.528
-9 -8 -10.5241
-9 -7 -10.4756
-9 -6 -10.4831
-9 -5 -10.4821
-9 -4 -10.4513
-9 -3 -10.4158
-9 -2 -10.4174
-9 -1 -10.3798
-9 0 -10.354
-9 1 -10.3478
-9 2 -10.3963
-9 3 -10.5875
-9 4 -10.8359
-9 5 -11.176
-9 6 -11.5032
-9 7 -11.8258
-9 8 -12.1279
-9 9 -12.4639
-9 10 -12.7642
-9 11 -13.0681
-9 12 -13.3698
-9 13 -13.6494
-9 14 -13.9193
-9 15 -14.1918
-9 16 -14.4344
-9 17 -14.689
-9 18 -14.9475
-9 19 -15.1855
-9 20 -15.4086
-9 21 -15.6377
-9 22 -15.8507
-9 23 -16.0647
-9 24 -16.2721
-9 25 -16.4827
-9 26 -16.6735
-9 27 -16.8668
-9 28 -17.0183
-9 29 -17.2038
-9 30 -17.3532
-9 31 -17.5259
-9 32 -17.6695
-9 33 -17.802
-9 34 -17.9525
-9 35 -18.088
-9 36 -18.219
-9 37 -18.3556
-9 38 -18.4646
-9 39 -18.6006
-9 40 -18.7114
-8 -10 -10.5306
-8 -9 -10.5006
-8 -8 -10.4935
-8 -7 -10.4933
-8 -6 -10.4722
-8 -5 -10.4464
-8 -4 -10.4249
-8 -3 -10.4128
-8 -2 -10.3726
-8 -1 -10.3617
-8 0 -10.3364
-8 1 -10.3339
-8 2 -10.3594
-8 3 -10.5491
-8 4 -10.8236
-8 5 -11.1484
-8 6 -11.4593
-8 7 -11.7932
-8 8 -12.1197
-8 9 -12.4519
-8 10 -12.759
-8 11 -13.0513
-8 12 -13.3287
-8 13 -13.632
-8 14 -13.9112
-8 15 -14.1718
-8 16 -14.4459
-8 17 -14.6872
-8 18 -14.9206
-8 19 -15.1551
-8 20 -15.3964
-8 21 -15.6228
-8 22 -15.8214
-8 23 -16.0449
-8 24 -16.2532
-8 25 -16.4426
-8 26 -16.6422
-8 27 -16.8245
-8 28 -17.0099
-8 29 -17.1839
-8 30 -17.3454
-8 31 -17.4986
-8 32 -17.6451
-8 33 -17.791
-8 34 -17.9244
-8 35 -18.0609
-8 36 -18.1977
-8 37 -18.3069
-8 38 -18.4454
-8 39 -18.572
-8 40 -18.6911
-7 -10 -10.5013
-7 -9 -10.4905
-7 -8 -10.4816
-7 -7 -10.4615
-7 -6 -10.4547
-7 -5 -10.4334
-7 -4 -10.4254
-7 -3 -10.3776
-7 -2 -10.3536
-7 -1 -10.3494
-7 0 -10.3236
-7 1 -10.301
-7 2 -10.3211
-7 3 -10.5079
-7 4 -10.7765
-7 5 -11.0873
-7 6 -11.4231
-7 7 -11.7624
-7 8 -12.0899
-7 9 -12.4005
-7 10 -12.7341
-7 11 -13.0527
-7 12 -13.3474
-7 13 -13.6106
-7 14 -13.9027
-7 15 -14.1652
-7 16 -14.4309
-7 17 -14.6793
-7 18 -14.906
-7 19 -15.1478
-7 20 -15.3946
-7 21 -15.6105
-7 22 -15.8203
-7 23 -16.0255
-7 24 -16.2321
-7 25 -16.4313
-7 26 -16.6175
-7 27 -16.8075
-7 28 -16.985
-7 29 -17.1511
-7 30 -17.331
-7 31 -17.4778
-7 32 -17.6225
-7 33 -17.7747
-7 34 -17.9181
-7 35 -18.0339
-7 36 -18.1751
-7 37 -18.2965
-7 38 -18.4233
-7 39 -18.5471
-7 40 -18.6738
-6 -10 -10.4866
-6 -9 -10.4772
-6 -8 -10.4726
-6 -7 -10.4521
-6 -6 -10.442
-6 -5 -10.4113
-6 -4 -10.3803
-6 -3 -10.3624
-6 -2 -10.3367
-6 -1 -10.3196
-6 0 -10.2935
-6 1 -10.279
-6 2 -10.3144
-6 3 -10.4782
-6 4 -10.7552
-6 5 -11.05
-6 6 -11.4097
-6 7 -11.738
-6 8 -12.0562
-6 9 -12.3883
-6 10 -12.6872
-6 11 -12.9998
-6 12 -13.286
-6 13 -13.5773
-6 14 -13.8749
-6 15 -14.1345
-6 16 -14.4241
-6 17 -14.6573
-6 18 -14.8951
-6 19 -15.1521
-6 20 -15.3766
-6 21 -15.5947
-6 22 -15.8113
-6 23 -16.0231
-6 24 -16.2305
-6 25 -16.4098
-6 26 -16.6143
-6 27 -16.7972
-6 28 -16.969
-6 29 -17.1378
-6 30 -17.301
-6 31 -17.4517
-6 32 -17.6137
-6 33 -17.7611
-6 34 -17.8813
-6 35 -18.0209
-6 36 -18.1643
-6 37 -18.2905
-6 38 -18.4149
-6 39 -18.5334
-6 40 -18.6554
-5 -10 -10.495
-5 -9 -10.4858
-5 -8 -10.4733
-5 -7 -10.4459
-5 -6 -10.415
-5 -5 -10.3882
-5 -4 -10.3633
-5 -3 -10.3498
-5 -2 -10.3459
-5 -1 -10.3233
-5 0 -10.2965
-5 1 -10.2481
-5 2 -10.2819
-5 3 -10.4828
-5 4 -10.7444
-5 5 -11.0626
-5 6 -11.3766
-5 7 -11.7021
-5 8 -12.0368
-5 9 -12.3503
-5 10 -12.6588
-5 11 -12.957
-5 12 -13.2648
-5 13 -13.557
-5 14 -13.8202
-5 15 -14.1118
-5 16 -14.3871
-5 17 -14.6395
-5 18 -14.8901
-5 19 -15.1402
-5 20 -15.3583
-5 21 -15.5889
-5 22 -15.8022
-5 23 -16.0157
-5 24 -16.2181
-5 25 -16.4095
-5 26 -16.6158
-5 27 -16.7883
-5 28 -16.9678
-5 29 -17.133
-5 30 -17.2991
-5 31 -17.4438
-5 32 -17.5926
-5 33 -17.742
-5 34 -17.8988
-5 35 -18.0202
-5 36 -18.1454
-5 37 -18.2613
-5 38 -18.399
-5 39 -18.5278
-5 40 -18.6454
-4 -10 -10.4812
-4 -9 -10.485
-4 -8 -10.4617
-4 -7 -10.4224
-4 -6 -10.4035
-4 -5 -10.3929
-4 -4 -10.3621
-4 -3 -10.3451
-4 -2 -10.3155
-4 -1 -10.2986
-4 0 -10.2528
-4 1 -10.2301
-4 2 -10.2801
-4 3 -10.4683
-4 4 -10.7496
-4 5 -11.0452
-4 6 -11.3882
-4 7 -11.6952
-4 8 -12.0163
-4 9 -12.3528
-4 10 -12.6582
-4 11 -12.9585
-4 12 -13.254
-4 13 -13.5744
-4 14 -13.8146
-4 15 -14.0991
-4 16 -14.3513
-4 17 -14.624
-4 18 -14.8587
-4 19 -15.1081
-4 20 -15.3381
-4 21 -15.5622
-4 22 -15.7913
-4 23 -16.0078
-4 24 -16.2024
-4 25 -16.4116
-4 26 -16.5889
-4 27 -16.7732
-4 28 -16.951
-4 29 -17.1371
-4 30 -17.2842
-4 31 -17.4556
-4 32 -17.591
-4 33 -17.7283
-4 34 -17.8729
-4 35 -18.0063
-4 36 -18.1367
-4 37 -18.2511
-4 38 -18.3938
-4 39 -18.513
-4 40 -18.6428
-3 -10 -10.4978
-3 -9 -10.4713
-3 -8 -10.4571
-3 -7 -10.432
-3 -6 -10.4075
-3 -5 -10.3782
-3 -4 -10.3745
-3 -3 -10.3495
-3 -2 -10.3087
-3 -1 -10.2696
-3 0 -10.2353
-3 1 -10.2331
-3 2 -10.2755
-3 3 -10.4792
-3 4 -10.7125
-3 5 -11.05
-3 6 -11.3799
-3 7 -11.7151
-3 8 -12.0268
-3 9 -12.3829
-3 10 -12.6554
-3 11 -12.9567
-3 12 -13.2685
-3 13 -13.5482
-3 14 -13.811
-3 15 -14.0669
-3 16 -14.3532
-3 17 -14.5918
-3 18 -14.84
-3 19 -15.0804
-3 20 -15.3306
-3 21 -15.5633
-3 22 -15.7883
-3 23 -15.979
-3 24 -16.1911
-3 25 -16.3859
-3 26 -16.5863
-3 27 -16.7766
-3 28 -16.9505
-3 29 -17.1182
-3 30 -17.288
-3 31 -17.4482
-3 32 -17.5963
-3 33 -17.7276
-3 34 -17.878
-3 35 -18.0061
-3 36 -18.1415
-3 37 -18.2639
-3 38 -18.3882
-3 39 -18.515
-3 40 -18.6306
-2 -10 -10.5013
-2 -9 -10.4616
-2 -8 -10.4489
-2 -7 -10.4397
-2 -6 -10.4082
-2 -5 -10.4028
-2 -4 -10.3628
-2 -3 -10.3429
-2 -2 -10.3138
-2 -1 -10.2791
-2 0 -10.2474
-2 1 -10.2226
-2 2 -10.2687
-2 3 -10.4639
-2 4 -10.7256
-2 5 -11.0185
-2 6 -11.3764
-2 7 -11.6885
-2 8 -12.0252
-2 9 -12.3676
-2 10 -12.681
-2 11 -12.9571
-2 12 -13.2469
-2 13 -13.5346
-2 14 -13.8198
-2 15 -14.0861
-2 16 -14.345
-2 17 -14.6051
-2 18 -14.8461
-2 19 -15.0705
-2 20 -15.3116
-2 21 -15.5419
-2 22 -15.7761
-2 23 -15.9742
-2 24 -16.2049
-2 25 -16.3896
-2 26 -16.5821
-2 27 -16.7495
-2 28 -16.9427
-2 29 -17.1235
-2 30 -17.286
-2 31 -17.4493
-2 32 -17.6013
-2 33 -17.7344
-2 34 -17.8685
-2 35 -18.0103
-2 36 -18.1258
-2 37 -18.2624
-2 38 -18.3857
-2 39 -18.5036
-2 40 -18.6352
-1 -10 -10.4913
-1 -9 -10.4706
-1 -8 -10.453
-1 -7 -10.4306
-1 -6 -10.4116
-1 -5 -10.4084
-1 -4 -10.3632
-1 -3 -10.3336
-1 -2 -10.2995
-1 -1 -10.259
-1 0 -10.2624
-1 1 -10.223
-1 2 -10.2502
-1 3 -10.4258
-1 4 -10.7137
-1 5 -11.043
-1 6 -11.3713
-1 7 -11.6744
-1 8 -12.0109
-1 9 -12.3326
-1 10 -12.667
-1 11 -12.9628
-1 12 -13.2676
-1 13 -13.5674
-1 14 -13.8226
-1 15 -14.0827
-1 16 -14.3616
-1 17 -14.5876
-1 18 -14.8507
-1 19 -15.0651
-1 20 -15.3369
-1 21 -15.5579
-1 22 -15.7547
-1 23 -15.9775
-1 24 -16.1834
-1 25 -16.3779
-1 26 -16.5889
-1 27 -16.7724
-1 28 -16.9561
-1 29 -17.1327
-1 30 -17.2918
-1 31 -17.4431
-1 32 -17.6009
-1 33 -17.7453
-1 34 -17.8865
-1 35 -18.0225
-1 36 -18.1529
-1 37 -18.2768
-1 38 -18.4007
-1 39 -18.5375
-1 40 -18.6497
0 -10 -10.4895
0 -9 -10.4828
0 -8 -10.4594
0 -7 -10.4352
0 -6 -10.4387
0 -5 -10.4111
0 -4 -10.3618
0 -3 -10.332
0 -2 -10.3178
0 -1 -10.3078
0 0 -10.2777
0 1 -10.2465
0 2 -10.2332
0 3 -10.4146
0 4 -10.6994
0 5 -11.0283
0 6 -11.3354
0 7 -11.6899
0 8 -12.0123
0 9 -12.353
0 10 -12.6699
0 11 -12.9966
0 12 -13.2841
0 13 -13.5647
0 14 -13.8507
0 15 -14.1221
0 16 -14.3866
0 17 -14.6308
0 18 -14.8796
0 19 -15.1128
0 20 -15.3593
0 21 -15.5535
0 22 -15.7941
0 23 -15.9897
0 24 -16.2089
0 25 -16.4102
0 26 -16.5964
0 27 -16.792
0 28 -16.9682
0 29 -17.146
0 30 -17.3085
0 31 -17.4751
0 32 -17.6235
0 33 -17.7745
0 34 -17.901
0 35 -18.0419
0 36 -18.1905
0 37 -18.2963
0 38 -18.4258
0 39 -18.5633
0 40 -18.6593
1 -10 -10.5331
1 -9 -10.5048
1 -8 -10.4967
1 -7 -10.4853
1 -6 -10.4722
1 -5 -10.411
1 -4 -10.3733
1 -3 -10.3634
1 -2 -10.3552
1 -1 -10.3319
1 0 -10.2926
1 1 -10.2406
1 2 -10.2785
1 3 -10.4339
1 4 -10.7334
1 5 -11.0486
1 6 -11.3927
1 7 -11.704
1 8 -12.0181
1 9 -12.3961
1 10 -12.717
1 11 -13.0127
1 12 -13.3188
1 13 -13.5955
1 14 -13.8838
1 15 -14.1787
1 16 -14.4201
1 17 -14.6793
1 18 -14.9077
1 19 -15.1566
1 20 -15.3653
1 21 -15.6056
1 22 -15.8253
1 23 -16.0409
1 24 -16.2387
1 25 -16.43
1 26 -16.6433
1 27 -16.8184
1 28 -17.0035
1 29 -17.1667
1 30 -17.3555
1 31 -17.5178
1 32 -17.663
1 33 -17.7965
1 34 -17.928
1 35 -18.0731
1 36 -18.2072
1 37 -18.3489
1 38 -18.4705
1 39 -18.5914
1 40 -18.7045
2 -10 -10.5702
2 -9 -10.5614
2 -8 -10.5396
2 -7 -10.514
2 -6 -10.5133
2 -5 -10.4669
2 -4 -10.4281
2 -3 -10.4113
2 -2 -10.3809
2 -1 -10.3682
2 0 -10.3527
2 1 -10.3139
2 2 -10.3184
2 3 -10.4745
2 4 -10.7501
2 5 -11.0783
2 6 -11.4092
2 7 -11.7432
2 8 -12.0632
2 9 -12.4094
2 10 -12.757
2 11 -13.0603
2 12 -13.379
2 13 -13.6492
2 14 -13.9295
2 15 -14.2049
2 16 -14.4625
2 17 -14.7194
2 18 -14.9526
2 19 -15.2012
2 20 -15.4259
2 21 -15.6473
2 22 -15.8691
2 23 -16.0853
2 24 -16.2814
2 25 -16.4829
2 26 -16.6884
2 27 -16.877
2 28 -17.0432
2 29 -17.2317
2 30 -17.3918
2 31 -17.5519
2 32 -17.7044
2 33 -17.8557
2 34 -18.0006
2 35 -18.1331
2 36 -18.2544
2 37 -18.3895
2 38 -18.513
2 39 -18.6388
2 40 -18.7593
3 -10 -10.6313
3 -9 -10.6135
3 -8 -10.5881
3 -7 -10.5716
3 -6 -10.5608
3 -5 -10.5128
3 -4 -10.4894
3 -3 -10.4518
3 -2 -10.4291
3 -1 -10.4091
3 0 -10.3829
3 1 -10.3654
3 2 -10.3705
3 3 -10.5683
3 4 -10.8228
3 5 -11.1602
3 6 -11.4627
3 7 -11.8128
3 8 -12.1627
3 9 -12.4606
3 10 -12.7921
3 11 -13.1086
3 12 -13.4089
3 13 -13.698
3 14 -13.9608
3 15 -14.2663
3 16 -14.5232
3 17 -14.7588
3 18 -15.0019
3 19 -15.2354
3 20 -15.4654
3 21 -15.6967
3 22 -15.9154
3 23 -16.1279
3 24 -16.3435
3 25 -16.5368
3 26 -16.7369
3 27 -16.9101
3 28 -17.1025
3 29 -17.2939
3 30 -17.4532
3 31 -17.6123
3 32 -17.7562
3 33 -17.9106
3 34 -18.0451
3 35 -18.1752
3 36 -18.3096
3 37 -18.4456
3 38 -18.5665
3 39 -18.6898
3 40 -18.8147
4 -10 -10.6836
4 -9 -10.6574
4 -8 -10.6523
4 -7 -10.623
4 -6 -10.5908
4 -5 -10.5611
4 -4 -10.5314
4 -3 -10.5094
4 -2 -10.4767
4 -1 -10.4393
4 0 -10.4236
4 1 -10.3933
4 2 -10.4387
4 3 -10.6089
4 4 -10.8927
4 5 -11.2294
4 6 -11.5416
4 7 -11.8594
4 8 -12.2025
4 9 -12.5166
4 10 -12.8338
4 11 -13.138
4 12 -13.4519
4 13 -13.7506
4 14 -14.0216
4 15 -14.2939
4 16 -14.554
4 17 -14.811
4 18 -15.0527
4 19 -15.2827
4 20 -15.5226
4 21 -15.7373
4 22 -15.965
4 23 -16.1694
4 24 -16.3895
4 25 -16.5909
4 26 -16.7812
4 27 -16.9723
4 28 -17.1508
4 29 -17.3356
4 30 -17.4894
4 31 -17.6624
4 32 -17.8038
4 33 -17.955
4 34 -18.1002
4 35 -18.2204
4 36 -18.3695
4 37 -18.4803
4 38 -18.6165
4 39 -18.7352
4 40 -18.8449
5 -10 -10.7374
5 -9 -10.7139
5 -8 -10.6842
5 -7 -10.652
5 -6 -10.6229
5 -5 -10.6178
5 -4 -10.5979
5 -3 -10.5673
5 -2 -10.5405
5 -1 -10.4755
5 0 -10.4534
5 1 -10.4251
5 2 -10.4722
5 3 -10.6575
5 4 -10.9333
5 5 -11.2583
5 6 -11.5792
5 7 -11.9331
5 8 -12.2194
5 9 -12.5677
5 10 -12.8719
5 11 -13.1862
5 12 -13.4827
5 13 -13.7711
5 14 -14.0532
5 15 -14.3235
5 16 -14.589
5 17 -14.8518
5 18 -15.1046
5 19 -15.3418
5 20 -15.5675
5 21 -15.8027
5 22 -16.0223
5 23 -16.2414
5 24 -16.4444
5 25 -16.6478
5 26 -16.8247
5 27 -17.0286
5 28 -17.2053
5 29 -17.3837
5 30 -17.5522
5 31 -17.7151
5 32 -17.8572
5 33 -18.0028
5 34 -18.1415
5 35 -18.2774
5 36 -18.4104
5 37 -18.5389
5 38 -18.6599
5 39 -18.7761
5 40 -18.8911
6 -10 -10.7623
6 -9 -10.7535
6 -8 -10.7344
6 -7 -10.7055
6 -6 -10.6647
6 -5 -10.6502
6 -4 -10.6301
6 -3 -10.5997
6 -2 -10.5859
6 -1 -10.5517
6 0 -10.4983
6 1 -10.4912
6 2 -10.5257
6 3 -10.7139
6 4 -10.9871
6 5 -11.2932
6 6 -11.6028
6 7 -11.9475
6 8 -12.2893
6 9 -12.602
6 10 -12.9144
6 11 -13.2195
6 12 -13.5199
6 13 -13.8279
6 14 -14.094
6 15 -14.3851
6 16 -14.6448
6 17 -14.8885
6 18 -15.1573
6 19 -15.4056
6 20 -15.6258
6 21 -15.8632
6 22 -16.0686
6 23 -16.2971
6 24 -16.5043
6 25 -16.6932
6 26 -16.9013
6 27 -17.0865
6 28 -17.2661
6 29 -17.4325
6 30 -17.6054
6 31 -17.7576
6 32 -17.9145
6 33 -18.0541
6 34 -18.187
6 35 -18.3345
6 36 -18.4609
6 37 -18.576
6 38 -18.6988
6 39 -18.8127
6 40 -18.9314
7 -10 -10.8113
7 -9 -10.7946
7 -8 -10.7858
7 -7 -10.7474
7 -6 -10.724
7 -5 -10.6808
7 -4 -10.6698
7 -3 -10.6536
7 -2 -10.6424
7 -1 -10.5959
7 0 -10.53
7 1 -10.517
7 2 -10.5645
7 3 -10.7418
7 4 -11.0126
7 5 -11.3311
7 6 -11.6549
7 7 -11.9814
7 8 -12.3183
7 9 -12.6402
7 10 -12.9758
7 11 -13.2576
7 12 -13.5676
7 13 -13.873
7 14 -14.1405
7 15 -14.437
7 16 -14.6848
7 17 -14.9561
7 18 -15.2057
7 19 -15.4456
7 20 -15.6869
7 21 -15.9193
7 22 -16.1397
7 23 -16.3478
7 24 -16.5536
7 25 -16.7466
7 26 -16.9441
7 27 -17.1187
7 28 -17.3109
7 29 -17.4774
7 30 -17.6219
7 31 -17.7851
7 32 -17.9497
7 33 -18.0979
7 34 -18.2377
7 35 -18.3654
7 36 -18.4929
7 37 -18.6232
7 38 -18.7526
7 39 -18.8558
7 40 -18.9736
8 -10 -10.8466
8 -9 -10.8432
8 -8 -10.8183
8 -7 -10.7905
8 -6 -10.7584
8 -5 -10.7441
8 -4 -10.7065
8 -3 -10.7068
8 -2 -10.6623
8 -1 -10.624
8 0 -10.5982
8 1 -10.5601
8 2 -10.6129
8 3 -10.7905
8 4 -11.0778
8 5 -11.3885
8 6 -11.709
8 7 -12.0548
8 8 -12.3629
8 9 -12.6883
8 10 -13.0161
8 11 -13.3253
8 12 -13.6268
8 13 -13.896
8 14 -14.1973
8 15 -14.4866
8 16 -14.755
8 17 -15.0109
8 18 -15.2594
8 19 -15.4967
8 20 -15.733
8 21 -15.9521
8 22 -16.1712
8 23 -16.3763
8 24 -16.5905
8 25 -16.7888
8 26 -16.9697
8 27 -17.1634
8 28 -17.3344
8 29 -17.5107
8 30 -17.6778
8 31 -17.8228
8 32 -17.9822
8 33 -18.1295
8 34 -18.2701
8 35 -18.3989
8 36 -18.5448
8 37 -18.6544
8 38 -18.7699
8 39 -18.9065
8 40 -19.0194
9 -10 -10.8823
9 -9 -10.8674
9 -8 -10.8534
9 -7 -10.8244
9 -6 -10.7953
9 -5 -10.7731
9 -4 -10.7382
9 -3 -10.7203
9 -2 -10.7027
9 -1 -10.6727
9 0 -10.6393
9 1 -10.6037
9 2 -10.6601
9 3 -10.8347
9 4 -11.1036
9 5 -11.4325
9 6 -11.7534
9 7 -12.1081
9 8 -12.4283
9 9 -12.74
9 10 -13.0573
9 11 -13.3606
9 12 -13.6597
9 13 -13.9587
9 14 -14.2343
9 15 -14.5368
9 16 -14.7843
9 17 -15.0373
9 18 -15.2886
9 19 -15.5128
9 20 -15.7641
9 21 -15.9864
9 22 -16.2088
9 23 -16.4125
9 24 -16.6117
9 25 -16.8142
9 26 -16.9985
9 27 -17.1822
9 28 -17.3748
9 29 -17.5322
9 30 -17.7129
9 31 -17.8725
9 32 -18.0105
9 33 -18.1594
9 34 -18.3009
9 35 -18.4474
9 36 -18.5657
9 37 -18.6914
9 38 -18.8121
9 39 -18.929
9 40 -19.0454
10 -10 -10.9199
10 -9 -10.8963
10 -8 -10.8812
10 -7 -10.8626
10 -6 -10.8205
10 -5 -10.8172
10 -4 -10.7882
10 -3 -10.7744
10 -2 -10.7189
10 -1 -10.698
10 0 -10.6702
10 1 -10.6355
10 2 -10.6846
10 3 -10.8783
10 4 -11.1669
10 5 -11.4732
10 6 -11.8112
10 7 -12.1315
10 8 -12.4596
10 9 -12.7747
10 10 -13.1029
10 11 -13.4058
10 12 -13.7068
10 13 -13.9826
10 14 -14.2666
10 15 -14.5444
10 16 -14.8295
10 17 -15.0668
10 18 -15.302
10 19 -15.557
10 20 -15.7957
10 21 -16.0208
10 22 -16.2362
10 23 -16.4432
10 24 -16.6483
10 25 -16.8455
10 26 -17.045
10 27 -17.215
10 28 -17.3989
10 29 -17.5846
10 30 -17.7404
10 31 -17.8989
10 32 -18.0477
10 33 -18.2015
10 34 -18.3292
10 35 -18.4699
10 36 -18.6017
10 37 -18.718
10 38 -18.8501
10 39 -18.9634
10 40 -19.0823
11 -10 -10.9457
11 -9 -10.9435
11 -8 -10.9077
11 -7 -10.8853
11 -6 -10.8665
11 -5 -10.841
11 -4 -10.8259
11 -3 -10.8123
11 -2 -10.7656
11 -1 -10.7254
11 0 -10.7095
11 1 -10.6565
11 2 -10.7185
11 3 -10.911
11 4 -11.1923
11 5 -11.5176
11 6 -11.8227
11 7 -12.1763
11 8 -12.4973
11 9 -12.8133
11 10 -13.1179
11 11 -13.4222
11 12 -13.7227
11 13 -14.0172
11 14 -14.2966
11 15 -14.5765
11 16 -14.84
11 17 -15.1062
11 18 -15.3421
11 19 -15.5917
11 20 -15.8254
11 21 -16.035
11 22 -16.2688
11 23 -16.4704
11 24 -16.6871
11 25 -16.8739
11 26 -17.065
11 27 -17.2704
11 28 -17.4431
11 29 -17.6098
11 30 -17.7797
11 31 -17.938
11 32 -18.092
11 33 -18.252
11 34 -18.3765
11 35 -18.5107
11 36 -18.637
11 37 -18.7653
11 38 -18.8829
11 39 -19.0042
11 40 -19.1184
12 -10 -10.9876
12 -9 -10.9785
12 -8 -10.9628
12 -7 -10.926
12 -6 -10.901
12 -5 -10.8758
12 -4 -10.8658
12 -3 -10.833
12 -2 -10.8042
12 -1 -10.7486
12 0 -10.7331
12 1 -10.7004
12 2 -10.7432
12 3 -10.9412
12 4 -11.2145
12 5 -11.5205
12 6 -11.848
12 7 -12.1888
12 8 -12.5243
12 9 -12.8512
12 10 -13.1656
12 11 -13.4548
12 12 -13.7568
12 13 -14.0446
12 14 -14.3303
12 15 -14.6037
12 16 -14.8709
12 17 -15.1214
12 18 -15.3643
12 19 -15.6269
12 20 -15.8647
12 21 -16.0906
12 22 -16.2931
12 23 -16.513
12 24 -16.7186
12 25 -16.9194
12 26 -17.1152
12 27 -17.3069
12 28 -17.4791
12 29 -17.6555
12 30 -17.8291
12 31 -17.9783
12 32 -18.1258
12 33 -18.2845
12 34 -18.4243
12 35 -18.5435
12 36 -18.6706
12 37 -18.7997
12 38 -18.9131
12 39 -19.0307
12 40 -19.1439
13 -10 -11.018
13 -9 -11.0218
13 -8 -10.9909
13 -7 -10.9672
13 -6 -10.9216
13 -5 -10.8979
13 -4 -10.8863
13 -3 -10.8663
13 -2 -10.8314
13 -1 -10.7907
13 0 -10.7599
13 1 -10.7382
13 2 -10.7678
13 3 -10.9671
13 4 -11.239
13 5 -11.561
13 6 -11.8659
13 7 -12.2141
13 8 -12.5526
13 9 -12.8572
13 10 -13.1679
13 11 -13.4896
13 12 -13.8042
13 13 -14.0767
13 14 -14.3501
13 15 -14.6434
13 16 -14.9185
13 17 -15.1645
13 18 -15.4129
13 19 -15.657
13 20 -15.8926
13 21 -16.127
13 22 -16.3468
13 23 -16.5553
13 24 -16.7725
13 25 -16.9676
13 26 -17.1536
13 27 -17.3466
13 28 -17.5128
13 29 -17.6965
13 30 -17.858
13 31 -18.013
13 32 -18.1672
13 33 -18.303
13 34 -18.4538
13 35 -18.577
13 36 -18.7092
13 37 -18.8221
13 38 -18.9507
13 39 -19.0688
13 40 -19.1719
14 -10 -11.0458
14 -9 -11.039
14 -8 -11.0107
14 -7 -10.9866
14 -6 -10.9506
14 -5 -10.9495
14 -4 -10.9128
14 -3 -10.897
14 -2 -10.8691
14 -1 -10.8277
14 0 -10.8083
14 1 -10.7592
14 2 -10.8072
14 3 -11.0061
14 4 -11.271
14 5 -11.5828
14 6 -11.923
14 7 -12.2583
14 8 -12.5887
14 9 -12.898
14 10 -13.2344
14 11 -13.5187
14 12 -13.8293
14 13 -14.1048
14 14 -14.3937
14 15 -14.6745
14 16 -14.936
14 17 -15.1952
14 18 -15.4445
14 19 -15.693
14 20 -15.9256
14 21 -16.1623
14 22 -16.3776
14 23 -16.5785
14 24 -16.8051
14 25 -16.9877
14 26 -17.1836
14 27 -17.3627
14 28 -17.5345
14 29 -17.7238
14 30 -17.8764
14 31 -18.0376
14 32 -18.1936
14 33 -18.3344
14 34 -18.464
14 35 -18.6067
14 36 -18.7328
14 37 -18.8538
14 38 -18.9738
14 39 -19.0843
14 40 -19.1941
15 -10 -11.0727
15 -9 -11.0537
15 -8 -11.0421
15 -7 -11.0192
15 -6 -10.9823
15 -5 -10.9576
15 -4 -10.9373
15 -3 -10.9122
15 -2 -10.8845
15 -1 -10.8564
15 0 -10.8141
15 1 -10.7798
15 2 -10.8406
15 3 -11.0333
15 4 -11.3066
15 5 -11.6415
15 6 -11.9495
15 7 -12.2819
15 8 -12.6315
15 9 -12.9414
15 10 -13.254
15 11 -13.5442
15 12 -13.8546
15 13 -14.1426
15 14 -14.4235
15 15 -14.6947
15 16 -14.9782
15 17 -15.2365
15 18 -15.4751
15 19 -15.7223
15 20 -15.9657
15 21 -16.1783
15 22 -16.4019
15 23 -16.6032
15 24 -16.8165
15 25 -17.0253
15 26 -17.2093
15 27 -17.3959
15 28 -17.5685
15 29 -17.7339
15 30 -17.9046
15 31 -18.0672
15 32 -18.218
15 33 -18.3505
15 34 -18.4808
15 35 -18.6244
15 36 -18.753
15 37 -18.8765
15 38 -18.9988
15 39 -19.1051
15 40 -19.2212
16 -10 -11.1015
16 -9 -11.0781
16 -8 -11.0494
16 -7 -11.0279
16 -6 -11.0106
16 -5 -10.9912
16 -4 -10.9742
16 -3 -10.9448
16 -2 -10.9204
16 -1 -10.8726
16 0 -10.8504
16 1 -10.8329
16 2 -10.8625
16 3 -11.0587
16 4 -11.3242
16 5 -11.6526
16 6 -11.981
16 7 -12.319
16 8 -12.6349
16 9 -12.9808
16 10 -13.268
16 11 -13.5855
16 12 -13.8752
16 13 -14.1753
16 14 -14.4529
16 15 -14.7317
16 16 -15.0006
16 17 -15.2591
16 18 -15.5042
16 19 -15.7469
16 20 -15.9766
16 21 -16.2029
16 22 -16.42
16 23 -16.634
16 24 -16.839
16 25 -17.0432
16 26 -17.234
16 27 -17.4148
16 28 -17.5834
16 29 -17.7518
16 30 -17.9236
16 31 -18.0895
16 32 -18.2382
16 33 -18.3807
16 34 -18.5208
16 35 -18.6508
16 36 -18.7778
16 37 -18.894
16 38 -19.0118
16 39 -19.1309
16 40 -19.2458
17 -10 -11.1156
17 -9 -11.1057
17 -8 -11.0788
17 -7 -11.0531
17 -6 -11.0388
17 -5 -11.0199
17 -4 -10.9998
17 -3 -10.9706
17 -2 -10.9529
17 -1 -10.8998
17 0 -10.8768
17 1 -10.853
17 2 -10.8932
17 3 -11.1113
17 4 -11.3606
17 5 -11.6865
17 6 -12.0081
17 7 -12.3347
17 8 -12.6657
17 9 -12.9971
17 10 -13.3001
17 11 -13.6123
17 12 -13.9017
17 13 -14.1827
17 14 -14.4635
17 15 -14.7578
17 16 -15.0027
17 17 -15.285
17 18 -15.5323
17 19 -15.7646
17 20 -16.0048
17 21 -16.2406
17 22 -16.452
17 23 -16.6586
17 24 -16.8595
17 25 -17.0473
17 26 -17.2454
17 27 -17.4323
17 28 -17.6107
17 29 -17.78
17 30 -17.9455
17 31 -18.1032
17 32 -18.2704
17 33 -18.4014
17 34 -18.5472
17 35 -18.6682
17 36 -18.7964
17 37 -18.9201
17 38 -19.0402
17 39 -19.158
17 40 -19.2677
18 -10 -11.1341
18 -9 -11.1279
18 -8 -11.1013
18 -7 -11.0731
18 -6 -11.0642
18 -5 -11.0326
18 -4 -11.0258
18 -3 -11.0032
18 -2 -10.9625
18 -1 -10.927
18 0 -10.8983
18 1 -10.8743
18 2 -10.9119
18 3 -11.1049
18 4 -11.3913
18 5 -11.6911
18 6 -12.036
18 7 -12.3613
18 8 -12.6835
18 9 -13.0014
18 10 -13.3168
18 11 -13.6225
18 12 -13.9166
18 13 -14.2076
18 14 -14.4852
18 15 -14.7548
18 16 -15.0332
18 17 -15.2944
18 18 -15.5359
18 19 -15.7772
18 20 -16.0165
18 21 -16.2559
18 22 -16.4746
18 23 -16.6843
18 24 -16.8797
18 25 -17.0812
18 26 -17.2729
18 27 -17.4578
18 28 -17.6342
18 29 -17.8162
18 30 -17.9725
18 31 -18.1351
18 32 -18.2863
18 33 -18.4252
18 34 -18.5691
18 35 -18.6993
18 36 -18.8251
18 37 -18.9345
18 38 -19.0616
18 39 -19.1743
18 40 -19.2921
19 -10 -11.1627
19 -9 -11.1506
19 -8 -11.132
19 -7 -11.1062
19 -6 -11.0718
19 -5 -11.0569
19 -4 -11.0423
19 -3 -11.0294
19 -2 -10.9935
19 -1 -10.9533
19 0 -10.9192
19 1 -10.8938
19 2 -10.9432
19 3 -11.1336
19 4 -11.4054
19 5 -11.7124
19 6 -12.0361
19 7 -12.3816
19 8 -12.7078
19 9 -13.0306
19 10 -13.3577
19 11 -13.653
19 12 -13.9355
19 13 -14.2361
19 14 -14.5112
19 15 -14.7915
19 16 -15.0572
19 17 -15.3148
19 18 -15.5693
19 19 -15.8214
19 20 -16.0521
19 21 -16.2738
19 22 -16.4991
19 23 -16.7046
19 24 -16.916
19 25 -17.1
19 26 -17.3025
19 27 -17.4865
19 28 -17.6705
19 29 -17.8427
19 30 -18.0076
19 31 -18.1608
19 32 -18.3126
19 33 -18.4569
19 34 -18.5938
19 35 -18.7299
19 36 -18.8536
19 37 -18.977
19 38 -19.0982
19 39 -19.2085
19 40 -19.3166
20 -10 -11.189
20 -9 -11.1734
20 -8 -11.1456
20 -7 -11.1172
20 -6 -11.1016
20 -5 -11.093
20 -4 -11.0683
20 -3 -11.0511
20 -2 -11.015
20 -1 -10.9692
20 0 -10.948
20 1 -10.9176
20 2 -10.9639
20 3 -11.1552
20 4 -11.426
20 5 -11.7492
20 6 -12.0804
20 7 -12.4098
20 8 -12.7168
20 9 -13.0557
20 10 -13.366
20 11 -13.6789
20 12 -13.9704
20 13 -14.2678
20 14 -14.5427
20 15 -14.8182
20 16 -15.0776
20 17 -15.3455
20 18 -15.5995
20 19 -15.8376
20 20 -16.0638
20 21 -16.2985
20 22 -16.5186
20 23 -16.7299
20 24 -16.941
20 25 -17.1369
20 26 -17.3322
20 27 -17.5183
20 28 -17.6952
20 29 -17.8646
20 30 -18.0396
20 31 -18.181
20 32 -18.3338
20 33 -18.486
20 34 -18.6238
20 35 -18.7557
20 36 -18.8734
20 37 -19.001
20 38 -19.1177
20 39 -19.2391
20 40 -19.3389
21 -10 -11.1955
21 -9 -11.1893
21 -8 -11.163
21 -7 -11.1375
21 -6 -11.1237
21 -5 -11.1003
21 -4 -11.0905
21 -3 -11.0487
21 -2 -11.0253
21 -1 -10.9711
21 0 -10.9609
21 1 -10.944
21 2 -10.9915
21 3 -11.1808
21 4 -11.4481
21 5 -11.7728
21 6 -12.1033
21 7 -12.4333
21 8 -12.7453
21 9 -13.0707
21 10 -13.3816
21 11 -13.6894
21 12 -14.0004
21 13 -14.2852
21 14 -14.5613
21 15 -14.8394
21 16 -15.1137
21 17 -15.3772
21 18 -15.6208
21 19 -15.8607
21 20 -16.0993
21 21 -16.3262
21 22 -16.5383
21 23 -16.7582
21 24 -16.9576
21 25 -17.1552
21 26 -17.3473
21 27 -17.5287
21 28 -17.7179
21 29 -17.8783
21 30 -18.0508
21 31 -18.213
21 32 -18.3586
21 33 -18.4921
21 34 -18.6427
21 35 -18.7745
21 36 -18.903
21 37 -19.0133
21 38 -19.1379
21 39 -19.253
21 40 -19.3641
22 -10 -11.2105
22 -9 -11.2029
22 -8 -11.1881
22 -7 -11.1604
22 -6 -11.134
22 -5 -11.1231
22 -4 -11.1043
22 -3 -11.0821
22 -2 -11.0456
22 -1 -11.0098
22 0 -10.9818
22 1 -10.9541
22 2 -11.0008
22 3 -11.2017
22 4 -11.4571
22 5 -11.7948
22 6 -12.1113
22 7 -12.4604
22 8 -12.7906
22 9 -13.0998
22 10 -13.4128
22 11 -13.7203
22 12 -14.0163
22 13 -14.3122
22 14 -14.5791
22 15 -14.8505
22 16 -15.1412
22 17 -15.395
22 18 -15.6359
22 19 -15.8846
22 20 -16.1063
22 21 -16.3347
22 22 -16.5637
22 23 -16.7721
22 24 -16.9721
22 25 -17.1786
22 26 -17.3603
22 27 -17.5471
22 28 -17.7235
22 29 -17.902
22 30 -18.0593
22 31 -18.2194
22 32 -18.3698
22 33 -18.5187
22 34 -18.6538
22 35 -18.7834
22 36 -18.9116
22 37 -19.0304
22 38 -19.1523
22 39 -19.2628
22 40 -19.381
23 -10 -11.2312
23 -9 -11.2106
23 -8 -11.2012
23 -7 -11.1634
23 -6 -11.1605
23 -5 -11.1435
23 -4 -11.1213
23 -3 -11.0965
23 -2 -11.0667
23 -1 -11.03
23 0 -11.0174
23 1 -10.9968
23 2 -11.0359
23 3 -11.2149
23 4 -11.4856
23 5 -11.7986
23 6 -12.1499
23 7 -12.4635
23 8 -12.8122
23 9 -13.122
23 10 -13.4368
23 11 -13.7444
23 12 -14.0222
23 13 -14.3183
23 14 -14.607
23 15 -14.88
23 16 -15.1442
23 17 -15.3959
23 18 -15.651
23 19 -15.8857
23 20 -16.1359
23 21 -16.3525
23 22 -16.5743
23 23 -16.7856
23 24 -16.9788
23 25 -17.1911
23 26 -17.382
23 27 -17.5629
23 28 -17.7365
23 29 -17.9176
23 30 -18.0805
23 31 -18.2379
23 32 -18.3878
23 33 -18.533
23 34 -18.6663
23 35 -18.7996
23 36 -18.934
23 37 -19.0455
23 38 -19.1665
23 39 -19.2815
23 40 -19.3844
24 -10 -11.2453
24 -9 -11.2313
24 -8 -11.2117
24 -7 -11.1877
24 -6 -11.1739
24 -5 -11.1696
24 -4 -11.1476
24 -3 -11.1228
24 -2 -11.0886
24 -1 -11.0523
24 0 -11.0231
24 1 -11.0116
24 2 -11.0389
24 3 -11.2355
24 4 -11.5101
24 5 -11.8248
24 6 -12.1437
24 7 -12.488
24 8 -12.8109
24 9 -13.1487
24 10 -13.4463
24 11 -13.7694
24 12 -14.0518
24 13 -14.3287
24 14 -14.6221
24 15 -14.8954
24 16 -15.1541
24 17 -15.4259
24 18 -15.6646
24 19 -15.9081
24 20 -16.1407
24 21 -16.3612
24 22 -16.5911
24 23 -16.8033
24 24 -17.0066
24 25 -17.2047
24 26 -17.3919
24 27 -17.5816
24 28 -17.762
24 29 -17.9343
24 30 -18.0966
24 31 -18.2562
24 32 -18.403
24 33 -18.5444
24 34 -18.6829
24 35 -18.8212
24 36 -18.9445
24 37 -19.0665
24 38 -19.1762
24 39 -19.2974
24 40 -19.4042
25 -10 -11.2587
25 -9 -11.2475
25 -8 -11.2322
25 -7 -11.2036
25 -6 -11.1889
25 -5 -11.1749
25 -4 -11.1587
25 -3 -11.1364
25 -2 -11.0991
25 -1 -11.064
25 0 -11.0397
25 1 -11.021
25 2 -11.0611
25 3 -11.2509
25 4 -11.522
25 5 -11.84
25 6 -12.1641
25 7 -12.5107
25 8 -12.8455
25 9 -13.1624
25 10 -13.4748
25 11 -13.7668
25 12 -14.0684
25 13 -14.3508
25 14 -14.632
25 15 -14.9132
25 16 -15.1762
25 17 -15.4354
25 18 -15.6765
25 19 -15.9261
25 20 -16.1604
25 21 -16.3887
25 22 -16.6087
25 23 -16.8263
25 24 -17.0225
25 25 -17.2291
25 26 -17.4196
25 27 -17.5969
25 28 -17.7755
25 29 -17.9489
25 30 -18.1174
25 31 -18.2685
25 32 -18.4225
25 33 -18.563
25 34 -18.7022
25 35 -18.8395
25 36 -18.9642
25 37 -19.0848
25 38 -19.2032
25 39 -19.3102
25 40 -19.4209
26 -10 -11.2663
26 -9 -11.2517
26 -8 -11.2353
26 -7 -11.223
26 -6 -11.2068
26 -5 -11.1903
26 -4 -11.1778
26 -3 -11.1465
26 -2 -11.1189
26 -1 -11.0852
26 0 -11.0631
26 1 -11.0489
26 2 -11.0815
26 3 -11.2645
26 4 -11.5366
26 5 -11.8669
26 6 -12.1884
26 7 -12.5056
26 8 -12.8596
26 9 -13.1684
26 10 -13.4876
26 11 -13.7943
26 12 -14.0836
26 13 -14.3774
26 14 -14.6555
26 15 -14.9321
26 16 -15.1811
26 17 -15.4531
26 18 -15.7039
26 19 -15.9428
26 20 -16.1838
26 21 -16.4014
26 22 -16.6265
26 23 -16.8409
26 24 -17.0362
26 25 -17.242
26 26 -17.431
26 27 -17.6183
26 28 -17.7923
26 29 -17.972
26 30 -18.1394
26 31 -18.2866
26 32 -18.4426
26 33 -18.5928
26 34 -18.7325
26 35 -18.859
26 36 -18.9761
26 37 -19.1095
26 38 -19.2209
26 39 -19.3359
26 40 -19.4455
27 -10 -11.2811
27 -9 -11.2605
27 -8 -11.2539
27 -7 -11.2233
27 -6 -11.2084
27 -5 -11.1972
27 -4 -11.1871
27 -3 -11.1679
27 -2 -11.1426
27 -1 -11.1042
27 0 -11.0844
27 1 -11.0655
27 2 -11.0972
27 3 -11.28
27 4 -11.5566
27 5 -11.863
27 6 -12.1922
27 7 -12.527
27 8 -12.8763
27 9 -13.1847
27 10 -13.4991
27 11 -13.8081
27 12 -14.1
27 13 -14.3926
27 14 -14.6762
27 15 -14.9461
27 16 -15.2322
27 17 -15.4655
27 18 -15.7189
27 19 -15.9564
27 20 -16.1901
27 21 -16.4198
27 22 -16.6391
27 23 -16.8488
27 24 -17.0671
27 25 -17.2642
27 26 -17.4444
27 27 -17.6218
27 28 -17.8152
27 29 -17.9847
27 30 -18.1447
27 31 -18.3028
27 32 -18.4595
27 33 -18.6039
27 34 -18.7365
27 35 -18.8746
27 36 -19.0006
27 37 -19.1226
27 38 -19.2406
27 39 -19.3431
27 40 -19.4578
28 -10 -11.2777
28 -9 -11.2775
28 -8 -11.2634
28 -7 -11.2461
28 -6 -11.232
28 -5 -11.2093
28 -4 -11.1955
28 -3 -11.1761
28 -2 -11.1437
28 -1 -11.1148
28 0 -11.0877
28 1 -11.0724
28 2 -11.122
28 3 -11.2992
28 4 -11.5746
28 5 -11.9011
28 6 -12.2278
28 7 -12.5558
28 8 -12.8893
28 9 -13.2083
28 10 -13.5044
28 11 -13.8206
28 12 -14.12
28 13 -14.4077
28 14 -14.688
28 15 -14.9677
28 16 -15.2256
28 17 -15.4877
28 18 -15.7333
28 19 -15.9704
28 20 -16.2147
28 21 -16.4272
28 22 -16.6574
28 23 -16.8653
28 24 -17.0625
28 25 -17.267
28 26 -17.4562
28 27 -17.6373
28 28 -17.8317
28 29 -18
28 30 -18.1568
28 31 -18.3201
28 32 -18.4707
28 33 -18.6214
28 34 -18.7499
28 35 -18.8867
28 36 -19.0114
28 37 -19.1321
28 38 -19.2546
28 39 -19.363
28 40 -19.477
29 -10 -11.2798
29 -9 -11.2825
29 -8 -11.2684
29 -7 -11.2515
29 -6 -11.2361
29 -5 -11.2307
29 -4 -11.207
29 -3 -11.1864
29 -2 -11.1588
29 -1 -11.1297
29 0 -11.11
29 1 -11.0727
29 2 -11.1157
29 3 -11.3327
29 4 -11.5905
29 5 -11.9087
29 6 -12.2431
29 7 -12.5668
29 8 -12.9036
29 9 -13.2252
29 10 -13.5499
29 11 -13.8315
29 12 -14.135
29 13 -14.4292
29 14 -14.7066
29 15 -14.9837
29 16 -15.2423
29 17 -15.4879
29 18 -15.7543
29 19 -15.9885
29 20 -16.2125
29 21 -16.4517
29 22 -16.6578
29 23 -16.8736
29 24 -17.0804
29 25 -17.2739
29 26 -17.4749
29 27 -17.6557
29 28 -17.8336
29 29 -18.0115
29 30 -18.1746
29 31 -18.3215
29 32 -18.4832
29 33 -18.6272
29 34 -18.76
29 35 -18.8983
29 36 -19.0201
29 37 -19.1455
29 38 -19.2688
29 39 -19.3691
29 40 -19.4878
30 -10 -11.289
30 -9 -11.2817
30 -8 -11.2697
30 -7 -11.2531
30 -6 -11.2433
30 -5 -11.2341
30 -4 -11.218
30 -3 -11.2028
30 -2 -11.1718
30 -1 -11.1374
30 0 -11.1206
30 1 -11.0933
30 2 -11.132
30 3 -11.3273
30 4 -11.5953
30 5 -11.9149
30 6 -12.2483
30 7 -12.5782
30 8 -12.9082
30 9 -13.2317
30 10 -13.534
30 11 -13.8525
30 12 -14.1454
30 13 -14.4469
30 14 -14.7262
30 15 -14.987
30 16 -15.2557
30 17 -15.5058
30 18 -15.7653
30 19 -16.0033
30 20 -16.239
30 21 -16.4478
30 22 -16.6717
30 23 -16.8864
30 24 -17.0911
30 25 -17.2856
30 26 -17.4773
30 27 -17.6574
30 28 -17.842
30 29 -18.0171
30 30 -18.1752
30 31 -18.3403
30 32 -18.486
30 33 -18.6308
30 34 -18.776
30 35 -18.9076
30 36 -19.03
30 37 -19.1479
30 38 -19.2695
30 39 -19.3819
30 40 -19.4873
31 -10 -11.29
31 -9 -11.2931
31 -8 -11.2761
31 -7 -11.2585
31 -6 -11.2519
31 -5 -11.2462
31 -4 -11.2328
31 -3 -11.2077
31 -2 -11.1786
31 -1 -11.1581
31 0 -11.1271
31 1 -11.1175
31 2 -11.1645
31 3 -11.3451
31 4 -11.6217
31 5 -11.9198
31 6 -12.2612
31 7 -12.5911
31 8 -12.9086
31 9 -13.2452
31 10 -13.5645
31 11 -13.8695
31 12 -14.157
31 13 -14.447
31 14 -14.7249
31 15 -14.9961
31 16 -15.2692
31 17 -15.5243
31 18 -15.7741
31 19 -16.014
31 20 -16.2395
31 21 -16.4636
31 22 -16.687
31 23 -16.8921
31 24 -17.1135
31 25 -17.2963
31 26 -17.4897
31 27 -17.6738
31 28 -17.8543
31 29 -18.0258
31 30 -18.1939
31 31 -18.3535
31 32 -18.4921
31 33 -18.6453
31 34 -18.7787
31 35 -18.9093
31 36 -19.039
31 37 -19.1614
31 38 -19.2781
31 39 -19.3926
31 40 -19.5048
32 -10 -11.2888
32 -9 -11.2828
32 -8 -11.2857
32 -7 -11.2656
32 -6 -11.2652
32 -5 -11.2485
32 -4 -11.233
32 -3 -11.2196
32 -2 -11.2008
32 -1 -11.1486
32 0 -11.1409
32 1 -11.125
32 2 -11.1704
32 3 -11.3472
32 4 -11.6233
32 5 -11.9386
32 6 -12.2693
32 7 -12.6086
32 8 -12.9344
32 9 -13.2657
32 10 -13.5748
32 11 -13.8763
32 12 -14.175
32 13 -14.4685
32 14 -14.7402
32 15 -15.0187
32 16 -15.2666
32 17 -15.5335
32 18 -15.7894
32 19 -16.0288
32 20 -16.2536
32 21 -16.4836
32 22 -16.6934
32 23 -16.9107
32 24 -17.1112
32 25 -17.3076
32 26 -17.4981
32 27 -17.68
32 28 -17.8626
32 29 -18.0256
32 30 -18.2014
32 31 -18.3553
32 32 -18.507
32 33 -18.6531
32 34 -18.7915
32 35 -18.9178
32 36 -19.0465
32 37 -19.1609
32 38 -19.2871
32 39 -19.3988
32 40 -19.5105
33 -10 -11.2874
33 -9 -11.2919
33 -8 -11.2735
33 -7 -11.2735
33 -6 -11.2592
33 -5 -11.2416
33 -4 -11.2425
33 -3 -11.218
33 -2 -11.193
33 -1 -11.1715
33 0 -11.1565
33 1 -11.1274
33 2 -11.1761
33 3 -11.353
33 4 -11.6425
33 5 -11.9527
33 6 -12.272
33 7 -12.6185
33 8 -12.9436
33 9 -13.2762
33 10 -13.5661
33 11 -13.8905
33 12 -14.1889
33 13 -14.472
33 14 -14.7518
33 15 -15.0259
33 16 -15.296
33 17 -15.5484
33 18 -15.7886
33 19 -16.0291
33 20 -16.2741
33 21 -16.4944
33 22 -16.7113
33 23 -16.9117
33 24 -17.1169
33 25 -17.3144
33 26 -17.5062
33 27 -17.6928
33 28 -17.8648
33 29 -18.0417
33 30 -18.2067
33 31 -18.3645
33 32 -18.5167
33 33 -18.6577
33 34 -18.7991
33 35 -18.9294
33 36 -19.058
33 37 -19.1732
33 38 -19.2962
33 39 -19.4018
33 40 -19.5111
34 -10 -11.2887
34 -9 -11.2865
34 -8 -11.2789
34 -7 -11.2666
34 -6 -11.2531
34 -5 -11.2482
34 -4 -11.2318
34 -3 -11.2271
34 -2 -11.2019
34 -1 -11.1837
34 0 -11.1594
34 1 -11.1423
34 2 -11.1854
34 3 -11.3721
34 4 -11.6572
34 5 -11.9752
34 6 -12.2984
34 7 -12.6373
34 8 -12.9527
34 9 -13.2836
34 10 -13.5852
34 11 -13.8949
34 12 -14.2039
34 13 -14.4819
34 14 -14.7531
34 15 -15.0273
34 16 -15.3059
34 17 -15.5513
34 18 -15.8037
34 19 -16.043
34 20 -16.2687
34 21 -16.497
34 22 -16.7241
34 23 -16.9266
34 24 -17.1301
34 25 -17.3265
34 26 -17.5162
34 27 -17.6966
34 28 -17.8728
34 29 -18.0426
34 30 -18.2169
34 31 -18.3704
34 32 -18.5265
34 33 -18.6682
34 34 -18.8096
34 35 -18.9368
34 36 -19.0668
34 37 -19.1791
34 38 -19.2966
34 39 -19.4155
34 40 -19.5178
35 -10 -11.286
35 -9 -11.2786
35 -8 -11.2811
35 -7 -11.2646
35 -6 -11.257
35 -5 -11.2523
35 -4 -11.2417
35 -3 -11.2254
35 -2 -11.2206
35 -1 -11.1864
35 0 -11.1778
35 1 -11.1564
35 2 -11.1957
35 3 -11.3824
35 4 -11.6505
35 5 -11.9767
35 6 -12.3089
35 7 -12.6319
35 8 -12.9624
35 9 -13.2921
35 10 -13.5999
35 11 -13.906
35 12 -14.1931
35 13 -14.487
35 14 -14.7705
35 15 -15.035
35 16 -15.2989
35 17 -15.5577
35 18 -15.8165
35 19 -16.0499
35 20 -16.2789
35 21 -16.5025
35 22 -16.7203
35 23 -16.9175
35 24 -17.1306
35 25 -17.33
35 26 -17.5195
35 27 -17.7113
35 28 -17.8821
35 29 -18.0495
35 30 -18.2222
35 31 -18.3716
35 32 -18.5298
35 33 -18.6731
35 34 -18.8108
35 35 -18.9421
35 36 -19.0652
35 37 -19.1871
35 38 -19.3076
35 39 -19.4161
35 40 -19.5293
36 -10 -11.2869
36 -9 -11.2872
36 -8 -11.2762
36 -7 -11.26
36 -6 -11.2504
36 -5 -11.2505
36 -4 -11.2448
36 -3 -11.2384
36 -2 -11.2142
36 -1 -11.1962
36 0 -11.1727
36 1 -11.162
36 2 -11.2026
36 3 -11.4008
36 4 -11.6649
36 5 -11.9896
36 6 -12.3041
36 7 -12.6472
36 8 -12.966
36 9 -13.3018
36 10 -13.6072
36 11 -13.9106
36 12 -14.2021
36 13 -14.4907
36 14 -14.7691
36 15 -15.0409
36 16 -15.3198
36 17 -15.5641
36 18 -15.8026
36 19 -16.0483
36 20 -16.2888
36 21 -16.5088
36 22 -16.7218
36 23 -16.9311
36 24 -17.1368
36 25 -17.3377
36 26 -17.5303
36 27 -17.7039
36 28 -17.8852
36 29 -18.0622
36 30 -18.2244
36 31 -18.3785
36 32 -18.5278
36 33 -18.6714
36 34 -18.8122
36 35 -18.947
36 36 -19.0775
36 37 -19.19
36 38 -19.3145
36 39 -19.4254
36 40 -19.5354
37 -10 -11.2853
37 -9 -11.2831
37 -8 -11.2706
37 -7 -11.2612
37 -6 -11.2579
37 -5 -11.2528
37 -4 -11.2453
37 -3 -11.2337
37 -2 -11.2249
37 -1 -11.1845
37 0 -11.1762
37 1 -11.1565
37 2 -11.2209
37 3 -11.4075
37 4 -11.6741
37 5 -11.9961
37 6 -12.321
37 7 -12.6657
37 8 -12.9804
37 9 -13.2992
37 10 -13.6099
37 11 -13.9154
37 12 -14.2057
37 13 -14.493
37 14 -14.7748
37 15 -15.048
37 16 -15.3064
37 17 -15.5602
37 18 -15.8155
37 19 -16.0621
37 20 -16.2792
37 21 -16.5016
37 22 -16.7387
37 23 -16.9377
37 24 -17.1417
37 25 -17.3391
37 26 -17.5127
37 27 -17.7017
37 28 -17.8876
37 29 -18.0466
37 30 -18.2224
37 31 -18.3752
37 32 -18.5298
37 33 -18.6688
37 34 -18.8078
37 35 -18.941
37 36 -19.0754
37 37 -19.1924
37 38 -19.3123
37 39 -19.421
37 40 -19.5363
38 -10 -11.2883
38 -9 -11.2907
38 -8 -11.2724
38 -7 -11.2624
38 -6 -11.2513
38 -5 -11.2465
38 -4 -11.2578
38 -3 -11.2407
38 -2 -11.2157
38 -1 -11.1869
38 0 -11.1883
38 1 -11.166
38 2 -11.2184
38 3 -11.4012
38 4 -11.6836
38 5 -12.0043
38 6 -12.3284
38 7 -12.6633
38 8 -12.9797
38 9 -13.2914
38 10 -13.6083
38 11 -13.9162
38 12 -14.2118
38 13 -14.4977
38 14 -14.7704
38 15 -15.0464
38 16 -15.3198
38 17 -15.5689
38 18 -15.8222
38 19 -16.0567
38 20 -16.2872
38 21 -16.5055
38 22 -16.7298
38 23 -16.94
38 24 -17.1355
38 25 -17.3293
38 26 -17.5235
38 27 -17.7095
38 28 -17.8802
38 29 -18.0535
38 30 -18.2236
38 31 -18.3719
38 32 -18.5292
38 33 -18.6786
38 34 -18.811
38 35 -18.9473
38 36 -19.068
38 37 -19.1921
38 38 -19.3091
38 39 -19.4179
38 40 -19.5392
39 -10 -11.2916
39 -9 -11.2861
39 -8 -11.2775
39 -7 -11.2598
39 -6 -11.2515
39 -5 -11.2507
39 -4 -11.2469
39 -3 -11.2368
39 -2 -11.2181
39 -1 -11.2111
39 0 -11.1922
39 1 -11.168
39 2 -11.2198
39 3 -11.4254
39 4 -11.6912
39 5 -12.0019
39 6 -12.3324
39 7 -12.6659
39 8 -12.9799
39 9 -13.3048
39 10 -13.6012
39 11 -13.9125
39 12 -14.214
39 13 -14.4995
39 14 -14.7779
39 15 -15.0474
39 16 -15.3124
39 17 -15.571
39 18 -15.8079
39 19 -16.0603
39 20 -16.2829
39 21 -16.5097
39 22 -16.7299
39 23 -16.9375
39 24 -17.1397
39 25 -17.331
39 26 -17.5298
39 27 -17.7119
39 28 -17.8826
39 29 -18.0606
39 30 -18.2089
39 31 -18.3771
39 32 -18.5235
39 33 -18.6677
39 34 -18.805
39 35 -18.9423
39 36 -19.0689
39 37 -19.187
39 38 -19.3111
39 39 -19.4234
39 40 -19.5348
40 -10 -11.2841
40 -9 -11.2861
40 -8 -11.2806
40 -7 -11.253
40 -6 -11.2521
40 -5 -11.2439
40 -4 -11.2431
40 -3 -11.2396
40 -2 -11.2088
40 -1 -11.1959
40 0 -11.1745
40 1 -11.1632
40 2 -11.2211
40 3 -11.4126
40 4 -11.6891
40 5 -11.9965
40 6 -12.3267
40 7 -12.6685
40 8 -13.0012
40 9 -13.3038
40 10 -13.6164
40 11 -13.912
40 12 -14.2096
40 13 -14.4939
40 14 -14.7732
40 15 -15.0468
40 16 -15.3064
40 17 -15.5769
40 18 -15.8152
40 19 -16.0485
40 20 -16.2866
40 21 -16.5119
40 22 -16.7287
40 23 -16.9317
40 24 -17.1394
40 25 -17.339
40 26 -17.5272
40 27 -17.7079
40 28 -17.8814
40 29 -18.0535
40 30 -18.2219
40 31 -18.3728
40 32 -18.5293
40 33 -18.6695
40 34 -18.807
40 35 -18.9478
40 36 -19.0665
40 37 -19.1911
40 38 -19.3021
40 39 -19.4202
40 40 -19.5285
