-10 -10 -9.96941
-10 -9 -9.96006
-10 -8 -9.91784
-10 -7 -9.87609
-10 -6 -9.86616
-10 -5 -9.86032
-10 -4 -9.86212
-10 -3 -9.85737
-10 -2 -9.82329
-10 -1 -9.78788
-10 0 -9.75132
-10 1 -9.75038
-10 2 -9.79699
-10 3 -9.98587
-10 4 -10.2617
-10 5 -10.584
-10 6 -10.9089
-10 7 -11.234
-10 8 -11.5472
-10 9 -11.8636
-10 10 -12.1718
-10 11 -12.4809
-10 12 -12.7699
-10 13 -13.053
-10 14 -13.3239
-10 15 -13.5884
-10 16 -13.8448
-10 17 -14.1061
-10 18 -14.3548
-10 19 -14.5875
-10 20 -14.8228
-10 21 -15.047
-10 22 -15.2691
-10 23 -15.4846
-10 24 -15.6959
-10 25 -15.8967
-10 26 -16.0936
-10 27 -16.2779
-10 28 -16.468
-10 29 -16.6367
-10 30 -16.8109
-10 31 -16.9597
-10 32 -17.1095
-10 33 -17.2524
-10 34 -17.3797
-10 35 -17.51
-10 36 -17.6307
-10 37 -17.7624
-10 38 -17.8846
-10 39 -18.0031
-10 40 -18.1228
-9 -10 -9.95345
-9 -9 -9.90913
-9 -8 -9.88662
-9 -7 -9.8625
-9 -6 -9.86308
-9 -5 -9.86654
-9 -4 -9.86892
-9 -3 -9.82007
-9 -2 -9.79475
-9 -1 -9.75375
-9 0 -9.74057
-9 1 -9.72836
-9 2 -9.82457
-9 3 -10.0065
-9 4 -10.2707
-9 5 -10.5837
-9 6 -10.8995
-9 7 -11.2308
-9 8 -11.5587
-9 9 -11.8738
-9 10 -12.1766
-9 11 -12.4642
-9 12 -12.7644
-9 13 -13.0333
-9 14 -13.3145
-9 15 -13.5724
-9 16 -13.8316
-9 17 -14.0804
-9 18 -14.3216
-9 19 -14.567
-9 20 -14.7945
-9 21 -15.016
-9 22 -15.2323
-9 23 -15.4459
-9 24 -15.6511
-9 25 -15.8457
-9 26 -16.0402
-9 27 -16.2318
-9 28 -16.4098
-9 29 -16.5875
-9 30 -16.7457
-9 31 -16.9073
-9 32 -17.0644
-9 33 -17.2089
-9 34 -17.343
-9 35 -17.477
-9 36 -17.6063
-9 37 -17.7426
-9 38 -17.8663
-9 39 -17.9921
-9 40 -18.1096
-8 -10 -9.90949
-8 -9 -9.8803
-8 -8 -9.85951
-8 -7 -9.86389
-8 -6 -9.87076
-8 -5 -9.86698
-8 -4 -9.82137
-8 -3 -9.78159
-8 -2 -9.75246
-8 -1 -9.74748
-8 0 -9.72173
-8 1 -9.73284
-8 2 -9.791
-8 3 -9.96014
-8 4 -10.2334
-8 5 -10.5346
-8 6 -10.8761
-8 7 -11.2012
-8 8 -11.5488
-8 9 -11.8672
-8 10 -12.1806
-8 11 -12.4798
-8 12 -12.7771
-8 13 -13.062
-8 14 -13.3231
-8 15 -13.5866
-8 16 -13.8389
-8 17 -14.0787
-8 18 -14.3241
-8 19 -14.549
-8 20 -14.7814
-8 21 -14.9993
-8 22 -15.2139
-8 23 -15.424
-8 24 -15.6257
-8 25 -15.819
-8 26 -16.0142
-8 27 -16.2005
-8 28 -16.3788
-8 29 -16.5518
-8 30 -16.7207
-8 31 -16.8709
-8 32 -17.0276
-8 33 -17.1731
-8 34 -17.3076
-8 35 -17.4412
-8 36 -17.5738
-8 37 -17.706
-8 38 -17.8321
-8 39 -17.949
-8 40 -18.0759
-7 -10 -9.88668
-7 -9 -9.86939
-7 -8 -9.86677
-7 -7 -9.87098
-7 -6 -9.86784
-7 -5 -9.82605
-7 -4 -9.79248
-7 -3 -9.75375
-7 -2 -9.74153
-7 -1 -9.72267
-7 0 -9.73478
-7 1 -9.68942
-7 2 -9.73766
-7 3 -9.94782
-7 4 -10.1912
-7 5 -10.4898
-7 6 -10.8205
-7 7 -11.1592
-7 8 -11.486
-7 9 -11.8066
-7 10 -12.1193
-7 11 -12.439
-7 12 -12.7398
-7 13 -13.0329
-7 14 -13.329
-7 15 -13.5959
-7 16 -13.8488
-7 17 -14.0952
-7 18 -14.3375
-7 19 -14.5554
-7 20 -14.788
-7 21 -15.0027
-7 22 -15.213
-7 23 -15.4159
-7 24 -15.6164
-7 25 -15.8162
-7 26 -15.9974
-7 27 -16.1844
-7 28 -16.3609
-7 29 -16.5332
-7 30 -16.6998
-7 31 -16.8546
-7 32 -17.0041
-7 33 -17.1507
-7 34 -17.2893
-7 35 -17.4191
-7 36 -17.5486
-7 37 -17.6825
-7 38 -17.8107
-7 39 -17.9313
-7 40 -18.0448
-6 -10 -9.87066
-6 -9 -9.875
-6 -8 -9.86488
-6 -7 -9.87638
-6 -6 -9.83527
-6 -5 -9.79912
-6 -4 -9.75326
-6 -3 -9.74846
-6 -2 -9.72705
-6 -1 -9.74283
-6 0 -9.69984
-6 1 -9.66447
-6 2 -9.69941
-6 3 -9.8776
-6 4 -10.1643
-6 5 -10.4721
-6 6 -10.8157
-6 7 -11.1454
-6 8 -11.4569
-6 9 -11.7834
-6 10 -12.0962
-6 11 -12.3949
-6 12 -12.6898
-6 13 -12.9837
-6 14 -13.2723
-6 15 -13.5388
-6 16 -13.822
-6 17 -14.0848
-6 18 -14.3326
-6 19 -14.5756
-6 20 -14.7964
-6 21 -15.0135
-6 22 -15.2273
-6 23 -15.4296
-6 24 -15.624
-6 25 -15.8227
-6 26 -16.0107
-6 27 -16.1909
-6 28 -16.364
-6 29 -16.5347
-6 30 -16.6983
-6 31 -16.8582
-6 32 -17.0054
-6 33 -17.1475
-6 34 -17.274
-6 35 -17.4066
-6 36 -17.5324
-6 37 -17.666
-6 38 -17.7964
-6 39 -17.9134
-6 40 -18.0397
-5 -10 -9.87418
-5 -9 -9.87441
-5 -8 -9.87459
-5 -7 -9.84039
-5 -6 -9.80976
-5 -5 -9.75905
-5 -4 -9.75319
-5 -3 -9.73495
-5 -2 -9.74912
-5 -1 -9.70507
-5 0 -9.66217
-5 1 -9.62828
-5 2 -9.68514
-5 3 -9.87658
-5 4 -10.1476
-5 5 -10.4545
-5 6 -10.7913
-5 7 -11.1088
-5 8 -11.4329
-5 9 -11.7561
-5 10 -12.072
-5 11 -12.371
-5 12 -12.6696
-5 13 -12.9526
-5 14 -13.2269
-5 15 -13.5064
-5 16 -13.7737
-5 17 -14.0302
-5 18 -14.2844
-5 19 -14.5309
-5 20 -14.7714
-5 21 -15.0035
-5 22 -15.2118
-5 23 -15.4232
-5 24 -15.6238
-5 25 -15.8203
-5 26 -16.0091
-5 27 -16.1895
-5 28 -16.3625
-5 29 -16.5355
-5 30 -16.6978
-5 31 -16.8512
-5 32 -16.995
-5 33 -17.1394
-5 34 -17.276
-5 35 -17.4087
-5 36 -17.528
-5 37 -17.6656
-5 38 -17.7911
-5 39 -17.9157
-5 40 -18.0325
-4 -10 -9.87645
-4 -9 -9.88139
-4 -8 -9.84385
-4 -7 -9.81331
-4 -6 -9.77899
-4 -5 -9.7715
-4 -4 -9.75905
-4 -3 -9.75933
-4 -2 -9.72355
-4 -1 -9.67257
-4 0 -9.64452
-4 1 -9.62364
-4 2 -9.6758
-4 3 -9.8605
-4 4 -10.1426
-4 5 -10.4524
-4 6 -10.7807
-4 7 -11.1009
-4 8 -11.4119
-4 9 -11.7379
-4 10 -12.0517
-4 11 -12.3537
-4 12 -12.6568
-4 13 -12.9395
-4 14 -13.2099
-4 15 -13.4799
-4 16 -13.7389
-4 17 -14.0046
-4 18 -14.2535
-4 19 -14.4987
-4 20 -14.7309
-4 21 -14.9629
-4 22 -15.194
-4 23 -15.412
-4 24 -15.6176
-4 25 -15.8164
-4 26 -16.0088
-4 27 -16.1854
-4 28 -16.3617
-4 29 -16.5303
-4 30 -16.6909
-4 31 -16.8484
-4 32 -16.9986
-4 33 -17.141
-4 34 -17.2726
-4 35 -17.4073
-4 36 -17.5328
-4 37 -17.6565
-4 38 -17.7846
-4 39 -17.911
-4 40 -18.0394
-3 -10 -9.91049
-3 -9 -9.8629
-3 -8 -9.84157
-3 -7 -9.80328
-3 -6 -9.78356
-3 -5 -9.77325
-3 -4 -9.77343
-3 -3 -9.74863
-3 -2 -9.69454
-3 -1 -9.66539
-3 0 -9.645
-3 1 -9.60372
-3 2 -9.68468
-3 3 -9.87289
-3 4 -10.15
-3 5 -10.4734
-3 6 -10.7901
-3 7 -11.117
-3 8 -11.4444
-3 9 -11.7492
-3 10 -12.0489
-3 11 -12.349
-3 12 -12.6365
-3 13 -12.9165
-3 14 -13.1937
-3 15 -13.4549
-3 16 -13.7167
-3 17 -13.9749
-3 18 -14.2306
-3 19 -14.4678
-3 20 -14.7083
-3 21 -14.9403
-3 22 -15.1672
-3 23 -15.3814
-3 24 -15.5914
-3 25 -15.7971
-3 26 -15.9939
-3 27 -16.1767
-3 28 -16.3633
-3 29 -16.5268
-3 30 -16.6901
-3 31 -16.8479
-3 32 -16.9913
-3 33 -17.1343
-3 34 -17.2671
-3 35 -17.3954
-3 36 -17.5258
-3 37 -17.6541
-3 38 -17.7781
-3 39 -17.8994
-3 40 -18.0242
-2 -10 -9.90312
-2 -9 -9.88225
-2 -8 -9.84929
-2 -7 -9.82866
-2 -6 -9.81137
-2 -5 -9.81182
-2 -4 -9.78084
-2 -3 -9.74177
-2 -2 -9.69625
-2 -1 -9.66928
-2 0 -9.65536
-2 1 -9.6395
-2 2 -9.66556
-2 3 -9.83493
-2 4 -10.117
-2 5 -10.4273
-2 6 -10.7665
-2 7 -11.1109
-2 8 -11.4454
-2 9 -11.7638
-2 10 -12.0757
-2 11 -12.3644
-2 12 -12.6483
-2 13 -12.9295
-2 14 -13.19
-2 15 -13.463
-2 16 -13.71
-2 17 -13.9639
-2 18 -14.2042
-2 19 -14.4403
-2 20 -14.6823
-2 21 -14.9146
-2 22 -15.1458
-2 23 -15.3478
-2 24 -15.5748
-2 25 -15.779
-2 26 -15.9688
-2 27 -16.1672
-2 28 -16.3548
-2 29 -16.5289
-2 30 -16.6966
-2 31 -16.8506
-2 32 -17.0068
-2 33 -17.1406
-2 34 -17.2693
-2 35 -17.4022
-2 36 -17.524
-2 37 -17.6547
-2 38 -17.7777
-2 39 -17.899
-2 40 -18.0158
-1 -10 -9.89278
-1 -9 -9.8617
-1 -8 -9.83541
-1 -7 -9.81786
-1 -6 -9.82165
-1 -5 -9.80594
-1 -4 -9.74388
-1 -3 -9.72192
-1 -2 -9.70467
-1 -1 -9.67917
-1 0 -9.65456
-1 1 -9.63308
-1 2 -9.62705
-1 3 -9.79513
-1 4 -10.0663
-1 5 -10.391
-1 6 -10.7212
-1 7 -11.0618
-1 8 -11.4051
-1 9 -11.7515
-1 10 -12.0821
-1 11 -12.3989
-1 12 -12.6978
-1 13 -12.9667
-1 14 -13.2439
-1 15 -13.4944
-1 16 -13.7506
-1 17 -13.9896
-1 18 -14.2339
-1 19 -14.4653
-1 20 -14.7013
-1 21 -14.9261
-1 22 -15.1475
-1 23 -15.3625
-1 24 -15.5726
-1 25 -15.7695
-1 26 -15.9635
-1 27 -16.1609
-1 28 -16.3454
-1 29 -16.5292
-1 30 -16.7016
-1 31 -16.8607
-1 32 -17.0088
-1 33 -17.1521
-1 34 -17.2815
-1 35 -17.4203
-1 36 -17.548
-1 37 -17.6712
-1 38 -17.8007
-1 39 -17.9291
-1 40 -18.0429
0 -10 -9.88443
0 -9 -9.87465
0 -8 -9.86287
0 -7 -9.83619
0 -6 -9.83523
0 -5 -9.77369
0 -4 -9.72936
0 -3 -9.70116
0 -2 -9.69576
0 -1 -9.70962
0 0 -9.69908
0 1 -9.6292
0 2 -9.63051
0 3 -9.80801
0 4 -10.0839
0 5 -10.4063
0 6 -10.7271
0 7 -11.0612
0 8 -11.3869
0 9 -11.7231
0 10 -12.0555
0 11 -12.3977
0 12 -12.6968
0 13 -12.9881
0 14 -13.263
0 15 -13.5239
0 16 -13.7806
0 17 -14.0234
0 18 -14.2479
0 19 -14.481
0 20 -14.7204
0 21 -14.9351
0 22 -15.1529
0 23 -15.3694
0 24 -15.5829
0 25 -15.7797
0 26 -15.9734
0 27 -16.1591
0 28 -16.3501
0 29 -16.5237
0 30 -16.6893
0 31 -16.8509
0 32 -17.0071
0 33 -17.1502
0 34 -17.2857
0 35 -17.4333
0 36 -17.5584
0 37 -17.6882
0 38 -17.8174
0 39 -17.945
0 40 -18.0632
1 -10 -9.88646
1 -9 -9.87723
1 -8 -9.88715
1 -7 -9.89001
1 -6 -9.85884
1 -5 -9.78949
1 -4 -9.75297
1 -3 -9.72131
1 -2 -9.72044
1 -1 -9.74964
1 0 -9.71039
1 1 -9.62607
1 2 -9.60165
1 3 -9.80456
1 4 -10.0966
1 5 -10.4117
1 6 -10.7255
1 7 -11.0684
1 8 -11.4058
1 9 -11.7399
1 10 -12.0671
1 11 -12.4045
1 12 -12.712
1 13 -13.0172
1 14 -13.3099
1 15 -13.5825
1 16 -13.8395
1 17 -14.0761
1 18 -14.3098
1 19 -14.546
1 20 -14.7661
1 21 -14.9922
1 22 -15.2021
1 23 -15.4142
1 24 -15.6183
1 25 -15.8164
1 26 -16.0151
1 27 -16.1944
1 28 -16.378
1 29 -16.5468
1 30 -16.7211
1 31 -16.8889
1 32 -17.0295
1 33 -17.1807
1 34 -17.3193
1 35 -17.4496
1 36 -17.5826
1 37 -17.7135
1 38 -17.8392
1 39 -17.9591
1 40 -18.0925
2 -10 -9.94613
2 -9 -9.93311
2 -8 -9.92101
2 -7 -9.91994
2 -6 -9.90871
2 -5 -9.84801
2 -4 -9.8092
2 -3 -9.78728
2 -2 -9.78334
2 -1 -9.78815
2 0 -9.77068
2 1 -9.69909
2 2 -9.66812
2 3 -9.85384
2 4 -10.1469
2 5 -10.4598
2 6 -10.7865
2 7 -11.1329
2 8 -11.4606
2 9 -11.7991
2 10 -12.1255
2 11 -12.4564
2 12 -12.7686
2 13 -13.0764
2 14 -13.3565
2 15 -13.6323
2 16 -13.8823
2 17 -14.1292
2 18 -14.36
2 19 -14.5984
2 20 -14.8191
2 21 -15.0331
2 22 -15.2477
2 23 -15.4515
2 24 -15.6553
2 25 -15.8578
2 26 -16.06
2 27 -16.2519
2 28 -16.4275
2 29 -16.6097
2 30 -16.7717
2 31 -16.9362
2 32 -17.0939
2 33 -17.2386
2 34 -17.3786
2 35 -17.5023
2 36 -17.639
2 37 -17.773
2 38 -17.891
2 39 -18.0198
2 40 -18.1467
3 -10 -10.0134
3 -9 -9.99635
3 -8 -10.0027
3 -7 -9.97569
3 -6 -9.96897
3 -5 -9.93651
3 -4 -9.86081
3 -3 -9.83606
3 -2 -9.83085
3 -1 -9.7946
3 0 -9.78942
3 1 -9.77445
3 2 -9.74317
3 3 -9.92877
3 4 -10.2055
3 5 -10.5292
3 6 -10.8572
3 7 -11.1871
3 8 -11.5425
3 9 -11.8704
3 10 -12.2108
3 11 -12.5267
3 12 -12.8312
3 13 -13.1222
3 14 -13.3986
3 15 -13.6613
3 16 -13.9289
3 17 -14.1751
3 18 -14.4086
3 19 -14.6416
3 20 -14.8636
3 21 -15.0753
3 22 -15.2923
3 23 -15.5031
3 24 -15.7153
3 25 -15.9062
3 26 -16.1023
3 27 -16.2892
3 28 -16.4735
3 29 -16.6535
3 30 -16.8208
3 31 -16.9887
3 32 -17.1348
3 33 -17.2858
3 34 -17.4282
3 35 -17.5637
3 36 -17.7023
3 37 -17.831
3 38 -17.96
3 39 -18.0852
3 40 -18.2044
4 -10 -10.0751
4 -9 -10.0534
4 -8 -10.0259
4 -7 -10.004
4 -6 -9.97955
4 -5 -9.96963
4 -4 -9.93017
4 -3 -9.89483
4 -2 -9.85945
4 -1 -9.81975
4 0 -9.80777
4 1 -9.79709
4 2 -9.83325
4 3 -10.0246
4 4 -10.2996
4 5 -10.6271
4 6 -10.9588
4 7 -11.2928
4 8 -11.6253
4 9 -11.947
4 10 -12.2602
4 11 -12.5633
4 12 -12.8591
4 13 -13.1382
4 14 -13.4173
4 15 -13.6813
4 16 -13.9431
4 17 -14.2051
4 18 -14.4512
4 19 -14.6808
4 20 -14.9056
4 21 -15.1201
4 22 -15.3354
4 23 -15.5499
4 24 -15.753
4 25 -15.9558
4 26 -16.1508
4 27 -16.3377
4 28 -16.5318
4 29 -16.7163
4 30 -16.8771
4 31 -17.0517
4 32 -17.1993
4 33 -17.3445
4 34 -17.4897
4 35 -17.6211
4 36 -17.7457
4 37 -17.8766
4 38 -18.001
4 39 -18.1251
4 40 -18.2459
5 -10 -10.1185
5 -9 -10.0977
5 -8 -10.0753
5 -7 -10.026
5 -6 -9.99559
5 -5 -9.99459
5 -4 -9.98338
5 -3 -9.97014
5 -2 -9.9108
5 -1 -9.85306
5 0 -9.82133
5 1 -9.83332
5 2 -9.86971
5 3 -10.0703
5 4 -10.3491
5 5 -10.6687
5 6 -11.0001
5 7 -11.3246
5 8 -11.6423
5 9 -11.9771
5 10 -12.2826
5 11 -12.5891
5 12 -12.8716
5 13 -13.1596
5 14 -13.4314
5 15 -13.7007
5 16 -13.9735
5 17 -14.2339
5 18 -14.49
5 19 -14.7232
5 20 -14.953
5 21 -15.1749
5 22 -15.3951
5 23 -15.6063
5 24 -15.8242
5 25 -16.0223
5 26 -16.2167
5 27 -16.4112
5 28 -16.6058
5 29 -16.7801
5 30 -16.9488
5 31 -17.1069
5 32 -17.2653
5 33 -17.4052
5 34 -17.5438
5 35 -17.6749
5 36 -17.8039
5 37 -17.9311
5 38 -18.053
5 39 -18.1682
5 40 -18.2864
6 -10 -10.1518
6 -9 -10.14
6 -8 -10.1115
6 -7 -10.0639
6 -6 -10.042
6 -5 -10.0321
6 -4 -10.0313
6 -3 -10.0269
6 -2 -9.99785
6 -1 -9.90887
6 0 -9.86529
6 1 -9.8566
6 2 -9.9044
6 3 -10.098
6 4 -10.3886
6 5 -10.6919
6 6 -11.0188
6 7 -11.3562
6 8 -11.6854
6 9 -11.9987
6 10 -12.311
6 11 -12.6064
6 12 -12.8909
6 13 -13.1904
6 14 -13.4698
6 15 -13.7453
6 16 -14.0147
6 17 -14.2821
6 18 -14.5369
6 19 -14.781
6 20 -15.0165
6 21 -15.2371
6 22 -15.4539
6 23 -15.6759
6 24 -15.8895
6 25 -16.101
6 26 -16.3024
6 27 -16.4852
6 28 -16.6636
6 29 -16.8341
6 30 -16.9993
6 31 -17.1552
6 32 -17.3099
6 33 -17.4523
6 34 -17.5809
6 35 -17.7145
6 36 -17.8377
6 37 -17.966
6 38 -18.0872
6 39 -18.2026
6 40 -18.3177
7 -10 -10.2109
7 -9 -10.1906
7 -8 -10.1917
7 -7 -10.1357
7 -6 -10.0843
7 -5 -10.0559
7 -4 -10.0697
7 -3 -10.0566
7 -2 -10.0461
7 -1 -10.0082
7 0 -9.93044
7 1 -9.9116
7 2 -9.94314
7 3 -10.1273
7 4 -10.4029
7 5 -10.7133
7 6 -11.0579
7 7 -11.3879
7 8 -11.7117
7 9 -12.027
7 10 -12.3426
7 11 -12.6393
7 12 -12.9461
7 13 -13.2292
7 14 -13.5177
7 15 -13.8012
7 16 -14.0681
7 17 -14.352
7 18 -14.6049
7 19 -14.8534
7 20 -15.0943
7 21 -15.3203
7 22 -15.5452
7 23 -15.7538
7 24 -15.9612
7 25 -16.1521
7 26 -16.3458
7 27 -16.5234
7 28 -16.6992
7 29 -16.8657
7 30 -17.0325
7 31 -17.1866
7 32 -17.3394
7 33 -17.4799
7 34 -17.6174
7 35 -17.7437
7 36 -17.8686
7 37 -17.9993
7 38 -18.1134
7 39 -18.2268
7 40 -18.3446
8 -10 -10.2411
8 -9 -10.2392
8 -8 -10.2337
8 -7 -10.1938
8 -6 -10.1449
8 -5 -10.1141
8 -4 -10.1031
8 -3 -10.0964
8 -2 -10.0585
8 -1 -10.0356
8 0 -9.99536
8 1 -9.95481
8 2 -9.99416
8 3 -10.1668
8 4 -10.4557
8 5 -10.7655
8 6 -11.1089
8 7 -11.4452
8 8 -11.7624
8 9 -12.0883
8 10 -12.3892
8 11 -12.6981
8 12 -12.9962
8 13 -13.2974
8 14 -13.578
8 15 -13.8725
8 16 -14.1578
8 17 -14.4234
8 18 -14.6865
8 19 -14.9245
8 20 -15.1495
8 21 -15.373
8 22 -15.5805
8 23 -15.7934
8 24 -15.9927
8 25 -16.1822
8 26 -16.3723
8 27 -16.5477
8 28 -16.7221
8 29 -16.8935
8 30 -17.061
8 31 -17.2184
8 32 -17.3645
8 33 -17.5049
8 34 -17.6445
8 35 -17.771
8 36 -17.8961
8 37 -18.0163
8 38 -18.1367
8 39 -18.254
8 40 -18.368
9 -10 -10.2781
9 -9 -10.2569
9 -8 -10.2413
9 -7 -10.2213
9 -6 -10.1878
9 -5 -10.1558
9 -4 -10.143
9 -3 -10.1255
9 -2 -10.0799
9 -1 -10.0595
9 0 -10.0299
9 1 -10.0083
9 2 -10.037
9 3 -10.2333
9 4 -10.5162
9 5 -10.8355
9 6 -11.1562
9 7 -11.4902
9 8 -11.8222
9 9 -12.1466
9 10 -12.4542
9 11 -12.7554
9 12 -13.066
9 13 -13.3606
9 14 -13.6441
9 15 -13.9289
9 16 -14.1988
9 17 -14.4507
9 18 -14.7066
9 19 -14.9396
9 20 -15.166
9 21 -15.3869
9 22 -15.608
9 23 -15.8099
9 24 -16.0113
9 25 -16.204
9 26 -16.3908
9 27 -16.5686
9 28 -16.7458
9 29 -16.915
9 30 -17.0832
9 31 -17.2354
9 32 -17.3883
9 33 -17.5262
9 34 -17.669
9 35 -17.8003
9 36 -17.9255
9 37 -18.0477
9 38 -18.1651
9 39 -18.2755
9 40 -18.3895
10 -10 -10.3091
10 -9 -10.2934
10 -8 -10.2656
10 -7 -10.2382
10 -6 -10.2232
10 -5 -10.2017
10 -4 -10.1834
10 -3 -10.1678
10 -2 -10.1085
10 -1 -10.0748
10 0 -10.0385
10 1 -10.0339
10 2 -10.0906
10 3 -10.2902
10 4 -10.5746
10 5 -10.8837
10 6 -11.2109
10 7 -11.5383
10 8 -11.8651
10 9 -12.1748
10 10 -12.4878
10 11 -12.7924
10 12 -13.097
10 13 -13.3774
10 14 -13.6614
10 15 -13.9369
10 16 -14.2115
10 17 -14.4688
10 18 -14.7134
10 19 -14.9588
10 20 -15.1907
10 21 -15.4183
10 22 -15.6256
10 23 -15.8345
10 24 -16.0331
10 25 -16.2275
10 26 -16.4159
10 27 -16.5932
10 28 -16.772
10 29 -16.9404
10 30 -17.1096
10 31 -17.271
10 32 -17.4129
10 33 -17.5628
10 34 -17.7035
10 35 -17.8329
10 36 -17.9538
10 37 -18.065
10 38 -18.1826
10 39 -18.3025
10 40 -18.4141
11 -10 -10.3463
11 -9 -10.3316
11 -8 -10.2999
11 -7 -10.2609
11 -6 -10.2432
11 -5 -10.2276
11 -4 -10.2286
11 -3 -10.2137
11 -2 -10.1402
11 -1 -10.0989
11 0 -10.0736
11 1 -10.0546
11 2 -10.1194
11 3 -10.3161
11 4 -10.6076
11 5 -10.9205
11 6 -11.2426
11 7 -11.5754
11 8 -11.8934
11 9 -12.2036
11 10 -12.5177
11 11 -12.8199
11 12 -13.117
11 13 -13.4088
11 14 -13.6894
11 15 -13.9602
11 16 -14.2278
11 17 -14.4859
11 18 -14.7418
11 19 -14.99
11 20 -15.225
11 21 -15.45
11 22 -15.6641
11 23 -15.8669
11 24 -16.0711
11 25 -16.2651
11 26 -16.4534
11 27 -16.6337
11 28 -16.8165
11 29 -16.9829
11 30 -17.1454
11 31 -17.3058
11 32 -17.4655
11 33 -17.6058
11 34 -17.742
11 35 -17.8748
11 36 -17.9972
11 37 -18.1136
11 38 -18.2281
11 39 -18.3462
11 40 -18.4505
12 -10 -10.3872
12 -9 -10.3801
12 -8 -10.3375
12 -7 -10.2912
12 -6 -10.2671
12 -5 -10.2564
12 -4 -10.2615
12 -3 -10.2685
12 -2 -10.2057
12 -1 -10.1377
12 0 -10.1096
12 1 -10.0922
12 2 -10.1372
12 3 -10.3525
12 4 -10.635
12 5 -10.9423
12 6 -11.2686
12 7 -11.5836
12 8 -11.9
12 9 -12.2239
12 10 -12.5393
12 11 -12.837
12 12 -13.1434
12 13 -13.4251
12 14 -13.7114
12 15 -13.9829
12 16 -14.2439
12 17 -14.5011
12 18 -14.753
12 19 -15.0127
12 20 -15.2602
12 21 -15.4821
12 22 -15.6961
12 23 -15.9036
12 24 -16.1057
12 25 -16.3041
12 26 -16.4904
12 27 -16.6765
12 28 -16.8586
12 29 -17.0307
12 30 -17.2001
12 31 -17.36
12 32 -17.5113
12 33 -17.6566
12 34 -17.7987
12 35 -17.9272
12 36 -18.0522
12 37 -18.1635
12 38 -18.2806
12 39 -18.3912
12 40 -18.5025
13 -10 -10.4249
13 -9 -10.432
13 -8 -10.3806
13 -7 -10.3433
13 -6 -10.309
13 -5 -10.2916
13 -4 -10.2842
13 -3 -10.2874
13 -2 -10.2338
13 -1 -10.1863
13 0 -10.1465
13 1 -10.1121
13 2 -10.1665
13 3 -10.3716
13 4 -10.6556
13 5 -10.9625
13 6 -11.2797
13 7 -11.6052
13 8 -11.9236
13 9 -12.2433
13 10 -12.5619
13 11 -12.8653
13 12 -13.1607
13 13 -13.4519
13 14 -13.7326
13 15 -14.0095
13 16 -14.2775
13 17 -14.5335
13 18 -14.8019
13 19 -15.0507
13 20 -15.3035
13 21 -15.5241
13 22 -15.7466
13 23 -15.9572
13 24 -16.1659
13 25 -16.3577
13 26 -16.545
13 27 -16.7386
13 28 -16.9125
13 29 -17.0903
13 30 -17.2532
13 31 -17.415
13 32 -17.5638
13 33 -17.7057
13 34 -17.842
13 35 -17.9715
13 36 -18.0987
13 37 -18.2156
13 38 -18.3333
13 39 -18.4505
13 40 -18.5547
14 -10 -10.4381
14 -9 -10.4438
14 -8 -10.4106
14 -7 -10.3636
14 -6 -10.3315
14 -5 -10.3181
14 -4 -10.308
14 -3 -10.2999
14 -2 -10.2589
14 -1 -10.2182
14 0 -10.1924
14 1 -10.152
14 2 -10.1943
14 3 -10.4015
14 4 -10.6747
14 5 -10.9834
14 6 -11.3114
14 7 -11.6407
14 8 -11.9573
14 9 -12.2758
14 10 -12.6082
14 11 -12.906
14 12 -13.2001
14 13 -13.4844
14 14 -13.7729
14 15 -14.0444
14 16 -14.3203
14 17 -14.5925
14 18 -14.8572
14 19 -15.1176
14 20 -15.357
14 21 -15.5812
14 22 -15.7957
14 23 -16.0022
14 24 -16.2082
14 25 -16.3983
14 26 -16.5815
14 27 -16.7697
14 28 -16.9408
14 29 -17.1185
14 30 -17.2799
14 31 -17.4331
14 32 -17.5849
14 33 -17.7356
14 34 -17.8642
14 35 -17.9918
14 36 -18.1127
14 37 -18.2333
14 38 -18.3486
14 39 -18.4716
14 40 -18.5794
15 -10 -10.4506
15 -9 -10.4496
15 -8 -10.4236
15 -7 -10.3931
15 -6 -10.3579
15 -5 -10.3475
15 -4 -10.3255
15 -3 -10.311
15 -2 -10.2722
15 -1 -10.2395
15 0 -10.2109
15 1 -10.2007
15 2 -10.2299
15 3 -10.427
15 4 -10.7143
15 5 -11.0318
15 6 -11.3479
15 7 -11.6851
15 8 -12.0108
15 9 -12.3309
15 10 -12.6443
15 11 -12.9465
15 12 -13.233
15 13 -13.533
15 14 -13.812
15 15 -14.0876
15 16 -14.3689
15 17 -14.6254
15 18 -14.8852
15 19 -15.1393
15 20 -15.3749
15 21 -15.601
15 22 -15.8147
15 23 -16.0185
15 24 -16.2221
15 25 -16.4156
15 26 -16.5988
15 27 -16.7814
15 28 -16.9557
15 29 -17.1258
15 30 -17.2889
15 31 -17.4448
15 32 -17.5946
15 33 -17.7362
15 34 -17.8748
15 35 -18.0038
15 36 -18.1278
15 37 -18.2452
15 38 -18.3626
15 39 -18.4806
15 40 -18.5929
16 -10 -10.4772
16 -9 -10.4647
16 -8 -10.4328
16 -7 -10.4166
16 -6 -10.3847
16 -5 -10.3747
16 -4 -10.3623
16 -3 -10.3317
16 -2 -10.2896
16 -1 -10.257
16 0 -10.2331
16 1 -10.2206
16 2 -10.2698
16 3 -10.4701
16 4 -10.7439
16 5 -11.0595
16 6 -11.394
16 7 -11.7145
16 8 -12.05
16 9 -12.3712
16 10 -12.6683
16 11 -12.9726
16 12 -13.2721
16 13 -13.5542
16 14 -13.8407
16 15 -14.1135
16 16 -14.3884
16 17 -14.647
16 18 -14.9011
16 19 -15.1555
16 20 -15.3888
16 21 -15.6128
16 22 -15.8314
16 23 -16.0329
16 24 -16.237
16 25 -16.4272
16 26 -16.6186
16 27 -16.8018
16 28 -16.9713
16 29 -17.1412
16 30 -17.3065
16 31 -17.4619
16 32 -17.6109
16 33 -17.7544
16 34 -17.8883
16 35 -18.0147
16 36 -18.1355
16 37 -18.2543
16 38 -18.3733
16 39 -18.4866
16 40 -18.5974
17 -10 -10.506
17 -9 -10.4808
17 -8 -10.4514
17 -7 -10.4366
17 -6 -10.4152
17 -5 -10.4043
17 -4 -10.4046
17 -3 -10.37
17 -2 -10.3216
17 -1 -10.2773
17 0 -10.252
17 1 -10.2536
17 2 -10.3058
17 3 -10.5031
17 4 -10.782
17 5 -11.0975
17 6 -11.4211
17 7 -11.7464
17 8 -12.069
17 9 -12.3891
17 10 -12.6926
17 11 -12.9949
17 12 -13.2849
17 13 -13.5651
17 14 -13.8505
17 15 -14.1279
17 16 -14.401
17 17 -14.6628
17 18 -14.9194
17 19 -15.1635
17 20 -15.4044
17 21 -15.6323
17 22 -15.8452
17 23 -16.0538
17 24 -16.2515
17 25 -16.4448
17 26 -16.6381
17 27 -16.8215
17 28 -16.9949
17 29 -17.1648
17 30 -17.3281
17 31 -17.4811
17 32 -17.6338
17 33 -17.7732
17 34 -17.9065
17 35 -18.0348
17 36 -18.1592
17 37 -18.2731
17 38 -18.3874
17 39 -18.5013
17 40 -18.6093
18 -10 -10.5378
18 -9 -10.5113
18 -8 -10.4811
18 -7 -10.4529
18 -6 -10.4356
18 -5 -10.4277
18 -4 -10.4354
18 -3 -10.4148
18 -2 -10.349
18 -1 -10.3112
18 0 -10.2719
18 1 -10.2673
18 2 -10.3201
18 3 -10.5075
18 4 -10.7889
18 5 -11.1079
18 6 -11.4428
18 7 -11.7672
18 8 -12.0917
18 9 -12.4062
18 10 -12.708
18 11 -13.0138
18 12 -13.3041
18 13 -13.589
18 14 -13.8644
18 15 -14.1454
18 16 -14.4182
18 17 -14.6765
18 18 -14.9261
18 19 -15.1789
18 20 -15.4089
18 21 -15.6388
18 22 -15.8606
18 23 -16.0728
18 24 -16.2741
18 25 -16.4767
18 26 -16.6607
18 27 -16.8446
18 28 -17.0198
18 29 -17.1917
18 30 -17.3503
18 31 -17.5073
18 32 -17.6613
18 33 -17.7974
18 34 -17.9356
18 35 -18.062
18 36 -18.1844
18 37 -18.2975
18 38 -18.408
18 39 -18.5234
18 40 -18.6303
19 -10 -10.5776
19 -9 -10.5572
19 -8 -10.515
19 -7 -10.4826
19 -6 -10.4652
19 -5 -10.4493
19 -4 -10.4564
19 -3 -10.4367
19 -2 -10.3793
19 -1 -10.3416
19 0 -10.286
19 1 -10.2875
19 2 -10.3474
19 3 -10.531
19 4 -10.8141
19 5 -11.1289
19 6 -11.4615
19 7 -11.7878
19 8 -12.1113
19 9 -12.4256
19 10 -12.7287
19 11 -13.022
19 12 -13.3145
19 13 -13.6051
19 14 -13.8837
19 15 -14.1684
19 16 -14.4393
19 17 -14.6973
19 18 -14.9523
19 19 -15.2008
19 20 -15.4336
19 21 -15.6646
19 22 -15.8872
19 23 -16.1042
19 24 -16.3106
19 25 -16.5005
19 26 -16.6974
19 27 -16.8796
19 28 -17.0556
19 29 -17.2238
19 30 -17.3849
19 31 -17.5416
19 32 -17.6963
19 33 -17.8344
19 34 -17.9734
19 35 -18.0991
19 36 -18.2126
19 37 -18.3302
19 38 -18.4429
19 39 -18.5546
19 40 -18.6562
20 -10 -10.5914
20 -9 -10.5693
20 -8 -10.5406
20 -7 -10.5023
20 -6 -10.4801
20 -5 -10.4577
20 -4 -10.4656
20 -3 -10.4449
20 -2 -10.3997
20 -1 -10.3636
20 0 -10.3247
20 1 -10.3051
20 2 -10.3692
20 3 -10.557
20 4 -10.8296
20 5 -11.1573
20 6 -11.4811
20 7 -11.8111
20 8 -12.128
20 9 -12.4404
20 10 -12.7519
20 11 -13.0543
20 12 -13.3429
20 13 -13.6387
20 14 -13.9254
20 15 -14.1919
20 16 -14.4635
20 17 -14.724
20 18 -14.9822
20 19 -15.2288
20 20 -15.4647
20 21 -15.7016
20 22 -15.9205
20 23 -16.1406
20 24 -16.3481
20 25 -16.5378
20 26 -16.7318
20 27 -16.913
20 28 -17.093
20 29 -17.2611
20 30 -17.4256
20 31 -17.5792
20 32 -17.7314
20 33 -17.8779
20 34 -18.0109
20 35 -18.1406
20 36 -18.2595
20 37 -18.3738
20 38 -18.4862
20 39 -18.59
20 40 -18.6962
21 -10 -10.601
21 -9 -10.5827
21 -8 -10.5539
21 -7 -10.5216
21 -6 -10.4998
21 -5 -10.4698
21 -4 -10.4812
21 -3 -10.4541
21 -2 -10.4031
21 -1 -10.3802
21 0 -10.354
21 1 -10.3369
21 2 -10.387
21 3 -10.57
21 4 -10.866
21 5 -11.173
21 6 -11.5052
21 7 -11.8356
21 8 -12.1539
21 9 -12.4646
21 10 -12.7757
21 11 -13.0745
21 12 -13.3782
21 13 -13.6729
21 14 -13.9554
21 15 -14.23
21 16 -14.4901
21 17 -14.7593
21 18 -15.0098
21 19 -15.2626
21 20 -15.4961
21 21 -15.7251
21 22 -15.9468
21 23 -16.1599
21 24 -16.3675
21 25 -16.5635
21 26 -16.7506
21 27 -16.9351
21 28 -17.1109
21 29 -17.2803
21 30 -17.4429
21 31 -17.6024
21 32 -17.7494
21 33 -17.8903
21 34 -18.0322
21 35 -18.1619
21 36 -18.2887
21 37 -18.4059
21 38 -18.5172
21 39 -18.629
21 40 -18.7368
22 -10 -10.6123
22 -9 -10.5912
22 -8 -10.5743
22 -7 -10.5388
22 -6 -10.5199
22 -5 -10.5055
22 -4 -10.4928
22 -3 -10.4628
22 -2 -10.4187
22 -1 -10.3958
22 0 -10.3731
22 1 -10.365
22 2 -10.413
22 3 -10.6043
22 4 -10.8804
22 5 -11.1992
22 6 -11.5217
22 7 -11.8534
22 8 -12.1755
22 9 -12.4994
22 10 -12.8083
22 11 -13.1136
22 12 -13.4065
22 13 -13.6986
22 14 -13.9695
22 15 -14.2434
22 16 -14.5154
22 17 -14.7756
22 18 -15.0272
22 19 -15.2772
22 20 -15.5116
22 21 -15.7407
22 22 -15.9601
22 23 -16.1726
22 24 -16.3764
22 25 -16.5799
22 26 -16.7608
22 27 -16.9442
22 28 -17.1198
22 29 -17.2949
22 30 -17.4533
22 31 -17.6089
22 32 -17.7617
22 33 -17.9043
22 34 -18.0428
22 35 -18.1727
22 36 -18.2963
22 37 -18.4139
22 38 -18.5289
22 39 -18.6448
22 40 -18.7581
23 -10 -10.6139
23 -9 -10.6015
23 -8 -10.5836
23 -7 -10.551
23 -6 -10.5455
23 -5 -10.5359
23 -4 -10.5107
23 -3 -10.4885
23 -2 -10.4354
23 -1 -10.4086
23 0 -10.3968
23 1 -10.3804
23 2 -10.4431
23 3 -10.6252
23 4 -10.9066
23 5 -11.2176
23 6 -11.5436
23 7 -11.8678
23 8 -12.1991
23 9 -12.5228
23 10 -12.8283
23 11 -13.1378
23 12 -13.4235
23 13 -13.7068
23 14 -13.9844
23 15 -14.2581
23 16 -14.5238
23 17 -14.7822
23 18 -15.04
23 19 -15.2899
23 20 -15.5215
23 21 -15.7543
23 22 -15.9661
23 23 -16.1802
23 24 -16.3877
23 25 -16.5803
23 26 -16.7748
23 27 -16.9526
23 28 -17.1281
23 29 -17.3007
23 30 -17.4628
23 31 -17.6229
23 32 -17.7764
23 33 -17.9137
23 34 -18.0506
23 35 -18.1817
23 36 -18.3077
23 37 -18.4279
23 38 -18.5413
23 39 -18.6584
23 40 -18.7655
24 -10 -10.6224
24 -9 -10.6113
24 -8 -10.5983
24 -7 -10.5643
24 -6 -10.5652
24 -5 -10.5591
24 -4 -10.5404
24 -3 -10.5159
24 -2 -10.4667
24 -1 -10.425
24 0 -10.414
24 1 -10.4026
24 2 -10.4412
24 3 -10.6336
24 4 -10.9154
24 5 -11.2255
24 6 -11.5518
24 7 -11.8839
24 8 -12.2122
24 9 -12.5369
24 10 -12.847
24 11 -13.1499
24 12 -13.4371
24 13 -13.7198
24 14 -14.0041
24 15 -14.2722
24 16 -14.5341
24 17 -14.7966
24 18 -15.0502
24 19 -15.3046
24 20 -15.5421
24 21 -15.7691
24 22 -15.9828
24 23 -16.1933
24 24 -16.3958
24 25 -16.5931
24 26 -16.7813
24 27 -16.9688
24 28 -17.1533
24 29 -17.3152
24 30 -17.482
24 31 -17.638
24 32 -17.7848
24 33 -17.9283
24 34 -18.0681
24 35 -18.194
24 36 -18.3161
24 37 -18.438
24 38 -18.5546
24 39 -18.6688
24 40 -18.7733
25 -10 -10.6435
25 -9 -10.6328
25 -8 -10.6073
25 -7 -10.5838
25 -6 -10.5746
25 -5 -10.5758
25 -4 -10.5625
25 -3 -10.5372
25 -2 -10.4809
25 -1 -10.4479
25 0 -10.4257
25 1 -10.4198
25 2 -10.4582
25 3 -10.6456
25 4 -10.9209
25 5 -11.2346
25 6 -11.5636
25 7 -11.8956
25 8 -12.22
25 9 -12.5538
25 10 -12.8671
25 11 -13.1685
25 12 -13.4561
25 13 -13.7375
25 14 -14.0183
25 15 -14.2849
25 16 -14.5499
25 17 -14.8088
25 18 -15.0689
25 19 -15.3188
25 20 -15.5529
25 21 -15.7821
25 22 -16.0017
25 23 -16.2077
25 24 -16.4082
25 25 -16.6048
25 26 -16.7997
25 27 -16.9823
25 28 -17.1609
25 29 -17.333
25 30 -17.5017
25 31 -17.6543
25 32 -17.8076
25 33 -17.9468
25 34 -18.0831
25 35 -18.209
25 36 -18.3371
25 37 -18.4537
25 38 -18.5714
25 39 -18.6784
25 40 -18.7888
26 -10 -10.6698
26 -9 -10.6492
26 -8 -10.6211
26 -7 -10.5985
26 -6 -10.5843
26 -5 -10.5832
26 -4 -10.5773
26 -3 -10.5614
26 -2 -10.5038
26 -1 -10.4648
26 0 -10.4364
26 1 -10.4321
26 2 -10.4654
26 3 -10.6653
26 4 -10.9378
26 5 -11.2525
26 6 -11.5814
26 7 -11.9119
26 8 -12.2452
26 9 -12.5694
26 10 -12.8855
26 11 -13.184
26 12 -13.4741
26 13 -13.7545
26 14 -14.0353
26 15 -14.3058
26 16 -14.5637
26 17 -14.834
26 18 -15.0908
26 19 -15.3355
26 20 -15.5779
26 21 -15.8036
26 22 -16.0167
26 23 -16.2232
26 24 -16.425
26 25 -16.6217
26 26 -16.8121
26 27 -16.9993
26 28 -17.178
26 29 -17.3573
26 30 -17.5173
26 31 -17.6785
26 32 -17.827
26 33 -17.9723
26 34 -18.1089
26 35 -18.2336
26 36 -18.3556
26 37 -18.4727
26 38 -18.5877
26 39 -18.6981
26 40 -18.8042
27 -10 -10.6736
27 -9 -10.6616
27 -8 -10.6332
27 -7 -10.6092
27 -6 -10.5871
27 -5 -10.5874
27 -4 -10.5837
27 -3 -10.5703
27 -2 -10.5188
27 -1 -10.4865
27 0 -10.4619
27 1 -10.4484
27 2 -10.4887
27 3 -10.685
27 4 -10.9589
27 5 -11.268
27 6 -11.5904
27 7 -11.9235
27 8 -12.2642
27 9 -12.5878
27 10 -12.9016
27 11 -13.1975
27 12 -13.4921
27 13 -13.7714
27 14 -14.0508
27 15 -14.33
27 16 -14.6035
27 17 -14.8649
27 18 -15.1152
27 19 -15.3603
27 20 -15.5929
27 21 -15.8207
27 22 -16.0334
27 23 -16.241
27 24 -16.4485
27 25 -16.6487
27 26 -16.8427
27 27 -17.0212
27 28 -17.207
27 29 -17.3793
27 30 -17.5438
27 31 -17.7019
27 32 -17.8549
27 33 -17.995
27 34 -18.1313
27 35 -18.2553
27 36 -18.3788
27 37 -18.4957
27 38 -18.61
27 39 -18.7179
27 40 -18.8226
28 -10 -10.6717
28 -9 -10.6739
28 -8 -10.6422
28 -7 -10.6263
28 -6 -10.6059
28 -5 -10.5956
28 -4 -10.5844
28 -3 -10.571
28 -2 -10.5273
28 -1 -10.4992
28 0 -10.4747
28 1 -10.4597
28 2 -10.5124
28 3 -10.7013
28 4 -10.9847
28 5 -11.2997
28 6 -11.6181
28 7 -11.9633
28 8 -12.2877
28 9 -12.608
28 10 -12.9158
28 11 -13.2196
28 12 -13.5136
28 13 -13.7974
28 14 -14.0814
28 15 -14.3565
28 16 -14.6204
28 17 -14.8798
28 18 -15.1303
28 19 -15.3776
28 20 -15.613
28 21 -15.834
28 22 -16.0499
28 23 -16.2583
28 24 -16.4587
28 25 -16.6598
28 26 -16.8526
28 27 -17.0369
28 28 -17.218
28 29 -17.387
28 30 -17.5549
28 31 -17.7153
28 32 -17.8707
28 33 -18.0128
28 34 -18.1454
28 35 -18.2792
28 36 -18.4022
28 37 -18.5176
28 38 -18.632
28 39 -18.7456
28 40 -18.8502
29 -10 -10.6781
29 -9 -10.6781
29 -8 -10.6546
29 -7 -10.6364
29 -6 -10.6221
29 -5 -10.5945
29 -4 -10.5949
29 -3 -10.5772
29 -2 -10.5291
29 -1 -10.5149
29 0 -10.4955
29 1 -10.4699
29 2 -10.5268
29 3 -10.7281
29 4 -11.0051
29 5 -11.3181
29 6 -11.6489
29 7 -11.9769
29 8 -12.3008
29 9 -12.6151
29 10 -12.933
29 11 -13.2334
29 12 -13.5327
29 13 -13.8194
29 14 -14.0942
29 15 -14.3727
29 16 -14.6358
29 17 -14.885
29 18 -15.14
29 19 -15.3859
29 20 -15.6204
29 21 -15.8485
29 22 -16.0632
29 23 -16.2706
29 24 -16.4697
29 25 -16.668
29 26 -16.8611
29 27 -17.0461
29 28 -17.2191
29 29 -17.396
29 30 -17.5583
29 31 -17.7163
29 32 -17.8702
29 33 -18.0191
29 34 -18.1578
29 35 -18.2861
29 36 -18.4093
29 37 -18.5254
29 38 -18.6452
29 39 -18.7581
29 40 -18.8599
30 -10 -10.6832
30 -9 -10.6761
30 -8 -10.6581
30 -7 -10.6524
30 -6 -10.6349
30 -5 -10.6067
30 -4 -10.6105
30 -3 -10.5923
30 -2 -10.5454
30 -1 -10.5302
30 0 -10.5021
30 1 -10.4893
30 2 -10.5381
30 3 -10.7441
30 4 -11.0224
30 5 -11.3305
30 6 -11.6599
30 7 -11.9882
30 8 -12.3132
30 9 -12.6313
30 10 -12.9367
30 11 -13.2449
30 12 -13.5441
30 13 -13.8339
30 14 -14.1148
30 15 -14.3812
30 16 -14.6423
30 17 -14.8946
30 18 -15.1464
30 19 -15.3937
30 20 -15.6313
30 21 -15.8547
30 22 -16.0707
30 23 -16.2804
30 24 -16.4819
30 25 -16.6759
30 26 -16.8666
30 27 -17.0498
30 28 -17.2314
30 29 -17.3963
30 30 -17.5652
30 31 -17.7225
30 32 -17.8727
30 33 -18.0192
30 34 -18.1574
30 35 -18.2915
30 36 -18.4101
30 37 -18.5271
30 38 -18.6402
30 39 -18.7591
30 40 -18.8655
31 -10 -10.6742
31 -9 -10.677
31 -8 -10.6573
31 -7 -10.6576
31 -6 -10.6476
31 -5 -10.6342
31 -4 -10.6283
31 -3 -10.6137
31 -2 -10.5508
31 -1 -10.5372
31 0 -10.5224
31 1 -10.5012
31 2 -10.5585
31 3 -10.7517
31 4 -11.0244
31 5 -11.3436
31 6 -11.6734
31 7 -11.9946
31 8 -12.3206
31 9 -12.6409
31 10 -12.9496
31 11 -13.2498
31 12 -13.5524
31 13 -13.8413
31 14 -14.1196
31 15 -14.3911
31 16 -14.6558
31 17 -14.9061
31 18 -15.1541
31 19 -15.3974
31 20 -15.6357
31 21 -15.8611
31 22 -16.0778
31 23 -16.285
31 24 -16.4944
31 25 -16.6865
31 26 -16.8742
31 27 -17.061
31 28 -17.2317
31 29 -17.3987
31 30 -17.5698
31 31 -17.7276
31 32 -17.878
31 33 -18.0264
31 34 -18.161
31 35 -18.2859
31 36 -18.4139
31 37 -18.5311
31 38 -18.6423
31 39 -18.7561
31 40 -18.866
32 -10 -10.6787
32 -9 -10.6725
32 -8 -10.6609
32 -7 -10.6531
32 -6 -10.6512
32 -5 -10.6304
32 -4 -10.6362
32 -3 -10.619
32 -2 -10.5724
32 -1 -10.5435
32 0 -10.5292
32 1 -10.5002
32 2 -10.5514
32 3 -10.7558
32 4 -11.0353
32 5 -11.3553
32 6 -11.6763
32 7 -12.0048
32 8 -12.3228
32 9 -12.6419
32 10 -12.9543
32 11 -13.2555
32 12 -13.5595
32 13 -13.8486
32 14 -14.1352
32 15 -14.404
32 16 -14.662
32 17 -14.9188
32 18 -15.1707
32 19 -15.4164
32 20 -15.647
32 21 -15.8758
32 22 -16.0964
32 23 -16.3015
32 24 -16.5049
32 25 -16.6944
32 26 -16.8875
32 27 -17.0677
32 28 -17.2407
32 29 -17.4162
32 30 -17.578
32 31 -17.7299
32 32 -17.8831
32 33 -18.0257
32 34 -18.163
32 35 -18.287
32 36 -18.413
32 37 -18.5293
32 38 -18.6476
32 39 -18.7571
32 40 -18.8653
33 -10 -10.6811
33 -9 -10.6797
33 -8 -10.6683
33 -7 -10.6521
33 -6 -10.6524
33 -5 -10.6343
33 -4 -10.6439
33 -3 -10.6273
33 -2 -10.5846
33 -1 -10.559
33 0 -10.5365
33 1 -10.5089
33 2 -10.564
33 3 -10.7607
33 4 -11.0477
33 5 -11.3588
33 6 -11.6826
33 7 -12.0173
33 8 -12.3297
33 9 -12.6534
33 10 -12.9668
33 11 -13.2684
33 12 -13.5738
33 13 -13.8662
33 14 -14.1487
33 15 -14.4166
33 16 -14.6813
33 17 -14.9335
33 18 -15.1795
33 19 -15.4232
33 20 -15.6564
33 21 -15.8914
33 22 -16.1093
33 23 -16.3184
33 24 -16.5143
33 25 -16.7102
33 26 -16.8986
33 27 -17.0761
33 28 -17.2465
33 29 -17.4176
33 30 -17.583
33 31 -17.7413
33 32 -17.887
33 33 -18.0304
33 34 -18.1701
33 35 -18.2986
33 36 -18.4201
33 37 -18.5333
33 38 -18.6457
33 39 -18.7586
33 40 -18.8651
34 -10 -10.6845
34 -9 -10.6719
34 -8 -10.6612
34 -7 -10.6503
34 -6 -10.6394
34 -5 -10.6347
34 -4 -10.6406
34 -3 -10.6291
34 -2 -10.5986
34 -1 -10.5708
34 0 -10.5408
34 1 -10.5263
34 2 -10.57
34 3 -10.7782
34 4 -11.0526
34 5 -11.3674
34 6 -11.6975
34 7 -12.023
34 8 -12.3454
34 9 -12.6666
34 10 -12.9757
34 11 -13.2849
34 12 -13.5851
34 13 -13.8688
34 14 -14.1432
34 15 -14.4162
34 16 -14.6833
34 17 -14.9358
34 18 -15.1898
34 19 -15.4427
34 20 -15.6704
34 21 -15.9054
34 22 -16.1203
34 23 -16.3263
34 24 -16.5268
34 25 -16.7136
34 26 -16.9011
34 27 -17.0814
34 28 -17.2585
34 29 -17.4258
34 30 -17.5924
34 31 -17.7486
34 32 -17.9016
34 33 -18.0434
34 34 -18.1805
34 35 -18.3097
34 36 -18.4297
34 37 -18.5471
34 38 -18.6558
34 39 -18.7679
34 40 -18.8746
35 -10 -10.6714
35 -9 -10.6649
35 -8 -10.6581
35 -7 -10.6421
35 -6 -10.6326
35 -5 -10.6375
35 -4 -10.6383
35 -3 -10.6289
35 -2 -10.6049
35 -1 -10.582
35 0 -10.557
35 1 -10.5344
35 2 -10.5854
35 3 -10.7859
35 4 -11.0659
35 5 -11.3795
35 6 -11.7114
35 7 -12.0288
35 8 -12.3559
35 9 -12.6742
35 10 -12.9899
35 11 -13.2914
35 12 -13.5827
35 13 -13.8717
35 14 -14.1569
35 15 -14.4292
35 16 -14.6911
35 17 -14.9501
35 18 -15.2052
35 19 -15.4522
35 20 -15.6895
35 21 -15.9131
35 22 -16.1318
35 23 -16.3376
35 24 -16.5325
35 25 -16.7266
35 26 -16.91
35 27 -17.0905
35 28 -17.2704
35 29 -17.4374
35 30 -17.5979
35 31 -17.7545
35 32 -17.9092
35 33 -18.0523
35 34 -18.1904
35 35 -18.3194
35 36 -18.4425
35 37 -18.5585
35 38 -18.6683
35 39 -18.7783
35 40 -18.8843
36 -10 -10.6714
36 -9 -10.661
36 -8 -10.6582
36 -7 -10.6371
36 -6 -10.6266
36 -5 -10.6375
36 -4 -10.6429
36 -3 -10.6208
36 -2 -10.607
36 -1 -10.5877
36 0 -10.5632
36 1 -10.5524
36 2 -10.5984
36 3 -10.7994
36 4 -11.0768
36 5 -11.3897
36 6 -11.7175
36 7 -12.0465
36 8 -12.3661
36 9 -12.6937
36 10 -13.0004
36 11 -13.2995
36 12 -13.5944
36 13 -13.8793
36 14 -14.1554
36 15 -14.4308
36 16 -14.7026
36 17 -14.9626
36 18 -15.207
36 19 -15.4586
36 20 -15.6959
36 21 -15.9182
36 22 -16.1329
36 23 -16.3371
36 24 -16.5398
36 25 -16.7322
36 26 -16.919
36 27 -17.0985
36 28 -17.2722
36 29 -17.4392
36 30 -17.6032
36 31 -17.7613
36 32 -17.9147
36 33 -18.0562
36 34 -18.1951
36 35 -18.3241
36 36 -18.4455
36 37 -18.5648
36 38 -18.6821
36 39 -18.7905
36 40 -18.894
37 -10 -10.6678
37 -9 -10.6531
37 -8 -10.6497
37 -7 -10.6382
37 -6 -10.6296
37 -5 -10.6382
37 -4 -10.6405
37 -3 -10.6154
37 -2 -10.5987
37 -1 -10.5886
37 0 -10.5646
37 1 -10.5606
37 2 -10.6169
37 3 -10.8081
37 4 -11.0928
37 5 -11.4035
37 6 -11.7315
37 7 -12.0595
37 8 -12.3789
37 9 -12.6934
37 10 -13.0017
37 11 -13.3035
37 12 -13.5938
37 13 -13.8767
37 14 -14.1594
37 15 -14.4326
37 16 -14.6939
37 17 -14.9624
37 18 -15.2122
37 19 -15.4639
37 20 -15.689
37 21 -15.9155
37 22 -16.135
37 23 -16.3412
37 24 -16.5403
37 25 -16.7318
37 26 -16.9161
37 27 -17.0998
37 28 -17.2742
37 29 -17.4431
37 30 -17.605
37 31 -17.7644
37 32 -17.9129
37 33 -18.0555
37 34 -18.196
37 35 -18.3231
37 36 -18.4495
37 37 -18.5663
37 38 -18.681
37 39 -18.7923
37 40 -18.8984
38 -10 -10.6687
38 -9 -10.6595
38 -8 -10.6515
38 -7 -10.6313
38 -6 -10.6198
38 -5 -10.6342
38 -4 -10.6409
38 -3 -10.6229
38 -2 -10.6011
38 -1 -10.5927
38 0 -10.5626
38 1 -10.5607
38 2 -10.6209
38 3 -10.8097
38 4 -11.0914
38 5 -11.4088
38 6 -11.7303
38 7 -12.0587
38 8 -12.3844
38 9 -12.6939
38 10 -13.0051
38 11 -13.2993
38 12 -13.5955
38 13 -13.881
38 14 -14.1547
38 15 -14.4248
38 16 -14.6919
38 17 -14.9558
38 18 -15.2122
38 19 -15.4567
38 20 -15.6888
38 21 -15.9132
38 22 -16.1325
38 23 -16.3381
38 24 -16.5371
38 25 -16.7322
38 26 -16.9178
38 27 -17.1003
38 28 -17.2733
38 29 -17.4451
38 30 -17.609
38 31 -17.7581
38 32 -17.9102
38 33 -18.0558
38 34 -18.192
38 35 -18.3217
38 36 -18.4475
38 37 -18.5629
38 38 -18.6761
38 39 -18.7898
38 40 -18.9012
39 -10 -10.6688
39 -9 -10.6568
39 -8 -10.6499
39 -7 -10.63
39 -6 -10.619
39 -5 -10.6281
39 -4 -10.6427
39 -3 -10.6257
39 -2 -10.601
39 -1 -10.5881
39 0 -10.5626
39 1 -10.5608
39 2 -10.6165
39 3 -10.8132
39 4 -11.0951
39 5 -11.4155
39 6 -11.7378
39 7 -12.0602
39 8 -12.3762
39 9 -12.6954
39 10 -12.9955
39 11 -13.2979
39 12 -13.5894
39 13 -13.8745
39 14 -14.1481
39 15 -14.4245
39 16 -14.6875
39 17 -14.9507
39 18 -15.2013
39 19 -15.4479
39 20 -15.685
39 21 -15.9149
39 22 -16.1302
39 23 -16.3343
39 24 -16.5356
39 25 -16.7281
39 26 -16.9149
39 27 -17.095
39 28 -17.2705
39 29 -17.4416
39 30 -17.6042
39 31 -17.7571
39 32 -17.906
39 33 -18.05
39 34 -18.1892
39 35 -18.3205
39 36 -18.4455
39 37 -18.5591
39 38 -18.6742
39 39 -18.7881
39 40 -18.8968
40 -10 -10.6714
40 -9 -10.6607
40 -8 -10.6441
40 -7 -10.634
40 -6 -10.6227
40 -5 -10.6293
40 -4 -10.6384
40 -3 -10.6215
40 -2 -10.5907
40 -1 -10.5734
40 0 -10.5551
40 1 -10.5577
40 2 -10.6112
40 3 -10.8085
40 4 -11.0937
40 5 -11.4092
40 6 -11.7359
40 7 -12.0621
40 8 -12.3844
40 9 -12.6944
40 10 -12.9983
40 11 -13.295
40 12 -13.5828
40 13 -13.8653
40 14 -14.1417
40 15 -14.4244
40 16 -14.688
40 17 -14.9507
40 18 -15.1968
40 19 -15.4442
40 20 -15.6872
40 21 -15.9119
40 22 -16.1259
40 23 -16.3355
40 24 -16.5354
40 25 -16.7288
40 26 -16.9141
40 27 -17.0965
40 28 -17.2729
40 29 -17.4364
40 30 -17.6024
40 31 -17.7583
40 32 -17.9059
40 33 -18.0538
40 34 -18.1881
40 35 -18.3179
40 36 -18.4425
40 37 -18.5607
40 38 -18.6717
40 39 -18.7845
40 40 -18.89
