-10 -10 -7.95312
-10 -9 -7.94522
-10 -8 -7.94043
-10 -7 -7.92557
-10 -6 -7.91839
-10 -5 -7.87745
-10 -4 -7.83765
-10 -3 -7.8165
-10 -2 -7.80072
-10 -1 -7.79029
-10 0 -7.77463
-10 1 -7.75576
-10 2 -7.78
-10 3 -7.93526
-10 4 -8.21503
-10 5 -8.52558
-10 6 -8.85335
-10 7 -9.16867
-10 8 -9.4792
-10 9 -9.80772
-10 10 -10.1191
-10 11 -10.4275
-10 12 -10.72
-10 13 -11.0026
-10 14 -11.2757
-10 15 -11.5389
-10 16 -11.7943
-10 17 -12.0491
-10 18 -12.2936
-10 19 -12.5271
-10 20 -12.755
-10 21 -12.9792
-10 22 -13.1995
-10 23 -13.4101
-10 24 -13.6192
-10 25 -13.8188
-10 26 -14.02
-10 27 -14.2069
-10 28 -14.4024
-10 29 -14.5827
-10 30 -14.7713
-10 31 -14.9412
-10 32 -15.1124
-10 33 -15.2791
-10 34 -15.4407
-10 35 -15.5994
-10 36 -15.7545
-10 37 -15.9105
-10 38 -16.0593
-10 39 -16.2055
-10 40 -16.3433
-9 -10 -7.93589
-9 -9 -7.93824
-9 -8 -7.9332
-9 -7 -7.91838
-9 -6 -7.87711
-9 -5 -7.84349
-9 -4 -7.81544
-9 -3 -7.80009
-9 -2 -7.78682
-9 -1 -7.77628
-9 0 -7.73756
-9 1 -7.71164
-9 2 -7.70715
-9 3 -7.87095
-9 4 -8.14688
-9 5 -8.47578
-9 6 -8.79388
-9 7 -9.11847
-9 8 -9.44417
-9 9 -9.76193
-9 10 -10.0705
-9 11 -10.3629
-9 12 -10.6625
-9 13 -10.9487
-9 14 -11.2264
-9 15 -11.4936
-9 16 -11.7742
-9 17 -12.028
-9 18 -12.2757
-9 19 -12.5382
-9 20 -12.7622
-9 21 -12.9877
-9 22 -13.2065
-9 23 -13.4204
-9 24 -13.6265
-9 25 -13.828
-9 26 -14.024
-9 27 -14.2162
-9 28 -14.4049
-9 29 -14.5937
-9 30 -14.7694
-9 31 -14.9481
-9 32 -15.1122
-9 33 -15.2813
-9 34 -15.4478
-9 35 -15.6037
-9 36 -15.7555
-9 37 -15.9097
-9 38 -16.0552
-9 39 -16.1985
-9 40 -16.3309
-8 -10 -7.93423
-8 -9 -7.92528
-8 -8 -7.91736
-8 -7 -7.88716
-8 -6 -7.84386
-8 -5 -7.81544
-8 -4 -7.80198
-8 -3 -7.78621
-8 -2 -7.77481
-8 -1 -7.74844
-8 0 -7.69851
-8 1 -7.65819
-8 2 -7.66158
-8 3 -7.833
-8 4 -8.10278
-8 5 -8.42041
-8 6 -8.73918
-8 7 -9.06303
-8 8 -9.38682
-8 9 -9.69783
-8 10 -10.0188
-8 11 -10.3148
-8 12 -10.6134
-8 13 -10.9016
-8 14 -11.1794
-8 15 -11.4451
-8 16 -11.707
-8 17 -11.9668
-8 18 -12.216
-8 19 -12.4551
-8 20 -12.7041
-8 21 -12.9437
-8 22 -13.1697
-8 23 -13.3995
-8 24 -13.6085
-8 25 -13.8255
-8 26 -14.0212
-8 27 -14.2173
-8 28 -14.4083
-8 29 -14.5889
-8 30 -14.7722
-8 31 -14.9422
-8 32 -15.1157
-8 33 -15.2743
-8 34 -15.4433
-8 35 -15.6057
-8 36 -15.7627
-8 37 -15.9091
-8 38 -16.0483
-8 39 -16.1892
-8 40 -16.3322
-7 -10 -7.92556
-7 -9 -7.91467
-7 -8 -7.88182
-7 -7 -7.84302
-7 -6 -7.81683
-7 -5 -7.80063
-7 -4 -7.78877
-7 -3 -7.77462
-7 -2 -7.74272
-7 -1 -7.69446
-7 0 -7.65178
-7 1 -7.59612
-7 2 -7.64939
-7 3 -7.81372
-7 4 -8.07271
-7 5 -8.38005
-7 6 -8.70599
-7 7 -9.03536
-7 8 -9.34359
-7 9 -9.66162
-7 10 -9.96113
-7 11 -10.2594
-7 12 -10.554
-7 13 -10.8412
-7 14 -11.1203
-7 15 -11.3803
-7 16 -11.6525
-7 17 -11.9032
-7 18 -12.1548
-7 19 -12.4005
-7 20 -12.6433
-7 21 -12.8712
-7 22 -13.0949
-7 23 -13.3247
-7 24 -13.5399
-7 25 -13.7484
-7 26 -13.9549
-7 27 -14.1556
-7 28 -14.3629
-7 29 -14.5535
-7 30 -14.7432
-7 31 -14.9217
-7 32 -15.0878
-7 33 -15.2616
-7 34 -15.4257
-7 35 -15.5829
-7 36 -15.7398
-7 37 -15.8881
-7 38 -16.0347
-7 39 -16.1796
-7 40 -16.3046
-6 -10 -7.91813
-6 -9 -7.88588
-6 -8 -7.84072
-6 -7 -7.82099
-6 -6 -7.80103
-6 -5 -7.78716
-6 -4 -7.76996
-6 -3 -7.74072
-6 -2 -7.70092
-6 -1 -7.65067
-6 0 -7.60339
-6 1 -7.57773
-6 2 -7.627
-6 3 -7.81802
-6 4 -8.08747
-6 5 -8.37865
-6 6 -8.69886
-6 7 -9.01948
-6 8 -9.32759
-6 9 -9.65261
-6 10 -9.94832
-6 11 -10.2454
-6 12 -10.542
-6 13 -10.8256
-6 14 -11.0958
-6 15 -11.358
-6 16 -11.6243
-6 17 -11.8732
-6 18 -12.1211
-6 19 -12.3689
-6 20 -12.5957
-6 21 -12.821
-6 22 -13.0518
-6 23 -13.2606
-6 24 -13.4824
-6 25 -13.6954
-6 26 -13.8998
-6 27 -14.0995
-6 28 -14.2948
-6 29 -14.4841
-6 30 -14.6725
-6 31 -14.8604
-6 32 -15.0394
-6 33 -15.2141
-6 34 -15.3867
-6 35 -15.549
-6 36 -15.7109
-6 37 -15.8715
-6 38 -16.016
-6 39 -16.153
-6 40 -16.2892
-5 -10 -7.87875
-5 -9 -7.85017
-5 -8 -7.82363
-5 -7 -7.79926
-5 -6 -7.78662
-5 -5 -7.77853
-5 -4 -7.76206
-5 -3 -7.70093
-5 -2 -7.65117
-5 -1 -7.60303
-5 0 -7.58167
-5 1 -7.58189
-5 2 -7.60822
-5 3 -7.81957
-5 4 -8.07882
-5 5 -8.3883
-5 6 -8.71167
-5 7 -9.02264
-5 8 -9.34209
-5 9 -9.64667
-5 10 -9.95522
-5 11 -10.2448
-5 12 -10.539
-5 13 -10.8094
-5 14 -11.0765
-5 15 -11.3481
-5 16 -11.5974
-5 17 -11.8583
-5 18 -12.1027
-5 19 -12.3328
-5 20 -12.5721
-5 21 -12.797
-5 22 -13.0156
-5 23 -13.2423
-5 24 -13.4492
-5 25 -13.6596
-5 26 -13.8622
-5 27 -14.0587
-5 28 -14.2556
-5 29 -14.4464
-5 30 -14.6261
-5 31 -14.8064
-5 32 -14.9756
-5 33 -15.1562
-5 34 -15.3316
-5 35 -15.4948
-5 36 -15.6419
-5 37 -15.8108
-5 38 -15.9571
-5 39 -16.0918
-5 40 -16.2407
-4 -10 -7.85255
-4 -9 -7.81829
-4 -8 -7.80434
-4 -7 -7.78194
-4 -6 -7.79093
-4 -5 -7.76889
-4 -4 -7.7246
-4 -3 -7.65561
-4 -2 -7.62062
-4 -1 -7.58637
-4 0 -7.57946
-4 1 -7.57071
-4 2 -7.62406
-4 3 -7.78565
-4 4 -8.0554
-4 5 -8.36358
-4 6 -8.70582
-4 7 -9.02974
-4 8 -9.34225
-4 9 -9.67057
-4 10 -9.97583
-4 11 -10.2698
-4 12 -10.5555
-4 13 -10.8352
-4 14 -11.0994
-4 15 -11.368
-4 16 -11.6217
-4 17 -11.8725
-4 18 -12.1135
-4 19 -12.348
-4 20 -12.5734
-4 21 -12.8001
-4 22 -13.0237
-4 23 -13.2319
-4 24 -13.4437
-4 25 -13.6518
-4 26 -13.8433
-4 27 -14.0388
-4 28 -14.2293
-4 29 -14.4213
-4 30 -14.606
-4 31 -14.7801
-4 32 -14.9601
-4 33 -15.1268
-4 34 -15.2949
-4 35 -15.4579
-4 36 -15.6193
-4 37 -15.7762
-4 38 -15.9193
-4 39 -16.0633
-4 40 -16.2038
-3 -10 -7.84423
-3 -9 -7.80538
-3 -8 -7.79834
-3 -7 -7.79602
-3 -6 -7.76344
-3 -5 -7.74084
-3 -4 -7.68843
-3 -3 -7.63716
-3 -2 -7.60556
-3 -1 -7.58756
-3 0 -7.58666
-3 1 -7.5804
-3 2 -7.59054
-3 3 -7.73605
-3 4 -8.01687
-3 5 -8.31844
-3 6 -8.63428
-3 7 -8.97709
-3 8 -9.29879
-3 9 -9.63486
-3 10 -9.9376
-3 11 -10.2449
-3 12 -10.5379
-3 13 -10.8299
-3 14 -11.1068
-3 15 -11.3683
-3 16 -11.6373
-3 17 -11.8755
-3 18 -12.1202
-3 19 -12.3475
-3 20 -12.5798
-3 21 -12.8015
-3 22 -13.0204
-3 23 -13.2318
-3 24 -13.4296
-3 25 -13.6331
-3 26 -13.8274
-3 27 -14.0235
-3 28 -14.2182
-3 29 -14.4045
-3 30 -14.5854
-3 31 -14.7575
-3 32 -14.9302
-3 33 -15.1059
-3 34 -15.2646
-3 35 -15.4303
-3 36 -15.5878
-3 37 -15.7438
-3 38 -15.8897
-3 39 -16.0326
-3 40 -16.1725
-2 -10 -7.83074
-2 -9 -7.81928
-2 -8 -7.81485
-2 -7 -7.81066
-2 -6 -7.76378
-2 -5 -7.70288
-2 -4 -7.65283
-2 -3 -7.63514
-2 -2 -7.60915
-2 -1 -7.60065
-2 0 -7.60266
-2 1 -7.52034
-2 2 -7.52175
-2 3 -7.69811
-2 4 -7.94925
-2 5 -8.24648
-2 6 -8.58274
-2 7 -8.91623
-2 8 -9.23514
-2 9 -9.57459
-2 10 -9.88772
-2 11 -10.1857
-2 12 -10.4947
-2 13 -10.7917
-2 14 -11.0692
-2 15 -11.349
-2 16 -11.6149
-2 17 -11.8813
-2 18 -12.1349
-2 19 -12.3704
-2 20 -12.6038
-2 21 -12.8324
-2 22 -13.0488
-2 23 -13.2488
-2 24 -13.4668
-2 25 -13.6613
-2 26 -13.8546
-2 27 -14.0476
-2 28 -14.2434
-2 29 -14.4188
-2 30 -14.5957
-2 31 -14.7765
-2 32 -14.9477
-2 33 -15.1097
-2 34 -15.2698
-2 35 -15.4365
-2 36 -15.5919
-2 37 -15.7489
-2 38 -15.8954
-2 39 -16.0378
-2 40 -16.1696
-1 -10 -7.81871
-1 -9 -7.82378
-1 -8 -7.81833
-1 -7 -7.78314
-1 -6 -7.71934
-1 -5 -7.70069
-1 -4 -7.63302
-1 -3 -7.61189
-1 -2 -7.62435
-1 -1 -7.62301
-1 0 -7.56046
-1 1 -7.48974
-1 2 -7.5124
-1 3 -7.67514
-1 4 -7.93518
-1 5 -8.23308
-1 6 -8.57074
-1 7 -8.88439
-1 8 -9.22026
-1 9 -9.52952
-1 10 -9.85077
-1 11 -10.1468
-1 12 -10.4625
-1 13 -10.7427
-1 14 -11.0413
-1 15 -11.3137
-1 16 -11.5857
-1 17 -11.8431
-1 18 -12.1131
-1 19 -12.3439
-1 20 -12.615
-1 21 -12.8457
-1 22 -13.067
-1 23 -13.2816
-1 24 -13.4964
-1 25 -13.6926
-1 26 -13.8929
-1 27 -14.0844
-1 28 -14.2691
-1 29 -14.4511
-1 30 -14.6359
-1 31 -14.8029
-1 32 -14.9753
-1 33 -15.1399
-1 34 -15.3025
-1 35 -15.4611
-1 36 -15.6173
-1 37 -15.7634
-1 38 -15.9139
-1 39 -16.0581
-1 40 -16.1978
0 -10 -7.83156
0 -9 -7.8328
0 -8 -7.83939
0 -7 -7.76871
0 -6 -7.73855
0 -5 -7.69824
0 -4 -7.65111
0 -3 -7.6423
0 -2 -7.64855
0 -1 -7.6262
0 0 -7.53262
0 1 -7.4768
0 2 -7.52168
0 3 -7.67743
0 4 -7.95801
0 5 -8.27305
0 6 -8.58012
0 7 -8.90303
0 8 -9.22851
0 9 -9.54189
0 10 -9.85914
0 11 -10.1787
0 12 -10.4513
0 13 -10.7308
0 14 -11.0227
0 15 -11.3024
0 16 -11.5671
0 17 -11.8288
0 18 -12.0746
0 19 -12.3239
0 20 -12.5752
0 21 -12.8082
0 22 -13.0399
0 23 -13.2891
0 24 -13.5234
0 25 -13.7332
0 26 -13.923
0 27 -14.1227
0 28 -14.3126
0 29 -14.4928
0 30 -14.6666
0 31 -14.8494
0 32 -15.0157
0 33 -15.1769
0 34 -15.3248
0 35 -15.4973
0 36 -15.6471
0 37 -15.7967
0 38 -15.9427
0 39 -16.0846
0 40 -16.2136
1 -10 -7.86295
1 -9 -7.86793
1 -8 -7.82477
1 -7 -7.79084
1 -6 -7.75404
1 -5 -7.72899
1 -4 -7.7211
1 -3 -7.7106
1 -2 -7.68203
1 -1 -7.63073
1 0 -7.52935
1 1 -7.49313
1 2 -7.51779
1 3 -7.70902
1 4 -7.98669
1 5 -8.30306
1 6 -8.61547
1 7 -8.94745
1 8 -9.24961
1 9 -9.57404
1 10 -9.87836
1 11 -10.1794
1 12 -10.4701
1 13 -10.7578
1 14 -11.042
1 15 -11.3236
1 16 -11.5916
1 17 -11.844
1 18 -12.1079
1 19 -12.3602
1 20 -12.6014
1 21 -12.8602
1 22 -13.0851
1 23 -13.3225
1 24 -13.5616
1 25 -13.7743
1 26 -13.9843
1 27 -14.1738
1 28 -14.3616
1 29 -14.5428
1 30 -14.7245
1 31 -14.9024
1 32 -15.07
1 33 -15.2333
1 34 -15.3967
1 35 -15.555
1 36 -15.7042
1 37 -15.8557
1 38 -15.9969
1 39 -16.1348
1 40 -16.2738
2 -10 -7.93229
2 -9 -7.93388
2 -8 -7.89506
2 -7 -7.84367
2 -6 -7.77978
2 -5 -7.76703
2 -4 -7.76449
2 -3 -7.7695
2 -2 -7.74722
2 -1 -7.70885
2 0 -7.62126
2 1 -7.54614
2 2 -7.58253
2 3 -7.76993
2 4 -8.03902
2 5 -8.35125
2 6 -8.66322
2 7 -8.98899
2 8 -9.29736
2 9 -9.61516
2 10 -9.92991
2 11 -10.2281
2 12 -10.5192
2 13 -10.8077
2 14 -11.0863
2 15 -11.3525
2 16 -11.6193
2 17 -11.8865
2 18 -12.1366
2 19 -12.4031
2 20 -12.6598
2 21 -12.8963
2 22 -13.1242
2 23 -13.3648
2 24 -13.5833
2 25 -13.8054
2 26 -14.0143
2 27 -14.224
2 28 -14.4147
2 29 -14.5999
2 30 -14.7713
2 31 -14.951
2 32 -15.1203
2 33 -15.2851
2 34 -15.4472
2 35 -15.6011
2 36 -15.7592
2 37 -15.9049
2 38 -16.05
2 39 -16.1847
2 40 -16.3244
3 -10 -8.00312
3 -9 -7.9919
3 -8 -7.98278
3 -7 -7.94901
3 -6 -7.88708
3 -5 -7.82841
3 -4 -7.80732
3 -3 -7.79798
3 -2 -7.7593
3 -1 -7.73842
3 0 -7.65909
3 1 -7.60469
3 2 -7.62924
3 3 -7.8208
3 4 -8.07223
3 5 -8.39152
3 6 -8.6991
3 7 -9.03128
3 8 -9.36254
3 9 -9.66632
3 10 -9.96728
3 11 -10.283
3 12 -10.5751
3 13 -10.8597
3 14 -11.1511
3 15 -11.4166
3 16 -11.6855
3 17 -11.9573
3 18 -12.2168
3 19 -12.4791
3 20 -12.7156
3 21 -12.9634
3 22 -13.2075
3 23 -13.4231
3 24 -13.6531
3 25 -13.8614
3 26 -14.0573
3 27 -14.2547
3 28 -14.4575
3 29 -14.6426
3 30 -14.8199
3 31 -14.9931
3 32 -15.161
3 33 -15.3348
3 34 -15.4907
3 35 -15.6507
3 36 -15.8031
3 37 -15.9465
3 38 -16.0912
3 39 -16.2355
3 40 -16.3681
4 -10 -8.03618
4 -9 -8.00626
4 -8 -7.98975
4 -7 -7.97195
4 -6 -7.9289
4 -5 -7.87342
4 -4 -7.8562
4 -3 -7.82392
4 -2 -7.77125
4 -1 -7.74654
4 0 -7.72353
4 1 -7.65565
4 2 -7.70716
4 3 -7.8809
4 4 -8.12964
4 5 -8.45825
4 6 -8.78405
4 7 -9.12098
4 8 -9.44335
4 9 -9.7473
4 10 -10.0541
4 11 -10.3595
4 12 -10.6684
4 13 -10.9579
4 14 -11.2435
4 15 -11.5223
4 16 -11.7934
4 17 -12.0658
4 18 -12.3221
4 19 -12.5694
4 20 -12.8099
4 21 -13.0329
4 22 -13.254
4 23 -13.4694
4 24 -13.6828
4 25 -13.8923
4 26 -14.0859
4 27 -14.2864
4 28 -14.4878
4 29 -14.6796
4 30 -14.8595
4 31 -15.0379
4 32 -15.2046
4 33 -15.3675
4 34 -15.5397
4 35 -15.695
4 36 -15.8457
4 37 -15.9957
4 38 -16.1397
4 39 -16.2813
4 40 -16.4238
5 -10 -8.06988
5 -9 -8.04964
5 -8 -8.00517
5 -7 -7.98628
5 -6 -7.9667
5 -5 -7.93728
5 -4 -7.91153
5 -3 -7.84732
5 -2 -7.793
5 -1 -7.77403
5 0 -7.77215
5 1 -7.74979
5 2 -7.79283
5 3 -7.9616
5 4 -8.22528
5 5 -8.56042
5 6 -8.89119
5 7 -9.208
5 8 -9.52656
5 9 -9.84011
5 10 -10.154
5 11 -10.4546
5 12 -10.7435
5 13 -11.038
5 14 -11.3162
5 15 -11.5867
5 16 -11.8492
5 17 -12.1074
5 18 -12.3565
5 19 -12.5907
5 20 -12.824
5 21 -13.055
5 22 -13.276
5 23 -13.4838
5 24 -13.7031
5 25 -13.9005
5 26 -14.1013
5 27 -14.2995
5 28 -14.4994
5 29 -14.6896
5 30 -14.8793
5 31 -15.0591
5 32 -15.2363
5 33 -15.405
5 34 -15.5683
5 35 -15.7314
5 36 -15.8878
5 37 -16.0362
5 38 -16.1838
5 39 -16.3245
5 40 -16.4614
6 -10 -8.11191
6 -9 -8.06639
6 -8 -8.02835
6 -7 -8.01954
6 -6 -8.02189
6 -5 -8.00024
6 -4 -7.97831
6 -3 -7.91546
6 -2 -7.84712
6 -1 -7.81351
6 0 -7.79037
6 1 -7.76711
6 2 -7.85521
6 3 -8.02159
6 4 -8.30325
6 5 -8.61195
6 6 -8.93086
6 7 -9.25385
6 8 -9.57807
6 9 -9.89526
6 10 -10.1946
6 11 -10.4924
6 12 -10.7802
6 13 -11.0748
6 14 -11.3509
6 15 -11.6242
6 16 -11.8837
6 17 -12.1357
6 18 -12.3818
6 19 -12.6191
6 20 -12.8516
6 21 -13.0758
6 22 -13.2931
6 23 -13.5109
6 24 -13.7233
6 25 -13.9331
6 26 -14.1444
6 27 -14.3421
6 28 -14.5356
6 29 -14.7339
6 30 -14.923
6 31 -15.1105
6 32 -15.2876
6 33 -15.4671
6 34 -15.6241
6 35 -15.7906
6 36 -15.9412
6 37 -16.0931
6 38 -16.2371
6 39 -16.3842
6 40 -16.5212
7 -10 -8.17069
7 -9 -8.12565
7 -8 -8.07035
7 -7 -8.0631
7 -6 -8.05166
7 -5 -8.0479
7 -4 -8.02464
7 -3 -7.99366
7 -2 -7.91236
7 -1 -7.85723
7 0 -7.81788
7 1 -7.82929
7 2 -7.88122
7 3 -8.06817
7 4 -8.3336
7 5 -8.64685
7 6 -8.9627
7 7 -9.29101
7 8 -9.6134
7 9 -9.9183
7 10 -10.23
7 11 -10.5349
7 12 -10.828
7 13 -11.1138
7 14 -11.3892
7 15 -11.6517
7 16 -11.9108
7 17 -12.1656
7 18 -12.4032
7 19 -12.6403
7 20 -12.8774
7 21 -13.1068
7 22 -13.3318
7 23 -13.545
7 24 -13.7674
7 25 -13.9695
7 26 -14.1819
7 27 -14.3795
7 28 -14.5803
7 29 -14.7725
7 30 -14.969
7 31 -15.1468
7 32 -15.3399
7 33 -15.5142
7 34 -15.6817
7 35 -15.8424
7 36 -15.9986
7 37 -16.1567
7 38 -16.2985
7 39 -16.4408
7 40 -16.5849
8 -10 -8.23662
8 -9 -8.19784
8 -8 -8.13978
8 -7 -8.1128
8 -6 -8.10103
8 -5 -8.10312
8 -4 -8.0659
8 -3 -8.0492
8 -2 -7.98216
8 -1 -7.91931
8 0 -7.87683
8 1 -7.86664
8 2 -7.9159
8 3 -8.07149
8 4 -8.34014
8 5 -8.63691
8 6 -8.98392
8 7 -9.32016
8 8 -9.63822
8 9 -9.95734
8 10 -10.2709
8 11 -10.5704
8 12 -10.8605
8 13 -11.152
8 14 -11.4235
8 15 -11.6938
8 16 -11.9532
8 17 -12.1977
8 18 -12.4483
8 19 -12.6883
8 20 -12.9176
8 21 -13.1507
8 22 -13.3688
8 23 -13.584
8 24 -13.8084
8 25 -14.0155
8 26 -14.2384
8 27 -14.4413
8 28 -14.6423
8 29 -14.8394
8 30 -15.0371
8 31 -15.2201
8 32 -15.4038
8 33 -15.5771
8 34 -15.7529
8 35 -15.9179
8 36 -16.0752
8 37 -16.2279
8 38 -16.3784
8 39 -16.5288
8 40 -16.666
9 -10 -8.27742
9 -9 -8.24957
9 -8 -8.20094
9 -7 -8.15508
9 -6 -8.1396
9 -5 -8.12862
9 -4 -8.10995
9 -3 -8.06906
9 -2 -8.01966
9 -1 -7.96967
9 0 -7.91107
9 1 -7.90845
9 2 -7.94162
9 3 -8.08813
9 4 -8.36535
9 5 -8.68624
9 6 -9.02137
9 7 -9.35308
9 8 -9.68235
9 9 -10.0034
9 10 -10.308
9 11 -10.6101
9 12 -10.902
9 13 -11.1834
9 14 -11.4593
9 15 -11.7221
9 16 -11.9907
9 17 -12.2373
9 18 -12.4834
9 19 -12.724
9 20 -12.9594
9 21 -13.1866
9 22 -13.4244
9 23 -13.6478
9 24 -13.8663
9 25 -14.0838
9 26 -14.2867
9 27 -14.4971
9 28 -14.7029
9 29 -14.9101
9 30 -15.1074
9 31 -15.2858
9 32 -15.48
9 33 -15.646
9 34 -15.8126
9 35 -15.9735
9 36 -16.1301
9 37 -16.2794
9 38 -16.4319
9 39 -16.5727
9 40 -16.7117
10 -10 -8.29699
10 -9 -8.25911
10 -8 -8.22553
10 -7 -8.19814
10 -6 -8.17248
10 -5 -8.15762
10 -4 -8.13228
10 -3 -8.08886
10 -2 -8.05388
10 -1 -8.02313
10 0 -7.97117
10 1 -7.94048
10 2 -7.98623
10 3 -8.13737
10 4 -8.40798
10 5 -8.71743
10 6 -9.0506
10 7 -9.38566
10 8 -9.7283
10 9 -10.0443
10 10 -10.3583
10 11 -10.6643
10 12 -10.9542
10 13 -11.2359
10 14 -11.506
10 15 -11.7721
10 16 -12.0432
10 17 -12.2889
10 18 -12.5346
10 19 -12.791
10 20 -13.027
10 21 -13.2637
10 22 -13.4878
10 23 -13.7134
10 24 -13.9263
10 25 -14.1372
10 26 -14.3508
10 27 -14.5512
10 28 -14.7601
10 29 -14.9414
10 30 -15.1339
10 31 -15.3204
10 32 -15.4978
10 33 -15.6727
10 34 -15.8363
10 35 -15.9942
10 36 -16.1541
10 37 -16.3047
10 38 -16.45
10 39 -16.5953
10 40 -16.736
11 -10 -8.32224
11 -9 -8.29862
11 -8 -8.26959
11 -7 -8.23442
11 -6 -8.20618
11 -5 -8.19259
11 -4 -8.1529
11 -3 -8.09564
11 -2 -8.05464
11 -1 -8.03061
11 0 -8.01107
11 1 -7.99843
11 2 -8.04756
11 3 -8.1889
11 4 -8.44995
11 5 -8.7668
11 6 -9.10783
11 7 -9.44758
11 8 -9.78987
11 9 -10.1076
11 10 -10.4257
11 11 -10.7175
11 12 -11.0139
11 13 -11.2915
11 14 -11.5658
11 15 -11.8313
11 16 -12.0924
11 17 -12.3513
11 18 -12.5937
11 19 -12.8379
11 20 -13.0724
11 21 -13.2991
11 22 -13.5243
11 23 -13.7409
11 24 -13.9618
11 25 -14.1799
11 26 -14.3806
11 27 -14.5826
11 28 -14.7776
11 29 -14.9649
11 30 -15.1486
11 31 -15.3301
11 32 -15.509
11 33 -15.6888
11 34 -15.8543
11 35 -16.0217
11 36 -16.1759
11 37 -16.3317
11 38 -16.4808
11 39 -16.6281
11 40 -16.7631
12 -10 -8.34769
12 -9 -8.31523
12 -8 -8.29925
12 -7 -8.26564
12 -6 -8.25082
12 -5 -8.23899
12 -4 -8.20327
12 -3 -8.1227
12 -2 -8.0815
12 -1 -8.04706
12 0 -8.02968
12 1 -8.04674
12 2 -8.09853
12 3 -8.2462
12 4 -8.50836
12 5 -8.81688
12 6 -9.15535
12 7 -9.50198
12 8 -9.83599
12 9 -10.162
12 10 -10.4655
12 11 -10.7536
12 12 -11.0444
12 13 -11.319
12 14 -11.5977
12 15 -11.8686
12 16 -12.1192
12 17 -12.3766
12 18 -12.6152
12 19 -12.858
12 20 -13.0962
12 21 -13.3242
12 22 -13.5526
12 23 -13.7769
12 24 -13.988
12 25 -14.1959
12 26 -14.4036
12 27 -14.5987
12 28 -14.796
12 29 -14.9807
12 30 -15.1691
12 31 -15.3509
12 32 -15.5335
12 33 -15.7057
12 34 -15.8769
12 35 -16.0434
12 36 -16.2074
12 37 -16.3575
12 38 -16.5108
12 39 -16.6528
12 40 -16.7941
13 -10 -8.37826
13 -9 -8.3488
13 -8 -8.31289
13 -7 -8.30848
13 -6 -8.27957
13 -5 -8.28035
13 -4 -8.2611
13 -3 -8.19025
13 -2 -8.11289
13 -1 -8.08196
13 0 -8.05842
13 1 -8.06805
13 2 -8.13215
13 3 -8.29469
13 4 -8.54582
13 5 -8.85343
13 6 -9.18746
13 7 -9.53022
13 8 -9.84955
13 9 -10.181
13 10 -10.485
13 11 -10.7859
13 12 -11.0634
13 13 -11.3498
13 14 -11.6233
13 15 -11.8863
13 16 -12.1437
13 17 -12.3945
13 18 -12.6436
13 19 -12.8843
13 20 -13.124
13 21 -13.3552
13 22 -13.5784
13 23 -13.7937
13 24 -14.0155
13 25 -14.2169
13 26 -14.4152
13 27 -14.6146
13 28 -14.8099
13 29 -15.0012
13 30 -15.1888
13 31 -15.376
13 32 -15.5509
13 33 -15.7338
13 34 -15.9059
13 35 -16.064
13 36 -16.2333
13 37 -16.3909
13 38 -16.5366
13 39 -16.6834
13 40 -16.8194
14 -10 -8.43217
14 -9 -8.36998
14 -8 -8.35517
14 -7 -8.32808
14 -6 -8.31614
14 -5 -8.31461
14 -4 -8.30119
14 -3 -8.22302
14 -2 -8.16772
14 -1 -8.12
14 0 -8.09939
14 1 -8.08845
14 2 -8.14
14 3 -8.30433
14 4 -8.56472
14 5 -8.87349
14 6 -9.21369
14 7 -9.54713
14 8 -9.87487
14 9 -10.1904
14 10 -10.5054
14 11 -10.8014
14 12 -11.0899
14 13 -11.3612
14 14 -11.6397
14 15 -11.8986
14 16 -12.1668
14 17 -12.4163
14 18 -12.6617
14 19 -12.9095
14 20 -13.1365
14 21 -13.3662
14 22 -13.5996
14 23 -13.8119
14 24 -14.0295
14 25 -14.2326
14 26 -14.4365
14 27 -14.6348
14 28 -14.8354
14 29 -15.0338
14 30 -15.2204
14 31 -15.409
14 32 -15.5933
14 33 -15.7665
14 34 -15.9374
14 35 -16.1059
14 36 -16.2708
14 37 -16.4309
14 38 -16.5728
14 39 -16.7216
14 40 -16.8556
15 -10 -8.47504
15 -9 -8.41745
15 -8 -8.37728
15 -7 -8.36267
15 -6 -8.34847
15 -5 -8.33855
15 -4 -8.31982
15 -3 -8.25566
15 -2 -8.19623
15 -1 -8.15467
15 0 -8.13496
15 1 -8.10739
15 2 -8.14261
15 3 -8.30548
15 4 -8.58125
15 5 -8.90297
15 6 -9.21737
15 7 -9.56272
15 8 -9.8946
15 9 -10.2157
15 10 -10.523
15 11 -10.8231
15 12 -11.1115
15 13 -11.4009
15 14 -11.6761
15 15 -11.9407
15 16 -12.2019
15 17 -12.4529
15 18 -12.6991
15 19 -12.951
15 20 -13.1755
15 21 -13.408
15 22 -13.6278
15 23 -13.851
15 24 -14.0641
15 25 -14.274
15 26 -14.4736
15 27 -14.6779
15 28 -14.8746
15 29 -15.07
15 30 -15.2567
15 31 -15.4447
15 32 -15.6356
15 33 -15.81
15 34 -15.9852
15 35 -16.1583
15 36 -16.32
15 37 -16.4756
15 38 -16.6279
15 39 -16.7676
15 40 -16.9065
16 -10 -8.49213
16 -9 -8.44053
16 -8 -8.39432
16 -7 -8.37976
16 -6 -8.36423
16 -5 -8.36033
16 -4 -8.33404
16 -3 -8.28098
16 -2 -8.23263
16 -1 -8.18403
16 0 -8.15507
16 1 -8.14034
16 2 -8.16787
16 3 -8.33326
16 4 -8.59302
16 5 -8.91047
16 6 -9.2543
16 7 -9.58963
16 8 -9.91423
16 9 -10.2407
16 10 -10.5518
16 11 -10.8565
16 12 -11.1567
16 13 -11.4332
16 14 -11.7148
16 15 -11.9823
16 16 -12.2441
16 17 -12.4944
16 18 -12.7351
16 19 -12.9775
16 20 -13.2064
16 21 -13.4354
16 22 -13.6685
16 23 -13.8918
16 24 -14.1062
16 25 -14.3123
16 26 -14.5181
16 27 -14.7218
16 28 -14.9177
16 29 -15.1087
16 30 -15.3041
16 31 -15.4951
16 32 -15.6811
16 33 -15.8532
16 34 -16.0306
16 35 -16.1893
16 36 -16.3528
16 37 -16.5087
16 38 -16.6573
16 39 -16.8051
16 40 -16.9476
17 -10 -8.51168
17 -9 -8.46863
17 -8 -8.43244
17 -7 -8.39979
17 -6 -8.38306
17 -5 -8.37732
17 -4 -8.34959
17 -3 -8.29066
17 -2 -8.26015
17 -1 -8.21729
17 0 -8.21507
17 1 -8.17718
17 2 -8.2026
17 3 -8.35441
17 4 -8.62528
17 5 -8.93804
17 6 -9.26852
17 7 -9.62641
17 8 -9.95986
17 9 -10.2841
17 10 -10.5908
17 11 -10.9038
17 12 -11.1913
17 13 -11.4745
17 14 -11.7511
17 15 -12.0148
17 16 -12.2787
17 17 -12.5266
17 18 -12.7678
17 19 -13.0049
17 20 -13.2495
17 21 -13.4692
17 22 -13.6986
17 23 -13.919
17 24 -14.1306
17 25 -14.337
17 26 -14.5475
17 27 -14.7496
17 28 -14.947
17 29 -15.1387
17 30 -15.3275
17 31 -15.5178
17 32 -15.7046
17 33 -15.8813
17 34 -16.0517
17 35 -16.208
17 36 -16.3698
17 37 -16.5254
17 38 -16.6758
17 39 -16.82
17 40 -16.9584
18 -10 -8.52191
18 -9 -8.48957
18 -8 -8.44904
18 -7 -8.43389
18 -6 -8.4159
18 -5 -8.40216
18 -4 -8.36411
18 -3 -8.31072
18 -2 -8.27161
18 -1 -8.23955
18 0 -8.22897
18 1 -8.21582
18 2 -8.23835
18 3 -8.40073
18 4 -8.66389
18 5 -8.98125
18 6 -9.31702
18 7 -9.65502
18 8 -9.98275
18 9 -10.3146
18 10 -10.6263
18 11 -10.9361
18 12 -11.2299
18 13 -11.5153
18 14 -11.7801
18 15 -12.0507
18 16 -12.3086
18 17 -12.5638
18 18 -12.8044
18 19 -13.0391
18 20 -13.2801
18 21 -13.5053
18 22 -13.729
18 23 -13.9463
18 24 -14.1605
18 25 -14.3681
18 26 -14.5734
18 27 -14.7752
18 28 -14.969
18 29 -15.1662
18 30 -15.3548
18 31 -15.5381
18 32 -15.7272
18 33 -15.8951
18 34 -16.0662
18 35 -16.2282
18 36 -16.3858
18 37 -16.5398
18 38 -16.6898
18 39 -16.8349
18 40 -16.9718
19 -10 -8.53847
19 -9 -8.51509
19 -8 -8.47845
19 -7 -8.45762
19 -6 -8.45234
19 -5 -8.44352
19 -4 -8.39434
19 -3 -8.34112
19 -2 -8.29286
19 -1 -8.26718
19 0 -8.25077
19 1 -8.25396
19 2 -8.27014
19 3 -8.43395
19 4 -8.68779
19 5 -9.00961
19 6 -9.34691
19 7 -9.68493
19 8 -10.0084
19 9 -10.3299
19 10 -10.6519
19 11 -10.9587
19 12 -11.2535
19 13 -11.5331
19 14 -11.8065
19 15 -12.0736
19 16 -12.3247
19 17 -12.5745
19 18 -12.8217
19 19 -13.058
19 20 -13.288
19 21 -13.5165
19 22 -13.734
19 23 -13.9563
19 24 -14.1699
19 25 -14.3725
19 26 -14.5923
19 27 -14.7897
19 28 -14.9867
19 29 -15.1835
19 30 -15.3697
19 31 -15.5485
19 32 -15.7343
19 33 -15.9016
19 34 -16.0745
19 35 -16.24
19 36 -16.3962
19 37 -16.5525
19 38 -16.6978
19 39 -16.8452
19 40 -16.983
20 -10 -8.55572
20 -9 -8.52675
20 -8 -8.50642
20 -7 -8.48278
20 -6 -8.47517
20 -5 -8.48576
20 -4 -8.43478
20 -3 -8.36114
20 -2 -8.32358
20 -1 -8.29328
20 0 -8.27882
20 1 -8.27617
20 2 -8.28281
20 3 -8.45093
20 4 -8.71597
20 5 -9.02198
20 6 -9.34609
20 7 -9.68863
20 8 -10.0171
20 9 -10.3483
20 10 -10.669
20 11 -10.9801
20 12 -11.2745
20 13 -11.5582
20 14 -11.8305
20 15 -12.0862
20 16 -12.3475
20 17 -12.5956
20 18 -12.8436
20 19 -13.077
20 20 -13.3119
20 21 -13.5396
20 22 -13.7625
20 23 -13.9798
20 24 -14.1958
20 25 -14.4056
20 26 -14.6118
20 27 -14.815
20 28 -15.0099
20 29 -15.2043
20 30 -15.3896
20 31 -15.5681
20 32 -15.7532
20 33 -15.9337
20 34 -16.094
20 35 -16.2583
20 36 -16.4148
20 37 -16.565
20 38 -16.7212
20 39 -16.8628
20 40 -17.0022
21 -10 -8.58768
21 -9 -8.55903
21 -8 -8.5286
21 -7 -8.51554
21 -6 -8.50479
21 -5 -8.504
21 -4 -8.46367
21 -3 -8.39597
21 -2 -8.34098
21 -1 -8.30939
21 0 -8.28884
21 1 -8.2836
21 2 -8.2964
21 3 -8.44674
21 4 -8.73129
21 5 -9.03831
21 6 -9.37286
21 7 -9.70156
21 8 -10.0363
21 9 -10.3587
21 10 -10.6808
21 11 -10.9851
21 12 -11.2822
21 13 -11.5734
21 14 -11.8479
21 15 -12.1073
21 16 -12.3609
21 17 -12.6133
21 18 -12.8571
21 19 -13.0966
21 20 -13.3332
21 21 -13.5568
21 22 -13.7792
21 23 -14.0045
21 24 -14.2256
21 25 -14.4339
21 26 -14.6353
21 27 -14.8315
21 28 -15.0295
21 29 -15.2232
21 30 -15.4061
21 31 -15.5912
21 32 -15.769
21 33 -15.9464
21 34 -16.122
21 35 -16.2807
21 36 -16.4433
21 37 -16.5972
21 38 -16.7458
21 39 -16.8955
21 40 -17.0279
22 -10 -8.61129
22 -9 -8.57436
22 -8 -8.5583
22 -7 -8.54361
22 -6 -8.51434
22 -5 -8.51711
22 -4 -8.48265
22 -3 -8.42317
22 -2 -8.36307
22 -1 -8.34079
22 0 -8.31023
22 1 -8.29299
22 2 -8.30648
22 3 -8.48057
22 4 -8.74402
22 5 -9.05209
22 6 -9.38714
22 7 -9.7216
22 8 -10.058
22 9 -10.3895
22 10 -10.6991
22 11 -11.0057
22 12 -11.2963
22 13 -11.5955
22 14 -11.861
22 15 -12.1223
22 16 -12.3948
22 17 -12.6442
22 18 -12.8825
22 19 -13.1304
22 20 -13.3586
22 21 -13.5871
22 22 -13.8189
22 23 -14.0336
22 24 -14.2504
22 25 -14.4633
22 26 -14.6596
22 27 -14.8557
22 28 -15.0505
22 29 -15.2407
22 30 -15.4348
22 31 -15.6214
22 32 -15.804
22 33 -15.9772
22 34 -16.1455
22 35 -16.3074
22 36 -16.4681
22 37 -16.6251
22 38 -16.7802
22 39 -16.9159
22 40 -17.064
23 -10 -8.64264
23 -9 -8.59969
23 -8 -8.56822
23 -7 -8.54668
23 -6 -8.53316
23 -5 -8.52121
23 -4 -8.48757
23 -3 -8.43906
23 -2 -8.39596
23 -1 -8.37095
23 0 -8.33676
23 1 -8.30857
23 2 -8.32869
23 3 -8.49307
23 4 -8.76158
23 5 -9.07125
23 6 -9.40077
23 7 -9.743
23 8 -10.0734
23 9 -10.4102
23 10 -10.7166
23 11 -11.0282
23 12 -11.3137
23 13 -11.5967
23 14 -11.8798
23 15 -12.1561
23 16 -12.4169
23 17 -12.6619
23 18 -12.914
23 19 -13.1581
23 20 -13.39
23 21 -13.6178
23 22 -13.842
23 23 -14.0637
23 24 -14.2784
23 25 -14.4841
23 26 -14.689
23 27 -14.8855
23 28 -15.0863
23 29 -15.2764
23 30 -15.4669
23 31 -15.6476
23 32 -15.8336
23 33 -16.0047
23 34 -16.1741
23 35 -16.3429
23 36 -16.5012
23 37 -16.656
23 38 -16.8078
23 39 -16.9547
23 40 -17.086
24 -10 -8.66233
24 -9 -8.60755
24 -8 -8.57863
24 -7 -8.56551
24 -6 -8.54906
24 -5 -8.53787
24 -4 -8.50199
24 -3 -8.45746
24 -2 -8.40835
24 -1 -8.39161
24 0 -8.36616
24 1 -8.32264
24 2 -8.35105
24 3 -8.51258
24 4 -8.78503
24 5 -9.0956
24 6 -9.42435
24 7 -9.7646
24 8 -10.0995
24 9 -10.4231
24 10 -10.738
24 11 -11.047
24 12 -11.3397
24 13 -11.6248
24 14 -11.9067
24 15 -12.1757
24 16 -12.4424
24 17 -12.7026
24 18 -12.9485
24 19 -13.1928
24 20 -13.4277
24 21 -13.6533
24 22 -13.8773
24 23 -14.0891
24 24 -14.3035
24 25 -14.5159
24 26 -14.7167
24 27 -14.9165
24 28 -15.1188
24 29 -15.3083
24 30 -15.4979
24 31 -15.6796
24 32 -15.8544
24 33 -16.0303
24 34 -16.2074
24 35 -16.3667
24 36 -16.5271
24 37 -16.6794
24 38 -16.8318
24 39 -16.9765
24 40 -17.1146
25 -10 -8.67202
25 -9 -8.63274
25 -8 -8.59903
25 -7 -8.58413
25 -6 -8.57006
25 -5 -8.54706
25 -4 -8.5291
25 -3 -8.47131
25 -2 -8.42152
25 -1 -8.40883
25 0 -8.3921
25 1 -8.35873
25 2 -8.38888
25 3 -8.54407
25 4 -8.79887
25 5 -9.12751
25 6 -9.46401
25 7 -9.79822
25 8 -10.1353
25 9 -10.4551
25 10 -10.7669
25 11 -11.0695
25 12 -11.3621
25 13 -11.652
25 14 -11.9317
25 15 -12.2018
25 16 -12.4723
25 17 -12.723
25 18 -12.9721
25 19 -13.208
25 20 -13.4397
25 21 -13.6662
25 22 -13.8947
25 23 -14.1103
25 24 -14.322
25 25 -14.5265
25 26 -14.7358
25 27 -14.9287
25 28 -15.1287
25 29 -15.3168
25 30 -15.5054
25 31 -15.6833
25 32 -15.8701
25 33 -16.038
25 34 -16.2128
25 35 -16.3791
25 36 -16.5352
25 37 -16.6959
25 38 -16.8459
25 39 -16.9859
25 40 -17.1243
26 -10 -8.68548
26 -9 -8.65095
26 -8 -8.62658
26 -7 -8.61768
26 -6 -8.58565
26 -5 -8.5633
26 -4 -8.54024
26 -3 -8.49042
26 -2 -8.4366
26 -1 -8.42264
26 0 -8.41345
26 1 -8.37209
26 2 -8.41625
26 3 -8.57549
26 4 -8.8358
26 5 -9.1508
26 6 -9.48561
26 7 -9.82147
26 8 -10.1496
26 9 -10.4664
26 10 -10.7842
26 11 -11.0874
26 12 -11.3687
26 13 -11.6614
26 14 -11.9425
26 15 -12.2171
26 16 -12.4796
26 17 -12.7406
26 18 -12.9897
26 19 -13.2257
26 20 -13.4653
26 21 -13.6845
26 22 -13.906
26 23 -14.1224
26 24 -14.3286
26 25 -14.5444
26 26 -14.7403
26 27 -14.9379
26 28 -15.1345
26 29 -15.3265
26 30 -15.513
26 31 -15.7012
26 32 -15.8796
26 33 -16.0585
26 34 -16.2284
26 35 -16.394
26 36 -16.5533
26 37 -16.7049
26 38 -16.8516
26 39 -17
26 40 -17.1374
27 -10 -8.70135
27 -9 -8.67075
27 -8 -8.64719
27 -7 -8.63199
27 -6 -8.6185
27 -5 -8.59045
27 -4 -8.56829
27 -3 -8.50721
27 -2 -8.47574
27 -1 -8.44282
27 0 -8.42787
27 1 -8.40093
27 2 -8.43601
27 3 -8.59496
27 4 -8.85387
27 5 -9.15884
27 6 -9.4889
27 7 -9.82067
27 8 -10.1531
27 9 -10.4877
27 10 -10.7954
27 11 -11.1008
27 12 -11.3947
27 13 -11.6767
27 14 -11.9547
27 15 -12.2278
27 16 -12.4924
27 17 -12.7428
27 18 -12.9908
27 19 -13.234
27 20 -13.4672
27 21 -13.6967
27 22 -13.9165
27 23 -14.1313
27 24 -14.3447
27 25 -14.5546
27 26 -14.7556
27 27 -14.95
27 28 -15.1538
27 29 -15.3425
27 30 -15.5303
27 31 -15.719
27 32 -15.8976
27 33 -16.0712
27 34 -16.2437
27 35 -16.4125
27 36 -16.5683
27 37 -16.7189
27 38 -16.8675
27 39 -17.0079
27 40 -17.1469
28 -10 -8.70681
28 -9 -8.69017
28 -8 -8.66664
28 -7 -8.65572
28 -6 -8.64838
28 -5 -8.62086
28 -4 -8.59317
28 -3 -8.52658
28 -2 -8.4842
28 -1 -8.46425
28 0 -8.4296
28 1 -8.40861
28 2 -8.45454
28 3 -8.59859
28 4 -8.86409
28 5 -9.17624
28 6 -9.50728
28 7 -9.85229
28 8 -10.1773
28 9 -10.4995
28 10 -10.8113
28 11 -11.106
28 12 -11.3989
28 13 -11.6933
28 14 -11.9701
28 15 -12.2373
28 16 -12.4984
28 17 -12.7548
28 18 -12.9957
28 19 -13.2415
28 20 -13.4814
28 21 -13.7049
28 22 -13.9258
28 23 -14.1454
28 24 -14.3567
28 25 -14.5713
28 26 -14.77
28 27 -14.9753
28 28 -15.1676
28 29 -15.3616
28 30 -15.5517
28 31 -15.7346
28 32 -15.9161
28 33 -16.0873
28 34 -16.2563
28 35 -16.4248
28 36 -16.5849
28 37 -16.736
28 38 -16.8835
28 39 -17.0259
28 40 -17.1624
29 -10 -8.73309
29 -9 -8.7121
29 -8 -8.68951
29 -7 -8.66199
29 -6 -8.65444
29 -5 -8.63358
29 -4 -8.61295
29 -3 -8.55268
29 -2 -8.50657
29 -1 -8.47535
29 0 -8.44223
29 1 -8.4174
29 2 -8.46209
29 3 -8.62008
29 4 -8.87478
29 5 -9.18587
29 6 -9.52504
29 7 -9.86641
29 8 -10.1992
29 9 -10.508
29 10 -10.8321
29 11 -11.1266
29 12 -11.4236
29 13 -11.7097
29 14 -11.9859
29 15 -12.2529
29 16 -12.5158
29 17 -12.7639
29 18 -13.0139
29 19 -13.2514
29 20 -13.4957
29 21 -13.7222
29 22 -13.9438
29 23 -14.1592
29 24 -14.372
29 25 -14.5881
29 26 -14.7913
29 27 -14.9978
29 28 -15.1953
29 29 -15.3877
29 30 -15.5737
29 31 -15.7524
29 32 -15.9297
29 33 -16.1064
29 34 -16.2758
29 35 -16.4432
29 36 -16.6036
29 37 -16.7485
29 38 -16.902
29 39 -17.0437
29 40 -17.1808
30 -10 -8.75354
30 -9 -8.71957
30 -8 -8.70088
30 -7 -8.67348
30 -6 -8.65974
30 -5 -8.65485
30 -4 -8.62742
30 -3 -8.56758
30 -2 -8.5288
30 -1 -8.48737
30 0 -8.44724
30 1 -8.42899
30 2 -8.48474
30 3 -8.61869
30 4 -8.88776
30 5 -9.20591
30 6 -9.54456
30 7 -9.88902
30 8 -10.2202
30 9 -10.5368
30 10 -10.8441
30 11 -11.1456
30 12 -11.4429
30 13 -11.7271
30 14 -11.9958
30 15 -12.2649
30 16 -12.5259
30 17 -12.7715
30 18 -13.0298
30 19 -13.2683
30 20 -13.4991
30 21 -13.742
30 22 -13.9668
30 23 -14.1942
30 24 -14.4042
30 25 -14.6135
30 26 -14.823
30 27 -15.021
30 28 -15.2152
30 29 -15.4034
30 30 -15.5948
30 31 -15.7767
30 32 -15.9564
30 33 -16.1311
30 34 -16.3037
30 35 -16.4697
30 36 -16.6228
30 37 -16.7733
30 38 -16.9183
30 39 -17.0679
30 40 -17.2053
31 -10 -8.76873
31 -9 -8.73178
31 -8 -8.70999
31 -7 -8.69282
31 -6 -8.65867
31 -5 -8.65504
31 -4 -8.6393
31 -3 -8.57455
31 -2 -8.5453
31 -1 -8.51796
31 0 -8.46209
31 1 -8.44998
31 2 -8.48768
31 3 -8.64813
31 4 -8.91266
31 5 -9.22573
31 6 -9.56707
31 7 -9.89789
31 8 -10.2336
31 9 -10.5571
31 10 -10.8643
31 11 -11.1681
31 12 -11.4578
31 13 -11.7393
31 14 -12.0134
31 15 -12.2795
31 16 -12.5431
31 17 -12.791
31 18 -13.0386
31 19 -13.2906
31 20 -13.5253
31 21 -13.7589
31 22 -13.9907
31 23 -14.2148
31 24 -14.4316
31 25 -14.6455
31 26 -14.846
31 27 -15.0465
31 28 -15.2391
31 29 -15.4293
31 30 -15.6171
31 31 -15.7985
31 32 -15.9746
31 33 -16.1533
31 34 -16.3203
31 35 -16.4846
31 36 -16.647
31 37 -16.8037
31 38 -16.9412
31 39 -17.0893
31 40 -17.2257
32 -10 -8.78192
32 -9 -8.74711
32 -8 -8.72813
32 -7 -8.69369
32 -6 -8.67109
32 -5 -8.6604
32 -4 -8.63979
32 -3 -8.58836
32 -2 -8.55694
32 -1 -8.52464
32 0 -8.49135
32 1 -8.46998
32 2 -8.49183
32 3 -8.66192
32 4 -8.9213
32 5 -9.24533
32 6 -9.5721
32 7 -9.92081
32 8 -10.2406
32 9 -10.5757
32 10 -10.8935
32 11 -11.1945
32 12 -11.4817
32 13 -11.7714
32 14 -12.0416
32 15 -12.3065
32 16 -12.5647
32 17 -12.8174
32 18 -13.0662
32 19 -13.3125
32 20 -13.5451
32 21 -13.783
32 22 -14.0129
32 23 -14.2313
32 24 -14.4455
32 25 -14.6534
32 26 -14.8647
32 27 -15.0594
32 28 -15.2515
32 29 -15.4423
32 30 -15.6292
32 31 -15.8101
32 32 -15.9903
32 33 -16.1676
32 34 -16.3362
32 35 -16.4974
32 36 -16.654
32 37 -16.8118
32 38 -16.963
32 39 -17.1062
32 40 -17.2433
33 -10 -8.78989
33 -9 -8.76534
33 -8 -8.73707
33 -7 -8.71228
33 -6 -8.68422
33 -5 -8.68005
33 -4 -8.65732
33 -3 -8.60363
33 -2 -8.57025
33 -1 -8.54354
33 0 -8.50117
33 1 -8.49135
33 2 -8.51328
33 3 -8.68528
33 4 -8.95775
33 5 -9.25858
33 6 -9.59749
33 7 -9.95155
33 8 -10.2751
33 9 -10.6026
33 10 -10.9068
33 11 -11.2091
33 12 -11.5031
33 13 -11.7821
33 14 -12.0548
33 15 -12.3199
33 16 -12.5771
33 17 -12.8347
33 18 -13.0796
33 19 -13.3243
33 20 -13.5619
33 21 -13.7966
33 22 -14.021
33 23 -14.2428
33 24 -14.4652
33 25 -14.6728
33 26 -14.8758
33 27 -15.0729
33 28 -15.2607
33 29 -15.453
33 30 -15.639
33 31 -15.8269
33 32 -15.9995
33 33 -16.176
33 34 -16.3471
33 35 -16.5075
33 36 -16.666
33 37 -16.8247
33 38 -16.9711
33 39 -17.1152
33 40 -17.2581
34 -10 -8.80466
34 -9 -8.77565
34 -8 -8.75149
34 -7 -8.72608
34 -6 -8.70382
34 -5 -8.69142
34 -4 -8.66767
34 -3 -8.62261
34 -2 -8.57778
34 -1 -8.55176
34 0 -8.51413
34 1 -8.51393
34 2 -8.54606
34 3 -8.7104
34 4 -8.97148
34 5 -9.28426
34 6 -9.62091
34 7 -9.95452
34 8 -10.2864
34 9 -10.6137
34 10 -10.9162
34 11 -11.2182
34 12 -11.5114
34 13 -11.7902
34 14 -12.0598
34 15 -12.332
34 16 -12.5918
34 17 -12.8405
34 18 -13.0966
34 19 -13.3413
34 20 -13.5746
34 21 -13.808
34 22 -14.0329
34 23 -14.2528
34 24 -14.4702
34 25 -14.6769
34 26 -14.8804
34 27 -15.0807
34 28 -15.2784
34 29 -15.4684
34 30 -15.6528
34 31 -15.8335
34 32 -16.0131
34 33 -16.1855
34 34 -16.3573
34 35 -16.5203
34 36 -16.6807
34 37 -16.8367
34 38 -16.9824
34 39 -17.138
34 40 -17.2701
35 -10 -8.81618
35 -9 -8.79215
35 -8 -8.77292
35 -7 -8.74051
35 -6 -8.70898
35 -5 -8.70615
35 -4 -8.68235
35 -3 -8.64526
35 -2 -8.60041
35 -1 -8.56268
35 0 -8.53919
35 1 -8.52604
35 2 -8.55124
35 3 -8.7279
35 4 -8.9766
35 5 -9.29507
35 6 -9.6297
35 7 -9.95611
35 8 -10.2893
35 9 -10.6112
35 10 -10.9244
35 11 -11.2272
35 12 -11.5209
35 13 -11.8005
35 14 -12.0789
35 15 -12.3413
35 16 -12.5964
35 17 -12.8554
35 18 -13.1032
35 19 -13.3523
35 20 -13.5847
35 21 -13.8146
35 22 -14.0386
35 23 -14.26
35 24 -14.4683
35 25 -14.6803
35 26 -14.8851
35 27 -15.0861
35 28 -15.2879
35 29 -15.4775
35 30 -15.6615
35 31 -15.848
35 32 -16.0266
35 33 -16.2026
35 34 -16.3686
35 35 -16.5372
35 36 -16.6945
35 37 -16.8475
35 38 -16.9969
35 39 -17.1441
35 40 -17.2879
36 -10 -8.83309
36 -9 -8.80211
36 -8 -8.78312
36 -7 -8.76154
36 -6 -8.73426
36 -5 -8.72799
36 -4 -8.69699
36 -3 -8.65247
36 -2 -8.60926
36 -1 -8.56924
36 0 -8.54476
36 1 -8.53579
36 2 -8.56049
36 3 -8.73307
36 4 -8.98281
36 5 -9.29618
36 6 -9.63
36 7 -9.96696
36 8 -10.2922
36 9 -10.618
36 10 -10.9359
36 11 -11.2355
36 12 -11.5251
36 13 -11.8094
36 14 -12.0797
36 15 -12.3484
36 16 -12.6151
36 17 -12.8677
36 18 -13.1097
36 19 -13.3529
36 20 -13.5931
36 21 -13.819
36 22 -14.0412
36 23 -14.2619
36 24 -14.4785
36 25 -14.6885
36 26 -14.8923
36 27 -15.0955
36 28 -15.2942
36 29 -15.4876
36 30 -15.6807
36 31 -15.8604
36 32 -16.0439
36 33 -16.2192
36 34 -16.3884
36 35 -16.5544
36 36 -16.7143
36 37 -16.8656
36 38 -17.0182
36 39 -17.159
36 40 -17.2963
37 -10 -8.83409
37 -9 -8.82242
37 -8 -8.78337
37 -7 -8.76275
37 -6 -8.75631
37 -5 -8.73977
37 -4 -8.71698
37 -3 -8.66228
37 -2 -8.62207
37 -1 -8.57654
37 0 -8.55682
37 1 -8.54626
37 2 -8.57389
37 3 -8.7473
37 4 -8.99831
37 5 -9.30373
37 6 -9.63278
37 7 -9.97324
37 8 -10.3059
37 9 -10.6278
37 10 -10.9468
37 11 -11.2538
37 12 -11.544
37 13 -11.8303
37 14 -12.1047
37 15 -12.3695
37 16 -12.6282
37 17 -12.8845
37 18 -13.1269
37 19 -13.3725
37 20 -13.5984
37 21 -13.827
37 22 -14.054
37 23 -14.2724
37 24 -14.4902
37 25 -14.6986
37 26 -14.9016
37 27 -15.1044
37 28 -15.3028
37 29 -15.4988
37 30 -15.6895
37 31 -15.8779
37 32 -16.0581
37 33 -16.2332
37 34 -16.4022
37 35 -16.562
37 36 -16.7266
37 37 -16.881
37 38 -17.0297
37 39 -17.1756
37 40 -17.3096
38 -10 -8.84804
38 -9 -8.81965
38 -8 -8.7799
38 -7 -8.76382
38 -6 -8.75506
38 -5 -8.75666
38 -4 -8.72671
38 -3 -8.68213
38 -2 -8.63263
38 -1 -8.58554
38 0 -8.56049
38 1 -8.55129
38 2 -8.58504
38 3 -8.75215
38 4 -9.00465
38 5 -9.31156
38 6 -9.64877
38 7 -9.99407
38 8 -10.3194
38 9 -10.6538
38 10 -10.9662
38 11 -11.2716
38 12 -11.5661
38 13 -11.8469
38 14 -12.1164
38 15 -12.3843
38 16 -12.6422
38 17 -12.8941
38 18 -13.1383
38 19 -13.3767
38 20 -13.6128
38 21 -13.8406
38 22 -14.0631
38 23 -14.2818
38 24 -14.4916
38 25 -14.705
38 26 -14.9141
38 27 -15.1196
38 28 -15.3143
38 29 -15.515
38 30 -15.708
38 31 -15.8917
38 32 -16.0751
38 33 -16.2512
38 34 -16.4222
38 35 -16.5851
38 36 -16.7439
38 37 -16.9008
38 38 -17.0426
38 39 -17.1859
38 40 -17.3229
39 -10 -8.85058
39 -9 -8.81541
39 -8 -8.78783
39 -7 -8.76266
39 -6 -8.76473
39 -5 -8.76239
39 -4 -8.7391
39 -3 -8.68679
39 -2 -8.65223
39 -1 -8.5966
39 0 -8.57643
39 1 -8.56505
39 2 -8.59596
39 3 -8.76579
39 4 -9.02749
39 5 -9.34654
39 6 -9.67186
39 7 -10.0165
39 8 -10.3423
39 9 -10.667
39 10 -10.9759
39 11 -11.2862
39 12 -11.5723
39 13 -11.8605
39 14 -12.1299
39 15 -12.3993
39 16 -12.6534
39 17 -12.9066
39 18 -13.1467
39 19 -13.3891
39 20 -13.6173
39 21 -13.8515
39 22 -14.0767
39 23 -14.2969
39 24 -14.5069
39 25 -14.7206
39 26 -14.929
39 27 -15.1292
39 28 -15.3324
39 29 -15.523
39 30 -15.711
39 31 -15.8974
39 32 -16.0797
39 33 -16.2583
39 34 -16.4251
39 35 -16.5944
39 36 -16.749
39 37 -16.9081
39 38 -17.0551
39 39 -17.1987
39 40 -17.3376
40 -10 -8.86046
40 -9 -8.82419
40 -8 -8.7915
40 -7 -8.77656
40 -6 -8.7668
40 -5 -8.75907
40 -4 -8.75264
40 -3 -8.69475
40 -2 -8.65422
40 -1 -8.6153
40 0 -8.59546
40 1 -8.58101
40 2 -8.61686
40 3 -8.78036
40 4 -9.05575
40 5 -9.36359
40 6 -9.69829
40 7 -10.0268
40 8 -10.36
40 9 -10.6743
40 10 -10.9869
40 11 -11.2931
40 12 -11.585
40 13 -11.8703
40 14 -12.1441
40 15 -12.4132
40 16 -12.6705
40 17 -12.9188
40 18 -13.1612
40 19 -13.3993
40 20 -13.6336
40 21 -13.8608
40 22 -14.0858
40 23 -14.305
40 24 -14.5195
40 25 -14.7282
40 26 -14.9371
40 27 -15.1387
40 28 -15.3401
40 29 -15.5286
40 30 -15.7206
40 31 -15.9045
40 32 -16.0871
40 33 -16.2652
40 34 -16.4312
40 35 -16.5957
40 36 -16.7574
40 37 -16.9078
40 38 -17.0591
40 39 -17.2045
40 40 -17.3421
