-10 -10 -8.77651
-10 -9 -8.77575
-10 -8 -8.74194
-10 -7 -8.71304
-10 -6 -8.71176
-10 -5 -8.67519
-10 -4 -8.66844
-10 -3 -8.62909
-10 -2 -8.62209
-10 -1 -8.59764
-10 0 -8.57771
-10 1 -8.53011
-10 2 -8.56544
-10 3 -8.7302
-10 4 -8.98959
-10 5 -9.3261
-10 6 -9.64787
-10 7 -9.98384
-10 8 -10.2946
-10 9 -10.6061
-10 10 -10.9285
-10 11 -11.2179
-10 12 -11.5131
-10 13 -11.7723
-10 14 -12.0703
-10 15 -12.3278
-10 16 -12.5773
-10 17 -12.8554
-10 18 -13.0974
-10 19 -13.3329
-10 20 -13.5707
-10 21 -13.7976
-10 22 -14.0095
-10 23 -14.2219
-10 24 -14.4321
-10 25 -14.6336
-10 26 -14.8445
-10 27 -15.0373
-10 28 -15.2365
-10 29 -15.4166
-10 30 -15.606
-10 31 -15.7816
-10 32 -15.9547
-10 33 -16.1258
-10 34 -16.2769
-10 35 -16.4498
-10 36 -16.6006
-10 37 -16.75
-10 38 -16.8985
-10 39 -17.0351
-10 40 -17.1917
-9 -10 -8.75196
-9 -9 -8.73673
-9 -8 -8.74361
-9 -7 -8.69916
-9 -6 -8.69037
-9 -5 -8.68455
-9 -4 -8.63969
-9 -3 -8.59979
-9 -2 -8.59083
-9 -1 -8.56319
-9 0 -8.53798
-9 1 -8.53129
-9 2 -8.56775
-9 3 -8.73602
-9 4 -8.95524
-9 5 -9.28963
-9 6 -9.61332
-9 7 -9.9387
-9 8 -10.2251
-9 9 -10.5785
-9 10 -10.8885
-9 11 -11.1804
-9 12 -11.4747
-9 13 -11.7792
-9 14 -12.0415
-9 15 -12.3205
-9 16 -12.5826
-9 17 -12.815
-9 18 -13.0659
-9 19 -13.3177
-9 20 -13.5471
-9 21 -13.7781
-9 22 -13.999
-9 23 -14.2182
-9 24 -14.4243
-9 25 -14.6394
-9 26 -14.8367
-9 27 -15.0441
-9 28 -15.2081
-9 29 -15.3997
-9 30 -15.5738
-9 31 -15.7754
-9 32 -15.9306
-9 33 -16.0869
-9 34 -16.2671
-9 35 -16.4301
-9 36 -16.5821
-9 37 -16.7335
-9 38 -16.8784
-9 39 -17.0409
-9 40 -17.1707
-8 -10 -8.72793
-8 -9 -8.72469
-8 -8 -8.71102
-8 -7 -8.71531
-8 -6 -8.67656
-8 -5 -8.6269
-8 -4 -8.58825
-8 -3 -8.58696
-8 -2 -8.54343
-8 -1 -8.54285
-8 0 -8.50252
-8 1 -8.49557
-8 2 -8.52137
-8 3 -8.70169
-8 4 -8.93026
-8 5 -9.25642
-8 6 -9.58455
-8 7 -9.89292
-8 8 -10.2235
-8 9 -10.5413
-8 10 -10.855
-8 11 -11.1438
-8 12 -11.4235
-8 13 -11.7366
-8 14 -12.0133
-8 15 -12.2854
-8 16 -12.5627
-8 17 -12.8033
-8 18 -13.0525
-8 19 -13.2847
-8 20 -13.5281
-8 21 -13.7578
-8 22 -13.9834
-8 23 -14.1939
-8 24 -14.408
-8 25 -14.6119
-8 26 -14.8192
-8 27 -14.9977
-8 28 -15.1926
-8 29 -15.3866
-8 30 -15.5706
-8 31 -15.7394
-8 32 -15.9145
-8 33 -16.0806
-8 34 -16.2568
-8 35 -16.4214
-8 36 -16.5813
-8 37 -16.7013
-8 38 -16.8669
-8 39 -17.0105
-8 40 -17.1527
-7 -10 -8.71628
-7 -9 -8.69699
-7 -8 -8.69192
-7 -7 -8.66054
-7 -6 -8.62602
-7 -5 -8.61721
-7 -4 -8.59766
-7 -3 -8.5684
-7 -2 -8.56457
-7 -1 -8.52176
-7 0 -8.47758
-7 1 -8.45226
-7 2 -8.4791
-7 3 -8.66991
-7 4 -8.89615
-7 5 -9.23029
-7 6 -9.55726
-7 7 -9.88739
-7 8 -10.1958
-7 9 -10.4827
-7 10 -10.8324
-7 11 -11.1395
-7 12 -11.417
-7 13 -11.6794
-7 14 -11.978
-7 15 -12.2516
-7 16 -12.5057
-7 17 -12.7837
-7 18 -12.9969
-7 19 -13.2617
-7 20 -13.5122
-7 21 -13.725
-7 22 -13.9525
-7 23 -14.1788
-7 24 -14.3901
-7 25 -14.5788
-7 26 -14.7812
-7 27 -14.9972
-7 28 -15.1932
-7 29 -15.365
-7 30 -15.5716
-7 31 -15.7153
-7 32 -15.8922
-7 33 -16.0675
-7 34 -16.2477
-7 35 -16.4015
-7 36 -16.5441
-7 37 -16.7163
-7 38 -16.8501
-7 39 -16.9866
-7 40 -17.128
-6 -10 -8.69538
-6 -9 -8.69732
-6 -8 -8.65379
-6 -7 -8.63576
-6 -6 -8.60778
-6 -5 -8.59613
-6 -4 -8.56884
-6 -3 -8.55759
-6 -2 -8.51963
-6 -1 -8.47316
-6 0 -8.43548
-6 1 -8.43236
-6 2 -8.45543
-6 3 -8.59985
-6 4 -8.87595
-6 5 -9.17548
-6 6 -9.52286
-6 7 -9.86339
-6 8 -10.1616
-6 9 -10.4847
-6 10 -10.7975
-6 11 -11.1038
-6 12 -11.3827
-6 13 -11.6611
-6 14 -11.9659
-6 15 -12.1961
-6 16 -12.5015
-6 17 -12.7272
-6 18 -12.958
-6 19 -13.2389
-6 20 -13.4545
-6 21 -13.6862
-6 22 -13.9151
-6 23 -14.133
-6 24 -14.3435
-6 25 -14.5423
-6 26 -14.7522
-6 27 -14.9697
-6 28 -15.1686
-6 29 -15.3516
-6 30 -15.5176
-6 31 -15.704
-6 32 -15.8828
-6 33 -16.0543
-6 34 -16.2189
-6 35 -16.3799
-6 36 -16.5523
-6 37 -16.6756
-6 38 -16.8325
-6 39 -16.9852
-6 40 -17.114
-5 -10 -8.71737
-5 -9 -8.67818
-5 -8 -8.65222
-5 -7 -8.61641
-5 -6 -8.60557
-5 -5 -8.57214
-5 -4 -8.53759
-5 -3 -8.50747
-5 -2 -8.50011
-5 -1 -8.47695
-5 0 -8.44041
-5 1 -8.41913
-5 2 -8.42573
-5 3 -8.62202
-5 4 -8.87502
-5 5 -9.17125
-5 6 -9.48243
-5 7 -9.82181
-5 8 -10.1596
-5 9 -10.4536
-5 10 -10.7744
-5 11 -11.066
-5 12 -11.3491
-5 13 -11.6452
-5 14 -11.9079
-5 15 -12.175
-5 16 -12.4444
-5 17 -12.718
-5 18 -12.9398
-5 19 -13.2099
-5 20 -13.4333
-5 21 -13.6538
-5 22 -13.8808
-5 23 -14.1008
-5 24 -14.325
-5 25 -14.5003
-5 26 -14.7331
-5 27 -14.9138
-5 28 -15.129
-5 29 -15.3137
-5 30 -15.4912
-5 31 -15.6725
-5 32 -15.8405
-5 33 -16.0161
-5 34 -16.1931
-5 35 -16.3562
-5 36 -16.51
-5 37 -16.6567
-5 38 -16.8005
-5 39 -16.9616
-5 40 -17.0848
-4 -10 -8.68732
-4 -9 -8.66936
-4 -8 -8.6441
-4 -7 -8.58554
-4 -6 -8.5787
-4 -5 -8.57482
-4 -4 -8.53865
-4 -3 -8.5122
-4 -2 -8.46622
-4 -1 -8.43327
-4 0 -8.40548
-4 1 -8.3943
-4 2 -8.41164
-4 3 -8.57844
-4 4 -8.85046
-4 5 -9.16124
-4 6 -9.50122
-4 7 -9.77983
-4 8 -10.1093
-4 9 -10.4529
-4 10 -10.7629
-4 11 -11.0501
-4 12 -11.3528
-4 13 -11.6581
-4 14 -11.9207
-4 15 -12.1847
-4 16 -12.4309
-4 17 -12.7109
-4 18 -12.9361
-4 19 -13.173
-4 20 -13.4074
-4 21 -13.6471
-4 22 -13.8752
-4 23 -14.0749
-4 24 -14.3033
-4 25 -14.5041
-4 26 -14.7094
-4 27 -14.9032
-4 28 -15.087
-4 29 -15.2945
-4 30 -15.468
-4 31 -15.6678
-4 32 -15.8224
-4 33 -15.9772
-4 34 -16.1615
-4 35 -16.3213
-4 36 -16.4686
-4 37 -16.6183
-4 38 -16.7832
-4 39 -16.9243
-4 40 -17.0759
-3 -10 -8.68232
-3 -9 -8.63244
-3 -8 -8.63778
-3 -7 -8.60847
-3 -6 -8.58473
-3 -5 -8.54673
-3 -4 -8.51759
-3 -3 -8.4857
-3 -2 -8.45533
-3 -1 -8.41893
-3 0 -8.39419
-3 1 -8.36675
-3 2 -8.40523
-3 3 -8.58658
-3 4 -8.8069
-3 5 -9.11611
-3 6 -9.46127
-3 7 -9.78371
-3 8 -10.1176
-3 9 -10.4642
-3 10 -10.7376
-3 11 -11.0353
-3 12 -11.3555
-3 13 -11.6271
-3 14 -11.9051
-3 15 -12.1645
-3 16 -12.4524
-3 17 -12.686
-3 18 -12.9247
-3 19 -13.1688
-3 20 -13.4233
-3 21 -13.6379
-3 22 -13.8855
-3 23 -14.081
-3 24 -14.2722
-3 25 -14.4843
-3 26 -14.6897
-3 27 -14.8844
-3 28 -15.0943
-3 29 -15.2718
-3 30 -15.4696
-3 31 -15.6432
-3 32 -15.8286
-3 33 -15.9708
-3 34 -16.1605
-3 35 -16.3114
-3 36 -16.476
-3 37 -16.6291
-3 38 -16.772
-3 39 -16.9074
-3 40 -17.0526
-2 -10 -8.67783
-2 -9 -8.62144
-2 -8 -8.60696
-2 -7 -8.59048
-2 -6 -8.56966
-2 -5 -8.55961
-2 -4 -8.48949
-2 -3 -8.47674
-2 -2 -8.45076
-2 -1 -8.42032
-2 0 -8.39772
-2 1 -8.32861
-2 2 -8.37038
-2 3 -8.53254
-2 4 -8.78612
-2 5 -9.07771
-2 6 -9.44555
-2 7 -9.75084
-2 8 -10.0639
-2 9 -10.4399
-2 10 -10.7431
-2 11 -11.0106
-2 12 -11.3253
-2 13 -11.5934
-2 14 -11.9143
-2 15 -12.1698
-2 16 -12.4353
-2 17 -12.6917
-2 18 -12.9385
-2 19 -13.165
-2 20 -13.4003
-2 21 -13.6403
-2 22 -13.87
-2 23 -14.0726
-2 24 -14.3242
-2 25 -14.4974
-2 26 -14.6935
-2 27 -14.8627
-2 28 -15.0736
-2 29 -15.2708
-2 30 -15.4668
-2 31 -15.6382
-2 32 -15.8179
-2 33 -15.9686
-2 34 -16.1311
-2 35 -16.3023
-2 36 -16.4504
-2 37 -16.6115
-2 38 -16.7561
-2 39 -16.8939
-2 40 -17.0486
-1 -10 -8.65353
-1 -9 -8.64222
-1 -8 -8.61866
-1 -7 -8.60322
-1 -6 -8.56711
-1 -5 -8.54636
-1 -4 -8.50018
-1 -3 -8.48366
-1 -2 -8.45858
-1 -1 -8.41892
-1 0 -8.38334
-1 1 -8.32299
-1 2 -8.34318
-1 3 -8.50189
-1 4 -8.78584
-1 5 -9.09664
-1 6 -9.41001
-1 7 -9.74581
-1 8 -10.0661
-1 9 -10.3734
-1 10 -10.7206
-1 11 -10.9903
-1 12 -11.3
-1 13 -11.6059
-1 14 -11.8757
-1 15 -12.1265
-1 16 -12.4255
-1 17 -12.6641
-1 18 -12.9272
-1 19 -13.1427
-1 20 -13.4364
-1 21 -13.6657
-1 22 -13.8511
-1 23 -14.0873
-1 24 -14.2903
-1 25 -14.4944
-1 26 -14.7137
-1 27 -14.9014
-1 28 -15.0984
-1 29 -15.2962
-1 30 -15.4575
-1 31 -15.6278
-1 32 -15.8081
-1 33 -15.9798
-1 34 -16.1455
-1 35 -16.309
-1 36 -16.4616
-1 37 -16.6138
-1 38 -16.7741
-1 39 -16.9174
-1 40 -17.0493
0 -10 -8.66935
0 -9 -8.66682
0 -8 -8.64174
0 -7 -8.58417
0 -6 -8.58444
0 -5 -8.55199
0 -4 -8.5064
0 -3 -8.4801
0 -2 -8.4804
0 -1 -8.44868
0 0 -8.39563
0 1 -8.333
0 2 -8.31619
0 3 -8.51159
0 4 -8.78646
0 5 -9.10272
0 6 -9.41255
0 7 -9.74003
0 8 -10.0634
0 9 -10.3914
0 10 -10.7075
0 11 -11.0181
0 12 -11.3034
0 13 -11.5774
0 14 -11.8947
0 15 -12.1702
0 16 -12.4332
0 17 -12.6741
0 18 -12.9644
0 19 -13.1856
0 20 -13.4541
0 21 -13.6525
0 22 -13.892
0 23 -14.1033
0 24 -14.35
0 25 -14.5353
0 26 -14.7213
0 27 -14.9404
0 28 -15.1159
0 29 -15.3164
0 30 -15.4874
0 31 -15.672
0 32 -15.8464
0 33 -16.011
0 34 -16.1591
0 35 -16.3387
0 36 -16.5257
0 37 -16.6306
0 38 -16.786
0 39 -16.9413
0 40 -17.0588
1 -10 -8.71966
1 -9 -8.69917
1 -8 -8.66487
1 -7 -8.64706
1 -6 -8.616
1 -5 -8.55116
1 -4 -8.54464
1 -3 -8.53239
1 -2 -8.50092
1 -1 -8.4518
1 0 -8.392
1 1 -8.34532
1 2 -8.36937
1 3 -8.52606
1 4 -8.84432
1 5 -9.15717
1 6 -9.46273
1 7 -9.77005
1 8 -10.0728
1 9 -10.4396
1 10 -10.7331
1 11 -11.0385
1 12 -11.3304
1 13 -11.5945
1 14 -11.9094
1 15 -12.1748
1 16 -12.4359
1 17 -12.7237
1 18 -12.9554
1 19 -13.2284
1 20 -13.4492
1 21 -13.6913
1 22 -13.9081
1 23 -14.1471
1 24 -14.3552
1 25 -14.5441
1 26 -14.779
1 27 -14.955
1 28 -15.1522
1 29 -15.3225
1 30 -15.5408
1 31 -15.7226
1 32 -15.883
1 33 -16.0507
1 34 -16.1985
1 35 -16.3595
1 36 -16.5252
1 37 -16.6992
1 38 -16.8261
1 39 -16.9721
1 40 -17.1035
2 -10 -8.74524
2 -9 -8.73606
2 -8 -8.72338
2 -7 -8.67779
2 -6 -8.67403
2 -5 -8.62848
2 -4 -8.5997
2 -3 -8.57271
2 -2 -8.54264
2 -1 -8.49274
2 0 -8.45534
2 1 -8.40001
2 2 -8.39768
2 3 -8.55045
2 4 -8.83939
2 5 -9.1546
2 6 -9.48629
2 7 -9.80925
2 8 -10.1106
2 9 -10.4522
2 10 -10.7973
2 11 -11.0638
2 12 -11.3784
2 13 -11.6574
2 14 -11.9195
2 15 -12.2275
2 16 -12.4855
2 17 -12.7548
2 18 -13.0079
2 19 -13.2391
2 20 -13.512
2 21 -13.7238
2 22 -13.9562
2 23 -14.1891
2 24 -14.4046
2 25 -14.5961
2 26 -14.8196
2 27 -15.0255
2 28 -15.185
2 29 -15.4096
2 30 -15.5817
2 31 -15.7495
2 32 -15.9244
2 33 -16.1003
2 34 -16.2623
2 35 -16.4293
2 36 -16.5572
2 37 -16.7263
2 38 -16.8701
2 39 -17.0158
2 40 -17.1514
3 -10 -8.81383
3 -9 -8.78601
3 -8 -8.75952
3 -7 -8.74601
3 -6 -8.71413
3 -5 -8.66483
3 -4 -8.634
3 -3 -8.60519
3 -2 -8.56878
3 -1 -8.53135
3 0 -8.48195
3 1 -8.43711
3 2 -8.44899
3 3 -8.63288
3 4 -8.90636
3 5 -9.23021
3 6 -9.50913
3 7 -9.86549
3 8 -10.2029
3 9 -10.4821
3 10 -10.8255
3 11 -11.1285
3 12 -11.428
3 13 -11.7148
3 14 -12.0036
3 15 -12.2957
3 16 -12.5814
3 17 -12.8104
3 18 -13.044
3 19 -13.3041
3 20 -13.5302
3 21 -13.7741
3 22 -14.0172
3 23 -14.225
3 24 -14.4452
3 25 -14.6395
3 26 -14.8631
3 27 -15.0498
3 28 -15.2306
3 29 -15.4462
3 30 -15.6177
3 31 -15.7992
3 32 -15.9741
3 33 -16.1432
3 34 -16.3167
3 35 -16.4606
3 36 -16.625
3 37 -16.7803
3 38 -16.9289
3 39 -17.0737
3 40 -17.2167
4 -10 -8.85313
4 -9 -8.81118
4 -8 -8.81237
4 -7 -8.77784
4 -6 -8.76406
4 -5 -8.72181
4 -4 -8.67809
4 -3 -8.65413
4 -2 -8.60861
4 -1 -8.58085
4 0 -8.55073
4 1 -8.49677
4 2 -8.5183
4 3 -8.69671
4 4 -8.9612
4 5 -9.27862
4 6 -9.58656
4 7 -9.91101
4 8 -10.25
4 9 -10.5521
4 10 -10.8839
4 11 -11.1883
4 12 -11.5007
4 13 -11.785
4 14 -12.0628
4 15 -12.3515
4 16 -12.6105
4 17 -12.8789
4 18 -13.1152
4 19 -13.3767
4 20 -13.6026
4 21 -13.8287
4 22 -14.0673
4 23 -14.2602
4 24 -14.4922
4 25 -14.6974
4 26 -14.8968
4 27 -15.0974
4 28 -15.2949
4 29 -15.4913
4 30 -15.667
4 31 -15.8534
4 32 -16.0133
4 33 -16.1942
4 34 -16.378
4 35 -16.5162
4 36 -16.679
4 37 -16.8221
4 38 -16.9719
4 39 -17.1127
4 40 -17.2453
5 -10 -8.91779
5 -9 -8.88318
5 -8 -8.83987
5 -7 -8.81228
5 -6 -8.78557
5 -5 -8.78298
5 -4 -8.75933
5 -3 -8.7052
5 -2 -8.67622
5 -1 -8.60235
5 0 -8.58857
5 1 -8.53666
5 2 -8.567
5 3 -8.72914
5 4 -9.00006
5 5 -9.32798
5 6 -9.63112
5 7 -10.005
5 8 -10.2826
5 9 -10.6331
5 10 -10.9512
5 11 -11.241
5 12 -11.5321
5 13 -11.8254
5 14 -12.1277
5 15 -12.3873
5 16 -12.6531
5 17 -12.9294
5 18 -13.1683
5 19 -13.3859
5 20 -13.6461
5 21 -13.8783
5 22 -14.0937
5 23 -14.3192
5 24 -14.5489
5 25 -14.7392
5 26 -14.9256
5 27 -15.1444
5 28 -15.3429
5 29 -15.5217
5 30 -15.7226
5 31 -15.8926
5 32 -16.0635
5 33 -16.2367
5 34 -16.4144
5 35 -16.5585
5 36 -16.7208
5 37 -16.8941
5 38 -17.0255
5 39 -17.1718
5 40 -17.305
6 -10 -8.9395
6 -9 -8.92625
6 -8 -8.88232
6 -7 -8.86407
6 -6 -8.83419
6 -5 -8.82079
6 -4 -8.79332
6 -3 -8.73974
6 -2 -8.69441
6 -1 -8.68472
6 0 -8.61435
6 1 -8.62354
6 2 -8.63322
6 3 -8.79644
6 4 -9.07001
6 5 -9.37554
6 6 -9.67063
6 7 -10.0071
6 8 -10.3553
6 9 -10.6944
6 10 -10.9977
6 11 -11.2979
6 12 -11.5902
6 13 -11.8918
6 14 -12.1697
6 15 -12.4406
6 16 -12.6988
6 17 -12.9398
6 18 -13.2016
6 19 -13.4476
6 20 -13.6721
6 21 -13.9055
6 22 -14.12
6 23 -14.3726
6 24 -14.5873
6 25 -14.7802
6 26 -14.9976
6 27 -15.1958
6 28 -15.3853
6 29 -15.57
6 30 -15.7692
6 31 -15.944
6 32 -16.1307
6 33 -16.2995
6 34 -16.469
6 35 -16.6314
6 36 -16.7853
6 37 -16.9185
6 38 -17.0798
6 39 -17.2295
6 40 -17.3657
7 -10 -8.99527
7 -9 -8.96568
7 -8 -8.94591
7 -7 -8.91738
7 -6 -8.90259
7 -5 -8.8588
7 -4 -8.83105
7 -3 -8.80742
7 -2 -8.76788
7 -1 -8.71543
7 0 -8.66108
7 1 -8.64535
7 2 -8.67353
7 3 -8.83572
7 4 -9.07768
7 5 -9.42394
7 6 -9.7397
7 7 -10.0576
7 8 -10.3934
7 9 -10.708
7 10 -11.0562
7 11 -11.3365
7 12 -11.6235
7 13 -11.9287
7 14 -12.1913
7 15 -12.4841
7 16 -12.7268
7 17 -12.9922
7 18 -13.2549
7 19 -13.4706
7 20 -13.7088
7 21 -13.972
7 22 -14.1911
7 23 -14.4101
7 24 -14.6328
7 25 -14.8511
7 26 -15.0538
7 27 -15.2307
7 28 -15.4452
7 29 -15.6258
7 30 -15.7967
7 31 -15.9752
7 32 -16.1713
7 33 -16.366
7 34 -16.5148
7 35 -16.681
7 36 -16.8469
7 37 -16.996
7 38 -17.1437
7 39 -17.2701
7 40 -17.4206
8 -10 -9.03242
8 -9 -9.01916
8 -8 -8.98581
8 -7 -8.96712
8 -6 -8.93046
8 -5 -8.91078
8 -4 -8.88912
8 -3 -8.86545
8 -2 -8.8102
8 -1 -8.76484
8 0 -8.73273
8 1 -8.67617
8 2 -8.72038
8 3 -8.88066
8 4 -9.13723
8 5 -9.46475
8 6 -9.76973
8 7 -10.1197
8 8 -10.4263
8 9 -10.7704
8 10 -11.0808
8 11 -11.3749
8 12 -11.6836
8 13 -11.9463
8 14 -12.2469
8 15 -12.5356
8 16 -12.7687
8 17 -13.0356
8 18 -13.2837
8 19 -13.5334
8 20 -13.7764
8 21 -14.0242
8 22 -14.2363
8 23 -14.4322
8 24 -14.6894
8 25 -14.9049
8 26 -15.0822
8 27 -15.3053
8 28 -15.4925
8 29 -15.6841
8 30 -15.8803
8 31 -16.0528
8 32 -16.2221
8 33 -16.4082
8 34 -16.5631
8 35 -16.7222
8 36 -16.9104
8 37 -17.0353
8 38 -17.176
8 39 -17.3454
8 40 -17.4765
9 -10 -9.07493
9 -9 -9.05082
9 -8 -9.02419
9 -7 -8.99108
9 -6 -8.98018
9 -5 -8.95331
9 -4 -8.91663
9 -3 -8.89411
9 -2 -8.85026
9 -1 -8.80159
9 0 -8.78046
9 1 -8.73712
9 2 -8.76031
9 3 -8.90408
9 4 -9.18528
9 5 -9.51472
9 6 -9.82399
9 7 -10.1653
9 8 -10.4838
9 9 -10.8
9 10 -11.1199
9 11 -11.412
9 12 -11.7212
9 13 -12.0052
9 14 -12.2863
9 15 -12.5766
9 16 -12.8338
9 17 -13.0906
9 18 -13.3428
9 19 -13.5667
9 20 -13.8197
9 21 -14.0525
9 22 -14.288
9 23 -14.5193
9 24 -14.7256
9 25 -14.9302
9 26 -15.1307
9 27 -15.3289
9 28 -15.5499
9 29 -15.7186
9 30 -15.9228
9 31 -16.0908
9 32 -16.2623
9 33 -16.4303
9 34 -16.6018
9 35 -16.7816
9 36 -16.9217
9 37 -17.0762
9 38 -17.2315
9 39 -17.3709
9 40 -17.5062
10 -10 -9.1228
10 -9 -9.07957
10 -8 -9.06594
10 -7 -9.03121
10 -6 -8.99976
10 -5 -8.99304
10 -4 -8.95307
10 -3 -8.91652
10 -2 -8.86368
10 -1 -8.83921
10 0 -8.81567
10 1 -8.76069
10 2 -8.7878
10 3 -8.94544
10 4 -9.23813
10 5 -9.55612
10 6 -9.87081
10 7 -10.2085
10 8 -10.5294
10 9 -10.8586
10 10 -11.1848
10 11 -11.4888
10 12 -11.7916
10 13 -12.0611
10 14 -12.3346
10 15 -12.6131
10 16 -12.9021
10 17 -13.1263
10 18 -13.3791
10 19 -13.6184
10 20 -13.8694
10 21 -14.1052
10 22 -14.3325
10 23 -14.5415
10 24 -14.7627
10 25 -14.9733
10 26 -15.1881
10 27 -15.3662
10 28 -15.5649
10 29 -15.7684
10 30 -15.9361
10 31 -16.1283
10 32 -16.2986
10 33 -16.4748
10 34 -16.6378
10 35 -16.8127
10 36 -16.9604
10 37 -17.1048
10 38 -17.2604
10 39 -17.4099
10 40 -17.5472
11 -10 -9.13769
11 -9 -9.12273
11 -8 -9.0839
11 -7 -9.06499
11 -6 -9.05528
11 -5 -9.0217
11 -4 -8.97955
11 -3 -8.94753
11 -2 -8.8991
11 -1 -8.87044
11 0 -8.84255
11 1 -8.80596
11 2 -8.82082
11 3 -9.00067
11 4 -9.2839
11 5 -9.6022
11 6 -9.89874
11 7 -10.2546
11 8 -10.5844
11 9 -10.8981
11 10 -11.219
11 11 -11.5014
11 12 -11.8073
11 13 -12.0771
11 14 -12.3756
11 15 -12.6471
11 16 -12.9066
11 17 -13.1815
11 18 -13.4133
11 19 -13.6652
11 20 -13.8993
11 21 -14.118
11 22 -14.3545
11 23 -14.5715
11 24 -14.7951
11 25 -14.9962
11 26 -15.1915
11 27 -15.423
11 28 -15.5972
11 29 -15.7894
11 30 -15.9761
11 31 -16.1478
11 32 -16.3292
11 33 -16.5257
11 34 -16.6714
11 35 -16.8376
11 36 -16.9925
11 37 -17.1562
11 38 -17.2914
11 39 -17.4364
11 40 -17.5717
12 -10 -9.1829
12 -9 -9.16053
12 -8 -9.12828
12 -7 -9.10062
12 -6 -9.09274
12 -5 -9.05199
12 -4 -9.03846
12 -3 -8.98445
12 -2 -8.94769
12 -1 -8.8915
12 0 -8.87913
12 1 -8.84934
12 2 -8.85514
12 3 -9.02195
12 4 -9.32312
12 5 -9.61173
12 6 -9.93244
12 7 -10.2863
12 8 -10.6228
12 9 -10.9364
12 10 -11.2582
12 11 -11.547
12 12 -11.8501
12 13 -12.1223
12 14 -12.4073
12 15 -12.6721
12 16 -12.953
12 17 -13.1927
12 18 -13.429
12 19 -13.6876
12 20 -13.9241
12 21 -14.1577
12 22 -14.382
12 23 -14.6059
12 24 -14.8251
12 25 -15.0315
12 26 -15.2341
12 27 -15.4523
12 28 -15.6415
12 29 -15.8301
12 30 -16.0107
12 31 -16.1878
12 32 -16.3575
12 33 -16.5454
12 34 -16.7048
12 35 -16.8683
12 36 -17.0208
12 37 -17.186
12 38 -17.3206
12 39 -17.4677
12 40 -17.6014
13 -10 -9.22485
13 -9 -9.19139
13 -8 -9.14973
13 -7 -9.13924
13 -6 -9.10989
13 -5 -9.08039
13 -4 -9.06979
13 -3 -9.02755
13 -2 -8.97489
13 -1 -8.92928
13 0 -8.90376
13 1 -8.86806
13 2 -8.89321
13 3 -9.07478
13 4 -9.32727
13 5 -9.6575
13 6 -9.9568
13 7 -10.3107
13 8 -10.64
13 9 -10.9491
13 10 -11.2612
13 11 -11.5801
13 12 -11.8875
13 13 -12.1554
13 14 -12.4338
13 15 -12.7071
13 16 -12.9783
13 17 -13.2261
13 18 -13.4714
13 19 -13.7213
13 20 -13.9525
13 21 -14.1919
13 22 -14.4197
13 23 -14.6328
13 24 -14.8521
13 25 -15.0661
13 26 -15.2754
13 27 -15.4652
13 28 -15.661
13 29 -15.8692
13 30 -16.0527
13 31 -16.2258
13 32 -16.4102
13 33 -16.5818
13 34 -16.7518
13 35 -16.9002
13 36 -17.0631
13 37 -17.2168
13 38 -17.3704
13 39 -17.5192
13 40 -17.6449
14 -10 -9.26316
14 -9 -9.22987
14 -8 -9.18633
14 -7 -9.17015
14 -6 -9.15179
14 -5 -9.13651
14 -4 -9.09215
14 -3 -9.05493
14 -2 -9.03634
14 -1 -8.9746
14 0 -8.93109
14 1 -8.89247
14 2 -8.93744
14 3 -9.08883
14 4 -9.36194
14 5 -9.66297
14 6 -10.0112
14 7 -10.334
14 8 -10.6705
14 9 -10.974
14 10 -11.3132
14 11 -11.6032
14 12 -11.91
14 13 -12.1847
14 14 -12.4728
14 15 -12.75
14 16 -12.9942
14 17 -13.2442
14 18 -13.5022
14 19 -13.7462
14 20 -13.9662
14 21 -14.2257
14 22 -14.4426
14 23 -14.666
14 24 -14.8967
14 25 -15.0891
14 26 -15.3143
14 27 -15.4984
14 28 -15.6943
14 29 -15.903
14 30 -16.0724
14 31 -16.2597
14 32 -16.4468
14 33 -16.6116
14 34 -16.7728
14 35 -16.9363
14 36 -17.0938
14 37 -17.2523
14 38 -17.4036
14 39 -17.544
14 40 -17.6825
15 -10 -9.28963
15 -9 -9.24748
15 -8 -9.23333
15 -7 -9.19765
15 -6 -9.17668
15 -5 -9.13753
15 -4 -9.11932
15 -3 -9.07125
15 -2 -9.05129
15 -1 -9.01736
15 0 -8.95901
15 1 -8.9198
15 2 -8.96289
15 3 -9.12232
15 4 -9.39482
15 5 -9.73281
15 6 -10.0374
15 7 -10.3414
15 8 -10.7157
15 9 -11.0233
15 10 -11.327
15 11 -11.6258
15 12 -11.9407
15 13 -12.2239
15 14 -12.5049
15 15 -12.7665
15 16 -13.0423
15 17 -13.2784
15 18 -13.5239
15 19 -13.7888
15 20 -14.0366
15 21 -14.2499
15 22 -14.4664
15 23 -14.6888
15 24 -14.9126
15 25 -15.1376
15 26 -15.3447
15 27 -15.547
15 28 -15.7288
15 29 -15.9224
15 30 -16.116
15 31 -16.3106
15 32 -16.4724
15 33 -16.6375
15 34 -16.7919
15 35 -16.9757
15 36 -17.124
15 37 -17.2873
15 38 -17.4426
15 39 -17.5723
15 40 -17.7232
16 -10 -9.31929
16 -9 -9.28586
16 -8 -9.23959
16 -7 -9.22177
16 -6 -9.1964
16 -5 -9.1835
16 -4 -9.14436
16 -3 -9.12231
16 -2 -9.07145
16 -1 -9.02325
16 0 -9.00818
16 1 -8.96003
16 2 -8.98244
16 3 -9.13797
16 4 -9.40328
16 5 -9.72547
16 6 -10.0503
16 7 -10.3959
16 8 -10.7077
16 9 -11.0799
16 10 -11.3451
16 11 -11.6645
16 12 -11.9604
16 13 -12.2538
16 14 -12.5311
16 15 -12.7989
16 16 -13.0703
16 17 -13.3324
16 18 -13.5664
16 19 -13.8298
16 20 -14.048
16 21 -14.2832
16 22 -14.5097
16 23 -14.734
16 24 -14.9475
16 25 -15.1689
16 26 -15.3745
16 27 -15.5663
16 28 -15.7587
16 29 -15.9388
16 30 -16.139
16 31 -16.3294
16 32 -16.5016
16 33 -16.6781
16 34 -16.8331
16 35 -17.0043
16 36 -17.1666
16 37 -17.3125
16 38 -17.4493
16 39 -17.6074
16 40 -17.755
17 -10 -9.33144
17 -9 -9.30448
17 -8 -9.28449
17 -7 -9.25007
17 -6 -9.22706
17 -5 -9.21148
17 -4 -9.17545
17 -3 -9.12777
17 -2 -9.09415
17 -1 -9.06982
17 0 -9.02346
17 1 -8.98304
17 2 -9.01542
17 3 -9.19352
17 4 -9.4429
17 5 -9.76272
17 6 -10.08
17 7 -10.422
17 8 -10.7649
17 9 -11.0895
17 10 -11.3968
17 11 -11.721
17 12 -12.0028
17 13 -12.2779
17 14 -12.5581
17 15 -12.8505
17 16 -13.0819
17 17 -13.3551
17 18 -13.6124
17 19 -13.8416
17 20 -14.1026
17 21 -14.3326
17 22 -14.5506
17 23 -14.7752
17 24 -14.9836
17 25 -15.1651
17 26 -15.3834
17 27 -15.5937
17 28 -15.7845
17 29 -15.972
17 30 -16.1691
17 31 -16.3487
17 32 -16.5413
17 33 -16.6972
17 34 -16.8712
17 35 -17.0271
17 36 -17.1894
17 37 -17.3471
17 38 -17.4898
17 39 -17.6287
17 40 -17.7693
18 -10 -9.36161
18 -9 -9.31798
18 -8 -9.2996
18 -7 -9.27362
18 -6 -9.26401
18 -5 -9.22424
18 -4 -9.19779
18 -3 -9.16815
18 -2 -9.12526
18 -1 -9.07449
18 0 -9.05545
18 1 -9.03012
18 2 -9.02877
18 3 -9.21444
18 4 -9.48325
18 5 -9.77411
18 6 -10.1386
18 7 -10.457
18 8 -10.7827
18 9 -11.1116
18 10 -11.4242
18 11 -11.7344
18 12 -12.0276
18 13 -12.3214
18 14 -12.5832
18 15 -12.8578
18 16 -13.1258
18 17 -13.3873
18 18 -13.6095
18 19 -13.8619
18 20 -14.1081
18 21 -14.3446
18 22 -14.5849
18 23 -14.7894
18 24 -14.993
18 25 -15.2148
18 26 -15.407
18 27 -15.6123
18 28 -15.7926
18 29 -16.0001
18 30 -16.1848
18 31 -16.3626
18 32 -16.5505
18 33 -16.7161
18 34 -16.8875
18 35 -17.0624
18 36 -17.2051
18 37 -17.3524
18 38 -17.5194
18 39 -17.642
18 40 -17.8022
19 -10 -9.37279
19 -9 -9.3568
19 -8 -9.33058
19 -7 -9.30368
19 -6 -9.26903
19 -5 -9.25824
19 -4 -9.22064
19 -3 -9.19893
19 -2 -9.15807
19 -1 -9.10705
19 0 -9.07263
19 1 -9.04086
19 2 -9.05775
19 3 -9.21744
19 4 -9.49872
19 5 -9.8058
19 6 -10.132
19 7 -10.4885
19 8 -10.8074
19 9 -11.1414
19 10 -11.457
19 11 -11.7651
19 12 -12.0501
19 13 -12.3339
19 14 -12.6068
19 15 -12.8936
19 16 -13.146
19 17 -13.4022
19 18 -13.6379
19 19 -13.8964
19 20 -14.1372
19 21 -14.37
19 22 -14.5951
19 23 -14.7944
19 24 -15.0293
19 25 -15.2179
19 26 -15.4399
19 27 -15.6342
19 28 -15.8334
19 29 -16.0282
19 30 -16.2184
19 31 -16.387
19 32 -16.567
19 33 -16.7323
19 34 -16.9135
19 35 -17.0735
19 36 -17.2334
19 37 -17.3872
19 38 -17.5398
19 39 -17.681
19 40 -17.8185
20 -10 -9.40756
20 -9 -9.37764
20 -8 -9.34589
20 -7 -9.31904
20 -6 -9.30473
20 -5 -9.29683
20 -4 -9.25578
20 -3 -9.22428
20 -2 -9.17644
20 -1 -9.13243
20 0 -9.10364
20 1 -9.05945
20 2 -9.09889
20 3 -9.2641
20 4 -9.52999
20 5 -9.8484
20 6 -10.162
20 7 -10.4993
20 8 -10.8146
20 9 -11.1384
20 10 -11.4776
20 11 -11.7768
20 12 -12.0665
20 13 -12.3676
20 14 -12.632
20 15 -12.9189
20 16 -13.1727
20 17 -13.4347
20 18 -13.6872
20 19 -13.9171
20 20 -14.1433
20 21 -14.391
20 22 -14.6025
20 23 -14.8327
20 24 -15.0348
20 25 -15.2639
20 26 -15.4599
20 27 -15.6743
20 28 -15.8599
20 29 -16.049
20 30 -16.2474
20 31 -16.4074
20 32 -16.592
20 33 -16.77
20 34 -16.9439
20 35 -17.1049
20 36 -17.2503
20 37 -17.4091
20 38 -17.5548
20 39 -17.7119
20 40 -17.8348
21 -10 -9.41875
21 -9 -9.40924
21 -8 -9.37987
21 -7 -9.34626
21 -6 -9.3239
21 -5 -9.30108
21 -4 -9.28021
21 -3 -9.22567
21 -2 -9.19675
21 -1 -9.14228
21 0 -9.1147
21 1 -9.08868
21 2 -9.10268
21 3 -9.28976
21 4 -9.54749
21 5 -9.86342
21 6 -10.1924
21 7 -10.5185
21 8 -10.8328
21 9 -11.1662
21 10 -11.4842
21 11 -11.7852
21 12 -12.088
21 13 -12.3657
21 14 -12.6549
21 15 -12.933
21 16 -13.1986
21 17 -13.4617
21 18 -13.6915
21 19 -13.9458
21 20 -14.1748
21 21 -14.4127
21 22 -14.6261
21 23 -14.8548
21 24 -15.0625
21 25 -15.2898
21 26 -15.4794
21 27 -15.684
21 28 -15.8845
21 29 -16.0705
21 30 -16.2582
21 31 -16.4481
21 32 -16.6292
21 33 -16.7822
21 34 -16.9637
21 35 -17.1259
21 36 -17.2751
21 37 -17.4194
21 38 -17.5813
21 39 -17.7245
21 40 -17.8613
22 -10 -9.44255
22 -9 -9.42241
22 -8 -9.39077
22 -7 -9.36108
22 -6 -9.34635
22 -5 -9.3241
22 -4 -9.29721
22 -3 -9.25177
22 -2 -9.2248
22 -1 -9.1824
22 0 -9.13931
22 1 -9.10201
22 2 -9.11807
22 3 -9.30213
22 4 -9.55122
22 5 -9.89128
22 6 -10.1988
22 7 -10.5445
22 8 -10.8847
22 9 -11.1869
22 10 -11.514
22 11 -11.8199
22 12 -12.1075
22 13 -12.4062
22 14 -12.6708
22 15 -12.9337
22 16 -13.2309
22 17 -13.4855
22 18 -13.7144
22 19 -13.9831
22 20 -14.1914
22 21 -14.4281
22 22 -14.6787
22 23 -14.8828
22 24 -15.0947
22 25 -15.3239
22 26 -15.5035
22 27 -15.7027
22 28 -15.9068
22 29 -16.0987
22 30 -16.2837
22 31 -16.4645
22 32 -16.6454
22 33 -16.8234
22 34 -16.9823
22 35 -17.1504
22 36 -17.2932
22 37 -17.4468
22 38 -17.6069
22 39 -17.7435
22 40 -17.8974
23 -10 -9.47349
23 -9 -9.43177
23 -8 -9.40567
23 -7 -9.36967
23 -6 -9.36657
23 -5 -9.34194
23 -4 -9.30982
23 -3 -9.27355
23 -2 -9.24854
23 -1 -9.20187
23 0 -9.17936
23 1 -9.13813
23 2 -9.16103
23 3 -9.33559
23 4 -9.58507
23 5 -9.8987
23 6 -10.2406
23 7 -10.5414
23 8 -10.9031
23 9 -11.2076
23 10 -11.5321
23 11 -11.8262
23 12 -12.1184
23 13 -12.4199
23 14 -12.7001
23 15 -12.9789
23 16 -13.2491
23 17 -13.4892
23 18 -13.7491
23 19 -13.9922
23 20 -14.2325
23 21 -14.4573
23 22 -14.6922
23 23 -14.9033
23 24 -15.1063
23 25 -15.3201
23 26 -15.5384
23 27 -15.7417
23 28 -15.9234
23 29 -16.121
23 30 -16.3082
23 31 -16.4868
23 32 -16.6585
23 33 -16.8435
23 34 -16.9938
23 35 -17.1558
23 36 -17.3309
23 37 -17.4733
23 38 -17.6234
23 39 -17.7776
23 40 -17.8981
24 -10 -9.47983
24 -9 -9.45425
24 -8 -9.42723
24 -7 -9.39814
24 -6 -9.38541
24 -5 -9.36542
24 -4 -9.33064
24 -3 -9.28792
24 -2 -9.25863
24 -1 -9.23267
24 0 -9.1919
24 1 -9.16087
24 2 -9.16731
24 3 -9.34476
24 4 -9.63896
24 5 -9.91608
24 6 -10.2517
24 7 -10.5889
24 8 -10.9129
24 9 -11.2426
24 10 -11.5371
24 11 -11.8802
24 12 -12.1649
24 13 -12.439
24 14 -12.7305
24 15 -12.9948
24 16 -13.259
24 17 -13.5215
24 18 -13.7615
24 19 -14.0036
24 20 -14.2496
24 21 -14.4592
24 22 -14.7124
24 23 -14.9194
24 24 -15.1515
24 25 -15.3566
24 26 -15.5515
24 27 -15.77
24 28 -15.9535
24 29 -16.1483
24 30 -16.3301
24 31 -16.5128
24 32 -16.6753
24 33 -16.8455
24 34 -17.0144
24 35 -17.1892
24 36 -17.3422
24 37 -17.5007
24 38 -17.6429
24 39 -17.7816
24 40 -17.9307
25 -10 -9.51343
25 -9 -9.46972
25 -8 -9.44819
25 -7 -9.42458
25 -6 -9.40379
25 -5 -9.37716
25 -4 -9.34851
25 -3 -9.32091
25 -2 -9.28178
25 -1 -9.23149
25 0 -9.21339
25 1 -9.19173
25 2 -9.19926
25 3 -9.37603
25 4 -9.63523
25 5 -9.96827
25 6 -10.2678
25 7 -10.6241
25 8 -10.9403
25 9 -11.2497
25 10 -11.5934
25 11 -11.883
25 12 -12.1764
25 13 -12.4629
25 14 -12.7439
25 15 -13.0178
25 16 -13.2815
25 17 -13.5429
25 18 -13.787
25 19 -14.0226
25 20 -14.2711
25 21 -14.5047
25 22 -14.74
25 23 -14.9513
25 24 -15.1512
25 25 -15.3741
25 26 -15.5816
25 27 -15.7686
25 28 -15.9692
25 29 -16.1561
25 30 -16.3404
25 31 -16.52
25 32 -16.6987
25 33 -16.8626
25 34 -17.0412
25 35 -17.2062
25 36 -17.3629
25 37 -17.5126
25 38 -17.6676
25 39 -17.809
25 40 -17.9434
26 -10 -9.52273
26 -9 -9.48525
26 -8 -9.46932
26 -7 -9.45562
26 -6 -9.42692
26 -5 -9.40109
26 -4 -9.3805
26 -3 -9.33036
26 -2 -9.30351
26 -1 -9.2647
26 0 -9.24729
26 1 -9.19759
26 2 -9.20848
26 3 -9.36792
26 4 -9.63478
26 5 -9.96003
26 6 -10.2826
26 7 -10.6122
26 8 -10.9693
26 9 -11.2758
26 10 -11.5933
26 11 -11.9083
26 12 -12.2022
26 13 -12.4911
26 14 -12.7761
26 15 -13.0437
26 16 -13.2946
26 17 -13.5472
26 18 -13.8119
26 19 -14.0438
26 20 -14.3019
26 21 -14.5171
26 22 -14.748
26 23 -14.9699
26 24 -15.1793
26 25 -15.4007
26 26 -15.5915
26 27 -15.792
26 28 -15.9959
26 29 -16.1777
26 30 -16.373
26 31 -16.5482
26 32 -16.7197
26 33 -16.8981
26 34 -17.0716
26 35 -17.2264
26 36 -17.3802
26 37 -17.547
26 38 -17.6966
26 39 -17.8319
26 40 -17.9738
27 -10 -9.54106
27 -9 -9.50833
27 -8 -9.47875
27 -7 -9.46466
27 -6 -9.42949
27 -5 -9.41345
27 -4 -9.39433
27 -3 -9.36226
27 -2 -9.32804
27 -1 -9.28732
27 0 -9.25353
27 1 -9.22129
27 2 -9.22987
27 3 -9.40237
27 4 -9.65989
27 5 -9.96496
27 6 -10.2971
27 7 -10.6334
27 8 -10.9757
27 9 -11.2809
27 10 -11.6126
27 11 -11.9164
27 12 -12.2119
27 13 -12.5137
27 14 -12.788
27 15 -13.065
27 16 -13.3365
27 17 -13.5723
27 18 -13.8191
27 19 -14.063
27 20 -14.3022
27 21 -14.5427
27 22 -14.765
27 23 -14.9805
27 24 -15.2038
27 25 -15.4184
27 26 -15.6054
27 27 -15.8084
27 28 -16.0186
27 29 -16.1939
27 30 -16.3751
27 31 -16.5634
27 32 -16.7506
27 33 -16.9123
27 34 -17.0698
27 35 -17.2412
27 36 -17.3977
27 37 -17.553
27 38 -17.7008
27 39 -17.8404
27 40 -17.9854
28 -10 -9.55197
28 -9 -9.54158
28 -8 -9.51216
28 -7 -9.48472
28 -6 -9.46195
28 -5 -9.43048
28 -4 -9.41261
28 -3 -9.3851
28 -2 -9.32656
28 -1 -9.30697
28 0 -9.26534
28 1 -9.22307
28 2 -9.24192
28 3 -9.39819
28 4 -9.68026
28 5 -9.99983
28 6 -10.3286
28 7 -10.6628
28 8 -10.9929
28 9 -11.3216
28 10 -11.6158
28 11 -11.9294
28 12 -12.2254
28 13 -12.5156
28 14 -12.8104
28 15 -13.067
28 16 -13.346
28 17 -13.5978
28 18 -13.8529
28 19 -14.0873
28 20 -14.3302
28 21 -14.55
28 22 -14.7733
28 23 -14.9992
28 24 -15.2056
28 25 -15.4204
28 26 -15.629
28 27 -15.8251
28 28 -16.028
28 29 -16.2255
28 30 -16.3992
28 31 -16.5806
28 32 -16.7474
28 33 -16.9333
28 34 -17.0973
28 35 -17.2571
28 36 -17.418
28 37 -17.5643
28 38 -17.724
28 39 -17.8626
28 40 -18.0041
29 -10 -9.55578
29 -9 -9.54508
29 -8 -9.51183
29 -7 -9.49222
29 -6 -9.47012
29 -5 -9.44865
29 -4 -9.41811
29 -3 -9.39043
29 -2 -9.35803
29 -1 -9.30623
29 0 -9.28326
29 1 -9.22679
29 2 -9.26433
29 3 -9.42498
29 4 -9.70978
29 5 -10.0403
29 6 -10.3441
29 7 -10.6715
29 8 -11.0241
29 9 -11.3328
29 10 -11.673
29 11 -11.9379
29 12 -12.2293
29 13 -12.5264
29 14 -12.8135
29 15 -13.103
29 16 -13.3519
29 17 -13.5966
29 18 -13.8699
29 19 -14.1047
29 20 -14.3357
29 21 -14.5767
29 22 -14.7868
29 23 -15.0154
29 24 -15.225
29 25 -15.4376
29 26 -15.6486
29 27 -15.8502
29 28 -16.039
29 29 -16.2259
29 30 -16.4149
29 31 -16.5916
29 32 -16.7717
29 33 -16.9424
29 34 -17.1076
29 35 -17.2708
29 36 -17.4356
29 37 -17.5816
29 38 -17.7457
29 39 -17.872
29 40 -18.0148
30 -10 -9.58149
30 -9 -9.55994
30 -8 -9.53663
30 -7 -9.50825
30 -6 -9.48495
30 -5 -9.47081
30 -4 -9.43924
30 -3 -9.41698
30 -2 -9.3723
30 -1 -9.32611
30 0 -9.29631
30 1 -9.24301
30 2 -9.28221
30 3 -9.43619
30 4 -9.717
30 5 -10.0355
30 6 -10.3642
30 7 -10.6877
30 8 -11.0305
30 9 -11.3435
30 10 -11.6598
30 11 -11.9709
30 12 -12.2616
30 13 -12.5693
30 14 -12.8401
30 15 -13.1065
30 16 -13.3751
30 17 -13.6187
30 18 -13.8855
30 19 -14.1342
30 20 -14.3569
30 21 -14.5806
30 22 -14.8051
30 23 -15.0329
30 24 -15.2481
30 25 -15.4502
30 26 -15.6587
30 27 -15.8562
30 28 -16.0543
30 29 -16.2512
30 30 -16.4167
30 31 -16.6145
30 32 -16.7898
30 33 -16.9569
30 34 -17.1333
30 35 -17.2955
30 36 -17.4472
30 37 -17.5994
30 38 -17.7531
30 39 -17.8953
30 40 -18.0316
31 -10 -9.59282
31 -9 -9.57687
31 -8 -9.55608
31 -7 -9.53367
31 -6 -9.50362
31 -5 -9.4787
31 -4 -9.45462
31 -3 -9.42638
31 -2 -9.38084
31 -1 -9.34844
31 0 -9.30954
31 1 -9.29377
31 2 -9.30074
31 3 -9.46374
31 4 -9.74605
31 5 -10.0485
31 6 -10.3787
31 7 -10.7174
31 8 -11.0261
31 9 -11.3675
31 10 -11.6801
31 11 -11.9828
31 12 -12.2677
31 13 -12.5802
31 14 -12.838
31 15 -13.1138
31 16 -13.3867
31 17 -13.6452
31 18 -13.9076
31 19 -14.1314
31 20 -14.375
31 21 -14.6014
31 22 -14.8255
31 23 -15.0417
31 24 -15.2683
31 25 -15.4741
31 26 -15.6816
31 27 -15.8797
31 28 -16.0757
31 29 -16.2746
31 30 -16.4604
31 31 -16.6429
31 32 -16.8037
31 33 -16.9823
31 34 -17.1393
31 35 -17.3046
31 36 -17.4608
31 37 -17.6227
31 38 -17.7705
31 39 -17.9153
31 40 -18.0467
32 -10 -9.60467
32 -9 -9.58525
32 -8 -9.55979
32 -7 -9.53651
32 -6 -9.52294
32 -5 -9.48477
32 -4 -9.45941
32 -3 -9.42858
32 -2 -9.40988
32 -1 -9.35705
32 0 -9.33267
32 1 -9.3075
32 2 -9.31316
32 3 -9.4729
32 4 -9.73793
32 5 -10.0535
32 6 -10.4036
32 7 -10.7359
32 8 -11.0516
32 9 -11.3781
32 10 -11.7011
32 11 -11.9902
32 12 -12.2956
32 13 -12.5966
32 14 -12.8593
32 15 -13.1412
32 16 -13.3925
32 17 -13.6574
32 18 -13.9152
32 19 -14.1417
32 20 -14.3808
32 21 -14.6259
32 22 -14.8438
32 23 -15.0702
32 24 -15.289
32 25 -15.4867
32 26 -15.6939
32 27 -15.8887
32 28 -16.0884
32 29 -16.2877
32 30 -16.4668
32 31 -16.6501
32 32 -16.8217
32 33 -16.9986
32 34 -17.1606
32 35 -17.3254
32 36 -17.4694
32 37 -17.6266
32 38 -17.7801
32 39 -17.9269
32 40 -18.0611
33 -10 -9.61711
33 -9 -9.59642
33 -8 -9.56495
33 -7 -9.55581
33 -6 -9.52738
33 -5 -9.49349
33 -4 -9.49907
33 -3 -9.44251
33 -2 -9.41016
33 -1 -9.37622
33 0 -9.33875
33 1 -9.29923
33 2 -9.32778
33 3 -9.48225
33 4 -9.79072
33 5 -10.0872
33 6 -10.4121
33 7 -10.7502
33 8 -11.0763
33 9 -11.3982
33 10 -11.6945
33 11 -12.0113
33 12 -12.3134
33 13 -12.595
33 14 -12.8751
33 15 -13.1593
33 16 -13.4278
33 17 -13.6747
33 18 -13.9192
33 19 -14.1701
33 20 -14.4123
33 21 -14.6355
33 22 -14.8682
33 23 -15.0822
33 24 -15.2963
33 25 -15.5065
33 26 -15.707
33 27 -15.9027
33 28 -16.0966
33 29 -16.2964
33 30 -16.4784
33 31 -16.6699
33 32 -16.8452
33 33 -16.9967
33 34 -17.1785
33 35 -17.3357
33 36 -17.4933
33 37 -17.6463
33 38 -17.7989
33 39 -17.9411
33 40 -18.075
34 -10 -9.63594
34 -9 -9.61774
34 -8 -9.58541
34 -7 -9.56926
34 -6 -9.53969
34 -5 -9.51948
34 -4 -9.48523
34 -3 -9.46775
34 -2 -9.42645
34 -1 -9.39437
34 0 -9.35495
34 1 -9.3296
34 2 -9.34841
34 3 -9.52864
34 4 -9.77896
34 5 -10.1087
34 6 -10.4272
34 7 -10.7529
34 8 -11.0758
34 9 -11.4106
34 10 -11.7201
34 11 -12.0229
34 12 -12.3286
34 13 -12.61
34 14 -12.8824
34 15 -13.1607
34 16 -13.4258
34 17 -13.6805
34 18 -13.9444
34 19 -14.1866
34 20 -14.4096
34 21 -14.6518
34 22 -14.8747
34 23 -15.0943
34 24 -15.3118
34 25 -15.5209
34 26 -15.7265
34 27 -15.9229
34 28 -16.1222
34 29 -16.3027
34 30 -16.5041
34 31 -16.6702
34 32 -16.854
34 33 -17.0185
34 34 -17.2005
34 35 -17.3547
34 36 -17.513
34 37 -17.6526
34 38 -17.7991
34 39 -17.9508
34 40 -18.0905
35 -10 -9.65323
35 -9 -9.62399
35 -8 -9.60397
35 -7 -9.57396
35 -6 -9.55938
35 -5 -9.53776
35 -4 -9.50527
35 -3 -9.46665
35 -2 -9.46101
35 -1 -9.39679
35 0 -9.36973
35 1 -9.33956
35 2 -9.35095
35 3 -9.52148
35 4 -9.79163
35 5 -10.1068
35 6 -10.4483
35 7 -10.7599
35 8 -11.1055
35 9 -11.4236
35 10 -11.7235
35 11 -12.0492
35 12 -12.3382
35 13 -12.6393
35 14 -12.9074
35 15 -13.1722
35 16 -13.4315
35 17 -13.7068
35 18 -13.9591
35 19 -14.1874
35 20 -14.4225
35 21 -14.6595
35 22 -14.8848
35 23 -15.1025
35 24 -15.3174
35 25 -15.5303
35 26 -15.731
35 27 -15.9422
35 28 -16.1333
35 29 -16.323
35 30 -16.5088
35 31 -16.6866
35 32 -16.8586
35 33 -17.0359
35 34 -17.2021
35 35 -17.3629
35 36 -17.5189
35 37 -17.6729
35 38 -17.8236
35 39 -17.964
35 40 -18.1071
36 -10 -9.65967
36 -9 -9.63522
36 -8 -9.61236
36 -7 -9.59208
36 -6 -9.56177
36 -5 -9.5547
36 -4 -9.51706
36 -3 -9.49599
36 -2 -9.4559
36 -1 -9.41888
36 0 -9.37253
36 1 -9.3512
36 2 -9.36398
36 3 -9.54347
36 4 -9.79672
36 5 -10.1175
36 6 -10.4513
36 7 -10.7986
36 8 -11.1081
36 9 -11.4448
36 10 -11.7486
36 11 -12.0539
36 12 -12.3568
36 13 -12.635
36 14 -12.9084
36 15 -13.1912
36 16 -13.4638
36 17 -13.7107
36 18 -13.9449
36 19 -14.2091
36 20 -14.4459
36 21 -14.6728
36 22 -14.8939
36 23 -15.1227
36 24 -15.3417
36 25 -15.553
36 26 -15.7556
36 27 -15.945
36 28 -16.1483
36 29 -16.3441
36 30 -16.5258
36 31 -16.7027
36 32 -16.8763
36 33 -17.0403
36 34 -17.213
36 35 -17.379
36 36 -17.5498
36 37 -17.6928
36 38 -17.8363
36 39 -17.985
36 40 -18.1227
37 -10 -9.66592
37 -9 -9.64947
37 -8 -9.61521
37 -7 -9.59562
37 -6 -9.57711
37 -5 -9.55549
37 -4 -9.53437
37 -3 -9.49858
37 -2 -9.47172
37 -1 -9.42436
37 0 -9.3937
37 1 -9.36032
37 2 -9.3779
37 3 -9.56422
37 4 -9.81431
37 5 -10.1406
37 6 -10.4729
37 7 -10.8073
37 8 -11.1395
37 9 -11.4522
37 10 -11.7545
37 11 -12.0737
37 12 -12.3582
37 13 -12.6442
37 14 -12.9259
37 15 -13.2041
37 16 -13.462
37 17 -13.7177
37 18 -13.9687
37 19 -14.2184
37 20 -14.4428
37 21 -14.6834
37 22 -14.9293
37 23 -15.1255
37 24 -15.354
37 25 -15.5607
37 26 -15.7455
37 27 -15.9531
37 28 -16.1572
37 29 -16.3358
37 30 -16.5323
37 31 -16.7166
37 32 -16.8945
37 33 -17.0509
37 34 -17.2153
37 35 -17.3811
37 36 -17.5481
37 37 -17.7039
37 38 -17.8521
37 39 -17.9854
37 40 -18.129
38 -10 -9.67094
38 -9 -9.65848
38 -8 -9.621
38 -7 -9.60625
38 -6 -9.57921
38 -5 -9.57751
38 -4 -9.54735
38 -3 -9.51264
38 -2 -9.47252
38 -1 -9.42558
38 0 -9.41089
38 1 -9.37109
38 2 -9.39023
38 3 -9.57064
38 4 -9.84148
38 5 -10.1575
38 6 -10.4886
38 7 -10.8137
38 8 -11.1451
38 9 -11.4536
38 10 -11.769
38 11 -12.0779
38 12 -12.3927
38 13 -12.6517
38 14 -12.9398
38 15 -13.2171
38 16 -13.4852
38 17 -13.7312
38 18 -13.9893
38 19 -14.2268
38 20 -14.4607
38 21 -14.6842
38 22 -14.933
38 23 -15.1368
38 24 -15.3584
38 25 -15.5524
38 26 -15.7703
38 27 -15.9713
38 28 -16.163
38 29 -16.36
38 30 -16.5483
38 31 -16.7177
38 32 -16.8976
38 33 -17.069
38 34 -17.2321
38 35 -17.3945
38 36 -17.5553
38 37 -17.7108
38 38 -17.8592
38 39 -17.9928
38 40 -18.1419
39 -10 -9.68713
39 -9 -9.67268
39 -8 -9.6408
39 -7 -9.61835
39 -6 -9.59833
39 -5 -9.58181
39 -4 -9.55315
39 -3 -9.52578
39 -2 -9.48095
39 -1 -9.46792
39 0 -9.42688
39 1 -9.38642
39 2 -9.41134
39 3 -9.59376
39 4 -9.85146
39 5 -10.1617
39 6 -10.5042
39 7 -10.8353
39 8 -11.1543
39 9 -11.4682
39 10 -11.7795
39 11 -12.0864
39 12 -12.3911
39 13 -12.6752
39 14 -12.9453
39 15 -13.2323
39 16 -13.4845
39 17 -13.7506
39 18 -13.9897
39 19 -14.2438
39 20 -14.4741
39 21 -14.6974
39 22 -14.9312
39 23 -15.145
39 24 -15.3663
39 25 -15.5793
39 26 -15.7902
39 27 -15.9849
39 28 -16.1713
39 29 -16.3717
39 30 -16.5392
39 31 -16.7354
39 32 -16.9115
39 33 -17.0725
39 34 -17.2448
39 35 -17.4142
39 36 -17.5625
39 37 -17.7209
39 38 -17.8753
39 39 -18.0107
39 40 -18.151
40 -10 -9.67593
40 -9 -9.67251
40 -8 -9.64556
40 -7 -9.6206
40 -6 -9.61035
40 -5 -9.57977
40 -4 -9.56653
40 -3 -9.53379
40 -2 -9.49359
40 -1 -9.46569
40 0 -9.43056
40 1 -9.39354
40 2 -9.41237
40 3 -9.59293
40 4 -9.86112
40 5 -10.1674
40 6 -10.5007
40 7 -10.8455
40 8 -11.1804
40 9 -11.4817
40 10 -11.802
40 11 -12.102
40 12 -12.4158
40 13 -12.6818
40 14 -12.9687
40 15 -13.2335
40 16 -13.5037
40 17 -13.7576
40 18 -14.0025
40 19 -14.2379
40 20 -14.4856
40 21 -14.7078
40 22 -14.9455
40 23 -15.1562
40 24 -15.3772
40 25 -15.5875
40 26 -15.7834
40 27 -15.9862
40 28 -16.1689
40 29 -16.3742
40 30 -16.5663
40 31 -16.7376
40 32 -16.923
40 33 -17.078
40 34 -17.2631
40 35 -17.4232
40 36 -17.5752
40 37 -17.7261
40 38 -17.8702
40 39 -18.0244
40 40 -18.1636
