-10 -10 -10.7981
-10 -9 -10.7988
-10 -8 -10.7733
-10 -7 -10.7446
-10 -6 -10.7343
-10 -5 -10.7006
-10 -4 -10.6931
-10 -3 -10.6674
-10 -2 -10.6742
-10 -1 -10.6496
-10 0 -10.6281
-10 1 -10.5775
-10 2 -10.6117
-10 3 -10.8079
-10 4 -11.0813
-10 5 -11.4276
-10 6 -11.7428
-10 7 -12.0809
-10 8 -12.3859
-10 9 -12.7063
-10 10 -13.0281
-10 11 -13.3221
-10 12 -13.6147
-10 13 -13.8775
-10 14 -14.1718
-10 15 -14.4456
-10 16 -14.6913
-10 17 -14.9573
-10 18 -15.213
-10 19 -15.4558
-10 20 -15.6875
-10 21 -15.9052
-10 22 -16.1277
-10 23 -16.325
-10 24 -16.5359
-10 25 -16.7369
-10 26 -16.936
-10 27 -17.1096
-10 28 -17.2899
-10 29 -17.4612
-10 30 -17.6361
-10 31 -17.787
-10 32 -17.9296
-10 33 -18.0769
-10 34 -18.2006
-10 35 -18.3473
-10 36 -18.4859
-10 37 -18.6059
-10 38 -18.7301
-10 39 -18.8543
-10 40 -18.9858
-9 -10 -10.791
-9 -9 -10.7617
-9 -8 -10.7634
-9 -7 -10.7102
-9 -6 -10.7123
-9 -5 -10.7126
-9 -4 -10.679
-9 -3 -10.6479
-9 -2 -10.6411
-9 -1 -10.6142
-9 0 -10.5762
-9 1 -10.578
-9 2 -10.6305
-9 3 -10.8242
-9 4 -11.071
-9 5 -11.3923
-9 6 -11.7409
-9 7 -12.0556
-9 8 -12.3568
-9 9 -12.6889
-9 10 -12.9983
-9 11 -13.3036
-9 12 -13.5977
-9 13 -13.8779
-9 14 -14.1671
-9 15 -14.4281
-9 16 -14.6852
-9 17 -14.9189
-9 18 -15.1749
-9 19 -15.425
-9 20 -15.6498
-9 21 -15.8802
-9 22 -16.103
-9 23 -16.3105
-9 24 -16.5063
-9 25 -16.7184
-9 26 -16.9118
-9 27 -17.1077
-9 28 -17.2593
-9 29 -17.4353
-9 30 -17.589
-9 31 -17.7666
-9 32 -17.9007
-9 33 -18.0382
-9 34 -18.186
-9 35 -18.3288
-9 36 -18.4568
-9 37 -18.596
-9 38 -18.715
-9 39 -18.849
-9 40 -18.9533
-8 -10 -10.7672
-8 -9 -10.753
-8 -8 -10.7336
-8 -7 -10.7228
-8 -6 -10.7079
-8 -5 -10.6616
-8 -4 -10.6412
-8 -3 -10.6497
-8 -2 -10.6071
-8 -1 -10.5945
-8 0 -10.5691
-8 1 -10.5654
-8 2 -10.5866
-8 3 -10.7811
-8 4 -11.0474
-8 5 -11.3716
-8 6 -11.6987
-8 7 -12.0142
-8 8 -12.34
-8 9 -12.6673
-8 10 -12.9748
-8 11 -13.2747
-8 12 -13.5547
-8 13 -13.8678
-8 14 -14.1383
-8 15 -14.4035
-8 16 -14.6878
-8 17 -14.9192
-8 18 -15.1599
-8 19 -15.3886
-8 20 -15.6364
-8 21 -15.8612
-8 22 -16.0692
-8 23 -16.2857
-8 24 -16.4962
-8 25 -16.6792
-8 26 -16.887
-8 27 -17.0591
-8 28 -17.2455
-8 29 -17.4104
-8 30 -17.5831
-8 31 -17.7426
-8 32 -17.8837
-8 33 -18.0237
-8 34 -18.1752
-8 35 -18.3005
-8 36 -18.4453
-8 37 -18.5424
-8 38 -18.6893
-8 39 -18.8144
-8 40 -18.9259
-7 -10 -10.7495
-7 -9 -10.7189
-7 -8 -10.7162
-7 -7 -10.6955
-7 -6 -10.6683
-7 -5 -10.659
-7 -4 -10.6569
-7 -3 -10.6239
-7 -2 -10.6076
-7 -1 -10.5711
-7 0 -10.5492
-7 1 -10.5185
-7 2 -10.5431
-7 3 -10.7516
-7 4 -10.9869
-7 5 -11.3185
-7 6 -11.6561
-7 7 -11.9963
-7 8 -12.3237
-7 9 -12.6254
-7 10 -12.9622
-7 11 -13.2844
-7 12 -13.5707
-7 13 -13.8218
-7 14 -14.1259
-7 15 -14.3885
-7 16 -14.6458
-7 17 -14.9177
-7 18 -15.1345
-7 19 -15.3832
-7 20 -15.6334
-7 21 -15.8447
-7 22 -16.0656
-7 23 -16.2689
-7 24 -16.4727
-7 25 -16.6626
-7 26 -16.8508
-7 27 -17.05
-7 28 -17.2283
-7 29 -17.3976
-7 30 -17.5723
-7 31 -17.71
-7 32 -17.8582
-7 33 -18.0063
-7 34 -18.164
-7 35 -18.2717
-7 36 -18.4138
-7 37 -18.5491
-7 38 -18.6635
-7 39 -18.7772
-7 40 -18.9062
-6 -10 -10.7164
-6 -9 -10.7162
-6 -8 -10.6939
-6 -7 -10.6834
-6 -6 -10.6702
-6 -5 -10.6522
-6 -4 -10.6215
-6 -3 -10.6091
-6 -2 -10.5692
-6 -1 -10.553
-6 0 -10.5217
-6 1 -10.5039
-6 2 -10.5493
-6 3 -10.7023
-6 4 -10.9831
-6 5 -11.2932
-6 6 -11.6508
-6 7 -11.9798
-6 8 -12.3011
-6 9 -12.6106
-6 10 -12.9325
-6 11 -13.2418
-6 12 -13.5292
-6 13 -13.8173
-6 14 -14.1159
-6 15 -14.3597
-6 16 -14.6408
-6 17 -14.8747
-6 18 -15.116
-6 19 -15.3837
-6 20 -15.5996
-6 21 -15.8185
-6 22 -16.035
-6 23 -16.2511
-6 24 -16.4574
-6 25 -16.6424
-6 26 -16.845
-6 27 -17.0305
-6 28 -17.213
-6 29 -17.3738
-6 30 -17.5377
-6 31 -17.6933
-6 32 -17.8454
-6 33 -17.9955
-6 34 -18.1339
-6 35 -18.2651
-6 36 -18.4119
-6 37 -18.5246
-6 38 -18.6545
-6 39 -18.7812
-6 40 -18.8923
-5 -10 -10.7317
-5 -9 -10.7123
-5 -8 -10.7103
-5 -7 -10.6668
-5 -6 -10.6563
-5 -5 -10.627
-5 -4 -10.5936
-5 -3 -10.5673
-5 -2 -10.5828
-5 -1 -10.5604
-5 0 -10.5096
-5 1 -10.4946
-5 2 -10.4998
-5 3 -10.7015
-5 4 -10.9833
-5 5 -11.2908
-5 6 -11.601
-5 7 -11.9428
-5 8 -12.2658
-5 9 -12.581
-5 10 -12.9055
-5 11 -13.193
-5 12 -13.4943
-5 13 -13.7948
-5 14 -14.0529
-5 15 -14.3313
-5 16 -14.622
-5 17 -14.8815
-5 18 -15.1151
-5 19 -15.3663
-5 20 -15.5894
-5 21 -15.8088
-5 22 -16.0275
-5 23 -16.2369
-5 24 -16.4549
-5 25 -16.6406
-5 26 -16.8396
-5 27 -17.0033
-5 28 -17.2011
-5 29 -17.3705
-5 30 -17.5286
-5 31 -17.676
-5 32 -17.8315
-5 33 -17.9734
-5 34 -18.1295
-5 35 -18.2561
-5 36 -18.3899
-5 37 -18.5119
-5 38 -18.6385
-5 39 -18.7672
-5 40 -18.8767
-4 -10 -10.7272
-4 -9 -10.7218
-4 -8 -10.6894
-4 -7 -10.6455
-4 -6 -10.634
-4 -5 -10.6291
-4 -4 -10.6083
-4 -3 -10.5821
-4 -2 -10.5575
-4 -1 -10.5202
-4 0 -10.4952
-4 1 -10.4654
-4 2 -10.5058
-4 3 -10.6885
-4 4 -10.9681
-4 5 -11.2692
-4 6 -11.6266
-4 7 -11.9127
-4 8 -12.2371
-4 9 -12.5818
-4 10 -12.8911
-4 11 -13.178
-4 12 -13.4927
-4 13 -13.8065
-4 14 -14.0538
-4 15 -14.3372
-4 16 -14.5806
-4 17 -14.8752
-4 18 -15.0884
-4 19 -15.3425
-4 20 -15.5608
-4 21 -15.793
-4 22 -16.0159
-4 23 -16.2338
-4 24 -16.441
-4 25 -16.6319
-4 26 -16.8259
-4 27 -17.0103
-4 28 -17.1747
-4 29 -17.3666
-4 30 -17.5169
-4 31 -17.6922
-4 32 -17.8298
-4 33 -17.9525
-4 34 -18.1049
-4 35 -18.2368
-4 36 -18.3721
-4 37 -18.4964
-4 38 -18.6283
-4 39 -18.7527
-4 40 -18.8762
-3 -10 -10.7367
-3 -9 -10.6957
-3 -8 -10.6872
-3 -7 -10.671
-3 -6 -10.6428
-3 -5 -10.6118
-3 -4 -10.6077
-3 -3 -10.567
-3 -2 -10.5509
-3 -1 -10.5007
-3 0 -10.4677
-3 1 -10.4616
-3 2 -10.496
-3 3 -10.7002
-3 4 -10.9367
-3 5 -11.273
-3 6 -11.6013
-3 7 -11.9417
-3 8 -12.2602
-3 9 -12.6163
-3 10 -12.8767
-3 11 -13.1853
-3 12 -13.4887
-3 13 -13.7729
-3 14 -14.0491
-3 15 -14.2941
-3 16 -14.5928
-3 17 -14.8282
-3 18 -15.0718
-3 19 -15.3176
-3 20 -15.5687
-3 21 -15.7987
-3 22 -16.0234
-3 23 -16.2226
-3 24 -16.4242
-3 25 -16.6189
-3 26 -16.8215
-3 27 -16.9977
-3 28 -17.179
-3 29 -17.3463
-3 30 -17.5237
-3 31 -17.6797
-3 32 -17.8283
-3 33 -17.964
-3 34 -18.1209
-3 35 -18.2411
-3 36 -18.3726
-3 37 -18.5053
-3 38 -18.6299
-3 39 -18.746
-3 40 -18.8648
-2 -10 -10.7509
-2 -9 -10.6856
-2 -8 -10.6696
-2 -7 -10.6565
-2 -6 -10.6348
-2 -5 -10.6323
-2 -4 -10.5877
-2 -3 -10.5741
-2 -2 -10.5485
-2 -1 -10.5052
-2 0 -10.4823
-2 1 -10.4407
-2 2 -10.5049
-2 3 -10.6765
-2 4 -10.9488
-2 5 -11.2515
-2 6 -11.6217
-2 7 -11.9303
-2 8 -12.2446
-2 9 -12.602
-2 10 -12.9036
-2 11 -13.1814
-2 12 -13.4858
-2 13 -13.755
-2 14 -14.0575
-2 15 -14.3199
-2 16 -14.5818
-2 17 -14.8352
-2 18 -15.0767
-2 19 -15.3013
-2 20 -15.5467
-2 21 -15.7832
-2 22 -16.0034
-2 23 -16.2113
-2 24 -16.4395
-2 25 -16.6127
-2 26 -16.8106
-2 27 -16.9764
-2 28 -17.1691
-2 29 -17.3565
-2 30 -17.5194
-2 31 -17.6815
-2 32 -17.8334
-2 33 -17.9722
-2 34 -18.096
-2 35 -18.2477
-2 36 -18.3616
-2 37 -18.4983
-2 38 -18.6236
-2 39 -18.7369
-2 40 -18.8723
-1 -10 -10.7241
-1 -9 -10.7076
-1 -8 -10.6846
-1 -7 -10.662
-1 -6 -10.6486
-1 -5 -10.6311
-1 -4 -10.5952
-1 -3 -10.5716
-1 -2 -10.5343
-1 -1 -10.4889
-1 0 -10.4961
-1 1 -10.4506
-1 2 -10.4852
-1 3 -10.6564
-1 4 -10.9494
-1 5 -11.2713
-1 6 -11.5953
-1 7 -11.916
-1 8 -12.2492
-1 9 -12.5659
-1 10 -12.9082
-1 11 -13.1801
-1 12 -13.4984
-1 13 -13.7913
-1 14 -14.0487
-1 15 -14.3056
-1 16 -14.5907
-1 17 -14.8146
-1 18 -15.074
-1 19 -15.2939
-1 20 -15.5678
-1 21 -15.8021
-1 22 -15.9899
-1 23 -16.215
-1 24 -16.4269
-1 25 -16.6141
-1 26 -16.8209
-1 27 -17.0105
-1 28 -17.1904
-1 29 -17.3724
-1 30 -17.5253
-1 31 -17.6679
-1 32 -17.8346
-1 33 -17.9762
-1 34 -18.1113
-1 35 -18.2506
-1 36 -18.3918
-1 37 -18.5082
-1 38 -18.6365
-1 39 -18.7732
-1 40 -18.8845
0 -10 -10.7315
0 -9 -10.7197
0 -8 -10.6933
0 -7 -10.6564
0 -6 -10.6646
0 -5 -10.6365
0 -4 -10.5922
0 -3 -10.5747
0 -2 -10.559
0 -1 -10.5356
0 0 -10.5236
0 1 -10.4795
0 2 -10.4611
0 3 -10.6659
0 4 -10.9412
0 5 -11.2776
0 6 -11.5816
0 7 -11.9188
0 8 -12.2493
0 9 -12.581
0 10 -12.9144
0 11 -13.2276
0 12 -13.5132
0 13 -13.7797
0 14 -14.0796
0 15 -14.3577
0 16 -14.6089
0 17 -14.8543
0 18 -15.1065
0 19 -15.3497
0 20 -15.5878
0 21 -15.7978
0 22 -16.0283
0 23 -16.2338
0 24 -16.4541
0 25 -16.6534
0 26 -16.8269
0 27 -17.0331
0 28 -17.2076
0 29 -17.3833
0 30 -17.537
0 31 -17.7081
0 32 -17.8568
0 33 -18.0008
0 34 -18.128
0 35 -18.279
0 36 -18.4343
0 37 -18.5241
0 38 -18.6639
0 39 -18.7954
0 40 -18.8947
1 -10 -10.7785
1 -9 -10.745
1 -8 -10.7259
1 -7 -10.7192
1 -6 -10.7017
1 -5 -10.6413
1 -4 -10.6056
1 -3 -10.5922
1 -2 -10.5793
1 -1 -10.5581
1 0 -10.5208
1 1 -10.4743
1 2 -10.501
1 3 -10.6727
1 4 -10.9582
1 5 -11.2993
1 6 -11.6267
1 7 -11.9238
1 8 -12.2514
1 9 -12.6205
1 10 -12.9314
1 11 -13.2361
1 12 -13.5394
1 13 -13.8054
1 14 -14.1024
1 15 -14.3816
1 16 -14.6308
1 17 -14.9014
1 18 -15.1367
1 19 -15.3948
1 20 -15.5914
1 21 -15.8308
1 22 -16.0517
1 23 -16.2668
1 24 -16.4764
1 25 -16.656
1 26 -16.8763
1 27 -17.0534
1 28 -17.2372
1 29 -17.3995
1 30 -17.5941
1 31 -17.7596
1 32 -17.8934
1 33 -18.0261
1 34 -18.1581
1 35 -18.3049
1 36 -18.4435
1 37 -18.591
1 38 -18.7027
1 39 -18.818
1 40 -18.9452
2 -10 -10.799
2 -9 -10.7911
2 -8 -10.7724
2 -7 -10.7486
2 -6 -10.7514
2 -5 -10.7154
2 -4 -10.6636
2 -3 -10.653
2 -2 -10.6195
2 -1 -10.5926
2 0 -10.5821
2 1 -10.5455
2 2 -10.5486
2 3 -10.7055
2 4 -10.9954
2 5 -11.2996
2 6 -11.6497
2 7 -11.974
2 8 -12.2835
2 9 -12.6342
2 10 -12.9894
2 11 -13.2732
2 12 -13.5953
2 13 -13.8644
2 14 -14.1568
2 15 -14.4302
2 16 -14.6894
2 17 -14.9518
2 18 -15.1817
2 19 -15.4144
2 20 -15.6647
2 21 -15.877
2 22 -16.0902
2 23 -16.3136
2 24 -16.5248
2 25 -16.7166
2 26 -16.9255
2 27 -17.1111
2 28 -17.2727
2 29 -17.4719
2 30 -17.6236
2 31 -17.7807
2 32 -17.9331
2 33 -18.0889
2 34 -18.2296
2 35 -18.3656
2 36 -18.477
2 37 -18.6263
2 38 -18.7397
2 39 -18.8732
2 40 -18.9884
3 -10 -10.8651
3 -9 -10.8425
3 -8 -10.8302
3 -7 -10.8128
3 -6 -10.7912
3 -5 -10.7437
3 -4 -10.7273
3 -3 -10.6985
3 -2 -10.6547
3 -1 -10.6406
3 0 -10.6007
3 1 -10.5736
3 2 -10.6049
3 3 -10.7981
3 4 -11.0634
3 5 -11.395
3 6 -11.685
3 7 -12.0351
3 8 -12.3875
3 9 -12.6867
3 10 -13.0265
3 11 -13.3259
3 12 -13.6276
3 13 -13.9185
3 14 -14.1959
3 15 -14.4894
3 16 -14.7636
3 17 -14.987
3 18 -15.2178
3 19 -15.4641
3 20 -15.6928
3 21 -15.9265
3 22 -16.1484
3 23 -16.3536
3 24 -16.5678
3 25 -16.7633
3 26 -16.9735
3 27 -17.1438
3 28 -17.3289
3 29 -17.5228
3 30 -17.6755
3 31 -17.8323
3 32 -17.9778
3 33 -18.1354
3 34 -18.2798
3 35 -18.4071
3 36 -18.5433
3 37 -18.6762
3 38 -18.8007
3 39 -18.921
3 40 -19.0406
4 -10 -10.9101
4 -9 -10.8783
4 -8 -10.8672
4 -7 -10.8543
4 -6 -10.8421
4 -5 -10.7929
4 -4 -10.7618
4 -3 -10.738
4 -2 -10.7054
4 -1 -10.6629
4 0 -10.6525
4 1 -10.6224
4 2 -10.6693
4 3 -10.837
4 4 -11.1151
4 5 -11.4439
4 6 -11.7539
4 7 -12.0895
4 8 -12.4244
4 9 -12.7257
4 10 -13.056
4 11 -13.3635
4 12 -13.6688
4 13 -13.9657
4 14 -14.2433
4 15 -14.5209
4 16 -14.7854
4 17 -15.0477
4 18 -15.2775
4 19 -15.5333
4 20 -15.7529
4 21 -15.9809
4 22 -16.2063
4 23 -16.4016
4 24 -16.6285
4 25 -16.827
4 26 -17.0143
4 27 -17.2015
4 28 -17.3889
4 29 -17.5741
4 30 -17.7173
4 31 -17.8927
4 32 -18.0273
4 33 -18.1833
4 34 -18.3341
4 35 -18.4462
4 36 -18.597
4 37 -18.7128
4 38 -18.853
4 39 -18.9661
4 40 -19.0776
5 -10 -10.9615
5 -9 -10.9446
5 -8 -10.9033
5 -7 -10.8988
5 -6 -10.8593
5 -5 -10.8515
5 -4 -10.831
5 -3 -10.7895
5 -2 -10.7784
5 -1 -10.708
5 0 -10.6832
5 1 -10.6582
5 2 -10.7107
5 3 -10.8885
5 4 -11.1543
5 5 -11.4782
5 6 -11.7996
5 7 -12.154
5 8 -12.4428
5 9 -12.7977
5 10 -13.1079
5 11 -13.4004
5 12 -13.7031
5 13 -13.997
5 14 -14.294
5 15 -14.5557
5 16 -14.8239
5 17 -15.0878
5 18 -15.3374
5 19 -15.5639
5 20 -15.8047
5 21 -16.0366
5 22 -16.2553
5 23 -16.4703
5 24 -16.6849
5 25 -16.8824
5 26 -17.0526
5 27 -17.2586
5 28 -17.4431
5 29 -17.6045
5 30 -17.7865
5 31 -17.9451
5 32 -18.0874
5 33 -18.2329
5 34 -18.3665
5 35 -18.4996
5 36 -18.6342
5 37 -18.775
5 38 -18.889
5 39 -19.0054
5 40 -19.1242
6 -10 -10.9854
6 -9 -10.9929
6 -8 -10.9627
6 -7 -10.9438
6 -6 -10.9001
6 -5 -10.8908
6 -4 -10.8526
6 -3 -10.8269
6 -2 -10.8025
6 -1 -10.7865
6 0 -10.7227
6 1 -10.723
6 2 -10.7469
6 3 -10.9398
6 4 -11.2116
6 5 -11.5164
6 6 -11.8193
6 7 -12.1646
6 8 -12.5168
6 9 -12.8378
6 10 -13.1526
6 11 -13.4487
6 12 -13.7571
6 13 -14.0567
6 14 -14.3411
6 15 -14.6124
6 16 -14.8741
6 17 -15.1228
6 18 -15.3908
6 19 -15.6308
6 20 -15.8573
6 21 -16.0834
6 22 -16.2958
6 23 -16.529
6 24 -16.7391
6 25 -16.9216
6 26 -17.1227
6 27 -17.3144
6 28 -17.4975
6 29 -17.6596
6 30 -17.8367
6 31 -17.983
6 32 -18.1459
6 33 -18.2856
6 34 -18.4221
6 35 -18.5638
6 36 -18.6888
6 37 -18.8007
6 38 -18.9345
6 39 -19.0595
6 40 -19.1668
7 -10 -11.0426
7 -9 -11.0149
7 -8 -11.0178
7 -7 -10.9865
7 -6 -10.9574
7 -5 -10.9129
7 -4 -10.8898
7 -3 -10.8836
7 -2 -10.8675
7 -1 -10.8366
7 0 -10.7612
7 1 -10.7586
7 2 -10.7989
7 3 -10.9791
7 4 -11.2234
7 5 -11.5539
7 6 -11.8827
7 7 -12.1981
7 8 -12.5431
7 9 -12.8563
7 10 -13.2121
7 11 -13.5041
7 12 -13.8036
7 13 -14.1064
7 14 -14.3841
7 15 -14.6708
7 16 -14.9143
7 17 -15.1793
7 18 -15.4358
7 19 -15.6626
7 20 -15.9035
7 21 -16.141
7 22 -16.3645
7 23 -16.5739
7 24 -16.7781
7 25 -16.9791
7 26 -17.177
7 27 -17.3409
7 28 -17.5365
7 29 -17.6986
7 30 -17.8514
7 31 -18.0038
7 32 -18.1763
7 33 -18.3329
7 34 -18.4623
7 35 -18.5911
7 36 -18.7273
7 37 -18.8586
7 38 -18.9843
7 39 -19.0902
7 40 -19.2143
8 -10 -11.0686
8 -9 -11.0717
8 -8 -11.0413
8 -7 -11.0302
8 -6 -10.9886
8 -5 -10.9712
8 -4 -10.9411
8 -3 -10.9346
8 -2 -10.8932
8 -1 -10.8638
8 0 -10.8354
8 1 -10.7964
8 2 -10.8442
8 3 -11.0245
8 4 -11.2963
8 5 -11.6161
8 6 -11.932
8 7 -12.2829
8 8 -12.5861
8 9 -12.9196
8 10 -13.2543
8 11 -13.5504
8 12 -13.8606
8 13 -14.1273
8 14 -14.4311
8 15 -14.7124
8 16 -14.9637
8 17 -15.2285
8 18 -15.476
8 19 -15.7166
8 20 -15.9577
8 21 -16.1801
8 22 -16.4035
8 23 -16.5924
8 24 -16.8136
8 25 -17.0178
8 26 -17.1975
8 27 -17.3948
8 28 -17.5609
8 29 -17.7374
8 30 -17.9133
8 31 -18.056
8 32 -18.2155
8 33 -18.3645
8 34 -18.4958
8 35 -18.6337
8 36 -18.7839
8 37 -18.8926
8 38 -19.0064
8 39 -19.1499
8 40 -19.2605
9 -10 -11.1105
9 -9 -11.0963
9 -8 -11.0818
9 -7 -11.0528
9 -6 -11.0401
9 -5 -11.0126
9 -4 -10.9769
9 -3 -10.9652
9 -2 -10.9361
9 -1 -10.9048
9 0 -10.8781
9 1 -10.8396
9 2 -10.8907
9 3 -11.0616
9 4 -11.3298
9 5 -11.6724
9 6 -11.9811
9 7 -12.3294
9 8 -12.6458
9 9 -12.9693
9 10 -13.2792
9 11 -13.5824
9 12 -13.8875
9 13 -14.183
9 14 -14.4603
9 15 -14.7573
9 16 -15.0172
9 17 -15.2557
9 18 -15.5214
9 19 -15.7409
9 20 -15.987
9 21 -16.2098
9 22 -16.4268
9 23 -16.6454
9 24 -16.8486
9 25 -17.0466
9 26 -17.227
9 27 -17.4134
9 28 -17.6124
9 29 -17.7656
9 30 -17.9442
9 31 -18.0976
9 32 -18.2508
9 33 -18.3894
9 34 -18.5387
9 35 -18.685
9 36 -18.798
9 37 -18.9258
9 38 -19.0557
9 39 -19.1685
9 40 -19.2829
10 -10 -11.1569
10 -9 -11.1359
10 -8 -11.116
10 -7 -11.1017
10 -6 -11.0532
10 -5 -11.0557
10 -4 -11.0188
10 -3 -11.0056
10 -2 -10.9492
10 -1 -10.9325
10 0 -10.9077
10 1 -10.8543
10 2 -10.9157
10 3 -11.0907
10 4 -11.397
10 5 -11.7055
10 6 -12.0185
10 7 -12.3506
10 8 -12.6746
10 9 -12.9965
10 10 -13.3285
10 11 -13.6403
10 12 -13.9365
10 13 -14.2111
10 14 -14.4987
10 15 -14.7747
10 16 -15.0631
10 17 -15.2906
10 18 -15.5304
10 19 -15.7804
10 20 -16.024
10 21 -16.2468
10 22 -16.4676
10 23 -16.6725
10 24 -16.8786
10 25 -17.0778
10 26 -17.2802
10 27 -17.4459
10 28 -17.6317
10 29 -17.8136
10 30 -17.9686
10 31 -18.139
10 32 -18.2759
10 33 -18.4355
10 34 -18.5697
10 35 -18.7186
10 36 -18.8398
10 37 -18.9541
10 38 -19.0876
10 39 -19.2125
10 40 -19.3219
11 -10 -11.1751
11 -9 -11.1769
11 -8 -11.1478
11 -7 -11.1244
11 -6 -11.1055
11 -5 -11.0831
11 -4 -11.0527
11 -3 -11.0293
11 -2 -10.9935
11 -1 -10.959
11 0 -10.9407
11 1 -10.8932
11 2 -10.9424
11 3 -11.132
11 4 -11.4141
11 5 -11.7442
11 6 -12.0399
11 7 -12.3934
11 8 -12.7117
11 9 -13.0421
11 10 -13.3531
11 11 -13.6494
11 12 -13.9508
11 13 -14.2336
11 14 -14.5289
11 15 -14.8013
11 16 -15.0766
11 17 -15.3449
11 18 -15.5661
11 19 -15.8228
11 20 -16.0562
11 21 -16.263
11 22 -16.4953
11 23 -16.7051
11 24 -16.9225
11 25 -17.1045
11 26 -17.2946
11 27 -17.5037
11 28 -17.6737
11 29 -17.8457
11 30 -18.0107
11 31 -18.1671
11 32 -18.3272
11 33 -18.4895
11 34 -18.6113
11 35 -18.7454
11 36 -18.8781
11 37 -19.0059
11 38 -19.113
11 39 -19.2394
11 40 -19.3631
12 -10 -11.2173
12 -9 -11.2069
12 -8 -11.1951
12 -7 -11.1492
12 -6 -11.1389
12 -5 -11.1065
12 -4 -11.0922
12 -3 -11.0632
12 -2 -11.0437
12 -1 -10.9906
12 0 -10.9726
12 1 -10.9394
12 2 -10.9733
12 3 -11.1538
12 4 -11.4388
12 5 -11.7533
12 6 -12.0758
12 7 -12.4117
12 8 -12.7637
12 9 -13.0695
12 10 -13.3964
12 11 -13.6815
12 12 -13.9886
12 13 -14.2775
12 14 -14.5596
12 15 -14.829
12 16 -15.1086
12 17 -15.3568
12 18 -15.592
12 19 -15.8545
12 20 -16.0952
12 21 -16.323
12 22 -16.5217
12 23 -16.7425
12 24 -16.953
12 25 -17.156
12 26 -17.3425
12 27 -17.5388
12 28 -17.7184
12 29 -17.892
12 30 -18.0558
12 31 -18.209
12 32 -18.3527
12 33 -18.5154
12 34 -18.6564
12 35 -18.7766
12 36 -18.9084
12 37 -19.0377
12 38 -19.1461
12 39 -19.2636
12 40 -19.3768
13 -10 -11.246
13 -9 -11.2356
13 -8 -11.213
13 -7 -11.1991
13 -6 -11.1616
13 -5 -11.1305
13 -4 -11.1264
13 -3 -11.0972
13 -2 -11.0675
13 -1 -11.025
13 0 -10.9843
13 1 -10.9668
13 2 -10.9978
13 3 -11.1855
13 4 -11.4613
13 5 -11.7821
13 6 -12.093
13 7 -12.4445
13 8 -12.7837
13 9 -13.0841
13 10 -13.403
13 11 -13.7189
13 12 -14.034
13 13 -14.3124
13 14 -14.5882
13 15 -14.8711
13 16 -15.1501
13 17 -15.3943
13 18 -15.6422
13 19 -15.8918
13 20 -16.1193
13 21 -16.3555
13 22 -16.5766
13 23 -16.787
13 24 -16.9954
13 25 -17.1908
13 26 -17.3806
13 27 -17.5703
13 28 -17.7357
13 29 -17.9305
13 30 -18.0872
13 31 -18.2407
13 32 -18.3987
13 33 -18.5384
13 34 -18.6867
13 35 -18.8085
13 36 -18.9426
13 37 -19.0625
13 38 -19.1914
13 39 -19.3092
13 40 -19.409
14 -10 -11.2763
14 -9 -11.2651
14 -8 -11.2319
14 -7 -11.2173
14 -6 -11.1955
14 -5 -11.1802
14 -4 -11.1429
14 -3 -11.123
14 -2 -11.1196
14 -1 -11.0657
14 0 -11.0374
14 1 -10.9882
14 2 -11.0384
14 3 -11.2304
14 4 -11.4936
14 5 -11.8151
14 6 -12.1544
14 7 -12.4794
14 8 -12.8198
14 9 -13.1229
14 10 -13.4557
14 11 -13.7576
14 12 -14.0616
14 13 -14.3388
14 14 -14.6328
14 15 -14.9085
14 16 -15.1623
14 17 -15.418
14 18 -15.6788
14 19 -15.9207
14 20 -16.1448
14 21 -16.385
14 22 -16.6032
14 23 -16.8099
14 24 -17.0319
14 25 -17.206
14 26 -17.4159
14 27 -17.5931
14 28 -17.7663
14 29 -17.9537
14 30 -18.109
14 31 -18.2636
14 32 -18.4188
14 33 -18.5654
14 34 -18.7001
14 35 -18.8367
14 36 -18.9657
14 37 -19.0936
14 38 -19.212
14 39 -19.3288
14 40 -19.4339
15 -10 -11.3031
15 -9 -11.2872
15 -8 -11.2766
15 -7 -11.2432
15 -6 -11.2198
15 -5 -11.1866
15 -4 -11.171
15 -3 -11.1492
15 -2 -11.1303
15 -1 -11.0952
15 0 -11.0479
15 1 -11.0255
15 2 -11.0777
15 3 -11.2604
15 4 -11.5406
15 5 -11.8799
15 6 -12.1752
15 7 -12.5038
15 8 -12.8626
15 9 -13.1714
15 10 -13.4815
15 11 -13.7742
15 12 -14.0945
15 13 -14.3768
15 14 -14.6662
15 15 -14.9271
15 16 -15.2108
15 17 -15.4522
15 18 -15.6915
15 19 -15.9553
15 20 -16.1894
15 21 -16.4085
15 22 -16.625
15 23 -16.8388
15 24 -17.0454
15 25 -17.2501
15 26 -17.4412
15 27 -17.6277
15 28 -17.7994
15 29 -17.9682
15 30 -18.1318
15 31 -18.3053
15 32 -18.453
15 33 -18.5833
15 34 -18.7116
15 35 -18.8636
15 36 -18.9858
15 37 -19.1091
15 38 -19.24
15 39 -19.3419
15 40 -19.4631
16 -10 -11.3308
16 -9 -11.3123
16 -8 -11.281
16 -7 -11.2614
16 -6 -11.2533
16 -5 -11.2263
16 -4 -11.2108
16 -3 -11.1836
16 -2 -11.1546
16 -1 -11.1073
16 0 -11.086
16 1 -11.0594
16 2 -11.0953
16 3 -11.2786
16 4 -11.5428
16 5 -11.8763
16 6 -12.201
16 7 -12.5533
16 8 -12.8556
16 9 -13.2141
16 10 -13.491
16 11 -13.812
16 12 -14.1059
16 13 -14.4054
16 14 -14.6795
16 15 -14.9597
16 16 -15.2269
16 17 -15.4915
16 18 -15.7332
16 19 -15.9759
16 20 -16.2026
16 21 -16.4316
16 22 -16.647
16 23 -16.8638
16 24 -17.0683
16 25 -17.2723
16 26 -17.4663
16 27 -17.6451
16 28 -17.8121
16 29 -17.9839
16 30 -18.159
16 31 -18.3213
16 32 -18.4728
16 33 -18.6255
16 34 -18.7529
16 35 -18.8921
16 36 -19.0163
16 37 -19.1344
16 38 -19.2449
16 39 -19.376
16 40 -19.4913
17 -10 -11.3456
17 -9 -11.3328
17 -8 -11.3118
17 -7 -11.2844
17 -6 -11.2675
17 -5 -11.2532
17 -4 -11.2298
17 -3 -11.1955
17 -2 -11.1849
17 -1 -11.1447
17 0 -11.1092
17 1 -11.0748
17 2 -11.1255
17 3 -11.3243
17 4 -11.5826
17 5 -11.9076
17 6 -12.2301
17 7 -12.5707
17 8 -12.8982
17 9 -13.2288
17 10 -13.5309
17 11 -13.8483
17 12 -14.1392
17 13 -14.4196
17 14 -14.7025
17 15 -14.9875
17 16 -15.2345
17 17 -15.5138
17 18 -15.7586
17 19 -15.9884
17 20 -16.236
17 21 -16.4705
17 22 -16.6852
17 23 -16.8984
17 24 -17.0958
17 25 -17.2726
17 26 -17.4779
17 27 -17.6683
17 28 -17.8464
17 29 -18.0134
17 30 -18.1825
17 31 -18.3416
17 32 -18.5046
17 33 -18.6424
17 34 -18.7907
17 35 -18.9074
17 36 -19.04
17 37 -19.1622
17 38 -19.2829
17 39 -19.4013
17 40 -19.5122
18 -10 -11.376
18 -9 -11.3662
18 -8 -11.3415
18 -7 -11.3085
18 -6 -11.3028
18 -5 -11.2611
18 -4 -11.2447
18 -3 -11.2351
18 -2 -11.1964
18 -1 -11.1471
18 0 -11.1312
18 1 -11.1112
18 2 -11.1376
18 3 -11.3344
18 4 -11.6154
18 5 -11.905
18 6 -12.2704
18 7 -12.5928
18 8 -12.9202
18 9 -13.2396
18 10 -13.5534
18 11 -13.8555
18 12 -14.1542
18 13 -14.4503
18 14 -14.7281
18 15 -14.994
18 16 -15.2671
18 17 -15.5272
18 18 -15.7627
18 19 -16.0088
18 20 -16.2459
18 21 -16.4835
18 22 -16.7186
18 23 -16.9177
18 24 -17.1105
18 25 -17.3176
18 26 -17.5059
18 27 -17.6947
18 28 -17.8601
18 29 -18.0488
18 30 -18.2119
18 31 -18.3604
18 32 -18.5271
18 33 -18.6597
18 34 -18.8079
18 35 -18.9417
18 36 -19.0615
18 37 -19.1799
18 38 -19.3059
18 39 -19.4134
18 40 -19.542
19 -10 -11.3908
19 -9 -11.386
19 -8 -11.3649
19 -7 -11.3377
19 -6 -11.3099
19 -5 -11.2906
19 -4 -11.2723
19 -3 -11.2556
19 -2 -11.235
19 -1 -11.1972
19 0 -11.1508
19 1 -11.1268
19 2 -11.1676
19 3 -11.3493
19 4 -11.6268
19 5 -11.9437
19 6 -12.2624
19 7 -12.6154
19 8 -12.9396
19 9 -13.2766
19 10 -13.5872
19 11 -13.8944
19 12 -14.1729
19 13 -14.4691
19 14 -14.7477
19 15 -15.0304
19 16 -15.2892
19 17 -15.5549
19 18 -15.7984
19 19 -16.0495
19 20 -16.2872
19 21 -16.5138
19 22 -16.7363
19 23 -16.9331
19 24 -17.1526
19 25 -17.3333
19 26 -17.5326
19 27 -17.7182
19 28 -17.9003
19 29 -18.0724
19 30 -18.2477
19 31 -18.3957
19 32 -18.5474
19 33 -18.6922
19 34 -18.8341
19 35 -18.9639
19 36 -19.0848
19 37 -19.2131
19 38 -19.3331
19 39 -19.4491
19 40 -19.5591
20 -10 -11.4237
20 -9 -11.399
20 -8 -11.3734
20 -7 -11.3501
20 -6 -11.3329
20 -5 -11.3214
20 -4 -11.2938
20 -3 -11.2878
20 -2 -11.2439
20 -1 -11.2051
20 0 -11.1786
20 1 -11.1416
20 2 -11.1963
20 3 -11.38
20 4 -11.6568
20 5 -11.9822
20 6 -12.2985
20 7 -12.6385
20 8 -12.9497
20 9 -13.278
20 10 -13.606
20 11 -13.9041
20 12 -14.2074
20 13 -14.5095
20 14 -14.7766
20 15 -15.0593
20 16 -15.3157
20 17 -15.587
20 18 -15.8386
20 19 -16.0727
20 20 -16.2942
20 21 -16.5325
20 22 -16.7468
20 23 -16.9591
20 24 -17.162
20 25 -17.3742
20 26 -17.5644
20 27 -17.7549
20 28 -17.9229
20 29 -18.0959
20 30 -18.2752
20 31 -18.4081
20 32 -18.5677
20 33 -18.7193
20 34 -18.8626
20 35 -18.9918
20 36 -19.1086
20 37 -19.2305
20 38 -19.35
20 39 -19.4751
20 40 -19.5688
21 -10 -11.4267
21 -9 -11.4184
21 -8 -11.3959
21 -7 -11.3767
21 -6 -11.3524
21 -5 -11.3397
21 -4 -11.3222
21 -3 -11.2881
21 -2 -11.2577
21 -1 -11.2108
21 0 -11.1918
21 1 -11.166
21 2 -11.214
21 3 -11.4063
21 4 -11.6812
21 5 -12.0002
21 6 -12.328
21 7 -12.663
21 8 -12.97
21 9 -13.3048
21 10 -13.6133
21 11 -13.92
21 12 -14.2272
21 13 -14.5149
21 14 -14.7968
21 15 -15.0778
21 16 -15.3459
21 17 -15.6207
21 18 -15.852
21 19 -16.0953
21 20 -16.3216
21 21 -16.5552
21 22 -16.7604
21 23 -16.9805
21 24 -17.1775
21 25 -17.3887
21 26 -17.5734
21 27 -17.7632
21 28 -17.9442
21 29 -18.1091
21 30 -18.2781
21 31 -18.4449
21 32 -18.5976
21 33 -18.7325
21 34 -18.877
21 35 -19.0096
21 36 -19.1285
21 37 -19.2459
21 38 -19.3748
21 39 -19.489
21 40 -19.6009
22 -10 -11.4415
22 -9 -11.4245
22 -8 -11.409
22 -7 -11.3948
22 -6 -11.375
22 -5 -11.3583
22 -4 -11.3356
22 -3 -11.3167
22 -2 -11.2928
22 -1 -11.2535
22 0 -11.2105
22 1 -11.1872
22 2 -11.2244
22 3 -11.4184
22 4 -11.6787
22 5 -12.0304
22 6 -12.3312
22 7 -12.6727
22 8 -13.0193
22 9 -13.3316
22 10 -13.6507
22 11 -13.9566
22 12 -14.249
22 13 -14.5428
22 14 -14.8106
22 15 -15.0871
22 16 -15.3742
22 17 -15.6324
22 18 -15.8623
22 19 -16.1231
22 20 -16.3289
22 21 -16.5696
22 22 -16.8019
22 23 -17.0067
22 24 -17.206
22 25 -17.4111
22 26 -17.5921
22 27 -17.7723
22 28 -17.9584
22 29 -18.1344
22 30 -18.2903
22 31 -18.4546
22 32 -18.6024
22 33 -18.7533
22 34 -18.8849
22 35 -19.0213
22 36 -19.149
22 37 -19.2656
22 38 -19.3901
22 39 -19.5022
22 40 -19.6233
23 -10 -11.4668
23 -9 -11.4388
23 -8 -11.4241
23 -7 -11.3902
23 -6 -11.3937
23 -5 -11.3767
23 -4 -11.3529
23 -3 -11.3319
23 -2 -11.3059
23 -1 -11.2743
23 0 -11.2486
23 1 -11.2243
23 2 -11.2708
23 3 -11.4414
23 4 -11.7125
23 5 -12.0331
23 6 -12.3743
23 7 -12.6843
23 8 -13.0394
23 9 -13.3423
23 10 -13.6752
23 11 -13.9658
23 12 -14.2463
23 13 -14.5546
23 14 -14.8373
23 15 -15.1135
23 16 -15.3768
23 17 -15.6261
23 18 -15.8799
23 19 -16.123
23 20 -16.3604
23 21 -16.5831
23 22 -16.8033
23 23 -17.0121
23 24 -17.2125
23 25 -17.4193
23 26 -17.615
23 27 -17.8054
23 28 -17.9684
23 29 -18.153
23 30 -18.3125
23 31 -18.4688
23 32 -18.6214
23 33 -18.7674
23 34 -18.8973
23 35 -19.0319
23 36 -19.1678
23 37 -19.2854
23 38 -19.4035
23 39 -19.5234
23 40 -19.6244
24 -10 -11.4706
24 -9 -11.4572
24 -8 -11.4446
24 -7 -11.4121
24 -6 -11.4015
24 -5 -11.3997
24 -4 -11.3761
24 -3 -11.3491
24 -2 -11.3222
24 -1 -11.299
24 0 -11.2612
24 1 -11.2363
24 2 -11.268
24 3 -11.4618
24 4 -11.7427
24 5 -12.0569
24 6 -12.3818
24 7 -12.7209
24 8 -13.0438
24 9 -13.3743
24 10 -13.671
24 11 -14.0094
24 12 -14.289
24 13 -14.57
24 14 -14.8573
24 15 -15.1253
24 16 -15.3905
24 17 -15.6571
24 18 -15.8925
24 19 -16.142
24 20 -16.3732
24 21 -16.5869
24 22 -16.8261
24 23 -17.036
24 24 -17.2418
24 25 -17.441
24 26 -17.6215
24 27 -17.8212
24 28 -17.9965
24 29 -18.1676
24 30 -18.3367
24 31 -18.4967
24 32 -18.6365
24 33 -18.7772
24 34 -18.9151
24 35 -19.0594
24 36 -19.1794
24 37 -19.3065
24 38 -19.4166
24 39 -19.5379
24 40 -19.6478
25 -10 -11.4877
25 -9 -11.4799
25 -8 -11.4598
25 -7 -11.4369
25 -6 -11.4257
25 -5 -11.4097
25 -4 -11.3918
25 -3 -11.3722
25 -2 -11.3352
25 -1 -11.3072
25 0 -11.2707
25 1 -11.2628
25 2 -11.299
25 3 -11.4764
25 4 -11.7511
25 5 -12.078
25 6 -12.3906
25 7 -12.7517
25 8 -13.0652
25 9 -13.3881
25 10 -13.7081
25 11 -14.0081
25 12 -14.2981
25 13 -14.5876
25 14 -14.8714
25 15 -15.1457
25 16 -15.4089
25 17 -15.6689
25 18 -15.915
25 19 -16.1512
25 20 -16.3966
25 21 -16.6182
25 22 -16.8503
25 23 -17.0623
25 24 -17.2505
25 25 -17.4592
25 26 -17.6544
25 27 -17.8285
25 28 -18.009
25 29 -18.1827
25 30 -18.3447
25 31 -18.5015
25 32 -18.6531
25 33 -18.7927
25 34 -18.9382
25 35 -19.0737
25 36 -19.2016
25 37 -19.3203
25 38 -19.4404
25 39 -19.5507
25 40 -19.6644
26 -10 -11.5029
26 -9 -11.4786
26 -8 -11.4749
26 -7 -11.4627
26 -6 -11.4426
26 -5 -11.4272
26 -4 -11.4059
26 -3 -11.3805
26 -2 -11.3536
26 -1 -11.3176
26 0 -11.3021
26 1 -11.2674
26 2 -11.3113
26 3 -11.4878
26 4 -11.7601
26 5 -12.0832
26 6 -12.4146
26 7 -12.7393
26 8 -13.0932
26 9 -13.4008
26 10 -13.7222
26 11 -14.0262
26 12 -14.3338
26 13 -14.6116
26 14 -14.9018
26 15 -15.1647
26 16 -15.419
26 17 -15.6795
26 18 -15.9344
26 19 -16.1735
26 20 -16.4214
26 21 -16.6356
26 22 -16.8562
26 23 -17.0721
26 24 -17.2789
26 25 -17.4833
26 26 -17.6687
26 27 -17.85
26 28 -18.0333
26 29 -18.2052
26 30 -18.3719
26 31 -18.5228
26 32 -18.6768
26 33 -18.8251
26 34 -18.9678
26 35 -19.0918
26 36 -19.2161
26 37 -19.3452
26 38 -19.4632
26 39 -19.5748
26 40 -19.687
27 -10 -11.51
27 -9 -11.489
27 -8 -11.4841
27 -7 -11.4644
27 -6 -11.4436
27 -5 -11.4312
27 -4 -11.42
27 -3 -11.3939
27 -2 -11.3713
27 -1 -11.3458
27 0 -11.3076
27 1 -11.2948
27 2 -11.3314
27 3 -11.5113
27 4 -11.7724
27 5 -12.084
27 6 -12.4177
27 7 -12.7536
27 8 -13.1132
27 9 -13.4128
27 10 -13.734
27 11 -14.0435
27 12 -14.3363
27 13 -14.633
27 14 -14.9156
27 15 -15.1851
27 16 -15.4681
27 17 -15.7013
27 18 -15.9507
27 19 -16.1867
27 20 -16.4234
27 21 -16.6586
27 22 -16.8716
27 23 -17.0802
27 24 -17.2983
27 25 -17.4991
27 26 -17.6779
27 27 -17.8589
27 28 -18.0468
27 29 -18.2158
27 30 -18.3773
27 31 -18.5408
27 32 -18.7003
27 33 -18.8351
27 34 -18.9677
27 35 -19.1073
27 36 -19.2306
27 37 -19.3576
27 38 -19.4732
27 39 -19.5836
27 40 -19.7004
28 -10 -11.5073
28 -9 -11.5127
28 -8 -11.4975
28 -7 -11.4889
28 -6 -11.4644
28 -5 -11.4368
28 -4 -11.4326
28 -3 -11.4129
28 -2 -11.3694
28 -1 -11.3559
28 0 -11.3159
28 1 -11.3023
28 2 -11.3412
28 3 -11.5187
28 4 -11.7956
28 5 -12.1217
28 6 -12.4564
28 7 -12.7884
28 8 -13.1207
28 9 -13.4429
28 10 -13.7369
28 11 -14.0522
28 12 -14.3549
28 13 -14.6423
28 14 -14.9243
28 15 -15.1931
28 16 -15.4626
28 17 -15.7222
28 18 -15.9674
28 19 -16.2025
28 20 -16.4467
28 21 -16.6529
28 22 -16.8855
28 23 -17.093
28 24 -17.2926
28 25 -17.4921
28 26 -17.6916
28 27 -17.8767
28 28 -18.0617
28 29 -18.2354
28 30 -18.3966
28 31 -18.5578
28 32 -18.7
28 33 -18.8561
28 34 -18.9861
28 35 -19.1146
28 36 -19.2467
28 37 -19.3643
28 38 -19.4861
28 39 -19.6008
28 40 -19.722
29 -10 -11.5091
29 -9 -11.5145
29 -8 -11.4974
29 -7 -11.4823
29 -6 -11.4694
29 -5 -11.459
29 -4 -11.4374
29 -3 -11.4233
29 -2 -11.3906
29 -1 -11.3604
29 0 -11.3369
29 1 -11.3019
29 2 -11.3526
29 3 -11.5415
29 4 -11.8161
29 5 -12.1476
29 6 -12.4691
29 7 -12.7914
29 8 -13.1406
29 9 -13.4514
29 10 -13.7896
29 11 -14.0632
29 12 -14.3566
29 13 -14.6563
29 14 -14.9369
29 15 -15.2228
29 16 -15.4813
29 17 -15.7181
29 18 -15.992
29 19 -16.2219
29 20 -16.4459
29 21 -16.6816
29 22 -16.8869
29 23 -17.1094
29 24 -17.3098
29 25 -17.5075
29 26 -17.704
29 27 -17.8977
29 28 -18.0619
29 29 -18.2445
29 30 -18.4052
29 31 -18.5581
29 32 -18.7192
29 33 -18.8585
29 34 -18.9942
29 35 -19.1294
29 36 -19.2581
29 37 -19.3796
29 38 -19.5011
29 39 -19.6063
29 40 -19.7217
30 -10 -11.5195
30 -9 -11.5166
30 -8 -11.5074
30 -7 -11.4897
30 -6 -11.4782
30 -5 -11.475
30 -4 -11.4542
30 -3 -11.4353
30 -2 -11.4038
30 -1 -11.3717
30 0 -11.3513
30 1 -11.3283
30 2 -11.3741
30 3 -11.5403
30 4 -11.8262
30 5 -12.1472
30 6 -12.4817
30 7 -12.8088
30 8 -13.1358
30 9 -13.458
30 10 -13.772
30 11 -14.0866
30 12 -14.3876
30 13 -14.6839
30 14 -14.9591
30 15 -15.223
30 16 -15.4928
30 17 -15.7334
30 18 -15.9966
30 19 -16.2439
30 20 -16.4712
30 21 -16.6806
30 22 -16.9049
30 23 -17.1137
30 24 -17.3222
30 25 -17.525
30 26 -17.7121
30 27 -17.8869
30 28 -18.075
30 29 -18.2532
30 30 -18.4087
30 31 -18.5747
30 32 -18.7226
30 33 -18.8636
30 34 -19.0126
30 35 -19.1416
30 36 -19.2656
30 37 -19.3884
30 38 -19.5086
30 39 -19.6206
30 40 -19.7262
31 -10 -11.5246
31 -9 -11.5216
31 -8 -11.5106
31 -7 -11.4957
31 -6 -11.4847
31 -5 -11.4767
31 -4 -11.4664
31 -3 -11.4427
31 -2 -11.4105
31 -1 -11.3884
31 0 -11.3565
31 1 -11.3488
31 2 -11.3949
31 3 -11.5582
31 4 -11.8482
31 5 -12.153
31 6 -12.4887
31 7 -12.8252
31 8 -13.1334
31 9 -13.4701
31 10 -13.7924
31 11 -14.0929
31 12 -14.3923
31 13 -14.6836
31 14 -14.9568
31 15 -15.2303
31 16 -15.4991
31 17 -15.7567
31 18 -16.0154
31 19 -16.2403
31 20 -16.4722
31 21 -16.6939
31 22 -16.9169
31 23 -17.1181
31 24 -17.3383
31 25 -17.5273
31 26 -17.7229
31 27 -17.9056
31 28 -18.0886
31 29 -18.2638
31 30 -18.4302
31 31 -18.5871
31 32 -18.725
31 33 -18.8792
31 34 -19.0142
31 35 -19.1481
31 36 -19.2725
31 37 -19.4015
31 38 -19.5183
31 39 -19.6319
31 40 -19.7396
32 -10 -11.5197
32 -9 -11.5221
32 -8 -11.5187
32 -7 -11.5014
32 -6 -11.4966
32 -5 -11.4832
32 -4 -11.4629
32 -3 -11.4497
32 -2 -11.4404
32 -1 -11.3961
32 0 -11.3768
32 1 -11.3625
32 2 -11.3958
32 3 -11.5658
32 4 -11.845
32 5 -12.1602
32 6 -12.5004
32 7 -12.8399
32 8 -13.1558
32 9 -13.4842
32 10 -13.8013
32 11 -14.1022
32 12 -14.409
32 13 -14.7069
32 14 -14.9715
32 15 -15.2547
32 16 -15.5022
32 17 -15.7625
32 18 -16.026
32 19 -16.2579
32 20 -16.4797
32 21 -16.7096
32 22 -16.9263
32 23 -17.1452
32 24 -17.3481
32 25 -17.5358
32 26 -17.7308
32 27 -17.9114
32 28 -18.0935
32 29 -18.2618
32 30 -18.4336
32 31 -18.591
32 32 -18.7426
32 33 -18.8883
32 34 -19.022
32 35 -19.1573
32 36 -19.2779
32 37 -19.4011
32 38 -19.5239
32 39 -19.6411
32 40 -19.7524
33 -10 -11.5205
33 -9 -11.517
33 -8 -11.5086
33 -7 -11.5072
33 -6 -11.4969
33 -5 -11.475
33 -4 -11.4761
33 -3 -11.4536
33 -2 -11.4336
33 -1 -11.4027
33 0 -11.3865
33 1 -11.3558
33 2 -11.4077
33 3 -11.5733
33 4 -11.8766
33 5 -12.1893
33 6 -12.502
33 7 -12.8405
33 8 -13.1805
33 9 -13.4989
33 10 -13.7941
33 11 -14.1188
33 12 -14.4202
33 13 -14.6978
33 14 -14.9786
33 15 -15.2648
33 16 -15.5311
33 17 -15.7765
33 18 -16.0165
33 19 -16.2605
33 20 -16.507
33 21 -16.7277
33 22 -16.9494
33 23 -17.1448
33 24 -17.351
33 25 -17.5474
33 26 -17.7399
33 27 -17.9215
33 28 -18.0958
33 29 -18.2751
33 30 -18.4393
33 31 -18.6
33 32 -18.7518
33 33 -18.8896
33 34 -19.0419
33 35 -19.1643
33 36 -19.2951
33 37 -19.4138
33 38 -19.5334
33 39 -19.6448
33 40 -19.7507
34 -10 -11.5309
34 -9 -11.5244
34 -8 -11.5136
34 -7 -11.5009
34 -6 -11.4823
34 -5 -11.4811
34 -4 -11.4622
34 -3 -11.4582
34 -2 -11.4424
34 -1 -11.419
34 0 -11.3926
34 1 -11.3747
34 2 -11.4193
34 3 -11.6002
34 4 -11.8735
34 5 -12.202
34 6 -12.5292
34 7 -12.8502
34 8 -13.1738
34 9 -13.5106
34 10 -13.8151
34 11 -14.1127
34 12 -14.4294
34 13 -14.7072
34 14 -14.9882
34 15 -15.2535
34 16 -15.5327
34 17 -15.7827
34 18 -16.0345
34 19 -16.2721
34 20 -16.4951
34 21 -16.7328
34 22 -16.9492
34 23 -17.1518
34 24 -17.358
34 25 -17.5608
34 26 -17.7463
34 27 -17.9285
34 28 -18.1088
34 29 -18.2765
34 30 -18.4533
34 31 -18.6003
34 32 -18.7584
34 33 -18.9056
34 34 -19.0474
34 35 -19.1736
34 36 -19.307
34 37 -19.4131
34 38 -19.5361
34 39 -19.659
34 40 -19.7626
35 -10 -11.526
35 -9 -11.517
35 -8 -11.5135
35 -7 -11.5075
35 -6 -11.4991
35 -5 -11.4906
35 -4 -11.4774
35 -3 -11.4551
35 -2 -11.4636
35 -1 -11.4212
35 0 -11.4045
35 1 -11.3834
35 2 -11.4193
35 3 -11.6125
35 4 -11.875
35 5 -12.1964
35 6 -12.5392
35 7 -12.8555
35 8 -13.1926
35 9 -13.5105
35 10 -13.8155
35 11 -14.1372
35 12 -14.4257
35 13 -14.7233
35 14 -14.9985
35 15 -15.2632
35 16 -15.5261
35 17 -15.797
35 18 -16.0466
35 19 -16.2828
35 20 -16.5139
35 21 -16.7294
35 22 -16.9481
35 23 -17.1446
35 24 -17.3593
35 25 -17.5606
35 26 -17.7458
35 27 -17.9379
35 28 -18.1118
35 29 -18.2798
35 30 -18.4532
35 31 -18.6038
35 32 -18.7602
35 33 -18.9095
35 34 -19.0426
35 35 -19.1763
35 36 -19.301
35 37 -19.4271
35 38 -19.5456
35 39 -19.6555
35 40 -19.7737
36 -10 -11.5234
36 -9 -11.5194
36 -8 -11.5181
36 -7 -11.4997
36 -6 -11.4872
36 -5 -11.4939
36 -4 -11.4745
36 -3 -11.4757
36 -2 -11.4506
36 -1 -11.4286
36 0 -11.4035
36 1 -11.3867
36 2 -11.4302
36 3 -11.6253
36 4 -11.8902
36 5 -12.2105
36 6 -12.5416
36 7 -12.8803
36 8 -13.1926
36 9 -13.5316
36 10 -13.8381
36 11 -14.1375
36 12 -14.4354
36 13 -14.7239
36 14 -15.0014
36 15 -15.2746
36 16 -15.5539
36 17 -15.7955
36 18 -16.0303
36 19 -16.2802
36 20 -16.5221
36 21 -16.7315
36 22 -16.9481
36 23 -17.161
36 24 -17.3679
36 25 -17.569
36 26 -17.7616
36 27 -17.9351
36 28 -18.1171
36 29 -18.2939
36 30 -18.4566
36 31 -18.611
36 32 -18.7597
36 33 -18.9024
36 34 -19.0459
36 35 -19.1811
36 36 -19.3116
36 37 -19.4281
36 38 -19.5519
36 39 -19.6628
36 40 -19.775
37 -10 -11.517
37 -9 -11.5237
37 -8 -11.5054
37 -7 -11.4997
37 -6 -11.4927
37 -5 -11.4884
37 -4 -11.4833
37 -3 -11.4686
37 -2 -11.4611
37 -1 -11.4211
37 0 -11.4161
37 1 -11.3887
37 2 -11.4389
37 3 -11.6354
37 4 -11.9036
37 5 -12.2202
37 6 -12.549
37 7 -12.8889
37 8 -13.2079
37 9 -13.5224
37 10 -13.8345
37 11 -14.1494
37 12 -14.4292
37 13 -14.7231
37 14 -15.0025
37 15 -15.2751
37 16 -15.5378
37 17 -15.7934
37 18 -16.0473
37 19 -16.2922
37 20 -16.5094
37 21 -16.735
37 22 -16.9689
37 23 -17.1613
37 24 -17.3749
37 25 -17.5739
37 26 -17.7389
37 27 -17.9386
37 28 -18.1163
37 29 -18.2747
37 30 -18.4541
37 31 -18.6106
37 32 -18.7685
37 33 -18.9003
37 34 -19.0419
37 35 -19.176
37 36 -19.3119
37 37 -19.4302
37 38 -19.5497
37 39 -19.6567
37 40 -19.7717
38 -10 -11.5221
38 -9 -11.5262
38 -8 -11.5135
38 -7 -11.4969
38 -6 -11.4861
38 -5 -11.4915
38 -4 -11.4906
38 -3 -11.4754
38 -2 -11.4552
38 -1 -11.4182
38 0 -11.419
38 1 -11.3949
38 2 -11.4479
38 3 -11.6298
38 4 -11.9121
38 5 -12.23
38 6 -12.5549
38 7 -12.8869
38 8 -13.2094
38 9 -13.523
38 10 -13.8395
38 11 -14.1425
38 12 -14.4496
38 13 -14.7194
38 14 -15.0131
38 15 -15.2885
38 16 -15.5572
38 17 -15.8025
38 18 -16.0554
38 19 -16.2889
38 20 -16.5183
38 21 -16.7283
38 22 -16.9649
38 23 -17.1728
38 24 -17.3707
38 25 -17.5569
38 26 -17.7562
38 27 -17.9404
38 28 -18.1149
38 29 -18.2877
38 30 -18.4576
38 31 -18.6091
38 32 -18.7665
38 33 -18.9104
38 34 -19.0409
38 35 -19.1795
38 36 -19.3086
38 37 -19.4288
38 38 -19.5473
38 39 -19.6534
38 40 -19.7807
39 -10 -11.5279
39 -9 -11.5227
39 -8 -11.5145
39 -7 -11.5014
39 -6 -11.4882
39 -5 -11.4848
39 -4 -11.4792
39 -3 -11.4728
39 -2 -11.4505
39 -1 -11.4487
39 0 -11.4262
39 1 -11.3985
39 2 -11.4463
39 3 -11.6457
39 4 -11.9096
39 5 -12.2251
39 6 -12.5623
39 7 -12.8891
39 8 -13.2124
39 9 -13.5257
39 10 -13.84
39 11 -14.1395
39 12 -14.4442
39 13 -14.7335
39 14 -15.0118
39 15 -15.2881
39 16 -15.5465
39 17 -15.8041
39 18 -16.0429
39 19 -16.2952
39 20 -16.5167
39 21 -16.7368
39 22 -16.9592
39 23 -17.165
39 24 -17.372
39 25 -17.5668
39 26 -17.7651
39 27 -17.9453
39 28 -18.1129
39 29 -18.2948
39 30 -18.4453
39 31 -18.6115
39 32 -18.7566
39 33 -18.9023
39 34 -19.0396
39 35 -19.1796
39 36 -19.306
39 37 -19.4276
39 38 -19.5468
39 39 -19.6598
39 40 -19.7717
40 -10 -11.5144
40 -9 -11.5159
40 -8 -11.5129
40 -7 -11.4912
40 -6 -11.4905
40 -5 -11.4799
40 -4 -11.471
40 -3 -11.4683
40 -2 -11.4445
40 -1 -11.4343
40 0 -11.4137
40 1 -11.4012
40 2 -11.447
40 3 -11.6391
40 4 -11.9081
40 5 -12.2302
40 6 -12.5586
40 7 -12.897
40 8 -13.2316
40 9 -13.536
40 10 -13.8438
40 11 -14.1513
40 12 -14.4512
40 13 -14.7264
40 14 -15.0163
40 15 -15.2854
40 16 -15.5478
40 17 -15.8072
40 18 -16.0474
40 19 -16.2816
40 20 -16.5211
40 21 -16.7438
40 22 -16.9598
40 23 -17.1636
40 24 -17.3794
40 25 -17.5726
40 26 -17.7553
40 27 -17.9409
40 28 -18.1125
40 29 -18.2875
40 30 -18.4552
40 31 -18.6084
40 32 -18.7656
40 33 -18.9018
40 34 -19.044
40 35 -19.1825
40 36 -19.3007
40 37 -19.4242
40 38 -19.5411
40 39 -19.6643
40 40 -19.7687
