-10 -10 -9.82149
-10 -9 -9.79442
-10 -8 -9.72613
-10 -7 -9.69979
-10 -6 -9.69793
-10 -5 -9.69938
-10 -4 -9.7263
-10 -3 -9.70258
-10 -2 -9.6981
-10 -1 -9.61639
-10 0 -9.59553
-10 1 -9.56365
-10 2 -9.62649
-10 3 -9.82658
-10 4 -10.0993
-10 5 -10.4067
-10 6 -10.7225
-10 7 -11.0651
-10 8 -11.3742
-10 9 -11.6948
-10 10 -12.0195
-10 11 -12.3223
-10 12 -12.6196
-10 13 -12.8836
-10 14 -13.1782
-10 15 -13.4458
-10 16 -13.7074
-10 17 -13.9467
-10 18 -14.2109
-10 19 -14.4505
-10 20 -14.6834
-10 21 -14.8998
-10 22 -15.1391
-10 23 -15.3612
-10 24 -15.5583
-10 25 -15.7581
-10 26 -15.9591
-10 27 -16.1411
-10 28 -16.3305
-10 29 -16.5116
-10 30 -16.6742
-10 31 -16.8223
-10 32 -16.9709
-10 33 -17.1142
-10 34 -17.2394
-10 35 -17.3688
-10 36 -17.5041
-10 37 -17.6276
-10 38 -17.7642
-10 39 -17.8797
-10 40 -17.9931
-9 -10 -9.79442
-9 -9 -9.72613
-9 -8 -9.69979
-9 -7 -9.69793
-9 -6 -9.6993
-9 -5 -9.7263
-9 -4 -9.70258
-9 -3 -9.6981
-9 -2 -9.61639
-9 -1 -9.59553
-9 0 -9.5678
-9 1 -9.55115
-9 2 -9.66384
-9 3 -9.87569
-9 4 -10.1443
-9 5 -10.4651
-9 6 -10.7776
-9 7 -11.1065
-9 8 -11.4134
-9 9 -11.7123
-9 10 -12.0345
-9 11 -12.3052
-9 12 -12.6078
-9 13 -12.8796
-9 14 -13.1576
-9 15 -13.4326
-9 16 -13.6938
-9 17 -13.9269
-9 18 -14.1861
-9 19 -14.416
-9 20 -14.6454
-9 21 -14.8673
-9 22 -15.0876
-9 23 -15.3011
-9 24 -15.493
-9 25 -15.7038
-9 26 -15.885
-9 27 -16.0821
-9 28 -16.2689
-9 29 -16.442
-9 30 -16.6004
-9 31 -16.767
-9 32 -16.9182
-9 33 -17.0617
-9 34 -17.1908
-9 35 -17.3216
-9 36 -17.4481
-9 37 -17.5623
-9 38 -17.7002
-9 39 -17.8162
-9 40 -17.9367
-8 -10 -9.72613
-8 -9 -9.69979
-8 -8 -9.69793
-8 -7 -9.69833
-8 -6 -9.7263
-8 -5 -9.70258
-8 -4 -9.6981
-8 -3 -9.61639
-8 -2 -9.59553
-8 -1 -9.5678
-8 0 -9.55114
-8 1 -9.60649
-8 2 -9.62002
-8 3 -9.81303
-8 4 -10.0801
-8 5 -10.3985
-8 6 -10.7298
-8 7 -11.072
-8 8 -11.3832
-8 9 -11.7228
-8 10 -12.0463
-8 11 -12.347
-8 12 -12.6417
-8 13 -12.9104
-8 14 -13.1637
-8 15 -13.4315
-8 16 -13.6796
-8 17 -13.9196
-8 18 -14.1596
-8 19 -14.3911
-8 20 -14.6093
-8 21 -14.8473
-8 22 -15.0491
-8 23 -15.2651
-8 24 -15.478
-8 25 -15.6579
-8 26 -15.8725
-8 27 -16.049
-8 28 -16.2245
-8 29 -16.4037
-8 30 -16.5621
-8 31 -16.7207
-8 32 -16.8826
-8 33 -17.0301
-8 34 -17.1507
-8 35 -17.2749
-8 36 -17.4086
-8 37 -17.5232
-8 38 -17.6581
-8 39 -17.7804
-8 40 -17.9024
-7 -10 -9.69978
-7 -9 -9.69791
-7 -8 -9.69234
-7 -7 -9.73063
-7 -6 -9.70256
-7 -5 -9.69807
-7 -4 -9.61639
-7 -3 -9.59551
-7 -2 -9.56778
-7 -1 -9.55382
-7 0 -9.6012
-7 1 -9.51451
-7 2 -9.53991
-7 3 -9.77744
-7 4 -10.0465
-7 5 -10.3803
-7 6 -10.6659
-7 7 -11.0088
-7 8 -11.3703
-7 9 -11.667
-7 10 -11.9769
-7 11 -12.2815
-7 12 -12.5783
-7 13 -12.8819
-7 14 -13.1616
-7 15 -13.4528
-7 16 -13.7106
-7 17 -13.9338
-7 18 -14.1751
-7 19 -14.4099
-7 20 -14.6184
-7 21 -14.8341
-7 22 -15.0403
-7 23 -15.2463
-7 24 -15.4539
-7 25 -15.6531
-7 26 -15.848
-7 27 -16.0303
-7 28 -16.2087
-7 29 -16.3745
-7 30 -16.5508
-7 31 -16.6987
-7 32 -16.8664
-7 33 -16.993
-7 34 -17.1297
-7 35 -17.2551
-7 36 -17.3936
-7 37 -17.5061
-7 38 -17.6286
-7 39 -17.7691
-7 40 -17.8716
-6 -10 -9.69783
-6 -9 -9.69226
-6 -8 -9.73059
-6 -7 -9.71492
-6 -6 -9.6983
-6 -5 -9.62448
-6 -4 -9.59539
-6 -3 -9.5637
-6 -2 -9.55104
-6 -1 -9.61365
-6 0 -9.51455
-6 1 -9.48386
-6 2 -9.5596
-6 3 -9.73063
-6 4 -10.0191
-6 5 -10.3325
-6 6 -10.6577
-6 7 -10.9837
-6 8 -11.3114
-6 9 -11.6056
-6 10 -11.9444
-6 11 -12.2362
-6 12 -12.5508
-6 13 -12.8378
-6 14 -13.1295
-6 15 -13.3943
-6 16 -13.6625
-6 17 -13.923
-6 18 -14.2068
-6 19 -14.4535
-6 20 -14.6574
-6 21 -14.8803
-6 22 -15.0816
-6 23 -15.2778
-6 24 -15.4983
-6 25 -15.685
-6 26 -15.8561
-6 27 -16.0381
-6 28 -16.2048
-6 29 -16.3661
-6 30 -16.5331
-6 31 -16.6786
-6 32 -16.8354
-6 33 -16.9806
-6 34 -17.1187
-6 35 -17.2434
-6 36 -17.3697
-6 37 -17.5037
-6 38 -17.6302
-6 39 -17.7497
-6 40 -17.8764
-5 -10 -9.70389
-5 -9 -9.7304
-5 -8 -9.70826
-5 -7 -9.70396
-5 -6 -9.6293
-5 -5 -9.60453
-5 -4 -9.60317
-5 -3 -9.58449
-5 -2 -9.61326
-5 -1 -9.51476
-5 0 -9.48359
-5 1 -9.45291
-5 2 -9.52279
-5 3 -9.71784
-5 4 -9.99374
-5 5 -10.3153
-5 6 -10.6334
-5 7 -10.973
-5 8 -11.2912
-5 9 -11.6047
-5 10 -11.9134
-5 11 -12.2128
-5 12 -12.5149
-5 13 -12.7828
-5 14 -13.0718
-5 15 -13.3489
-5 16 -13.5994
-5 17 -13.8675
-5 18 -14.1265
-5 19 -14.3865
-5 20 -14.6148
-5 21 -14.8701
-5 22 -15.0921
-5 23 -15.2814
-5 24 -15.4784
-5 25 -15.6638
-5 26 -15.8403
-5 27 -16.0184
-5 28 -16.2019
-5 29 -16.3907
-5 30 -16.5379
-5 31 -16.6964
-5 32 -16.8514
-5 33 -16.9903
-5 34 -17.1325
-5 35 -17.2518
-5 36 -17.3821
-5 37 -17.5073
-5 38 -17.6301
-5 39 -17.7655
-5 40 -17.9076
-4 -10 -9.72839
-4 -9 -9.71395
-4 -8 -9.70146
-4 -7 -9.63221
-4 -6 -9.60519
-4 -5 -9.61849
-4 -4 -9.60315
-4 -3 -9.63739
-4 -2 -9.51815
-4 -1 -9.51925
-4 0 -9.49918
-4 1 -9.43371
-4 2 -9.52256
-4 3 -9.71758
-4 4 -9.97672
-4 5 -10.3008
-4 6 -10.6071
-4 7 -10.9392
-4 8 -11.2535
-4 9 -11.5814
-4 10 -11.8992
-4 11 -12.192
-4 12 -12.479
-4 13 -12.7787
-4 14 -13.0555
-4 15 -13.3489
-4 16 -13.6097
-4 17 -13.8618
-4 18 -14.108
-4 19 -14.3291
-4 20 -14.5722
-4 21 -14.824
-4 22 -15.0393
-4 23 -15.2525
-4 24 -15.473
-4 25 -15.6797
-4 26 -15.8682
-4 27 -16.0313
-4 28 -16.2092
-4 29 -16.3729
-4 30 -16.5228
-4 31 -16.6866
-4 32 -16.8281
-4 33 -16.9599
-4 34 -17.1023
-4 35 -17.2311
-4 36 -17.3532
-4 37 -17.4919
-4 38 -17.6237
-4 39 -17.7599
-4 40 -17.8914
-3 -10 -9.73214
-3 -9 -9.69544
-3 -8 -9.68298
-3 -7 -9.65043
-3 -6 -9.61964
-3 -5 -9.61888
-3 -4 -9.64828
-3 -3 -9.61413
-3 -2 -9.54026
-3 -1 -9.51663
-3 0 -9.50131
-3 1 -9.46469
-3 2 -9.52674
-3 3 -9.72915
-3 4 -9.99288
-3 5 -10.298
-3 6 -10.6502
-3 7 -10.9661
-3 8 -11.2648
-3 9 -11.566
-3 10 -11.8947
-3 11 -12.1872
-3 12 -12.458
-3 13 -12.7472
-3 14 -13.02
-3 15 -13.2981
-3 16 -13.5528
-3 17 -13.8058
-3 18 -14.0735
-3 19 -14.2916
-3 20 -14.557
-3 21 -14.7847
-3 22 -15.0123
-3 23 -15.2312
-3 24 -15.4362
-3 25 -15.637
-3 26 -15.8368
-3 27 -16.0172
-3 28 -16.2202
-3 29 -16.3868
-3 30 -16.5354
-3 31 -16.6883
-3 32 -16.8338
-3 33 -16.9778
-3 34 -17.1173
-3 35 -17.2448
-3 36 -17.3657
-3 37 -17.4957
-3 38 -17.6276
-3 39 -17.7451
-3 40 -17.8531
-2 -10 -9.75989
-2 -9 -9.71541
-2 -8 -9.70874
-2 -7 -9.66431
-2 -6 -9.63978
-2 -5 -9.6533
-2 -4 -9.65336
-2 -3 -9.58398
-2 -2 -9.54041
-2 -1 -9.50638
-2 0 -9.49585
-2 1 -9.51522
-2 2 -9.52663
-2 3 -9.68057
-2 4 -9.95882
-2 5 -10.2544
-2 6 -10.5935
-2 7 -10.9122
-2 8 -11.3123
-2 9 -11.6117
-2 10 -11.9061
-2 11 -12.2001
-2 12 -12.4639
-2 13 -12.7539
-2 14 -13.0237
-2 15 -13.2862
-2 16 -13.5328
-2 17 -13.7872
-2 18 -14.0343
-2 19 -14.2757
-2 20 -14.5258
-2 21 -14.7552
-2 22 -14.9634
-2 23 -15.2023
-2 24 -15.4195
-2 25 -15.63
-2 26 -15.8204
-2 27 -16.0149
-2 28 -16.2074
-2 29 -16.3886
-2 30 -16.5485
-2 31 -16.7096
-2 32 -16.8822
-2 33 -17.007
-2 34 -17.1304
-2 35 -17.2557
-2 36 -17.375
-2 37 -17.4968
-2 38 -17.6135
-2 39 -17.7303
-2 40 -17.8576
-1 -10 -9.73605
-1 -9 -9.70295
-1 -8 -9.69103
-1 -7 -9.6645
-1 -6 -9.65509
-1 -5 -9.65387
-1 -4 -9.61409
-1 -3 -9.58002
-1 -2 -9.54402
-1 -1 -9.54894
-1 0 -9.51913
-1 1 -9.47853
-1 2 -9.45869
-1 3 -9.63852
-1 4 -9.9183
-1 5 -10.2141
-1 6 -10.5836
-1 7 -10.9018
-1 8 -11.2508
-1 9 -11.5989
-1 10 -11.9218
-1 11 -12.2307
-1 12 -12.5453
-1 13 -12.8053
-1 14 -13.061
-1 15 -13.3116
-1 16 -13.5633
-1 17 -13.8071
-1 18 -14.0538
-1 19 -14.2949
-1 20 -14.5247
-1 21 -14.7586
-1 22 -14.9942
-1 23 -15.169
-1 24 -15.4174
-1 25 -15.6193
-1 26 -15.8096
-1 27 -15.999
-1 28 -16.1861
-1 29 -16.3658
-1 30 -16.5346
-1 31 -16.7086
-1 32 -16.8654
-1 33 -17.0062
-1 34 -17.156
-1 35 -17.2744
-1 36 -17.4086
-1 37 -17.5386
-1 38 -17.6562
-1 39 -17.7777
-1 40 -17.9069
0 -10 -9.72799
0 -9 -9.73049
0 -8 -9.69806
0 -7 -9.66139
0 -6 -9.69265
0 -5 -9.62552
0 -4 -9.60087
0 -3 -9.54054
0 -2 -9.56196
0 -1 -9.54945
0 0 -9.51148
0 1 -9.48031
0 2 -9.48754
0 3 -9.62887
0 4 -9.91877
0 5 -10.2259
0 6 -10.5681
0 7 -10.9188
0 8 -11.2756
0 9 -11.5874
0 10 -11.9048
0 11 -12.2205
0 12 -12.5255
0 13 -12.8355
0 14 -13.1146
0 15 -13.3594
0 16 -13.5982
0 17 -13.844
0 18 -14.071
0 19 -14.3116
0 20 -14.5397
0 21 -14.7547
0 22 -14.9853
0 23 -15.195
0 24 -15.3965
0 25 -15.6162
0 26 -15.8064
0 27 -15.9938
0 28 -16.1805
0 29 -16.3549
0 30 -16.5334
0 31 -16.6982
0 32 -16.8449
0 33 -17.0118
0 34 -17.1468
0 35 -17.2827
0 36 -17.4155
0 37 -17.5362
0 38 -17.6622
0 39 -17.7999
0 40 -17.9128
1 -10 -9.70567
1 -9 -9.7086
1 -8 -9.72568
1 -7 -9.70925
1 -6 -9.70747
1 -5 -9.63892
1 -4 -9.58665
1 -3 -9.5748
1 -2 -9.55623
1 -1 -9.63079
1 0 -9.53451
1 1 -9.44703
1 2 -9.45528
1 3 -9.64581
1 4 -9.91611
1 5 -10.2266
1 6 -10.5625
1 7 -10.9088
1 8 -11.2414
1 9 -11.5732
1 10 -11.9052
1 11 -12.2263
1 12 -12.5586
1 13 -12.8889
1 14 -13.1597
1 15 -13.4211
1 16 -13.6815
1 17 -13.904
1 18 -14.1611
1 19 -14.3822
1 20 -14.6073
1 21 -14.8166
1 22 -15.0542
1 23 -15.267
1 24 -15.4625
1 25 -15.6621
1 26 -15.856
1 27 -16.0271
1 28 -16.2141
1 29 -16.396
1 30 -16.55
1 31 -16.7262
1 32 -16.8688
1 33 -17.0073
1 34 -17.1492
1 35 -17.2771
1 36 -17.4092
1 37 -17.5397
1 38 -17.6563
1 39 -17.7748
1 40 -17.9073
2 -10 -9.79634
2 -9 -9.77367
2 -8 -9.78127
2 -7 -9.76049
2 -6 -9.76163
2 -5 -9.6672
2 -4 -9.63117
2 -3 -9.5997
2 -2 -9.6409
2 -1 -9.60956
2 0 -9.65107
2 1 -9.54107
2 2 -9.48502
2 3 -9.67938
2 4 -9.98141
2 5 -10.2686
2 6 -10.6209
2 7 -10.9825
2 8 -11.3235
2 9 -11.6535
2 10 -11.989
2 11 -12.3116
2 12 -12.6373
2 13 -12.9421
2 14 -13.1979
2 15 -13.4829
2 16 -13.7558
2 17 -13.9917
2 18 -14.22
2 19 -14.4391
2 20 -14.6545
2 21 -14.8657
2 22 -15.0743
2 23 -15.291
2 24 -15.5083
2 25 -15.6967
2 26 -15.8892
2 27 -16.0842
2 28 -16.2556
2 29 -16.4449
2 30 -16.6005
2 31 -16.762
2 32 -16.9135
2 33 -17.0732
2 34 -17.2065
2 35 -17.3487
2 36 -17.4827
2 37 -17.6146
2 38 -17.7329
2 39 -17.8569
2 40 -17.9794
3 -10 -9.85814
3 -9 -9.83992
3 -8 -9.87009
3 -7 -9.80903
3 -6 -9.80509
3 -5 -9.76451
3 -4 -9.72789
3 -3 -9.68652
3 -2 -9.6739
3 -1 -9.61299
3 0 -9.61626
3 1 -9.60165
3 2 -9.54256
3 3 -9.74661
3 4 -10.0371
3 5 -10.3681
3 6 -10.686
3 7 -11.0105
3 8 -11.3818
3 9 -11.728
3 10 -12.0584
3 11 -12.3789
3 12 -12.7063
3 13 -12.9608
3 14 -13.23
3 15 -13.503
3 16 -13.7592
3 17 -14.0457
3 18 -14.2581
3 19 -14.4962
3 20 -14.6999
3 21 -14.921
3 22 -15.1292
3 23 -15.344
3 24 -15.545
3 25 -15.7329
3 26 -15.9382
3 27 -16.1306
3 28 -16.306
3 29 -16.4943
3 30 -16.6481
3 31 -16.822
3 32 -16.9786
3 33 -17.1192
3 34 -17.2502
3 35 -17.3863
3 36 -17.5239
3 37 -17.6745
3 38 -17.7899
3 39 -17.9259
3 40 -18.0621
4 -10 -9.89202
4 -9 -9.87209
4 -8 -9.88652
4 -7 -9.83145
4 -6 -9.79409
4 -5 -9.80624
4 -4 -9.77885
4 -3 -9.72197
4 -2 -9.72879
4 -1 -9.64389
4 0 -9.65516
4 1 -9.63151
4 2 -9.68076
4 3 -9.86348
4 4 -10.1392
4 5 -10.4726
4 6 -10.804
4 7 -11.1246
4 8 -11.4645
4 9 -11.817
4 10 -12.124
4 11 -12.4178
4 12 -12.702
4 13 -12.9701
4 14 -13.2429
4 15 -13.5168
4 16 -13.8043
4 17 -14.0422
4 18 -14.3042
4 19 -14.5307
4 20 -14.7444
4 21 -14.9596
4 22 -15.1663
4 23 -15.3816
4 24 -15.5977
4 25 -15.8089
4 26 -15.9969
4 27 -16.1832
4 28 -16.361
4 29 -16.553
4 30 -16.7167
4 31 -16.8875
4 32 -17.0378
4 33 -17.19
4 34 -17.3289
4 35 -17.4725
4 36 -17.605
4 37 -17.7388
4 38 -17.8555
4 39 -17.9803
4 40 -18.0821
5 -10 -9.96126
5 -9 -9.94217
5 -8 -9.93471
5 -7 -9.86979
5 -6 -9.8111
5 -5 -9.83737
5 -4 -9.80906
5 -3 -9.78265
5 -2 -9.73025
5 -1 -9.67146
5 0 -9.64825
5 1 -9.64667
5 2 -9.70786
5 3 -9.92144
5 4 -10.1969
5 5 -10.5299
5 6 -10.8259
5 7 -11.1738
5 8 -11.474
5 9 -11.8076
5 10 -12.1295
5 11 -12.4379
5 12 -12.7244
5 13 -12.9853
5 14 -13.2782
5 15 -13.5457
5 16 -13.8023
5 17 -14.0676
5 18 -14.3312
5 19 -14.5837
5 20 -14.7923
5 21 -15.0059
5 22 -15.2252
5 23 -15.4447
5 24 -15.6345
5 25 -15.8558
5 26 -16.0466
5 27 -16.2652
5 28 -16.4395
5 29 -16.608
5 30 -16.7964
5 31 -16.9567
5 32 -17.1094
5 33 -17.256
5 34 -17.3967
5 35 -17.5243
5 36 -17.6491
5 37 -17.7665
5 38 -17.8879
5 39 -18.007
5 40 -18.1244
6 -10 -9.9919
6 -9 -9.98658
6 -8 -9.94802
6 -7 -9.91448
6 -6 -9.87042
6 -5 -9.86619
6 -4 -9.85276
6 -3 -9.8691
6 -2 -9.86
6 -1 -9.73857
6 0 -9.70737
6 1 -9.70218
6 2 -9.71989
6 3 -9.92766
6 4 -10.1861
6 5 -10.5346
6 6 -10.8385
6 7 -11.1909
6 8 -11.5262
6 9 -11.8378
6 10 -12.1567
6 11 -12.4411
6 12 -12.7354
6 13 -13.0133
6 14 -13.2993
6 15 -13.5876
6 16 -13.8613
6 17 -14.1347
6 18 -14.3865
6 19 -14.6537
6 20 -14.8675
6 21 -15.0901
6 22 -15.2999
6 23 -15.5184
6 24 -15.7337
6 25 -15.945
6 26 -16.1492
6 27 -16.3375
6 28 -16.523
6 29 -16.7029
6 30 -16.853
6 31 -17.0024
6 32 -17.1571
6 33 -17.2866
6 34 -17.4215
6 35 -17.5587
6 36 -17.6838
6 37 -17.81
6 38 -17.9187
6 39 -18.0247
6 40 -18.1477
7 -10 -10.0507
7 -9 -10.0274
7 -8 -10.0173
7 -7 -9.97193
7 -6 -9.92345
7 -5 -9.90988
7 -4 -9.89629
7 -3 -9.89734
7 -2 -9.8958
7 -1 -9.81973
7 0 -9.76533
7 1 -9.7458
7 2 -9.78034
7 3 -9.98294
7 4 -10.2312
7 5 -10.5407
7 6 -10.8713
7 7 -11.2205
7 8 -11.5651
7 9 -11.8747
7 10 -12.1668
7 11 -12.4689
7 12 -12.7609
7 13 -13.0615
7 14 -13.3491
7 15 -13.6329
7 16 -13.917
7 17 -14.1739
7 18 -14.4425
7 19 -14.7297
7 20 -14.9377
7 21 -15.1617
7 22 -15.3916
7 23 -15.6202
7 24 -15.8135
7 25 -16.0123
7 26 -16.2024
7 27 -16.3943
7 28 -16.5523
7 29 -16.7122
7 30 -16.8814
7 31 -17.0242
7 32 -17.1746
7 33 -17.3182
7 34 -17.4557
7 35 -17.5852
7 36 -17.7083
7 37 -17.8458
7 38 -17.9652
7 39 -18.0667
7 40 -18.1695
8 -10 -10.0875
8 -9 -10.0693
8 -8 -10.0784
8 -7 -10.0562
8 -6 -9.9758
8 -5 -9.9651
8 -4 -9.95855
8 -3 -9.94191
8 -2 -9.88738
8 -1 -9.87075
8 0 -9.84194
8 1 -9.78365
8 2 -9.81824
8 3 -9.99624
8 4 -10.2624
8 5 -10.5983
8 6 -10.9101
8 7 -11.2549
8 8 -11.6089
8 9 -11.9219
8 10 -12.2098
8 11 -12.5303
8 12 -12.8325
8 13 -13.1272
8 14 -13.4279
8 15 -13.7222
8 16 -14.0021
8 17 -14.2867
8 18 -14.5548
8 19 -14.7947
8 20 -15.0158
8 21 -15.2237
8 22 -15.4255
8 23 -15.6419
8 24 -15.8376
8 25 -16.038
8 26 -16.2241
8 27 -16.3934
8 28 -16.5647
8 29 -16.737
8 30 -16.89
8 31 -17.0516
8 32 -17.2045
8 33 -17.3401
8 34 -17.4735
8 35 -17.5939
8 36 -17.7207
8 37 -17.8504
8 38 -17.9615
8 39 -18.0749
8 40 -18.1837
9 -10 -10.1142
9 -9 -10.0878
9 -8 -10.0832
9 -7 -10.0725
9 -6 -10.0255
9 -5 -9.9823
9 -4 -9.99878
9 -3 -9.98209
9 -2 -9.92931
9 -1 -9.91242
9 0 -9.86459
9 1 -9.85526
9 2 -9.87303
9 3 -10.0615
9 4 -10.3552
9 5 -10.6609
9 6 -11.0088
9 7 -11.3365
9 8 -11.6515
9 9 -11.9713
9 10 -12.281
9 11 -12.5973
9 12 -12.9212
9 13 -13.2067
9 14 -13.4964
9 15 -13.7699
9 16 -14.0496
9 17 -14.3052
9 18 -14.5593
9 19 -14.7952
9 20 -15.0162
9 21 -15.2234
9 22 -15.4457
9 23 -15.6459
9 24 -15.8607
9 25 -16.0443
9 26 -16.2303
9 27 -16.4032
9 28 -16.591
9 29 -16.7564
9 30 -16.9175
9 31 -17.0751
9 32 -17.2243
9 33 -17.3567
9 34 -17.4926
9 35 -17.6265
9 36 -17.7507
9 37 -17.8664
9 38 -17.9844
9 39 -18.1
9 40 -18.212
10 -10 -10.1449
10 -9 -10.1435
10 -8 -10.084
10 -7 -10.0834
10 -6 -10.0384
10 -5 -10.0438
10 -4 -10.0154
10 -3 -10.0156
10 -2 -9.93838
10 -1 -9.94115
10 0 -9.88538
10 1 -9.90225
10 2 -9.95405
10 3 -10.1396
10 4 -10.4204
10 5 -10.759
10 6 -11.0703
10 7 -11.3757
10 8 -11.6998
10 9 -12.0298
10 10 -12.3281
10 11 -12.6379
10 12 -12.9463
10 13 -13.2279
10 14 -13.5053
10 15 -13.783
10 16 -14.0634
10 17 -14.3149
10 18 -14.553
10 19 -14.7937
10 20 -15.0357
10 21 -15.2631
10 22 -15.4632
10 23 -15.6746
10 24 -15.8855
10 25 -16.0692
10 26 -16.2505
10 27 -16.4391
10 28 -16.6086
10 29 -16.7793
10 30 -16.9442
10 31 -17.1035
10 32 -17.2445
10 33 -17.3981
10 34 -17.534
10 35 -17.6695
10 36 -17.7862
10 37 -17.8883
10 38 -18.0136
10 39 -18.1251
10 40 -18.2431
11 -10 -10.1882
11 -9 -10.1955
11 -8 -10.1247
11 -7 -10.0911
11 -6 -10.0899
11 -5 -10.0531
11 -4 -10.0628
11 -3 -10.0736
11 -2 -9.99129
11 -1 -9.96013
11 0 -9.90954
11 1 -9.89486
11 2 -9.96294
11 3 -10.1576
11 4 -10.4444
11 5 -10.7741
11 6 -11.0773
11 7 -11.4036
11 8 -11.7142
11 9 -12.0468
11 10 -12.3589
11 11 -12.6554
11 12 -12.9542
11 13 -13.2509
11 14 -13.54
11 15 -13.833
11 16 -14.0654
11 17 -14.319
11 18 -14.5648
11 19 -14.8137
11 20 -15.0786
11 21 -15.2997
11 22 -15.5005
11 23 -15.7221
11 24 -15.9027
11 25 -16.098
11 26 -16.2848
11 27 -16.4707
11 28 -16.6607
11 29 -16.8187
11 30 -16.9919
11 31 -17.1509
11 32 -17.3128
11 33 -17.452
11 34 -17.5821
11 35 -17.7072
11 36 -17.8275
11 37 -17.9326
11 38 -18.0451
11 39 -18.1614
11 40 -18.2883
12 -10 -10.2306
12 -9 -10.2165
12 -8 -10.1585
12 -7 -10.1238
12 -6 -10.1106
12 -5 -10.0875
12 -4 -10.0935
12 -3 -10.1014
12 -2 -10.0311
12 -1 -9.97134
12 0 -9.91186
12 1 -9.91112
12 2 -9.98142
12 3 -10.2051
12 4 -10.4973
12 5 -10.7937
12 6 -11.1135
12 7 -11.4345
12 8 -11.7461
12 9 -12.0475
12 10 -12.3735
12 11 -12.6723
12 12 -12.9704
12 13 -13.2838
12 14 -13.5628
12 15 -13.8193
12 16 -14.0714
12 17 -14.3422
12 18 -14.583
12 19 -14.8558
12 20 -15.1044
12 21 -15.3483
12 22 -15.5572
12 23 -15.7549
12 24 -15.9493
12 25 -16.1345
12 26 -16.3268
12 27 -16.5108
12 28 -16.6994
12 29 -16.8636
12 30 -17.0325
12 31 -17.2078
12 32 -17.3509
12 33 -17.4948
12 34 -17.6405
12 35 -17.7541
12 36 -17.8784
12 37 -17.9989
12 38 -18.1181
12 39 -18.2288
12 40 -18.3348
13 -10 -10.2636
13 -9 -10.295
13 -8 -10.2316
13 -7 -10.1844
13 -6 -10.1384
13 -5 -10.1299
13 -4 -10.1173
13 -3 -10.1174
13 -2 -10.0955
13 -1 -10.0198
13 0 -10.0119
13 1 -9.96766
13 2 -9.99689
13 3 -10.234
13 4 -10.5131
13 5 -10.8137
13 6 -11.1123
13 7 -11.4404
13 8 -11.7605
13 9 -12.0912
13 10 -12.3994
13 11 -12.6997
13 12 -13.0032
13 13 -13.3044
13 14 -13.5803
13 15 -13.836
13 16 -14.1026
13 17 -14.3638
13 18 -14.6323
13 19 -14.8795
13 20 -15.1416
13 21 -15.3837
13 22 -15.598
13 23 -15.7934
13 24 -15.9909
13 25 -16.1789
13 26 -16.3802
13 27 -16.5631
13 28 -16.7463
13 29 -16.9236
13 30 -17.103
13 31 -17.2666
13 32 -17.4102
13 33 -17.5673
13 34 -17.698
13 35 -17.829
13 36 -17.953
13 37 -18.063
13 38 -18.1669
13 39 -18.2847
13 40 -18.3865
14 -10 -10.2736
14 -9 -10.2828
14 -8 -10.2641
14 -7 -10.2182
14 -6 -10.1798
14 -5 -10.1462
14 -4 -10.1484
14 -3 -10.1372
14 -2 -10.0891
14 -1 -10.0424
14 0 -10.0099
14 1 -9.98397
14 2 -10.035
14 3 -10.259
14 4 -10.5292
14 5 -10.8428
14 6 -11.1617
14 7 -11.4759
14 8 -11.7949
14 9 -12.1212
14 10 -12.4362
14 11 -12.7461
14 12 -13.0471
14 13 -13.3333
14 14 -13.605
14 15 -13.8711
14 16 -14.1393
14 17 -14.4223
14 18 -14.6969
14 19 -14.9604
14 20 -15.2211
14 21 -15.451
14 22 -15.6517
14 23 -15.8512
14 24 -16.0496
14 25 -16.2417
14 26 -16.4342
14 27 -16.616
14 28 -16.7935
14 29 -16.9511
14 30 -17.1175
14 31 -17.2754
14 32 -17.4166
14 33 -17.5737
14 34 -17.7008
14 35 -17.8352
14 36 -17.9638
14 37 -18.0778
14 38 -18.1994
14 39 -18.3215
14 40 -18.4323
15 -10 -10.2828
15 -9 -10.2923
15 -8 -10.2704
15 -7 -10.2258
15 -6 -10.1696
15 -5 -10.1891
15 -4 -10.1542
15 -3 -10.133
15 -2 -10.0914
15 -1 -10.0657
15 0 -10.0439
15 1 -10.0492
15 2 -10.0861
15 3 -10.2737
15 4 -10.5465
15 5 -10.8677
15 6 -11.1963
15 7 -11.5134
15 8 -11.8435
15 9 -12.1678
15 10 -12.4841
15 11 -12.7956
15 12 -13.0881
15 13 -13.3711
15 14 -13.6522
15 15 -13.9353
15 16 -14.2078
15 17 -14.4875
15 18 -14.7227
15 19 -14.9898
15 20 -15.2202
15 21 -15.4459
15 22 -15.6564
15 23 -15.8577
15 24 -16.0613
15 25 -16.2425
15 26 -16.4309
15 27 -16.6067
15 28 -16.7821
15 29 -16.9627
15 30 -17.125
15 31 -17.2793
15 32 -17.4393
15 33 -17.5707
15 34 -17.717
15 35 -17.8513
15 36 -17.9773
15 37 -18.0879
15 38 -18.2047
15 39 -18.3255
15 40 -18.4407
16 -10 -10.3096
16 -9 -10.2952
16 -8 -10.2907
16 -7 -10.241
16 -6 -10.207
16 -5 -10.2165
16 -4 -10.2027
16 -3 -10.1629
16 -2 -10.1443
16 -1 -10.0814
16 0 -10.0712
16 1 -10.0675
16 2 -10.1369
16 3 -10.3144
16 4 -10.6069
16 5 -10.903
16 6 -11.2601
16 7 -11.5537
16 8 -11.8841
16 9 -12.2116
16 10 -12.5333
16 11 -12.8124
16 12 -13.0998
16 13 -13.3787
16 14 -13.6769
16 15 -13.9366
16 16 -14.2177
16 17 -14.4928
16 18 -14.7291
16 19 -14.992
16 20 -15.2447
16 21 -15.4684
16 22 -15.6687
16 23 -15.8917
16 24 -16.0672
16 25 -16.2528
16 26 -16.4515
16 27 -16.6268
16 28 -16.7961
16 29 -16.9742
16 30 -17.1438
16 31 -17.303
16 32 -17.4521
16 33 -17.5927
16 34 -17.7296
16 35 -17.8536
16 36 -17.9722
16 37 -18.0806
16 38 -18.2014
16 39 -18.3147
16 40 -18.4252
17 -10 -10.338
17 -9 -10.3179
17 -8 -10.2963
17 -7 -10.2555
17 -6 -10.2488
17 -5 -10.2403
17 -4 -10.2461
17 -3 -10.2335
17 -2 -10.1593
17 -1 -10.1246
17 0 -10.0718
17 1 -10.0808
17 2 -10.1553
17 3 -10.3499
17 4 -10.6158
17 5 -10.9262
17 6 -11.2798
17 7 -11.5832
17 8 -11.9195
17 9 -12.2454
17 10 -12.5252
17 11 -12.8429
17 12 -13.1232
17 13 -13.4203
17 14 -13.6999
17 15 -13.9745
17 16 -14.2243
17 17 -14.4914
17 18 -14.7525
17 19 -15.0174
17 20 -15.2499
17 21 -15.4712
17 22 -15.676
17 23 -15.8843
17 24 -16.0924
17 25 -16.2829
17 26 -16.4649
17 27 -16.6476
17 28 -16.8363
17 29 -17.0079
17 30 -17.1671
17 31 -17.3214
17 32 -17.4671
17 33 -17.6058
17 34 -17.7414
17 35 -17.8694
17 36 -17.989
17 37 -18.1145
17 38 -18.2192
17 39 -18.3304
17 40 -18.4336
18 -10 -10.3792
18 -9 -10.3644
18 -8 -10.3023
18 -7 -10.2869
18 -6 -10.2708
18 -5 -10.2607
18 -4 -10.2923
18 -3 -10.2664
18 -2 -10.1928
18 -1 -10.1389
18 0 -10.1154
18 1 -10.1321
18 2 -10.184
18 3 -10.3565
18 4 -10.6288
18 5 -10.9539
18 6 -11.2897
18 7 -11.6207
18 8 -11.9388
18 9 -12.2453
18 10 -12.5376
18 11 -12.8505
18 12 -13.1363
18 13 -13.4139
18 14 -13.7074
18 15 -13.9715
18 16 -14.2518
18 17 -14.5105
18 18 -14.778
18 19 -15.019
18 20 -15.2572
18 21 -15.4854
18 22 -15.6962
18 23 -15.9039
18 24 -16.1266
18 25 -16.3262
18 26 -16.4985
18 27 -16.6873
18 28 -16.8671
18 29 -17.0246
18 30 -17.1794
18 31 -17.3332
18 32 -17.4874
18 33 -17.627
18 34 -17.7631
18 35 -17.887
18 36 -18.0105
18 37 -18.1328
18 38 -18.2389
18 39 -18.3585
18 40 -18.4657
19 -10 -10.4207
19 -9 -10.3899
19 -8 -10.3426
19 -7 -10.3296
19 -6 -10.2841
19 -5 -10.2765
19 -4 -10.308
19 -3 -10.2774
19 -2 -10.207
19 -1 -10.1928
19 0 -10.1338
19 1 -10.1221
19 2 -10.1792
19 3 -10.3614
19 4 -10.6497
19 5 -10.9631
19 6 -11.3055
19 7 -11.663
19 8 -11.9637
19 9 -12.2755
19 10 -12.569
19 11 -12.8556
19 12 -13.1531
19 13 -13.4409
19 14 -13.7241
19 15 -14.0055
19 16 -14.2688
19 17 -14.5499
19 18 -14.7932
19 19 -15.0578
19 20 -15.2745
19 21 -15.5127
19 22 -15.7224
19 23 -15.9386
19 24 -16.1507
19 25 -16.3566
19 26 -16.5534
19 27 -16.7205
19 28 -16.8817
19 29 -17.0521
19 30 -17.2111
19 31 -17.3687
19 32 -17.5195
19 33 -17.661
19 34 -17.7926
19 35 -17.9287
19 36 -18.0451
19 37 -18.1585
19 38 -18.2719
19 39 -18.3832
19 40 -18.485
20 -10 -10.4358
20 -9 -10.4345
20 -8 -10.3658
20 -7 -10.3344
20 -6 -10.3209
20 -5 -10.2932
20 -4 -10.3298
20 -3 -10.2824
20 -2 -10.2259
20 -1 -10.189
20 0 -10.1579
20 1 -10.1504
20 2 -10.2189
20 3 -10.4007
20 4 -10.6755
20 5 -10.9856
20 6 -11.3334
20 7 -11.6596
20 8 -11.9811
20 9 -12.2721
20 10 -12.5783
20 11 -12.8784
20 12 -13.1733
20 13 -13.4658
20 14 -13.759
20 15 -14.0382
20 16 -14.3126
20 17 -14.5575
20 18 -14.8189
20 19 -15.0761
20 20 -15.3085
20 21 -15.5274
20 22 -15.7524
20 23 -15.9693
20 24 -16.1926
20 25 -16.4022
20 26 -16.5834
20 27 -16.7536
20 28 -16.9316
20 29 -17.0844
20 30 -17.2647
20 31 -17.4235
20 32 -17.5575
20 33 -17.7102
20 34 -17.8373
20 35 -17.9774
20 36 -18.0963
20 37 -18.2043
20 38 -18.3162
20 39 -18.4136
20 40 -18.5177
21 -10 -10.4526
21 -9 -10.4394
21 -8 -10.3848
21 -7 -10.3511
21 -6 -10.3334
21 -5 -10.3112
21 -4 -10.326
21 -3 -10.3023
21 -2 -10.2422
21 -1 -10.2165
21 0 -10.171
21 1 -10.1731
21 2 -10.238
21 3 -10.4084
21 4 -10.6907
21 5 -11.0171
21 6 -11.352
21 7 -11.6885
21 8 -12.0078
21 9 -12.3156
21 10 -12.6187
21 11 -12.9217
21 12 -13.2201
21 13 -13.5071
21 14 -13.8031
21 15 -14.0691
21 16 -14.3362
21 17 -14.5886
21 18 -14.8415
21 19 -15.0943
21 20 -15.3513
21 21 -15.5558
21 22 -15.7802
21 23 -15.9931
21 24 -16.2153
21 25 -16.4042
21 26 -16.5964
21 27 -16.7809
21 28 -16.9492
21 29 -17.1193
21 30 -17.2825
21 31 -17.44
21 32 -17.592
21 33 -17.7378
21 34 -17.8779
21 35 -18.0185
21 36 -18.138
21 37 -18.2485
21 38 -18.3691
21 39 -18.47
21 40 -18.5722
22 -10 -10.4415
22 -9 -10.4505
22 -8 -10.404
22 -7 -10.3935
22 -6 -10.3574
22 -5 -10.3252
22 -4 -10.3285
22 -3 -10.3223
22 -2 -10.2423
22 -1 -10.2204
22 0 -10.21
22 1 -10.2363
22 2 -10.2594
22 3 -10.4448
22 4 -10.7249
22 5 -11.0586
22 6 -11.3854
22 7 -11.7202
22 8 -12.0424
22 9 -12.3533
22 10 -12.6517
22 11 -12.9667
22 12 -13.2644
22 13 -13.5448
22 14 -13.8253
22 15 -14.0981
22 16 -14.3524
22 17 -14.5997
22 18 -14.8503
22 19 -15.1045
22 20 -15.3554
22 21 -15.5811
22 22 -15.8007
22 23 -16.0128
22 24 -16.2246
22 25 -16.4108
22 26 -16.5931
22 27 -16.789
22 28 -16.9626
22 29 -17.1423
22 30 -17.2893
22 31 -17.4574
22 32 -17.6022
22 33 -17.7388
22 34 -17.8798
22 35 -18.0125
22 36 -18.133
22 37 -18.2562
22 38 -18.3699
22 39 -18.4917
22 40 -18.601
23 -10 -10.4506
23 -9 -10.4599
23 -8 -10.4226
23 -7 -10.402
23 -6 -10.3904
23 -5 -10.3726
23 -4 -10.3669
23 -3 -10.3407
23 -2 -10.2654
23 -1 -10.2311
23 0 -10.2213
23 1 -10.2357
23 2 -10.284
23 3 -10.474
23 4 -10.7394
23 5 -11.069
23 6 -11.3856
23 7 -11.7083
23 8 -12.0419
23 9 -12.373
23 10 -12.6842
23 11 -12.9771
23 12 -13.2842
23 13 -13.5635
23 14 -13.836
23 15 -14.106
23 16 -14.3629
23 17 -14.6198
23 18 -14.8723
23 19 -15.1264
23 20 -15.3622
23 21 -15.5953
23 22 -15.8029
23 23 -16.0239
23 24 -16.2144
23 25 -16.4119
23 26 -16.6069
23 27 -16.7872
23 28 -16.972
23 29 -17.1402
23 30 -17.3066
23 31 -17.4661
23 32 -17.6126
23 33 -17.7548
23 34 -17.8909
23 35 -18.0194
23 36 -18.1404
23 37 -18.2609
23 38 -18.3827
23 39 -18.4877
23 40 -18.5929
24 -10 -10.4444
24 -9 -10.4457
24 -8 -10.4145
24 -7 -10.3981
24 -6 -10.3966
24 -5 -10.408
24 -4 -10.3766
24 -3 -10.3693
24 -2 -10.2936
24 -1 -10.2481
24 0 -10.2508
24 1 -10.2314
24 2 -10.2883
24 3 -10.4838
24 4 -10.7669
24 5 -11.0796
24 6 -11.408
24 7 -11.7314
24 8 -12.0436
24 9 -12.3845
24 10 -12.6918
24 11 -12.9847
24 12 -13.2906
24 13 -13.5641
24 14 -13.8416
24 15 -14.1111
24 16 -14.3865
24 17 -14.6438
24 18 -14.8894
24 19 -15.1368
24 20 -15.3712
24 21 -15.6103
24 22 -15.8261
24 23 -16.0416
24 24 -16.2329
24 25 -16.4231
24 26 -16.6151
24 27 -16.7949
24 28 -16.976
24 29 -17.1461
24 30 -17.3239
24 31 -17.4794
24 32 -17.6335
24 33 -17.7788
24 34 -17.9176
24 35 -18.0374
24 36 -18.154
24 37 -18.2709
24 38 -18.3896
24 39 -18.5049
24 40 -18.6093
25 -10 -10.4805
25 -9 -10.4597
25 -8 -10.4505
25 -7 -10.4234
25 -6 -10.4158
25 -5 -10.4299
25 -4 -10.3982
25 -3 -10.3828
25 -2 -10.3324
25 -1 -10.2947
25 0 -10.2397
25 1 -10.2652
25 2 -10.2847
25 3 -10.4973
25 4 -10.7675
25 5 -11.0942
25 6 -11.3988
25 7 -11.7285
25 8 -12.046
25 9 -12.3727
25 10 -12.7214
25 11 -13.0174
25 12 -13.3033
25 13 -13.57
25 14 -13.856
25 15 -14.1267
25 16 -14.3853
25 17 -14.6344
25 18 -14.9012
25 19 -15.158
25 20 -15.3977
25 21 -15.6382
25 22 -15.8554
25 23 -16.0584
25 24 -16.2397
25 25 -16.4367
25 26 -16.6236
25 27 -16.8141
25 28 -16.9959
25 29 -17.1644
25 30 -17.3349
25 31 -17.4899
25 32 -17.6506
25 33 -17.8029
25 34 -17.9358
25 35 -18.0739
25 36 -18.199
25 37 -18.3107
25 38 -18.4305
25 39 -18.5306
25 40 -18.6264
26 -10 -10.5055
26 -9 -10.4944
26 -8 -10.4731
26 -7 -10.4416
26 -6 -10.4194
26 -5 -10.4367
26 -4 -10.3969
26 -3 -10.3905
26 -2 -10.3392
26 -1 -10.306
26 0 -10.2943
26 1 -10.2736
26 2 -10.3073
26 3 -10.5166
26 4 -10.7832
26 5 -11.1013
26 6 -11.4179
26 7 -11.7558
26 8 -12.0807
26 9 -12.4312
26 10 -12.7418
26 11 -13.0406
26 12 -13.3115
26 13 -13.5896
26 14 -13.8678
26 15 -14.1429
26 16 -14.3977
26 17 -14.6693
26 18 -14.9298
26 19 -15.1782
26 20 -15.425
26 21 -15.6571
26 22 -15.8676
26 23 -16.054
26 24 -16.266
26 25 -16.4512
26 26 -16.6475
26 27 -16.8381
26 28 -17.0112
26 29 -17.1922
26 30 -17.3598
26 31 -17.5244
26 32 -17.682
26 33 -17.8355
26 34 -17.9621
26 35 -18.0856
26 36 -18.208
26 37 -18.3222
26 38 -18.4348
26 39 -18.5476
26 40 -18.6542
27 -10 -10.5154
27 -9 -10.504
27 -8 -10.4713
27 -7 -10.445
27 -6 -10.4285
27 -5 -10.44
27 -4 -10.4205
27 -3 -10.4065
27 -2 -10.3508
27 -1 -10.3406
27 0 -10.2994
27 1 -10.2795
27 2 -10.326
27 3 -10.5328
27 4 -10.8204
27 5 -11.1121
27 6 -11.4431
27 7 -11.7779
27 8 -12.1245
27 9 -12.4401
27 10 -12.7523
27 11 -13.0394
27 12 -13.3261
27 13 -13.6087
27 14 -13.8793
27 15 -14.1595
27 16 -14.4109
27 17 -14.6928
27 18 -14.9365
27 19 -15.2021
27 20 -15.4427
27 21 -15.6799
27 22 -15.8846
27 23 -16.0868
27 24 -16.2748
27 25 -16.4807
27 26 -16.6745
27 27 -16.8511
27 28 -17.0403
27 29 -17.2142
27 30 -17.3847
27 31 -17.5439
27 32 -17.6988
27 33 -17.8412
27 34 -17.9728
27 35 -18.1047
27 36 -18.2192
27 37 -18.3316
27 38 -18.4427
27 39 -18.557
27 40 -18.6566
28 -10 -10.5195
28 -9 -10.5166
28 -8 -10.4978
28 -7 -10.47
28 -6 -10.4416
28 -5 -10.4316
28 -4 -10.4174
28 -3 -10.4009
28 -2 -10.3651
28 -1 -10.3601
28 0 -10.3361
28 1 -10.302
28 2 -10.3607
28 3 -10.5612
28 4 -10.8339
28 5 -11.1359
28 6 -11.4624
28 7 -11.8058
28 8 -12.1304
28 9 -12.4529
28 10 -12.7508
28 11 -13.0542
28 12 -13.36
28 13 -13.6415
28 14 -13.9193
28 15 -14.1886
28 16 -14.4556
28 17 -14.7259
28 18 -14.975
28 19 -15.2168
28 20 -15.4589
28 21 -15.7038
28 22 -15.901
28 23 -16.1006
28 24 -16.3061
28 25 -16.5057
28 26 -16.6963
28 27 -16.8789
28 28 -17.0615
28 29 -17.2352
28 30 -17.4007
28 31 -17.5619
28 32 -17.7061
28 33 -17.8546
28 34 -17.9931
28 35 -18.126
28 36 -18.246
28 37 -18.3559
28 38 -18.4633
28 39 -18.5704
28 40 -18.6786
29 -10 -10.5336
29 -9 -10.5119
29 -8 -10.4936
29 -7 -10.4941
29 -6 -10.4686
29 -5 -10.4291
29 -4 -10.4394
29 -3 -10.4125
29 -2 -10.3612
29 -1 -10.3494
29 0 -10.3401
29 1 -10.3307
29 2 -10.3748
29 3 -10.5859
29 4 -10.8596
29 5 -11.1726
29 6 -11.4933
29 7 -11.8185
29 8 -12.1451
29 9 -12.4637
29 10 -12.7648
29 11 -13.0813
29 12 -13.3793
29 13 -13.6729
29 14 -13.9421
29 15 -14.219
29 16 -14.4893
29 17 -14.745
29 18 -14.9932
29 19 -15.2305
29 20 -15.4623
29 21 -15.7108
29 22 -15.9183
29 23 -16.1134
29 24 -16.3157
29 25 -16.5218
29 26 -16.7143
29 27 -16.9001
29 28 -17.0901
29 29 -17.256
29 30 -17.411
29 31 -17.5674
29 32 -17.7169
29 33 -17.8667
29 34 -17.997
29 35 -18.1333
29 36 -18.2452
29 37 -18.3512
29 38 -18.4644
29 39 -18.5948
29 40 -18.709
30 -10 -10.5321
30 -9 -10.529
30 -8 -10.4995
30 -7 -10.5004
30 -6 -10.4714
30 -5 -10.4406
30 -4 -10.4295
30 -3 -10.4208
30 -2 -10.3742
30 -1 -10.3556
30 0 -10.3431
30 1 -10.3265
30 2 -10.38
30 3 -10.58
30 4 -10.8713
30 5 -11.1862
30 6 -11.4951
30 7 -11.8367
30 8 -12.1624
30 9 -12.4797
30 10 -12.78
30 11 -13.0869
30 12 -13.3936
30 13 -13.6727
30 14 -13.9596
30 15 -14.2222
30 16 -14.4876
30 17 -14.7303
30 18 -14.982
30 19 -15.2192
30 20 -15.4767
30 21 -15.7157
30 22 -15.9255
30 23 -16.1284
30 24 -16.3302
30 25 -16.5186
30 26 -16.7143
30 27 -16.8912
30 28 -17.0718
30 29 -17.2408
30 30 -17.4072
30 31 -17.5607
30 32 -17.7079
30 33 -17.8679
30 34 -17.9973
30 35 -18.1207
30 36 -18.2484
30 37 -18.3573
30 38 -18.4688
30 39 -18.5816
30 40 -18.6944
31 -10 -10.5333
31 -9 -10.5172
31 -8 -10.4807
31 -7 -10.5086
31 -6 -10.4882
31 -5 -10.4716
31 -4 -10.4638
31 -3 -10.4514
31 -2 -10.3872
31 -1 -10.3715
31 0 -10.3514
31 1 -10.3467
31 2 -10.387
31 3 -10.5956
31 4 -10.8859
31 5 -11.1831
31 6 -11.5037
31 7 -11.8314
31 8 -12.1581
31 9 -12.4797
31 10 -12.7843
31 11 -13.0898
31 12 -13.3867
31 13 -13.6844
31 14 -13.9914
31 15 -14.2499
31 16 -14.4924
31 17 -14.7515
31 18 -14.9978
31 19 -15.255
31 20 -15.4846
31 21 -15.7273
31 22 -15.9302
31 23 -16.133
31 24 -16.3274
31 25 -16.5236
31 26 -16.7128
31 27 -16.9035
31 28 -17.0678
31 29 -17.2421
31 30 -17.3978
31 31 -17.5664
31 32 -17.7147
31 33 -17.8626
31 34 -17.9994
31 35 -18.1329
31 36 -18.2526
31 37 -18.3655
31 38 -18.4787
31 39 -18.5862
31 40 -18.6979
32 -10 -10.5142
32 -9 -10.5258
32 -8 -10.4906
32 -7 -10.4966
32 -6 -10.4913
32 -5 -10.4823
32 -4 -10.4726
32 -3 -10.4624
32 -2 -10.4056
32 -1 -10.3907
32 0 -10.3663
32 1 -10.3493
32 2 -10.3925
32 3 -10.6114
32 4 -10.8876
32 5 -11.2041
32 6 -11.5181
32 7 -11.8487
32 8 -12.1614
32 9 -12.4685
32 10 -12.7869
32 11 -13.0913
32 12 -13.4047
32 13 -13.6934
32 14 -13.9764
32 15 -14.2565
32 16 -14.505
32 17 -14.7659
32 18 -15.0149
32 19 -15.249
32 20 -15.4908
32 21 -15.7302
32 22 -15.9338
32 23 -16.1494
32 24 -16.3416
32 25 -16.5341
32 26 -16.7353
32 27 -16.9014
32 28 -17.0779
32 29 -17.2455
32 30 -17.4157
32 31 -17.5671
32 32 -17.7206
32 33 -17.8636
32 34 -18.0034
32 35 -18.1303
32 36 -18.2457
32 37 -18.356
32 38 -18.4741
32 39 -18.5939
32 40 -18.6966
33 -10 -10.5115
33 -9 -10.5218
33 -8 -10.5036
33 -7 -10.5051
33 -6 -10.4978
33 -5 -10.4719
33 -4 -10.4847
33 -3 -10.464
33 -2 -10.4303
33 -1 -10.4066
33 0 -10.3818
33 1 -10.3399
33 2 -10.406
33 3 -10.5972
33 4 -10.8838
33 5 -11.1993
33 6 -11.5147
33 7 -11.8486
33 8 -12.1604
33 9 -12.4842
33 10 -12.7911
33 11 -13.1156
33 12 -13.4048
33 13 -13.6949
33 14 -13.9824
33 15 -14.2589
33 16 -14.5257
33 17 -14.761
33 18 -15.0181
33 19 -15.2637
33 20 -15.4939
33 21 -15.7252
33 22 -15.9542
33 23 -16.1595
33 24 -16.3583
33 25 -16.5584
33 26 -16.7381
33 27 -16.9093
33 28 -17.0856
33 29 -17.2508
33 30 -17.4065
33 31 -17.5746
33 32 -17.7179
33 33 -17.8575
33 34 -18.0008
33 35 -18.1308
33 36 -18.2509
33 37 -18.3652
33 38 -18.468
33 39 -18.5815
33 40 -18.6902
34 -10 -10.5275
34 -9 -10.5254
34 -8 -10.497
34 -7 -10.4909
34 -6 -10.484
34 -5 -10.4816
34 -4 -10.4803
34 -3 -10.4723
34 -2 -10.4613
34 -1 -10.4201
34 0 -10.3904
34 1 -10.3618
34 2 -10.4123
34 3 -10.6074
34 4 -10.8833
34 5 -11.2134
34 6 -11.5576
34 7 -11.8699
34 8 -12.1793
34 9 -12.4878
34 10 -12.8155
34 11 -13.1256
34 12 -13.4272
34 13 -13.7185
34 14 -13.9909
34 15 -14.2618
34 16 -14.5296
34 17 -14.7891
34 18 -15.0348
34 19 -15.2819
34 20 -15.5252
34 21 -15.7489
34 22 -15.9674
34 23 -16.1762
34 24 -16.3832
34 25 -16.5647
34 26 -16.7472
34 27 -16.9207
34 28 -17.0993
34 29 -17.2607
34 30 -17.4304
34 31 -17.5803
34 32 -17.7313
34 33 -17.8765
34 34 -18.0165
34 35 -18.1418
34 36 -18.2538
34 37 -18.3723
34 38 -18.4803
34 39 -18.5922
34 40 -18.6932
35 -10 -10.5173
35 -9 -10.5161
35 -8 -10.4738
35 -7 -10.4732
35 -6 -10.4739
35 -5 -10.4784
35 -4 -10.4813
35 -3 -10.463
35 -2 -10.4522
35 -1 -10.4329
35 0 -10.3854
35 1 -10.3764
35 2 -10.4287
35 3 -10.6053
35 4 -10.899
35 5 -11.2258
35 6 -11.574
35 7 -11.8729
35 8 -12.1879
35 9 -12.5234
35 10 -12.8381
35 11 -13.1479
35 12 -13.4419
35 13 -13.7188
35 14 -13.9915
35 15 -14.2751
35 16 -14.5344
35 17 -14.7936
35 18 -15.0451
35 19 -15.2839
35 20 -15.5229
35 21 -15.7645
35 22 -15.967
35 23 -16.177
35 24 -16.3761
35 25 -16.5636
35 26 -16.7447
35 27 -16.9215
35 28 -17.0994
35 29 -17.2758
35 30 -17.4417
35 31 -17.5994
35 32 -17.7433
35 33 -17.8954
35 34 -18.0304
35 35 -18.1595
35 36 -18.2743
35 37 -18.3867
35 38 -18.4945
35 39 -18.5976
35 40 -18.7007
36 -10 -10.5038
36 -9 -10.4909
36 -8 -10.5043
36 -7 -10.4703
36 -6 -10.4734
36 -5 -10.473
36 -4 -10.4948
36 -3 -10.4667
36 -2 -10.444
36 -1 -10.4279
36 0 -10.3943
36 1 -10.396
36 2 -10.442
36 3 -10.6468
36 4 -10.9159
36 5 -11.259
36 6 -11.5755
36 7 -11.8854
36 8 -12.2073
36 9 -12.5392
36 10 -12.8391
36 11 -13.1546
36 12 -13.4329
36 13 -13.7184
36 14 -13.997
36 15 -14.2591
36 16 -14.5229
36 17 -14.7968
36 18 -15.0568
36 19 -15.2972
36 20 -15.5316
36 21 -15.7687
36 22 -15.9756
36 23 -16.1894
36 24 -16.3826
36 25 -16.5743
36 26 -16.7559
36 27 -16.9299
36 28 -17.1026
36 29 -17.2787
36 30 -17.4371
36 31 -17.5996
36 32 -17.7556
36 33 -17.9027
36 34 -18.0323
36 35 -18.165
36 36 -18.2815
36 37 -18.3947
36 38 -18.5008
36 39 -18.6147
36 40 -18.7163
37 -10 -10.4948
37 -9 -10.493
37 -8 -10.4883
37 -7 -10.4561
37 -6 -10.4583
37 -5 -10.4558
37 -4 -10.4987
37 -3 -10.4599
37 -2 -10.4367
37 -1 -10.4183
37 0 -10.382
37 1 -10.4067
37 2 -10.4705
37 3 -10.6701
37 4 -10.9247
37 5 -11.2663
37 6 -11.5858
37 7 -11.9021
37 8 -12.2141
37 9 -12.5425
37 10 -12.8434
37 11 -13.1507
37 12 -13.4397
37 13 -13.7059
37 14 -13.9949
37 15 -14.2631
37 16 -14.5405
37 17 -14.7897
37 18 -15.0506
37 19 -15.3069
37 20 -15.5379
37 21 -15.7636
37 22 -15.9682
37 23 -16.1832
37 24 -16.3856
37 25 -16.5746
37 26 -16.7556
37 27 -16.9324
37 28 -17.1014
37 29 -17.2759
37 30 -17.4406
37 31 -17.5903
37 32 -17.7451
37 33 -17.8983
37 34 -18.026
37 35 -18.163
37 36 -18.289
37 37 -18.4059
37 38 -18.5235
37 39 -18.6285
37 40 -18.7397
38 -10 -10.5093
38 -9 -10.4843
38 -8 -10.499
38 -7 -10.4561
38 -6 -10.4566
38 -5 -10.4527
38 -4 -10.4831
38 -3 -10.4391
38 -2 -10.4341
38 -1 -10.4245
38 0 -10.3958
38 1 -10.4182
38 2 -10.4766
38 3 -10.6602
38 4 -10.9265
38 5 -11.2462
38 6 -11.5841
38 7 -11.9129
38 8 -12.2154
38 9 -12.5354
38 10 -12.8439
38 11 -13.1445
38 12 -13.4316
38 13 -13.7137
38 14 -13.9859
38 15 -14.2673
38 16 -14.5304
38 17 -14.7892
38 18 -15.0445
38 19 -15.2858
38 20 -15.5185
38 21 -15.7427
38 22 -15.9705
38 23 -16.1781
38 24 -16.3781
38 25 -16.5657
38 26 -16.7523
38 27 -16.9476
38 28 -17.107
38 29 -17.2789
38 30 -17.4393
38 31 -17.5985
38 32 -17.7492
38 33 -17.897
38 34 -18.0368
38 35 -18.1589
38 36 -18.2896
38 37 -18.4029
38 38 -18.5194
38 39 -18.6276
38 40 -18.7509
39 -10 -10.5063
39 -9 -10.4793
39 -8 -10.4845
39 -7 -10.4577
39 -6 -10.4612
39 -5 -10.4648
39 -4 -10.4846
39 -3 -10.4492
39 -2 -10.4263
39 -1 -10.4355
39 0 -10.4042
39 1 -10.3995
39 2 -10.4581
39 3 -10.6708
39 4 -10.9409
39 5 -11.2491
39 6 -11.5698
39 7 -11.898
39 8 -12.2176
39 9 -12.5421
39 10 -12.8364
39 11 -13.1359
39 12 -13.4232
39 13 -13.7069
39 14 -13.9957
39 15 -14.2659
39 16 -14.5256
39 17 -14.7828
39 18 -15.042
39 19 -15.2828
39 20 -15.5274
39 21 -15.7682
39 22 -15.9796
39 23 -16.1762
39 24 -16.3817
39 25 -16.5732
39 26 -16.756
39 27 -16.937
39 28 -17.1105
39 29 -17.2809
39 30 -17.4387
39 31 -17.596
39 32 -17.7412
39 33 -17.8809
39 34 -18.0223
39 35 -18.1551
39 36 -18.2845
39 37 -18.4017
39 38 -18.5136
39 39 -18.6297
39 40 -18.7317
40 -10 -10.5114
40 -9 -10.4854
40 -8 -10.4771
40 -7 -10.4575
40 -6 -10.4565
40 -5 -10.4809
40 -4 -10.4977
40 -3 -10.4634
40 -2 -10.4422
40 -1 -10.423
40 0 -10.4007
40 1 -10.3948
40 2 -10.462
40 3 -10.6513
40 4 -10.9433
40 5 -11.2639
40 6 -11.5845
40 7 -11.9111
40 8 -12.2273
40 9 -12.5302
40 10 -12.8493
40 11 -13.1341
40 12 -13.4242
40 13 -13.6964
40 14 -13.9836
40 15 -14.2684
40 16 -14.5196
40 17 -14.7925
40 18 -15.0338
40 19 -15.2734
40 20 -15.5087
40 21 -15.7622
40 22 -15.9831
40 23 -16.1864
40 24 -16.3721
40 25 -16.5575
40 26 -16.7464
40 27 -16.9313
40 28 -17.1153
40 29 -17.2848
40 30 -17.4414
40 31 -17.6011
40 32 -17.7453
40 33 -17.8876
40 34 -18.0252
40 35 -18.1559
40 36 -18.2744
40 37 -18.3983
40 38 -18.514
40 39 -18.6249
40 40 -18.7309
