-10 -10 -7.77482
-10 -9 -7.78352
-10 -8 -7.80266
-10 -7 -7.78512
-10 -6 -7.76937
-10 -5 -7.7345
-10 -4 -7.7009
-10 -3 -7.64639
-10 -2 -7.6568
-10 -1 -7.61349
-10 0 -7.61534
-10 1 -7.60657
-10 2 -7.58033
-10 3 -7.78785
-10 4 -8.03441
-10 5 -8.34579
-10 6 -8.6428
-10 7 -9.01758
-10 8 -9.2985
-10 9 -9.62157
-10 10 -9.96275
-10 11 -10.3024
-10 12 -10.5857
-10 13 -10.8599
-10 14 -11.1493
-10 15 -11.4057
-10 16 -11.6548
-10 17 -11.9101
-10 18 -12.1433
-10 19 -12.4125
-10 20 -12.6152
-10 21 -12.8517
-10 22 -13.0582
-10 23 -13.2784
-10 24 -13.4706
-10 25 -13.6706
-10 26 -13.8704
-10 27 -14.064
-10 28 -14.2607
-10 29 -14.4356
-10 30 -14.628
-10 31 -14.7816
-10 32 -14.9626
-10 33 -15.1205
-10 34 -15.3074
-10 35 -15.4567
-10 36 -15.6073
-10 37 -15.7724
-10 38 -15.9112
-10 39 -16.0518
-10 40 -16.1821
-9 -10 -7.78352
-9 -9 -7.80266
-9 -8 -7.78512
-9 -7 -7.76937
-9 -6 -7.7345
-9 -5 -7.7009
-9 -4 -7.64639
-9 -3 -7.6568
-9 -2 -7.61349
-9 -1 -7.61534
-9 0 -7.6065
-9 1 -7.54928
-9 2 -7.50835
-9 3 -7.73118
-9 4 -7.98396
-9 5 -8.28648
-9 6 -8.59263
-9 7 -8.91234
-9 8 -9.22608
-9 9 -9.59162
-9 10 -9.87467
-9 11 -10.192
-9 12 -10.4944
-9 13 -10.8033
-9 14 -11.0892
-9 15 -11.3768
-9 16 -11.6117
-9 17 -11.8868
-9 18 -12.1448
-9 19 -12.3939
-9 20 -12.6143
-9 21 -12.8568
-9 22 -13.0642
-9 23 -13.2834
-9 24 -13.4686
-9 25 -13.6826
-9 26 -13.8705
-9 27 -14.0815
-9 28 -14.2707
-9 29 -14.4512
-9 30 -14.6329
-9 31 -14.8053
-9 32 -14.9885
-9 33 -15.1546
-9 34 -15.3123
-9 35 -15.4689
-9 36 -15.6312
-9 37 -15.7809
-9 38 -15.9213
-9 39 -16.0601
-9 40 -16.2039
-8 -10 -7.80266
-8 -9 -7.78512
-8 -8 -7.76937
-8 -7 -7.73442
-8 -6 -7.70089
-8 -5 -7.64639
-8 -4 -7.6568
-8 -3 -7.61349
-8 -2 -7.61534
-8 -1 -7.60649
-8 0 -7.54833
-8 1 -7.48418
-8 2 -7.48592
-8 3 -7.66595
-8 4 -7.92642
-8 5 -8.22964
-8 6 -8.53311
-8 7 -8.84869
-8 8 -9.21295
-8 9 -9.51398
-8 10 -9.80944
-8 11 -10.1674
-8 12 -10.4382
-8 13 -10.6993
-8 14 -11.0108
-8 15 -11.263
-8 16 -11.5402
-8 17 -11.8118
-8 18 -12.0655
-8 19 -12.3157
-8 20 -12.5324
-8 21 -12.761
-8 22 -13.0262
-8 23 -13.2307
-8 24 -13.4567
-8 25 -13.6805
-8 26 -13.8798
-8 27 -14.0921
-8 28 -14.2656
-8 29 -14.4354
-8 30 -14.6099
-8 31 -14.7889
-8 32 -14.9575
-8 33 -15.1179
-8 34 -15.275
-8 35 -15.434
-8 36 -15.5804
-8 37 -15.7422
-8 38 -15.873
-8 39 -16.0246
-8 40 -16.147
-7 -10 -7.78512
-7 -9 -7.76937
-7 -8 -7.73371
-7 -7 -7.70088
-7 -6 -7.64636
-7 -5 -7.65678
-7 -4 -7.61348
-7 -3 -7.61534
-7 -2 -7.60648
-7 -1 -7.54826
-7 0 -7.48418
-7 1 -7.42001
-7 2 -7.46626
-7 3 -7.64865
-7 4 -7.87713
-7 5 -8.21215
-7 6 -8.53647
-7 7 -8.84397
-7 8 -9.16425
-7 9 -9.50833
-7 10 -9.79428
-7 11 -10.1001
-7 12 -10.39
-7 13 -10.6469
-7 14 -10.9395
-7 15 -11.2143
-7 16 -11.4633
-7 17 -11.7466
-7 18 -11.9834
-7 19 -12.2448
-7 20 -12.4464
-7 21 -12.6808
-7 22 -12.9254
-7 23 -13.145
-7 24 -13.3506
-7 25 -13.5674
-7 26 -13.7917
-7 27 -13.9703
-7 28 -14.1963
-7 29 -14.3707
-7 30 -14.5751
-7 31 -14.7538
-7 32 -14.9198
-7 33 -15.1051
-7 34 -15.3044
-7 35 -15.4542
-7 36 -15.5934
-7 37 -15.7335
-7 38 -15.8729
-7 39 -16.0178
-7 40 -16.1468
-6 -10 -7.7694
-6 -9 -7.73057
-6 -8 -7.70077
-6 -7 -7.64616
-6 -6 -7.65667
-6 -5 -7.61346
-6 -4 -7.61534
-6 -3 -7.60636
-6 -2 -7.54777
-6 -1 -7.48417
-6 0 -7.41977
-6 1 -7.39982
-6 2 -7.46229
-6 3 -7.61755
-6 4 -7.89605
-6 5 -8.24243
-6 6 -8.54687
-6 7 -8.85119
-6 8 -9.1787
-6 9 -9.50619
-6 10 -9.78448
-6 11 -10.1017
-6 12 -10.3969
-6 13 -10.6699
-6 14 -10.9438
-6 15 -11.2194
-6 16 -11.4637
-6 17 -11.7142
-6 18 -11.9629
-6 19 -12.1954
-6 20 -12.4206
-6 21 -12.6505
-6 22 -12.8686
-6 23 -13.0896
-6 24 -13.312
-6 25 -13.5305
-6 26 -13.7292
-6 27 -13.9259
-6 28 -14.1123
-6 29 -14.3052
-6 30 -14.5192
-6 31 -14.677
-6 32 -14.852
-6 33 -15.046
-6 34 -15.2033
-6 35 -15.3794
-6 36 -15.5428
-6 37 -15.7034
-6 38 -15.8346
-6 39 -16.0137
-6 40 -16.1322
-5 -10 -7.73055
-5 -9 -7.70081
-5 -8 -7.67723
-5 -7 -7.65498
-5 -6 -7.61059
-5 -5 -7.61534
-5 -4 -7.60702
-5 -3 -7.54968
-5 -2 -7.48414
-5 -1 -7.41921
-5 0 -7.3944
-5 1 -7.38977
-5 2 -7.46593
-5 3 -7.69011
-5 4 -7.94723
-5 5 -8.24291
-5 6 -8.54146
-5 7 -8.85778
-5 8 -9.18062
-5 9 -9.47076
-5 10 -9.80004
-5 11 -10.0723
-5 12 -10.3506
-5 13 -10.6666
-5 14 -10.9086
-5 15 -11.1838
-5 16 -11.442
-5 17 -11.6931
-5 18 -11.9413
-5 19 -12.1658
-5 20 -12.4022
-5 21 -12.6217
-5 22 -12.8399
-5 23 -13.0818
-5 24 -13.2743
-5 25 -13.4925
-5 26 -13.71
-5 27 -13.8937
-5 28 -14.0843
-5 29 -14.2669
-5 30 -14.4453
-5 31 -14.6373
-5 32 -14.7924
-5 33 -14.993
-5 34 -15.1562
-5 35 -15.3131
-5 36 -15.4982
-5 37 -15.6351
-5 38 -15.7917
-5 39 -15.9398
-5 40 -16.0777
-4 -10 -7.71601
-4 -9 -7.67498
-4 -8 -7.65385
-4 -7 -7.63475
-4 -6 -7.61659
-4 -5 -7.60704
-4 -4 -7.54744
-4 -3 -7.48403
-4 -2 -7.42675
-4 -1 -7.37984
-4 0 -7.38846
-4 1 -7.44086
-4 2 -7.48507
-4 3 -7.65815
-4 4 -7.90176
-4 5 -8.20317
-4 6 -8.50971
-4 7 -8.87175
-4 8 -9.17572
-4 9 -9.50792
-4 10 -9.84667
-4 11 -10.1272
-4 12 -10.4117
-4 13 -10.6712
-4 14 -10.9291
-4 15 -11.1845
-4 16 -11.4407
-4 17 -11.6891
-4 18 -11.9222
-4 19 -12.1726
-4 20 -12.4062
-4 21 -12.6218
-4 22 -12.8218
-4 23 -13.0896
-4 24 -13.256
-4 25 -13.4802
-4 26 -13.6657
-4 27 -13.8667
-4 28 -14.0492
-4 29 -14.2463
-4 30 -14.4271
-4 31 -14.599
-4 32 -14.7854
-4 33 -14.9383
-4 34 -15.1139
-4 35 -15.2748
-4 36 -15.4442
-4 37 -15.5798
-4 38 -15.7454
-4 39 -15.8845
-4 40 -16.016
-3 -10 -7.6848
-3 -9 -7.64275
-3 -8 -7.64437
-3 -7 -7.63391
-3 -6 -7.6048
-3 -5 -7.57703
-3 -4 -7.51125
-3 -3 -7.42178
-3 -2 -7.42044
-3 -1 -7.42819
-3 0 -7.44169
-3 1 -7.40834
-3 2 -7.42313
-3 3 -7.59125
-3 4 -7.86707
-3 5 -8.17766
-3 6 -8.49235
-3 7 -8.82135
-3 8 -9.18934
-3 9 -9.47881
-3 10 -9.8071
-3 11 -10.1034
-3 12 -10.3835
-3 13 -10.6844
-3 14 -10.9839
-3 15 -11.2505
-3 16 -11.5171
-3 17 -11.7473
-3 18 -11.9838
-3 19 -12.2093
-3 20 -12.4268
-3 21 -12.6405
-3 22 -12.8601
-3 23 -13.0679
-3 24 -13.2753
-3 25 -13.4839
-3 26 -13.6801
-3 27 -13.8722
-3 28 -14.0616
-3 29 -14.2482
-3 30 -14.4257
-3 31 -14.6032
-3 32 -14.7897
-3 33 -14.9515
-3 34 -15.1165
-3 35 -15.2748
-3 36 -15.4331
-3 37 -15.598
-3 38 -15.7425
-3 39 -15.8688
-3 40 -16.0112
-2 -10 -7.67265
-2 -9 -7.63754
-2 -8 -7.65088
-2 -7 -7.64827
-2 -6 -7.60268
-2 -5 -7.543
-2 -4 -7.47222
-2 -3 -7.45884
-2 -2 -7.4083
-2 -1 -7.44116
-2 0 -7.44188
-2 1 -7.39671
-2 2 -7.4133
-2 3 -7.53744
-2 4 -7.7975
-2 5 -8.10139
-2 6 -8.44686
-2 7 -8.76383
-2 8 -9.0954
-2 9 -9.42075
-2 10 -9.70415
-2 11 -10.0182
-2 12 -10.3072
-2 13 -10.5916
-2 14 -10.9067
-2 15 -11.1591
-2 16 -11.4888
-2 17 -11.7087
-2 18 -11.9829
-2 19 -12.2591
-2 20 -12.5022
-2 21 -12.7089
-2 22 -12.9069
-2 23 -13.1311
-2 24 -13.3297
-2 25 -13.5127
-2 26 -13.704
-2 27 -13.8833
-2 28 -14.0812
-2 29 -14.259
-2 30 -14.4287
-2 31 -14.6138
-2 32 -14.7778
-2 33 -14.9316
-2 34 -15.0917
-2 35 -15.2772
-2 36 -15.4229
-2 37 -15.5656
-2 38 -15.7279
-2 39 -15.8642
-2 40 -15.9858
-1 -10 -7.6575
-1 -9 -7.66304
-1 -8 -7.67207
-1 -7 -7.5854
-1 -6 -7.5181
-1 -5 -7.48919
-1 -4 -7.48455
-1 -3 -7.46153
-1 -2 -7.44375
-1 -1 -7.50814
-1 0 -7.40071
-1 1 -7.35619
-1 2 -7.35449
-1 3 -7.52707
-1 4 -7.78912
-1 5 -8.08915
-1 6 -8.44849
-1 7 -8.77705
-1 8 -9.091
-1 9 -9.40606
-1 10 -9.68911
-1 11 -10.0174
-1 12 -10.2739
-1 13 -10.5951
-1 14 -10.8732
-1 15 -11.1298
-1 16 -11.3841
-1 17 -11.6628
-1 18 -11.9383
-1 19 -12.1921
-1 20 -12.4603
-1 21 -12.6717
-1 22 -12.8977
-1 23 -13.1581
-1 24 -13.3718
-1 25 -13.5544
-1 26 -13.7561
-1 27 -13.936
-1 28 -14.1368
-1 29 -14.2932
-1 30 -14.4768
-1 31 -14.6365
-1 32 -14.8029
-1 33 -14.972
-1 34 -15.141
-1 35 -15.2853
-1 36 -15.4269
-1 37 -15.5971
-1 38 -15.7407
-1 39 -15.8878
-1 40 -16.0159
0 -10 -7.6693
0 -9 -7.69255
0 -8 -7.67464
0 -7 -7.66302
0 -6 -7.57914
0 -5 -7.5337
0 -4 -7.47963
0 -3 -7.45587
0 -2 -7.50856
0 -1 -7.43797
0 0 -7.32528
0 1 -7.30408
0 2 -7.3591
0 3 -7.52458
0 4 -7.80272
0 5 -8.12577
0 6 -8.43618
0 7 -8.73659
0 8 -9.06003
0 9 -9.40143
0 10 -9.694
0 11 -10.0238
0 12 -10.2648
0 13 -10.5783
0 14 -10.8324
0 15 -11.1207
0 16 -11.4042
0 17 -11.6618
0 18 -11.9159
0 19 -12.1466
0 20 -12.4088
0 21 -12.6466
0 22 -12.9273
0 23 -13.1293
0 24 -13.3749
0 25 -13.5974
0 26 -13.7946
0 27 -14.0027
0 28 -14.1663
0 29 -14.3461
0 30 -14.5308
0 31 -14.693
0 32 -14.8506
0 33 -14.9999
0 34 -15.178
0 35 -15.3179
0 36 -15.4809
0 37 -15.6352
0 38 -15.7677
0 39 -15.9188
0 40 -16.0673
1 -10 -7.70606
1 -9 -7.74567
1 -8 -7.65842
1 -7 -7.58844
1 -6 -7.55078
1 -5 -7.58647
1 -4 -7.50316
1 -3 -7.51446
1 -2 -7.52881
1 -1 -7.50646
1 0 -7.33772
1 1 -7.31878
1 2 -7.3435
1 3 -7.52756
1 4 -7.79916
1 5 -8.11389
1 6 -8.39912
1 7 -8.73794
1 8 -9.08631
1 9 -9.39784
1 10 -9.7284
1 11 -10.0219
1 12 -10.33
1 13 -10.5915
1 14 -10.8716
1 15 -11.1435
1 16 -11.4103
1 17 -11.7041
1 18 -11.9499
1 19 -12.2061
1 20 -12.446
1 21 -12.7096
1 22 -12.953
1 23 -13.1779
1 24 -13.4013
1 25 -13.6095
1 26 -13.8685
1 27 -14.0418
1 28 -14.2443
1 29 -14.4187
1 30 -14.5826
1 31 -14.7529
1 32 -14.9093
1 33 -15.0633
1 34 -15.2284
1 35 -15.3891
1 36 -15.5297
1 37 -15.6727
1 38 -15.8439
1 39 -15.9733
1 40 -16.0974
2 -10 -7.75934
2 -9 -7.76249
2 -8 -7.74968
2 -7 -7.64817
2 -6 -7.63099
2 -5 -7.59903
2 -4 -7.57676
2 -3 -7.61137
2 -2 -7.57104
2 -1 -7.55841
2 0 -7.39257
2 1 -7.38426
2 2 -7.43199
2 3 -7.58479
2 4 -7.84091
2 5 -8.19022
2 6 -8.47906
2 7 -8.84909
2 8 -9.14467
2 9 -9.47131
2 10 -9.79854
2 11 -10.1036
2 12 -10.3885
2 13 -10.6847
2 14 -10.945
2 15 -11.2114
2 16 -11.4833
2 17 -11.7509
2 18 -12.0128
2 19 -12.2709
2 20 -12.4982
2 21 -12.7455
2 22 -12.9655
2 23 -13.1912
2 24 -13.4309
2 25 -13.6324
2 26 -13.8883
2 27 -14.0691
2 28 -14.2542
2 29 -14.4319
2 30 -14.6062
2 31 -14.8096
2 32 -14.9601
2 33 -15.1108
2 34 -15.2732
2 35 -15.4303
2 36 -15.5901
2 37 -15.7419
2 38 -15.8928
2 39 -16.0184
2 40 -16.1679
3 -10 -7.8498
3 -9 -7.86503
3 -8 -7.82009
3 -7 -7.80194
3 -6 -7.70113
3 -5 -7.68488
3 -4 -7.65096
3 -3 -7.63048
3 -2 -7.60943
3 -1 -7.61839
3 0 -7.48429
3 1 -7.43878
3 2 -7.48765
3 3 -7.67239
3 4 -7.94708
3 5 -8.23364
3 6 -8.54723
3 7 -8.87165
3 8 -9.17967
3 9 -9.49354
3 10 -9.82353
3 11 -10.0992
3 12 -10.4342
3 13 -10.6897
3 14 -10.9867
3 15 -11.219
3 16 -11.5338
3 17 -11.8097
3 18 -12.0713
3 19 -12.2974
3 20 -12.5461
3 21 -12.8096
3 22 -13.0503
3 23 -13.2925
3 24 -13.5186
3 25 -13.7135
3 26 -13.9055
3 27 -14.105
3 28 -14.3194
3 29 -14.4907
3 30 -14.6782
3 31 -14.8667
3 32 -15.0362
3 33 -15.1823
3 34 -15.3359
3 35 -15.4887
3 36 -15.6376
3 37 -15.7919
3 38 -15.9289
3 39 -16.0668
3 40 -16.2123
4 -10 -7.89183
4 -9 -7.83642
4 -8 -7.82324
4 -7 -7.83051
4 -6 -7.74647
4 -5 -7.71451
4 -4 -7.70153
4 -3 -7.68579
4 -2 -7.62538
4 -1 -7.61033
4 0 -7.54952
4 1 -7.48039
4 2 -7.53727
4 3 -7.7366
4 4 -7.98097
4 5 -8.26123
4 6 -8.63467
4 7 -8.94106
4 8 -9.24715
4 9 -9.57311
4 10 -9.879
4 11 -10.1673
4 12 -10.5216
4 13 -10.7849
4 14 -11.0559
4 15 -11.362
4 16 -11.63
4 17 -11.9137
4 18 -12.1711
4 19 -12.4363
4 20 -12.6707
4 21 -12.8953
4 22 -13.1215
4 23 -13.3269
4 24 -13.5253
4 25 -13.7342
4 26 -13.9338
4 27 -14.1263
4 28 -14.3204
4 29 -14.5166
4 30 -14.6989
4 31 -14.8774
4 32 -15.0618
4 33 -15.2497
4 34 -15.3942
4 35 -15.5485
4 36 -15.6961
4 37 -15.8386
4 38 -15.9902
4 39 -16.1241
4 40 -16.2706
5 -10 -7.93962
5 -9 -7.89612
5 -8 -7.86583
5 -7 -7.83935
5 -6 -7.8117
5 -5 -7.75483
5 -4 -7.72739
5 -3 -7.66216
5 -2 -7.61378
5 -1 -7.59137
5 0 -7.61475
5 1 -7.59718
5 2 -7.61907
5 3 -7.84348
5 4 -8.08823
5 5 -8.37173
5 6 -8.75102
5 7 -9.054
5 8 -9.38259
5 9 -9.6958
5 10 -10.0142
5 11 -10.3076
5 12 -10.6279
5 13 -10.9163
5 14 -11.1662
5 15 -11.4478
5 16 -11.7015
5 17 -11.9353
5 18 -12.2033
5 19 -12.4382
5 20 -12.6971
5 21 -12.8968
5 22 -13.1084
5 23 -13.3213
5 24 -13.5355
5 25 -13.7347
5 26 -13.9316
5 27 -14.1269
5 28 -14.3337
5 29 -14.537
5 30 -14.7148
5 31 -14.915
5 32 -15.089
5 33 -15.249
5 34 -15.4392
5 35 -15.6004
5 36 -15.7481
5 37 -15.8825
5 38 -16.02
5 39 -16.1542
5 40 -16.3079
6 -10 -7.93499
6 -9 -7.92648
6 -8 -7.89089
6 -7 -7.89029
6 -6 -7.86431
6 -5 -7.84628
6 -4 -7.83379
6 -3 -7.75278
6 -2 -7.67642
6 -1 -7.58496
6 0 -7.62035
6 1 -7.61086
6 2 -7.68852
6 3 -7.91596
6 4 -8.12925
6 5 -8.48521
6 6 -8.83021
6 7 -9.13647
6 8 -9.43104
6 9 -9.72836
6 10 -10.0241
6 11 -10.3352
6 12 -10.6127
6 13 -10.9153
6 14 -11.1589
6 15 -11.4531
6 16 -11.703
6 17 -11.9782
6 18 -12.253
6 19 -12.4653
6 20 -12.6941
6 21 -12.9119
6 22 -13.1252
6 23 -13.3356
6 24 -13.5526
6 25 -13.7688
6 26 -13.9947
6 27 -14.1798
6 28 -14.38
6 29 -14.5798
6 30 -14.7567
6 31 -14.9608
6 32 -15.115
6 33 -15.3265
6 34 -15.47
6 35 -15.6706
6 36 -15.8105
6 37 -15.9419
6 38 -16.0925
6 39 -16.2237
6 40 -16.3631
7 -10 -8.00906
7 -9 -7.98588
7 -8 -7.94535
7 -7 -7.9031
7 -6 -7.90619
7 -5 -7.88433
7 -4 -7.88808
7 -3 -7.80862
7 -2 -7.72827
7 -1 -7.66304
7 0 -7.67567
7 1 -7.67609
7 2 -7.73993
7 3 -7.91403
7 4 -8.18163
7 5 -8.49689
7 6 -8.85473
7 7 -9.16232
7 8 -9.47797
7 9 -9.75846
7 10 -10.0782
7 11 -10.3675
7 12 -10.6539
7 13 -10.9697
7 14 -11.2239
7 15 -11.5037
7 16 -11.7754
7 17 -12.0214
7 18 -12.2536
7 19 -12.4799
7 20 -12.7097
7 21 -12.9418
7 22 -13.1474
7 23 -13.3805
7 24 -13.5666
7 25 -13.8181
7 26 -13.9881
7 27 -14.2078
7 28 -14.4102
7 29 -14.6185
7 30 -14.7939
7 31 -15.0026
7 32 -15.1768
7 33 -15.3637
7 34 -15.5534
7 35 -15.7277
7 36 -15.8684
7 37 -16.0006
7 38 -16.1599
7 39 -16.2813
7 40 -16.4161
8 -10 -8.11795
8 -9 -8.05272
8 -8 -7.98749
8 -7 -7.93784
8 -6 -7.94572
8 -5 -7.89578
8 -4 -7.92121
8 -3 -7.89514
8 -2 -7.86734
8 -1 -7.72577
8 0 -7.74068
8 1 -7.73502
8 2 -7.77765
8 3 -7.92005
8 4 -8.19456
8 5 -8.47929
8 6 -8.81824
8 7 -9.17082
8 8 -9.49401
8 9 -9.78588
8 10 -10.104
8 11 -10.3904
8 12 -10.6708
8 13 -10.9458
8 14 -11.2513
8 15 -11.5466
8 16 -11.7858
8 17 -12.0207
8 18 -12.2811
8 19 -12.497
8 20 -12.7442
8 21 -12.9769
8 22 -13.2044
8 23 -13.4358
8 24 -13.6305
8 25 -13.8738
8 26 -14.0647
8 27 -14.271
8 28 -14.4752
8 29 -14.6865
8 30 -14.8752
8 31 -15.0662
8 32 -15.2554
8 33 -15.4285
8 34 -15.6087
8 35 -15.7877
8 36 -15.9374
8 37 -16.0776
8 38 -16.2295
8 39 -16.3671
8 40 -16.5089
9 -10 -8.12541
9 -9 -8.1162
9 -8 -8.06162
9 -7 -8.01147
9 -6 -7.98959
9 -5 -7.96651
9 -4 -7.94234
9 -3 -7.91087
9 -2 -7.90867
9 -1 -7.78041
9 0 -7.76499
9 1 -7.74657
9 2 -7.78286
9 3 -7.96162
9 4 -8.18579
9 5 -8.53758
9 6 -8.84715
9 7 -9.18028
9 8 -9.53193
9 9 -9.85805
9 10 -10.149
9 11 -10.4576
9 12 -10.7353
9 13 -11.0592
9 14 -11.3253
9 15 -11.5646
9 16 -11.835
9 17 -12.0662
9 18 -12.3147
9 19 -12.5756
9 20 -12.7841
9 21 -13.0426
9 22 -13.2908
9 23 -13.4949
9 24 -13.698
9 25 -13.9175
9 26 -14.1184
9 27 -14.3473
9 28 -14.5496
9 29 -14.742
9 30 -14.9452
9 31 -15.1328
9 32 -15.3343
9 33 -15.5179
9 34 -15.6895
9 35 -15.871
9 36 -16.0145
9 37 -16.1521
9 38 -16.3001
9 39 -16.4379
9 40 -16.5743
10 -10 -8.13603
10 -9 -8.1145
10 -8 -8.10561
10 -7 -8.02503
10 -6 -7.9972
10 -5 -7.9812
10 -4 -7.96369
10 -3 -7.93375
10 -2 -7.92005
10 -1 -7.85781
10 0 -7.81951
10 1 -7.79981
10 2 -7.80463
10 3 -8.00186
10 4 -8.27571
10 5 -8.5705
10 6 -8.90276
10 7 -9.2519
10 8 -9.56152
10 9 -9.91635
10 10 -10.2094
10 11 -10.4933
10 12 -10.8013
10 13 -11.0961
10 14 -11.3441
10 15 -11.6088
10 16 -11.8716
10 17 -12.1124
10 18 -12.373
10 19 -12.613
10 20 -12.8542
10 21 -13.0906
10 22 -13.309
10 23 -13.5529
10 24 -13.7601
10 25 -14.0281
10 26 -14.2277
10 27 -14.4183
10 28 -14.6028
10 29 -14.8061
10 30 -14.9804
10 31 -15.1712
10 32 -15.3637
10 33 -15.5226
10 34 -15.6721
10 35 -15.8421
10 36 -16.0081
10 37 -16.1681
10 38 -16.3102
10 39 -16.4445
10 40 -16.5779
11 -10 -8.15873
11 -9 -8.12297
11 -8 -8.11336
11 -7 -8.08406
11 -6 -8.06193
11 -5 -8.03997
11 -4 -7.99525
11 -3 -7.91946
11 -2 -7.93362
11 -1 -7.87263
11 0 -7.86996
11 1 -7.85751
11 2 -7.91059
11 3 -8.02311
11 4 -8.31327
11 5 -8.60746
11 6 -8.95628
11 7 -9.30457
11 8 -9.61952
11 9 -9.98498
11 10 -10.2794
11 11 -10.5891
11 12 -10.8617
11 13 -11.1348
11 14 -11.4096
11 15 -11.6703
11 16 -11.9346
11 17 -12.1774
11 18 -12.4381
11 19 -12.6846
11 20 -12.9136
11 21 -13.1465
11 22 -13.3635
11 23 -13.5811
11 24 -13.7937
11 25 -14.0157
11 26 -14.2127
11 27 -14.4378
11 28 -14.6086
11 29 -14.8101
11 30 -14.9886
11 31 -15.1749
11 32 -15.348
11 33 -15.522
11 34 -15.6872
11 35 -15.8505
11 36 -16.0066
11 37 -16.1754
11 38 -16.316
11 39 -16.4706
11 40 -16.6237
12 -10 -8.19774
12 -9 -8.16083
12 -8 -8.14631
12 -7 -8.10286
12 -6 -8.0854
12 -5 -8.07054
12 -4 -8.05018
12 -3 -7.92473
12 -2 -7.89781
12 -1 -7.90175
12 0 -7.8476
12 1 -7.87622
12 2 -7.94906
12 3 -8.11129
12 4 -8.37415
12 5 -8.68368
12 6 -9.02785
12 7 -9.35616
12 8 -9.67043
12 9 -10.0362
12 10 -10.3247
12 11 -10.6047
12 12 -10.8863
12 13 -11.1643
12 14 -11.4275
12 15 -11.707
12 16 -11.9657
12 17 -12.2082
12 18 -12.4527
12 19 -12.6765
12 20 -12.9286
12 21 -13.1497
12 22 -13.3886
12 23 -13.5926
12 24 -13.831
12 25 -14.0416
12 26 -14.25
12 27 -14.4416
12 28 -14.6438
12 29 -14.8102
12 30 -14.9922
12 31 -15.1972
12 32 -15.3597
12 33 -15.5367
12 34 -15.7161
12 35 -15.8738
12 36 -16.0503
12 37 -16.192
12 38 -16.3576
12 39 -16.5092
12 40 -16.6328
13 -10 -8.22463
13 -9 -8.17618
13 -8 -8.17846
13 -7 -8.14186
13 -6 -8.13137
13 -5 -8.12794
13 -4 -8.10721
13 -3 -7.98105
13 -2 -7.97117
13 -1 -7.93583
13 0 -7.88702
13 1 -7.9136
13 2 -7.98426
13 3 -8.14362
13 4 -8.4263
13 5 -8.71339
13 6 -9.05384
13 7 -9.39139
13 8 -9.7171
13 9 -10.0507
13 10 -10.3545
13 11 -10.623
13 12 -10.9037
13 13 -11.1821
13 14 -11.4461
13 15 -11.7052
13 16 -11.9607
13 17 -12.215
13 18 -12.4641
13 19 -12.7194
13 20 -12.9475
13 21 -13.1682
13 22 -13.4037
13 23 -13.6373
13 24 -13.8562
13 25 -14.0585
13 26 -14.251
13 27 -14.4388
13 28 -14.6494
13 29 -14.8231
13 30 -15.016
13 31 -15.2117
13 32 -15.3825
13 33 -15.5534
13 34 -15.733
13 35 -15.894
13 36 -16.0696
13 37 -16.2161
13 38 -16.3932
13 39 -16.5428
13 40 -16.6747
14 -10 -8.25337
14 -9 -8.22968
14 -8 -8.1875
14 -7 -8.18567
14 -6 -8.16056
14 -5 -8.17245
14 -4 -8.17318
14 -3 -8.07302
14 -2 -7.99953
14 -1 -7.95362
14 0 -7.95711
14 1 -7.93452
14 2 -7.98547
14 3 -8.13846
14 4 -8.39399
14 5 -8.73465
14 6 -9.04996
14 7 -9.3967
14 8 -9.72565
14 9 -10.0489
14 10 -10.3835
14 11 -10.6614
14 12 -10.9225
14 13 -11.2231
14 14 -11.4777
14 15 -11.7311
14 16 -11.9967
14 17 -12.2407
14 18 -12.4944
14 19 -12.7588
14 20 -12.968
14 21 -13.2207
14 22 -13.4403
14 23 -13.6545
14 24 -13.8641
14 25 -14.0682
14 26 -14.2688
14 27 -14.4606
14 28 -14.6647
14 29 -14.8613
14 30 -15.0589
14 31 -15.2361
14 32 -15.4146
14 33 -15.5901
14 34 -15.7605
14 35 -15.9445
14 36 -16.0838
14 37 -16.2634
14 38 -16.3974
14 39 -16.5624
14 40 -16.7068
15 -10 -8.30482
15 -9 -8.26808
15 -8 -8.23959
15 -7 -8.21747
15 -6 -8.18666
15 -5 -8.17859
15 -4 -8.16836
15 -3 -8.11153
15 -2 -8.03803
15 -1 -7.97412
15 0 -7.98219
15 1 -7.96124
15 2 -7.96498
15 3 -8.15695
15 4 -8.42898
15 5 -8.72452
15 6 -9.05267
15 7 -9.3945
15 8 -9.754
15 9 -10.0689
15 10 -10.3867
15 11 -10.6662
15 12 -10.97
15 13 -11.2373
15 14 -11.5054
15 15 -11.7776
15 16 -12.0377
15 17 -12.2914
15 18 -12.5467
15 19 -12.7903
15 20 -13.0253
15 21 -13.2598
15 22 -13.4555
15 23 -13.6816
15 24 -13.882
15 25 -14.0889
15 26 -14.2888
15 27 -14.5205
15 28 -14.6844
15 29 -14.9002
15 30 -15.0936
15 31 -15.2739
15 32 -15.469
15 33 -15.6336
15 34 -15.8293
15 35 -15.9801
15 36 -16.1524
15 37 -16.3217
15 38 -16.4731
15 39 -16.6302
15 40 -16.7713
16 -10 -8.33243
16 -9 -8.28255
16 -8 -8.22138
16 -7 -8.21009
16 -6 -8.20267
16 -5 -8.18831
16 -4 -8.18528
16 -3 -8.14053
16 -2 -8.08487
16 -1 -8.033
16 0 -7.98932
16 1 -7.9879
16 2 -7.98885
16 3 -8.14145
16 4 -8.41845
16 5 -8.74213
16 6 -9.07577
16 7 -9.41572
16 8 -9.77758
16 9 -10.1156
16 10 -10.4085
16 11 -10.7207
16 12 -11.0219
16 13 -11.2836
16 14 -11.5479
16 15 -11.8122
16 16 -12.0662
16 17 -12.3489
16 18 -12.5877
16 19 -12.8262
16 20 -13.0637
16 21 -13.274
16 22 -13.4921
16 23 -13.7162
16 24 -13.9169
16 25 -14.1307
16 26 -14.3438
16 27 -14.548
16 28 -14.7717
16 29 -14.9594
16 30 -15.1589
16 31 -15.3421
16 32 -15.5227
16 33 -15.7074
16 34 -15.8826
16 35 -16.0749
16 36 -16.214
16 37 -16.3863
16 38 -16.5381
16 39 -16.6737
16 40 -16.8137
17 -10 -8.3379
17 -9 -8.31369
17 -8 -8.27223
17 -7 -8.24726
17 -6 -8.23989
17 -5 -8.21326
17 -4 -8.18343
17 -3 -8.13774
17 -2 -8.07849
17 -1 -8.06054
17 0 -8.0492
17 1 -8.03789
17 2 -8.03111
17 3 -8.17972
17 4 -8.45408
17 5 -8.79152
17 6 -9.10574
17 7 -9.45377
17 8 -9.81596
17 9 -10.1375
17 10 -10.4369
17 11 -10.7407
17 12 -11.0583
17 13 -11.334
17 14 -11.5901
17 15 -11.871
17 16 -12.1324
17 17 -12.3934
17 18 -12.6418
17 19 -12.8478
17 20 -13.1026
17 21 -13.3266
17 22 -13.5508
17 23 -13.7705
17 24 -13.985
17 25 -14.1905
17 26 -14.4006
17 27 -14.5929
17 28 -14.8021
17 29 -14.9912
17 30 -15.1889
17 31 -15.3687
17 32 -15.5363
17 33 -15.733
17 34 -15.8923
17 35 -16.0507
17 36 -16.2291
17 37 -16.3944
17 38 -16.5495
17 39 -16.6825
17 40 -16.8096
18 -10 -8.34591
18 -9 -8.33843
18 -8 -8.30629
18 -7 -8.26915
18 -6 -8.25414
18 -5 -8.23308
18 -4 -8.19873
18 -3 -8.1335
18 -2 -8.09991
18 -1 -8.07679
18 0 -8.0729
18 1 -8.06548
18 2 -8.09256
18 3 -8.23837
18 4 -8.49358
18 5 -8.80727
18 6 -9.1634
18 7 -9.52069
18 8 -9.83131
18 9 -10.1771
18 10 -10.479
18 11 -10.7783
18 12 -11.0882
18 13 -11.3892
18 14 -11.6452
18 15 -11.8941
18 16 -12.1577
18 17 -12.4021
18 18 -12.639
18 19 -12.8924
18 20 -13.1222
18 21 -13.3404
18 22 -13.5693
18 23 -13.7867
18 24 -14
18 25 -14.2162
18 26 -14.4175
18 27 -14.6181
18 28 -14.7977
18 29 -15.011
18 30 -15.1923
18 31 -15.3784
18 32 -15.5549
18 33 -15.75
18 34 -15.9329
18 35 -16.0945
18 36 -16.2513
18 37 -16.414
18 38 -16.5573
18 39 -16.6879
18 40 -16.8247
19 -10 -8.35724
19 -9 -8.34475
19 -8 -8.32447
19 -7 -8.29677
19 -6 -8.28385
19 -5 -8.30088
19 -4 -8.24027
19 -3 -8.16666
19 -2 -8.14926
19 -1 -8.09943
19 0 -8.08547
19 1 -8.08058
19 2 -8.13814
19 3 -8.25634
19 4 -8.52344
19 5 -8.86616
19 6 -9.1771
19 7 -9.54581
19 8 -9.86103
19 9 -10.1824
19 10 -10.4732
19 11 -10.8111
19 12 -11.115
19 13 -11.4058
19 14 -11.689
19 15 -11.9329
19 16 -12.1792
19 17 -12.4282
19 18 -12.67
19 19 -12.9193
19 20 -13.1423
19 21 -13.3574
19 22 -13.565
19 23 -13.802
19 24 -13.9942
19 25 -14.2223
19 26 -14.4233
19 27 -14.6146
19 28 -14.8321
19 29 -15.0233
19 30 -15.224
19 31 -15.3973
19 32 -15.5878
19 33 -15.7653
19 34 -15.9247
19 35 -16.0916
19 36 -16.2508
19 37 -16.3926
19 38 -16.5547
19 39 -16.7001
19 40 -16.8292
20 -10 -8.39603
20 -9 -8.35938
20 -8 -8.33027
20 -7 -8.32352
20 -6 -8.33257
20 -5 -8.3256
20 -4 -8.25623
20 -3 -8.15773
20 -2 -8.17974
20 -1 -8.09068
20 0 -8.10761
20 1 -8.16004
20 2 -8.15372
20 3 -8.29491
20 4 -8.54378
20 5 -8.88856
20 6 -9.20343
20 7 -9.53932
20 8 -9.88095
20 9 -10.2124
20 10 -10.5142
20 11 -10.801
20 12 -11.1315
20 13 -11.3916
20 14 -11.6943
20 15 -11.9457
20 16 -12.1799
20 17 -12.4257
20 18 -12.6771
20 19 -12.902
20 20 -13.1338
20 21 -13.3592
20 22 -13.5758
20 23 -13.8057
20 24 -14.0307
20 25 -14.2186
20 26 -14.4329
20 27 -14.6522
20 28 -14.839
20 29 -15.0439
20 30 -15.2523
20 31 -15.4266
20 32 -15.5865
20 33 -15.766
20 34 -15.9281
20 35 -16.0964
20 36 -16.2449
20 37 -16.4117
20 38 -16.5733
20 39 -16.7154
20 40 -16.8482
21 -10 -8.4231
21 -9 -8.38488
21 -8 -8.37073
21 -7 -8.33525
21 -6 -8.34978
21 -5 -8.36173
21 -4 -8.33327
21 -3 -8.21518
21 -2 -8.17461
21 -1 -8.15266
21 0 -8.12587
21 1 -8.11894
21 2 -8.1563
21 3 -8.32194
21 4 -8.58346
21 5 -8.87881
21 6 -9.18721
21 7 -9.55156
21 8 -9.90189
21 9 -10.223
21 10 -10.5331
21 11 -10.8191
21 12 -11.1378
21 13 -11.4306
21 14 -11.6771
21 15 -11.9398
21 16 -12.2089
21 17 -12.4491
21 18 -12.694
21 19 -12.9258
21 20 -13.1651
21 21 -13.3868
21 22 -13.6031
21 23 -13.8223
21 24 -14.0586
21 25 -14.2624
21 26 -14.4746
21 27 -14.6736
21 28 -14.872
21 29 -15.0479
21 30 -15.2377
21 31 -15.4261
21 32 -15.5939
21 33 -15.7742
21 34 -15.9503
21 35 -16.1107
21 36 -16.2668
21 37 -16.4381
21 38 -16.6015
21 39 -16.7404
21 40 -16.8682
22 -10 -8.45175
22 -9 -8.41966
22 -8 -8.40861
22 -7 -8.37616
22 -6 -8.36919
22 -5 -8.37892
22 -4 -8.31369
22 -3 -8.2534
22 -2 -8.20256
22 -1 -8.17665
22 0 -8.14603
22 1 -8.12492
22 2 -8.20168
22 3 -8.30688
22 4 -8.55189
22 5 -8.90368
22 6 -9.23173
22 7 -9.55372
22 8 -9.92444
22 9 -10.236
22 10 -10.552
22 11 -10.8475
22 12 -11.1336
22 13 -11.4135
22 14 -11.6921
22 15 -11.9495
22 16 -12.2205
22 17 -12.4772
22 18 -12.7234
22 19 -12.9511
22 20 -13.1784
22 21 -13.4228
22 22 -13.6197
22 23 -13.8533
22 24 -14.0692
22 25 -14.2981
22 26 -14.514
22 27 -14.6896
22 28 -14.8902
22 29 -15.0665
22 30 -15.2661
22 31 -15.4423
22 32 -15.6242
22 33 -15.812
22 34 -15.993
22 35 -16.1559
22 36 -16.3085
22 37 -16.4767
22 38 -16.6369
22 39 -16.7654
22 40 -16.9002
23 -10 -8.4817
23 -9 -8.43493
23 -8 -8.39871
23 -7 -8.4021
23 -6 -8.36843
23 -5 -8.36402
23 -4 -8.34103
23 -3 -8.27435
23 -2 -8.23185
23 -1 -8.20144
23 0 -8.13617
23 1 -8.14137
23 2 -8.21824
23 3 -8.34085
23 4 -8.58432
23 5 -8.93428
23 6 -9.25408
23 7 -9.60411
23 8 -9.91834
23 9 -10.259
23 10 -10.5586
23 11 -10.8694
23 12 -11.1446
23 13 -11.4393
23 14 -11.7058
23 15 -11.9793
23 16 -12.2311
23 17 -12.5112
23 18 -12.7676
23 19 -12.9958
23 20 -13.2361
23 21 -13.4443
23 22 -13.7011
23 23 -13.9091
23 24 -14.1153
23 25 -14.331
23 26 -14.5273
23 27 -14.7265
23 28 -14.917
23 29 -15.1186
23 30 -15.2904
23 31 -15.4902
23 32 -15.6728
23 33 -15.8469
23 34 -16.0209
23 35 -16.1997
23 36 -16.3506
23 37 -16.5249
23 38 -16.6672
23 39 -16.8059
23 40 -16.9402
24 -10 -8.50397
24 -9 -8.45083
24 -8 -8.44201
24 -7 -8.39806
24 -6 -8.39569
24 -5 -8.37835
24 -4 -8.34269
24 -3 -8.26313
24 -2 -8.26024
24 -1 -8.23795
24 0 -8.18323
24 1 -8.17132
24 2 -8.19821
24 3 -8.35281
24 4 -8.63223
24 5 -8.93401
24 6 -9.27223
24 7 -9.59136
24 8 -9.94595
24 9 -10.2817
24 10 -10.5737
24 11 -10.8969
24 12 -11.1691
24 13 -11.4548
24 14 -11.7428
24 15 -12.0028
24 16 -12.2642
24 17 -12.5427
24 18 -12.7981
24 19 -13.0313
24 20 -13.2708
24 21 -13.504
24 22 -13.7279
24 23 -13.9123
24 24 -14.1552
24 25 -14.347
24 26 -14.5563
24 27 -14.7425
24 28 -14.9542
24 29 -15.1337
24 30 -15.3222
24 31 -15.5145
24 32 -15.6802
24 33 -15.8735
24 34 -16.0355
24 35 -16.2082
24 36 -16.3843
24 37 -16.5273
24 38 -16.6951
24 39 -16.8246
24 40 -16.9583
25 -10 -8.50031
25 -9 -8.48839
25 -8 -8.43763
25 -7 -8.42793
25 -6 -8.41343
25 -5 -8.39276
25 -4 -8.3449
25 -3 -8.3037
25 -2 -8.24975
25 -1 -8.22689
25 0 -8.23146
25 1 -8.18323
25 2 -8.20418
25 3 -8.37584
25 4 -8.64021
25 5 -8.9558
25 6 -9.28041
25 7 -9.6422
25 8 -9.97846
25 9 -10.3183
25 10 -10.6127
25 11 -10.9142
25 12 -11.2226
25 13 -11.4967
25 14 -11.7698
25 15 -12.0365
25 16 -12.3183
25 17 -12.5614
25 18 -12.8184
25 19 -13.0866
25 20 -13.2977
25 21 -13.514
25 22 -13.7419
25 23 -13.9486
25 24 -14.1543
25 25 -14.3604
25 26 -14.5707
25 27 -14.775
25 28 -14.9638
25 29 -15.1584
25 30 -15.3594
25 31 -15.5372
25 32 -15.709
25 33 -15.8914
25 34 -16.0616
25 35 -16.2212
25 36 -16.3864
25 37 -16.5447
25 38 -16.7127
25 39 -16.8464
25 40 -16.9708
26 -10 -8.52686
26 -9 -8.48614
26 -8 -8.47504
26 -7 -8.44817
26 -6 -8.42726
26 -5 -8.40308
26 -4 -8.38616
26 -3 -8.36706
26 -2 -8.28803
26 -1 -8.25907
26 0 -8.25651
26 1 -8.21148
26 2 -8.26453
26 3 -8.40389
26 4 -8.67461
26 5 -9.00295
26 6 -9.34248
26 7 -9.66018
26 8 -10.0298
26 9 -10.341
26 10 -10.6479
26 11 -10.9342
26 12 -11.2239
26 13 -11.4974
26 14 -11.7938
26 15 -12.0639
26 16 -12.3199
26 17 -12.584
26 18 -12.8338
26 19 -13.0819
26 20 -13.3009
26 21 -13.5294
26 22 -13.7421
26 23 -13.9548
26 24 -14.1669
26 25 -14.3609
26 26 -14.5929
26 27 -14.7674
26 28 -14.9744
26 29 -15.1648
26 30 -15.3451
26 31 -15.5291
26 32 -15.7087
26 33 -15.903
26 34 -16.0636
26 35 -16.2421
26 36 -16.3875
26 37 -16.5648
26 38 -16.7153
26 39 -16.8702
26 40 -16.9931
27 -10 -8.54264
27 -9 -8.49775
27 -8 -8.47895
27 -7 -8.48389
27 -6 -8.44682
27 -5 -8.41065
27 -4 -8.40136
27 -3 -8.34773
27 -2 -8.30003
27 -1 -8.26227
27 0 -8.28993
27 1 -8.22717
27 2 -8.28617
27 3 -8.44251
27 4 -8.71257
27 5 -9.02308
27 6 -9.35186
27 7 -9.68054
27 8 -10.0104
27 9 -10.3458
27 10 -10.6628
27 11 -10.9468
27 12 -11.227
27 13 -11.525
27 14 -11.7963
27 15 -12.0648
27 16 -12.3212
27 17 -12.5906
27 18 -12.8462
27 19 -13.0909
27 20 -13.3202
27 21 -13.5544
27 22 -13.7674
27 23 -13.971
27 24 -14.1854
27 25 -14.3868
27 26 -14.5857
27 27 -14.7808
27 28 -14.9777
27 29 -15.1668
27 30 -15.363
27 31 -15.5484
27 32 -15.7296
27 33 -15.8944
27 34 -16.073
27 35 -16.2576
27 36 -16.4147
27 37 -16.5694
27 38 -16.7151
27 39 -16.8756
27 40 -17.019
28 -10 -8.55302
28 -9 -8.53387
28 -8 -8.50266
28 -7 -8.51315
28 -6 -8.51027
28 -5 -8.44504
28 -4 -8.41146
28 -3 -8.35113
28 -2 -8.31629
28 -1 -8.30431
28 0 -8.28038
28 1 -8.24773
28 2 -8.29679
28 3 -8.4512
28 4 -8.69569
28 5 -8.99908
28 6 -9.33926
28 7 -9.68057
28 8 -10.0342
28 9 -10.3593
28 10 -10.6623
28 11 -10.9499
28 12 -11.2301
28 13 -11.5431
28 14 -11.7983
28 15 -12.0897
28 16 -12.3582
28 17 -12.6108
28 18 -12.8463
28 19 -13.0771
28 20 -13.3141
28 21 -13.5497
28 22 -13.7757
28 23 -13.9939
28 24 -14.1994
28 25 -14.3938
28 26 -14.6127
28 27 -14.8023
28 28 -14.9975
28 29 -15.1881
28 30 -15.3835
28 31 -15.561
28 32 -15.7529
28 33 -15.9302
28 34 -16.1077
28 35 -16.2611
28 36 -16.4249
28 37 -16.5834
28 38 -16.7409
28 39 -16.8801
28 40 -17.0177
29 -10 -8.5612
29 -9 -8.55449
29 -8 -8.5294
29 -7 -8.50019
29 -6 -8.52397
29 -5 -8.48184
29 -4 -8.44545
29 -3 -8.3727
29 -2 -8.34941
29 -1 -8.28732
29 0 -8.27102
29 1 -8.25749
29 2 -8.31115
29 3 -8.45321
29 4 -8.69264
29 5 -9.02159
29 6 -9.3806
29 7 -9.68799
29 8 -10.0528
29 9 -10.3671
29 10 -10.6825
29 11 -10.9665
29 12 -11.2568
29 13 -11.5492
29 14 -11.8251
29 15 -12.1066
29 16 -12.35
29 17 -12.6217
29 18 -12.8481
29 19 -13.0894
29 20 -13.3332
29 21 -13.5542
29 22 -13.7836
29 23 -14.008
29 24 -14.2143
29 25 -14.436
29 26 -14.6295
29 27 -14.8338
29 28 -15.0252
29 29 -15.2339
29 30 -15.4068
29 31 -15.6048
29 32 -15.7828
29 33 -15.9485
29 34 -16.1236
29 35 -16.2798
29 36 -16.4467
29 37 -16.5971
29 38 -16.7506
29 39 -16.9101
29 40 -17.0427
30 -10 -8.57799
30 -9 -8.57276
30 -8 -8.54973
30 -7 -8.49956
30 -6 -8.51172
30 -5 -8.49889
30 -4 -8.47182
30 -3 -8.39712
30 -2 -8.36892
30 -1 -8.32842
30 0 -8.28105
30 1 -8.2887
30 2 -8.33341
30 3 -8.45328
30 4 -8.71141
30 5 -9.01577
30 6 -9.37857
30 7 -9.70183
30 8 -10.0474
30 9 -10.4156
30 10 -10.7198
30 11 -11.0042
30 12 -11.2809
30 13 -11.5638
30 14 -11.8525
30 15 -12.1207
30 16 -12.3685
30 17 -12.6194
30 18 -12.8632
30 19 -13.1039
30 20 -13.347
30 21 -13.5928
30 22 -13.7968
30 23 -14.0402
30 24 -14.2397
30 25 -14.4643
30 26 -14.6619
30 27 -14.864
30 28 -15.0623
30 29 -15.2563
30 30 -15.4427
30 31 -15.6202
30 32 -15.7945
30 33 -15.9595
30 34 -16.141
30 35 -16.2866
30 36 -16.4692
30 37 -16.6229
30 38 -16.7674
30 39 -16.9259
30 40 -17.07
31 -10 -8.60925
31 -9 -8.57285
31 -8 -8.56472
31 -7 -8.49949
31 -6 -8.49836
31 -5 -8.49978
31 -4 -8.4748
31 -3 -8.41739
31 -2 -8.36979
31 -1 -8.33533
31 0 -8.28439
31 1 -8.28205
31 2 -8.36527
31 3 -8.47352
31 4 -8.7481
31 5 -9.04402
31 6 -9.40829
31 7 -9.75287
31 8 -10.1074
31 9 -10.4168
31 10 -10.7206
31 11 -11.016
31 12 -11.2904
31 13 -11.5995
31 14 -11.8573
31 15 -12.1422
31 16 -12.3693
31 17 -12.6415
31 18 -12.8841
31 19 -13.1258
31 20 -13.346
31 21 -13.5947
31 22 -13.8472
31 23 -14.0573
31 24 -14.275
31 25 -14.4954
31 26 -14.711
31 27 -14.9022
31 28 -15.0916
31 29 -15.2776
31 30 -15.4562
31 31 -15.6435
31 32 -15.8192
31 33 -15.9933
31 34 -16.1692
31 35 -16.3287
31 36 -16.4884
31 37 -16.6394
31 38 -16.8065
31 39 -16.9494
31 40 -17.0882
32 -10 -8.62855
32 -9 -8.58691
32 -8 -8.5802
32 -7 -8.54254
32 -6 -8.50685
32 -5 -8.48772
32 -4 -8.47605
32 -3 -8.42393
32 -2 -8.40643
32 -1 -8.37642
32 0 -8.30933
32 1 -8.30499
32 2 -8.34396
32 3 -8.52991
32 4 -8.81218
32 5 -9.10221
32 6 -9.43017
32 7 -9.74358
32 8 -10.0985
32 9 -10.4262
32 10 -10.7384
32 11 -11.0413
32 12 -11.3246
32 13 -11.5994
32 14 -11.8731
32 15 -12.1327
32 16 -12.393
32 17 -12.6468
32 18 -12.9068
32 19 -13.1422
32 20 -13.3852
32 21 -13.6231
32 22 -13.8521
32 23 -14.0737
32 24 -14.3093
32 25 -14.5309
32 26 -14.7228
32 27 -14.9218
32 28 -15.102
32 29 -15.2879
32 30 -15.4774
32 31 -15.6644
32 32 -15.8324
32 33 -16.0074
32 34 -16.1765
32 35 -16.3486
32 36 -16.504
32 37 -16.6636
32 38 -16.8099
32 39 -16.9583
32 40 -17.0982
33 -10 -8.6387
33 -9 -8.60628
33 -8 -8.58058
33 -7 -8.55048
33 -6 -8.52716
33 -5 -8.50646
33 -4 -8.48439
33 -3 -8.42693
33 -2 -8.4092
33 -1 -8.39218
33 0 -8.33108
33 1 -8.34139
33 2 -8.37856
33 3 -8.535
33 4 -8.80815
33 5 -9.10232
33 6 -9.44002
33 7 -9.77524
33 8 -10.1146
33 9 -10.4389
33 10 -10.7587
33 11 -11.0556
33 12 -11.3402
33 13 -11.6341
33 14 -11.8946
33 15 -12.1527
33 16 -12.4169
33 17 -12.6651
33 18 -12.9205
33 19 -13.1487
33 20 -13.393
33 21 -13.6316
33 22 -13.8547
33 23 -14.0925
33 24 -14.3031
33 25 -14.5113
33 26 -14.7257
33 27 -14.9203
33 28 -15.1177
33 29 -15.3135
33 30 -15.4951
33 31 -15.6627
33 32 -15.8411
33 33 -16.0334
33 34 -16.1853
33 35 -16.3587
33 36 -16.5168
33 37 -16.672
33 38 -16.8226
33 39 -16.9668
33 40 -17.0992
34 -10 -8.62446
34 -9 -8.63438
34 -8 -8.59168
34 -7 -8.55455
34 -6 -8.55797
34 -5 -8.54053
34 -4 -8.503
34 -3 -8.42462
34 -2 -8.41219
34 -1 -8.39073
34 0 -8.34711
34 1 -8.35798
34 2 -8.39503
34 3 -8.54081
34 4 -8.79844
34 5 -9.13537
34 6 -9.45919
34 7 -9.81047
34 8 -10.1436
34 9 -10.4577
34 10 -10.7752
34 11 -11.0584
34 12 -11.3628
34 13 -11.6332
34 14 -11.8916
34 15 -12.1543
34 16 -12.4042
34 17 -12.6729
34 18 -12.9371
34 19 -13.167
34 20 -13.406
34 21 -13.6353
34 22 -13.8644
34 23 -14.0991
34 24 -14.3128
34 25 -14.5061
34 26 -14.7218
34 27 -14.9186
34 28 -15.1311
34 29 -15.3143
34 30 -15.5023
34 31 -15.6895
34 32 -15.8481
34 33 -16.0223
34 34 -16.1973
34 35 -16.36
34 36 -16.5242
34 37 -16.6821
34 38 -16.8339
34 39 -16.9711
34 40 -17.1017
35 -10 -8.62934
35 -9 -8.63661
35 -8 -8.61177
35 -7 -8.59828
35 -6 -8.57666
35 -5 -8.57921
35 -4 -8.53009
35 -3 -8.46647
35 -2 -8.39976
35 -1 -8.38011
35 0 -8.35346
35 1 -8.38853
35 2 -8.42096
35 3 -8.57482
35 4 -8.83263
35 5 -9.15845
35 6 -9.47218
35 7 -9.80059
35 8 -10.1283
35 9 -10.4711
35 10 -10.7677
35 11 -11.0656
35 12 -11.3819
35 13 -11.6372
35 14 -11.9056
35 15 -12.1633
35 16 -12.4171
35 17 -12.6803
35 18 -12.9283
35 19 -13.1876
35 20 -13.4181
35 21 -13.6566
35 22 -13.8892
35 23 -14.0958
35 24 -14.3128
35 25 -14.5241
35 26 -14.73
35 27 -14.9274
35 28 -15.118
35 29 -15.3091
35 30 -15.5115
35 31 -15.6922
35 32 -15.8708
35 33 -16.0468
35 34 -16.2021
35 35 -16.3749
35 36 -16.5295
35 37 -16.6808
35 38 -16.8468
35 39 -16.9859
35 40 -17.1182
36 -10 -8.64586
36 -9 -8.62657
36 -8 -8.60667
36 -7 -8.60195
36 -6 -8.58168
36 -5 -8.58317
36 -4 -8.53164
36 -3 -8.50738
36 -2 -8.46198
36 -1 -8.39976
36 0 -8.39485
36 1 -8.37163
36 2 -8.36562
36 3 -8.54704
36 4 -8.82307
36 5 -9.14429
36 6 -9.4694
36 7 -9.80674
36 8 -10.1375
36 9 -10.4839
36 10 -10.7727
36 11 -11.0971
36 12 -11.3794
36 13 -11.6517
36 14 -11.9191
36 15 -12.1879
36 16 -12.4452
36 17 -12.709
36 18 -12.963
36 19 -13.188
36 20 -13.4465
36 21 -13.6669
36 22 -13.8941
36 23 -14.1024
36 24 -14.3054
36 25 -14.5215
36 26 -14.7234
36 27 -14.9238
36 28 -15.1133
36 29 -15.3218
36 30 -15.5061
36 31 -15.6909
36 32 -15.8691
36 33 -16.0693
36 34 -16.2414
36 35 -16.3983
36 36 -16.5562
36 37 -16.7115
36 38 -16.8694
36 39 -17.0082
36 40 -17.1423
37 -10 -8.67654
37 -9 -8.64566
37 -8 -8.61546
37 -7 -8.62063
37 -6 -8.59416
37 -5 -8.60653
37 -4 -8.57657
37 -3 -8.50314
37 -2 -8.46174
37 -1 -8.40957
37 0 -8.37796
37 1 -8.37348
37 2 -8.42562
37 3 -8.54938
37 4 -8.83992
37 5 -9.15939
37 6 -9.48865
37 7 -9.8346
37 8 -10.1435
37 9 -10.482
37 10 -10.7829
37 11 -11.0942
37 12 -11.3943
37 13 -11.6677
37 14 -11.9443
37 15 -12.191
37 16 -12.461
37 17 -12.7241
37 18 -12.9586
37 19 -13.2109
37 20 -13.4443
37 21 -13.6492
37 22 -13.8764
37 23 -14.0951
37 24 -14.3096
37 25 -14.5134
37 26 -14.7184
37 27 -14.9266
37 28 -15.1198
37 29 -15.3205
37 30 -15.5071
37 31 -15.7181
37 32 -15.8854
37 33 -16.0735
37 34 -16.2545
37 35 -16.4263
37 36 -16.5832
37 37 -16.7456
37 38 -16.8901
37 39 -17.0292
37 40 -17.1697
38 -10 -8.68302
38 -9 -8.66088
38 -8 -8.62806
38 -7 -8.61104
38 -6 -8.5936
38 -5 -8.60355
38 -4 -8.57999
38 -3 -8.51795
38 -2 -8.47598
38 -1 -8.41095
38 0 -8.39595
38 1 -8.39699
38 2 -8.4387
38 3 -8.582
38 4 -8.85677
38 5 -9.17069
38 6 -9.49646
38 7 -9.82746
38 8 -10.1547
38 9 -10.5039
38 10 -10.7962
38 11 -11.1159
38 12 -11.3947
38 13 -11.6881
38 14 -11.9574
38 15 -12.2238
38 16 -12.4861
38 17 -12.7312
38 18 -12.9722
38 19 -13.219
38 20 -13.4472
38 21 -13.6621
38 22 -13.8819
38 23 -14.1093
38 24 -14.317
38 25 -14.5232
38 26 -14.7479
38 27 -14.9317
38 28 -15.1452
38 29 -15.334
38 30 -15.5295
38 31 -15.7304
38 32 -15.9028
38 33 -16.094
38 34 -16.2786
38 35 -16.4458
38 36 -16.5926
38 37 -16.752
38 38 -16.9028
38 39 -17.042
38 40 -17.173
39 -10 -8.67645
39 -9 -8.64564
39 -8 -8.62595
39 -7 -8.60126
39 -6 -8.61654
39 -5 -8.59871
39 -4 -8.57883
39 -3 -8.54524
39 -2 -8.49326
39 -1 -8.43532
39 0 -8.43607
39 1 -8.40151
39 2 -8.4531
39 3 -8.59597
39 4 -8.84535
39 5 -9.16164
39 6 -9.5152
39 7 -9.84703
39 8 -10.1942
39 9 -10.5197
39 10 -10.8414
39 11 -11.1201
39 12 -11.4312
39 13 -11.7103
39 14 -11.9752
39 15 -12.2425
39 16 -12.5017
39 17 -12.7477
39 18 -13.0017
39 19 -13.2285
39 20 -13.4634
39 21 -13.686
39 22 -13.8994
39 23 -14.1304
39 24 -14.3437
39 25 -14.5544
39 26 -14.7528
39 27 -14.9551
39 28 -15.1764
39 29 -15.3495
39 30 -15.5613
39 31 -15.7413
39 32 -15.9322
39 33 -16.106
39 34 -16.271
39 35 -16.4412
39 36 -16.599
39 37 -16.7601
39 38 -16.9181
39 39 -17.0497
39 40 -17.1823
40 -10 -8.67546
40 -9 -8.66649
40 -8 -8.62185
40 -7 -8.61126
40 -6 -8.61286
40 -5 -8.59216
40 -4 -8.5626
40 -3 -8.54877
40 -2 -8.50124
40 -1 -8.4426
40 0 -8.44047
40 1 -8.41637
40 2 -8.46875
40 3 -8.61201
40 4 -8.86197
40 5 -9.19805
40 6 -9.5457
40 7 -9.89027
40 8 -10.2186
40 9 -10.553
40 10 -10.857
40 11 -11.1354
40 12 -11.4307
40 13 -11.7027
40 14 -11.9928
40 15 -12.2531
40 16 -12.5151
40 17 -12.7734
40 18 -13.0078
40 19 -13.2287
40 20 -13.4785
40 21 -13.7085
40 22 -13.9261
40 23 -14.146
40 24 -14.3679
40 25 -14.5587
40 26 -14.7891
40 27 -14.9821
40 28 -15.1818
40 29 -15.3756
40 30 -15.563
40 31 -15.761
40 32 -15.924
40 33 -16.1062
40 34 -16.28
40 35 -16.4425
40 36 -16.6024
40 37 -16.7627
40 38 -16.9179
40 39 -17.0667
40 40 -17.2
