-10 -10 -10.029
-10 -9 -10.0106
-10 -8 -9.9622
-10 -7 -9.94022
-10 -6 -9.9247
-10 -5 -9.92063
-10 -4 -9.92162
-10 -3 -9.92201
-10 -2 -9.88588
-10 -1 -9.84962
-10 0 -9.82062
-10 1 -9.79414
-10 2 -9.85372
-10 3 -10.0489
-10 4 -10.3345
-10 5 -10.6407
-10 6 -10.9586
-10 7 -11.2798
-10 8 -11.6073
-10 9 -11.9314
-10 10 -12.2354
-10 11 -12.5361
-10 12 -12.8319
-10 13 -13.1087
-10 14 -13.3893
-10 15 -13.6441
-10 16 -13.9113
-10 17 -14.1542
-10 18 -14.4029
-10 19 -14.6483
-10 20 -14.876
-10 21 -15.1057
-10 22 -15.3284
-10 23 -15.5394
-10 24 -15.7609
-10 25 -15.9555
-10 26 -16.1468
-10 27 -16.3358
-10 28 -16.5142
-10 29 -16.6889
-10 30 -16.8549
-10 31 -17.0119
-10 32 -17.1608
-10 33 -17.3071
-10 34 -17.439
-10 35 -17.5737
-10 36 -17.7025
-10 37 -17.8217
-10 38 -17.9402
-10 39 -18.062
-10 40 -18.1739
-9 -10 -10.0067
-9 -9 -9.97183
-9 -8 -9.93936
-9 -7 -9.9291
-9 -6 -9.91952
-9 -5 -9.92403
-9 -4 -9.92493
-9 -3 -9.88643
-9 -2 -9.85547
-9 -1 -9.80929
-9 0 -9.79058
-9 1 -9.79482
-9 2 -9.86462
-9 3 -10.0566
-9 4 -10.3265
-9 5 -10.6321
-9 6 -10.9587
-9 7 -11.2851
-9 8 -11.606
-9 9 -11.9279
-9 10 -12.2238
-9 11 -12.5295
-9 12 -12.8208
-9 13 -13.1013
-9 14 -13.3743
-9 15 -13.6435
-9 16 -13.8976
-9 17 -14.1392
-9 18 -14.3826
-9 19 -14.6187
-9 20 -14.8469
-9 21 -15.0773
-9 22 -15.2929
-9 23 -15.5074
-9 24 -15.712
-9 25 -15.9077
-9 26 -16.1046
-9 27 -16.2927
-9 28 -16.4742
-9 29 -16.6399
-9 30 -16.8081
-9 31 -16.9684
-9 32 -17.1256
-9 33 -17.2668
-9 34 -17.4055
-9 35 -17.535
-9 36 -17.6618
-9 37 -17.7956
-9 38 -17.9232
-9 39 -18.0506
-9 40 -18.1606
-8 -10 -9.96683
-8 -9 -9.94048
-8 -8 -9.92497
-8 -7 -9.915
-8 -6 -9.9205
-8 -5 -9.91635
-8 -4 -9.8803
-8 -3 -9.85247
-8 -2 -9.80669
-8 -1 -9.79587
-8 0 -9.7911
-8 1 -9.7837
-8 2 -9.8564
-8 3 -10.0254
-8 4 -10.2814
-8 5 -10.6022
-8 6 -10.9421
-8 7 -11.2612
-8 8 -11.59
-8 9 -11.9296
-8 10 -12.2351
-8 11 -12.5361
-8 12 -12.8289
-8 13 -13.1001
-8 14 -13.3725
-8 15 -13.6333
-8 16 -13.8912
-8 17 -14.1385
-8 18 -14.3699
-8 19 -14.612
-8 20 -14.837
-8 21 -15.0583
-8 22 -15.2734
-8 23 -15.4805
-8 24 -15.686
-8 25 -15.8825
-8 26 -16.0698
-8 27 -16.2617
-8 28 -16.4412
-8 29 -16.611
-8 30 -16.776
-8 31 -16.9377
-8 32 -17.0821
-8 33 -17.2297
-8 34 -17.3679
-8 35 -17.4983
-8 36 -17.6278
-8 37 -17.7647
-8 38 -17.8879
-8 39 -18.0101
-8 40 -18.13
-7 -10 -9.94842
-7 -9 -9.92525
-7 -8 -9.91896
-7 -7 -9.91489
-7 -6 -9.92102
-7 -5 -9.88854
-7 -4 -9.86009
-7 -3 -9.8142
-7 -2 -9.79754
-7 -1 -9.79544
-7 0 -9.78901
-7 1 -9.76209
-7 2 -9.79489
-7 3 -9.98257
-7 4 -10.2354
-7 5 -10.5511
-7 6 -10.881
-7 7 -11.2139
-7 8 -11.5443
-7 9 -11.8577
-7 10 -12.1803
-7 11 -12.4992
-7 12 -12.7924
-7 13 -13.1
-7 14 -13.3762
-7 15 -13.6467
-7 16 -13.903
-7 17 -14.1574
-7 18 -14.3879
-7 19 -14.6179
-7 20 -14.8392
-7 21 -15.0612
-7 22 -15.2675
-7 23 -15.4816
-7 24 -15.6823
-7 25 -15.8751
-7 26 -16.059
-7 27 -16.2396
-7 28 -16.4178
-7 29 -16.589
-7 30 -16.7511
-7 31 -16.9096
-7 32 -17.0669
-7 33 -17.2084
-7 34 -17.3454
-7 35 -17.4767
-7 36 -17.6135
-7 37 -17.738
-7 38 -17.8664
-7 39 -17.989
-7 40 -18.1091
-6 -10 -9.9335
-6 -9 -9.92934
-6 -8 -9.92238
-6 -7 -9.92627
-6 -6 -9.89576
-6 -5 -9.84876
-6 -4 -9.81447
-6 -3 -9.79952
-6 -2 -9.79148
-6 -1 -9.79953
-6 0 -9.76847
-6 1 -9.7119
-6 2 -9.76506
-6 3 -9.95421
-6 4 -10.2336
-6 5 -10.5369
-6 6 -10.8749
-6 7 -11.1885
-6 8 -11.5158
-6 9 -11.8351
-6 10 -12.1509
-6 11 -12.457
-6 12 -12.7492
-6 13 -13.0554
-6 14 -13.3283
-6 15 -13.6021
-6 16 -13.8787
-6 17 -14.13
-6 18 -14.3758
-6 19 -14.6173
-6 20 -14.8469
-6 21 -15.0634
-6 22 -15.272
-6 23 -15.482
-6 24 -15.6827
-6 25 -15.8774
-6 26 -16.062
-6 27 -16.2411
-6 28 -16.4173
-6 29 -16.5914
-6 30 -16.7509
-6 31 -16.9023
-6 32 -17.0622
-6 33 -17.2014
-6 34 -17.3427
-6 35 -17.4752
-6 36 -17.5998
-6 37 -17.7219
-6 38 -17.848
-6 39 -17.9721
-6 40 -18.0898
-5 -10 -9.93413
-5 -9 -9.93138
-5 -8 -9.92773
-5 -7 -9.89688
-5 -6 -9.86619
-5 -5 -9.82733
-5 -4 -9.80574
-5 -3 -9.79653
-5 -2 -9.80417
-5 -1 -9.77201
-5 0 -9.71622
-5 1 -9.6908
-5 2 -9.73344
-5 3 -9.93041
-5 4 -10.1931
-5 5 -10.5113
-5 6 -10.8371
-5 7 -11.1636
-5 8 -11.498
-5 9 -11.8168
-5 10 -12.1269
-5 11 -12.4336
-5 12 -12.732
-5 13 -13.0111
-5 14 -13.2963
-5 15 -13.5535
-5 16 -13.8232
-5 17 -14.0849
-5 18 -14.3416
-5 19 -14.5894
-5 20 -14.8257
-5 21 -15.0502
-5 22 -15.2722
-5 23 -15.483
-5 24 -15.6836
-5 25 -15.879
-5 26 -16.0691
-5 27 -16.2381
-5 28 -16.4222
-5 29 -16.5888
-5 30 -16.7472
-5 31 -16.9112
-5 32 -17.0578
-5 33 -17.2033
-5 34 -17.3354
-5 35 -17.4627
-5 36 -17.5924
-5 37 -17.7185
-5 38 -17.8424
-5 39 -17.9753
-5 40 -18.0963
-4 -10 -9.93928
-4 -9 -9.94096
-4 -8 -9.91172
-4 -7 -9.86563
-4 -6 -9.84408
-4 -5 -9.82929
-4 -4 -9.81087
-4 -3 -9.82519
-4 -2 -9.79203
-4 -1 -9.73633
-4 0 -9.70957
-4 1 -9.68528
-4 2 -9.72566
-4 3 -9.91277
-4 4 -10.2062
-4 5 -10.5131
-4 6 -10.8221
-4 7 -11.1539
-4 8 -11.4864
-4 9 -11.8037
-4 10 -12.1114
-4 11 -12.406
-4 12 -12.6955
-4 13 -12.9913
-4 14 -13.2678
-4 15 -13.5368
-4 16 -13.7941
-4 17 -14.0536
-4 18 -14.3067
-4 19 -14.5457
-4 20 -14.7951
-4 21 -15.0188
-4 22 -15.2539
-4 23 -15.4715
-4 24 -15.6705
-4 25 -15.8709
-4 26 -16.0559
-4 27 -16.241
-4 28 -16.418
-4 29 -16.5922
-4 30 -16.7473
-4 31 -16.9035
-4 32 -17.0568
-4 33 -17.1978
-4 34 -17.3334
-4 35 -17.467
-4 36 -17.5964
-4 37 -17.7236
-4 38 -17.8421
-4 39 -17.9659
-4 40 -18.0864
-3 -10 -9.95834
-3 -9 -9.92073
-3 -8 -9.89756
-3 -7 -9.86491
-3 -6 -9.84221
-3 -5 -9.83128
-3 -4 -9.84033
-3 -3 -9.81174
-3 -2 -9.75661
-3 -1 -9.71444
-3 0 -9.70076
-3 1 -9.6777
-3 2 -9.73827
-3 3 -9.93674
-3 4 -10.2133
-3 5 -10.5182
-3 6 -10.8521
-3 7 -11.1798
-3 8 -11.4924
-3 9 -11.8064
-3 10 -12.1101
-3 11 -12.4113
-3 12 -12.6988
-3 13 -12.9783
-3 14 -13.2514
-3 15 -13.5168
-3 16 -13.7814
-3 17 -14.0344
-3 18 -14.287
-3 19 -14.5297
-3 20 -14.7611
-3 21 -14.9926
-3 22 -15.2276
-3 23 -15.4458
-3 24 -15.6578
-3 25 -15.8623
-3 26 -16.0529
-3 27 -16.2426
-3 28 -16.4229
-3 29 -16.5809
-3 30 -16.7434
-3 31 -16.9095
-3 32 -17.0531
-3 33 -17.1979
-3 34 -17.3252
-3 35 -17.4569
-3 36 -17.5844
-3 37 -17.7138
-3 38 -17.8375
-3 39 -17.96
-3 40 -18.0735
-2 -10 -9.9646
-2 -9 -9.93203
-2 -8 -9.90438
-2 -7 -9.88897
-2 -6 -9.87304
-2 -5 -9.87788
-2 -4 -9.85011
-2 -3 -9.80002
-2 -2 -9.75043
-2 -1 -9.72233
-2 0 -9.70262
-2 1 -9.69548
-2 2 -9.7191
-2 3 -9.88371
-2 4 -10.1669
-2 5 -10.4944
-2 6 -10.8424
-2 7 -11.1719
-2 8 -11.5055
-2 9 -11.8242
-2 10 -12.1264
-2 11 -12.4214
-2 12 -12.7092
-2 13 -12.9839
-2 14 -13.2458
-2 15 -13.525
-2 16 -13.7729
-2 17 -14.0232
-2 18 -14.2769
-2 19 -14.5117
-2 20 -14.7523
-2 21 -14.9788
-2 22 -15.2
-2 23 -15.4069
-2 24 -15.6319
-2 25 -15.8255
-2 26 -16.0319
-2 27 -16.2296
-2 28 -16.4065
-2 29 -16.5826
-2 30 -16.7538
-2 31 -16.9089
-2 32 -17.0533
-2 33 -17.189
-2 34 -17.3335
-2 35 -17.4533
-2 36 -17.5908
-2 37 -17.7052
-2 38 -17.8379
-2 39 -17.9606
-2 40 -18.0762
-1 -10 -9.95741
-1 -9 -9.93293
-1 -8 -9.88807
-1 -7 -9.89162
-1 -6 -9.88062
-1 -5 -9.86172
-1 -4 -9.79929
-1 -3 -9.77477
-1 -2 -9.76428
-1 -1 -9.73487
-1 0 -9.71695
-1 1 -9.69542
-1 2 -9.67965
-1 3 -9.86251
-1 4 -10.1269
-1 5 -10.453
-1 6 -10.7721
-1 7 -11.1337
-1 8 -11.4724
-1 9 -11.8107
-1 10 -12.1524
-1 11 -12.4567
-1 12 -12.7496
-1 13 -13.0213
-1 14 -13.2985
-1 15 -13.559
-1 16 -13.8122
-1 17 -14.0522
-1 18 -14.2908
-1 19 -14.5269
-1 20 -14.7633
-1 21 -14.9853
-1 22 -15.2037
-1 23 -15.4196
-1 24 -15.627
-1 25 -15.8293
-1 26 -16.0275
-1 27 -16.2146
-1 28 -16.4064
-1 29 -16.5756
-1 30 -16.7526
-1 31 -16.9112
-1 32 -17.0576
-1 33 -17.206
-1 34 -17.3454
-1 35 -17.4679
-1 36 -17.5997
-1 37 -17.7263
-1 38 -17.8514
-1 39 -17.9748
-1 40 -18.1003
0 -10 -9.94742
0 -9 -9.92797
0 -8 -9.91238
0 -7 -9.91064
0 -6 -9.88896
0 -5 -9.84187
0 -4 -9.78485
0 -3 -9.76895
0 -2 -9.76201
0 -1 -9.76244
0 0 -9.74957
0 1 -9.67739
0 2 -9.68434
0 3 -9.87061
0 4 -10.1281
0 5 -10.453
0 6 -10.7851
0 7 -11.1192
0 8 -11.4516
0 9 -11.7938
0 10 -12.1168
0 11 -12.4539
0 12 -12.7724
0 13 -13.0521
0 14 -13.3249
0 15 -13.5858
0 16 -13.8397
0 17 -14.0844
0 18 -14.3188
0 19 -14.5484
0 20 -14.7819
0 21 -14.996
0 22 -15.2214
0 23 -15.4383
0 24 -15.6386
0 25 -15.8418
0 26 -16.0352
0 27 -16.2289
0 28 -16.4045
0 29 -16.5801
0 30 -16.7506
0 31 -16.9143
0 32 -17.0686
0 33 -17.2112
0 34 -17.3493
0 35 -17.4826
0 36 -17.6141
0 37 -17.7436
0 38 -17.872
0 39 -18.0004
0 40 -18.1146
1 -10 -9.95879
1 -9 -9.93011
1 -8 -9.94238
1 -7 -9.94636
1 -6 -9.91681
1 -5 -9.85192
1 -4 -9.82548
1 -3 -9.80013
1 -2 -9.78744
1 -1 -9.79861
1 0 -9.77125
1 1 -9.68994
1 2 -9.67066
1 3 -9.86142
1 4 -10.1429
1 5 -10.4608
1 6 -10.8026
1 7 -11.1293
1 8 -11.4677
1 9 -11.8045
1 10 -12.1503
1 11 -12.4542
1 12 -12.7763
1 13 -13.0806
1 14 -13.3695
1 15 -13.6371
1 16 -13.893
1 17 -14.1385
1 18 -14.3758
1 19 -14.6054
1 20 -14.8323
1 21 -15.0579
1 22 -15.2691
1 23 -15.477
1 24 -15.6838
1 25 -15.876
1 26 -16.0707
1 27 -16.258
1 28 -16.4406
1 29 -16.6198
1 30 -16.7755
1 31 -16.9386
1 32 -17.0905
1 33 -17.2407
1 34 -17.3801
1 35 -17.5123
1 36 -17.6414
1 37 -17.7717
1 38 -17.8957
1 39 -18.0217
1 40 -18.1445
2 -10 -10.0041
2 -9 -9.99453
2 -8 -9.98964
2 -7 -9.98442
2 -6 -9.95979
2 -5 -9.91441
2 -4 -9.86939
2 -3 -9.84528
2 -2 -9.84749
2 -1 -9.8401
2 0 -9.83026
2 1 -9.75153
2 2 -9.73713
2 3 -9.9286
2 4 -10.2143
2 5 -10.5193
2 6 -10.8537
2 7 -11.1917
2 8 -11.5255
2 9 -11.8481
2 10 -12.1794
2 11 -12.5124
2 12 -12.8374
2 13 -13.1308
2 14 -13.4156
2 15 -13.6796
2 16 -13.9385
2 17 -14.1876
2 18 -14.42
2 19 -14.6494
2 20 -14.8821
2 21 -15.0979
2 22 -15.3094
2 23 -15.5137
2 24 -15.7374
2 25 -15.9278
2 26 -16.1244
2 27 -16.3018
2 28 -16.4905
2 29 -16.6686
2 30 -16.8349
2 31 -16.9971
2 32 -17.1546
2 33 -17.3001
2 34 -17.4361
2 35 -17.5765
2 36 -17.7062
2 37 -17.8352
2 38 -17.965
2 39 -18.0886
2 40 -18.2067
3 -10 -10.0759
3 -9 -10.0609
3 -8 -10.0497
3 -7 -10.0408
3 -6 -10.0141
3 -5 -9.99035
3 -4 -9.93318
3 -3 -9.89762
3 -2 -9.88491
3 -1 -9.85991
3 0 -9.84687
3 1 -9.81983
3 2 -9.8012
3 3 -9.98911
3 4 -10.2675
3 5 -10.5845
3 6 -10.912
3 7 -11.2606
3 8 -11.5858
3 9 -11.9333
3 10 -12.2805
3 11 -12.5817
3 12 -12.8824
3 13 -13.165
3 14 -13.4427
3 15 -13.7142
3 16 -13.9798
3 17 -14.2337
3 18 -14.4686
3 19 -14.6994
3 20 -14.9269
3 21 -15.1401
3 22 -15.359
3 23 -15.5652
3 24 -15.7675
3 25 -15.9659
3 26 -16.1633
3 27 -16.3568
3 28 -16.542
3 29 -16.7218
3 30 -16.8801
3 31 -17.0484
3 32 -17.1967
3 33 -17.3508
3 34 -17.4938
3 35 -17.6315
3 36 -17.7526
3 37 -17.8909
3 38 -18.018
3 39 -18.1456
3 40 -18.2601
4 -10 -10.1256
4 -9 -10.1129
4 -8 -10.0841
4 -7 -10.0517
4 -6 -10.035
4 -5 -10.0249
4 -4 -10.0003
4 -3 -9.95944
4 -2 -9.91416
4 -1 -9.88057
4 0 -9.8618
4 1 -9.8596
4 2 -9.88919
4 3 -10.0857
4 4 -10.3497
4 5 -10.6774
4 6 -11.017
4 7 -11.3439
4 8 -11.6862
4 9 -12.0043
4 10 -12.3198
4 11 -12.6243
4 12 -12.916
4 13 -13.1919
4 14 -13.4787
4 15 -13.742
4 16 -14.0065
4 17 -14.2646
4 18 -14.501
4 19 -14.7387
4 20 -14.9636
4 21 -15.183
4 22 -15.4067
4 23 -15.6187
4 24 -15.8236
4 25 -16.0339
4 26 -16.218
4 27 -16.4108
4 28 -16.5963
4 29 -16.7797
4 30 -16.9403
4 31 -17.103
4 32 -17.2628
4 33 -17.4044
4 34 -17.5385
4 35 -17.6838
4 36 -17.815
4 37 -17.9423
4 38 -18.0582
4 39 -18.1874
4 40 -18.3056
5 -10 -10.1663
5 -9 -10.1452
5 -8 -10.1275
5 -7 -10.0897
5 -6 -10.0563
5 -5 -10.057
5 -4 -10.0451
5 -3 -10.0214
5 -2 -9.98311
5 -1 -9.91822
5 0 -9.8864
5 1 -9.89407
5 2 -9.92452
5 3 -10.1309
5 4 -10.3974
5 5 -10.7173
5 6 -11.0494
5 7 -11.3846
5 8 -11.7091
5 9 -12.0207
5 10 -12.3423
5 11 -12.6375
5 12 -12.9257
5 13 -13.2114
5 14 -13.4873
5 15 -13.7709
5 16 -14.0315
5 17 -14.2958
5 18 -14.5418
5 19 -14.7803
5 20 -15.0096
5 21 -15.2379
5 22 -15.4444
5 23 -15.6717
5 24 -15.883
5 25 -16.0868
5 26 -16.2753
5 27 -16.4711
5 28 -16.6571
5 29 -16.8307
5 30 -17.01
5 31 -17.1641
5 32 -17.3161
5 33 -17.4582
5 34 -17.5967
5 35 -17.7305
5 36 -17.8616
5 37 -17.9841
5 38 -18.1063
5 39 -18.2279
5 40 -18.3429
6 -10 -10.2095
6 -9 -10.1944
6 -8 -10.1786
6 -7 -10.1285
6 -6 -10.0971
6 -5 -10.0822
6 -4 -10.0883
6 -3 -10.0828
6 -2 -10.0529
6 -1 -9.97296
6 0 -9.91742
6 1 -9.9182
6 2 -9.95413
6 3 -10.1563
6 4 -10.4359
6 5 -10.7564
6 6 -11.0879
6 7 -11.4129
6 8 -11.7357
6 9 -12.0631
6 10 -12.3695
6 11 -12.6643
6 12 -12.961
6 13 -13.2452
6 14 -13.5302
6 15 -13.8126
6 16 -14.0692
6 17 -14.3411
6 18 -14.5899
6 19 -14.8355
6 20 -15.0756
6 21 -15.3021
6 22 -15.5299
6 23 -15.7398
6 24 -15.9538
6 25 -16.1592
6 26 -16.3542
6 27 -16.5468
6 28 -16.7212
6 29 -16.893
6 30 -17.0525
6 31 -17.2126
6 32 -17.3581
6 33 -17.5021
6 34 -17.6412
6 35 -17.773
6 36 -17.9023
6 37 -18.0284
6 38 -18.1463
6 39 -18.2632
6 40 -18.3804
7 -10 -10.2671
7 -9 -10.2626
7 -8 -10.2463
7 -7 -10.1955
7 -6 -10.1454
7 -5 -10.1295
7 -4 -10.1282
7 -3 -10.1157
7 -2 -10.1048
7 -1 -10.0622
7 0 -9.98961
7 1 -9.96631
7 2 -10.001
7 3 -10.1954
7 4 -10.4616
7 5 -10.782
7 6 -11.1042
7 7 -11.4452
7 8 -11.7794
7 9 -12.092
7 10 -12.4041
7 11 -12.707
7 12 -13.0036
7 13 -13.2897
7 14 -13.5717
7 15 -13.8576
7 16 -14.1316
7 17 -14.4079
7 18 -14.6816
7 19 -14.9071
7 20 -15.1555
7 21 -15.3814
7 22 -15.6019
7 23 -15.8165
7 24 -16.019
7 25 -16.2159
7 26 -16.4118
7 27 -16.5859
7 28 -16.7601
7 29 -16.933
7 30 -17.0982
7 31 -17.2398
7 32 -17.3932
7 33 -17.5404
7 34 -17.6779
7 35 -17.8046
7 36 -17.9316
7 37 -18.0561
7 38 -18.1805
7 39 -18.2847
7 40 -18.4027
8 -10 -10.3025
8 -9 -10.2953
8 -8 -10.2887
8 -7 -10.2624
8 -6 -10.2101
8 -5 -10.176
8 -4 -10.1662
8 -3 -10.154
8 -2 -10.12
8 -1 -10.0903
8 0 -10.047
8 1 -10.0166
8 2 -10.0465
8 3 -10.2301
8 4 -10.512
8 5 -10.8333
8 6 -11.1531
8 7 -11.4955
8 8 -11.8134
8 9 -12.1402
8 10 -12.4513
8 11 -12.7598
8 12 -13.0629
8 13 -13.352
8 14 -13.6448
8 15 -13.9259
8 16 -14.2129
8 17 -14.4931
8 18 -14.7374
8 19 -14.9734
8 20 -15.2048
8 21 -15.4276
8 22 -15.6409
8 23 -15.8473
8 24 -16.0525
8 25 -16.2421
8 26 -16.4287
8 27 -16.6099
8 28 -16.7823
8 29 -16.9533
8 30 -17.1157
8 31 -17.2776
8 32 -17.4218
8 33 -17.5668
8 34 -17.7059
8 35 -17.8361
8 36 -17.9588
8 37 -18.086
8 38 -18.1991
8 39 -18.3115
8 40 -18.4316
9 -10 -10.3338
9 -9 -10.3259
9 -8 -10.3012
9 -7 -10.2731
9 -6 -10.2532
9 -5 -10.218
9 -4 -10.2016
9 -3 -10.1829
9 -2 -10.1488
9 -1 -10.1145
9 0 -10.0896
9 1 -10.0636
9 2 -10.0968
9 3 -10.2989
9 4 -10.5692
9 5 -10.8933
9 6 -11.2186
9 7 -11.5423
9 8 -11.8769
9 9 -12.1899
9 10 -12.5088
9 11 -12.8231
9 12 -13.1315
9 13 -13.4157
9 14 -13.6961
9 15 -13.9845
9 16 -14.2473
9 17 -14.513
9 18 -14.7693
9 19 -14.9934
9 20 -15.2259
9 21 -15.4493
9 22 -15.6579
9 23 -15.8673
9 24 -16.0704
9 25 -16.2619
9 26 -16.441
9 27 -16.626
9 28 -16.8046
9 29 -16.976
9 30 -17.1387
9 31 -17.3049
9 32 -17.4542
9 33 -17.5956
9 34 -17.7304
9 35 -17.8552
9 36 -17.9907
9 37 -18.1061
9 38 -18.2249
9 39 -18.3411
9 40 -18.4535
10 -10 -10.3716
10 -9 -10.3568
10 -8 -10.3239
10 -7 -10.3034
10 -6 -10.2793
10 -5 -10.2587
10 -4 -10.2513
10 -3 -10.2173
10 -2 -10.1647
10 -1 -10.1288
10 0 -10.1012
10 1 -10.09
10 2 -10.1515
10 3 -10.3534
10 4 -10.64
10 5 -10.9463
10 6 -11.2676
10 7 -11.5939
10 8 -11.9174
10 9 -12.2383
10 10 -12.5499
10 11 -12.8592
10 12 -13.1457
10 13 -13.4493
10 14 -13.7276
10 15 -14.0057
10 16 -14.2633
10 17 -14.5258
10 18 -14.7841
10 19 -15.02
10 20 -15.2445
10 21 -15.4727
10 22 -15.6889
10 23 -15.8932
10 24 -16.0925
10 25 -16.284
10 26 -16.4799
10 27 -16.6566
10 28 -16.8353
10 29 -17.0047
10 30 -17.1683
10 31 -17.3321
10 32 -17.484
10 33 -17.6274
10 34 -17.7606
10 35 -17.8915
10 36 -18.0145
10 37 -18.1384
10 38 -18.249
10 39 -18.3719
10 40 -18.4758
11 -10 -10.4107
11 -9 -10.3927
11 -8 -10.355
11 -7 -10.321
11 -6 -10.3093
11 -5 -10.2883
11 -4 -10.2907
11 -3 -10.2698
11 -2 -10.1958
11 -1 -10.1635
11 0 -10.1344
11 1 -10.112
11 2 -10.1737
11 3 -10.3945
11 4 -10.6676
11 5 -10.9732
11 6 -11.3046
11 7 -11.6302
11 8 -11.9437
11 9 -12.2641
11 10 -12.5828
11 11 -12.886
11 12 -13.1765
11 13 -13.4691
11 14 -13.7476
11 15 -14.019
11 16 -14.2889
11 17 -14.5474
11 18 -14.8021
11 19 -15.0499
11 20 -15.2828
11 21 -15.5051
11 22 -15.7206
11 23 -15.9266
11 24 -16.127
11 25 -16.3245
11 26 -16.512
11 27 -16.699
11 28 -16.8789
11 29 -17.0523
11 30 -17.2168
11 31 -17.3793
11 32 -17.5292
11 33 -17.667
11 34 -17.8038
11 35 -17.9346
11 36 -18.059
11 37 -18.1823
11 38 -18.2926
11 39 -18.4105
11 40 -18.5183
12 -10 -10.4478
12 -9 -10.433
12 -8 -10.3929
12 -7 -10.3522
12 -6 -10.3271
12 -5 -10.3111
12 -4 -10.3251
12 -3 -10.3233
12 -2 -10.2594
12 -1 -10.2035
12 0 -10.1698
12 1 -10.1523
12 2 -10.209
12 3 -10.4005
12 4 -10.6815
12 5 -10.9981
12 6 -11.3216
12 7 -11.6465
12 8 -11.9734
12 9 -12.2843
12 10 -12.5942
12 11 -12.8949
12 12 -13.1998
12 13 -13.4891
12 14 -13.7661
12 15 -14.051
12 16 -14.3019
12 17 -14.5669
12 18 -14.8211
12 19 -15.0743
12 20 -15.3148
12 21 -15.538
12 22 -15.7576
12 23 -15.9589
12 24 -16.1703
12 25 -16.3633
12 26 -16.5537
12 27 -16.7443
12 28 -16.9214
12 29 -17.0966
12 30 -17.2584
12 31 -17.4239
12 32 -17.5789
12 33 -17.7171
12 34 -17.8599
12 35 -17.9854
12 36 -18.1113
12 37 -18.2351
12 38 -18.3493
12 39 -18.4633
12 40 -18.5742
13 -10 -10.4757
13 -9 -10.4782
13 -8 -10.4468
13 -7 -10.3913
13 -6 -10.3731
13 -5 -10.3499
13 -4 -10.3409
13 -3 -10.3439
13 -2 -10.2947
13 -1 -10.2424
13 0 -10.2042
13 1 -10.1704
13 2 -10.2269
13 3 -10.4282
13 4 -10.7036
13 5 -11.0129
13 6 -11.3383
13 7 -11.6618
13 8 -11.9871
13 9 -12.312
13 10 -12.6298
13 11 -12.9298
13 12 -13.2312
13 13 -13.5069
13 14 -13.7918
13 15 -14.0732
13 16 -14.3451
13 17 -14.6004
13 18 -14.8542
13 19 -15.1177
13 20 -15.3599
13 21 -15.5914
13 22 -15.8062
13 23 -16.0168
13 24 -16.2242
13 25 -16.421
13 26 -16.615
13 27 -16.7937
13 28 -16.9755
13 29 -17.1506
13 30 -17.3124
13 31 -17.474
13 32 -17.6256
13 33 -17.7644
13 34 -17.8988
13 35 -18.023
13 36 -18.1501
13 37 -18.2708
13 38 -18.389
13 39 -18.5003
13 40 -18.6129
14 -10 -10.4973
14 -9 -10.4974
14 -8 -10.4637
14 -7 -10.4292
14 -6 -10.3938
14 -5 -10.3792
14 -4 -10.368
14 -3 -10.3658
14 -2 -10.3114
14 -1 -10.2711
14 0 -10.2382
14 1 -10.2146
14 2 -10.2599
14 3 -10.4581
14 4 -10.7224
14 5 -11.0451
14 6 -11.3799
14 7 -11.7009
14 8 -12.0223
14 9 -12.3489
14 10 -12.6641
14 11 -12.9608
14 12 -13.2533
14 13 -13.5482
14 14 -13.832
14 15 -14.1185
14 16 -14.3903
14 17 -14.6477
14 18 -14.9196
14 19 -15.1766
14 20 -15.41
14 21 -15.6349
14 22 -15.8513
14 23 -16.0586
14 24 -16.2553
14 25 -16.4514
14 26 -16.6418
14 27 -16.8256
14 28 -17.0001
14 29 -17.1782
14 30 -17.3332
14 31 -17.494
14 32 -17.6464
14 33 -17.7873
14 34 -17.9239
14 35 -18.0519
14 36 -18.173
14 37 -18.2892
14 38 -18.4134
14 39 -18.5266
14 40 -18.6373
15 -10 -10.5153
15 -9 -10.5093
15 -8 -10.4842
15 -7 -10.4475
15 -6 -10.4248
15 -5 -10.4025
15 -4 -10.3927
15 -3 -10.3741
15 -2 -10.3347
15 -1 -10.2872
15 0 -10.266
15 1 -10.2577
15 2 -10.2885
15 3 -10.4821
15 4 -10.7757
15 5 -11.0774
15 6 -11.4036
15 7 -11.7378
15 8 -12.0679
15 9 -12.3861
15 10 -12.7011
15 11 -13.0018
15 12 -13.3014
15 13 -13.5888
15 14 -13.8763
15 15 -14.1506
15 16 -14.4264
15 17 -14.6869
15 18 -14.9424
15 19 -15.1936
15 20 -15.4314
15 21 -15.6513
15 22 -15.8677
15 23 -16.0762
15 24 -16.2754
15 25 -16.4728
15 26 -16.6565
15 27 -16.8385
15 28 -17.0132
15 29 -17.1868
15 30 -17.3491
15 31 -17.5047
15 32 -17.6573
15 33 -17.7988
15 34 -17.9346
15 35 -18.0617
15 36 -18.1881
15 37 -18.3017
15 38 -18.422
15 39 -18.5381
15 40 -18.6498
16 -10 -10.5319
16 -9 -10.5227
16 -8 -10.4998
16 -7 -10.4809
16 -6 -10.4525
16 -5 -10.4376
16 -4 -10.4228
16 -3 -10.402
16 -2 -10.3543
16 -1 -10.3187
16 0 -10.2893
16 1 -10.2867
16 2 -10.3285
16 3 -10.5192
16 4 -10.8011
16 5 -11.1156
16 6 -11.4535
16 7 -11.7844
16 8 -12.1025
16 9 -12.4288
16 10 -12.7371
16 11 -13.0419
16 12 -13.332
16 13 -13.6187
16 14 -13.8988
16 15 -14.1764
16 16 -14.4421
16 17 -14.7127
16 18 -14.9644
16 19 -15.2096
16 20 -15.4454
16 21 -15.6757
16 22 -15.8828
16 23 -16.0892
16 24 -16.2954
16 25 -16.4903
16 26 -16.6773
16 27 -16.8632
16 28 -17.0348
16 29 -17.2041
16 30 -17.3664
16 31 -17.5264
16 32 -17.6699
16 33 -17.8142
16 34 -17.9474
16 35 -18.0761
16 36 -18.1976
16 37 -18.3153
16 38 -18.4291
16 39 -18.545
16 40 -18.6575
17 -10 -10.5648
17 -9 -10.5443
17 -8 -10.5148
17 -7 -10.4926
17 -6 -10.4693
17 -5 -10.4671
17 -4 -10.4649
17 -3 -10.425
17 -2 -10.3831
17 -1 -10.341
17 0 -10.3103
17 1 -10.3057
17 2 -10.3639
17 3 -10.5631
17 4 -10.8329
17 5 -11.1445
17 6 -11.4667
17 7 -11.8022
17 8 -12.1259
17 9 -12.4349
17 10 -12.7517
17 11 -13.0504
17 12 -13.3455
17 13 -13.6402
17 14 -13.9117
17 15 -14.1937
17 16 -14.4613
17 17 -14.7282
17 18 -14.9742
17 19 -15.2196
17 20 -15.4582
17 21 -15.683
17 22 -15.9026
17 23 -16.1055
17 24 -16.3118
17 25 -16.5076
17 26 -16.699
17 27 -16.8756
17 28 -17.0525
17 29 -17.2245
17 30 -17.3858
17 31 -17.5435
17 32 -17.6923
17 33 -17.8361
17 34 -17.9709
17 35 -18.1004
17 36 -18.2187
17 37 -18.3388
17 38 -18.4488
17 39 -18.5624
17 40 -18.6712
18 -10 -10.6041
18 -9 -10.5796
18 -8 -10.5451
18 -7 -10.5202
18 -6 -10.5005
18 -5 -10.4904
18 -4 -10.4912
18 -3 -10.4637
18 -2 -10.4097
18 -1 -10.3713
18 0 -10.3281
18 1 -10.3253
18 2 -10.3762
18 3 -10.5696
18 4 -10.8418
18 5 -11.163
18 6 -11.4973
18 7 -11.8261
18 8 -12.1476
18 9 -12.4649
18 10 -12.7681
18 11 -13.0661
18 12 -13.3594
18 13 -13.6451
18 14 -13.9306
18 15 -14.2107
18 16 -14.4786
18 17 -14.7315
18 18 -14.996
18 19 -15.2402
18 20 -15.4742
18 21 -15.6978
18 22 -15.9242
18 23 -16.14
18 24 -16.3336
18 25 -16.5344
18 26 -16.7249
18 27 -16.9077
18 28 -17.0781
18 29 -17.2476
18 30 -17.4097
18 31 -17.5707
18 32 -17.7241
18 33 -17.8623
18 34 -17.999
18 35 -18.1273
18 36 -18.2388
18 37 -18.3615
18 38 -18.4746
18 39 -18.584
18 40 -18.6901
19 -10 -10.6361
19 -9 -10.6175
19 -8 -10.5691
19 -7 -10.5405
19 -6 -10.5157
19 -5 -10.5096
19 -4 -10.5026
19 -3 -10.4925
19 -2 -10.4408
19 -1 -10.3941
19 0 -10.353
19 1 -10.3405
19 2 -10.3944
19 3 -10.5967
19 4 -10.8662
19 5 -11.1873
19 6 -11.5167
19 7 -11.8423
19 8 -12.1653
19 9 -12.4815
19 10 -12.7834
19 11 -13.0854
19 12 -13.3774
19 13 -13.6706
19 14 -13.9531
19 15 -14.228
19 16 -14.504
19 17 -14.7542
19 18 -15.0181
19 19 -15.2588
19 20 -15.4978
19 21 -15.7273
19 22 -15.9479
19 23 -16.1668
19 24 -16.3696
19 25 -16.5664
19 26 -16.7553
19 27 -16.9409
19 28 -17.1128
19 29 -17.284
19 30 -17.4477
19 31 -17.6035
19 32 -17.7548
19 33 -17.8984
19 34 -18.0314
19 35 -18.1636
19 36 -18.2826
19 37 -18.3931
19 38 -18.5082
19 39 -18.6119
19 40 -18.7239
20 -10 -10.65
20 -9 -10.6346
20 -8 -10.5971
20 -7 -10.564
20 -6 -10.5346
20 -5 -10.522
20 -4 -10.5205
20 -3 -10.5
20 -2 -10.4586
20 -1 -10.4162
20 0 -10.3806
20 1 -10.3682
20 2 -10.4179
20 3 -10.606
20 4 -10.8906
20 5 -11.2073
20 6 -11.5475
20 7 -11.8791
20 8 -12.1871
20 9 -12.5048
20 10 -12.8088
20 11 -13.1089
20 12 -13.4107
20 13 -13.6936
20 14 -13.9848
20 15 -14.2528
20 16 -14.5236
20 17 -14.7829
20 18 -15.0404
20 19 -15.2874
20 20 -15.5271
20 21 -15.7547
20 22 -15.9841
20 23 -16.1988
20 24 -16.4005
20 25 -16.6017
20 26 -16.7899
20 27 -16.9721
20 28 -17.1479
20 29 -17.3142
20 30 -17.4818
20 31 -17.6368
20 32 -17.7901
20 33 -17.9375
20 34 -18.0686
20 35 -18.1986
20 36 -18.3195
20 37 -18.4388
20 38 -18.5493
20 39 -18.6552
20 40 -18.7665
21 -10 -10.6588
21 -9 -10.6433
21 -8 -10.6116
21 -7 -10.5797
21 -6 -10.5559
21 -5 -10.5412
21 -4 -10.5386
21 -3 -10.5105
21 -2 -10.4598
21 -1 -10.4364
21 0 -10.4153
21 1 -10.3926
21 2 -10.4462
21 3 -10.6348
21 4 -10.9086
21 5 -11.2335
21 6 -11.5621
21 7 -11.8883
21 8 -12.2188
21 9 -12.5243
21 10 -12.8346
21 11 -13.1422
21 12 -13.4472
21 13 -13.7372
21 14 -14.0073
21 15 -14.2893
21 16 -14.5485
21 17 -14.8135
21 18 -15.0732
21 19 -15.3174
21 20 -15.5582
21 21 -15.7834
21 22 -16.0074
21 23 -16.2245
21 24 -16.4262
21 25 -16.6224
21 26 -16.8115
21 27 -16.9928
21 28 -17.1688
21 29 -17.334
21 30 -17.5039
21 31 -17.6581
21 32 -17.809
21 33 -17.9542
21 34 -18.0856
21 35 -18.2169
21 36 -18.3433
21 37 -18.4643
21 38 -18.5798
21 39 -18.6922
21 40 -18.7992
22 -10 -10.667
22 -9 -10.6521
22 -8 -10.6233
22 -7 -10.5958
22 -6 -10.5824
22 -5 -10.5613
22 -4 -10.5576
22 -3 -10.5264
22 -2 -10.4856
22 -1 -10.4515
22 0 -10.4368
22 1 -10.429
22 2 -10.4738
22 3 -10.6615
22 4 -10.9352
22 5 -11.249
22 6 -11.5834
22 7 -11.9124
22 8 -12.2355
22 9 -12.552
22 10 -12.868
22 11 -13.1775
22 12 -13.4664
22 13 -13.761
22 14 -14.0367
22 15 -14.3079
22 16 -14.5755
22 17 -14.8302
22 18 -15.086
22 19 -15.3331
22 20 -15.5675
22 21 -15.7976
22 22 -16.0211
22 23 -16.2217
22 24 -16.4382
22 25 -16.6322
22 26 -16.8247
22 27 -17.0039
22 28 -17.1824
22 29 -17.3493
22 30 -17.5137
22 31 -17.6719
22 32 -17.8224
22 33 -17.9623
22 34 -18.1008
22 35 -18.229
22 36 -18.3558
22 37 -18.4751
22 38 -18.5921
22 39 -18.7012
22 40 -18.8132
23 -10 -10.6674
23 -9 -10.6599
23 -8 -10.6352
23 -7 -10.6156
23 -6 -10.5993
23 -5 -10.592
23 -4 -10.5793
23 -3 -10.5532
23 -2 -10.4982
23 -1 -10.4616
23 0 -10.4521
23 1 -10.4381
23 2 -10.4938
23 3 -10.6902
23 4 -10.9533
23 5 -11.27
23 6 -11.5942
23 7 -11.9251
23 8 -12.2536
23 9 -12.5774
23 10 -12.8958
23 11 -13.1991
23 12 -13.4862
23 13 -13.7702
23 14 -14.0493
23 15 -14.3161
23 16 -14.591
23 17 -14.8506
23 18 -15.101
23 19 -15.3518
23 20 -15.5856
23 21 -15.8141
23 22 -16.0293
23 23 -16.2428
23 24 -16.4422
23 25 -16.6395
23 26 -16.8298
23 27 -17.0174
23 28 -17.1902
23 29 -17.3629
23 30 -17.5272
23 31 -17.6825
23 32 -17.8331
23 33 -17.9763
23 34 -18.1145
23 35 -18.242
23 36 -18.364
23 37 -18.4857
23 38 -18.6005
23 39 -18.7129
23 40 -18.8252
24 -10 -10.6837
24 -9 -10.6757
24 -8 -10.6514
24 -7 -10.6309
24 -6 -10.6204
24 -5 -10.6147
24 -4 -10.604
24 -3 -10.5767
24 -2 -10.5236
24 -1 -10.4852
24 0 -10.4726
24 1 -10.4586
24 2 -10.5051
24 3 -10.6912
24 4 -10.9724
24 5 -11.2796
24 6 -11.6102
24 7 -11.9424
24 8 -12.2686
24 9 -12.5893
24 10 -12.9083
24 11 -13.2126
24 12 -13.5001
24 13 -13.7877
24 14 -14.0707
24 15 -14.3332
24 16 -14.597
24 17 -14.8533
24 18 -15.1101
24 19 -15.3612
24 20 -15.6014
24 21 -15.8262
24 22 -16.0421
24 23 -16.2543
24 24 -16.4511
24 25 -16.6523
24 26 -16.8433
24 27 -17.0301
24 28 -17.2052
24 29 -17.3809
24 30 -17.5403
24 31 -17.6986
24 32 -17.8467
24 33 -17.9911
24 34 -18.1258
24 35 -18.2547
24 36 -18.3776
24 37 -18.4969
24 38 -18.6118
24 39 -18.7269
24 40 -18.8302
25 -10 -10.699
25 -9 -10.6906
25 -8 -10.6677
25 -7 -10.6541
25 -6 -10.6367
25 -5 -10.6321
25 -4 -10.6173
25 -3 -10.6005
25 -2 -10.5456
25 -1 -10.5056
25 0 -10.4912
25 1 -10.4766
25 2 -10.5212
25 3 -10.6998
25 4 -10.9789
25 5 -11.2864
25 6 -11.6197
25 7 -11.9607
25 8 -12.2871
25 9 -12.6123
25 10 -12.9257
25 11 -13.2273
25 12 -13.5196
25 13 -13.8003
25 14 -14.0819
25 15 -14.3515
25 16 -14.6109
25 17 -14.8727
25 18 -15.1327
25 19 -15.3773
25 20 -15.6201
25 21 -15.8438
25 22 -16.0574
25 23 -16.2717
25 24 -16.4677
25 25 -16.6695
25 26 -16.8584
25 27 -17.0423
25 28 -17.221
25 29 -17.3923
25 30 -17.5588
25 31 -17.7175
25 32 -17.8689
25 33 -18.0118
25 34 -18.1473
25 35 -18.2746
25 36 -18.3955
25 37 -18.5127
25 38 -18.6279
25 39 -18.7388
25 40 -18.845
26 -10 -10.7258
26 -9 -10.7088
26 -8 -10.6787
26 -7 -10.6589
26 -6 -10.6448
26 -5 -10.6468
26 -4 -10.6355
26 -3 -10.6174
26 -2 -10.5667
26 -1 -10.5272
26 0 -10.5028
26 1 -10.4933
26 2 -10.5338
26 3 -10.721
26 4 -10.996
26 5 -11.3099
26 6 -11.6423
26 7 -11.9706
26 8 -12.3014
26 9 -12.6297
26 10 -12.9446
26 11 -13.2409
26 12 -13.5359
26 13 -13.8137
26 14 -14.0941
26 15 -14.3662
26 16 -14.6335
26 17 -14.8945
26 18 -15.1528
26 19 -15.4012
26 20 -15.6339
26 21 -15.8609
26 22 -16.0781
26 23 -16.2844
26 24 -16.4861
26 25 -16.68
26 26 -16.8706
26 27 -17.0602
26 28 -17.245
26 29 -17.4183
26 30 -17.5794
26 31 -17.7394
26 32 -17.8848
26 33 -18.0254
26 34 -18.1656
26 35 -18.2876
26 36 -18.4166
26 37 -18.5314
26 38 -18.6476
26 39 -18.7601
26 40 -18.865
27 -10 -10.734
27 -9 -10.724
27 -8 -10.6913
27 -7 -10.6685
27 -6 -10.6563
27 -5 -10.6495
27 -4 -10.6371
27 -3 -10.6207
27 -2 -10.5874
27 -1 -10.5457
27 0 -10.5097
27 1 -10.5013
27 2 -10.5525
27 3 -10.7395
27 4 -11.0049
27 5 -11.3312
27 6 -11.6557
27 7 -11.9901
27 8 -12.3219
27 9 -12.6459
27 10 -12.9596
27 11 -13.2644
27 12 -13.5507
27 13 -13.8372
27 14 -14.1206
27 15 -14.3885
27 16 -14.6543
27 17 -14.9188
27 18 -15.1747
27 19 -15.4206
27 20 -15.6534
27 21 -15.8723
27 22 -16.0939
27 23 -16.3067
27 24 -16.5084
27 25 -16.707
27 26 -16.8998
27 27 -17.086
27 28 -17.2656
27 29 -17.4343
27 30 -17.6034
27 31 -17.7622
27 32 -17.9099
27 33 -18.0534
27 34 -18.1941
27 35 -18.3171
27 36 -18.4361
27 37 -18.554
27 38 -18.6683
27 39 -18.781
27 40 -18.8851
28 -10 -10.7384
28 -9 -10.7266
28 -8 -10.7078
28 -7 -10.6814
28 -6 -10.6672
28 -5 -10.6528
28 -4 -10.6415
28 -3 -10.6204
28 -2 -10.5884
28 -1 -10.5619
28 0 -10.5373
28 1 -10.5259
28 2 -10.5702
28 3 -10.761
28 4 -11.0349
28 5 -11.3569
28 6 -11.6814
28 7 -12.022
28 8 -12.3444
28 9 -12.671
28 10 -12.9779
28 11 -13.2764
28 12 -13.5782
28 13 -13.8596
28 14 -14.1394
28 15 -14.411
28 16 -14.6815
28 17 -14.9414
28 18 -15.1857
28 19 -15.4326
28 20 -15.6699
28 21 -15.8976
28 22 -16.1097
28 23 -16.3145
28 24 -16.5242
28 25 -16.7222
28 26 -16.9147
28 27 -17.0971
28 28 -17.2799
28 29 -17.447
28 30 -17.6112
28 31 -17.7679
28 32 -17.9256
28 33 -18.074
28 34 -18.2049
28 35 -18.334
28 36 -18.4583
28 37 -18.5774
28 38 -18.6915
28 39 -18.8015
28 40 -18.9102
29 -10 -10.7351
29 -9 -10.7364
29 -8 -10.7151
29 -7 -10.6973
29 -6 -10.676
29 -5 -10.6593
29 -4 -10.6492
29 -3 -10.6381
29 -2 -10.5947
29 -1 -10.5724
29 0 -10.5567
29 1 -10.5376
29 2 -10.5838
29 3 -10.7824
29 4 -11.0624
29 5 -11.3802
29 6 -11.6981
29 7 -12.0325
29 8 -12.3631
29 9 -12.6808
29 10 -12.9914
29 11 -13.2919
29 12 -13.5815
29 13 -13.8748
29 14 -14.1541
29 15 -14.4318
29 16 -14.6949
29 17 -14.9435
29 18 -15.1977
29 19 -15.4457
29 20 -15.6771
29 21 -15.8998
29 22 -16.1191
29 23 -16.3297
29 24 -16.5345
29 25 -16.7355
29 26 -16.9183
29 27 -17.1072
29 28 -17.2817
29 29 -17.4579
29 30 -17.6168
29 31 -17.7741
29 32 -17.9284
29 33 -18.0746
29 34 -18.2154
29 35 -18.3477
29 36 -18.4711
29 37 -18.5888
29 38 -18.7046
29 39 -18.8166
29 40 -18.9266
30 -10 -10.7382
30 -9 -10.7318
30 -8 -10.7087
30 -7 -10.7119
30 -6 -10.6979
30 -5 -10.6729
30 -4 -10.6679
30 -3 -10.651
30 -2 -10.6087
30 -1 -10.5857
30 0 -10.5705
30 1 -10.5486
30 2 -10.6053
30 3 -10.8004
30 4 -11.0804
30 5 -11.3919
30 6 -11.7187
30 7 -12.0409
30 8 -12.3708
30 9 -12.6822
30 10 -13.0013
30 11 -13.3084
30 12 -13.5988
30 13 -13.8895
30 14 -14.1742
30 15 -14.4414
30 16 -14.7038
30 17 -14.9589
30 18 -15.2034
30 19 -15.4567
30 20 -15.6868
30 21 -15.9127
30 22 -16.1266
30 23 -16.339
30 24 -16.5387
30 25 -16.7362
30 26 -16.9308
30 27 -17.109
30 28 -17.2865
30 29 -17.4609
30 30 -17.6239
30 31 -17.7833
30 32 -17.9334
30 33 -18.0802
30 34 -18.2178
30 35 -18.3471
30 36 -18.4709
30 37 -18.5917
30 38 -18.7066
30 39 -18.82
30 40 -18.9281
31 -10 -10.7344
31 -9 -10.736
31 -8 -10.7152
31 -7 -10.7104
31 -6 -10.7074
31 -5 -10.6862
31 -4 -10.6859
31 -3 -10.665
31 -2 -10.6152
31 -1 -10.5949
31 0 -10.5808
31 1 -10.5547
31 2 -10.611
31 3 -10.8067
31 4 -11.085
31 5 -11.4053
31 6 -11.7248
31 7 -12.0607
31 8 -12.3738
31 9 -12.6954
31 10 -13.0005
31 11 -13.3084
31 12 -13.6083
31 13 -13.8992
31 14 -14.1766
31 15 -14.445
31 16 -14.7116
31 17 -14.9667
31 18 -15.2203
31 19 -15.4592
31 20 -15.6919
31 21 -15.9188
31 22 -16.1329
31 23 -16.3471
31 24 -16.5514
31 25 -16.7419
31 26 -16.9335
31 27 -17.1139
31 28 -17.2936
31 29 -17.4628
31 30 -17.6269
31 31 -17.7814
31 32 -17.9353
31 33 -18.0811
31 34 -18.2206
31 35 -18.352
31 36 -18.4736
31 37 -18.5876
31 38 -18.7098
31 39 -18.819
31 40 -18.9277
32 -10 -10.7398
32 -9 -10.7357
32 -8 -10.7177
32 -7 -10.7141
32 -6 -10.7169
32 -5 -10.6982
32 -4 -10.6953
32 -3 -10.678
32 -2 -10.6306
32 -1 -10.6084
32 0 -10.5896
32 1 -10.5581
32 2 -10.6248
32 3 -10.8175
32 4 -11.0961
32 5 -11.4065
32 6 -11.7326
32 7 -12.0558
32 8 -12.3839
32 9 -12.702
32 10 -13.0135
32 11 -13.3158
32 12 -13.6254
32 13 -13.9145
32 14 -14.1966
32 15 -14.4681
32 16 -14.7265
32 17 -14.9862
32 18 -15.2287
32 19 -15.4724
32 20 -15.7066
32 21 -15.9289
32 22 -16.1473
32 23 -16.3621
32 24 -16.5607
32 25 -16.7585
32 26 -16.9425
32 27 -17.1261
32 28 -17.3023
32 29 -17.4694
32 30 -17.6411
32 31 -17.79
32 32 -17.9445
32 33 -18.0832
32 34 -18.2246
32 35 -18.3522
32 36 -18.4752
32 37 -18.5963
32 38 -18.71
32 39 -18.8198
32 40 -18.929
33 -10 -10.7448
33 -9 -10.7378
33 -8 -10.7229
33 -7 -10.7158
33 -6 -10.7115
33 -5 -10.7
33 -4 -10.7013
33 -3 -10.6836
33 -2 -10.6457
33 -1 -10.6142
33 0 -10.5961
33 1 -10.5671
33 2 -10.6217
33 3 -10.8245
33 4 -11.0972
33 5 -11.4148
33 6 -11.7516
33 7 -12.0796
33 8 -12.3991
33 9 -12.7119
33 10 -13.0274
33 11 -13.3314
33 12 -13.6315
33 13 -13.9199
33 14 -14.2057
33 15 -14.471
33 16 -14.7336
33 17 -14.9873
33 18 -15.2406
33 19 -15.4768
33 20 -15.7223
33 21 -15.9431
33 22 -16.1605
33 23 -16.371
33 24 -16.5711
33 25 -16.7646
33 26 -16.9526
33 27 -17.1354
33 28 -17.308
33 29 -17.4802
33 30 -17.6463
33 31 -17.7997
33 32 -17.9517
33 33 -18.0988
33 34 -18.2331
33 35 -18.3626
33 36 -18.4865
33 37 -18.6006
33 38 -18.7123
33 39 -18.8223
33 40 -18.9352
34 -10 -10.7396
34 -9 -10.7346
34 -8 -10.7229
34 -7 -10.7097
34 -6 -10.7108
34 -5 -10.6993
34 -4 -10.7012
34 -3 -10.6908
34 -2 -10.6552
34 -1 -10.6314
34 0 -10.6013
34 1 -10.584
34 2 -10.6249
34 3 -10.832
34 4 -11.108
34 5 -11.4299
34 6 -11.755
34 7 -12.0761
34 8 -12.4091
34 9 -12.7256
34 10 -13.0354
34 11 -13.3436
34 12 -13.6473
34 13 -13.9335
34 14 -14.2152
34 15 -14.4776
34 16 -14.7469
34 17 -14.9995
34 18 -15.2466
34 19 -15.4953
34 20 -15.7351
34 21 -15.9603
34 22 -16.1759
34 23 -16.3833
34 24 -16.581
34 25 -16.7756
34 26 -16.9636
34 27 -17.1465
34 28 -17.3211
34 29 -17.4905
34 30 -17.6511
34 31 -17.8121
34 32 -17.9606
34 33 -18.1051
34 34 -18.2419
34 35 -18.3677
34 36 -18.4919
34 37 -18.612
34 38 -18.7203
34 39 -18.8327
34 40 -18.9382
35 -10 -10.7364
35 -9 -10.7322
35 -8 -10.7182
35 -7 -10.7083
35 -6 -10.6981
35 -5 -10.6995
35 -4 -10.6991
35 -3 -10.6838
35 -2 -10.6634
35 -1 -10.6351
35 0 -10.6078
35 1 -10.5951
35 2 -10.6488
35 3 -10.8403
35 4 -11.1156
35 5 -11.4359
35 6 -11.755
35 7 -12.0941
35 8 -12.4197
35 9 -12.7377
35 10 -13.0517
35 11 -13.3506
35 12 -13.6499
35 13 -13.9388
35 14 -14.2203
35 15 -14.4926
35 16 -14.7509
35 17 -15.0161
35 18 -15.2682
35 19 -15.5141
35 20 -15.7475
35 21 -15.9743
35 22 -16.1891
35 23 -16.3973
35 24 -16.5928
35 25 -16.7856
35 26 -16.9714
35 27 -17.1541
35 28 -17.3295
35 29 -17.5005
35 30 -17.6598
35 31 -17.8202
35 32 -17.9668
35 33 -18.1111
35 34 -18.2484
35 35 -18.3773
35 36 -18.5008
35 37 -18.6201
35 38 -18.7318
35 39 -18.8418
35 40 -18.9475
36 -10 -10.7273
36 -9 -10.7207
36 -8 -10.7122
36 -7 -10.7016
36 -6 -10.6919
36 -5 -10.6962
36 -4 -10.6991
36 -3 -10.6844
36 -2 -10.6607
36 -1 -10.6368
36 0 -10.619
36 1 -10.6087
36 2 -10.6606
36 3 -10.8525
36 4 -11.1286
36 5 -11.4496
36 6 -11.7708
36 7 -12.107
36 8 -12.4382
36 9 -12.7473
36 10 -13.0637
36 11 -13.3613
36 12 -13.655
36 13 -13.9357
36 14 -14.2157
36 15 -14.4986
36 16 -14.7659
36 17 -15.0237
36 18 -15.2746
36 19 -15.5156
36 20 -15.7503
36 21 -15.9736
36 22 -16.1945
36 23 -16.3951
36 24 -16.5917
36 25 -16.788
36 26 -16.9763
36 27 -17.1603
36 28 -17.3293
36 29 -17.5034
36 30 -17.6641
36 31 -17.8246
36 32 -17.9775
36 33 -18.1147
36 34 -18.2523
36 35 -18.3811
36 36 -18.5055
36 37 -18.626
36 38 -18.7397
36 39 -18.851
36 40 -18.9564
37 -10 -10.7315
37 -9 -10.7179
37 -8 -10.7134
37 -7 -10.6975
37 -6 -10.6819
37 -5 -10.697
37 -4 -10.6986
37 -3 -10.6814
37 -2 -10.66
37 -1 -10.6383
37 0 -10.6225
37 1 -10.6154
37 2 -10.6699
37 3 -10.8681
37 4 -11.1483
37 5 -11.459
37 6 -11.7852
37 7 -12.1062
37 8 -12.4349
37 9 -12.7509
37 10 -13.0576
37 11 -13.3595
37 12 -13.6539
37 13 -13.9435
37 14 -14.2192
37 15 -14.4919
37 16 -14.7591
37 17 -15.0199
37 18 -15.2715
37 19 -15.5212
37 20 -15.7497
37 21 -15.9771
37 22 -16.1915
37 23 -16.3955
37 24 -16.5984
37 25 -16.7931
37 26 -16.9803
37 27 -17.156
37 28 -17.3359
37 29 -17.5025
37 30 -17.6668
37 31 -17.8218
37 32 -17.9713
37 33 -18.1155
37 34 -18.253
37 35 -18.3836
37 36 -18.5119
37 37 -18.6263
37 38 -18.7402
37 39 -18.8556
37 40 -18.9602
38 -10 -10.7341
38 -9 -10.7194
38 -8 -10.7162
38 -7 -10.6967
38 -6 -10.6859
38 -5 -10.6961
38 -4 -10.6949
38 -3 -10.6835
38 -2 -10.6674
38 -1 -10.6459
38 0 -10.6183
38 1 -10.6151
38 2 -10.6713
38 3 -10.8732
38 4 -11.1468
38 5 -11.463
38 6 -11.7921
38 7 -12.1159
38 8 -12.445
38 9 -12.7578
38 10 -13.0662
38 11 -13.3646
38 12 -13.6557
38 13 -13.9359
38 14 -14.2165
38 15 -14.4908
38 16 -14.7567
38 17 -15.02
38 18 -15.2704
38 19 -15.5145
38 20 -15.7456
38 21 -15.976
38 22 -16.1876
38 23 -16.3963
38 24 -16.5948
38 25 -16.7869
38 26 -16.9782
38 27 -17.1597
38 28 -17.335
38 29 -17.5038
38 30 -17.6623
38 31 -17.8238
38 32 -17.9714
38 33 -18.1113
38 34 -18.2541
38 35 -18.3834
38 36 -18.5066
38 37 -18.6233
38 38 -18.7402
38 39 -18.8514
38 40 -18.9583
39 -10 -10.7301
39 -9 -10.7156
39 -8 -10.7083
39 -7 -10.6943
39 -6 -10.6813
39 -5 -10.691
39 -4 -10.7027
39 -3 -10.6892
39 -2 -10.6645
39 -1 -10.6409
39 0 -10.6111
39 1 -10.6176
39 2 -10.6748
39 3 -10.876
39 4 -11.1551
39 5 -11.4674
39 6 -11.7916
39 7 -12.1219
39 8 -12.4462
39 9 -12.7578
39 10 -13.0629
39 11 -13.3599
39 12 -13.6447
39 13 -13.9318
39 14 -14.2065
39 15 -14.4793
39 16 -14.7533
39 17 -15.0146
39 18 -15.2714
39 19 -15.5122
39 20 -15.7455
39 21 -15.9717
39 22 -16.1849
39 23 -16.3936
39 24 -16.597
39 25 -16.7881
39 26 -16.9756
39 27 -17.1557
39 28 -17.3338
39 29 -17.4988
39 30 -17.66
39 31 -17.821
39 32 -17.9695
39 33 -18.113
39 34 -18.2506
39 35 -18.3789
39 36 -18.5045
39 37 -18.6218
39 38 -18.7373
39 39 -18.846
39 40 -18.9551
40 -10 -10.7307
40 -9 -10.7211
40 -8 -10.7056
40 -7 -10.6953
40 -6 -10.6799
40 -5 -10.6941
40 -4 -10.6918
40 -3 -10.6791
40 -2 -10.6559
40 -1 -10.6444
40 0 -10.613
40 1 -10.6185
40 2 -10.6738
40 3 -10.8712
40 4 -11.1491
40 5 -11.4646
40 6 -11.7849
40 7 -12.1222
40 8 -12.4418
40 9 -12.756
40 10 -13.0632
40 11 -13.3551
40 12 -13.6465
40 13 -13.9372
40 14 -14.2128
40 15 -14.488
40 16 -14.75
40 17 -15.0126
40 18 -15.2648
40 19 -15.503
40 20 -15.7441
40 21 -15.9679
40 22 -16.1877
40 23 -16.389
40 24 -16.592
40 25 -16.7862
40 26 -16.9766
40 27 -17.1601
40 28 -17.332
40 29 -17.4996
40 30 -17.6629
40 31 -17.8194
40 32 -17.9687
40 33 -18.1081
40 34 -18.2485
40 35 -18.3785
40 36 -18.5051
40 37 -18.6203
40 38 -18.7362
40 39 -18.8462
40 40 -18.9558
