-10 -10 -8.00903
-10 -9 -7.99817
-10 -8 -7.98973
-10 -7 -7.98201
-10 -6 -7.95882
-10 -5 -7.93865
-10 -4 -7.89684
-10 -3 -7.87472
-10 -2 -7.85407
-10 -1 -7.84015
-10 0 -7.82245
-10 1 -7.81188
-10 2 -7.84586
-10 3 -8.00846
-10 4 -8.27811
-10 5 -8.57862
-10 6 -8.89127
-10 7 -9.22405
-10 8 -9.54295
-10 9 -9.87085
-10 10 -10.1804
-10 11 -10.4747
-10 12 -10.7737
-10 13 -11.0633
-10 14 -11.3346
-10 15 -11.5921
-10 16 -11.8621
-10 17 -12.0916
-10 18 -12.3483
-10 19 -12.5852
-10 20 -12.8122
-10 21 -13.0411
-10 22 -13.2611
-10 23 -13.4664
-10 24 -13.6826
-10 25 -13.8823
-10 26 -14.0769
-10 27 -14.2693
-10 28 -14.4554
-10 29 -14.6418
-10 30 -14.8253
-10 31 -14.9981
-10 32 -15.1649
-10 33 -15.3388
-10 34 -15.4988
-10 35 -15.6684
-10 36 -15.8204
-10 37 -15.9663
-10 38 -16.1118
-10 39 -16.2577
-10 40 -16.3931
-9 -10 -8.0053
-9 -9 -7.9912
-9 -8 -7.981
-9 -7 -7.96809
-9 -6 -7.93347
-9 -5 -7.89837
-9 -4 -7.87378
-9 -3 -7.85766
-9 -2 -7.8317
-9 -1 -7.82857
-9 0 -7.81168
-9 1 -7.76686
-9 2 -7.76247
-9 3 -7.93912
-9 4 -8.22643
-9 5 -8.5282
-9 6 -8.85294
-9 7 -9.17566
-9 8 -9.49327
-9 9 -9.80402
-9 10 -10.1156
-9 11 -10.4295
-9 12 -10.717
-9 13 -11.014
-9 14 -11.2934
-9 15 -11.5788
-9 16 -11.8342
-9 17 -12.0875
-9 18 -12.3334
-9 19 -12.5832
-9 20 -12.8045
-9 21 -13.0381
-9 22 -13.2495
-9 23 -13.4754
-9 24 -13.6862
-9 25 -13.8812
-9 26 -14.0787
-9 27 -14.2739
-9 28 -14.4598
-9 29 -14.6431
-9 30 -14.8167
-9 31 -14.9928
-9 32 -15.1727
-9 33 -15.3371
-9 34 -15.5012
-9 35 -15.6594
-9 36 -15.8207
-9 37 -15.9697
-9 38 -16.12
-9 39 -16.2598
-9 40 -16.3934
-8 -10 -7.98298
-8 -9 -7.98185
-8 -8 -7.96215
-8 -7 -7.93227
-8 -6 -7.89642
-8 -5 -7.87187
-8 -4 -7.85636
-8 -3 -7.8401
-8 -2 -7.82521
-8 -1 -7.81029
-8 0 -7.76805
-8 1 -7.69984
-8 2 -7.72123
-8 3 -7.88882
-8 4 -8.16811
-8 5 -8.47779
-8 6 -8.80774
-8 7 -9.12524
-8 8 -9.44092
-8 9 -9.77455
-8 10 -10.0849
-8 11 -10.3835
-8 12 -10.6724
-8 13 -10.9458
-8 14 -11.2231
-8 15 -11.501
-8 16 -11.7749
-8 17 -12.0361
-8 18 -12.2841
-8 19 -12.5348
-8 20 -12.7704
-8 21 -13.0044
-8 22 -13.2297
-8 23 -13.4544
-8 24 -13.6633
-8 25 -13.8728
-8 26 -14.0695
-8 27 -14.2718
-8 28 -14.4627
-8 29 -14.6467
-8 30 -14.8274
-8 31 -15.0052
-8 32 -15.1755
-8 33 -15.3451
-8 34 -15.5015
-8 35 -15.6629
-8 36 -15.8161
-8 37 -15.9692
-8 38 -16.1037
-8 39 -16.2468
-8 40 -16.3797
-7 -10 -7.98188
-7 -9 -7.95877
-7 -8 -7.92945
-7 -7 -7.89281
-7 -6 -7.87667
-7 -5 -7.85764
-7 -4 -7.84514
-7 -3 -7.83174
-7 -2 -7.80364
-7 -1 -7.76866
-7 0 -7.71235
-7 1 -7.67131
-7 2 -7.70543
-7 3 -7.85527
-7 4 -8.13095
-7 5 -8.44262
-7 6 -8.76285
-7 7 -9.08099
-7 8 -9.40483
-7 9 -9.71107
-7 10 -10.0213
-7 11 -10.3313
-7 12 -10.6256
-7 13 -10.9047
-7 14 -11.1861
-7 15 -11.4534
-7 16 -11.7066
-7 17 -11.9829
-7 18 -12.2235
-7 19 -12.4696
-7 20 -12.695
-7 21 -12.9364
-7 22 -13.1609
-7 23 -13.3814
-7 24 -13.5946
-7 25 -13.8136
-7 26 -14.01
-7 27 -14.2206
-7 28 -14.4239
-7 29 -14.6105
-7 30 -14.7983
-7 31 -14.9704
-7 32 -15.1496
-7 33 -15.3171
-7 34 -15.4884
-7 35 -15.6394
-7 36 -15.7938
-7 37 -15.9464
-7 38 -16.0867
-7 39 -16.2288
-7 40 -16.3632
-6 -10 -7.96531
-6 -9 -7.93989
-6 -8 -7.90344
-6 -7 -7.87274
-6 -6 -7.85641
-6 -5 -7.84634
-6 -4 -7.82488
-6 -3 -7.81351
-6 -2 -7.7748
-6 -1 -7.71318
-6 0 -7.6741
-6 1 -7.64259
-6 2 -7.68864
-6 3 -7.87324
-6 4 -8.13012
-6 5 -8.43323
-6 6 -8.75937
-6 7 -9.07351
-6 8 -9.40875
-6 9 -9.71221
-6 10 -10.0187
-6 11 -10.3138
-6 12 -10.6017
-6 13 -10.8956
-6 14 -11.1623
-6 15 -11.4197
-6 16 -11.6845
-6 17 -11.9315
-6 18 -12.181
-6 19 -12.4255
-6 20 -12.6565
-6 21 -12.882
-6 22 -13.1063
-6 23 -13.3294
-6 24 -13.5476
-6 25 -13.7569
-6 26 -13.9625
-6 27 -14.1572
-6 28 -14.3549
-6 29 -14.5527
-6 30 -14.7351
-6 31 -14.9167
-6 32 -15.1021
-6 33 -15.2716
-6 34 -15.4476
-6 35 -15.6131
-6 36 -15.7656
-6 37 -15.9188
-6 38 -16.0683
-6 39 -16.2066
-6 40 -16.3484
-5 -10 -7.94057
-5 -9 -7.90026
-5 -8 -7.86976
-5 -7 -7.85816
-5 -6 -7.84168
-5 -5 -7.8208
-5 -4 -7.80847
-5 -3 -7.77236
-5 -2 -7.7059
-5 -1 -7.681
-5 0 -7.64283
-5 1 -7.63139
-5 2 -7.68211
-5 3 -7.8688
-5 4 -8.13419
-5 5 -8.43619
-5 6 -8.76034
-5 7 -9.07936
-5 8 -9.40131
-5 9 -9.71536
-5 10 -10.0131
-5 11 -10.3151
-5 12 -10.6147
-5 13 -10.8838
-5 14 -11.154
-5 15 -11.4154
-5 16 -11.6721
-5 17 -11.92
-5 18 -12.166
-5 19 -12.4089
-5 20 -12.6363
-5 21 -12.8584
-5 22 -13.0852
-5 23 -13.2973
-5 24 -13.5076
-5 25 -13.716
-5 26 -13.9217
-5 27 -14.1198
-5 28 -14.314
-5 29 -14.4978
-5 30 -14.6872
-5 31 -14.8746
-5 32 -15.0498
-5 33 -15.2208
-5 34 -15.3907
-5 35 -15.5557
-5 36 -15.7199
-5 37 -15.8653
-5 38 -16.016
-5 39 -16.1626
-5 40 -16.3078
-4 -10 -7.9261
-4 -9 -7.88906
-4 -8 -7.85153
-4 -7 -7.84142
-4 -6 -7.84327
-4 -5 -7.82416
-4 -4 -7.77969
-4 -3 -7.72123
-4 -2 -7.68727
-4 -1 -7.64913
-4 0 -7.63047
-4 1 -7.63272
-4 2 -7.67792
-4 3 -7.83831
-4 4 -8.12532
-4 5 -8.43277
-4 6 -8.75374
-4 7 -9.07213
-4 8 -9.40158
-4 9 -9.71657
-4 10 -10.0197
-4 11 -10.314
-4 12 -10.6004
-4 13 -10.8923
-4 14 -11.154
-4 15 -11.4209
-4 16 -11.6717
-4 17 -11.9304
-4 18 -12.1724
-4 19 -12.3944
-4 20 -12.6315
-4 21 -12.8587
-4 22 -13.076
-4 23 -13.295
-4 24 -13.4997
-4 25 -13.7061
-4 26 -13.9009
-4 27 -14.0957
-4 28 -14.2839
-4 29 -14.4835
-4 30 -14.6528
-4 31 -14.8359
-4 32 -15.0137
-4 33 -15.1806
-4 34 -15.3555
-4 35 -15.517
-4 36 -15.6727
-4 37 -15.8288
-4 38 -15.9676
-4 39 -16.1256
-4 40 -16.2638
-3 -10 -7.90125
-3 -9 -7.86666
-3 -8 -7.86488
-3 -7 -7.85195
-3 -6 -7.84207
-3 -5 -7.78903
-3 -4 -7.74152
-3 -3 -7.71003
-3 -2 -7.66561
-3 -1 -7.6472
-3 0 -7.64684
-3 1 -7.64096
-3 2 -7.63938
-3 3 -7.80647
-3 4 -8.06869
-3 5 -8.36408
-3 6 -8.71376
-3 7 -9.02992
-3 8 -9.34831
-3 9 -9.6745
-3 10 -9.98319
-3 11 -10.3157
-3 12 -10.595
-3 13 -10.8876
-3 14 -11.1661
-3 15 -11.4274
-3 16 -11.6878
-3 17 -11.9284
-3 18 -12.1777
-3 19 -12.4066
-3 20 -12.6388
-3 21 -12.8582
-3 22 -13.0808
-3 23 -13.2944
-3 24 -13.505
-3 25 -13.7073
-3 26 -13.8945
-3 27 -14.1032
-3 28 -14.2867
-3 29 -14.4652
-3 30 -14.6438
-3 31 -14.8324
-3 32 -15.0024
-3 33 -15.1783
-3 34 -15.329
-3 35 -15.4933
-3 36 -15.6471
-3 37 -15.8058
-3 38 -15.9454
-3 39 -16.0943
-3 40 -16.2331
-2 -10 -7.89422
-2 -9 -7.86792
-2 -8 -7.86936
-2 -7 -7.87247
-2 -6 -7.81474
-2 -5 -7.75987
-2 -4 -7.72008
-2 -3 -7.67674
-2 -2 -7.67234
-2 -1 -7.65514
-2 0 -7.6546
-2 1 -7.58595
-2 2 -7.57404
-2 3 -7.73328
-2 4 -8.00595
-2 5 -8.3196
-2 6 -8.65923
-2 7 -8.98396
-2 8 -9.30872
-2 9 -9.63384
-2 10 -9.94527
-2 11 -10.2461
-2 12 -10.5557
-2 13 -10.8475
-2 14 -11.126
-2 15 -11.4095
-2 16 -11.6648
-2 17 -11.9248
-2 18 -12.1915
-2 19 -12.421
-2 20 -12.6622
-2 21 -12.8895
-2 22 -13.106
-2 23 -13.3052
-2 24 -13.5205
-2 25 -13.7114
-2 26 -13.9223
-2 27 -14.11
-2 28 -14.2965
-2 29 -14.479
-2 30 -14.6642
-2 31 -14.8446
-2 32 -15.0031
-2 33 -15.1747
-2 34 -15.3437
-2 35 -15.4965
-2 36 -15.658
-2 37 -15.8011
-2 38 -15.9497
-2 39 -16.0948
-2 40 -16.2337
-1 -10 -7.88978
-1 -9 -7.8817
-1 -8 -7.86937
-1 -7 -7.85574
-1 -6 -7.78923
-1 -5 -7.75885
-1 -4 -7.70254
-1 -3 -7.67746
-1 -2 -7.67972
-1 -1 -7.66387
-1 0 -7.61675
-1 1 -7.5477
-1 2 -7.57029
-1 3 -7.73
-1 4 -7.99845
-1 5 -8.30364
-1 6 -8.61604
-1 7 -8.96017
-1 8 -9.29386
-1 9 -9.61107
-1 10 -9.92586
-1 11 -10.2305
-1 12 -10.5209
-1 13 -10.8048
-1 14 -11.1048
-1 15 -11.3832
-1 16 -11.6487
-1 17 -11.8997
-1 18 -12.1583
-1 19 -12.4103
-1 20 -12.6597
-1 21 -12.8814
-1 22 -13.1127
-1 23 -13.3356
-1 24 -13.5428
-1 25 -13.7425
-1 26 -13.9466
-1 27 -14.1315
-1 28 -14.3201
-1 29 -14.4998
-1 30 -14.6806
-1 31 -14.8604
-1 32 -15.0205
-1 33 -15.1896
-1 34 -15.3602
-1 35 -15.5146
-1 36 -15.6717
-1 37 -15.8254
-1 38 -15.9716
-1 39 -16.1103
-1 40 -16.2514
0 -10 -7.89306
0 -9 -7.89018
0 -8 -7.88543
0 -7 -7.83884
0 -6 -7.78331
0 -5 -7.7524
0 -4 -7.72399
0 -3 -7.70911
0 -2 -7.70359
0 -1 -7.66213
0 0 -7.58981
0 1 -7.53536
0 2 -7.57413
0 3 -7.75718
0 4 -8.00938
0 5 -8.32453
0 6 -8.64902
0 7 -8.9623
0 8 -9.29269
0 9 -9.61716
0 10 -9.91259
0 11 -10.2234
0 12 -10.5171
0 13 -10.8006
0 14 -11.0871
0 15 -11.3454
0 16 -11.6217
0 17 -11.8766
0 18 -12.1417
0 19 -12.3863
0 20 -12.6309
0 21 -12.8728
0 22 -13.125
0 23 -13.3581
0 24 -13.5693
0 25 -13.7839
0 26 -13.9807
0 27 -14.1836
0 28 -14.3569
0 29 -14.5456
0 30 -14.7219
0 31 -14.8984
0 32 -15.0758
0 33 -15.2361
0 34 -15.3975
0 35 -15.5584
0 36 -15.7078
0 37 -15.8546
0 38 -16.0029
0 39 -16.1398
0 40 -16.2756
1 -10 -7.92774
1 -9 -7.92243
1 -8 -7.90776
1 -7 -7.83914
1 -6 -7.81019
1 -5 -7.77621
1 -4 -7.77443
1 -3 -7.76927
1 -2 -7.7495
1 -1 -7.68509
1 0 -7.6075
1 1 -7.53186
1 2 -7.59311
1 3 -7.76891
1 4 -8.04046
1 5 -8.36642
1 6 -8.66878
1 7 -8.98963
1 8 -9.31729
1 9 -9.6291
1 10 -9.93723
1 11 -10.233
1 12 -10.537
1 13 -10.8142
1 14 -11.1063
1 15 -11.3915
1 16 -11.6562
1 17 -11.9108
1 18 -12.1708
1 19 -12.4183
1 20 -12.6557
1 21 -12.9146
1 22 -13.1583
1 23 -13.3808
1 24 -13.6098
1 25 -13.816
1 26 -14.0269
1 27 -14.2204
1 28 -14.4126
1 29 -14.5975
1 30 -14.7708
1 31 -14.945
1 32 -15.1191
1 33 -15.2843
1 34 -15.4517
1 35 -15.601
1 36 -15.7522
1 37 -15.9088
1 38 -16.0543
1 39 -16.1939
1 40 -16.3294
2 -10 -7.98524
2 -9 -7.98553
2 -8 -7.95182
2 -7 -7.90408
2 -6 -7.85312
2 -5 -7.83613
2 -4 -7.80938
2 -3 -7.8182
2 -2 -7.80076
2 -1 -7.75792
2 0 -7.66166
2 1 -7.60507
2 2 -7.65002
2 3 -7.82968
2 4 -8.11096
2 5 -8.39364
2 6 -8.71603
2 7 -9.03338
2 8 -9.35863
2 9 -9.66438
2 10 -9.9746
2 11 -10.2757
2 12 -10.5721
2 13 -10.8596
2 14 -11.1383
2 15 -11.4158
2 16 -11.6827
2 17 -11.9487
2 18 -12.2113
2 19 -12.4648
2 20 -12.7071
2 21 -12.9613
2 22 -13.1869
2 23 -13.4071
2 24 -13.651
2 25 -13.862
2 26 -14.0705
2 27 -14.2651
2 28 -14.457
2 29 -14.6506
2 30 -14.8262
2 31 -15.0009
2 32 -15.171
2 33 -15.3395
2 34 -15.5058
2 35 -15.6604
2 36 -15.8167
2 37 -15.9627
2 38 -16.1122
2 39 -16.2545
2 40 -16.3905
3 -10 -8.06239
3 -9 -8.04933
3 -8 -8.02259
3 -7 -7.98836
3 -6 -7.93074
3 -5 -7.89095
3 -4 -7.86806
3 -3 -7.85866
3 -2 -7.81693
3 -1 -7.78424
3 0 -7.71989
3 1 -7.65466
3 2 -7.69389
3 3 -7.87189
3 4 -8.13451
3 5 -8.44147
3 6 -8.76888
3 7 -9.08999
3 8 -9.40544
3 9 -9.72575
3 10 -10.0453
3 11 -10.3332
3 12 -10.6397
3 13 -10.9173
3 14 -11.1974
3 15 -11.4734
3 16 -11.7481
3 17 -12.0239
3 18 -12.2784
3 19 -12.5278
3 20 -12.7892
3 21 -13.0244
3 22 -13.2727
3 23 -13.4733
3 24 -13.7033
3 25 -13.9101
3 26 -14.1175
3 27 -14.3221
3 28 -14.5127
3 29 -14.6994
3 30 -14.8718
3 31 -15.0565
3 32 -15.2211
3 33 -15.3923
3 34 -15.5585
3 35 -15.7116
3 36 -15.8548
3 37 -16.0137
3 38 -16.1549
3 39 -16.2931
3 40 -16.4275
4 -10 -8.09811
4 -9 -8.06499
4 -8 -8.04078
4 -7 -8.02008
4 -6 -7.98718
4 -5 -7.94668
4 -4 -7.91488
4 -3 -7.87604
4 -2 -7.83602
4 -1 -7.81671
4 0 -7.78554
4 1 -7.72819
4 2 -7.75871
4 3 -7.92863
4 4 -8.19104
4 5 -8.51296
4 6 -8.84771
4 7 -9.16724
4 8 -9.5019
4 9 -9.8053
4 10 -10.1202
4 11 -10.4221
4 12 -10.7217
4 13 -11.0079
4 14 -11.3083
4 15 -11.5803
4 16 -11.8539
4 17 -12.13
4 18 -12.3832
4 19 -12.6208
4 20 -12.857
4 21 -13.0845
4 22 -13.3083
4 23 -13.5232
4 24 -13.7341
4 25 -13.946
4 26 -14.1444
4 27 -14.3438
4 28 -14.542
4 29 -14.7356
4 30 -14.9102
4 31 -15.0844
4 32 -15.2669
4 33 -15.4335
4 34 -15.5918
4 35 -15.7537
4 36 -15.906
4 37 -16.0538
4 38 -16.1952
4 39 -16.3499
4 40 -16.4855
5 -10 -8.12203
5 -9 -8.08931
5 -8 -8.06346
5 -7 -8.05278
5 -6 -8.03597
5 -5 -8.00315
5 -4 -7.97082
5 -3 -7.90865
5 -2 -7.86642
5 -1 -7.83566
5 0 -7.83183
5 1 -7.804
5 2 -7.84796
5 3 -8.01729
5 4 -8.2787
5 5 -8.6053
5 6 -8.92668
5 7 -9.25221
5 8 -9.5674
5 9 -9.88436
5 10 -10.2167
5 11 -10.5118
5 12 -10.807
5 13 -11.0914
5 14 -11.3633
5 15 -11.6459
5 16 -11.9016
5 17 -12.1632
5 18 -12.4045
5 19 -12.6486
5 20 -12.877
5 21 -13.1003
5 22 -13.3276
5 23 -13.5411
5 24 -13.757
5 25 -13.9726
5 26 -14.1595
5 27 -14.3582
5 28 -14.5641
5 29 -14.7474
5 30 -14.9459
5 31 -15.1218
5 32 -15.2921
5 33 -15.4624
5 34 -15.6243
5 35 -15.7869
5 36 -15.9445
5 37 -16.0886
5 38 -16.24
5 39 -16.3854
5 40 -16.5244
6 -10 -8.16169
6 -9 -8.12532
6 -8 -8.09566
6 -7 -8.0884
6 -6 -8.08168
6 -5 -8.05532
6 -4 -8.03242
6 -3 -7.97174
6 -2 -7.89695
6 -1 -7.87079
6 0 -7.8386
6 1 -7.83429
6 2 -7.89728
6 3 -8.07416
6 4 -8.35195
6 5 -8.6565
6 6 -8.97825
6 7 -9.30855
6 8 -9.62865
6 9 -9.9475
6 10 -10.2544
6 11 -10.5493
6 12 -10.839
6 13 -11.1246
6 14 -11.4101
6 15 -11.6809
6 16 -11.937
6 17 -12.1891
6 18 -12.4334
6 19 -12.6796
6 20 -12.9105
6 21 -13.1357
6 22 -13.3597
6 23 -13.5725
6 24 -13.7872
6 25 -13.9926
6 26 -14.2004
6 27 -14.4058
6 28 -14.6056
6 29 -14.7929
6 30 -14.9797
6 31 -15.164
6 32 -15.3344
6 33 -15.5067
6 34 -15.6793
6 35 -15.8376
6 36 -16.0086
6 37 -16.1551
6 38 -16.304
6 39 -16.4392
6 40 -16.5846
7 -10 -8.23683
7 -9 -8.18804
7 -8 -8.1488
7 -7 -8.11217
7 -6 -8.10753
7 -5 -8.11336
7 -4 -8.09663
7 -3 -8.04499
7 -2 -7.97761
7 -1 -7.92314
7 0 -7.89335
7 1 -7.88544
7 2 -7.94422
7 3 -8.11654
7 4 -8.37766
7 5 -8.6845
7 6 -9.00546
7 7 -9.34568
7 8 -9.66436
7 9 -9.97656
7 10 -10.292
7 11 -10.5901
7 12 -10.8848
7 13 -11.1719
7 14 -11.4425
7 15 -11.7054
7 16 -11.9671
7 17 -12.2172
7 18 -12.4743
7 19 -12.6989
7 20 -12.9396
7 21 -13.1651
7 22 -13.3865
7 23 -13.601
7 24 -13.8268
7 25 -14.0325
7 26 -14.2408
7 27 -14.4464
7 28 -14.6374
7 29 -14.839
7 30 -15.0406
7 31 -15.2131
7 32 -15.3982
7 33 -15.5693
7 34 -15.7382
7 35 -15.8978
7 36 -16.0634
7 37 -16.2172
7 38 -16.3639
7 39 -16.5035
7 40 -16.6356
8 -10 -8.29082
8 -9 -8.25093
8 -8 -8.2057
8 -7 -8.16916
8 -6 -8.16097
8 -5 -8.15746
8 -4 -8.13411
8 -3 -8.09918
8 -2 -8.03809
8 -1 -7.97199
8 0 -7.94733
8 1 -7.93279
8 2 -7.96627
8 3 -8.13613
8 4 -8.3944
8 5 -8.71105
8 6 -9.03438
8 7 -9.37275
8 8 -9.69651
8 9 -10.0178
8 10 -10.3226
8 11 -10.6347
8 12 -10.9244
8 13 -11.208
8 14 -11.4757
8 15 -11.7502
8 16 -12.0086
8 17 -12.2585
8 18 -12.5004
8 19 -12.7441
8 20 -12.9797
8 21 -13.2107
8 22 -13.4329
8 23 -13.6576
8 24 -13.8798
8 25 -14.0816
8 26 -14.2904
8 27 -14.4978
8 28 -14.6929
8 29 -14.8932
8 30 -15.085
8 31 -15.2901
8 32 -15.4575
8 33 -15.6369
8 34 -15.8047
8 35 -15.9778
8 36 -16.131
8 37 -16.2838
8 38 -16.4357
8 39 -16.5771
8 40 -16.7141
9 -10 -8.32586
9 -9 -8.30507
9 -8 -8.25797
9 -7 -8.2127
9 -6 -8.20236
9 -5 -8.18826
9 -4 -8.17201
9 -3 -8.12731
9 -2 -8.08427
9 -1 -8.04076
9 0 -7.99139
9 1 -7.96838
9 2 -7.98822
9 3 -8.16215
9 4 -8.4309
9 5 -8.75657
9 6 -9.08094
9 7 -9.39831
9 8 -9.72713
9 9 -10.0475
9 10 -10.3569
9 11 -10.6754
9 12 -10.9624
9 13 -11.2503
9 14 -11.5191
9 15 -11.7841
9 16 -12.0435
9 17 -12.2922
9 18 -12.5466
9 19 -12.7762
9 20 -13.0253
9 21 -13.2527
9 22 -13.4771
9 23 -13.7061
9 24 -13.9265
9 25 -14.1415
9 26 -14.3439
9 27 -14.5635
9 28 -14.7705
9 29 -14.9602
9 30 -15.1609
9 31 -15.3587
9 32 -15.5342
9 33 -15.6979
9 34 -15.8686
9 35 -16.024
9 36 -16.1899
9 37 -16.3346
9 38 -16.478
9 39 -16.6265
9 40 -16.7639
10 -10 -8.35244
10 -9 -8.32657
10 -8 -8.2915
10 -7 -8.25384
10 -6 -8.2257
10 -5 -8.21692
10 -4 -8.19321
10 -3 -8.14989
10 -2 -8.10389
10 -1 -8.06351
10 0 -8.0294
10 1 -8.00612
10 2 -8.04773
10 3 -8.20984
10 4 -8.47162
10 5 -8.775
10 6 -9.11691
10 7 -9.44135
10 8 -9.7849
10 9 -10.1082
10 10 -10.4158
10 11 -10.7273
10 12 -11.0098
10 13 -11.2977
10 14 -11.5704
10 15 -11.8473
10 16 -12.0951
10 17 -12.3559
10 18 -12.6036
10 19 -12.8545
10 20 -13.0876
10 21 -13.3157
10 22 -13.5465
10 23 -13.7628
10 24 -13.9902
10 25 -14.203
10 26 -14.4108
10 27 -14.6098
10 28 -14.8093
10 29 -15.0042
10 30 -15.1868
10 31 -15.3747
10 32 -15.5513
10 33 -15.7282
10 34 -15.8915
10 35 -16.0545
10 36 -16.2067
10 37 -16.3664
10 38 -16.5116
10 39 -16.6589
10 40 -16.7899
11 -10 -8.39094
11 -9 -8.34591
11 -8 -8.32514
11 -7 -8.2949
11 -6 -8.26548
11 -5 -8.25148
11 -4 -8.2137
11 -3 -8.15476
11 -2 -8.11127
11 -1 -8.10046
11 0 -8.07124
11 1 -8.06661
11 2 -8.09181
11 3 -8.25018
11 4 -8.51663
11 5 -8.81479
11 6 -9.16987
11 7 -9.50813
11 8 -9.83895
11 9 -10.1616
11 10 -10.4904
11 11 -10.785
11 12 -11.0685
11 13 -11.3453
11 14 -11.6211
11 15 -11.8863
11 16 -12.1563
11 17 -12.4028
11 18 -12.6464
11 19 -12.8895
11 20 -13.1296
11 21 -13.3518
11 22 -13.5851
11 23 -13.7971
11 24 -14.018
11 25 -14.2278
11 26 -14.4364
11 27 -14.6362
11 28 -14.8387
11 29 -15.0189
11 30 -15.2065
11 31 -15.3955
11 32 -15.5755
11 33 -15.7415
11 34 -15.9112
11 35 -16.0817
11 36 -16.2275
11 37 -16.3898
11 38 -16.5382
11 39 -16.6835
11 40 -16.8173
12 -10 -8.41021
12 -9 -8.36525
12 -8 -8.34265
12 -7 -8.3268
12 -6 -8.30711
12 -5 -8.29308
12 -4 -8.26983
12 -3 -8.18737
12 -2 -8.14444
12 -1 -8.11329
12 0 -8.09701
12 1 -8.10143
12 2 -8.15141
12 3 -8.31215
12 4 -8.56177
12 5 -8.87173
12 6 -9.2194
12 7 -9.55344
12 8 -9.88981
12 9 -10.2217
12 10 -10.5253
12 11 -10.8122
12 12 -11.1029
12 13 -11.3815
12 14 -11.6547
12 15 -11.9364
12 16 -12.1853
12 17 -12.4387
12 18 -12.6811
12 19 -12.9219
12 20 -13.1528
12 21 -13.3877
12 22 -13.6161
12 23 -13.8274
12 24 -14.0476
12 25 -14.254
12 26 -14.4556
12 27 -14.6592
12 28 -14.8532
12 29 -15.0453
12 30 -15.2284
12 31 -15.4153
12 32 -15.6033
12 33 -15.7669
12 34 -15.9438
12 35 -16.1017
12 36 -16.2677
12 37 -16.4229
12 38 -16.5695
12 39 -16.7046
12 40 -16.8495
13 -10 -8.44267
13 -9 -8.40211
13 -8 -8.38267
13 -7 -8.36112
13 -6 -8.34288
13 -5 -8.33001
13 -4 -8.31484
13 -3 -8.24306
13 -2 -8.18492
13 -1 -8.14431
13 0 -8.13054
13 1 -8.12837
13 2 -8.18242
13 3 -8.33704
13 4 -8.59088
13 5 -8.91315
13 6 -9.25139
13 7 -9.58513
13 8 -9.91593
13 9 -10.2394
13 10 -10.551
13 11 -10.8441
13 12 -11.1387
13 13 -11.4029
13 14 -11.6858
13 15 -11.9519
13 16 -12.213
13 17 -12.4552
13 18 -12.6986
13 19 -12.9402
13 20 -13.1821
13 21 -13.4061
13 22 -13.6331
13 23 -13.8419
13 24 -14.0619
13 25 -14.2684
13 26 -14.4757
13 27 -14.6707
13 28 -14.8695
13 29 -15.0662
13 30 -15.253
13 31 -15.4344
13 32 -15.6196
13 33 -15.7944
13 34 -15.9685
13 35 -16.1299
13 36 -16.292
13 37 -16.4475
13 38 -16.5966
13 39 -16.7336
13 40 -16.8771
14 -10 -8.49717
14 -9 -8.4347
14 -8 -8.41268
14 -7 -8.39361
14 -6 -8.36948
14 -5 -8.36406
14 -4 -8.3597
14 -3 -8.29258
14 -2 -8.20946
14 -1 -8.18634
14 0 -8.154
14 1 -8.14662
14 2 -8.18995
14 3 -8.36963
14 4 -8.6199
14 5 -8.93624
14 6 -9.27919
14 7 -9.59764
14 8 -9.93422
14 9 -10.2535
14 10 -10.5605
14 11 -10.8533
14 12 -11.1362
14 13 -11.4301
14 14 -11.6978
14 15 -11.9703
14 16 -12.2286
14 17 -12.4757
14 18 -12.7336
14 19 -12.97
14 20 -13.2059
14 21 -13.4336
14 22 -13.6597
14 23 -13.8715
14 24 -14.0851
14 25 -14.2951
14 26 -14.5017
14 27 -14.702
14 28 -14.9004
14 29 -15.0942
14 30 -15.2745
14 31 -15.4629
14 32 -15.654
14 33 -15.8314
14 34 -16.0005
14 35 -16.1645
14 36 -16.3324
14 37 -16.4804
14 38 -16.634
14 39 -16.7794
14 40 -16.9161
15 -10 -8.52167
15 -9 -8.47549
15 -8 -8.43943
15 -7 -8.41391
15 -6 -8.40719
15 -5 -8.39199
15 -4 -8.37592
15 -3 -8.32386
15 -2 -8.26544
15 -1 -8.21228
15 0 -8.18531
15 1 -8.17067
15 2 -8.21
15 3 -8.36992
15 4 -8.64545
15 5 -8.94612
15 6 -9.27298
15 7 -9.61874
15 8 -9.95079
15 9 -10.269
15 10 -10.5809
15 11 -10.8825
15 12 -11.1705
15 13 -11.4615
15 14 -11.7343
15 15 -11.9988
15 16 -12.2653
15 17 -12.5117
15 18 -12.7534
15 19 -12.9971
15 20 -13.2391
15 21 -13.4556
15 22 -13.6936
15 23 -13.906
15 24 -14.1171
15 25 -14.3276
15 26 -14.533
15 27 -14.744
15 28 -14.9332
15 29 -15.1387
15 30 -15.3231
15 31 -15.5087
15 32 -15.6919
15 33 -15.8741
15 34 -16.0549
15 35 -16.2127
15 36 -16.379
15 37 -16.5229
15 38 -16.6815
15 39 -16.8274
15 40 -16.9658
16 -10 -8.54335
16 -9 -8.50782
16 -8 -8.46955
16 -7 -8.43983
16 -6 -8.42546
16 -5 -8.41009
16 -4 -8.38388
16 -3 -8.33403
16 -2 -8.29703
16 -1 -8.25952
16 0 -8.22788
16 1 -8.20569
16 2 -8.22955
16 3 -8.38906
16 4 -8.65602
16 5 -8.9637
16 6 -9.30357
16 7 -9.65227
16 8 -9.96983
16 9 -10.3063
16 10 -10.6137
16 11 -10.9293
16 12 -11.2121
16 13 -11.4931
16 14 -11.7734
16 15 -12.0456
16 16 -12.3029
16 17 -12.5554
16 18 -12.7973
16 19 -13.0356
16 20 -13.2709
16 21 -13.5073
16 22 -13.7256
16 23 -13.9422
16 24 -14.1587
16 25 -14.3673
16 26 -14.5749
16 27 -14.781
16 28 -14.9747
16 29 -15.1732
16 30 -15.3625
16 31 -15.5533
16 32 -15.7263
16 33 -15.9066
16 34 -16.0803
16 35 -16.2427
16 36 -16.4088
16 37 -16.5649
16 38 -16.7144
16 39 -16.855
16 40 -16.9979
17 -10 -8.56781
17 -9 -8.52509
17 -8 -8.49014
17 -7 -8.46017
17 -6 -8.45037
17 -5 -8.43006
17 -4 -8.41074
17 -3 -8.35622
17 -2 -8.32146
17 -1 -8.28391
17 0 -8.26192
17 1 -8.23561
17 2 -8.26109
17 3 -8.42721
17 4 -8.67525
17 5 -8.99641
17 6 -9.33692
17 7 -9.6703
17 8 -9.99824
17 9 -10.3236
17 10 -10.6464
17 11 -10.9525
17 12 -11.251
17 13 -11.538
17 14 -11.8049
17 15 -12.0837
17 16 -12.3331
17 17 -12.5918
17 18 -12.8279
17 19 -13.0662
17 20 -13.3055
17 21 -13.534
17 22 -13.7703
17 23 -13.9768
17 24 -14.1925
17 25 -14.4056
17 26 -14.6171
17 27 -14.8139
17 28 -15.0116
17 29 -15.2013
17 30 -15.3893
17 31 -15.5811
17 32 -15.7606
17 33 -15.9335
17 34 -16.1044
17 35 -16.2689
17 36 -16.4301
17 37 -16.5843
17 38 -16.7317
17 39 -16.8789
17 40 -17.0177
18 -10 -8.58522
18 -9 -8.54774
18 -8 -8.51916
18 -7 -8.49379
18 -6 -8.48186
18 -5 -8.45545
18 -4 -8.42769
18 -3 -8.3768
18 -2 -8.3349
18 -1 -8.30848
18 0 -8.28824
18 1 -8.27435
18 2 -8.28821
18 3 -8.46323
18 4 -8.72129
18 5 -9.02671
18 6 -9.36823
18 7 -9.70457
18 8 -10.0382
18 9 -10.3641
18 10 -10.6882
18 11 -10.985
18 12 -11.2806
18 13 -11.5718
18 14 -11.843
18 15 -12.11
18 16 -12.3702
18 17 -12.6199
18 18 -12.8636
18 19 -13.0984
18 20 -13.3327
18 21 -13.5595
18 22 -13.7854
18 23 -14.0073
18 24 -14.2124
18 25 -14.4268
18 26 -14.6351
18 27 -14.835
18 28 -15.0283
18 29 -15.2182
18 30 -15.4066
18 31 -15.5959
18 32 -15.7811
18 33 -15.9504
18 34 -16.1182
18 35 -16.2848
18 36 -16.4347
18 37 -16.5929
18 38 -16.7439
18 39 -16.8874
18 40 -17.0279
19 -10 -8.59824
19 -9 -8.56699
19 -8 -8.5406
19 -7 -8.51922
19 -6 -8.51299
19 -5 -8.49704
19 -4 -8.45419
19 -3 -8.39058
19 -2 -8.35266
19 -1 -8.32525
19 0 -8.30765
19 1 -8.31171
19 2 -8.32111
19 3 -8.49335
19 4 -8.74953
19 5 -9.06685
19 6 -9.39912
19 7 -9.73096
19 8 -10.0589
19 9 -10.3842
19 10 -10.708
19 11 -11.009
19 12 -11.2981
19 13 -11.594
19 14 -11.8645
19 15 -12.1239
19 16 -12.3869
19 17 -12.6317
19 18 -12.8788
19 19 -13.1168
19 20 -13.3515
19 21 -13.5731
19 22 -13.7964
19 23 -14.0219
19 24 -14.2246
19 25 -14.4384
19 26 -14.6498
19 27 -14.8548
19 28 -15.0463
19 29 -15.2408
19 30 -15.4259
19 31 -15.6118
19 32 -15.7943
19 33 -15.9621
19 34 -16.1338
19 35 -16.2976
19 36 -16.4509
19 37 -16.6028
19 38 -16.757
19 39 -16.897
19 40 -17.0473
20 -10 -8.62336
20 -9 -8.58783
20 -8 -8.57237
20 -7 -8.54283
20 -6 -8.52906
20 -5 -8.53324
20 -4 -8.4939
20 -3 -8.42391
20 -2 -8.3828
20 -1 -8.35155
20 0 -8.33788
20 1 -8.32277
20 2 -8.33942
20 3 -8.50732
20 4 -8.7643
20 5 -9.07583
20 6 -9.41568
20 7 -9.75492
20 8 -10.0747
20 9 -10.4102
20 10 -10.7252
20 11 -11.0309
20 12 -11.3293
20 13 -11.6096
20 14 -11.8861
20 15 -12.149
20 16 -12.4037
20 17 -12.6586
20 18 -12.8991
20 19 -13.1325
20 20 -13.3736
20 21 -13.5957
20 22 -13.824
20 23 -14.0393
20 24 -14.2546
20 25 -14.467
20 26 -14.6677
20 27 -14.8737
20 28 -15.0625
20 29 -15.2508
20 30 -15.4445
20 31 -15.6252
20 32 -15.8089
20 33 -15.9825
20 34 -16.1506
20 35 -16.3175
20 36 -16.4732
20 37 -16.629
20 38 -16.7782
20 39 -16.9185
20 40 -17.0627
21 -10 -8.64802
21 -9 -8.61942
21 -8 -8.59128
21 -7 -8.5774
21 -6 -8.55614
21 -5 -8.55526
21 -4 -8.51759
21 -3 -8.45197
21 -2 -8.39257
21 -1 -8.36768
21 0 -8.34802
21 1 -8.33852
21 2 -8.35695
21 3 -8.52582
21 4 -8.78942
21 5 -9.09034
21 6 -9.42859
21 7 -9.76566
21 8 -10.1111
21 9 -10.4236
21 10 -10.7429
21 11 -11.0424
21 12 -11.3454
21 13 -11.6264
21 14 -11.8947
21 15 -12.1736
21 16 -12.4252
21 17 -12.6768
21 18 -12.9196
21 19 -13.1587
21 20 -13.3928
21 21 -13.6209
21 22 -13.8462
21 23 -14.0733
21 24 -14.2842
21 25 -14.4933
21 26 -14.694
21 27 -14.8918
21 28 -15.0888
21 29 -15.2787
21 30 -15.4728
21 31 -15.6486
21 32 -15.8344
21 33 -16.0074
21 34 -16.1765
21 35 -16.3359
21 36 -16.5021
21 37 -16.6555
21 38 -16.8031
21 39 -16.9482
21 40 -17.086
22 -10 -8.68377
22 -9 -8.64432
22 -8 -8.61404
22 -7 -8.59868
22 -6 -8.57454
22 -5 -8.56552
22 -4 -8.53967
22 -3 -8.47969
22 -2 -8.42085
22 -1 -8.40217
22 0 -8.36891
22 1 -8.35499
22 2 -8.37179
22 3 -8.53948
22 4 -8.79885
22 5 -9.11405
22 6 -9.44146
22 7 -9.78715
22 8 -10.1221
22 9 -10.4477
22 10 -10.7583
22 11 -11.0698
22 12 -11.3595
22 13 -11.6493
22 14 -11.925
22 15 -12.1933
22 16 -12.4512
22 17 -12.6919
22 18 -12.9454
22 19 -13.1872
22 20 -13.4202
22 21 -13.6483
22 22 -13.8754
22 23 -14.0874
22 24 -14.3078
22 25 -14.5116
22 26 -14.7202
22 27 -14.9189
22 28 -15.1169
22 29 -15.3096
22 30 -15.4979
22 31 -15.6821
22 32 -15.8584
22 33 -16.034
22 34 -16.2042
22 35 -16.3656
22 36 -16.5328
22 37 -16.6834
22 38 -16.8325
22 39 -16.9715
22 40 -17.1162
23 -10 -8.69698
23 -9 -8.65972
23 -8 -8.62747
23 -7 -8.60647
23 -6 -8.58452
23 -5 -8.57463
23 -4 -8.56336
23 -3 -8.50297
23 -2 -8.44604
23 -1 -8.42118
23 0 -8.39613
23 1 -8.37089
23 2 -8.38869
23 3 -8.56926
23 4 -8.80927
23 5 -9.13098
23 6 -9.46574
23 7 -9.80058
23 8 -10.1352
23 9 -10.4592
23 10 -10.7784
23 11 -11.0912
23 12 -11.3793
23 13 -11.6672
23 14 -11.9413
23 15 -12.206
23 16 -12.4749
23 17 -12.7268
23 18 -12.9718
23 19 -13.2215
23 20 -13.4535
23 21 -13.6858
23 22 -13.9023
23 23 -14.1263
23 24 -14.336
23 25 -14.5417
23 26 -14.7529
23 27 -14.9519
23 28 -15.1463
23 29 -15.3374
23 30 -15.5325
23 31 -15.7085
23 32 -15.8944
23 33 -16.0677
23 34 -16.239
23 35 -16.4007
23 36 -16.5622
23 37 -16.7186
23 38 -16.8674
23 39 -17.0075
23 40 -17.1476
24 -10 -8.7114
24 -9 -8.67767
24 -8 -8.6375
24 -7 -8.6199
24 -6 -8.60258
24 -5 -8.58327
24 -4 -8.57037
24 -3 -8.51793
24 -2 -8.47028
24 -1 -8.44732
24 0 -8.43445
24 1 -8.39423
24 2 -8.40931
24 3 -8.58248
24 4 -8.84645
24 5 -9.15629
24 6 -9.48806
24 7 -9.83121
24 8 -10.1573
24 9 -10.4877
24 10 -10.7964
24 11 -11.1088
24 12 -11.3999
24 13 -11.6884
24 14 -11.9725
24 15 -12.2385
24 16 -12.4995
24 17 -12.7537
24 18 -13.0047
24 19 -13.2499
24 20 -13.4792
24 21 -13.7122
24 22 -13.932
24 23 -14.1539
24 24 -14.3626
24 25 -14.5719
24 26 -14.7735
24 27 -14.9771
24 28 -15.1705
24 29 -15.3654
24 30 -15.5465
24 31 -15.7313
24 32 -15.909
24 33 -16.0874
24 34 -16.2557
24 35 -16.4192
24 36 -16.5824
24 37 -16.7348
24 38 -16.8847
24 39 -17.0313
24 40 -17.165
25 -10 -8.73063
25 -9 -8.69438
25 -8 -8.66792
25 -7 -8.64606
25 -6 -8.63027
25 -5 -8.60242
25 -4 -8.58004
25 -3 -8.52877
25 -2 -8.49398
25 -1 -8.46824
25 0 -8.45066
25 1 -8.4168
25 2 -8.44836
25 3 -8.59919
25 4 -8.8657
25 5 -9.18605
25 6 -9.52255
25 7 -9.86116
25 8 -10.189
25 9 -10.5086
25 10 -10.8283
25 11 -11.1254
25 12 -11.424
25 13 -11.7045
25 14 -11.9927
25 15 -12.2564
25 16 -12.521
25 17 -12.7773
25 18 -13.022
25 19 -13.2688
25 20 -13.5047
25 21 -13.7325
25 22 -13.9499
25 23 -14.1676
25 24 -14.3795
25 25 -14.5899
25 26 -14.7834
25 27 -14.9866
25 28 -15.1879
25 29 -15.374
25 30 -15.5676
25 31 -15.7478
25 32 -15.9269
25 33 -16.104
25 34 -16.2735
25 35 -16.4317
25 36 -16.5957
25 37 -16.7511
25 38 -16.8985
25 39 -17.0441
25 40 -17.1784
26 -10 -8.7492
26 -9 -8.712
26 -8 -8.68167
26 -7 -8.67017
26 -6 -8.64724
26 -5 -8.62595
26 -4 -8.59462
26 -3 -8.54577
26 -2 -8.51785
26 -1 -8.48945
26 0 -8.47194
26 1 -8.43727
26 2 -8.4669
26 3 -8.62469
26 4 -8.90295
26 5 -9.21266
26 6 -9.5348
26 7 -9.86888
26 8 -10.1951
26 9 -10.5307
26 10 -10.8432
26 11 -11.138
26 12 -11.4371
26 13 -11.7166
26 14 -11.9965
26 15 -12.2756
26 16 -12.538
26 17 -12.7959
26 18 -13.0391
26 19 -13.2865
26 20 -13.5151
26 21 -13.7388
26 22 -13.9696
26 23 -14.1838
26 24 -14.3903
26 25 -14.5936
26 26 -14.7995
26 27 -14.9979
26 28 -15.1962
26 29 -15.3892
26 30 -15.5707
26 31 -15.7605
26 32 -15.9441
26 33 -16.1144
26 34 -16.286
26 35 -16.4484
26 36 -16.612
26 37 -16.7591
26 38 -16.9117
26 39 -17.0555
26 40 -17.194
27 -10 -8.75723
27 -9 -8.73325
27 -8 -8.70713
27 -7 -8.68607
27 -6 -8.68016
27 -5 -8.6583
27 -4 -8.6244
27 -3 -8.57097
27 -2 -8.53521
27 -1 -8.50514
27 0 -8.47607
27 1 -8.4521
27 2 -8.49521
27 3 -8.64272
27 4 -8.89854
27 5 -9.22127
27 6 -9.55674
27 7 -9.88883
27 8 -10.2203
27 9 -10.5381
27 10 -10.8537
27 11 -11.1549
27 12 -11.4465
27 13 -11.7349
27 14 -12.0176
27 15 -12.2861
27 16 -12.5441
27 17 -12.8029
27 18 -13.05
27 19 -13.2964
27 20 -13.529
27 21 -13.7473
27 22 -13.9737
27 23 -14.1957
27 24 -14.4101
27 25 -14.6178
27 26 -14.8173
27 27 -15.0205
27 28 -15.2135
27 29 -15.406
27 30 -15.5957
27 31 -15.7789
27 32 -15.9542
27 33 -16.1276
27 34 -16.3009
27 35 -16.4661
27 36 -16.62
27 37 -16.7772
27 38 -16.9225
27 39 -17.0677
27 40 -17.2044
28 -10 -8.77698
28 -9 -8.74149
28 -8 -8.73007
28 -7 -8.71342
28 -6 -8.70306
28 -5 -8.67077
28 -4 -8.64508
28 -3 -8.58522
28 -2 -8.55365
28 -1 -8.52135
28 0 -8.49651
28 1 -8.47018
28 2 -8.50414
28 3 -8.65621
28 4 -8.92465
28 5 -9.23189
28 6 -9.55863
28 7 -9.90797
28 8 -10.2284
28 9 -10.5579
28 10 -10.8665
28 11 -11.1607
28 12 -11.4685
28 13 -11.75
28 14 -12.0325
28 15 -12.2973
28 16 -12.5613
28 17 -12.8129
28 18 -13.0602
28 19 -13.3027
28 20 -13.5414
28 21 -13.7723
28 22 -13.9929
28 23 -14.2046
28 24 -14.4249
28 25 -14.6299
28 26 -14.8398
28 27 -15.034
28 28 -15.2293
28 29 -15.4227
28 30 -15.6084
28 31 -15.7868
28 32 -15.9739
28 33 -16.1555
28 34 -16.3154
28 35 -16.48
28 36 -16.642
28 37 -16.79
28 38 -16.9413
28 39 -17.0809
28 40 -17.2225
29 -10 -8.79441
29 -9 -8.76802
29 -8 -8.74868
29 -7 -8.72202
29 -6 -8.70858
29 -5 -8.69443
29 -4 -8.66939
29 -3 -8.61775
29 -2 -8.56705
29 -1 -8.53314
29 0 -8.50105
29 1 -8.48105
29 2 -8.51646
29 3 -8.67027
29 4 -8.93562
29 5 -9.25745
29 6 -9.57461
29 7 -9.91447
29 8 -10.2534
29 9 -10.5753
29 10 -10.8797
29 11 -11.1912
29 12 -11.474
29 13 -11.7587
29 14 -12.0378
29 15 -12.3112
29 16 -12.5714
29 17 -12.8217
29 18 -13.0709
29 19 -13.3167
29 20 -13.5494
29 21 -13.7847
29 22 -14.0098
29 23 -14.2308
29 24 -14.4428
29 25 -14.6535
29 26 -14.8565
29 27 -15.06
29 28 -15.2501
29 29 -15.4504
29 30 -15.6304
29 31 -15.815
29 32 -15.9991
29 33 -16.1694
29 34 -16.3406
29 35 -16.5052
29 36 -16.6596
29 37 -16.8114
29 38 -16.9619
29 39 -17.1026
29 40 -17.2411
30 -10 -8.80971
30 -9 -8.78257
30 -8 -8.7542
30 -7 -8.73312
30 -6 -8.71298
30 -5 -8.70841
30 -4 -8.68032
30 -3 -8.63295
30 -2 -8.5888
30 -1 -8.55083
30 0 -8.51235
30 1 -8.49254
30 2 -8.52853
30 3 -8.68988
30 4 -8.96167
30 5 -9.27473
30 6 -9.60925
30 7 -9.93542
30 8 -10.2635
30 9 -10.5853
30 10 -10.9022
30 11 -11.2047
30 12 -11.4953
30 13 -11.7814
30 14 -12.0586
30 15 -12.3304
30 16 -12.5834
30 17 -12.8431
30 18 -13.0867
30 19 -13.3282
30 20 -13.5651
30 21 -13.801
30 22 -14.0284
30 23 -14.2494
30 24 -14.4657
30 25 -14.6757
30 26 -14.8864
30 27 -15.0808
30 28 -15.2752
30 29 -15.4726
30 30 -15.6548
30 31 -15.8389
30 32 -16.0127
30 33 -16.1887
30 34 -16.3617
30 35 -16.5264
30 36 -16.682
30 37 -16.832
30 38 -16.981
30 39 -17.1201
30 40 -17.2625
31 -10 -8.82984
31 -9 -8.79415
31 -8 -8.76627
31 -7 -8.74055
31 -6 -8.72686
31 -5 -8.71194
31 -4 -8.69107
31 -3 -8.64203
31 -2 -8.59886
31 -1 -8.57483
31 0 -8.53153
31 1 -8.50774
31 2 -8.54436
31 3 -8.70659
31 4 -8.97375
31 5 -9.28413
31 6 -9.61711
31 7 -9.96193
31 8 -10.2856
31 9 -10.6079
31 10 -10.9188
31 11 -11.23
31 12 -11.5193
31 13 -11.8015
31 14 -12.074
31 15 -12.3407
31 16 -12.6045
31 17 -12.8571
31 18 -13.1149
31 19 -13.3482
31 20 -13.5855
31 21 -13.8187
31 22 -14.047
31 23 -14.2728
31 24 -14.4918
31 25 -14.6924
31 26 -14.9041
31 27 -15.1012
31 28 -15.2998
31 29 -15.4879
31 30 -15.6714
31 31 -15.8518
31 32 -16.034
31 33 -16.2094
31 34 -16.3788
31 35 -16.5404
31 36 -16.7037
31 37 -16.8484
31 38 -17.0014
31 39 -17.1462
31 40 -17.2851
32 -10 -8.83446
32 -9 -8.80716
32 -8 -8.77884
32 -7 -8.75569
32 -6 -8.73111
32 -5 -8.72221
32 -4 -8.70257
32 -3 -8.65142
32 -2 -8.61524
32 -1 -8.59177
32 0 -8.54621
32 1 -8.52697
32 2 -8.55749
32 3 -8.72405
32 4 -8.99095
32 5 -9.3031
32 6 -9.63665
32 7 -9.96966
32 8 -10.3166
32 9 -10.6331
32 10 -10.9454
32 11 -11.2446
32 12 -11.5408
32 13 -11.8235
32 14 -12.0996
32 15 -12.3662
32 16 -12.626
32 17 -12.8808
32 18 -13.129
32 19 -13.3659
32 20 -13.6009
32 21 -13.838
32 22 -14.0612
32 23 -14.2855
32 24 -14.5006
32 25 -14.7119
32 26 -14.9133
32 27 -15.1164
32 28 -15.3094
32 29 -15.4978
32 30 -15.6923
32 31 -15.8741
32 32 -16.0518
32 33 -16.219
32 34 -16.3944
32 35 -16.5509
32 36 -16.7151
32 37 -16.868
32 38 -17.0157
32 39 -17.1565
32 40 -17.2938
33 -10 -8.85071
33 -9 -8.81912
33 -8 -8.79713
33 -7 -8.77277
33 -6 -8.74461
33 -5 -8.74002
33 -4 -8.71593
33 -3 -8.66675
33 -2 -8.62216
33 -1 -8.59897
33 0 -8.56108
33 1 -8.54242
33 2 -8.57591
33 3 -8.74991
33 4 -8.99655
33 5 -9.32777
33 6 -9.67257
33 7 -10.0023
33 8 -10.3296
33 9 -10.6589
33 10 -10.9704
33 11 -11.26
33 12 -11.5536
33 13 -11.8354
33 14 -12.1055
33 15 -12.3749
33 16 -12.6343
33 17 -12.8875
33 18 -13.1412
33 19 -13.3805
33 20 -13.6221
33 21 -13.8508
33 22 -14.0774
33 23 -14.2993
33 24 -14.5142
33 25 -14.7226
33 26 -14.9296
33 27 -15.1288
33 28 -15.3221
33 29 -15.5152
33 30 -15.7039
33 31 -15.8831
33 32 -16.0653
33 33 -16.2349
33 34 -16.4039
33 35 -16.5685
33 36 -16.7295
33 37 -16.8821
33 38 -17.0288
33 39 -17.1741
33 40 -17.3153
34 -10 -8.863
34 -9 -8.83306
34 -8 -8.81165
34 -7 -8.79173
34 -6 -8.7603
34 -5 -8.74645
34 -4 -8.72751
34 -3 -8.68684
34 -2 -8.64008
34 -1 -8.61021
34 0 -8.58373
34 1 -8.56615
34 2 -8.59545
34 3 -8.76311
34 4 -9.02709
34 5 -9.34369
34 6 -9.68603
34 7 -10.0061
34 8 -10.3415
34 9 -10.666
34 10 -10.9737
34 11 -11.2813
34 12 -11.5695
34 13 -11.8517
34 14 -12.1269
34 15 -12.3861
34 16 -12.6506
34 17 -12.9048
34 18 -13.1482
34 19 -13.3966
34 20 -13.6344
34 21 -13.8619
34 22 -14.0863
34 23 -14.3035
34 24 -14.5153
34 25 -14.7355
34 26 -14.9321
34 27 -15.1417
34 28 -15.3336
34 29 -15.5289
34 30 -15.7107
34 31 -15.8928
34 32 -16.0701
34 33 -16.2439
34 34 -16.4123
34 35 -16.5732
34 36 -16.737
34 37 -16.8924
34 38 -17.041
34 39 -17.1836
34 40 -17.325
35 -10 -8.87771
35 -9 -8.84998
35 -8 -8.8223
35 -7 -8.80314
35 -6 -8.77392
35 -5 -8.77327
35 -4 -8.73906
35 -3 -8.69499
35 -2 -8.6614
35 -1 -8.62725
35 0 -8.59497
35 1 -8.58464
35 2 -8.60945
35 3 -8.77774
35 4 -9.0351
35 5 -9.3458
35 6 -9.67169
35 7 -10.0156
35 8 -10.3486
35 9 -10.6728
35 10 -10.9791
35 11 -11.2809
35 12 -11.5748
35 13 -11.8634
35 14 -12.1364
35 15 -12.4057
35 16 -12.6588
35 17 -12.9194
35 18 -13.1658
35 19 -13.4109
35 20 -13.6401
35 21 -13.8697
35 22 -14.0939
35 23 -14.315
35 24 -14.5341
35 25 -14.7417
35 26 -14.9442
35 27 -15.1466
35 28 -15.3431
35 29 -15.5343
35 30 -15.7158
35 31 -15.9114
35 32 -16.0823
35 33 -16.2571
35 34 -16.4291
35 35 -16.5887
35 36 -16.7474
35 37 -16.9096
35 38 -17.0543
35 39 -17.2025
35 40 -17.3375
36 -10 -8.88687
36 -9 -8.86242
36 -8 -8.8369
36 -7 -8.81084
36 -6 -8.79781
36 -5 -8.78335
36 -4 -8.76168
36 -3 -8.70862
36 -2 -8.67404
36 -1 -8.63224
36 0 -8.60215
36 1 -8.5915
36 2 -8.61493
36 3 -8.78488
36 4 -9.04314
36 5 -9.35783
36 6 -9.68704
36 7 -10.0156
36 8 -10.3558
36 9 -10.6773
36 10 -10.9919
36 11 -11.2946
36 12 -11.586
36 13 -11.8688
36 14 -12.1474
36 15 -12.4188
36 16 -12.6788
36 17 -12.9333
36 18 -13.1788
36 19 -13.4197
36 20 -13.6536
36 21 -13.8746
36 22 -14.107
36 23 -14.3185
36 24 -14.5338
36 25 -14.7458
36 26 -14.9542
36 27 -15.1552
36 28 -15.3463
36 29 -15.5424
36 30 -15.7354
36 31 -15.9228
36 32 -16.105
36 33 -16.2747
36 34 -16.4422
36 35 -16.6054
36 36 -16.7666
36 37 -16.9231
36 38 -17.0713
36 39 -17.2164
36 40 -17.3502
37 -10 -8.89965
37 -9 -8.86761
37 -8 -8.84572
37 -7 -8.82255
37 -6 -8.80836
37 -5 -8.79976
37 -4 -8.77849
37 -3 -8.7225
37 -2 -8.68425
37 -1 -8.63186
37 0 -8.61527
37 1 -8.59161
37 2 -8.63429
37 3 -8.79716
37 4 -9.04831
37 5 -9.35939
37 6 -9.69751
37 7 -10.0264
37 8 -10.3647
37 9 -10.6912
37 10 -11.0054
37 11 -11.3071
37 12 -11.606
37 13 -11.8866
37 14 -12.1597
37 15 -12.4255
37 16 -12.6902
37 17 -12.941
37 18 -13.1825
37 19 -13.4275
37 20 -13.664
37 21 -13.8952
37 22 -14.1131
37 23 -14.3294
37 24 -14.5504
37 25 -14.7625
37 26 -14.9606
37 27 -15.1613
37 28 -15.3578
37 29 -15.5527
37 30 -15.7496
37 31 -15.9341
37 32 -16.1136
37 33 -16.2893
37 34 -16.4572
37 35 -16.6224
37 36 -16.7837
37 37 -16.9376
37 38 -17.0857
37 39 -17.2314
37 40 -17.3651
38 -10 -8.90918
38 -9 -8.87782
38 -8 -8.84366
38 -7 -8.82921
38 -6 -8.81864
38 -5 -8.80805
38 -4 -8.78383
38 -3 -8.74331
38 -2 -8.6978
38 -1 -8.65005
38 0 -8.62325
38 1 -8.60804
38 2 -8.64709
38 3 -8.80674
38 4 -9.06721
38 5 -9.38148
38 6 -9.70948
38 7 -10.0476
38 8 -10.3894
38 9 -10.7143
38 10 -11.0268
38 11 -11.3221
38 12 -11.6173
38 13 -11.8997
38 14 -12.1749
38 15 -12.4458
38 16 -12.7024
38 17 -12.9539
38 18 -13.2051
38 19 -13.4363
38 20 -13.6675
38 21 -13.9031
38 22 -14.1229
38 23 -14.3396
38 24 -14.5598
38 25 -14.7667
38 26 -14.9766
38 27 -15.1752
38 28 -15.3837
38 29 -15.5698
38 30 -15.7557
38 31 -15.9461
38 32 -16.1252
38 33 -16.3003
38 34 -16.4729
38 35 -16.6351
38 36 -16.7952
38 37 -16.9452
38 38 -17.096
38 39 -17.2392
38 40 -17.3759
39 -10 -8.90412
39 -9 -8.87939
39 -8 -8.84857
39 -7 -8.83288
39 -6 -8.82603
39 -5 -8.80941
39 -4 -8.79115
39 -3 -8.7534
39 -2 -8.70316
39 -1 -8.65984
39 0 -8.63402
39 1 -8.61662
39 2 -8.66689
39 3 -8.82425
39 4 -9.0889
39 5 -9.40879
39 6 -9.73216
39 7 -10.0735
39 8 -10.4014
39 9 -10.7191
39 10 -11.0383
39 11 -11.3448
39 12 -11.6299
39 13 -11.9145
39 14 -12.1853
39 15 -12.4472
39 16 -12.7123
39 17 -12.9691
39 18 -13.212
39 19 -13.4506
39 20 -13.6799
39 21 -13.9116
39 22 -14.1349
39 23 -14.3543
39 24 -14.57
39 25 -14.7868
39 26 -14.9928
39 27 -15.1915
39 28 -15.3901
39 29 -15.5826
39 30 -15.7659
39 31 -15.9568
39 32 -16.1395
39 33 -16.3129
39 34 -16.48
39 35 -16.6451
39 36 -16.8066
39 37 -16.9546
39 38 -17.1086
39 39 -17.2504
39 40 -17.3913
40 -10 -8.91182
40 -9 -8.89097
40 -8 -8.85208
40 -7 -8.83873
40 -6 -8.82138
40 -5 -8.82424
40 -4 -8.80032
40 -3 -8.75169
40 -2 -8.71145
40 -1 -8.68089
40 0 -8.64888
40 1 -8.63641
40 2 -8.66685
40 3 -8.8402
40 4 -9.10969
40 5 -9.41341
40 6 -9.74886
40 7 -10.0856
40 8 -10.4174
40 9 -10.7335
40 10 -11.0533
40 11 -11.3533
40 12 -11.6457
40 13 -11.9322
40 14 -12.2069
40 15 -12.4699
40 16 -12.7275
40 17 -12.9819
40 18 -13.2233
40 19 -13.4561
40 20 -13.6962
40 21 -13.9204
40 22 -14.1485
40 23 -14.3634
40 24 -14.5837
40 25 -14.7931
40 26 -14.9979
40 27 -15.1965
40 28 -15.3987
40 29 -15.5894
40 30 -15.7771
40 31 -15.9626
40 32 -16.145
40 33 -16.3215
40 34 -16.4914
40 35 -16.6581
40 36 -16.8178
40 37 -16.9646
40 38 -17.1164
40 39 -17.2612
40 40 -17.4017
