-10 -10 -10.22
-10 -9 -10.2117
-10 -8 -10.1742
-10 -7 -10.1402
-10 -6 -10.1394
-10 -5 -10.1212
-10 -4 -10.1171
-10 -3 -10.1018
-10 -2 -10.0958
-10 -1 -10.0644
-10 0 -10.0222
-10 1 -10.0075
-10 2 -10.0422
-10 3 -10.2392
-10 4 -10.5126
-10 5 -10.8349
-10 6 -11.1656
-10 7 -11.4906
-10 8 -11.8045
-10 9 -12.1175
-10 10 -12.4378
-10 11 -12.7361
-10 12 -13.029
-10 13 -13.3015
-10 14 -13.5914
-10 15 -13.85
-10 16 -14.1007
-10 17 -14.3655
-10 18 -14.6094
-10 19 -14.8412
-10 20 -15.0751
-10 21 -15.31
-10 22 -15.5285
-10 23 -15.7321
-10 24 -15.952
-10 25 -16.1496
-10 26 -16.3402
-10 27 -16.5303
-10 28 -16.7125
-10 29 -16.8754
-10 30 -17.0519
-10 31 -17.1997
-10 32 -17.3532
-10 33 -17.4927
-10 34 -17.6253
-10 35 -17.7618
-10 36 -17.8873
-10 37 -18.0202
-10 38 -18.1479
-10 39 -18.2664
-10 40 -18.3869
-9 -10 -10.2053
-9 -9 -10.168
-9 -8 -10.1522
-9 -7 -10.1363
-9 -6 -10.13
-9 -5 -10.1316
-9 -4 -10.0948
-9 -3 -10.0857
-9 -2 -10.0586
-9 -1 -10.0291
-9 0 -10.0004
-9 1 -9.99842
-9 2 -10.0646
-9 3 -10.2448
-9 4 -10.5
-9 5 -10.8292
-9 6 -11.1551
-9 7 -11.4743
-9 8 -11.7926
-9 9 -12.1178
-9 10 -12.4228
-9 11 -12.7211
-9 12 -13.0191
-9 13 -13.2966
-9 14 -13.5642
-9 15 -13.8307
-9 16 -14.0881
-9 17 -14.335
-9 18 -14.5816
-9 19 -14.83
-9 20 -15.0537
-9 21 -15.2671
-9 22 -15.4925
-9 23 -15.7044
-9 24 -15.9095
-9 25 -16.1151
-9 26 -16.3085
-9 27 -16.4953
-9 28 -16.6642
-9 29 -16.8477
-9 30 -17.0042
-9 31 -17.1717
-9 32 -17.3206
-9 33 -17.4551
-9 34 -17.6008
-9 35 -17.7306
-9 36 -17.8612
-9 37 -17.9957
-9 38 -18.1103
-9 39 -18.2478
-9 40 -18.3564
-8 -10 -10.1691
-8 -9 -10.1414
-8 -8 -10.1306
-8 -7 -10.1303
-8 -6 -10.1198
-8 -5 -10.1012
-8 -4 -10.0845
-8 -3 -10.0526
-8 -2 -10.0239
-8 -1 -10.0124
-8 0 -9.98977
-8 1 -9.99374
-8 2 -10.0415
-8 3 -10.2124
-8 4 -10.4752
-8 5 -10.8028
-8 6 -11.1244
-8 7 -11.4517
-8 8 -11.7952
-8 9 -12.1072
-8 10 -12.4153
-8 11 -12.7146
-8 12 -13.0067
-8 13 -13.2937
-8 14 -13.5766
-8 15 -13.8311
-8 16 -14.0861
-8 17 -14.3403
-8 18 -14.5762
-8 19 -14.8079
-8 20 -15.0406
-8 21 -15.263
-8 22 -15.472
-8 23 -15.6858
-8 24 -15.886
-8 25 -16.0861
-8 26 -16.2761
-8 27 -16.4635
-8 28 -16.6452
-8 29 -16.8123
-8 30 -16.9801
-8 31 -17.1313
-8 32 -17.2877
-8 33 -17.4323
-8 34 -17.5725
-8 35 -17.7016
-8 36 -17.8372
-8 37 -17.9621
-8 38 -18.089
-8 39 -18.214
-8 40 -18.3408
-7 -10 -10.1438
-7 -9 -10.1368
-7 -8 -10.1278
-7 -7 -10.1256
-7 -6 -10.1139
-7 -5 -10.0874
-7 -4 -10.0575
-7 -3 -10.0233
-7 -2 -10.0138
-7 -1 -9.99641
-7 0 -9.99161
-7 1 -9.95839
-7 2 -9.99489
-7 3 -10.1723
-7 4 -10.4376
-7 5 -10.744
-7 6 -11.0762
-7 7 -11.4174
-7 8 -11.7481
-7 9 -12.0602
-7 10 -12.3761
-7 11 -12.7066
-7 12 -13.0018
-7 13 -13.2779
-7 14 -13.5633
-7 15 -13.83
-7 16 -14.0904
-7 17 -14.3453
-7 18 -14.5764
-7 19 -14.8112
-7 20 -15.0473
-7 21 -15.2688
-7 22 -15.4705
-7 23 -15.676
-7 24 -15.8774
-7 25 -16.0801
-7 26 -16.2629
-7 27 -16.4511
-7 28 -16.6258
-7 29 -16.7949
-7 30 -16.9635
-7 31 -17.121
-7 32 -17.2661
-7 33 -17.4203
-7 34 -17.5483
-7 35 -17.6797
-7 36 -17.8131
-7 37 -17.9418
-7 38 -18.0696
-7 39 -18.1845
-7 40 -18.3043
-6 -10 -10.1264
-6 -9 -10.1256
-6 -8 -10.1226
-6 -7 -10.118
-6 -6 -10.1007
-6 -5 -10.0663
-6 -4 -10.0343
-6 -3 -10.0163
-6 -2 -9.99705
-6 -1 -9.98155
-6 0 -9.96265
-6 1 -9.92246
-6 2 -9.96623
-6 3 -10.1316
-6 4 -10.4061
-6 5 -10.7044
-6 6 -11.0512
-6 7 -11.392
-6 8 -11.6987
-6 9 -12.0229
-6 10 -12.3368
-6 11 -12.6441
-6 12 -12.9408
-6 13 -13.2316
-6 14 -13.5303
-6 15 -13.7901
-6 16 -14.0838
-6 17 -14.3203
-6 18 -14.5676
-6 19 -14.8142
-6 20 -15.0412
-6 21 -15.2529
-6 22 -15.4694
-6 23 -15.6791
-6 24 -15.8785
-6 25 -16.0724
-6 26 -16.261
-6 27 -16.4381
-6 28 -16.6159
-6 29 -16.7847
-6 30 -16.946
-6 31 -17.1046
-6 32 -17.2607
-6 33 -17.4037
-6 34 -17.5323
-6 35 -17.6667
-6 36 -17.8051
-6 37 -17.9416
-6 38 -18.0597
-6 39 -18.18
-6 40 -18.3069
-5 -10 -10.1363
-5 -9 -10.1356
-5 -8 -10.1266
-5 -7 -10.098
-5 -6 -10.0639
-5 -5 -10.0273
-5 -4 -10.0177
-5 -3 -10.0073
-5 -2 -9.99852
-5 -1 -9.98482
-5 0 -9.9375
-5 1 -9.89036
-5 2 -9.94828
-5 3 -10.1281
-5 4 -10.4112
-5 5 -10.7043
-5 6 -11.0418
-5 7 -11.3503
-5 8 -11.6829
-5 9 -12.0015
-5 10 -12.3259
-5 11 -12.6099
-5 12 -12.9204
-5 13 -13.1955
-5 14 -13.4777
-5 15 -13.7606
-5 16 -14.033
-5 17 -14.2837
-5 18 -14.5483
-5 19 -14.7911
-5 20 -15.0236
-5 21 -15.247
-5 22 -15.4512
-5 23 -15.6713
-5 24 -15.8717
-5 25 -16.0686
-5 26 -16.2652
-5 27 -16.4396
-5 28 -16.6151
-5 29 -16.7871
-5 30 -16.9489
-5 31 -17.0985
-5 32 -17.2529
-5 33 -17.3951
-5 34 -17.5341
-5 35 -17.6618
-5 36 -17.7883
-5 37 -17.9171
-5 38 -18.0486
-5 39 -18.172
-5 40 -18.287
-4 -10 -10.1392
-4 -9 -10.1374
-4 -8 -10.107
-4 -7 -10.0816
-4 -6 -10.0498
-4 -5 -10.0383
-4 -4 -10.0137
-4 -3 -9.99776
-4 -2 -9.97526
-4 -1 -9.93962
-4 0 -9.90197
-4 1 -9.88237
-4 2 -9.93893
-4 3 -10.1208
-4 4 -10.3992
-4 5 -10.7049
-4 6 -11.0396
-4 7 -11.358
-4 8 -11.6699
-4 9 -12.006
-4 10 -12.3049
-4 11 -12.6065
-4 12 -12.9031
-4 13 -13.2013
-4 14 -13.463
-4 15 -13.7373
-4 16 -14.0057
-4 17 -14.2628
-4 18 -14.5143
-4 19 -14.759
-4 20 -14.9828
-4 21 -15.2254
-4 22 -15.445
-4 23 -15.663
-4 24 -15.8632
-4 25 -16.068
-4 26 -16.2474
-4 27 -16.4398
-4 28 -16.6132
-4 29 -16.7883
-4 30 -16.9481
-4 31 -17.1022
-4 32 -17.2556
-4 33 -17.3905
-4 34 -17.5217
-4 35 -17.654
-4 36 -17.7914
-4 37 -17.9144
-4 38 -18.0446
-4 39 -18.1642
-4 40 -18.293
-3 -10 -10.1549
-3 -9 -10.1332
-3 -8 -10.1136
-3 -7 -10.079
-3 -6 -10.0479
-3 -5 -10.0391
-3 -4 -10.0224
-3 -3 -9.99545
-3 -2 -9.95049
-3 -1 -9.91869
-3 0 -9.89241
-3 1 -9.8869
-3 2 -9.93339
-3 3 -10.1322
-3 4 -10.402
-3 5 -10.7083
-3 6 -11.0379
-3 7 -11.3763
-3 8 -11.6951
-3 9 -12.0264
-3 10 -12.3102
-3 11 -12.6147
-3 12 -12.9088
-3 13 -13.1885
-3 14 -13.4595
-3 15 -13.7239
-3 16 -13.9956
-3 17 -14.2413
-3 18 -14.4915
-3 19 -14.7258
-3 20 -14.9677
-3 21 -15.2039
-3 22 -15.4299
-3 23 -15.6356
-3 24 -15.8377
-3 25 -16.0444
-3 26 -16.2355
-3 27 -16.4327
-3 28 -16.6125
-3 29 -16.7786
-3 30 -16.9462
-3 31 -17.0998
-3 32 -17.2495
-3 33 -17.3881
-3 34 -17.5245
-3 35 -17.653
-3 36 -17.7862
-3 37 -17.9124
-3 38 -18.035
-3 39 -18.1617
-3 40 -18.2782
-2 -10 -10.1661
-2 -9 -10.1251
-2 -8 -10.1056
-2 -7 -10.0818
-2 -6 -10.0691
-2 -5 -10.0684
-2 -4 -10.0283
-2 -3 -9.99457
-2 -2 -9.9504
-2 -1 -9.92212
-2 0 -9.91178
-2 1 -9.89282
-2 2 -9.92249
-2 3 -10.1007
-2 4 -10.3876
-2 5 -10.6894
-2 6 -11.02
-2 7 -11.3516
-2 8 -11.6849
-2 9 -12.0161
-2 10 -12.3308
-2 11 -12.6245
-2 12 -12.9119
-2 13 -13.196
-2 14 -13.4664
-2 15 -13.7301
-2 16 -13.9891
-2 17 -14.2397
-2 18 -14.4809
-2 19 -14.7255
-2 20 -14.9587
-2 21 -15.1868
-2 22 -15.4213
-2 23 -15.6174
-2 24 -15.8463
-2 25 -16.0403
-2 26 -16.2408
-2 27 -16.418
-2 28 -16.6072
-2 29 -16.7786
-2 30 -16.9458
-2 31 -17.0973
-2 32 -17.262
-2 33 -17.394
-2 34 -17.5271
-2 35 -17.6583
-2 36 -17.7801
-2 37 -17.9102
-2 38 -18.032
-2 39 -18.1541
-2 40 -18.2816
-1 -10 -10.155
-1 -9 -10.1295
-1 -8 -10.1014
-1 -7 -10.0798
-1 -6 -10.0638
-1 -5 -10.0615
-1 -4 -10.0064
-1 -3 -9.98569
-1 -2 -9.95347
-1 -1 -9.92808
-1 0 -9.91114
-1 1 -9.889
-1 2 -9.88551
-1 3 -10.0608
-1 4 -10.3373
-1 5 -10.6848
-1 6 -11.0199
-1 7 -11.3472
-1 8 -11.6741
-1 9 -12.0021
-1 10 -12.3462
-1 11 -12.6356
-1 12 -12.9384
-1 13 -13.2177
-1 14 -13.49
-1 15 -13.7535
-1 16 -14.0078
-1 17 -14.2501
-1 18 -14.5009
-1 19 -14.7292
-1 20 -14.9701
-1 21 -15.1984
-1 22 -15.4067
-1 23 -15.6221
-1 24 -15.828
-1 25 -16.033
-1 26 -16.2362
-1 27 -16.4206
-1 28 -16.6082
-1 29 -16.7826
-1 30 -16.9441
-1 31 -17.1094
-1 32 -17.2549
-1 33 -17.4021
-1 34 -17.5347
-1 35 -17.6736
-1 36 -17.7983
-1 37 -17.9224
-1 38 -18.0494
-1 39 -18.1836
-1 40 -18.2932
0 -10 -10.1508
0 -9 -10.1338
0 -8 -10.1247
0 -7 -10.1057
0 -6 -10.0893
0 -5 -10.0548
0 -4 -10.0066
0 -3 -9.96511
0 -2 -9.96425
0 -1 -9.95642
0 0 -9.95417
0 1 -9.88465
0 2 -9.88019
0 3 -10.0489
0 4 -10.3403
0 5 -10.6517
0 6 -10.9868
0 7 -11.3341
0 8 -11.6605
0 9 -11.9882
0 10 -12.332
0 11 -12.6625
0 12 -12.9551
0 13 -13.2333
0 14 -13.5265
0 15 -13.777
0 16 -14.0358
0 17 -14.2836
0 18 -14.519
0 19 -14.7606
0 20 -14.9943
0 21 -15.2016
0 22 -15.4276
0 23 -15.6373
0 24 -15.8567
0 25 -16.0496
0 26 -16.2427
0 27 -16.4372
0 28 -16.6288
0 29 -16.7936
0 30 -16.9553
0 31 -17.1217
0 32 -17.2734
0 33 -17.4175
0 34 -17.5444
0 35 -17.6945
0 36 -17.8228
0 37 -17.9392
0 38 -18.0678
0 39 -18.1999
0 40 -18.3123
1 -10 -10.1593
1 -9 -10.147
1 -8 -10.1394
1 -7 -10.1358
1 -6 -10.1288
1 -5 -10.0619
1 -4 -10.0223
1 -3 -9.98807
1 -2 -9.9993
1 -1 -9.97993
1 0 -9.96064
1 1 -9.87683
1 2 -9.87984
1 3 -10.0782
1 4 -10.3632
1 5 -10.6893
1 6 -11.0134
1 7 -11.3426
1 8 -11.6806
1 9 -12.0315
1 10 -12.3683
1 11 -12.6776
1 12 -12.9754
1 13 -13.2651
1 14 -13.5548
1 15 -13.8391
1 16 -14.088
1 17 -14.3354
1 18 -14.5647
1 19 -14.8131
1 20 -15.03
1 21 -15.2659
1 22 -15.4805
1 23 -15.6871
1 24 -15.8851
1 25 -16.0854
1 26 -16.279
1 27 -16.4755
1 28 -16.6485
1 29 -16.8192
1 30 -16.9926
1 31 -17.1575
1 32 -17.3105
1 33 -17.4492
1 34 -17.5838
1 35 -17.7174
1 36 -17.8606
1 37 -17.9811
1 38 -18.1048
1 39 -18.2182
1 40 -18.3496
2 -10 -10.21
2 -9 -10.2043
2 -8 -10.1874
2 -7 -10.1801
2 -6 -10.159
2 -5 -10.1138
2 -4 -10.0688
2 -3 -10.0565
2 -2 -10.0381
2 -1 -10.0325
2 0 -10.0195
2 1 -9.95911
2 2 -9.96205
2 3 -10.1248
2 4 -10.3963
2 5 -10.7226
2 6 -11.0612
2 7 -11.3909
2 8 -11.7184
2 9 -12.066
2 10 -12.409
2 11 -12.7181
2 12 -13.0272
2 13 -13.3258
2 14 -13.6081
2 15 -13.8823
2 16 -14.1301
2 17 -14.3858
2 18 -14.6211
2 19 -14.8546
2 20 -15.0863
2 21 -15.2987
2 22 -15.5198
2 23 -15.7355
2 24 -15.9309
2 25 -16.1367
2 26 -16.3264
2 27 -16.5234
2 28 -16.696
2 29 -16.8882
2 30 -17.0379
2 31 -17.2087
2 32 -17.3545
2 33 -17.5017
2 34 -17.6412
2 35 -17.7748
2 36 -17.9008
2 37 -18.0397
2 38 -18.1608
2 39 -18.2829
2 40 -18.4017
3 -10 -10.2691
3 -9 -10.259
3 -8 -10.2463
3 -7 -10.2252
3 -6 -10.2184
3 -5 -10.1773
3 -4 -10.1339
3 -3 -10.1024
3 -2 -10.0901
3 -1 -10.0653
3 0 -10.0275
3 1 -10.0318
3 2 -10.0248
3 3 -10.2073
3 4 -10.4691
3 5 -10.7942
3 6 -11.1029
3 7 -11.4663
3 8 -11.8204
3 9 -12.13
3 10 -12.4599
3 11 -12.7774
3 12 -13.0728
3 13 -13.3718
3 14 -13.6419
3 15 -13.921
3 16 -14.1807
3 17 -14.4308
3 18 -14.6658
3 19 -14.8993
3 20 -15.1209
3 21 -15.3511
3 22 -15.5601
3 23 -15.7736
3 24 -15.9865
3 25 -16.1803
3 26 -16.3798
3 27 -16.5614
3 28 -16.7555
3 29 -16.9369
3 30 -17.0947
3 31 -17.2614
3 32 -17.4068
3 33 -17.557
3 34 -17.6956
3 35 -17.8275
3 36 -17.96
3 37 -18.0886
3 38 -18.2218
3 39 -18.3401
3 40 -18.4595
4 -10 -10.3286
4 -9 -10.2995
4 -8 -10.2916
4 -7 -10.2611
4 -6 -10.2357
4 -5 -10.219
4 -4 -10.1816
4 -3 -10.165
4 -2 -10.1263
4 -1 -10.0905
4 0 -10.0673
4 1 -10.0474
4 2 -10.092
4 3 -10.2704
4 4 -10.5524
4 5 -10.8824
4 6 -11.2117
4 7 -11.5424
4 8 -11.8697
4 9 -12.1893
4 10 -12.5001
4 11 -12.8085
4 12 -13.1167
4 13 -13.4034
4 14 -13.6726
4 15 -13.9417
4 16 -14.2029
4 17 -14.4668
4 18 -14.7134
4 19 -14.9423
4 20 -15.169
4 21 -15.3847
4 22 -15.6091
4 23 -15.8156
4 24 -16.0267
4 25 -16.2309
4 26 -16.4219
4 27 -16.6126
4 28 -16.7967
4 29 -16.9844
4 30 -17.1412
4 31 -17.3139
4 32 -17.4545
4 33 -17.5958
4 34 -17.7557
4 35 -17.8741
4 36 -18.0117
4 37 -18.1368
4 38 -18.2645
4 39 -18.3839
4 40 -18.4977
5 -10 -10.3845
5 -9 -10.3646
5 -8 -10.3267
5 -7 -10.3034
5 -6 -10.2616
5 -5 -10.2633
5 -4 -10.2565
5 -3 -10.2235
5 -2 -10.1948
5 -1 -10.1329
5 0 -10.0877
5 1 -10.0764
5 2 -10.1355
5 3 -10.3237
5 4 -10.586
5 5 -10.9041
5 6 -11.2441
5 7 -11.5799
5 8 -11.8863
5 9 -12.2234
5 10 -12.5281
5 11 -12.8341
5 12 -13.1219
5 13 -13.4204
5 14 -13.7
5 15 -13.9686
5 16 -14.2417
5 17 -14.5062
5 18 -14.7529
5 19 -14.9852
5 20 -15.2133
5 21 -15.4462
5 22 -15.6681
5 23 -15.8827
5 24 -16.1011
5 25 -16.2919
5 26 -16.4882
5 27 -16.6829
5 28 -16.8638
5 29 -17.0434
5 30 -17.2048
5 31 -17.3644
5 32 -17.5159
5 33 -17.6634
5 34 -17.7908
5 35 -17.9353
5 36 -18.0554
5 37 -18.1864
5 38 -18.308
5 39 -18.4263
5 40 -18.5445
6 -10 -10.4163
6 -9 -10.401
6 -8 -10.3776
6 -7 -10.3458
6 -6 -10.3073
6 -5 -10.2868
6 -4 -10.2811
6 -3 -10.2753
6 -2 -10.2499
6 -1 -10.1967
6 0 -10.135
6 1 -10.1134
6 2 -10.1608
6 3 -10.3614
6 4 -10.6433
6 5 -10.9459
6 6 -11.2721
6 7 -11.6082
6 8 -11.9351
6 9 -12.2571
6 10 -12.5691
6 11 -12.8639
6 12 -13.1533
6 13 -13.469
6 14 -13.7415
6 15 -14.0196
6 16 -14.2972
6 17 -14.5431
6 18 -14.8053
6 19 -15.0471
6 20 -15.2827
6 21 -15.507
6 22 -15.7243
6 23 -15.9506
6 24 -16.164
6 25 -16.3613
6 26 -16.5589
6 27 -16.747
6 28 -16.9244
6 29 -17.0932
6 30 -17.2549
6 31 -17.4171
6 32 -17.5659
6 33 -17.7047
6 34 -17.8437
6 35 -17.9748
6 36 -18.0996
6 37 -18.2237
6 38 -18.3427
6 39 -18.4623
6 40 -18.5812
7 -10 -10.4647
7 -9 -10.4556
7 -8 -10.4428
7 -7 -10.4076
7 -6 -10.3677
7 -5 -10.3334
7 -4 -10.3205
7 -3 -10.3177
7 -2 -10.3039
7 -1 -10.251
7 0 -10.1939
7 1 -10.16
7 2 -10.2053
7 3 -10.3937
7 4 -10.6632
7 5 -10.9896
7 6 -11.3153
7 7 -11.6425
7 8 -11.9684
7 9 -12.2901
7 10 -12.6201
7 11 -12.9066
7 12 -13.2141
7 13 -13.5103
7 14 -13.7877
7 15 -14.0787
7 16 -14.3453
7 17 -14.6075
7 18 -14.8617
7 19 -15.1132
7 20 -15.3519
7 21 -15.5793
7 22 -15.8036
7 23 -16.0119
7 24 -16.2209
7 25 -16.4078
7 26 -16.6032
7 27 -16.7803
7 28 -16.9625
7 29 -17.1325
7 30 -17.2923
7 31 -17.4478
7 32 -17.5961
7 33 -17.7468
7 34 -17.8795
7 35 -18.0124
7 36 -18.1391
7 37 -18.2641
7 38 -18.387
7 39 -18.4913
7 40 -18.6125
8 -10 -10.5044
8 -9 -10.5072
8 -8 -10.472
8 -7 -10.4542
8 -6 -10.4164
8 -5 -10.3797
8 -4 -10.3557
8 -3 -10.3515
8 -2 -10.3188
8 -1 -10.2797
8 0 -10.2474
8 1 -10.2114
8 2 -10.2511
8 3 -10.431
8 4 -10.7318
8 5 -11.0311
8 6 -11.3637
8 7 -11.7017
8 8 -12.0229
8 9 -12.3386
8 10 -12.6635
8 11 -12.9679
8 12 -13.2627
8 13 -13.5572
8 14 -13.8498
8 15 -14.1354
8 16 -14.4156
8 17 -14.671
8 18 -14.9308
8 19 -15.1721
8 20 -15.3941
8 21 -15.6223
8 22 -15.8334
8 23 -16.0393
8 24 -16.244
8 25 -16.4458
8 26 -16.6295
8 27 -16.8181
8 28 -16.9866
8 29 -17.1586
8 30 -17.3225
8 31 -17.4859
8 32 -17.6327
8 33 -17.7766
8 34 -17.9092
8 35 -18.0447
8 36 -18.1724
8 37 -18.2894
8 38 -18.4055
8 39 -18.5309
8 40 -18.6477
9 -10 -10.5412
9 -9 -10.5171
9 -8 -10.5007
9 -7 -10.4787
9 -6 -10.447
9 -5 -10.429
9 -4 -10.4009
9 -3 -10.3768
9 -2 -10.3453
9 -1 -10.3099
9 0 -10.2839
9 1 -10.2594
9 2 -10.3046
9 3 -10.4894
9 4 -10.7672
9 5 -11.0923
9 6 -11.4151
9 7 -11.7631
9 8 -12.0781
9 9 -12.4035
9 10 -12.7131
9 11 -13.0145
9 12 -13.3238
9 13 -13.6129
9 14 -13.9081
9 15 -14.1818
9 16 -14.4479
9 17 -14.7053
9 18 -14.9584
9 19 -15.1881
9 20 -15.4226
9 21 -15.6504
9 22 -15.8646
9 23 -16.068
9 24 -16.2703
9 25 -16.4676
9 26 -16.6516
9 27 -16.8355
9 28 -17.0179
9 29 -17.1787
9 30 -17.3546
9 31 -17.5075
9 32 -17.6632
9 33 -17.8039
9 34 -17.9417
9 35 -18.0732
9 36 -18.2044
9 37 -18.3273
9 38 -18.4432
9 39 -18.5558
9 40 -18.675
10 -10 -10.5672
10 -9 -10.5489
10 -8 -10.5322
10 -7 -10.504
10 -6 -10.4818
10 -5 -10.4623
10 -4 -10.4449
10 -3 -10.4279
10 -2 -10.3708
10 -1 -10.3384
10 0 -10.3051
10 1 -10.2873
10 2 -10.3462
10 3 -10.5447
10 4 -10.824
10 5 -11.1407
10 6 -11.4662
10 7 -11.7939
10 8 -12.1308
10 9 -12.4362
10 10 -12.758
10 11 -13.0585
10 12 -13.3587
10 13 -13.6338
10 14 -13.9245
10 15 -14.2025
10 16 -14.4795
10 17 -14.732
10 18 -14.9698
10 19 -15.2185
10 20 -15.4535
10 21 -15.6689
10 22 -15.8858
10 23 -16.1002
10 24 -16.3039
10 25 -16.4929
10 26 -16.6848
10 27 -16.858
10 28 -17.0413
10 29 -17.2172
10 30 -17.3838
10 31 -17.545
10 32 -17.688
10 33 -17.8398
10 34 -17.9681
10 35 -18.1079
10 36 -18.2325
10 37 -18.349
10 38 -18.4697
10 39 -18.5861
10 40 -18.7065
11 -10 -10.6023
11 -9 -10.5899
11 -8 -10.5485
11 -7 -10.5247
11 -6 -10.5066
11 -5 -10.4958
11 -4 -10.4878
11 -3 -10.4711
11 -2 -10.4031
11 -1 -10.3674
11 0 -10.3471
11 1 -10.3173
11 2 -10.3851
11 3 -10.5752
11 4 -10.8595
11 5 -11.1848
11 6 -11.493
11 7 -11.8406
11 8 -12.1586
11 9 -12.4573
11 10 -12.7767
11 11 -13.0816
11 12 -13.3774
11 13 -13.67
11 14 -13.9456
11 15 -14.2191
11 16 -14.4971
11 17 -14.7466
11 18 -14.9991
11 19 -15.2426
11 20 -15.4744
11 21 -15.6952
11 22 -15.9175
11 23 -16.1194
11 24 -16.3272
11 25 -16.521
11 26 -16.7144
11 27 -16.9137
11 28 -17.0821
11 29 -17.2498
11 30 -17.418
11 31 -17.5775
11 32 -17.7384
11 33 -17.8846
11 34 -18.0167
11 35 -18.1521
11 36 -18.2727
11 37 -18.3956
11 38 -18.5069
11 39 -18.6232
11 40 -18.7389
12 -10 -10.6373
12 -9 -10.63
12 -8 -10.6076
12 -7 -10.561
12 -6 -10.5373
12 -5 -10.5367
12 -4 -10.5183
12 -3 -10.4978
12 -2 -10.4647
12 -1 -10.4024
12 0 -10.3751
12 1 -10.354
12 2 -10.3995
12 3 -10.6045
12 4 -10.8777
12 5 -11.1907
12 6 -11.5124
12 7 -11.8533
12 8 -12.1681
12 9 -12.5006
12 10 -12.8102
12 11 -13.1041
12 12 -13.4008
12 13 -13.6826
12 14 -13.9702
12 15 -14.2457
12 16 -14.5105
12 17 -14.7682
12 18 -15.0182
12 19 -15.2708
12 20 -15.5168
12 21 -15.7407
12 22 -15.9498
12 23 -16.1586
12 24 -16.3654
12 25 -16.5718
12 26 -16.7596
12 27 -16.951
12 28 -17.1273
12 29 -17.3021
12 30 -17.4733
12 31 -17.6264
12 32 -17.7765
12 33 -17.9284
12 34 -18.0659
12 35 -18.1909
12 36 -18.3183
12 37 -18.4373
12 38 -18.5541
12 39 -18.6698
12 40 -18.7848
13 -10 -10.6736
13 -9 -10.6792
13 -8 -10.6443
13 -7 -10.6098
13 -6 -10.5636
13 -5 -10.5523
13 -4 -10.543
13 -3 -10.5337
13 -2 -10.4877
13 -1 -10.4479
13 0 -10.4086
13 1 -10.3862
13 2 -10.4265
13 3 -10.6175
13 4 -10.8949
13 5 -11.2213
13 6 -11.531
13 7 -11.8706
13 8 -12.1944
13 9 -12.5178
13 10 -12.8261
13 11 -13.1348
13 12 -13.4329
13 13 -13.7271
13 14 -14.0008
13 15 -14.286
13 16 -14.5534
13 17 -14.8096
13 18 -15.0633
13 19 -15.3134
13 20 -15.5556
13 21 -15.7792
13 22 -16.0062
13 23 -16.2178
13 24 -16.4215
13 25 -16.6163
13 26 -16.8044
13 27 -16.9989
13 28 -17.1686
13 29 -17.346
13 30 -17.5066
13 31 -17.6725
13 32 -17.8238
13 33 -17.9614
13 34 -18.1004
13 35 -18.2282
13 36 -18.355
13 37 -18.4731
13 38 -18.5908
13 39 -18.7068
13 40 -18.8094
14 -10 -10.6967
14 -9 -10.6925
14 -8 -10.6647
14 -7 -10.6314
14 -6 -10.5981
14 -5 -10.5807
14 -4 -10.5665
14 -3 -10.5541
14 -2 -10.5203
14 -1 -10.4761
14 0 -10.45
14 1 -10.4116
14 2 -10.4643
14 3 -10.6543
14 4 -10.9233
14 5 -11.2465
14 6 -11.5812
14 7 -11.9103
14 8 -12.2318
14 9 -12.5525
14 10 -12.8797
14 11 -13.1729
14 12 -13.4641
14 13 -13.7462
14 14 -14.0434
14 15 -14.3162
14 16 -14.5894
14 17 -14.8526
14 18 -15.1054
14 19 -15.3545
14 20 -15.5948
14 21 -15.82
14 22 -16.0418
14 23 -16.2402
14 24 -16.4551
14 25 -16.6467
14 26 -16.8415
14 27 -17.0231
14 28 -17.1919
14 29 -17.3749
14 30 -17.5329
14 31 -17.6876
14 32 -17.8404
14 33 -17.988
14 34 -18.1163
14 35 -18.2547
14 36 -18.3783
14 37 -18.4999
14 38 -18.6097
14 39 -18.7278
14 40 -18.8377
15 -10 -10.7232
15 -9 -10.7141
15 -8 -10.6928
15 -7 -10.6588
15 -6 -10.6359
15 -5 -10.607
15 -4 -10.5899
15 -3 -10.5691
15 -2 -10.5333
15 -1 -10.4972
15 0 -10.4658
15 1 -10.4516
15 2 -10.4848
15 3 -10.6914
15 4 -10.9667
15 5 -11.297
15 6 -11.6163
15 7 -11.9476
15 8 -12.2856
15 9 -12.5911
15 10 -12.9044
15 11 -13.2021
15 12 -13.5014
15 13 -13.7898
15 14 -14.0738
15 15 -14.3448
15 16 -14.6279
15 17 -14.8929
15 18 -15.1391
15 19 -15.3848
15 20 -15.6218
15 21 -15.8466
15 22 -16.0621
15 23 -16.2649
15 24 -16.4754
15 25 -16.6742
15 26 -16.8588
15 27 -17.044
15 28 -17.2198
15 29 -17.3885
15 30 -17.5545
15 31 -17.7151
15 32 -17.8633
15 33 -18.0003
15 34 -18.1357
15 35 -18.2668
15 36 -18.3911
15 37 -18.51
15 38 -18.6326
15 39 -18.7432
15 40 -18.8601
16 -10 -10.7479
16 -9 -10.7274
16 -8 -10.7018
16 -7 -10.6798
16 -6 -10.6598
16 -5 -10.6378
16 -4 -10.6213
16 -3 -10.5908
16 -2 -10.5519
16 -1 -10.5142
16 0 -10.4898
16 1 -10.4764
16 2 -10.5203
16 3 -10.7251
16 4 -10.993
16 5 -11.3206
16 6 -11.6465
16 7 -11.979
16 8 -12.3021
16 9 -12.6291
16 10 -12.9317
16 11 -13.2403
16 12 -13.5332
16 13 -13.8244
16 14 -14.1105
16 15 -14.3762
16 16 -14.6527
16 17 -14.9079
16 18 -15.155
16 19 -15.4086
16 20 -15.6388
16 21 -15.8602
16 22 -16.0798
16 23 -16.2894
16 24 -16.4947
16 25 -16.6913
16 26 -16.883
16 27 -17.0652
16 28 -17.23
16 29 -17.403
16 30 -17.5739
16 31 -17.7329
16 32 -17.8788
16 33 -18.0258
16 34 -18.1606
16 35 -18.2875
16 36 -18.4091
16 37 -18.5309
16 38 -18.6465
16 39 -18.7558
16 40 -18.8704
17 -10 -10.7746
17 -9 -10.7554
17 -8 -10.7203
17 -7 -10.695
17 -6 -10.6846
17 -5 -10.6678
17 -4 -10.6572
17 -3 -10.6245
17 -2 -10.5866
17 -1 -10.5336
17 0 -10.5203
17 1 -10.496
17 2 -10.5529
17 3 -10.7566
17 4 -11.023
17 5 -11.3384
17 6 -11.6657
17 7 -12.0047
17 8 -12.3267
17 9 -12.6558
17 10 -12.9557
17 11 -13.2605
17 12 -13.5518
17 13 -13.8314
17 14 -14.1152
17 15 -14.3989
17 16 -14.6625
17 17 -14.936
17 18 -15.181
17 19 -15.4189
17 20 -15.6652
17 21 -15.8924
17 22 -16.1082
17 23 -16.3079
17 24 -16.5101
17 25 -16.7046
17 26 -16.8912
17 27 -17.082
17 28 -17.2579
17 29 -17.4306
17 30 -17.5913
17 31 -17.749
17 32 -17.911
17 33 -18.0406
17 34 -18.1822
17 35 -18.3118
17 36 -18.4286
17 37 -18.5485
17 38 -18.6666
17 39 -18.7773
17 40 -18.8888
18 -10 -10.7961
18 -9 -10.7835
18 -8 -10.747
18 -7 -10.7191
18 -6 -10.704
18 -5 -10.6849
18 -4 -10.6819
18 -3 -10.6564
18 -2 -10.6125
18 -1 -10.5663
18 0 -10.5469
18 1 -10.526
18 2 -10.5761
18 3 -10.7699
18 4 -11.0515
18 5 -11.3596
18 6 -11.7001
18 7 -12.0217
18 8 -12.3479
18 9 -12.6634
18 10 -12.9706
18 11 -13.2803
18 12 -13.5634
18 13 -13.8629
18 14 -14.141
18 15 -14.4142
18 16 -14.6764
18 17 -14.9416
18 18 -15.189
18 19 -15.4312
18 20 -15.6739
18 21 -15.8975
18 22 -16.1201
18 23 -16.3349
18 24 -16.5347
18 25 -16.7351
18 26 -16.9232
18 27 -17.1127
18 28 -17.2857
18 29 -17.4596
18 30 -17.6182
18 31 -17.7751
18 32 -17.9313
18 33 -18.0696
18 34 -18.206
18 35 -18.3359
18 36 -18.4583
18 37 -18.5736
18 38 -18.6865
18 39 -18.8019
18 40 -18.9107
19 -10 -10.8267
19 -9 -10.8146
19 -8 -10.7718
19 -7 -10.7474
19 -6 -10.718
19 -5 -10.7088
19 -4 -10.698
19 -3 -10.6788
19 -2 -10.6446
19 -1 -10.597
19 0 -10.5698
19 1 -10.5446
19 2 -10.5995
19 3 -10.7898
19 4 -11.0614
19 5 -11.3859
19 6 -11.7078
19 7 -12.0431
19 8 -12.3689
19 9 -12.6903
19 10 -12.999
19 11 -13.2994
19 12 -13.5805
19 13 -13.8888
19 14 -14.1583
19 15 -14.4417
19 16 -14.6971
19 17 -14.9649
19 18 -15.2202
19 19 -15.4695
19 20 -15.6945
19 21 -15.9239
19 22 -16.1488
19 23 -16.3594
19 24 -16.5722
19 25 -16.7566
19 26 -16.9553
19 27 -17.1443
19 28 -17.3213
19 29 -17.4899
19 30 -17.6547
19 31 -17.8157
19 32 -17.9625
19 33 -18.1051
19 34 -18.2397
19 35 -18.3719
19 36 -18.4954
19 37 -18.6044
19 38 -18.7246
19 39 -18.8374
19 40 -18.9461
20 -10 -10.8423
20 -9 -10.8313
20 -8 -10.7924
20 -7 -10.7607
20 -6 -10.7456
20 -5 -10.7305
20 -4 -10.7198
20 -3 -10.6936
20 -2 -10.6573
20 -1 -10.6173
20 0 -10.5947
20 1 -10.5709
20 2 -10.6089
20 3 -10.8071
20 4 -11.0808
20 5 -11.4131
20 6 -11.7377
20 7 -12.0657
20 8 -12.3826
20 9 -12.7056
20 10 -13.0184
20 11 -13.3266
20 12 -13.6194
20 13 -13.9136
20 14 -14.1894
20 15 -14.4569
20 16 -14.7384
20 17 -14.9917
20 18 -15.2478
20 19 -15.4926
20 20 -15.7265
20 21 -15.9528
20 22 -16.1743
20 23 -16.3913
20 24 -16.5961
20 25 -16.791
20 26 -16.9859
20 27 -17.1675
20 28 -17.351
20 29 -17.5196
20 30 -17.6824
20 31 -17.8415
20 32 -17.9934
20 33 -18.1381
20 34 -18.2746
20 35 -18.4039
20 36 -18.5223
20 37 -18.6376
20 38 -18.7558
20 39 -18.8674
20 40 -18.9736
21 -10 -10.8516
21 -9 -10.8402
21 -8 -10.8126
21 -7 -10.7819
21 -6 -10.7646
21 -5 -10.7451
21 -4 -10.743
21 -3 -10.7092
21 -2 -10.6754
21 -1 -10.6315
21 0 -10.6131
21 1 -10.5942
21 2 -10.6465
21 3 -10.8285
21 4 -11.1146
21 5 -11.4289
21 6 -11.7673
21 7 -12.0937
21 8 -12.4057
21 9 -12.727
21 10 -13.0445
21 11 -13.3449
21 12 -13.6482
21 13 -13.9329
21 14 -14.2193
21 15 -14.4868
21 16 -14.7539
21 17 -15.0205
21 18 -15.2693
21 19 -15.5129
21 20 -15.758
21 21 -15.9779
21 22 -16.1987
21 23 -16.4154
21 24 -16.6185
21 25 -16.8153
21 26 -17.0046
21 27 -17.1884
21 28 -17.3712
21 29 -17.5328
21 30 -17.6997
21 31 -17.8669
21 32 -18.0117
21 33 -18.1514
21 34 -18.295
21 35 -18.4229
21 36 -18.545
21 37 -18.6607
21 38 -18.7759
21 39 -18.8933
21 40 -19.0007
22 -10 -10.8667
22 -9 -10.8556
22 -8 -10.8286
22 -7 -10.8
22 -6 -10.781
22 -5 -10.7719
22 -4 -10.7518
22 -3 -10.7301
22 -2 -10.6882
22 -1 -10.6492
22 0 -10.637
22 1 -10.6178
22 2 -10.6607
22 3 -10.8547
22 4 -11.1208
22 5 -11.4519
22 6 -11.7792
22 7 -12.1174
22 8 -12.4336
22 9 -12.7555
22 10 -13.0783
22 11 -13.3746
22 12 -13.6749
22 13 -13.9642
22 14 -14.2334
22 15 -14.5048
22 16 -14.7835
22 17 -15.0483
22 18 -15.2819
22 19 -15.5327
22 20 -15.7625
22 21 -15.9965
22 22 -16.2124
22 23 -16.4242
22 24 -16.6293
22 25 -16.8361
22 26 -17.0134
22 27 -17.2017
22 28 -17.3786
22 29 -17.5539
22 30 -17.7131
22 31 -17.8694
22 32 -18.0211
22 33 -18.169
22 34 -18.3067
22 35 -18.4374
22 36 -18.5592
22 37 -18.6739
22 38 -18.7946
22 39 -18.9073
22 40 -19.0243
23 -10 -10.8808
23 -9 -10.8647
23 -8 -10.8437
23 -7 -10.8169
23 -6 -10.806
23 -5 -10.7923
23 -4 -10.7701
23 -3 -10.7514
23 -2 -10.713
23 -1 -10.6732
23 0 -10.6647
23 1 -10.645
23 2 -10.6891
23 3 -10.8672
23 4 -11.149
23 5 -11.4689
23 6 -11.8049
23 7 -12.1248
23 8 -12.4579
23 9 -12.7869
23 10 -13.0922
23 11 -13.3996
23 12 -13.6844
23 13 -13.9716
23 14 -14.2545
23 15 -14.5293
23 16 -14.7957
23 17 -15.04
23 18 -15.308
23 19 -15.5419
23 20 -15.7859
23 21 -16.0065
23 22 -16.2265
23 23 -16.4336
23 24 -16.6422
23 25 -16.8406
23 26 -17.0357
23 27 -17.214
23 28 -17.3934
23 29 -17.5669
23 30 -17.7281
23 31 -17.8897
23 32 -18.0422
23 33 -18.1804
23 34 -18.3144
23 35 -18.4458
23 36 -18.5748
23 37 -18.6887
23 38 -18.8056
23 39 -18.9202
23 40 -19.0282
24 -10 -10.8884
24 -9 -10.8803
24 -8 -10.8511
24 -7 -10.8347
24 -6 -10.8249
24 -5 -10.816
24 -4 -10.7908
24 -3 -10.7741
24 -2 -10.7274
24 -1 -10.6962
24 0 -10.673
24 1 -10.6586
24 2 -10.7003
24 3 -10.8811
24 4 -11.1645
24 5 -11.4798
24 6 -11.8131
24 7 -12.1467
24 8 -12.4722
24 9 -12.8038
24 10 -13.1056
24 11 -13.4157
24 12 -13.7047
24 13 -13.9855
24 14 -14.2728
24 15 -14.5404
24 16 -14.8068
24 17 -15.0649
24 18 -15.3192
24 19 -15.5636
24 20 -15.8024
24 21 -16.0168
24 22 -16.2424
24 23 -16.4559
24 24 -16.6564
24 25 -16.8587
24 26 -17.0496
24 27 -17.2346
24 28 -17.415
24 29 -17.5808
24 30 -17.7476
24 31 -17.9039
24 32 -18.0519
24 33 -18.1932
24 34 -18.3288
24 35 -18.4613
24 36 -18.5843
24 37 -18.7075
24 38 -18.8172
24 39 -18.9286
24 40 -19.0362
25 -10 -10.9069
25 -9 -10.8943
25 -8 -10.868
25 -7 -10.8473
25 -6 -10.8378
25 -5 -10.8258
25 -4 -10.8137
25 -3 -10.793
25 -2 -10.7507
25 -1 -10.7067
25 0 -10.6843
25 1 -10.6729
25 2 -10.7079
25 3 -10.9037
25 4 -11.1837
25 5 -11.4967
25 6 -11.8282
25 7 -12.166
25 8 -12.4894
25 9 -12.8148
25 10 -13.1271
25 11 -13.4275
25 12 -13.7136
25 13 -14.0074
25 14 -14.282
25 15 -14.5553
25 16 -14.8234
25 17 -15.0798
25 18 -15.3333
25 19 -15.5736
25 20 -15.8151
25 21 -16.0349
25 22 -16.2591
25 23 -16.4736
25 24 -16.6729
25 25 -16.8746
25 26 -17.068
25 27 -17.245
25 28 -17.4219
25 29 -17.6011
25 30 -17.7658
25 31 -17.9144
25 32 -18.0713
25 33 -18.2099
25 34 -18.3493
25 35 -18.4813
25 36 -18.6105
25 37 -18.7198
25 38 -18.8366
25 39 -18.9427
25 40 -19.0523
26 -10 -10.9252
26 -9 -10.9088
26 -8 -10.888
26 -7 -10.8633
26 -6 -10.8472
26 -5 -10.8372
26 -4 -10.8217
26 -3 -10.8037
26 -2 -10.7651
26 -1 -10.7296
26 0 -10.7044
26 1 -10.6923
26 2 -10.7251
26 3 -10.9202
26 4 -11.1951
26 5 -11.5144
26 6 -11.8366
26 7 -12.1712
26 8 -12.5127
26 9 -12.8331
26 10 -13.1402
26 11 -13.4461
26 12 -13.7391
26 13 -14.0285
26 14 -14.3026
26 15 -14.5758
26 16 -14.8368
26 17 -15.1036
26 18 -15.3581
26 19 -15.5968
26 20 -15.8344
26 21 -16.0543
26 22 -16.2808
26 23 -16.4932
26 24 -16.6856
26 25 -16.8888
26 26 -17.0776
26 27 -17.2679
26 28 -17.4489
26 29 -17.621
26 30 -17.7875
26 31 -17.9403
26 32 -18.0888
26 33 -18.2395
26 34 -18.3749
26 35 -18.4981
26 36 -18.6185
26 37 -18.7422
26 38 -18.854
26 39 -18.9644
26 40 -19.0714
27 -10 -10.9324
27 -9 -10.9176
27 -8 -10.8993
27 -7 -10.8719
27 -6 -10.8556
27 -5 -10.843
27 -4 -10.8377
27 -3 -10.8174
27 -2 -10.7798
27 -1 -10.7432
27 0 -10.7213
27 1 -10.7101
27 2 -10.7517
27 3 -10.9379
27 4 -11.2147
27 5 -11.5252
27 6 -11.8599
27 7 -12.19
27 8 -12.5259
27 9 -12.8474
27 10 -13.1561
27 11 -13.457
27 12 -13.7548
27 13 -14.0454
27 14 -14.3228
27 15 -14.5962
27 16 -14.8786
27 17 -15.1218
27 18 -15.3746
27 19 -15.6165
27 20 -15.849
27 21 -16.0796
27 22 -16.2925
27 23 -16.5038
27 24 -16.7176
27 25 -16.9105
27 26 -17.102
27 27 -17.2778
27 28 -17.4659
27 29 -17.6358
27 30 -17.8036
27 31 -17.9551
27 32 -18.1126
27 33 -18.2534
27 34 -18.3884
27 35 -18.5188
27 36 -18.6467
27 37 -18.7625
27 38 -18.8777
27 39 -18.9848
27 40 -19.0938
28 -10 -10.9302
28 -9 -10.9245
28 -8 -10.9109
28 -7 -10.8901
28 -6 -10.8744
28 -5 -10.8586
28 -4 -10.8406
28 -3 -10.8234
28 -2 -10.7894
28 -1 -10.7633
28 0 -10.7432
28 1 -10.7181
28 2 -10.7752
28 3 -10.9564
28 4 -11.2397
28 5 -11.5633
28 6 -11.8797
28 7 -12.2145
28 8 -12.5432
28 9 -12.8659
28 10 -13.1671
28 11 -13.4768
28 12 -13.7778
28 13 -14.0631
28 14 -14.3422
28 15 -14.6202
28 16 -14.8815
28 17 -15.1354
28 18 -15.3805
28 19 -15.628
28 20 -15.8644
28 21 -16.0869
28 22 -16.312
28 23 -16.5152
28 24 -16.7181
28 25 -16.9185
28 26 -17.1111
28 27 -17.2991
28 28 -17.4741
28 29 -17.6465
28 30 -17.8138
28 31 -17.9728
28 32 -18.1244
28 33 -18.2729
28 34 -18.4034
28 35 -18.5358
28 36 -18.6578
28 37 -18.7793
28 38 -18.8949
28 39 -19.004
28 40 -19.1158
29 -10 -10.9343
29 -9 -10.9266
29 -8 -10.9162
29 -7 -10.8973
29 -6 -10.8825
29 -5 -10.8661
29 -4 -10.8564
29 -3 -10.8387
29 -2 -10.7995
29 -1 -10.7762
29 0 -10.7628
29 1 -10.7332
29 2 -10.7858
29 3 -10.9808
29 4 -11.2547
29 5 -11.5713
29 6 -11.901
29 7 -12.2315
29 8 -12.5604
29 9 -12.8762
29 10 -13.199
29 11 -13.485
29 12 -13.7847
29 13 -14.0789
29 14 -14.3588
29 15 -14.6329
29 16 -14.8981
29 17 -15.1487
29 18 -15.4057
29 19 -15.6481
29 20 -15.8748
29 21 -16.1015
29 22 -16.3201
29 23 -16.5247
29 24 -16.7302
29 25 -16.927
29 26 -17.1221
29 27 -17.3093
29 28 -17.4813
29 29 -17.6581
29 30 -17.8235
29 31 -17.9768
29 32 -18.1306
29 33 -18.2767
29 34 -18.4096
29 35 -18.5454
29 36 -18.6666
29 37 -18.7892
29 38 -18.9071
29 39 -19.0196
29 40 -19.1305
30 -10 -10.9369
30 -9 -10.928
30 -8 -10.9197
30 -7 -10.9033
30 -6 -10.8877
30 -5 -10.8774
30 -4 -10.8747
30 -3 -10.8533
30 -2 -10.8182
30 -1 -10.7879
30 0 -10.7747
30 1 -10.7437
30 2 -10.7964
30 3 -10.9949
30 4 -11.2586
30 5 -11.5883
30 6 -11.9138
30 7 -12.2374
30 8 -12.5661
30 9 -12.885
30 10 -13.1933
30 11 -13.5059
30 12 -13.7991
30 13 -14.096
30 14 -14.3662
30 15 -14.64
30 16 -14.9015
30 17 -15.16
30 18 -15.4074
30 19 -15.6576
30 20 -15.8881
30 21 -16.1083
30 22 -16.3293
30 23 -16.5393
30 24 -16.7436
30 25 -16.9372
30 26 -17.1259
30 27 -17.3087
30 28 -17.4877
30 29 -17.6635
30 30 -17.8247
30 31 -17.9825
30 32 -18.1353
30 33 -18.2792
30 34 -18.4228
30 35 -18.5533
30 36 -18.6743
30 37 -18.794
30 38 -18.9086
30 39 -19.0252
30 40 -19.1331
31 -10 -10.9427
31 -9 -10.9407
31 -8 -10.9286
31 -7 -10.907
31 -6 -10.9012
31 -5 -10.8958
31 -4 -10.8883
31 -3 -10.864
31 -2 -10.8275
31 -1 -10.7994
31 0 -10.7796
31 1 -10.7585
31 2 -10.8163
31 3 -11.0011
31 4 -11.273
31 5 -11.5908
31 6 -11.9189
31 7 -12.2408
31 8 -12.576
31 9 -12.899
31 10 -13.2158
31 11 -13.5126
31 12 -13.8155
31 13 -14.1001
31 14 -14.3757
31 15 -14.6498
31 16 -14.915
31 17 -15.168
31 18 -15.42
31 19 -15.6595
31 20 -15.8956
31 21 -16.117
31 22 -16.3399
31 23 -16.5406
31 24 -16.7521
31 25 -16.9481
31 26 -17.133
31 27 -17.3237
31 28 -17.4975
31 29 -17.6729
31 30 -17.8379
31 31 -17.997
31 32 -18.1398
31 33 -18.2917
31 34 -18.4228
31 35 -18.5523
31 36 -18.6767
31 37 -18.8027
31 38 -18.9135
31 39 -19.0302
31 40 -19.1396
32 -10 -10.9421
32 -9 -10.9432
32 -8 -10.924
32 -7 -10.907
32 -6 -10.91
32 -5 -10.8952
32 -4 -10.8867
32 -3 -10.8713
32 -2 -10.8456
32 -1 -10.8003
32 0 -10.7902
32 1 -10.7696
32 2 -10.8133
32 3 -11.0079
32 4 -11.2931
32 5 -11.6
32 6 -11.93
32 7 -12.2644
32 8 -12.5784
32 9 -12.9082
32 10 -13.2242
32 11 -13.5256
32 12 -13.8261
32 13 -14.1058
32 14 -14.3924
32 15 -14.6582
32 16 -14.9206
32 17 -15.1791
32 18 -15.4325
32 19 -15.6772
32 20 -15.9048
32 21 -16.1302
32 22 -16.3473
32 23 -16.5609
32 24 -16.7597
32 25 -16.9541
32 26 -17.1462
32 27 -17.3252
32 28 -17.5074
32 29 -17.6737
32 30 -17.8443
32 31 -17.9984
32 32 -18.1463
32 33 -18.296
32 34 -18.4377
32 35 -18.5611
32 36 -18.6841
32 37 -18.8022
32 38 -18.9193
32 39 -19.032
32 40 -19.1435
33 -10 -10.9338
33 -9 -10.9385
33 -8 -10.9218
33 -7 -10.9127
33 -6 -10.9113
33 -5 -10.8964
33 -4 -10.8952
33 -3 -10.88
33 -2 -10.8437
33 -1 -10.8227
33 0 -10.8018
33 1 -10.7789
33 2 -10.8213
33 3 -11.0176
33 4 -11.3043
33 5 -11.6083
33 6 -11.9358
33 7 -12.2735
33 8 -12.5937
33 9 -12.9142
33 10 -13.2257
33 11 -13.5299
33 12 -13.8365
33 13 -14.1177
33 14 -14.3997
33 15 -14.664
33 16 -14.9363
33 17 -15.1927
33 18 -15.4436
33 19 -15.6849
33 20 -15.9193
33 21 -16.1459
33 22 -16.3622
33 23 -16.5712
33 24 -16.7629
33 25 -16.9688
33 26 -17.1565
33 27 -17.3365
33 28 -17.5105
33 29 -17.681
33 30 -17.8488
33 31 -18.0108
33 32 -18.1563
33 33 -18.3015
33 34 -18.4424
33 35 -18.5717
33 36 -18.6936
33 37 -18.8122
33 38 -18.9255
33 39 -19.034
33 40 -19.1459
34 -10 -10.9342
34 -9 -10.9339
34 -8 -10.921
34 -7 -10.9165
34 -6 -10.9047
34 -5 -10.8943
34 -4 -10.8912
34 -3 -10.884
34 -2 -10.858
34 -1 -10.8264
34 0 -10.803
34 1 -10.7889
34 2 -10.8362
34 3 -11.0234
34 4 -11.3126
34 5 -11.6302
34 6 -11.9597
34 7 -12.2887
34 8 -12.6032
34 9 -12.9264
34 10 -13.2448
34 11 -13.5476
34 12 -13.8424
34 13 -14.1302
34 14 -14.4047
34 15 -14.6811
34 16 -14.9481
34 17 -15.1981
34 18 -15.4496
34 19 -15.6934
34 20 -15.9283
34 21 -16.155
34 22 -16.3746
34 23 -16.5805
34 24 -16.7807
34 25 -16.9734
34 26 -17.1659
34 27 -17.3502
34 28 -17.5238
34 29 -17.6919
34 30 -17.8622
34 31 -18.0182
34 32 -18.168
34 33 -18.3117
34 34 -18.4523
34 35 -18.5823
34 36 -18.7038
34 37 -18.819
34 38 -18.9332
34 39 -19.0513
34 40 -19.1461
35 -10 -10.9335
35 -9 -10.9294
35 -8 -10.9227
35 -7 -10.9113
35 -6 -10.902
35 -5 -10.8973
35 -4 -10.8962
35 -3 -10.8798
35 -2 -10.8624
35 -1 -10.8323
35 0 -10.8151
35 1 -10.8025
35 2 -10.845
35 3 -11.045
35 4 -11.3156
35 5 -11.6346
35 6 -11.9714
35 7 -12.2965
35 8 -12.6241
35 9 -12.9484
35 10 -13.2557
35 11 -13.5533
35 12 -13.8483
35 13 -14.1389
35 14 -14.4197
35 15 -14.6926
35 16 -14.9492
35 17 -15.214
35 18 -15.4576
35 19 -15.7041
35 20 -15.9363
35 21 -16.1598
35 22 -16.3747
35 23 -16.5785
35 24 -16.7848
35 25 -16.9826
35 26 -17.1723
35 27 -17.3558
35 28 -17.5313
35 29 -17.698
35 30 -17.8688
35 31 -18.0279
35 32 -18.179
35 33 -18.3254
35 34 -18.4548
35 35 -18.5872
35 36 -18.7127
35 37 -18.8251
35 38 -18.9429
35 39 -19.0525
35 40 -19.1622
36 -10 -10.9337
36 -9 -10.9312
36 -8 -10.9182
36 -7 -10.9078
36 -6 -10.8933
36 -5 -10.8955
36 -4 -10.8979
36 -3 -10.8835
36 -2 -10.8635
36 -1 -10.8419
36 0 -10.82
36 1 -10.8121
36 2 -10.8571
36 3 -11.0508
36 4 -11.3375
36 5 -11.6478
36 6 -11.9755
36 7 -12.3104
36 8 -12.6223
36 9 -12.9541
36 10 -13.2588
36 11 -13.5622
36 12 -13.8555
36 13 -14.1417
36 14 -14.4161
36 15 -14.6908
36 16 -14.9679
36 17 -15.2218
36 18 -15.4611
36 19 -15.7049
36 20 -15.9454
36 21 -16.1656
36 22 -16.3787
36 23 -16.5877
36 24 -16.796
36 25 -16.991
36 26 -17.1808
36 27 -17.3573
36 28 -17.5372
36 29 -17.7078
36 30 -17.8708
36 31 -18.0289
36 32 -18.1788
36 33 -18.3205
36 34 -18.4622
36 35 -18.5932
36 36 -18.7144
36 37 -18.8315
36 38 -18.9513
36 39 -19.0619
36 40 -19.1672
37 -10 -10.9305
37 -9 -10.9255
37 -8 -10.9075
37 -7 -10.9022
37 -6 -10.9003
37 -5 -10.8985
37 -4 -10.8993
37 -3 -10.8837
37 -2 -10.8625
37 -1 -10.8454
37 0 -10.8213
37 1 -10.8121
37 2 -10.8673
37 3 -11.0571
37 4 -11.3414
37 5 -11.6604
37 6 -11.985
37 7 -12.3192
37 8 -12.6405
37 9 -12.9536
37 10 -13.2624
37 11 -13.5696
37 12 -13.86
37 13 -14.1457
37 14 -14.4256
37 15 -14.6942
37 16 -14.9577
37 17 -15.212
37 18 -15.4682
37 19 -15.7185
37 20 -15.9389
37 21 -16.1637
37 22 -16.3885
37 23 -16.5918
37 24 -16.7906
37 25 -16.9905
37 26 -17.1672
37 27 -17.3602
37 28 -17.5342
37 29 -17.7055
37 30 -17.8696
37 31 -18.0261
37 32 -18.1807
37 33 -18.3204
37 34 -18.457
37 35 -18.5897
37 36 -18.7133
37 37 -18.8304
37 38 -18.9496
37 39 -19.0617
37 40 -19.1685
38 -10 -10.9328
38 -9 -10.9264
38 -8 -10.9109
38 -7 -10.9037
38 -6 -10.8952
38 -5 -10.9011
38 -4 -10.9027
38 -3 -10.894
38 -2 -10.8583
38 -1 -10.8431
38 0 -10.8204
38 1 -10.8208
38 2 -10.8669
38 3 -11.0621
38 4 -11.3451
38 5 -11.6665
38 6 -11.9912
38 7 -12.3169
38 8 -12.6435
38 9 -12.9553
38 10 -13.2697
38 11 -13.5661
38 12 -13.8617
38 13 -14.1507
38 14 -14.4227
38 15 -14.6994
38 16 -14.9613
38 17 -15.2174
38 18 -15.4699
38 19 -15.7121
38 20 -15.9451
38 21 -16.1636
38 22 -16.3884
38 23 -16.5942
38 24 -16.7874
38 25 -16.9872
38 26 -17.1783
38 27 -17.361
38 28 -17.5344
38 29 -17.706
38 30 -17.8711
38 31 -18.0256
38 32 -18.1756
38 33 -18.3233
38 34 -18.4604
38 35 -18.5874
38 36 -18.7117
38 37 -18.8325
38 38 -18.9476
38 39 -19.0575
38 40 -19.1698
39 -10 -10.9289
39 -9 -10.9205
39 -8 -10.9053
39 -7 -10.9009
39 -6 -10.8964
39 -5 -10.8949
39 -4 -10.9012
39 -3 -10.8836
39 -2 -10.8648
39 -1 -10.8473
39 0 -10.8288
39 1 -10.8163
39 2 -10.8733
39 3 -11.0685
39 4 -11.3493
39 5 -11.6684
39 6 -11.9909
39 7 -12.3272
39 8 -12.6399
39 9 -12.9638
39 10 -13.2618
39 11 -13.5654
39 12 -13.8648
39 13 -14.1462
39 14 -14.4257
39 15 -14.6982
39 16 -14.9582
39 17 -15.2184
39 18 -15.4649
39 19 -15.7068
39 20 -15.9386
39 21 -16.1642
39 22 -16.3828
39 23 -16.5919
39 24 -16.7945
39 25 -16.9865
39 26 -17.1821
39 27 -17.3651
39 28 -17.5358
39 29 -17.7064
39 30 -17.866
39 31 -18.024
39 32 -18.1688
39 33 -18.3163
39 34 -18.4504
39 35 -18.5882
39 36 -18.7119
39 37 -18.8279
39 38 -18.9485
39 39 -19.0578
39 40 -19.1669
40 -10 -10.9297
40 -9 -10.9234
40 -8 -10.9122
40 -7 -10.8985
40 -6 -10.8917
40 -5 -10.8905
40 -4 -10.8917
40 -3 -10.8866
40 -2 -10.857
40 -1 -10.841
40 0 -10.8262
40 1 -10.8175
40 2 -10.8671
40 3 -11.0687
40 4 -11.3519
40 5 -11.659
40 6 -11.994
40 7 -12.3251
40 8 -12.6516
40 9 -12.9603
40 10 -13.2688
40 11 -13.5674
40 12 -13.8545
40 13 -14.1413
40 14 -14.4172
40 15 -14.6952
40 16 -14.9615
40 17 -15.2176
40 18 -15.4624
40 19 -15.706
40 20 -15.942
40 21 -16.1618
40 22 -16.3789
40 23 -16.5902
40 24 -16.799
40 25 -16.9927
40 26 -17.1797
40 27 -17.3605
40 28 -17.5321
40 29 -17.7021
40 30 -17.8699
40 31 -18.0192
40 32 -18.1742
40 33 -18.3169
40 34 -18.455
40 35 -18.5852
40 36 -18.709
40 37 -18.8226
40 38 -18.9431
40 39 -19.0562
40 40 -19.159
