-10 -10 -8.21522
-10 -9 -8.20085
-10 -8 -8.18556
-10 -7 -8.15863
-10 -6 -8.1559
-10 -5 -8.11197
-10 -4 -8.09375
-10 -3 -8.06445
-10 -2 -8.05006
-10 -1 -8.03814
-10 0 -8.02002
-10 1 -8.00073
-10 2 -8.02095
-10 3 -8.20209
-10 4 -8.45246
-10 5 -8.77232
-10 6 -9.10137
-10 7 -9.4217
-10 8 -9.73616
-10 9 -10.0515
-10 10 -10.3787
-10 11 -10.6699
-10 12 -10.9572
-10 13 -11.2453
-10 14 -11.5279
-10 15 -11.7934
-10 16 -12.0424
-10 17 -12.3022
-10 18 -12.5406
-10 19 -12.7797
-10 20 -13.0068
-10 21 -13.2395
-10 22 -13.4578
-10 23 -13.663
-10 24 -13.8781
-10 25 -14.0724
-10 26 -14.2754
-10 27 -14.4731
-10 28 -14.6686
-10 29 -14.8455
-10 30 -15.027
-10 31 -15.209
-10 32 -15.3806
-10 33 -15.5417
-10 34 -15.706
-10 35 -15.8701
-10 36 -16.018
-10 37 -16.1698
-10 38 -16.3256
-10 39 -16.4587
-10 40 -16.6074
-9 -10 -8.20326
-9 -9 -8.18457
-9 -8 -8.1802
-9 -7 -8.15265
-9 -6 -8.13218
-9 -5 -8.10705
-9 -4 -8.06245
-9 -3 -8.0403
-9 -2 -8.03217
-9 -1 -8.02001
-9 0 -8.00351
-9 1 -7.97439
-9 2 -7.99132
-9 3 -8.15673
-9 4 -8.40934
-9 5 -8.74045
-9 6 -9.0539
-9 7 -9.38051
-9 8 -9.69256
-9 9 -10.0287
-9 10 -10.3284
-9 11 -10.6381
-9 12 -10.9362
-9 13 -11.2143
-9 14 -11.4887
-9 15 -11.7642
-9 16 -12.03
-9 17 -12.2731
-9 18 -12.5249
-9 19 -12.7858
-9 20 -13.0054
-9 21 -13.2179
-9 22 -13.446
-9 23 -13.6633
-9 24 -13.8708
-9 25 -14.0753
-9 26 -14.2765
-9 27 -14.471
-9 28 -14.6465
-9 29 -14.8406
-9 30 -15.0196
-9 31 -15.2002
-9 32 -15.3687
-9 33 -15.5346
-9 34 -15.7013
-9 35 -15.8617
-9 36 -16.0085
-9 37 -16.1699
-9 38 -16.3049
-9 39 -16.4608
-9 40 -16.5896
-8 -10 -8.17341
-8 -9 -8.16807
-8 -8 -8.15492
-8 -7 -8.14025
-8 -6 -8.09038
-8 -5 -8.05569
-8 -4 -8.03568
-8 -3 -8.03066
-8 -2 -8.01261
-8 -1 -8.01435
-8 0 -7.95436
-8 1 -7.92299
-8 2 -7.92569
-8 3 -8.10985
-8 4 -8.36526
-8 5 -8.69212
-8 6 -9.00778
-8 7 -9.34
-8 8 -9.66602
-8 9 -9.9736
-8 10 -10.2844
-8 11 -10.5862
-8 12 -10.8682
-8 13 -11.1733
-8 14 -11.4546
-8 15 -11.721
-8 16 -11.9813
-8 17 -12.2432
-8 18 -12.4885
-8 19 -12.7339
-8 20 -12.9699
-8 21 -13.2018
-8 22 -13.4291
-8 23 -13.6523
-8 24 -13.8539
-8 25 -14.0703
-8 26 -14.277
-8 27 -14.462
-8 28 -14.6472
-8 29 -14.8338
-8 30 -15.0169
-8 31 -15.1869
-8 32 -15.3657
-8 33 -15.5242
-8 34 -15.6961
-8 35 -15.8553
-8 36 -16.0119
-8 37 -16.1574
-8 38 -16.299
-8 39 -16.4471
-8 40 -16.5903
-7 -10 -8.17044
-7 -9 -8.1481
-7 -8 -8.12741
-7 -7 -8.10307
-7 -6 -8.06654
-7 -5 -8.05142
-7 -4 -8.03182
-7 -3 -8.02537
-7 -2 -8.00702
-7 -1 -7.96814
-7 0 -7.9042
-7 1 -7.8647
-7 2 -7.88501
-7 3 -8.07477
-7 4 -8.33389
-7 5 -8.64163
-7 6 -8.96548
-7 7 -9.30877
-7 8 -9.62025
-7 9 -9.93012
-7 10 -10.2446
-7 11 -10.5426
-7 12 -10.8359
-7 13 -11.1117
-7 14 -11.3991
-7 15 -11.668
-7 16 -11.9307
-7 17 -12.1942
-7 18 -12.4297
-7 19 -12.6774
-7 20 -12.9259
-7 21 -13.1508
-7 22 -13.3667
-7 23 -13.5934
-7 24 -13.8109
-7 25 -14.0227
-7 26 -14.233
-7 27 -14.4414
-7 28 -14.6312
-7 29 -14.8108
-7 30 -15.0003
-7 31 -15.1843
-7 32 -15.3459
-7 33 -15.529
-7 34 -15.6862
-7 35 -15.8409
-7 36 -15.9959
-7 37 -16.1391
-7 38 -16.2903
-7 39 -16.432
-7 40 -16.5618
-6 -10 -8.15887
-6 -9 -8.12978
-6 -8 -8.09276
-6 -7 -8.073
-6 -6 -8.0521
-6 -5 -8.0345
-6 -4 -8.02803
-6 -3 -8.00369
-6 -2 -7.97485
-6 -1 -7.89972
-6 0 -7.87006
-6 1 -7.84363
-6 2 -7.88122
-6 3 -8.05241
-6 4 -8.32354
-6 5 -8.61487
-6 6 -8.95873
-6 7 -9.29114
-6 8 -9.59269
-6 9 -9.91137
-6 10 -10.2287
-6 11 -10.5149
-6 12 -10.8027
-6 13 -11.0829
-6 14 -11.3634
-6 15 -11.6216
-6 16 -11.9004
-6 17 -12.1411
-6 18 -12.385
-6 19 -12.6396
-6 20 -12.8729
-6 21 -13.0954
-6 22 -13.3213
-6 23 -13.5426
-6 24 -13.7553
-6 25 -13.9616
-6 26 -14.159
-6 27 -14.376
-6 28 -14.5709
-6 29 -14.7636
-6 30 -14.9448
-6 31 -15.1247
-6 32 -15.3108
-6 33 -15.483
-6 34 -15.6384
-6 35 -15.8078
-6 36 -15.9665
-6 37 -16.1193
-6 38 -16.2696
-6 39 -16.4026
-6 40 -16.5381
-5 -10 -8.13177
-5 -9 -8.12225
-5 -8 -8.07176
-5 -7 -8.05433
-5 -6 -8.03677
-5 -5 -8.01967
-5 -4 -8.00804
-5 -3 -7.96859
-5 -2 -7.91941
-5 -1 -7.88288
-5 0 -7.85816
-5 1 -7.82826
-5 2 -7.87924
-5 3 -8.06277
-5 4 -8.32149
-5 5 -8.6256
-5 6 -8.95198
-5 7 -9.27267
-5 8 -9.60243
-5 9 -9.90484
-5 10 -10.2206
-5 11 -10.4974
-5 12 -10.8105
-5 13 -11.0797
-5 14 -11.3537
-5 15 -11.625
-5 16 -11.8838
-5 17 -12.1338
-5 18 -12.3791
-5 19 -12.6116
-5 20 -12.8506
-5 21 -13.0772
-5 22 -13.2892
-5 23 -13.5166
-5 24 -13.7279
-5 25 -13.9343
-5 26 -14.1476
-5 27 -14.3363
-5 28 -14.5268
-5 29 -14.716
-5 30 -14.9067
-5 31 -15.0839
-5 32 -15.2504
-5 33 -15.4312
-5 34 -15.609
-5 35 -15.7671
-5 36 -15.911
-5 37 -16.0757
-5 38 -16.2271
-5 39 -16.3714
-5 40 -16.5073
-4 -10 -8.11131
-4 -9 -8.08831
-4 -8 -8.0532
-4 -7 -8.04064
-4 -6 -8.03259
-4 -5 -8.02606
-4 -4 -7.97885
-4 -3 -7.9197
-4 -2 -7.88401
-4 -1 -7.85644
-4 0 -7.83873
-4 1 -7.82074
-4 2 -7.85857
-4 3 -8.0382
-4 4 -8.31402
-4 5 -8.60147
-4 6 -8.93485
-4 7 -9.25798
-4 8 -9.57796
-4 9 -9.90965
-4 10 -10.2051
-4 11 -10.5184
-4 12 -10.7971
-4 13 -11.0908
-4 14 -11.3453
-4 15 -11.6203
-4 16 -11.8836
-4 17 -12.1285
-4 18 -12.3756
-4 19 -12.6156
-4 20 -12.8321
-4 21 -13.0672
-4 22 -13.2943
-4 23 -13.4996
-4 24 -13.7132
-4 25 -13.9321
-4 26 -14.1061
-4 27 -14.3067
-4 28 -14.5107
-4 29 -14.705
-4 30 -14.8848
-4 31 -15.058
-4 32 -15.231
-4 33 -15.3981
-4 34 -15.5624
-4 35 -15.7251
-4 36 -15.8875
-4 37 -16.0402
-4 38 -16.1987
-4 39 -16.3343
-4 40 -16.4776
-3 -10 -8.10181
-3 -9 -8.07349
-3 -8 -8.0673
-3 -7 -8.05105
-3 -6 -8.03148
-3 -5 -8.00339
-3 -4 -7.95235
-3 -3 -7.89288
-3 -2 -7.87237
-3 -1 -7.85172
-3 0 -7.83367
-3 1 -7.81701
-3 2 -7.8271
-3 3 -8.00792
-3 4 -8.25036
-3 5 -8.56482
-3 6 -8.88403
-3 7 -9.23129
-3 8 -9.54734
-3 9 -9.89708
-3 10 -10.1829
-3 11 -10.4925
-3 12 -10.7807
-3 13 -11.0766
-3 14 -11.3486
-3 15 -11.617
-3 16 -11.8879
-3 17 -12.1269
-3 18 -12.3787
-3 19 -12.6024
-3 20 -12.8485
-3 21 -13.0692
-3 22 -13.2943
-3 23 -13.4981
-3 24 -13.6957
-3 25 -13.9063
-3 26 -14.0965
-3 27 -14.3068
-3 28 -14.5025
-3 29 -14.6849
-3 30 -14.8646
-3 31 -15.0396
-3 32 -15.2078
-3 33 -15.3812
-3 34 -15.5503
-3 35 -15.7058
-3 36 -15.8583
-3 37 -16.0227
-3 38 -16.1683
-3 39 -16.3077
-3 40 -16.4486
-2 -10 -8.09959
-2 -9 -8.07415
-2 -8 -8.05916
-2 -7 -8.05204
-2 -6 -8.02019
-2 -5 -7.97927
-2 -4 -7.91995
-2 -3 -7.89443
-2 -2 -7.86199
-2 -1 -7.85806
-2 0 -7.83533
-2 1 -7.77273
-2 2 -7.76374
-2 3 -7.95759
-2 4 -8.21204
-2 5 -8.51954
-2 6 -8.83329
-2 7 -9.16489
-2 8 -9.48596
-2 9 -9.81293
-2 10 -10.1472
-2 11 -10.4356
-2 12 -10.7403
-2 13 -11.0431
-2 14 -11.318
-2 15 -11.5983
-2 16 -11.8776
-2 17 -12.1267
-2 18 -12.3766
-2 19 -12.6092
-2 20 -12.8373
-2 21 -13.071
-2 22 -13.3012
-2 23 -13.5001
-2 24 -13.7208
-2 25 -13.9264
-2 26 -14.1163
-2 27 -14.3057
-2 28 -14.4997
-2 29 -14.6818
-2 30 -14.8675
-2 31 -15.0495
-2 32 -15.2279
-2 33 -15.3802
-2 34 -15.5423
-2 35 -15.7124
-2 36 -15.8532
-2 37 -16.0103
-2 38 -16.1579
-2 39 -16.3032
-2 40 -16.4433
-1 -10 -8.09682
-1 -9 -8.0831
-1 -8 -8.07019
-1 -7 -8.04139
-1 -6 -7.98442
-1 -5 -7.95383
-1 -4 -7.90259
-1 -3 -7.89987
-1 -2 -7.87793
-1 -1 -7.85858
-1 0 -7.81492
-1 1 -7.73959
-1 2 -7.76555
-1 3 -7.93081
-1 4 -8.20354
-1 5 -8.51644
-1 6 -8.84375
-1 7 -9.15722
-1 8 -9.4803
-1 9 -9.78655
-1 10 -10.1221
-1 11 -10.4028
-1 12 -10.7114
-1 13 -11.0003
-1 14 -11.2895
-1 15 -11.5746
-1 16 -11.85
-1 17 -12.0965
-1 18 -12.37
-1 19 -12.5953
-1 20 -12.8559
-1 21 -13.0846
-1 22 -13.2978
-1 23 -13.5171
-1 24 -13.7262
-1 25 -13.9335
-1 26 -14.1416
-1 27 -14.3278
-1 28 -14.5188
-1 29 -14.7033
-1 30 -14.882
-1 31 -15.0555
-1 32 -15.231
-1 33 -15.4035
-1 34 -15.5632
-1 35 -15.7266
-1 36 -15.879
-1 37 -16.0199
-1 38 -16.1736
-1 39 -16.3248
-1 40 -16.4547
0 -10 -8.10513
0 -9 -8.08752
0 -8 -8.08464
0 -7 -8.04187
0 -6 -7.99593
0 -5 -7.9626
0 -4 -7.93833
0 -3 -7.91012
0 -2 -7.88502
0 -1 -7.871
0 0 -7.80009
0 1 -7.73822
0 2 -7.76622
0 3 -7.95076
0 4 -8.21474
0 5 -8.51799
0 6 -8.83272
0 7 -9.17371
0 8 -9.47793
0 9 -9.78896
0 10 -10.116
0 11 -10.4326
0 12 -10.7156
0 13 -10.9907
0 14 -11.2893
0 15 -11.553
0 16 -11.8211
0 17 -12.0903
0 18 -12.341
0 19 -12.5929
0 20 -12.8617
0 21 -13.0831
0 22 -13.3118
0 23 -13.5464
0 24 -13.7692
0 25 -13.9713
0 26 -14.1651
0 27 -14.3699
0 28 -14.5617
0 29 -14.7434
0 30 -14.9159
0 31 -15.0987
0 32 -15.2705
0 33 -15.4335
0 34 -15.5827
0 35 -15.7659
0 36 -15.9164
0 37 -16.0502
0 38 -16.1999
0 39 -16.3477
0 40 -16.4826
1 -10 -8.13003
1 -9 -8.12782
1 -8 -8.09838
1 -7 -8.06296
1 -6 -8.01429
1 -5 -7.98215
1 -4 -7.96451
1 -3 -7.95795
1 -2 -7.94599
1 -1 -7.87845
1 0 -7.7964
1 1 -7.74983
1 2 -7.79081
1 3 -7.97853
1 4 -8.25123
1 5 -8.56752
1 6 -8.87938
1 7 -9.19265
1 8 -9.51315
1 9 -9.85102
1 10 -10.1539
1 11 -10.4486
1 12 -10.7437
1 13 -11.0066
1 14 -11.3098
1 15 -11.5942
1 16 -11.8438
1 17 -12.1276
1 18 -12.3638
1 19 -12.6255
1 20 -12.8642
1 21 -13.1124
1 22 -13.3583
1 23 -13.5697
1 24 -13.7933
1 25 -14.0005
1 26 -14.2132
1 27 -14.4147
1 28 -14.5937
1 29 -14.7809
1 30 -14.972
1 31 -15.1474
1 32 -15.3199
1 33 -15.4786
1 34 -15.6397
1 35 -15.7969
1 36 -15.9657
1 37 -16.1082
1 38 -16.2493
1 39 -16.383
1 40 -16.5319
2 -10 -8.18756
2 -9 -8.18244
2 -8 -8.15786
2 -7 -8.10759
2 -6 -8.06598
2 -5 -8.02996
2 -4 -8.01434
2 -3 -8.01563
2 -2 -7.99083
2 -1 -7.94003
2 0 -7.87482
2 1 -7.81136
2 2 -7.85888
2 3 -8.00527
2 4 -8.28153
2 5 -8.59427
2 6 -8.91696
2 7 -9.24228
2 8 -9.54707
2 9 -9.87739
2 10 -10.1966
2 11 -10.4962
2 12 -10.7894
2 13 -11.0789
2 14 -11.3502
2 15 -11.6335
2 16 -11.8874
2 17 -12.1529
2 18 -12.4065
2 19 -12.6659
2 20 -12.9218
2 21 -13.1497
2 22 -13.3848
2 23 -13.6277
2 24 -13.8256
2 25 -14.047
2 26 -14.2551
2 27 -14.4591
2 28 -14.6476
2 29 -14.8463
2 30 -15.0105
2 31 -15.191
2 32 -15.356
2 33 -15.5329
2 34 -15.693
2 35 -15.8474
2 36 -16.0023
2 37 -16.16
2 38 -16.3059
2 39 -16.4424
2 40 -16.5848
3 -10 -8.24056
3 -9 -8.23109
3 -8 -8.20861
3 -7 -8.1758
3 -6 -8.14086
3 -5 -8.08953
3 -4 -8.06493
3 -3 -8.0438
3 -2 -8.02504
3 -1 -7.98198
3 0 -7.91918
3 1 -7.88923
3 2 -7.90522
3 3 -8.07742
3 4 -8.33249
3 5 -8.65287
3 6 -8.94259
3 7 -9.29242
3 8 -9.62261
3 9 -9.92531
3 10 -10.2333
3 11 -10.5574
3 12 -10.8356
3 13 -11.1351
3 14 -11.42
3 15 -11.6992
3 16 -11.9607
3 17 -12.2222
3 18 -12.4856
3 19 -12.7392
3 20 -12.9669
3 21 -13.2207
3 22 -13.441
3 23 -13.6742
3 24 -13.8984
3 25 -14.0939
3 26 -14.3143
3 27 -14.4975
3 28 -14.7006
3 29 -14.8902
3 30 -15.0626
3 31 -15.2424
3 32 -15.4131
3 33 -15.5797
3 34 -15.7381
3 35 -15.9009
3 36 -16.0604
3 37 -16.2083
3 38 -16.3581
3 39 -16.4965
3 40 -16.6334
4 -10 -8.28415
4 -9 -8.25857
4 -8 -8.23825
4 -7 -8.21765
4 -6 -8.17792
4 -5 -8.15178
4 -4 -8.1124
4 -3 -8.08752
4 -2 -8.03749
4 -1 -8.01374
4 0 -7.98989
4 1 -7.93876
4 2 -7.96563
4 3 -8.12868
4 4 -8.38791
4 5 -8.71799
4 6 -9.04594
4 7 -9.3618
4 8 -9.69153
4 9 -10.0032
4 10 -10.3175
4 11 -10.6231
4 12 -10.9367
4 13 -11.222
4 14 -11.4928
4 15 -11.7712
4 16 -12.0352
4 17 -12.3071
4 18 -12.5638
4 19 -12.8013
4 20 -13.039
4 21 -13.2562
4 22 -13.4932
4 23 -13.7021
4 24 -13.9144
4 25 -14.1429
4 26 -14.3301
4 27 -14.5379
4 28 -14.7336
4 29 -14.9227
4 30 -15.0967
4 31 -15.2857
4 32 -15.4378
4 33 -15.6116
4 34 -15.7912
4 35 -15.9409
4 36 -16.0992
4 37 -16.2467
4 38 -16.3967
4 39 -16.5402
4 40 -16.6691
5 -10 -8.33161
5 -9 -8.30341
5 -8 -8.26469
5 -7 -8.24857
5 -6 -8.2206
5 -5 -8.2144
5 -4 -8.17699
5 -3 -8.12684
5 -2 -8.07766
5 -1 -8.04015
5 0 -8.01907
5 1 -7.98878
5 2 -8.03034
5 3 -8.20795
5 4 -8.45072
5 5 -8.78963
5 6 -9.10977
5 7 -9.44379
5 8 -9.75148
5 9 -10.0795
5 10 -10.3851
5 11 -10.695
5 12 -10.9905
5 13 -11.2875
5 14 -11.56
5 15 -11.8242
5 16 -12.0948
5 17 -12.3489
5 18 -12.6077
5 19 -12.8323
5 20 -13.0649
5 21 -13.3031
5 22 -13.5244
5 23 -13.7517
5 24 -13.962
5 25 -14.1621
5 26 -14.3651
5 27 -14.5691
5 28 -14.7705
5 29 -14.9611
5 30 -15.1373
5 31 -15.3231
5 32 -15.4954
5 33 -15.6611
5 34 -15.8275
5 35 -15.9931
5 36 -16.1376
5 37 -16.2987
5 38 -16.446
5 39 -16.5921
5 40 -16.7243
6 -10 -8.3662
6 -9 -8.33326
6 -8 -8.29617
6 -7 -8.28904
6 -6 -8.27236
6 -5 -8.25766
6 -4 -8.23337
6 -3 -8.18676
6 -2 -8.12492
6 -1 -8.08373
6 0 -8.05567
6 1 -8.03761
6 2 -8.07197
6 3 -8.24809
6 4 -8.53442
6 5 -8.83739
6 6 -9.15516
6 7 -9.48775
6 8 -9.81721
6 9 -10.1376
6 10 -10.4509
6 11 -10.7474
6 12 -11.0332
6 13 -11.3416
6 14 -11.6094
6 15 -11.884
6 16 -12.1402
6 17 -12.3786
6 18 -12.6386
6 19 -12.8734
6 20 -13.1057
6 21 -13.3316
6 22 -13.5495
6 23 -13.7719
6 24 -14.0013
6 25 -14.2067
6 26 -14.4197
6 27 -14.6165
6 28 -14.8135
6 29 -15.0002
6 30 -15.1829
6 31 -15.3707
6 32 -15.549
6 33 -15.7168
6 34 -15.8826
6 35 -16.0498
6 36 -16.1989
6 37 -16.3507
6 38 -16.497
6 39 -16.6463
6 40 -16.7877
7 -10 -8.42884
7 -9 -8.39417
7 -8 -8.35254
7 -7 -8.32495
7 -6 -8.31638
7 -5 -8.30395
7 -4 -8.28351
7 -3 -8.25564
7 -2 -8.19898
7 -1 -8.13402
7 0 -8.08893
7 1 -8.08487
7 2 -8.11778
7 3 -8.29474
7 4 -8.5559
7 5 -8.87276
7 6 -9.20249
7 7 -9.53648
7 8 -9.86453
7 9 -10.1745
7 10 -10.4954
7 11 -10.7878
7 12 -11.084
7 13 -11.3759
7 14 -11.6403
7 15 -11.9118
7 16 -12.1719
7 17 -12.4122
7 18 -12.6644
7 19 -12.9035
7 20 -13.1373
7 21 -13.3667
7 22 -13.5959
7 23 -13.8157
7 24 -14.0377
7 25 -14.2337
7 26 -14.4476
7 27 -14.6478
7 28 -14.8489
7 29 -15.0487
7 30 -15.2335
7 31 -15.4027
7 32 -15.586
7 33 -15.7736
7 34 -15.9392
7 35 -16.104
7 36 -16.2589
7 37 -16.4158
7 38 -16.5627
7 39 -16.7013
7 40 -16.849
8 -10 -8.48312
8 -9 -8.46518
8 -8 -8.4111
8 -7 -8.38161
8 -6 -8.35901
8 -5 -8.35116
8 -4 -8.31844
8 -3 -8.30129
8 -2 -8.24113
8 -1 -8.17846
8 0 -8.14916
8 1 -8.12151
8 2 -8.16121
8 3 -8.31481
8 4 -8.59908
8 5 -8.90483
8 6 -9.22907
8 7 -9.56575
8 8 -9.88797
8 9 -10.2035
8 10 -10.5186
8 11 -10.8177
8 12 -11.1081
8 13 -11.3959
8 14 -11.6675
8 15 -11.9305
8 16 -12.2076
8 17 -12.4528
8 18 -12.7039
8 19 -12.948
8 20 -13.1743
8 21 -13.4145
8 22 -13.6365
8 23 -13.8538
8 24 -14.0777
8 25 -14.298
8 26 -14.4905
8 27 -14.7072
8 28 -14.9051
8 29 -15.1028
8 30 -15.2941
8 31 -15.4816
8 32 -15.6506
8 33 -15.8353
8 34 -15.9984
8 35 -16.1611
8 36 -16.3299
8 37 -16.4745
8 38 -16.6195
8 39 -16.7678
8 40 -16.9078
9 -10 -8.53221
9 -9 -8.49053
9 -8 -8.45827
9 -7 -8.41651
9 -6 -8.39569
9 -5 -8.37971
9 -4 -8.35699
9 -3 -8.31917
9 -2 -8.27774
9 -1 -8.22855
9 0 -8.18932
9 1 -8.15419
9 2 -8.18708
9 3 -8.35453
9 4 -8.62536
9 5 -8.93441
9 6 -9.2558
9 7 -9.60419
9 8 -9.92448
9 9 -10.257
9 10 -10.5636
9 11 -10.8643
9 12 -11.1641
9 13 -11.4367
9 14 -11.7254
9 15 -11.9843
9 16 -12.2539
9 17 -12.5014
9 18 -12.7569
9 19 -12.9887
9 20 -13.2357
9 21 -13.4656
9 22 -13.6948
9 23 -13.9138
9 24 -14.1401
9 25 -14.3573
9 26 -14.5562
9 27 -14.7652
9 28 -14.9718
9 29 -15.1516
9 30 -15.3576
9 31 -15.5199
9 32 -15.712
9 33 -15.8778
9 34 -16.0546
9 35 -16.2151
9 36 -16.3691
9 37 -16.5212
9 38 -16.6781
9 39 -16.8132
9 40 -16.9523
10 -10 -8.55479
10 -9 -8.51633
10 -8 -8.50336
10 -7 -8.46263
10 -6 -8.42941
10 -5 -8.41532
10 -4 -8.38687
10 -3 -8.34977
10 -2 -8.29766
10 -1 -8.27009
10 0 -8.24002
10 1 -8.20358
10 2 -8.22916
10 3 -8.39318
10 4 -8.66993
10 5 -8.98605
10 6 -9.31577
10 7 -9.64135
10 8 -9.99045
10 9 -10.2959
10 10 -10.6248
10 11 -10.9205
10 12 -11.2089
10 13 -11.491
10 14 -11.7606
10 15 -12.0362
10 16 -12.3101
10 17 -12.5634
10 18 -12.8013
10 19 -13.0495
10 20 -13.2891
10 21 -13.518
10 22 -13.7469
10 23 -13.9715
10 24 -14.1914
10 25 -14.3918
10 26 -14.606
10 27 -14.8026
10 28 -15.0052
10 29 -15.1923
10 30 -15.3807
10 31 -15.5645
10 32 -15.7379
10 33 -15.9189
10 34 -16.0779
10 35 -16.2444
10 36 -16.4015
10 37 -16.5467
10 38 -16.6999
10 39 -16.8449
10 40 -16.9871
11 -10 -8.57634
11 -9 -8.54264
11 -8 -8.51426
11 -7 -8.49399
11 -6 -8.47389
11 -5 -8.44232
11 -4 -8.42301
11 -3 -8.36605
11 -2 -8.31773
11 -1 -8.30006
11 0 -8.26811
11 1 -8.25491
11 2 -8.29659
11 3 -8.45226
11 4 -8.72337
11 5 -9.0477
11 6 -9.36156
11 7 -9.71536
11 8 -10.0429
11 9 -10.3405
11 10 -10.6639
11 11 -10.9622
11 12 -11.2595
11 13 -11.5443
11 14 -11.8206
11 15 -12.0795
11 16 -12.3463
11 17 -12.5951
11 18 -12.8462
11 19 -13.0898
11 20 -13.3292
11 21 -13.5561
11 22 -13.7837
11 23 -13.9991
11 24 -14.2114
11 25 -14.4275
11 26 -14.6316
11 27 -14.8443
11 28 -15.0317
11 29 -15.2144
11 30 -15.4059
11 31 -15.5882
11 32 -15.7641
11 33 -15.9463
11 34 -16.1037
11 35 -16.2741
11 36 -16.4267
11 37 -16.5818
11 38 -16.7262
11 39 -16.869
11 40 -17.0103
12 -10 -8.60449
12 -9 -8.56887
12 -8 -8.54837
12 -7 -8.52208
12 -6 -8.51774
12 -5 -8.49899
12 -4 -8.47229
12 -3 -8.39959
12 -2 -8.35804
12 -1 -8.31922
12 0 -8.30557
12 1 -8.29607
12 2 -8.33734
12 3 -8.49621
12 4 -8.76699
12 5 -9.07641
12 6 -9.40273
12 7 -9.7463
12 8 -10.0652
12 9 -10.4019
12 10 -10.7067
12 11 -11.0045
12 12 -11.2937
12 13 -11.5616
12 14 -11.8526
12 15 -12.1193
12 16 -12.3706
12 17 -12.6309
12 18 -12.8664
12 19 -13.1199
12 20 -13.3543
12 21 -13.5873
12 22 -13.8057
12 23 -14.025
12 24 -14.2383
12 25 -14.4472
12 26 -14.6509
12 27 -14.8525
12 28 -15.048
12 29 -15.241
12 30 -15.4355
12 31 -15.6119
12 32 -15.7891
12 33 -15.9681
12 34 -16.1403
12 35 -16.2962
12 36 -16.4542
12 37 -16.6096
12 38 -16.7558
12 39 -16.9023
12 40 -17.0377
13 -10 -8.64871
13 -9 -8.61633
13 -8 -8.57754
13 -7 -8.57001
13 -6 -8.54542
13 -5 -8.52103
13 -4 -8.50592
13 -3 -8.45044
13 -2 -8.39422
13 -1 -8.35872
13 0 -8.3347
13 1 -8.32495
13 2 -8.3646
13 3 -8.53315
13 4 -8.79357
13 5 -9.11112
13 6 -9.42211
13 7 -9.7665
13 8 -10.0788
13 9 -10.4109
13 10 -10.7141
13 11 -11.0246
13 12 -11.3173
13 13 -11.603
13 14 -11.875
13 15 -12.1439
13 16 -12.3989
13 17 -12.6479
13 18 -12.8904
13 19 -13.1413
13 20 -13.3774
13 21 -13.6086
13 22 -13.8387
13 23 -14.0539
13 24 -14.2629
13 25 -14.4738
13 26 -14.6784
13 27 -14.8777
13 28 -15.0705
13 29 -15.2747
13 30 -15.459
13 31 -15.6536
13 32 -15.8242
13 33 -15.9947
13 34 -16.1669
13 35 -16.335
13 36 -16.4937
13 37 -16.6472
13 38 -16.7893
13 39 -16.9309
13 40 -17.0709
14 -10 -8.69284
14 -9 -8.64793
14 -8 -8.61057
14 -7 -8.588
14 -6 -8.58173
14 -5 -8.56191
14 -4 -8.53944
14 -3 -8.49368
14 -2 -8.44106
14 -1 -8.38861
14 0 -8.36598
14 1 -8.34215
14 2 -8.37965
14 3 -8.54453
14 4 -8.81673
14 5 -9.12762
14 6 -9.45115
14 7 -9.79939
14 8 -10.1188
14 9 -10.4345
14 10 -10.7652
14 11 -11.0503
14 12 -11.3393
14 13 -11.6199
14 14 -11.9057
14 15 -12.1733
14 16 -12.4344
14 17 -12.6823
14 18 -12.9252
14 19 -13.1698
14 20 -13.4011
14 21 -13.63
14 22 -13.8556
14 23 -14.0774
14 24 -14.2947
14 25 -14.5057
14 26 -14.7161
14 27 -14.9126
14 28 -15.1032
14 29 -15.3092
14 30 -15.4879
14 31 -15.6794
14 32 -15.861
14 33 -16.0353
14 34 -16.1904
14 35 -16.3608
14 36 -16.5276
14 37 -16.6827
14 38 -16.8238
14 39 -16.9714
14 40 -17.1117
15 -10 -8.72735
15 -9 -8.68372
15 -8 -8.64162
15 -7 -8.61676
15 -6 -8.60466
15 -5 -8.58058
15 -4 -8.56317
15 -3 -8.52089
15 -2 -8.46385
15 -1 -8.4269
15 0 -8.3886
15 1 -8.36875
15 2 -8.3933
15 3 -8.56797
15 4 -8.84034
15 5 -9.15633
15 6 -9.48137
15 7 -9.80331
15 8 -10.1556
15 9 -10.464
15 10 -10.7771
15 11 -11.0728
15 12 -11.3703
15 13 -11.653
15 14 -11.9331
15 15 -12.1985
15 16 -12.47
15 17 -12.7237
15 18 -12.9587
15 19 -13.2032
15 20 -13.4411
15 21 -13.6575
15 22 -13.8838
15 23 -14.1068
15 24 -14.3261
15 25 -14.5413
15 26 -14.7434
15 27 -14.9423
15 28 -15.1463
15 29 -15.3343
15 30 -15.5297
15 31 -15.7194
15 32 -15.8923
15 33 -16.0675
15 34 -16.234
15 35 -16.4077
15 36 -16.5604
15 37 -16.7185
15 38 -16.8727
15 39 -17.0096
15 40 -17.1545
16 -10 -8.74981
16 -9 -8.70349
16 -8 -8.66442
16 -7 -8.64254
16 -6 -8.62456
16 -5 -8.60995
16 -4 -8.58305
16 -3 -8.53584
16 -2 -8.49727
16 -1 -8.45385
16 0 -8.42981
16 1 -8.39621
16 2 -8.42613
16 3 -8.58986
16 4 -8.84559
16 5 -9.16607
16 6 -9.49392
16 7 -9.83168
16 8 -10.1712
16 9 -10.5016
16 10 -10.8037
16 11 -11.1107
16 12 -11.408
16 13 -11.689
16 14 -11.9773
16 15 -12.2364
16 16 -12.5018
16 17 -12.7551
16 18 -12.9948
16 19 -13.2484
16 20 -13.473
16 21 -13.7028
16 22 -13.9259
16 23 -14.1504
16 24 -14.3633
16 25 -14.5736
16 26 -14.786
16 27 -14.9829
16 28 -15.1734
16 29 -15.3719
16 30 -15.5623
16 31 -15.7583
16 32 -15.9323
16 33 -16.1035
16 34 -16.274
16 35 -16.435
16 36 -16.5982
16 37 -16.7528
16 38 -16.899
16 39 -17.0395
16 40 -17.1854
17 -10 -8.77162
17 -9 -8.73656
17 -8 -8.69578
17 -7 -8.66831
17 -6 -8.65188
17 -5 -8.63553
17 -4 -8.60654
17 -3 -8.55469
17 -2 -8.51761
17 -1 -8.47802
17 0 -8.46948
17 1 -8.4257
17 2 -8.45789
17 3 -8.63068
17 4 -8.88637
17 5 -9.19404
17 6 -9.52279
17 7 -9.86797
17 8 -10.1962
17 9 -10.522
17 10 -10.8356
17 11 -11.153
17 12 -11.4435
17 13 -11.7208
17 14 -12.0022
17 15 -12.276
17 16 -12.5318
17 17 -12.7997
17 18 -13.0329
17 19 -13.2741
17 20 -13.5166
17 21 -13.7399
17 22 -13.9697
17 23 -14.1785
17 24 -14.3891
17 25 -14.5968
17 26 -14.7947
17 27 -15.01
17 28 -15.2083
17 29 -15.4046
17 30 -15.5846
17 31 -15.7718
17 32 -15.9636
17 33 -16.1304
17 34 -16.297
17 35 -16.4579
17 36 -16.6159
17 37 -16.7708
17 38 -16.9267
17 39 -17.0624
17 40 -17.2056
18 -10 -8.77707
18 -9 -8.75065
18 -8 -8.72394
18 -7 -8.70095
18 -6 -8.68527
18 -5 -8.6503
18 -4 -8.62325
18 -3 -8.5765
18 -2 -8.53401
18 -1 -8.50513
18 0 -8.48298
18 1 -8.46866
18 2 -8.48852
18 3 -8.65007
18 4 -8.92353
18 5 -9.22611
18 6 -9.57188
18 7 -9.89746
18 8 -10.2158
18 9 -10.5508
18 10 -10.8649
18 11 -11.1747
18 12 -11.4702
18 13 -11.7572
18 14 -12.0289
18 15 -12.2947
18 16 -12.5559
18 17 -12.8159
18 18 -13.0559
18 19 -13.2902
18 20 -13.5409
18 21 -13.7616
18 22 -13.9914
18 23 -14.21
18 24 -14.4151
18 25 -14.6279
18 26 -14.8317
18 27 -15.0401
18 28 -15.2307
18 29 -15.4288
18 30 -15.6098
18 31 -15.7884
18 32 -15.977
18 33 -16.1434
18 34 -16.3175
18 35 -16.4812
18 36 -16.6302
18 37 -16.7878
18 38 -16.9379
18 39 -17.0888
18 40 -17.2284
19 -10 -8.80498
19 -9 -8.77727
19 -8 -8.75311
19 -7 -8.72835
19 -6 -8.70079
19 -5 -8.69301
19 -4 -8.64485
19 -3 -8.59977
19 -2 -8.56252
19 -1 -8.52208
19 0 -8.50327
19 1 -8.49456
19 2 -8.51749
19 3 -8.68423
19 4 -8.9372
19 5 -9.25375
19 6 -9.56862
19 7 -9.91423
19 8 -10.2536
19 9 -10.584
19 10 -10.9005
19 11 -11.207
19 12 -11.4865
19 13 -11.7828
19 14 -12.0527
19 15 -12.327
19 16 -12.579
19 17 -12.835
19 18 -13.0778
19 19 -13.3207
19 20 -13.5538
19 21 -13.7818
19 22 -14.0131
19 23 -14.2258
19 24 -14.4429
19 25 -14.637
19 26 -14.8594
19 27 -15.0604
19 28 -15.2488
19 29 -15.4499
19 30 -15.6296
19 31 -15.8153
19 32 -15.9903
19 33 -16.162
19 34 -16.3293
19 35 -16.501
19 36 -16.6536
19 37 -16.8046
19 38 -16.9611
19 39 -17.1009
19 40 -17.242
20 -10 -8.82365
20 -9 -8.79995
20 -8 -8.77097
20 -7 -8.75271
20 -6 -8.73717
20 -5 -8.72421
20 -4 -8.68366
20 -3 -8.62188
20 -2 -8.59398
20 -1 -8.5488
20 0 -8.52996
20 1 -8.5103
20 2 -8.53131
20 3 -8.69502
20 4 -8.95919
20 5 -9.28049
20 6 -9.60501
20 7 -9.94604
20 8 -10.2741
20 9 -10.5981
20 10 -10.9184
20 11 -11.2201
20 12 -11.5125
20 13 -11.7989
20 14 -12.0781
20 15 -12.3395
20 16 -12.6086
20 17 -12.8516
20 18 -13.101
20 19 -13.3401
20 20 -13.5729
20 21 -13.8029
20 22 -14.0245
20 23 -14.2436
20 24 -14.4584
20 25 -14.6728
20 26 -14.8787
20 27 -15.0777
20 28 -15.2771
20 29 -15.4625
20 30 -15.6503
20 31 -15.835
20 32 -16.0128
20 33 -16.1896
20 34 -16.3527
20 35 -16.5214
20 36 -16.6697
20 37 -16.8259
20 38 -16.979
20 39 -17.1232
20 40 -17.2647
21 -10 -8.85398
21 -9 -8.82064
21 -8 -8.79485
21 -7 -8.77482
21 -6 -8.76375
21 -5 -8.74066
21 -4 -8.7191
21 -3 -8.65031
21 -2 -8.62045
21 -1 -8.56587
21 0 -8.55043
21 1 -8.52751
21 2 -8.55954
21 3 -8.70772
21 4 -8.98214
21 5 -9.29899
21 6 -9.63521
21 7 -9.9664
21 8 -10.2811
21 9 -10.6057
21 10 -10.9362
21 11 -11.2365
21 12 -11.5288
21 13 -11.8132
21 14 -12.0994
21 15 -12.3585
21 16 -12.6189
21 17 -12.8793
21 18 -13.1219
21 19 -13.3616
21 20 -13.6025
21 21 -13.8314
21 22 -14.0517
21 23 -14.2749
21 24 -14.4844
21 25 -14.697
21 26 -14.8941
21 27 -15.0958
21 28 -15.299
21 29 -15.4845
21 30 -15.6674
21 31 -15.8673
21 32 -16.0373
21 33 -16.2048
21 34 -16.377
21 35 -16.5393
21 36 -16.7009
21 37 -16.8565
21 38 -17.0019
21 39 -17.1487
21 40 -17.2853
22 -10 -8.87926
22 -9 -8.83981
22 -8 -8.81357
22 -7 -8.7926
22 -6 -8.77814
22 -5 -8.75767
22 -4 -8.73224
22 -3 -8.67652
22 -2 -8.63771
22 -1 -8.59131
22 0 -8.57167
22 1 -8.53718
22 2 -8.56822
22 3 -8.7343
22 4 -8.99572
22 5 -9.32013
22 6 -9.64773
22 7 -9.98808
22 8 -10.3064
22 9 -10.6248
22 10 -10.9497
22 11 -11.2481
22 12 -11.5528
22 13 -11.8464
22 14 -12.1086
22 15 -12.3698
22 16 -12.6508
22 17 -12.9097
22 18 -13.1444
22 19 -13.3877
22 20 -13.6203
22 21 -13.8529
22 22 -14.0789
22 23 -14.2924
22 24 -14.502
22 25 -14.7262
22 26 -14.9232
22 27 -15.1216
22 28 -15.3213
22 29 -15.5068
22 30 -15.7013
22 31 -15.8824
22 32 -16.0645
22 33 -16.2396
22 34 -16.4002
22 35 -16.5717
22 36 -16.7234
22 37 -16.8757
22 38 -17.0323
22 39 -17.1729
22 40 -17.3242
23 -10 -8.90197
23 -9 -8.86628
23 -8 -8.83063
23 -7 -8.80396
23 -6 -8.79305
23 -5 -8.77348
23 -4 -8.7455
23 -3 -8.7065
23 -2 -8.66353
23 -1 -8.62146
23 0 -8.6083
23 1 -8.56354
23 2 -8.59324
23 3 -8.75491
23 4 -9.02707
23 5 -9.3407
23 6 -9.677
23 7 -9.99617
23 8 -10.3283
23 9 -10.6642
23 10 -10.9762
23 11 -11.2861
23 12 -11.5734
23 13 -11.8593
23 14 -12.1371
23 15 -12.4075
23 16 -12.6813
23 17 -12.9163
23 18 -13.1778
23 19 -13.4165
23 20 -13.6531
23 21 -13.8763
23 22 -14.1017
23 23 -14.3198
23 24 -14.5326
23 25 -14.7418
23 26 -14.9508
23 27 -15.1575
23 28 -15.3478
23 29 -15.5388
23 30 -15.7281
23 31 -15.912
23 32 -16.0911
23 33 -16.2604
23 34 -16.4232
23 35 -16.5918
23 36 -16.7566
23 37 -16.9043
23 38 -17.0524
23 39 -17.2053
23 40 -17.3427
24 -10 -8.9193
24 -9 -8.88814
24 -8 -8.84627
24 -7 -8.83254
24 -6 -8.8148
24 -5 -8.78566
24 -4 -8.75598
24 -3 -8.71509
24 -2 -8.67433
24 -1 -8.65099
24 0 -8.62472
24 1 -8.58387
24 2 -8.60531
24 3 -8.77177
24 4 -9.05473
24 5 -9.3714
24 6 -9.68917
24 7 -10.0242
24 8 -10.3554
24 9 -10.6804
24 10 -10.9855
24 11 -11.3091
24 12 -11.598
24 13 -11.8758
24 14 -12.1683
24 15 -12.432
24 16 -12.6936
24 17 -12.9458
24 18 -13.1971
24 19 -13.439
24 20 -13.6814
24 21 -13.8937
24 22 -14.1253
24 23 -14.3432
24 24 -14.5628
24 25 -14.7691
24 26 -14.9741
24 27 -15.1789
24 28 -15.3762
24 29 -15.5628
24 30 -15.7525
24 31 -15.931
24 32 -16.1074
24 33 -16.2807
24 34 -16.4532
24 35 -16.6174
24 36 -16.7773
24 37 -16.9275
24 38 -17.0755
24 39 -17.2226
24 40 -17.3579
25 -10 -8.93666
25 -9 -8.90429
25 -8 -8.86587
25 -7 -8.85081
25 -6 -8.82787
25 -5 -8.80226
25 -4 -8.77889
25 -3 -8.73332
25 -2 -8.69518
25 -1 -8.66846
25 0 -8.64367
25 1 -8.61667
25 2 -8.63053
25 3 -8.8037
25 4 -9.06943
25 5 -9.38795
25 6 -9.71524
25 7 -10.0543
25 8 -10.3782
25 9 -10.7031
25 10 -11.0144
25 11 -11.321
25 12 -11.6089
25 13 -11.9037
25 14 -12.1857
25 15 -12.4566
25 16 -12.7225
25 17 -12.9696
25 18 -13.2179
25 19 -13.4511
25 20 -13.6965
25 21 -13.9163
25 22 -14.1499
25 23 -14.3745
25 24 -14.5788
25 25 -14.7885
25 26 -14.995
25 27 -15.1841
25 28 -15.3785
25 29 -15.5784
25 30 -15.7644
25 31 -15.9423
25 32 -16.1235
25 33 -16.2948
25 34 -16.4674
25 35 -16.6313
25 36 -16.7924
25 37 -16.9493
25 38 -17.0964
25 39 -17.2363
25 40 -17.3747
26 -10 -8.94506
26 -9 -8.9141
26 -8 -8.89472
26 -7 -8.88332
26 -6 -8.85521
26 -5 -8.82965
26 -4 -8.80129
26 -3 -8.75649
26 -2 -8.70873
26 -1 -8.68499
26 0 -8.66454
26 1 -8.63722
26 2 -8.65659
26 3 -8.82775
26 4 -9.08905
26 5 -9.40582
26 6 -9.72019
26 7 -10.0647
26 8 -10.4019
26 9 -10.7108
26 10 -11.0266
26 11 -11.3368
26 12 -11.6282
26 13 -11.9236
26 14 -12.1956
26 15 -12.4701
26 16 -12.7243
26 17 -12.9874
26 18 -13.2368
26 19 -13.4701
26 20 -13.7132
26 21 -13.9362
26 22 -14.1644
26 23 -14.3863
26 24 -14.5917
26 25 -14.8064
26 26 -14.9991
26 27 -15.2085
26 28 -15.4026
26 29 -15.5965
26 30 -15.786
26 31 -15.9679
26 32 -16.1441
26 33 -16.3229
26 34 -16.4875
26 35 -16.645
26 36 -16.8016
26 37 -16.9636
26 38 -17.1051
26 39 -17.2509
26 40 -17.3924
27 -10 -8.965
27 -9 -8.93468
27 -8 -8.915
27 -7 -8.89832
27 -6 -8.87088
27 -5 -8.84537
27 -4 -8.81901
27 -3 -8.77744
27 -2 -8.73863
27 -1 -8.70038
27 0 -8.6793
27 1 -8.65766
27 2 -8.67219
27 3 -8.84323
27 4 -9.10284
27 5 -9.39919
27 6 -9.73804
27 7 -10.0681
27 8 -10.4013
27 9 -10.729
27 10 -11.0429
27 11 -11.3478
27 12 -11.6461
27 13 -11.9443
27 14 -12.2139
27 15 -12.4855
27 16 -12.7575
27 17 -12.9956
27 18 -13.2455
27 19 -13.4895
27 20 -13.7245
27 21 -13.9584
27 22 -14.1785
27 23 -14.3917
27 24 -14.6162
27 25 -14.8208
27 26 -15.0207
27 27 -15.2197
27 28 -15.424
27 29 -15.6063
27 30 -15.7987
27 31 -15.9797
27 32 -16.1587
27 33 -16.3297
27 34 -16.4954
27 35 -16.663
27 36 -16.8201
27 37 -16.9742
27 38 -17.1255
27 39 -17.2589
27 40 -17.4015
28 -10 -8.98337
28 -9 -8.95519
28 -8 -8.93893
28 -7 -8.91414
28 -6 -8.89582
28 -5 -8.86853
28 -4 -8.83722
28 -3 -8.79864
28 -2 -8.74961
28 -1 -8.71963
28 0 -8.68925
28 1 -8.654
28 2 -8.69054
28 3 -8.84763
28 4 -9.11499
28 5 -9.43485
28 6 -9.75882
28 7 -10.0967
28 8 -10.4249
28 9 -10.7535
28 10 -11.0584
28 11 -11.3671
28 12 -11.668
28 13 -11.9574
28 14 -12.2312
28 15 -12.5048
28 16 -12.763
28 17 -13.0108
28 18 -13.2525
28 19 -13.5007
28 20 -13.7406
28 21 -13.9655
28 22 -14.1937
28 23 -14.4074
28 24 -14.6189
28 25 -14.8329
28 26 -15.0373
28 27 -15.2437
28 28 -15.4367
28 29 -15.6263
28 30 -15.8203
28 31 -16.0001
28 32 -16.1747
28 33 -16.3551
28 34 -16.5128
28 35 -16.6798
28 36 -16.8366
28 37 -16.9893
28 38 -17.1421
28 39 -17.2818
28 40 -17.4195
29 -10 -9.00016
29 -9 -8.96886
29 -8 -8.95042
29 -7 -8.92333
29 -6 -8.90676
29 -5 -8.88321
29 -4 -8.8541
29 -3 -8.81783
29 -2 -8.76324
29 -1 -8.7423
29 0 -8.70765
29 1 -8.66591
29 2 -8.69868
29 3 -8.87521
29 4 -9.13021
29 5 -9.44907
29 6 -9.77373
29 7 -10.1138
29 8 -10.4453
29 9 -10.7689
29 10 -11.0858
29 11 -11.3758
29 12 -11.6748
29 13 -11.9691
29 14 -12.2482
29 15 -12.5161
29 16 -12.7763
29 17 -13.0278
29 18 -13.2855
29 19 -13.5256
29 20 -13.7562
29 21 -13.9911
29 22 -14.211
29 23 -14.427
29 24 -14.6472
29 25 -14.8479
29 26 -15.0608
29 27 -15.263
29 28 -15.4545
29 29 -15.6464
29 30 -15.8388
29 31 -16.0181
29 32 -16.194
29 33 -16.3717
29 34 -16.5319
29 35 -16.6979
29 36 -16.8594
29 37 -17.0043
29 38 -17.1608
29 39 -17.3043
29 40 -17.4374
30 -10 -9.0128
30 -9 -8.9812
30 -8 -8.95527
30 -7 -8.93112
30 -6 -8.91601
30 -5 -8.89741
30 -4 -8.87276
30 -3 -8.83272
30 -2 -8.79868
30 -1 -8.75168
30 0 -8.72115
30 1 -8.67969
30 2 -8.71379
30 3 -8.88661
30 4 -9.14371
30 5 -9.46864
30 6 -9.79551
30 7 -10.1305
30 8 -10.4649
30 9 -10.7826
30 10 -11.0911
30 11 -11.4007
30 12 -11.6882
30 13 -11.9935
30 14 -12.2586
30 15 -12.5271
30 16 -12.7974
30 17 -13.0427
30 18 -13.2962
30 19 -13.5443
30 20 -13.7767
30 21 -14.0098
30 22 -14.2348
30 23 -14.4586
30 24 -14.6681
30 25 -14.8771
30 26 -15.085
30 27 -15.2842
30 28 -15.4741
30 29 -15.6694
30 30 -15.8492
30 31 -16.0361
30 32 -16.2135
30 33 -16.3929
30 34 -16.5601
30 35 -16.7214
30 36 -16.8767
30 37 -17.0308
30 38 -17.1755
30 39 -17.3228
30 40 -17.4635
31 -10 -9.03377
31 -9 -9.00487
31 -8 -8.9735
31 -7 -8.95203
31 -6 -8.92814
31 -5 -8.91196
31 -4 -8.89105
31 -3 -8.84343
31 -2 -8.8069
31 -1 -8.78108
31 0 -8.7391
31 1 -8.71524
31 2 -8.73641
31 3 -8.90315
31 4 -9.17159
31 5 -9.47237
31 6 -9.81225
31 7 -10.1424
31 8 -10.4874
31 9 -10.8123
31 10 -11.1244
31 11 -11.4159
31 12 -11.714
31 13 -12.0064
31 14 -12.2689
31 15 -12.5472
31 16 -12.8095
31 17 -13.0612
31 18 -13.3132
31 19 -13.5596
31 20 -13.7952
31 21 -14.0296
31 22 -14.252
31 23 -14.4649
31 24 -14.6897
31 25 -14.8959
31 26 -15.0994
31 27 -15.3016
31 28 -15.4973
31 29 -15.6952
31 30 -15.882
31 31 -16.0616
31 32 -16.2337
31 33 -16.4112
31 34 -16.5701
31 35 -16.7338
31 36 -16.8908
31 37 -17.0522
31 38 -17.1934
31 39 -17.3397
31 40 -17.4769
32 -10 -9.03741
32 -9 -9.01165
32 -8 -8.98944
32 -7 -8.9577
32 -6 -8.9368
32 -5 -8.91253
32 -4 -8.89702
32 -3 -8.85812
32 -2 -8.82618
32 -1 -8.78551
32 0 -8.75166
32 1 -8.73425
32 2 -8.75384
32 3 -8.92655
32 4 -9.1957
32 5 -9.49981
32 6 -9.84299
32 7 -10.1772
32 8 -10.492
32 9 -10.8302
32 10 -11.1377
32 11 -11.4291
32 12 -11.7308
32 13 -12.0172
32 14 -12.293
32 15 -12.5658
32 16 -12.8163
32 17 -13.078
32 18 -13.3305
32 19 -13.5781
32 20 -13.807
32 21 -14.0413
32 22 -14.2668
32 23 -14.4891
32 24 -14.7015
32 25 -14.9115
32 26 -15.1174
32 27 -15.3144
32 28 -15.5086
32 29 -15.7001
32 30 -15.8895
32 31 -16.0714
32 32 -16.241
32 33 -16.4228
32 34 -16.5922
32 35 -16.7476
32 36 -16.9044
32 37 -17.0576
32 38 -17.2113
32 39 -17.3568
32 40 -17.4953
33 -10 -9.04739
33 -9 -9.03501
33 -8 -8.99846
33 -7 -8.9767
33 -6 -8.94915
33 -5 -8.92915
33 -4 -8.91538
33 -3 -8.86598
33 -2 -8.83606
33 -1 -8.8062
33 0 -8.76908
33 1 -8.7461
33 2 -8.7638
33 3 -8.94234
33 4 -9.22409
33 5 -9.51804
33 6 -9.85179
33 7 -10.1934
33 8 -10.5133
33 9 -10.834
33 10 -11.1441
33 11 -11.4492
33 12 -11.7518
33 13 -12.0301
33 14 -12.3074
33 15 -12.5752
33 16 -12.8383
33 17 -13.0962
33 18 -13.3388
33 19 -13.588
33 20 -13.8232
33 21 -14.0503
33 22 -14.2786
33 23 -14.501
33 24 -14.7065
33 25 -14.9219
33 26 -15.1253
33 27 -15.325
33 28 -15.518
33 29 -15.7079
33 30 -15.8976
33 31 -16.0871
33 32 -16.2623
33 33 -16.4294
33 34 -16.6053
33 35 -16.7604
33 36 -16.9249
33 37 -17.0795
33 38 -17.2253
33 39 -17.3628
33 40 -17.5064
34 -10 -9.06231
34 -9 -9.03027
34 -8 -9.01145
34 -7 -8.9942
34 -6 -8.97163
34 -5 -8.94962
34 -4 -8.92167
34 -3 -8.88503
34 -2 -8.85378
34 -1 -8.8157
34 0 -8.78152
34 1 -8.76152
34 2 -8.79169
34 3 -8.95349
34 4 -9.22486
34 5 -9.54317
34 6 -9.8721
34 7 -10.212
34 8 -10.5201
34 9 -10.8461
34 10 -11.1629
34 11 -11.4654
34 12 -11.7505
34 13 -12.0411
34 14 -12.3119
34 15 -12.5872
34 16 -12.8558
34 17 -13.0989
34 18 -13.3498
34 19 -13.5936
34 20 -13.8234
34 21 -14.0604
34 22 -14.2899
34 23 -14.5134
34 24 -14.7234
34 25 -14.9347
34 26 -15.1393
34 27 -15.3402
34 28 -15.5354
34 29 -15.7244
34 30 -15.9154
34 31 -16.0916
34 32 -16.2702
34 33 -16.4466
34 34 -16.6211
34 35 -16.7803
34 36 -16.9361
34 37 -17.0895
34 38 -17.2333
34 39 -17.3824
34 40 -17.5186
35 -10 -9.07572
35 -9 -9.04731
35 -8 -9.02995
35 -7 -9.00439
35 -6 -8.98814
35 -5 -8.97231
35 -4 -8.9381
35 -3 -8.90088
35 -2 -8.86581
35 -1 -8.82174
35 0 -8.80077
35 1 -8.77351
35 2 -8.79697
35 3 -8.97058
35 4 -9.23122
35 5 -9.54997
35 6 -9.88241
35 7 -10.2067
35 8 -10.5414
35 9 -10.8609
35 10 -11.1757
35 11 -11.4754
35 12 -11.7698
35 13 -12.0603
35 14 -12.3356
35 15 -12.6003
35 16 -12.8594
35 17 -13.1147
35 18 -13.364
35 19 -13.6067
35 20 -13.8395
35 21 -14.0736
35 22 -14.2923
35 23 -14.5097
35 24 -14.7362
35 25 -14.9387
35 26 -15.1467
35 27 -15.346
35 28 -15.5477
35 29 -15.7307
35 30 -15.9233
35 31 -16.1073
35 32 -16.2855
35 33 -16.457
35 34 -16.6256
35 35 -16.7926
35 36 -16.95
35 37 -17.0977
35 38 -17.2481
35 39 -17.3901
35 40 -17.5302
36 -10 -9.0899
36 -9 -9.06179
36 -8 -9.03939
36 -7 -9.01836
36 -6 -8.99574
36 -5 -8.98108
36 -4 -8.95008
36 -3 -8.9207
36 -2 -8.87443
36 -1 -8.83625
36 0 -8.80748
36 1 -8.78455
36 2 -8.81388
36 3 -8.97657
36 4 -9.2429
36 5 -9.55616
36 6 -9.8877
36 7 -10.2234
36 8 -10.551
36 9 -10.8738
36 10 -11.1856
36 11 -11.4926
36 12 -11.7841
36 13 -12.0692
36 14 -12.3409
36 15 -12.6081
36 16 -12.8784
36 17 -13.131
36 18 -13.3643
36 19 -13.6165
36 20 -13.8536
36 21 -14.0833
36 22 -14.3032
36 23 -14.5269
36 24 -14.7433
36 25 -14.958
36 26 -15.1603
36 27 -15.3655
36 28 -15.5635
36 29 -15.7504
36 30 -15.9432
36 31 -16.1293
36 32 -16.297
36 33 -16.4747
36 34 -16.6468
36 35 -16.8089
36 36 -16.9661
36 37 -17.117
36 38 -17.2691
36 39 -17.4095
36 40 -17.5447
37 -10 -9.09648
37 -9 -9.07333
37 -8 -9.04222
37 -7 -9.02395
37 -6 -9.00621
37 -5 -8.98893
37 -4 -8.97027
37 -3 -8.93012
37 -2 -8.89009
37 -1 -8.84816
37 0 -8.81538
37 1 -8.79335
37 2 -8.82377
37 3 -8.99898
37 4 -9.26277
37 5 -9.57758
37 6 -9.90151
37 7 -10.2346
37 8 -10.5619
37 9 -10.8817
37 10 -11.1961
37 11 -11.504
37 12 -11.793
37 13 -12.0835
37 14 -12.3623
37 15 -12.6282
37 16 -12.8859
37 17 -13.1342
37 18 -13.3871
37 19 -13.6378
37 20 -13.8588
37 21 -14.0828
37 22 -14.324
37 23 -14.5423
37 24 -14.7525
37 25 -14.9665
37 26 -15.1631
37 27 -15.3741
37 28 -15.5674
37 29 -15.7661
37 30 -15.9517
37 31 -16.1338
37 32 -16.3112
37 33 -16.4836
37 34 -16.649
37 35 -16.812
37 36 -16.9751
37 37 -17.1296
37 38 -17.2772
37 39 -17.4186
37 40 -17.5585
38 -10 -9.1025
38 -9 -9.07635
38 -8 -9.05199
38 -7 -9.02818
38 -6 -9.00764
38 -5 -9.00744
38 -4 -8.97436
38 -3 -8.94031
38 -2 -8.89192
38 -1 -8.8521
38 0 -8.82722
38 1 -8.80735
38 2 -8.83117
38 3 -9.01013
38 4 -9.27115
38 5 -9.58756
38 6 -9.91462
38 7 -10.2526
38 8 -10.584
38 9 -10.8984
38 10 -11.2114
38 11 -11.5151
38 12 -11.814
38 13 -12.1014
38 14 -12.378
38 15 -12.6467
38 16 -12.9044
38 17 -13.1522
38 18 -13.4056
38 19 -13.6398
38 20 -13.8792
38 21 -14.1084
38 22 -14.3387
38 23 -14.5555
38 24 -14.7603
38 25 -14.9797
38 26 -15.1839
38 27 -15.3836
38 28 -15.5798
38 29 -15.7747
38 30 -15.9672
38 31 -16.1447
38 32 -16.3244
38 33 -16.4981
38 34 -16.6699
38 35 -16.8301
38 36 -16.984
38 37 -17.1402
38 38 -17.2874
38 39 -17.4342
38 40 -17.5733
39 -10 -9.11021
39 -9 -9.08049
39 -8 -9.05429
39 -7 -9.03415
39 -6 -9.01952
39 -5 -9.0069
39 -4 -8.99075
39 -3 -8.94858
39 -2 -8.9072
39 -1 -8.87171
39 0 -8.84231
39 1 -8.81579
39 2 -8.84974
39 3 -9.02692
39 4 -9.2842
39 5 -9.59935
39 6 -9.93075
39 7 -10.2712
39 8 -10.5964
39 9 -10.9217
39 10 -11.2261
39 11 -11.5343
39 12 -11.8255
39 13 -12.1069
39 14 -12.3843
39 15 -12.6601
39 16 -12.9135
39 17 -13.1707
39 18 -13.4092
39 19 -13.65
39 20 -13.8836
39 21 -14.1162
39 22 -14.3441
39 23 -14.5636
39 24 -14.7732
39 25 -14.9861
39 26 -15.1952
39 27 -15.3973
39 28 -15.5984
39 29 -15.7893
39 30 -15.9724
39 31 -16.154
39 32 -16.3308
39 33 -16.5052
39 34 -16.674
39 35 -16.8441
39 36 -16.998
39 37 -17.1572
39 38 -17.3051
39 39 -17.4485
39 40 -17.5831
40 -10 -9.12252
40 -9 -9.08922
40 -8 -9.06327
40 -7 -9.04361
40 -6 -9.02445
40 -5 -9.00877
40 -4 -8.99844
40 -3 -8.95854
40 -2 -8.91449
40 -1 -8.88387
40 0 -8.85425
40 1 -8.83271
40 2 -8.86186
40 3 -9.03366
40 4 -9.30816
40 5 -9.6066
40 6 -9.95048
40 7 -10.2842
40 8 -10.6173
40 9 -10.93
40 10 -11.2452
40 11 -11.5441
40 12 -11.8403
40 13 -12.1173
40 14 -12.3956
40 15 -12.6635
40 16 -12.9253
40 17 -13.1799
40 18 -13.422
40 19 -13.6627
40 20 -13.9008
40 21 -14.1244
40 22 -14.3501
40 23 -14.5706
40 24 -14.7899
40 25 -14.9986
40 26 -15.2035
40 27 -15.4002
40 28 -15.5957
40 29 -15.7901
40 30 -15.9874
40 31 -16.1598
40 32 -16.3486
40 33 -16.5149
40 34 -16.6845
40 35 -16.8466
40 36 -17.0028
40 37 -17.1553
40 38 -17.3123
40 39 -17.452
40 40 -17.5924
