-10 -10 -10.6718
-10 -9 -10.6739
-10 -8 -10.6409
-10 -7 -10.6154
-10 -6 -10.5927
-10 -5 -10.5982
-10 -4 -10.5787
-10 -3 -10.5664
-10 -2 -10.5402
-10 -1 -10.5173
-10 0 -10.4987
-10 1 -10.4644
-10 2 -10.5043
-10 3 -10.7073
-10 4 -10.9911
-10 5 -11.2983
-10 6 -11.6237
-10 7 -11.9324
-10 8 -12.2613
-10 9 -12.5989
-10 10 -12.8946
-10 11 -13.1997
-10 12 -13.5073
-10 13 -13.7718
-10 14 -14.0611
-10 15 -14.3189
-10 16 -14.5769
-10 17 -14.8249
-10 18 -15.0826
-10 19 -15.3167
-10 20 -15.5578
-10 21 -15.7932
-10 22 -16.0036
-10 23 -16.2145
-10 24 -16.4194
-10 25 -16.6101
-10 26 -16.7996
-10 27 -17.002
-10 28 -17.1623
-10 29 -17.3217
-10 30 -17.504
-10 31 -17.6441
-10 32 -17.8019
-10 33 -17.9423
-10 34 -18.085
-10 35 -18.2315
-10 36 -18.3512
-10 37 -18.4766
-10 38 -18.607
-10 39 -18.7297
-10 40 -18.8312
-9 -10 -10.6702
-9 -9 -10.6555
-9 -8 -10.628
-9 -7 -10.602
-9 -6 -10.5976
-9 -5 -10.5683
-9 -4 -10.5628
-9 -3 -10.5464
-9 -2 -10.5092
-9 -1 -10.4873
-9 0 -10.4593
-9 1 -10.4427
-9 2 -10.4757
-9 3 -10.6757
-9 4 -10.9434
-9 5 -11.2643
-9 6 -11.6041
-9 7 -11.9032
-9 8 -12.2609
-9 9 -12.5719
-9 10 -12.871
-9 11 -13.1728
-9 12 -13.4751
-9 13 -13.7579
-9 14 -14.0334
-9 15 -14.3036
-9 16 -14.56
-9 17 -14.8079
-9 18 -15.0618
-9 19 -15.2841
-9 20 -15.5201
-9 21 -15.7512
-9 22 -15.9658
-9 23 -16.1838
-9 24 -16.3968
-9 25 -16.5851
-9 26 -16.7761
-9 27 -16.9763
-9 28 -17.1362
-9 29 -17.3019
-9 30 -17.4703
-9 31 -17.6305
-9 32 -17.7644
-9 33 -17.9275
-9 34 -18.067
-9 35 -18.1953
-9 36 -18.3315
-9 37 -18.4575
-9 38 -18.5921
-9 39 -18.7138
-9 40 -18.8314
-8 -10 -10.6445
-8 -9 -10.6197
-8 -8 -10.5968
-8 -7 -10.5957
-8 -6 -10.5875
-8 -5 -10.565
-8 -4 -10.5422
-8 -3 -10.5218
-8 -2 -10.4846
-8 -1 -10.4681
-8 0 -10.4556
-8 1 -10.4485
-8 2 -10.4669
-8 3 -10.6441
-8 4 -10.92
-8 5 -11.2494
-8 6 -11.589
-8 7 -11.911
-8 8 -12.2441
-8 9 -12.5509
-8 10 -12.8647
-8 11 -13.1711
-8 12 -13.4622
-8 13 -13.7284
-8 14 -14.0223
-8 15 -14.2973
-8 16 -14.5494
-8 17 -14.7977
-8 18 -15.0274
-8 19 -15.2759
-8 20 -15.5203
-8 21 -15.7299
-8 22 -15.9249
-8 23 -16.1539
-8 24 -16.3616
-8 25 -16.5549
-8 26 -16.7457
-8 27 -16.9351
-8 28 -17.1223
-8 29 -17.2997
-8 30 -17.4466
-8 31 -17.6058
-8 32 -17.7465
-8 33 -17.9114
-8 34 -18.0385
-8 35 -18.1831
-8 36 -18.3106
-8 37 -18.4384
-8 38 -18.5487
-8 39 -18.6686
-8 40 -18.7956
-7 -10 -10.6216
-7 -9 -10.6011
-7 -8 -10.5823
-7 -7 -10.5817
-7 -6 -10.5486
-7 -5 -10.5549
-7 -4 -10.5367
-7 -3 -10.496
-7 -2 -10.4693
-7 -1 -10.4681
-7 0 -10.4452
-7 1 -10.4127
-7 2 -10.435
-7 3 -10.62
-7 4 -10.8866
-7 5 -11.2044
-7 6 -11.5013
-7 7 -11.8757
-7 8 -12.1925
-7 9 -12.5024
-7 10 -12.8351
-7 11 -13.1352
-7 12 -13.4327
-7 13 -13.7423
-7 14 -14.0016
-7 15 -14.276
-7 16 -14.5355
-7 17 -14.7942
-7 18 -15.0458
-7 19 -15.2702
-7 20 -15.4914
-7 21 -15.7246
-7 22 -15.9133
-7 23 -16.1562
-7 24 -16.3407
-7 25 -16.5414
-7 26 -16.7325
-7 27 -16.9228
-7 28 -17.0932
-7 29 -17.2735
-7 30 -17.4166
-7 31 -17.5798
-7 32 -17.7353
-7 33 -17.8702
-7 34 -18.0234
-7 35 -18.1487
-7 36 -18.2846
-7 37 -18.4083
-7 38 -18.535
-7 39 -18.6589
-7 40 -18.7748
-6 -10 -10.6234
-6 -9 -10.5968
-6 -8 -10.5926
-6 -7 -10.5835
-6 -6 -10.5591
-6 -5 -10.5246
-6 -4 -10.4966
-6 -3 -10.4755
-6 -2 -10.4704
-6 -1 -10.4431
-6 0 -10.4132
-6 1 -10.3866
-6 2 -10.395
-6 3 -10.583
-6 4 -10.8734
-6 5 -11.1742
-6 6 -11.5072
-6 7 -11.8546
-6 8 -12.1743
-6 9 -12.4741
-6 10 -12.8156
-6 11 -13.1211
-6 12 -13.4233
-6 13 -13.7087
-6 14 -13.9845
-6 15 -14.2579
-6 16 -14.5329
-6 17 -14.7726
-6 18 -15.0152
-6 19 -15.2644
-6 20 -15.4951
-6 21 -15.7139
-6 22 -15.9163
-6 23 -16.1294
-6 24 -16.3232
-6 25 -16.5351
-6 26 -16.7288
-6 27 -16.9134
-6 28 -17.0797
-6 29 -17.2479
-6 30 -17.4139
-6 31 -17.5658
-6 32 -17.7251
-6 33 -17.8696
-6 34 -18.0017
-6 35 -18.1443
-6 36 -18.2766
-6 37 -18.3966
-6 38 -18.5252
-6 39 -18.6584
-6 40 -18.766
-5 -10 -10.5932
-5 -9 -10.5903
-5 -8 -10.5677
-5 -7 -10.5582
-5 -6 -10.5247
-5 -5 -10.4959
-5 -4 -10.4745
-5 -3 -10.4587
-5 -2 -10.4438
-5 -1 -10.4203
-5 0 -10.3808
-5 1 -10.35
-5 2 -10.3856
-5 3 -10.5557
-5 4 -10.8579
-5 5 -11.1859
-5 6 -11.4794
-5 7 -11.811
-5 8 -12.1495
-5 9 -12.4686
-5 10 -12.7803
-5 11 -13.0974
-5 12 -13.3886
-5 13 -13.6664
-5 14 -13.9463
-5 15 -14.2281
-5 16 -14.4765
-5 17 -14.7372
-5 18 -14.996
-5 19 -15.2358
-5 20 -15.4617
-5 21 -15.6869
-5 22 -15.914
-5 23 -16.1227
-5 24 -16.3322
-5 25 -16.5307
-5 26 -16.7068
-5 27 -16.887
-5 28 -17.065
-5 29 -17.2345
-5 30 -17.4065
-5 31 -17.5733
-5 32 -17.7065
-5 33 -17.8583
-5 34 -17.9917
-5 35 -18.1207
-5 36 -18.2634
-5 37 -18.3886
-5 38 -18.5151
-5 39 -18.645
-5 40 -18.7556
-4 -10 -10.5958
-4 -9 -10.581
-4 -8 -10.5572
-4 -7 -10.5338
-4 -6 -10.5063
-4 -5 -10.4963
-4 -4 -10.4753
-4 -3 -10.4742
-4 -2 -10.4412
-4 -1 -10.4048
-4 0 -10.3684
-4 1 -10.357
-4 2 -10.3654
-4 3 -10.5668
-4 4 -10.8629
-4 5 -11.1611
-4 6 -11.4948
-4 7 -11.8175
-4 8 -12.1262
-4 9 -12.4633
-4 10 -12.7662
-4 11 -13.0757
-4 12 -13.3528
-4 13 -13.6581
-4 14 -13.9211
-4 15 -14.2086
-4 16 -14.4681
-4 17 -14.7094
-4 18 -14.9734
-4 19 -15.2146
-4 20 -15.4579
-4 21 -15.693
-4 22 -15.902
-4 23 -16.1117
-4 24 -16.3109
-4 25 -16.5169
-4 26 -16.7148
-4 27 -16.8873
-4 28 -17.0615
-4 29 -17.2382
-4 30 -17.3933
-4 31 -17.5492
-4 32 -17.7016
-4 33 -17.8425
-4 34 -17.9868
-4 35 -18.1225
-4 36 -18.2579
-4 37 -18.3795
-4 38 -18.4995
-4 39 -18.6175
-4 40 -18.7486
-3 -10 -10.605
-3 -9 -10.58
-3 -8 -10.553
-3 -7 -10.5234
-3 -6 -10.5252
-3 -5 -10.4988
-3 -4 -10.4957
-3 -3 -10.453
-3 -2 -10.4272
-3 -1 -10.3918
-3 0 -10.356
-3 1 -10.348
-3 2 -10.3915
-3 3 -10.5713
-3 4 -10.8469
-3 5 -11.1619
-3 6 -11.5004
-3 7 -11.8231
-3 8 -12.1401
-3 9 -12.4549
-3 10 -12.7762
-3 11 -13.0722
-3 12 -13.3694
-3 13 -13.6463
-3 14 -13.9255
-3 15 -14.1875
-3 16 -14.4527
-3 17 -14.6949
-3 18 -14.9443
-3 19 -15.2011
-3 20 -15.4439
-3 21 -15.6557
-3 22 -15.8751
-3 23 -16.1005
-3 24 -16.314
-3 25 -16.514
-3 26 -16.679
-3 27 -16.8867
-3 28 -17.0408
-3 29 -17.2252
-3 30 -17.3919
-3 31 -17.5537
-3 32 -17.7033
-3 33 -17.8497
-3 34 -17.9836
-3 35 -18.1316
-3 36 -18.2367
-3 37 -18.3728
-3 38 -18.4858
-3 39 -18.6195
-3 40 -18.7358
-2 -10 -10.618
-2 -9 -10.5833
-2 -8 -10.5682
-2 -7 -10.5401
-2 -6 -10.5096
-2 -5 -10.513
-2 -4 -10.4935
-2 -3 -10.4414
-2 -2 -10.4083
-2 -1 -10.3748
-2 0 -10.3453
-2 1 -10.3283
-2 2 -10.3637
-2 3 -10.5543
-2 4 -10.8344
-2 5 -11.1589
-2 6 -11.497
-2 7 -11.8036
-2 8 -12.1625
-2 9 -12.4626
-2 10 -12.7819
-2 11 -13.0731
-2 12 -13.3674
-2 13 -13.6541
-2 14 -13.9206
-2 15 -14.2004
-2 16 -14.4459
-2 17 -14.7148
-2 18 -14.958
-2 19 -15.1851
-2 20 -15.4275
-2 21 -15.653
-2 22 -15.8736
-2 23 -16.1068
-2 24 -16.3011
-2 25 -16.4851
-2 26 -16.6969
-2 27 -16.8897
-2 28 -17.0509
-2 29 -17.2282
-2 30 -17.4068
-2 31 -17.5708
-2 32 -17.6996
-2 33 -17.8404
-2 34 -17.9955
-2 35 -18.1083
-2 36 -18.2599
-2 37 -18.3743
-2 38 -18.5203
-2 39 -18.6231
-2 40 -18.7461
-1 -10 -10.5878
-1 -9 -10.5833
-1 -8 -10.5627
-1 -7 -10.5492
-1 -6 -10.5288
-1 -5 -10.508
-1 -4 -10.4635
-1 -3 -10.42
-1 -2 -10.4206
-1 -1 -10.3893
-1 0 -10.374
-1 1 -10.3325
-1 2 -10.3776
-1 3 -10.5539
-1 4 -10.8202
-1 5 -11.1511
-1 6 -11.4708
-1 7 -11.8255
-1 8 -12.1288
-1 9 -12.4585
-1 10 -12.7654
-1 11 -13.1057
-1 12 -13.3836
-1 13 -13.6587
-1 14 -13.9435
-1 15 -14.2145
-1 16 -14.4718
-1 17 -14.7183
-1 18 -14.9632
-1 19 -15.1962
-1 20 -15.4509
-1 21 -15.6672
-1 22 -15.8816
-1 23 -16.1003
-1 24 -16.3218
-1 25 -16.5069
-1 26 -16.6906
-1 27 -16.8827
-1 28 -17.0569
-1 29 -17.2346
-1 30 -17.4013
-1 31 -17.5617
-1 32 -17.6924
-1 33 -17.853
-1 34 -17.9996
-1 35 -18.1292
-1 36 -18.2634
-1 37 -18.378
-1 38 -18.5085
-1 39 -18.638
-1 40 -18.7587
0 -10 -10.6163
0 -9 -10.5921
0 -8 -10.5712
0 -7 -10.567
0 -6 -10.5431
0 -5 -10.5213
0 -4 -10.4579
0 -3 -10.4623
0 -2 -10.4227
0 -1 -10.409
0 0 -10.3887
0 1 -10.3346
0 2 -10.3552
0 3 -10.5738
0 4 -10.7885
0 5 -11.12
0 6 -11.5045
0 7 -11.7892
0 8 -12.1523
0 9 -12.4757
0 10 -12.7777
0 11 -13.082
0 12 -13.3999
0 13 -13.687
0 14 -13.9492
0 15 -14.2537
0 16 -14.5066
0 17 -14.7407
0 18 -14.9913
0 19 -15.2171
0 20 -15.4557
0 21 -15.6733
0 22 -15.9017
0 23 -16.1009
0 24 -16.3163
0 25 -16.5052
0 26 -16.7127
0 27 -16.8969
0 28 -17.0786
0 29 -17.2576
0 30 -17.4339
0 31 -17.58
0 32 -17.7396
0 33 -17.8687
0 34 -18.0078
0 35 -18.1589
0 36 -18.2887
0 37 -18.4192
0 38 -18.5391
0 39 -18.6691
0 40 -18.788
1 -10 -10.6367
1 -9 -10.6115
1 -8 -10.5967
1 -7 -10.5927
1 -6 -10.5676
1 -5 -10.5213
1 -4 -10.5
1 -3 -10.4825
1 -2 -10.4585
1 -1 -10.4483
1 0 -10.4108
1 1 -10.3805
1 2 -10.3833
1 3 -10.5462
1 4 -10.8235
1 5 -11.1638
1 6 -11.4953
1 7 -11.8218
1 8 -12.182
1 9 -12.4932
1 10 -12.8063
1 11 -13.1268
1 12 -13.415
1 13 -13.7136
1 14 -14.0055
1 15 -14.2878
1 16 -14.5183
1 17 -14.7809
1 18 -15.0258
1 19 -15.2572
1 20 -15.4996
1 21 -15.7055
1 22 -15.9348
1 23 -16.1447
1 24 -16.352
1 25 -16.53
1 26 -16.7475
1 27 -16.9078
1 28 -17.1195
1 29 -17.2839
1 30 -17.445
1 31 -17.6082
1 32 -17.7614
1 33 -17.9185
1 34 -18.0606
1 35 -18.1958
1 36 -18.3193
1 37 -18.4348
1 38 -18.5742
1 39 -18.6991
1 40 -18.8109
2 -10 -10.6733
2 -9 -10.6714
2 -8 -10.6465
2 -7 -10.6434
2 -6 -10.6026
2 -5 -10.6005
2 -4 -10.5403
2 -3 -10.5236
2 -2 -10.5106
2 -1 -10.4504
2 0 -10.4559
2 1 -10.4284
2 2 -10.4116
2 3 -10.5969
2 4 -10.863
2 5 -11.1736
2 6 -11.5173
2 7 -11.8629
2 8 -12.1888
2 9 -12.5112
2 10 -12.8468
2 11 -13.1847
2 12 -13.4787
2 13 -13.7596
2 14 -14.0618
2 15 -14.297
2 16 -14.5584
2 17 -14.8222
2 18 -15.0564
2 19 -15.3137
2 20 -15.5527
2 21 -15.7581
2 22 -15.9745
2 23 -16.1862
2 24 -16.416
2 25 -16.5917
2 26 -16.7882
2 27 -16.9616
2 28 -17.1656
2 29 -17.3357
2 30 -17.5011
2 31 -17.6534
2 32 -17.7947
2 33 -17.9474
2 34 -18.092
2 35 -18.2374
2 36 -18.3752
2 37 -18.5046
2 38 -18.637
2 39 -18.7515
2 40 -18.8617
3 -10 -10.7363
3 -9 -10.7263
3 -8 -10.6956
3 -7 -10.6966
3 -6 -10.6568
3 -5 -10.6406
3 -4 -10.6046
3 -3 -10.5697
3 -2 -10.5479
3 -1 -10.5297
3 0 -10.4789
3 1 -10.4589
3 2 -10.4782
3 3 -10.6632
3 4 -10.938
3 5 -11.2567
3 6 -11.5751
3 7 -11.9141
3 8 -12.2313
3 9 -12.5767
3 10 -12.9132
3 11 -13.2032
3 12 -13.4985
3 13 -13.7872
3 14 -14.066
3 15 -14.3358
3 16 -14.5935
3 17 -14.8816
3 18 -15.0931
3 19 -15.3523
3 20 -15.5682
3 21 -15.8095
3 22 -16.0412
3 23 -16.2432
3 24 -16.4578
3 25 -16.6504
3 26 -16.8406
3 27 -17.0265
3 28 -17.2247
3 29 -17.3783
3 30 -17.5534
3 31 -17.7015
3 32 -17.8545
3 33 -18.0225
3 34 -18.1499
3 35 -18.2876
3 36 -18.4215
3 37 -18.5528
3 38 -18.6747
3 39 -18.7991
3 40 -18.9216
4 -10 -10.7903
4 -9 -10.7831
4 -8 -10.7491
4 -7 -10.7243
4 -6 -10.6945
4 -5 -10.6806
4 -4 -10.6619
4 -3 -10.6236
4 -2 -10.5883
4 -1 -10.5612
4 0 -10.5248
4 1 -10.4915
4 2 -10.5203
4 3 -10.719
4 4 -10.9915
4 5 -11.3142
4 6 -11.6475
4 7 -11.9863
4 8 -12.309
4 9 -12.6335
4 10 -12.9478
4 11 -13.2256
4 12 -13.5471
4 13 -13.8355
4 14 -14.1118
4 15 -14.3857
4 16 -14.6376
4 17 -14.9118
4 18 -15.1595
4 19 -15.3771
4 20 -15.6235
4 21 -15.8504
4 22 -16.0697
4 23 -16.2881
4 24 -16.5015
4 25 -16.7173
4 26 -16.8883
4 27 -17.078
4 28 -17.2666
4 29 -17.4405
4 30 -17.61
4 31 -17.7711
4 32 -17.9192
4 33 -18.0609
4 34 -18.1997
4 35 -18.3383
4 36 -18.4644
4 37 -18.5983
4 38 -18.7138
4 39 -18.8503
4 40 -18.9665
5 -10 -10.8299
5 -9 -10.8128
5 -8 -10.7948
5 -7 -10.7724
5 -6 -10.7229
5 -5 -10.7191
5 -4 -10.6913
5 -3 -10.6723
5 -2 -10.6313
5 -1 -10.5823
5 0 -10.5527
5 1 -10.5331
5 2 -10.593
5 3 -10.7586
5 4 -11.0241
5 5 -11.3526
5 6 -11.692
5 7 -12.0269
5 8 -12.3554
5 9 -12.6517
5 10 -12.9839
5 11 -13.2881
5 12 -13.5794
5 13 -13.8677
5 14 -14.1681
5 15 -14.4511
5 16 -14.6988
5 17 -14.974
5 18 -15.2098
5 19 -15.4582
5 20 -15.6832
5 21 -15.9279
5 22 -16.1295
5 23 -16.3614
5 24 -16.5629
5 25 -16.7621
5 26 -16.9387
5 27 -17.1369
5 28 -17.3094
5 29 -17.4859
5 30 -17.6608
5 31 -17.827
5 32 -17.9628
5 33 -18.1205
5 34 -18.2483
5 35 -18.3927
5 36 -18.5152
5 37 -18.6371
5 38 -18.7606
5 39 -18.8864
5 40 -18.9986
6 -10 -10.8846
6 -9 -10.8619
6 -8 -10.831
6 -7 -10.8054
6 -6 -10.781
6 -5 -10.7671
6 -4 -10.7367
6 -3 -10.7311
6 -2 -10.6838
6 -1 -10.6529
6 0 -10.6108
6 1 -10.5903
6 2 -10.6227
6 3 -10.8174
6 4 -11.0919
6 5 -11.4088
6 6 -11.7125
6 7 -12.0554
6 8 -12.3902
6 9 -12.717
6 10 -13.0144
6 11 -13.3392
6 12 -13.6253
6 13 -13.9258
6 14 -14.2123
6 15 -14.4808
6 16 -14.7476
6 17 -15.0026
6 18 -15.2532
6 19 -15.5057
6 20 -15.7449
6 21 -15.9708
6 22 -16.189
6 23 -16.3975
6 24 -16.6064
6 25 -16.8041
6 26 -16.9985
6 27 -17.1988
6 28 -17.3614
6 29 -17.5452
6 30 -17.7046
6 31 -17.8632
6 32 -18.0045
6 33 -18.1515
6 34 -18.3044
6 35 -18.4355
6 36 -18.5723
6 37 -18.7007
6 38 -18.8101
6 39 -18.9458
6 40 -19.0472
7 -10 -10.9114
7 -9 -10.9124
7 -8 -10.8855
7 -7 -10.8622
7 -6 -10.8326
7 -5 -10.807
7 -4 -10.7713
7 -3 -10.7461
7 -2 -10.7469
7 -1 -10.6965
7 0 -10.6493
7 1 -10.6309
7 2 -10.637
7 3 -10.8537
7 4 -11.1297
7 5 -11.424
7 6 -11.7639
7 7 -12.0998
7 8 -12.4442
7 9 -12.7566
7 10 -13.0558
7 11 -13.3909
7 12 -13.6832
7 13 -13.9744
7 14 -14.2311
7 15 -14.5356
7 16 -14.8076
7 17 -15.0795
7 18 -15.3281
7 19 -15.5494
7 20 -15.7966
7 21 -16.017
7 22 -16.2493
7 23 -16.4506
7 24 -16.6503
7 25 -16.8608
7 26 -17.0547
7 27 -17.2372
7 28 -17.4042
7 29 -17.5812
7 30 -17.7618
7 31 -17.8915
7 32 -18.0488
7 33 -18.2033
7 34 -18.3466
7 35 -18.478
7 36 -18.6036
7 37 -18.7235
7 38 -18.8594
7 39 -18.9718
7 40 -19.0847
8 -10 -10.9581
8 -9 -10.9461
8 -8 -10.9338
8 -7 -10.9165
8 -6 -10.8736
8 -5 -10.8499
8 -4 -10.816
8 -3 -10.7988
8 -2 -10.7754
8 -1 -10.739
8 0 -10.7011
8 1 -10.69
8 2 -10.7163
8 3 -10.8892
8 4 -11.1454
8 5 -11.4859
8 6 -11.8006
8 7 -12.1697
8 8 -12.4802
8 9 -12.7845
8 10 -13.1462
8 11 -13.4436
8 12 -13.7322
8 13 -14.0241
8 14 -14.3103
8 15 -14.575
8 16 -14.8451
8 17 -15.1181
8 18 -15.3602
8 19 -15.5878
8 20 -15.8426
8 21 -16.0535
8 22 -16.2718
8 23 -16.4759
8 24 -16.6975
8 25 -16.8855
8 26 -17.0816
8 27 -17.2621
8 28 -17.4416
8 29 -17.6099
8 30 -17.782
8 31 -17.9405
8 32 -18.0901
8 33 -18.2321
8 34 -18.3812
8 35 -18.5134
8 36 -18.653
8 37 -18.7678
8 38 -18.8918
8 39 -19.0059
8 40 -19.1245
9 -10 -11.0001
9 -9 -10.9832
9 -8 -10.9619
9 -7 -10.9277
9 -6 -10.9131
9 -5 -10.8908
9 -4 -10.8638
9 -3 -10.8474
9 -2 -10.8229
9 -1 -10.7638
9 0 -10.7624
9 1 -10.7035
9 2 -10.7453
9 3 -10.9386
9 4 -11.2124
9 5 -11.5578
9 6 -11.8636
9 7 -12.1897
9 8 -12.5286
9 9 -12.8511
9 10 -13.1556
9 11 -13.4998
9 12 -13.7861
9 13 -14.0536
9 14 -14.3543
9 15 -14.622
9 16 -14.8994
9 17 -15.1421
9 18 -15.4109
9 19 -15.6246
9 20 -15.8645
9 21 -16.1004
9 22 -16.2991
9 23 -16.5224
9 24 -16.7315
9 25 -16.9198
9 26 -17.1151
9 27 -17.2873
9 28 -17.472
9 29 -17.6624
9 30 -17.8244
9 31 -17.9853
9 32 -18.1387
9 33 -18.2698
9 34 -18.4129
9 35 -18.5387
9 36 -18.6828
9 37 -18.801
9 38 -18.9169
9 39 -19.0402
9 40 -19.1674
10 -10 -11.036
10 -9 -11.0114
10 -8 -10.9861
10 -7 -10.9602
10 -6 -10.9463
10 -5 -10.9172
10 -4 -10.8945
10 -3 -10.8704
10 -2 -10.8397
10 -1 -10.8095
10 0 -10.7632
10 1 -10.7559
10 2 -10.8069
10 3 -10.9841
10 4 -11.2502
10 5 -11.5635
10 6 -11.9104
10 7 -12.236
10 8 -12.5698
10 9 -12.8802
10 10 -13.2138
10 11 -13.5064
10 12 -13.822
10 13 -14.0986
10 14 -14.3804
10 15 -14.6572
10 16 -14.9153
10 17 -15.1629
10 18 -15.4257
10 19 -15.667
10 20 -15.9024
10 21 -16.1192
10 22 -16.3266
10 23 -16.5508
10 24 -16.749
10 25 -16.9547
10 26 -17.1508
10 27 -17.3368
10 28 -17.5139
10 29 -17.6858
10 30 -17.8538
10 31 -18.0157
10 32 -18.1629
10 33 -18.3184
10 34 -18.4537
10 35 -18.5817
10 36 -18.7157
10 37 -18.8372
10 38 -18.968
10 39 -19.0841
10 40 -19.1862
11 -10 -11.0657
11 -9 -11.0545
11 -8 -11.0318
11 -7 -11.0013
11 -6 -10.9749
11 -5 -10.9541
11 -4 -10.9344
11 -3 -10.9216
11 -2 -10.8832
11 -1 -10.8478
11 0 -10.8175
11 1 -10.7898
11 2 -10.8128
11 3 -11.0136
11 4 -11.3002
11 5 -11.5979
11 6 -11.9629
11 7 -12.2704
11 8 -12.5908
11 9 -12.9108
11 10 -13.2388
11 11 -13.5457
11 12 -13.826
11 13 -14.1386
11 14 -14.3985
11 15 -14.6725
11 16 -14.9604
11 17 -15.204
11 18 -15.4689
11 19 -15.6962
11 20 -15.9391
11 21 -16.1565
11 22 -16.371
11 23 -16.5764
11 24 -16.7994
11 25 -16.9982
11 26 -17.1872
11 27 -17.3643
11 28 -17.5604
11 29 -17.7311
11 30 -17.902
11 31 -18.0555
11 32 -18.2108
11 33 -18.3522
11 34 -18.4831
11 35 -18.6207
11 36 -18.7592
11 37 -18.8724
11 38 -19.0013
11 39 -19.1092
11 40 -19.2318
12 -10 -11.1051
12 -9 -11.0818
12 -8 -11.0785
12 -7 -11.0354
12 -6 -11.0029
12 -5 -10.9736
12 -4 -10.985
12 -3 -10.9481
12 -2 -10.9177
12 -1 -10.8672
12 0 -10.83
12 1 -10.8209
12 2 -10.8614
12 3 -11.0478
12 4 -11.3172
12 5 -11.6398
12 6 -11.9567
12 7 -12.3075
12 8 -12.6424
12 9 -12.9493
12 10 -13.2678
12 11 -13.5596
12 12 -13.8855
12 13 -14.1594
12 14 -14.4477
12 15 -14.7188
12 16 -14.9854
12 17 -15.2461
12 18 -15.4935
12 19 -15.7356
12 20 -15.9716
12 21 -16.1967
12 22 -16.4186
12 23 -16.6286
12 24 -16.8447
12 25 -17.0376
12 26 -17.2193
12 27 -17.4244
12 28 -17.5975
12 29 -17.7661
12 30 -17.9398
12 31 -18.1007
12 32 -18.258
12 33 -18.3879
12 34 -18.5293
12 35 -18.657
12 36 -18.7917
12 37 -18.9107
12 38 -19.0314
12 39 -19.1445
12 40 -19.2576
13 -10 -11.126
13 -9 -11.1171
13 -8 -11.0958
13 -7 -11.0603
13 -6 -11.0365
13 -5 -11.0138
13 -4 -10.9816
13 -3 -10.9769
13 -2 -10.9399
13 -1 -10.9048
13 0 -10.8822
13 1 -10.8433
13 2 -10.8976
13 3 -11.0722
13 4 -11.353
13 5 -11.6643
13 6 -11.9891
13 7 -12.3192
13 8 -12.6608
13 9 -12.977
13 10 -13.3033
13 11 -13.6066
13 12 -13.8985
13 13 -14.191
13 14 -14.4821
13 15 -14.7588
13 16 -15.0393
13 17 -15.2823
13 18 -15.5375
13 19 -15.785
13 20 -16.0041
13 21 -16.2381
13 22 -16.4424
13 23 -16.6565
13 24 -16.8689
13 25 -17.0804
13 26 -17.2662
13 27 -17.4431
13 28 -17.6244
13 29 -17.8136
13 30 -17.9635
13 31 -18.1218
13 32 -18.2829
13 33 -18.4186
13 34 -18.5517
13 35 -18.6879
13 36 -18.8142
13 37 -18.9309
13 38 -19.0572
13 39 -19.1804
13 40 -19.2881
14 -10 -11.1563
14 -9 -11.1385
14 -8 -11.1263
14 -7 -11.0924
14 -6 -11.0648
14 -5 -11.0462
14 -4 -11.02
14 -3 -11.0145
14 -2 -10.9695
14 -1 -10.9263
14 0 -10.9067
14 1 -10.8675
14 2 -10.9234
14 3 -11.1113
14 4 -11.3716
14 5 -11.6835
14 6 -12.0344
14 7 -12.3673
14 8 -12.684
14 9 -13.0145
14 10 -13.3301
14 11 -13.626
14 12 -13.9278
14 13 -14.2272
14 14 -14.5121
14 15 -14.7924
14 16 -15.0358
14 17 -15.3093
14 18 -15.5671
14 19 -15.7989
14 20 -16.0438
14 21 -16.2821
14 22 -16.4773
14 23 -16.7035
14 24 -16.8896
14 25 -17.1088
14 26 -17.2795
14 27 -17.4692
14 28 -17.6479
14 29 -17.8309
14 30 -17.9896
14 31 -18.1459
14 32 -18.2964
14 33 -18.4448
14 34 -18.5934
14 35 -18.7221
14 36 -18.8476
14 37 -18.9628
14 38 -19.0892
14 39 -19.211
14 40 -19.3197
15 -10 -11.1752
15 -9 -11.1612
15 -8 -11.1464
15 -7 -11.1055
15 -6 -11.0955
15 -5 -11.0634
15 -4 -11.0505
15 -3 -11.0307
15 -2 -10.9855
15 -1 -10.9591
15 0 -10.9205
15 1 -10.9126
15 2 -10.9566
15 3 -11.1497
15 4 -11.41
15 5 -11.7138
15 6 -12.0534
15 7 -12.4015
15 8 -12.7261
15 9 -13.0551
15 10 -13.3595
15 11 -13.6726
15 12 -13.9638
15 13 -14.2483
15 14 -14.5422
15 15 -14.8055
15 16 -15.0755
15 17 -15.3359
15 18 -15.5861
15 19 -15.8291
15 20 -16.0632
15 21 -16.2897
15 22 -16.5169
15 23 -16.7197
15 24 -16.9236
15 25 -17.1278
15 26 -17.3137
15 27 -17.5002
15 28 -17.6749
15 29 -17.8499
15 30 -18.0129
15 31 -18.1705
15 32 -18.3224
15 33 -18.4698
15 34 -18.6122
15 35 -18.7295
15 36 -18.8654
15 37 -18.9801
15 38 -19.1059
15 39 -19.2208
15 40 -19.3347
16 -10 -11.1982
16 -9 -11.1854
16 -8 -11.1664
16 -7 -11.1434
16 -6 -11.1047
16 -5 -11.092
16 -4 -11.0794
16 -3 -11.0636
16 -2 -11.0226
16 -1 -10.9826
16 0 -10.9617
16 1 -10.9436
16 2 -10.9683
16 3 -11.1543
16 4 -11.4433
16 5 -11.761
16 6 -12.0966
16 7 -12.4297
16 8 -12.7483
16 9 -13.0959
16 10 -13.3887
16 11 -13.7026
16 12 -13.9996
16 13 -14.2697
16 14 -14.5729
16 15 -14.8339
16 16 -15.1022
16 17 -15.3537
16 18 -15.6178
16 19 -15.8587
16 20 -16.0886
16 21 -16.312
16 22 -16.5285
16 23 -16.7345
16 24 -16.9445
16 25 -17.1373
16 26 -17.3262
16 27 -17.5219
16 28 -17.7064
16 29 -17.8615
16 30 -18.0485
16 31 -18.2018
16 32 -18.3385
16 33 -18.4934
16 34 -18.6278
16 35 -18.7639
16 36 -18.8912
16 37 -19.0103
16 38 -19.1259
16 39 -19.2386
16 40 -19.3496
17 -10 -11.2244
17 -9 -11.202
17 -8 -11.1985
17 -7 -11.1688
17 -6 -11.1366
17 -5 -11.1275
17 -4 -11.1164
17 -3 -11.0832
17 -2 -11.0415
17 -1 -11.0096
17 0 -10.9731
17 1 -10.9698
17 2 -11.008
17 3 -11.1965
17 4 -11.4666
17 5 -11.7977
17 6 -12.0999
17 7 -12.4412
17 8 -12.7731
17 9 -13.0815
17 10 -13.3902
17 11 -13.7017
17 12 -14.0081
17 13 -14.3045
17 14 -14.5792
17 15 -14.8548
17 16 -15.1294
17 17 -15.401
17 18 -15.6385
17 19 -15.8729
17 20 -16.1073
17 21 -16.3271
17 22 -16.5576
17 23 -16.757
17 24 -16.9633
17 25 -17.1652
17 26 -17.3728
17 27 -17.5418
17 28 -17.7317
17 29 -17.8981
17 30 -18.0652
17 31 -18.227
17 32 -18.3811
17 33 -18.5121
17 34 -18.6497
17 35 -18.7813
17 36 -18.9085
17 37 -19.0297
17 38 -19.1471
17 39 -19.2762
17 40 -19.3803
18 -10 -11.2589
18 -9 -11.2397
18 -8 -11.2185
18 -7 -11.1965
18 -6 -11.1641
18 -5 -11.145
18 -4 -11.1306
18 -3 -11.1157
18 -2 -11.0706
18 -1 -11.0412
18 0 -11.0094
18 1 -10.9752
18 2 -11.0275
18 3 -11.2139
18 4 -11.4857
18 5 -11.7939
18 6 -12.1344
18 7 -12.4659
18 8 -12.796
18 9 -13.1035
18 10 -13.431
18 11 -13.7333
18 12 -14.0289
18 13 -14.3176
18 14 -14.6033
18 15 -14.8787
18 16 -15.1558
18 17 -15.3972
18 18 -15.6535
18 19 -15.9011
18 20 -16.1398
18 21 -16.3624
18 22 -16.5897
18 23 -16.7924
18 24 -16.9848
18 25 -17.1983
18 26 -17.3851
18 27 -17.5728
18 28 -17.7458
18 29 -17.9176
18 30 -18.0836
18 31 -18.2464
18 32 -18.4019
18 33 -18.547
18 34 -18.6882
18 35 -18.8166
18 36 -18.9311
18 37 -19.0569
18 38 -19.1899
18 39 -19.2893
18 40 -19.3946
19 -10 -11.2736
19 -9 -11.2627
19 -8 -11.237
19 -7 -11.2157
19 -6 -11.1882
19 -5 -11.1726
19 -4 -11.1551
19 -3 -11.1376
19 -2 -11.0957
19 -1 -11.0687
19 0 -11.0311
19 1 -11.0031
19 2 -11.0424
19 3 -11.2375
19 4 -11.5053
19 5 -11.8247
19 6 -12.1532
19 7 -12.4927
19 8 -12.8177
19 9 -13.1366
19 10 -13.4439
19 11 -13.756
19 12 -14.0519
19 13 -14.3512
19 14 -14.6318
19 15 -14.9052
19 16 -15.1682
19 17 -15.4393
19 18 -15.6829
19 19 -15.9229
19 20 -16.1666
19 21 -16.3792
19 22 -16.5996
19 23 -16.8188
19 24 -17.0294
19 25 -17.2181
19 26 -17.411
19 27 -17.6019
19 28 -17.7801
19 29 -17.9508
19 30 -18.1214
19 31 -18.2774
19 32 -18.429
19 33 -18.5795
19 34 -18.7038
19 35 -18.8389
19 36 -18.9644
19 37 -19.0856
19 38 -19.2012
19 39 -19.3158
19 40 -19.4312
20 -10 -11.2977
20 -9 -11.2791
20 -8 -11.2688
20 -7 -11.2369
20 -6 -11.2073
20 -5 -11.1917
20 -4 -11.1716
20 -3 -11.1489
20 -2 -11.1241
20 -1 -11.0843
20 0 -11.0541
20 1 -11.0215
20 2 -11.0659
20 3 -11.2567
20 4 -11.521
20 5 -11.85
20 6 -12.1895
20 7 -12.5205
20 8 -12.8338
20 9 -13.1681
20 10 -13.4844
20 11 -13.762
20 12 -14.0934
20 13 -14.3603
20 14 -14.6537
20 15 -14.9378
20 16 -15.2034
20 17 -15.448
20 18 -15.7147
20 19 -15.9618
20 20 -16.1826
20 21 -16.4087
20 22 -16.6285
20 23 -16.8359
20 24 -17.0514
20 25 -17.252
20 26 -17.4413
20 27 -17.6245
20 28 -17.8034
20 29 -17.9725
20 30 -18.1404
20 31 -18.2953
20 32 -18.4513
20 33 -18.5991
20 34 -18.7227
20 35 -18.8598
20 36 -18.9915
20 37 -19.1143
20 38 -19.2235
20 39 -19.3326
20 40 -19.4603
21 -10 -11.3123
21 -9 -11.2905
21 -8 -11.2808
21 -7 -11.2623
21 -6 -11.2375
21 -5 -11.205
21 -4 -11.1986
21 -3 -11.1656
21 -2 -11.1391
21 -1 -11.1076
21 0 -11.0707
21 1 -11.0587
21 2 -11.0885
21 3 -11.281
21 4 -11.5615
21 5 -11.862
21 6 -12.195
21 7 -12.5369
21 8 -12.8641
21 9 -13.1682
21 10 -13.4938
21 11 -13.8051
21 12 -14.1022
21 13 -14.4049
21 14 -14.6717
21 15 -14.9615
21 16 -15.2231
21 17 -15.4768
21 18 -15.7235
21 19 -15.9727
21 20 -16.198
21 21 -16.4219
21 22 -16.6584
21 23 -16.863
21 24 -17.0735
21 25 -17.2662
21 26 -17.452
21 27 -17.644
21 28 -17.8209
21 29 -17.9962
21 30 -18.157
21 31 -18.317
21 32 -18.4709
21 33 -18.6111
21 34 -18.7576
21 35 -18.8824
21 36 -19.0053
21 37 -19.1277
21 38 -19.2459
21 39 -19.3641
21 40 -19.4726
22 -10 -11.3201
22 -9 -11.3104
22 -8 -11.2864
22 -7 -11.2689
22 -6 -11.2487
22 -5 -11.2369
22 -4 -11.2223
22 -3 -11.1878
22 -2 -11.1616
22 -1 -11.1229
22 0 -11.0921
22 1 -11.0811
22 2 -11.117
22 3 -11.2899
22 4 -11.579
22 5 -11.8986
22 6 -12.2378
22 7 -12.5645
22 8 -12.8893
22 9 -13.2049
22 10 -13.5273
22 11 -13.8368
22 12 -14.1169
22 13 -14.4245
22 14 -14.7122
22 15 -14.975
22 16 -15.2388
22 17 -15.4823
22 18 -15.741
22 19 -15.9843
22 20 -16.2127
22 21 -16.4373
22 22 -16.6697
22 23 -16.8817
22 24 -17.0875
22 25 -17.2814
22 26 -17.4713
22 27 -17.6601
22 28 -17.8405
22 29 -18.0127
22 30 -18.182
22 31 -18.3373
22 32 -18.4862
22 33 -18.6226
22 34 -18.764
22 35 -18.9001
22 36 -19.0203
22 37 -19.1494
22 38 -19.2618
22 39 -19.3785
22 40 -19.4947
23 -10 -11.3374
23 -9 -11.3261
23 -8 -11.2986
23 -7 -11.2845
23 -6 -11.2511
23 -5 -11.2561
23 -4 -11.2369
23 -3 -11.2124
23 -2 -11.1659
23 -1 -11.1354
23 0 -11.1098
23 1 -11.094
23 2 -11.1388
23 3 -11.3334
23 4 -11.5949
23 5 -11.9149
23 6 -12.2472
23 7 -12.5813
23 8 -12.9079
23 9 -13.2346
23 10 -13.5553
23 11 -13.8441
23 12 -14.1486
23 13 -14.4334
23 14 -14.7136
23 15 -14.985
23 16 -15.2604
23 17 -15.5126
23 18 -15.7444
23 19 -16.01
23 20 -16.2332
23 21 -16.4669
23 22 -16.674
23 23 -16.89
23 24 -17.0946
23 25 -17.2971
23 26 -17.4787
23 27 -17.679
23 28 -17.8568
23 29 -18.0243
23 30 -18.1935
23 31 -18.358
23 32 -18.4996
23 33 -18.6494
23 34 -18.7723
23 35 -18.9094
23 36 -19.0436
23 37 -19.1603
23 38 -19.2818
23 39 -19.3959
23 40 -19.5045
24 -10 -11.3477
24 -9 -11.3454
24 -8 -11.3274
24 -7 -11.3009
24 -6 -11.2838
24 -5 -11.2616
24 -4 -11.2514
24 -3 -11.2419
24 -2 -11.202
24 -1 -11.1659
24 0 -11.1383
24 1 -11.114
24 2 -11.1369
24 3 -11.3422
24 4 -11.6216
24 5 -11.9203
24 6 -12.2547
24 7 -12.5896
24 8 -12.9196
24 9 -13.2451
24 10 -13.5576
24 11 -13.8655
24 12 -14.1536
24 13 -14.4406
24 14 -14.7336
24 15 -15.0134
24 16 -15.2803
24 17 -15.5196
24 18 -15.7783
24 19 -16.0202
24 20 -16.2602
24 21 -16.4776
24 22 -16.6933
24 23 -16.9094
24 24 -17.1106
24 25 -17.3158
24 26 -17.5196
24 27 -17.698
24 28 -17.8718
24 29 -18.048
24 30 -18.215
24 31 -18.3648
24 32 -18.5057
24 33 -18.6599
24 34 -18.7992
24 35 -18.9315
24 36 -19.0545
24 37 -19.1798
24 38 -19.2973
24 39 -19.4069
24 40 -19.5182
25 -10 -11.3667
25 -9 -11.3545
25 -8 -11.3334
25 -7 -11.3165
25 -6 -11.3037
25 -5 -11.2857
25 -4 -11.2663
25 -3 -11.244
25 -2 -11.212
25 -1 -11.1752
25 0 -11.1556
25 1 -11.1235
25 2 -11.1699
25 3 -11.3597
25 4 -11.6229
25 5 -11.9469
25 6 -12.2678
25 7 -12.6166
25 8 -12.9301
25 9 -13.2635
25 10 -13.5803
25 11 -13.8927
25 12 -14.1707
25 13 -14.4732
25 14 -14.7593
25 15 -15.0284
25 16 -15.2814
25 17 -15.5568
25 18 -15.7815
25 19 -16.0356
25 20 -16.2739
25 21 -16.4916
25 22 -16.7087
25 23 -16.934
25 24 -17.1317
25 25 -17.3325
25 26 -17.5216
25 27 -17.7118
25 28 -17.8813
25 29 -18.0614
25 30 -18.2284
25 31 -18.3858
25 32 -18.5385
25 33 -18.688
25 34 -18.8255
25 35 -18.9493
25 36 -19.0762
25 37 -19.1928
25 38 -19.3125
25 39 -19.4334
25 40 -19.539
26 -10 -11.3817
26 -9 -11.3656
26 -8 -11.3434
26 -7 -11.333
26 -6 -11.3103
26 -5 -11.3039
26 -4 -11.2777
26 -3 -11.2624
26 -2 -11.2356
26 -1 -11.2062
26 0 -11.1714
26 1 -11.1463
26 2 -11.1829
26 3 -11.3584
26 4 -11.6521
26 5 -11.97
26 6 -12.3049
26 7 -12.6291
26 8 -12.958
26 9 -13.2783
26 10 -13.6033
26 11 -13.9004
26 12 -14.1976
26 13 -14.4906
26 14 -14.7598
26 15 -15.0415
26 16 -15.3146
26 17 -15.5611
26 18 -15.8094
26 19 -16.0666
26 20 -16.2865
26 21 -16.5125
26 22 -16.7406
26 23 -16.9435
26 24 -17.1541
26 25 -17.3531
26 26 -17.545
26 27 -17.7289
26 28 -17.9083
26 29 -18.073
26 30 -18.2403
26 31 -18.4061
26 32 -18.565
26 33 -18.6923
26 34 -18.831
26 35 -18.9638
26 36 -19.0969
26 37 -19.2117
26 38 -19.3305
26 39 -19.4439
26 40 -19.5572
27 -10 -11.3887
27 -9 -11.3852
27 -8 -11.365
27 -7 -11.3391
27 -6 -11.3278
27 -5 -11.3136
27 -4 -11.2951
27 -3 -11.2772
27 -2 -11.2475
27 -1 -11.2136
27 0 -11.1974
27 1 -11.1606
27 2 -11.2037
27 3 -11.4041
27 4 -11.6701
27 5 -11.9877
27 6 -12.3084
27 7 -12.6329
27 8 -12.9676
27 9 -13.2983
27 10 -13.6203
27 11 -13.9233
27 12 -14.2107
27 13 -14.5035
27 14 -14.7829
27 15 -15.0621
27 16 -15.3124
27 17 -15.5788
27 18 -15.8272
27 19 -16.074
27 20 -16.2977
27 21 -16.5216
27 22 -16.7421
27 23 -16.9621
27 24 -17.1609
27 25 -17.3618
27 26 -17.557
27 27 -17.7432
27 28 -17.925
27 29 -18.0922
27 30 -18.2543
27 31 -18.4198
27 32 -18.5631
27 33 -18.707
27 34 -18.8516
27 35 -18.9839
27 36 -19.1104
27 37 -19.2344
27 38 -19.352
27 39 -19.4652
27 40 -19.5728
28 -10 -11.3913
28 -9 -11.3801
28 -8 -11.3741
28 -7 -11.3569
28 -6 -11.3434
28 -5 -11.3242
28 -4 -11.3128
28 -3 -11.2745
28 -2 -11.2477
28 -1 -11.2321
28 0 -11.1956
28 1 -11.1862
28 2 -11.2205
28 3 -11.4001
28 4 -11.6744
28 5 -12.0037
28 6 -12.3321
28 7 -12.6706
28 8 -12.998
28 9 -13.3209
28 10 -13.6276
28 11 -13.9307
28 12 -14.2358
28 13 -14.5111
28 14 -14.8037
28 15 -15.0777
28 16 -15.3365
28 17 -15.594
28 18 -15.8379
28 19 -16.0833
28 20 -16.3185
28 21 -16.5489
28 22 -16.7688
28 23 -16.9639
28 24 -17.1761
28 25 -17.3774
28 26 -17.5676
28 27 -17.7518
28 28 -17.9468
28 29 -18.1026
28 30 -18.2731
28 31 -18.4306
28 32 -18.5812
28 33 -18.7315
28 34 -18.8655
28 35 -19
28 36 -19.1216
28 37 -19.242
28 38 -19.352
28 39 -19.4798
28 40 -19.5906
29 -10 -11.3887
29 -9 -11.3897
29 -8 -11.3852
29 -7 -11.3631
29 -6 -11.3454
29 -5 -11.3289
29 -4 -11.3179
29 -3 -11.3049
29 -2 -11.2742
29 -1 -11.2528
29 0 -11.2165
29 1 -11.1979
29 2 -11.2431
29 3 -11.4222
29 4 -11.6964
29 5 -12.0189
29 6 -12.336
29 7 -12.6791
29 8 -13.0143
29 9 -13.3357
29 10 -13.6489
29 11 -13.95
29 12 -14.2425
29 13 -14.5237
29 14 -14.8253
29 15 -15.0909
29 16 -15.3474
29 17 -15.6128
29 18 -15.8591
29 19 -16.1008
29 20 -16.3347
29 21 -16.55
29 22 -16.7795
29 23 -16.9839
29 24 -17.1898
29 25 -17.3932
29 26 -17.5765
29 27 -17.773
29 28 -17.9469
29 29 -18.1221
29 30 -18.2848
29 31 -18.4314
29 32 -18.5956
29 33 -18.74
29 34 -18.8713
29 35 -19.0041
29 36 -19.1334
29 37 -19.2569
29 38 -19.3749
29 39 -19.4951
29 40 -19.6018
30 -10 -11.4001
30 -9 -11.3835
30 -8 -11.3777
30 -7 -11.378
30 -6 -11.3547
30 -5 -11.3464
30 -4 -11.3401
30 -3 -11.3101
30 -2 -11.2914
30 -1 -11.2378
30 0 -11.2343
30 1 -11.206
30 2 -11.2478
30 3 -11.4391
30 4 -11.7294
30 5 -12.0309
30 6 -12.3483
30 7 -12.6878
30 8 -13.0187
30 9 -13.3315
30 10 -13.6498
30 11 -13.963
30 12 -14.2552
30 13 -14.5522
30 14 -14.8239
30 15 -15.1023
30 16 -15.374
30 17 -15.628
30 18 -15.8754
30 19 -16.1021
30 20 -16.3361
30 21 -16.5674
30 22 -16.7821
30 23 -16.9928
30 24 -17.2097
30 25 -17.4047
30 26 -17.5957
30 27 -17.7687
30 28 -17.9592
30 29 -18.1279
30 30 -18.2943
30 31 -18.4486
30 32 -18.5984
30 33 -18.7509
30 34 -18.8901
30 35 -19.0136
30 36 -19.1476
30 37 -19.2651
30 38 -19.3732
30 39 -19.4957
30 40 -19.6141
31 -10 -11.4053
31 -9 -11.3916
31 -8 -11.3859
31 -7 -11.3738
31 -6 -11.3644
31 -5 -11.3557
31 -4 -11.3394
31 -3 -11.3188
31 -2 -11.2891
31 -1 -11.2619
31 0 -11.2507
31 1 -11.217
31 2 -11.2641
31 3 -11.4621
31 4 -11.714
31 5 -12.0456
31 6 -12.357
31 7 -12.7069
31 8 -13.0163
31 9 -13.3531
31 10 -13.6681
31 11 -13.9676
31 12 -14.2573
31 13 -14.5629
31 14 -14.8381
31 15 -15.1087
31 16 -15.3722
31 17 -15.6353
31 18 -15.8854
31 19 -16.1066
31 20 -16.3414
31 21 -16.5733
31 22 -16.7859
31 23 -17.0087
31 24 -17.2113
31 25 -17.4067
31 26 -17.6019
31 27 -17.7832
31 28 -17.9586
31 29 -18.1314
31 30 -18.2984
31 31 -18.4595
31 32 -18.6146
31 33 -18.748
31 34 -18.8917
31 35 -19.0241
31 36 -19.1492
31 37 -19.2702
31 38 -19.3925
31 39 -19.5082
31 40 -19.6152
32 -10 -11.4056
32 -9 -11.4032
32 -8 -11.3907
32 -7 -11.3767
32 -6 -11.3757
32 -5 -11.3649
32 -4 -11.3519
32 -3 -11.3285
32 -2 -11.2994
32 -1 -11.2792
32 0 -11.2571
32 1 -11.2299
32 2 -11.2764
32 3 -11.457
32 4 -11.7316
32 5 -12.046
32 6 -12.3755
32 7 -12.7011
32 8 -13.0419
32 9 -13.3638
32 10 -13.6653
32 11 -13.9839
32 12 -14.2836
32 13 -14.5702
32 14 -14.8434
32 15 -15.1303
32 16 -15.4
32 17 -15.6449
32 18 -15.8933
32 19 -16.1296
32 20 -16.3536
32 21 -16.5785
32 22 -16.7927
32 23 -17.0166
32 24 -17.2144
32 25 -17.4091
32 26 -17.5992
32 27 -17.7834
32 28 -17.9693
32 29 -18.1365
32 30 -18.3169
32 31 -18.4672
32 32 -18.6133
32 33 -18.7566
32 34 -18.9036
32 35 -19.0338
32 36 -19.1577
32 37 -19.2812
32 38 -19.4089
32 39 -19.5077
32 40 -19.6182
33 -10 -11.403
33 -9 -11.3979
33 -8 -11.3913
33 -7 -11.3789
33 -6 -11.3686
33 -5 -11.3619
33 -4 -11.3504
33 -3 -11.3445
33 -2 -11.3154
33 -1 -11.2801
33 0 -11.2661
33 1 -11.2392
33 2 -11.2759
33 3 -11.4788
33 4 -11.7515
33 5 -12.0605
33 6 -12.3935
33 7 -12.7321
33 8 -13.0498
33 9 -13.3776
33 10 -13.6915
33 11 -13.9975
33 12 -14.2997
33 13 -14.5784
33 14 -14.8615
33 15 -15.1344
33 16 -15.3959
33 17 -15.6403
33 18 -15.8926
33 19 -16.143
33 20 -16.3672
33 21 -16.5902
33 22 -16.8097
33 23 -17.0194
33 24 -17.2262
33 25 -17.4275
33 26 -17.6138
33 27 -17.8044
33 28 -17.98
33 29 -18.1467
33 30 -18.3143
33 31 -18.4637
33 32 -18.6326
33 33 -18.768
33 34 -18.912
33 35 -19.0477
33 36 -19.168
33 37 -19.2872
33 38 -19.4037
33 39 -19.518
33 40 -19.638
34 -10 -11.3968
34 -9 -11.3995
34 -8 -11.3915
34 -7 -11.3865
34 -6 -11.3787
34 -5 -11.3696
34 -4 -11.3486
34 -3 -11.3442
34 -2 -11.3207
34 -1 -11.2918
34 0 -11.277
34 1 -11.2462
34 2 -11.2818
34 3 -11.4847
34 4 -11.7563
34 5 -12.0636
34 6 -12.405
34 7 -12.7431
34 8 -13.0604
34 9 -13.3929
34 10 -13.6955
34 11 -14.0063
34 12 -14.2977
34 13 -14.6012
34 14 -14.8753
34 15 -15.1374
34 16 -15.4106
34 17 -15.6591
34 18 -15.9013
34 19 -16.1446
34 20 -16.3815
34 21 -16.6046
34 22 -16.8271
34 23 -17.0278
34 24 -17.2306
34 25 -17.436
34 26 -17.621
34 27 -17.8165
34 28 -17.9854
34 29 -18.1554
34 30 -18.3268
34 31 -18.486
34 32 -18.6302
34 33 -18.7833
34 34 -18.9145
34 35 -19.045
34 36 -19.1685
34 37 -19.2987
34 38 -19.418
34 39 -19.5312
34 40 -19.6412
35 -10 -11.3974
35 -9 -11.3948
35 -8 -11.3932
35 -7 -11.3793
35 -6 -11.3777
35 -5 -11.3667
35 -4 -11.3596
35 -3 -11.3449
35 -2 -11.3208
35 -1 -11.2888
35 0 -11.2731
35 1 -11.2644
35 2 -11.2968
35 3 -11.4886
35 4 -11.7761
35 5 -12.069
35 6 -12.413
35 7 -12.7339
35 8 -13.0735
35 9 -13.3885
35 10 -13.7011
35 11 -14.0092
35 12 -14.3025
35 13 -14.6025
35 14 -14.8812
35 15 -15.1482
35 16 -15.4127
35 17 -15.6646
35 18 -15.9159
35 19 -16.1566
35 20 -16.3866
35 21 -16.623
35 22 -16.8255
35 23 -17.0441
35 24 -17.2394
35 25 -17.4409
35 26 -17.6154
35 27 -17.8133
35 28 -17.9971
35 29 -18.1621
35 30 -18.3219
35 31 -18.4906
35 32 -18.6329
35 33 -18.7836
35 34 -18.9234
35 35 -19.0519
35 36 -19.1781
35 37 -19.3004
35 38 -19.4188
35 39 -19.537
35 40 -19.6412
36 -10 -11.3897
36 -9 -11.3871
36 -8 -11.3862
36 -7 -11.375
36 -6 -11.3726
36 -5 -11.3632
36 -4 -11.3567
36 -3 -11.3455
36 -2 -11.3254
36 -1 -11.3049
36 0 -11.2815
36 1 -11.2633
36 2 -11.3156
36 3 -11.487
36 4 -11.7751
36 5 -12.0942
36 6 -12.4232
36 7 -12.7573
36 8 -13.0838
36 9 -13.3967
36 10 -13.711
36 11 -14.0195
36 12 -14.3082
36 13 -14.5921
36 14 -14.8776
36 15 -15.1564
36 16 -15.4199
36 17 -15.6713
36 18 -15.9162
36 19 -16.1583
36 20 -16.3855
36 21 -16.6108
36 22 -16.8458
36 23 -17.0396
36 24 -17.2414
36 25 -17.4297
36 26 -17.6258
36 27 -17.8179
36 28 -17.9746
36 29 -18.1654
36 30 -18.3281
36 31 -18.4897
36 32 -18.6405
36 33 -18.7809
36 34 -18.9218
36 35 -19.0565
36 36 -19.1843
36 37 -19.3006
36 38 -19.422
36 39 -19.5434
36 40 -19.6434
37 -10 -11.3926
37 -9 -11.3989
37 -8 -11.3893
37 -7 -11.3767
37 -6 -11.3644
37 -5 -11.3725
37 -4 -11.3555
37 -3 -11.3481
37 -2 -11.3217
37 -1 -11.3135
37 0 -11.2816
37 1 -11.2702
37 2 -11.3135
37 3 -11.5078
37 4 -11.784
37 5 -12.1095
37 6 -12.4251
37 7 -12.7511
37 8 -13.0837
37 9 -13.3921
37 10 -13.7053
37 11 -14.0193
37 12 -14.3193
37 13 -14.6022
37 14 -14.8805
37 15 -15.1484
37 16 -15.4214
37 17 -15.6805
37 18 -15.9309
37 19 -16.1702
37 20 -16.3958
37 21 -16.6158
37 22 -16.8293
37 23 -17.0481
37 24 -17.2487
37 25 -17.4467
37 26 -17.6362
37 27 -17.8135
37 28 -17.9925
37 29 -18.1646
37 30 -18.3285
37 31 -18.4865
37 32 -18.6386
37 33 -18.7817
37 34 -18.9243
37 35 -19.0608
37 36 -19.1886
37 37 -19.304
37 38 -19.4252
37 39 -19.5362
37 40 -19.6478
38 -10 -11.3987
38 -9 -11.4014
38 -8 -11.3842
38 -7 -11.3728
38 -6 -11.3731
38 -5 -11.3669
38 -4 -11.3514
38 -3 -11.3553
38 -2 -11.3295
38 -1 -11.3088
38 0 -11.2877
38 1 -11.2728
38 2 -11.3215
38 3 -11.5172
38 4 -11.7845
38 5 -12.1112
38 6 -12.442
38 7 -12.7654
38 8 -13.0941
38 9 -13.418
38 10 -13.7145
38 11 -14.025
38 12 -14.3227
38 13 -14.601
38 14 -14.8884
38 15 -15.1562
38 16 -15.4139
38 17 -15.6731
38 18 -15.9265
38 19 -16.1713
38 20 -16.3815
38 21 -16.6223
38 22 -16.8281
38 23 -17.0421
38 24 -17.2421
38 25 -17.4439
38 26 -17.6297
38 27 -17.8165
38 28 -17.9932
38 29 -18.1607
38 30 -18.3183
38 31 -18.4836
38 32 -18.639
38 33 -18.7854
38 34 -18.9195
38 35 -19.0527
38 36 -19.1845
38 37 -19.3098
38 38 -19.4201
38 39 -19.5324
38 40 -19.6478
39 -10 -11.3994
39 -9 -11.3891
39 -8 -11.3872
39 -7 -11.3661
39 -6 -11.3632
39 -5 -11.3618
39 -4 -11.3488
39 -3 -11.3491
39 -2 -11.3297
39 -1 -11.3127
39 0 -11.2804
39 1 -11.2819
39 2 -11.327
39 3 -11.5181
39 4 -11.7917
39 5 -12.1081
39 6 -12.4434
39 7 -12.7684
39 8 -13.0785
39 9 -13.4129
39 10 -13.7348
39 11 -14.0305
39 12 -14.3192
39 13 -14.6117
39 14 -14.8899
39 15 -15.1471
39 16 -15.4207
39 17 -15.6798
39 18 -15.9335
39 19 -16.1668
39 20 -16.3914
39 21 -16.6155
39 22 -16.8356
39 23 -17.0446
39 24 -17.2512
39 25 -17.4454
39 26 -17.6327
39 27 -17.8192
39 28 -17.9972
39 29 -18.1651
39 30 -18.3284
39 31 -18.4799
39 32 -18.6429
39 33 -18.7794
39 34 -18.9258
39 35 -19.0481
39 36 -19.1779
39 37 -19.3074
39 38 -19.4194
39 39 -19.5433
39 40 -19.642
40 -10 -11.3967
40 -9 -11.3944
40 -8 -11.3788
40 -7 -11.3705
40 -6 -11.3684
40 -5 -11.3656
40 -4 -11.3617
40 -3 -11.344
40 -2 -11.3318
40 -1 -11.3074
40 0 -11.2991
40 1 -11.2806
40 2 -11.3274
40 3 -11.5297
40 4 -11.7951
40 5 -12.1175
40 6 -12.441
40 7 -12.7779
40 8 -13.0927
40 9 -13.4203
40 10 -13.7202
40 11 -14.0325
40 12 -14.3214
40 13 -14.6073
40 14 -14.89
40 15 -15.1634
40 16 -15.4261
40 17 -15.689
40 18 -15.9352
40 19 -16.1604
40 20 -16.4046
40 21 -16.6189
40 22 -16.8332
40 23 -17.0478
40 24 -17.2514
40 25 -17.4416
40 26 -17.6302
40 27 -17.8164
40 28 -17.9859
40 29 -18.1629
40 30 -18.3326
40 31 -18.4814
40 32 -18.6374
40 33 -18.7844
40 34 -18.9227
40 35 -19.0597
40 36 -19.1808
40 37 -19.297
40 38 -19.4178
40 39 -19.5334
40 40 -19.649
