-10 -10 -8.65473
-10 -9 -8.64161
-10 -8 -8.62272
-10 -7 -8.60709
-10 -6 -8.58898
-10 -5 -8.57509
-10 -4 -8.5509
-10 -3 -8.51815
-10 -2 -8.47465
-10 -1 -8.47176
-10 0 -8.453
-10 1 -8.43039
-10 2 -8.47602
-10 3 -8.64815
-10 4 -8.92023
-10 5 -9.2185
-10 6 -9.53692
-10 7 -9.85556
-10 8 -10.1693
-10 9 -10.4993
-10 10 -10.8116
-10 11 -11.0939
-10 12 -11.4016
-10 13 -11.6749
-10 14 -11.9515
-10 15 -12.2148
-10 16 -12.479
-10 17 -12.7241
-10 18 -12.9786
-10 19 -13.2015
-10 20 -13.4482
-10 21 -13.6888
-10 22 -13.9023
-10 23 -14.1182
-10 24 -14.3296
-10 25 -14.5185
-10 26 -14.7248
-10 27 -14.927
-10 28 -15.0988
-10 29 -15.2809
-10 30 -15.4827
-10 31 -15.6423
-10 32 -15.8182
-10 33 -15.9854
-10 34 -16.1621
-10 35 -16.3293
-10 36 -16.4768
-10 37 -16.6191
-10 38 -16.781
-10 39 -16.9177
-10 40 -17.0564
-9 -10 -8.6504
-9 -9 -8.63016
-9 -8 -8.62091
-9 -7 -8.60126
-9 -6 -8.58186
-9 -5 -8.53613
-9 -4 -8.51781
-9 -3 -8.50987
-9 -2 -8.4578
-9 -1 -8.44565
-9 0 -8.41773
-9 1 -8.40372
-9 2 -8.42371
-9 3 -8.60318
-9 4 -8.8449
-9 5 -9.15499
-9 6 -9.50367
-9 7 -9.79743
-9 8 -10.1625
-9 9 -10.4569
-9 10 -10.7578
-9 11 -11.0761
-9 12 -11.3723
-9 13 -11.6447
-9 14 -11.9224
-9 15 -12.1932
-9 16 -12.4613
-9 17 -12.7191
-9 18 -12.9637
-9 19 -13.1977
-9 20 -13.4392
-9 21 -13.656
-9 22 -13.8827
-9 23 -14.1071
-9 24 -14.3202
-9 25 -14.5108
-9 26 -14.7065
-9 27 -14.9228
-9 28 -15.0922
-9 29 -15.2772
-9 30 -15.4671
-9 31 -15.6326
-9 32 -15.7889
-9 33 -15.9815
-9 34 -16.1434
-9 35 -16.2964
-9 36 -16.4727
-9 37 -16.6216
-9 38 -16.7704
-9 39 -16.9245
-9 40 -17.0521
-8 -10 -8.62451
-8 -9 -8.59768
-8 -8 -8.58468
-8 -7 -8.57046
-8 -6 -8.55382
-8 -5 -8.52493
-8 -4 -8.49687
-8 -3 -8.47146
-8 -2 -8.45592
-8 -1 -8.42836
-8 0 -8.40786
-8 1 -8.38524
-8 2 -8.39486
-8 3 -8.56195
-8 4 -8.83702
-8 5 -9.13397
-8 6 -9.47399
-8 7 -9.7928
-8 8 -10.1169
-8 9 -10.422
-8 10 -10.738
-8 11 -11.0332
-8 12 -11.3381
-8 13 -11.6015
-8 14 -11.903
-8 15 -12.1706
-8 16 -12.4393
-8 17 -12.6978
-8 18 -12.9164
-8 19 -13.1751
-8 20 -13.4179
-8 21 -13.6313
-8 22 -13.8395
-8 23 -14.0808
-8 24 -14.2978
-8 25 -14.4919
-8 26 -14.6819
-8 27 -14.8909
-8 28 -15.093
-8 29 -15.2782
-8 30 -15.4396
-8 31 -15.6203
-8 32 -15.7948
-8 33 -15.9726
-8 34 -16.1293
-8 35 -16.3059
-8 36 -16.4526
-8 37 -16.6098
-8 38 -16.7434
-8 39 -16.8756
-8 40 -17.0211
-7 -10 -8.60938
-7 -9 -8.59128
-7 -8 -8.57961
-7 -7 -8.5535
-7 -6 -8.51015
-7 -5 -8.4943
-7 -4 -8.48852
-7 -3 -8.44961
-7 -2 -8.42594
-7 -1 -8.4115
-7 0 -8.38458
-7 1 -8.34543
-7 2 -8.34718
-7 3 -8.53462
-7 4 -8.79068
-7 5 -9.10156
-7 6 -9.41351
-7 7 -9.75589
-7 8 -10.0637
-7 9 -10.3708
-7 10 -10.696
-7 11 -11.0021
-7 12 -11.2927
-7 13 -11.5982
-7 14 -11.8665
-7 15 -12.1324
-7 16 -12.3779
-7 17 -12.6712
-7 18 -12.9118
-7 19 -13.1539
-7 20 -13.3737
-7 21 -13.612
-7 22 -13.818
-7 23 -14.0704
-7 24 -14.2597
-7 25 -14.4703
-7 26 -14.6706
-7 27 -14.878
-7 28 -15.0608
-7 29 -15.26
-7 30 -15.421
-7 31 -15.6103
-7 32 -15.7812
-7 33 -15.9404
-7 34 -16.1272
-7 35 -16.2798
-7 36 -16.4305
-7 37 -16.5797
-7 38 -16.7302
-7 39 -16.8693
-7 40 -17.0158
-6 -10 -8.60792
-6 -9 -8.57228
-6 -8 -8.56585
-6 -7 -8.53208
-6 -6 -8.50419
-6 -5 -8.47423
-6 -4 -8.44776
-6 -3 -8.4309
-6 -2 -8.4215
-6 -1 -8.37389
-6 0 -8.34379
-6 1 -8.31322
-6 2 -8.31726
-6 3 -8.51176
-6 4 -8.7859
-6 5 -9.0838
-6 6 -9.39673
-6 7 -9.72763
-6 8 -10.0538
-6 9 -10.3622
-6 10 -10.6784
-6 11 -10.9605
-6 12 -11.2728
-6 13 -11.5611
-6 14 -11.8333
-6 15 -12.1025
-6 16 -12.3692
-6 17 -12.6109
-6 18 -12.8652
-6 19 -13.1124
-6 20 -13.3486
-6 21 -13.5855
-6 22 -13.7859
-6 23 -14.0032
-6 24 -14.2137
-6 25 -14.4436
-6 26 -14.6492
-6 27 -14.8556
-6 28 -15.0312
-6 29 -15.2223
-6 30 -15.4093
-6 31 -15.5921
-6 32 -15.7662
-6 33 -15.9332
-6 34 -16.1007
-6 35 -16.2628
-6 36 -16.4281
-6 37 -16.569
-6 38 -16.7065
-6 39 -16.869
-6 40 -16.9998
-5 -10 -8.56027
-5 -9 -8.55574
-5 -8 -8.51347
-5 -7 -8.49816
-5 -6 -8.48272
-5 -5 -8.4499
-5 -4 -8.41494
-5 -3 -8.40456
-5 -2 -8.37541
-5 -1 -8.35018
-5 0 -8.29645
-5 1 -8.26779
-5 2 -8.31549
-5 3 -8.48647
-5 4 -8.76289
-5 5 -9.08922
-5 6 -9.37917
-5 7 -9.71299
-5 8 -10.0421
-5 9 -10.3543
-5 10 -10.6588
-5 11 -10.9694
-5 12 -11.2559
-5 13 -11.5326
-5 14 -11.8033
-5 15 -12.0788
-5 16 -12.3253
-5 17 -12.5815
-5 18 -12.8359
-5 19 -13.0684
-5 20 -13.3006
-5 21 -13.5287
-5 22 -13.7515
-5 23 -13.9775
-5 24 -14.1927
-5 25 -14.4098
-5 26 -14.5937
-5 27 -14.7885
-5 28 -14.9906
-5 29 -15.1793
-5 30 -15.3782
-5 31 -15.576
-5 32 -15.7174
-5 33 -15.9016
-5 34 -16.083
-5 35 -16.2265
-5 36 -16.3906
-5 37 -16.5467
-5 38 -16.69
-5 39 -16.8428
-5 40 -16.9615
-4 -10 -8.56317
-4 -9 -8.53981
-4 -8 -8.49878
-4 -7 -8.47933
-4 -6 -8.45432
-4 -5 -8.4388
-4 -4 -8.42032
-4 -3 -8.39501
-4 -2 -8.3543
-4 -1 -8.33019
-4 0 -8.27789
-4 1 -8.2863
-4 2 -8.28001
-4 3 -8.46092
-4 4 -8.75046
-4 5 -9.05549
-4 6 -9.38711
-4 7 -9.70283
-4 8 -10.0111
-4 9 -10.3394
-4 10 -10.6466
-4 11 -10.9579
-4 12 -11.2237
-4 13 -11.5414
-4 14 -11.7924
-4 15 -12.0736
-4 16 -12.3313
-4 17 -12.5699
-4 18 -12.8204
-4 19 -13.0495
-4 20 -13.3095
-4 21 -13.5308
-4 22 -13.7448
-4 23 -13.9719
-4 24 -14.1622
-4 25 -14.385
-4 26 -14.5909
-4 27 -14.7767
-4 28 -14.9741
-4 29 -15.17
-4 30 -15.3425
-4 31 -15.533
-4 32 -15.7065
-4 33 -15.8723
-4 34 -16.0442
-4 35 -16.1968
-4 36 -16.3641
-4 37 -16.5141
-4 38 -16.6635
-4 39 -16.7892
-4 40 -16.9509
-3 -10 -8.55666
-3 -9 -8.52427
-3 -8 -8.49424
-3 -7 -8.47786
-3 -6 -8.47132
-3 -5 -8.44323
-3 -4 -8.41544
-3 -3 -8.37522
-3 -2 -8.34426
-3 -1 -8.31545
-3 0 -8.27772
-3 1 -8.26869
-3 2 -8.28636
-3 3 -8.45305
-3 4 -8.71009
-3 5 -9.02794
-3 6 -9.36222
-3 7 -9.67462
-3 8 -10.0069
-3 9 -10.3181
-3 10 -10.6343
-3 11 -10.9338
-3 12 -11.228
-3 13 -11.5222
-3 14 -11.8017
-3 15 -12.0604
-3 16 -12.321
-3 17 -12.5674
-3 18 -12.8065
-3 19 -13.0598
-3 20 -13.2943
-3 21 -13.5181
-3 22 -13.7314
-3 23 -13.945
-3 24 -14.1717
-3 25 -14.38
-3 26 -14.5552
-3 27 -14.7753
-3 28 -14.9449
-3 29 -15.1548
-3 30 -15.3319
-3 31 -15.5062
-3 32 -15.6837
-3 33 -15.8675
-3 34 -16.0219
-3 35 -16.2075
-3 36 -16.3296
-3 37 -16.4966
-3 38 -16.6439
-3 39 -16.7849
-3 40 -16.9201
-2 -10 -8.5507
-2 -9 -8.5131
-2 -8 -8.51115
-2 -7 -8.48481
-2 -6 -8.45098
-2 -5 -8.44281
-2 -4 -8.41011
-2 -3 -8.35063
-2 -2 -8.34123
-2 -1 -8.29199
-2 0 -8.26229
-2 1 -8.22396
-2 2 -8.2226
-2 3 -8.38187
-2 4 -8.67138
-2 5 -8.98505
-2 6 -9.31223
-2 7 -9.62664
-2 8 -9.97498
-2 9 -10.2946
-2 10 -10.5946
-2 11 -10.9095
-2 12 -11.2135
-2 13 -11.5013
-2 14 -11.7849
-2 15 -12.0583
-2 16 -12.3079
-2 17 -12.5656
-2 18 -12.8264
-2 19 -13.0439
-2 20 -13.2878
-2 21 -13.5185
-2 22 -13.741
-2 23 -13.9726
-2 24 -14.172
-2 25 -14.3671
-2 26 -14.5704
-2 27 -14.7755
-2 28 -14.9573
-2 29 -15.1439
-2 30 -15.3388
-2 31 -15.5329
-2 32 -15.6784
-2 33 -15.8522
-2 34 -16.0209
-2 35 -16.1695
-2 36 -16.3498
-2 37 -16.4886
-2 38 -16.6543
-2 39 -16.778
-2 40 -16.9307
-1 -10 -8.52015
-1 -9 -8.52342
-1 -8 -8.50465
-1 -7 -8.4805
-1 -6 -8.45893
-1 -5 -8.42096
-1 -4 -8.38017
-1 -3 -8.35421
-1 -2 -8.34379
-1 -1 -8.30311
-1 0 -8.25727
-1 1 -8.20923
-1 2 -8.23156
-1 3 -8.40005
-1 4 -8.66177
-1 5 -8.98745
-1 6 -9.30837
-1 7 -9.62672
-1 8 -9.92487
-1 9 -10.2613
-1 10 -10.5703
-1 11 -10.9127
-1 12 -11.1809
-1 13 -11.4662
-1 14 -11.7763
-1 15 -12.0382
-1 16 -12.3173
-1 17 -12.5651
-1 18 -12.8222
-1 19 -13.0474
-1 20 -13.3226
-1 21 -13.5394
-1 22 -13.7587
-1 23 -13.9729
-1 24 -14.2038
-1 25 -14.3913
-1 26 -14.584
-1 27 -14.7865
-1 28 -14.9742
-1 29 -15.1638
-1 30 -15.3551
-1 31 -15.5218
-1 32 -15.6877
-1 33 -15.8571
-1 34 -16.0327
-1 35 -16.1896
-1 36 -16.348
-1 37 -16.4879
-1 38 -16.6375
-1 39 -16.7911
-1 40 -16.9251
0 -10 -8.55997
0 -9 -8.52168
0 -8 -8.52269
0 -7 -8.49993
0 -6 -8.46367
0 -5 -8.43813
0 -4 -8.38293
0 -3 -8.39556
0 -2 -8.34162
0 -1 -8.31903
0 0 -8.26571
0 1 -8.20084
0 2 -8.21119
0 3 -8.4382
0 4 -8.65091
0 5 -8.97133
0 6 -9.32732
0 7 -9.61317
0 8 -9.96182
0 9 -10.2806
0 10 -10.566
0 11 -10.878
0 12 -11.1755
0 13 -11.4705
0 14 -11.745
0 15 -12.0625
0 16 -12.3247
0 17 -12.5743
0 18 -12.8425
0 19 -13.0619
0 20 -13.3134
0 21 -13.5389
0 22 -13.7704
0 23 -13.9845
0 24 -14.2109
0 25 -14.3901
0 26 -14.6032
0 27 -14.8118
0 28 -15.0005
0 29 -15.1909
0 30 -15.3774
0 31 -15.5462
0 32 -15.7277
0 33 -15.8844
0 34 -16.0532
0 35 -16.228
0 36 -16.3798
0 37 -16.5239
0 38 -16.6818
0 39 -16.8175
0 40 -16.9572
1 -10 -8.57711
1 -9 -8.58431
1 -8 -8.54736
1 -7 -8.53142
1 -6 -8.47348
1 -5 -8.43278
1 -4 -8.43642
1 -3 -8.41911
1 -2 -8.38255
1 -1 -8.35749
1 0 -8.27849
1 1 -8.24059
1 2 -8.25669
1 3 -8.40533
1 4 -8.68194
1 5 -9.01908
1 6 -9.33589
1 7 -9.6573
1 8 -9.99033
1 9 -10.3112
1 10 -10.6174
1 11 -10.9125
1 12 -11.2103
1 13 -11.4952
1 14 -11.7909
1 15 -12.0789
1 16 -12.3277
1 17 -12.5914
1 18 -12.8568
1 19 -13.0919
1 20 -13.3421
1 21 -13.568
1 22 -13.8004
1 23 -14.0169
1 24 -14.2416
1 25 -14.4296
1 26 -14.655
1 27 -14.817
1 28 -15.0389
1 29 -15.2142
1 30 -15.3959
1 31 -15.5716
1 32 -15.7544
1 33 -15.9355
1 34 -16.1021
1 35 -16.2596
1 36 -16.4112
1 37 -16.5492
1 38 -16.7028
1 39 -16.8448
1 40 -16.9859
2 -10 -8.63397
2 -9 -8.621
2 -8 -8.60068
2 -7 -8.56974
2 -6 -8.52241
2 -5 -8.51544
2 -4 -8.46521
2 -3 -8.46299
2 -2 -8.45271
2 -1 -8.34353
2 0 -8.31835
2 1 -8.2885
2 2 -8.27167
2 3 -8.4623
2 4 -8.73513
2 5 -9.02603
2 6 -9.3464
2 7 -9.69461
2 8 -10.0113
2 9 -10.3148
2 10 -10.6523
2 11 -10.9591
2 12 -11.2644
2 13 -11.5501
2 14 -11.843
2 15 -12.0802
2 16 -12.3543
2 17 -12.6182
2 18 -12.8631
2 19 -13.1495
2 20 -13.3946
2 21 -13.6129
2 22 -13.8264
2 23 -14.0586
2 24 -14.3026
2 25 -14.4757
2 26 -14.6771
2 27 -14.8733
2 28 -15.0793
2 29 -15.2683
2 30 -15.46
2 31 -15.6216
2 32 -15.7862
2 33 -15.9559
2 34 -16.133
2 35 -16.2933
2 36 -16.4517
2 37 -16.6097
2 38 -16.766
2 39 -16.8986
2 40 -17.03
3 -10 -8.69454
3 -9 -8.67612
3 -8 -8.64356
3 -7 -8.62139
3 -6 -8.58136
3 -5 -8.55158
3 -4 -8.52464
3 -3 -8.49887
3 -2 -8.46695
3 -1 -8.43793
3 0 -8.36706
3 1 -8.32408
3 2 -8.34092
3 3 -8.51427
3 4 -8.76495
3 5 -9.08613
3 6 -9.39575
3 7 -9.74053
3 8 -10.0435
3 9 -10.3976
3 10 -10.7184
3 11 -11.0041
3 12 -11.3018
3 13 -11.5989
3 14 -11.8572
3 15 -12.147
3 16 -12.3981
3 17 -12.7031
3 18 -12.916
3 19 -13.1923
3 20 -13.4195
3 21 -13.6583
3 22 -13.9127
3 23 -14.1111
3 24 -14.3457
3 25 -14.5398
3 26 -14.7492
3 27 -14.9349
3 28 -15.1464
3 29 -15.306
3 30 -15.5023
3 31 -15.6763
3 32 -15.8466
3 33 -16.0483
3 34 -16.1888
3 35 -16.3494
3 36 -16.5038
3 37 -16.6596
3 38 -16.8028
3 39 -16.9526
3 40 -17.0943
4 -10 -8.73527
4 -9 -8.72367
4 -8 -8.69136
4 -7 -8.66472
4 -6 -8.62995
4 -5 -8.6078
4 -4 -8.57993
4 -3 -8.53414
4 -2 -8.49745
4 -1 -8.46509
4 0 -8.42555
4 1 -8.37295
4 2 -8.3737
4 3 -8.55982
4 4 -8.83772
4 5 -9.14688
4 6 -9.4778
4 7 -9.8071
4 8 -10.1437
4 9 -10.4548
4 10 -10.7697
4 11 -11.0418
4 12 -11.3658
4 13 -11.6606
4 14 -11.9366
4 15 -12.2102
4 16 -12.4686
4 17 -12.7535
4 18 -13.003
4 19 -13.2369
4 20 -13.4751
4 21 -13.7121
4 22 -13.9225
4 23 -14.1541
4 24 -14.3669
4 25 -14.5864
4 26 -14.7792
4 27 -14.9848
4 28 -15.1842
4 29 -15.3684
4 30 -15.5597
4 31 -15.7333
4 32 -15.9003
4 33 -16.0707
4 34 -16.2408
4 35 -16.3937
4 36 -16.5527
4 37 -16.7043
4 38 -16.8378
4 39 -17.0021
4 40 -17.1538
5 -10 -8.77004
5 -9 -8.75807
5 -8 -8.72616
5 -7 -8.70974
5 -6 -8.67092
5 -5 -8.65087
5 -4 -8.62916
5 -3 -8.57405
5 -2 -8.51563
5 -1 -8.46556
5 0 -8.4594
5 1 -8.4291
5 2 -8.46013
5 3 -8.60764
5 4 -8.87491
5 5 -9.21219
5 6 -9.54691
5 7 -9.87161
5 8 -10.1983
5 9 -10.4993
5 10 -10.8288
5 11 -11.1162
5 12 -11.416
5 13 -11.7042
5 14 -12.0107
5 15 -12.2907
5 16 -12.5364
5 17 -12.8015
5 18 -13.038
5 19 -13.2754
5 20 -13.524
5 21 -13.771
5 22 -13.9784
5 23 -14.2193
5 24 -14.4182
5 25 -14.6379
5 26 -14.8209
5 27 -15.0214
5 28 -15.2032
5 29 -15.4016
5 30 -15.5922
5 31 -15.796
5 32 -15.9425
5 33 -16.1204
5 34 -16.2775
5 35 -16.4485
5 36 -16.6008
5 37 -16.7498
5 38 -16.8943
5 39 -17.0408
5 40 -17.1761
6 -10 -8.84243
6 -9 -8.79833
6 -8 -8.76367
6 -7 -8.74077
6 -6 -8.73046
6 -5 -8.70865
6 -4 -8.67171
6 -3 -8.64693
6 -2 -8.56306
6 -1 -8.54024
6 0 -8.51309
6 1 -8.48538
6 2 -8.49654
6 3 -8.68499
6 4 -8.9446
6 5 -9.26573
6 6 -9.56532
6 7 -9.90539
6 8 -10.2342
6 9 -10.5616
6 10 -10.8736
6 11 -11.1872
6 12 -11.4792
6 13 -11.7687
6 14 -12.0508
6 15 -12.3146
6 16 -12.579
6 17 -12.8282
6 18 -13.0693
6 19 -13.3306
6 20 -13.5571
6 21 -13.799
6 22 -14.0211
6 23 -14.2371
6 24 -14.4452
6 25 -14.6587
6 26 -14.8744
6 27 -15.0852
6 28 -15.2577
6 29 -15.4607
6 30 -15.6435
6 31 -15.8269
6 32 -15.993
6 33 -16.1588
6 34 -16.3397
6 35 -16.5075
6 36 -16.6721
6 37 -16.8253
6 38 -16.9638
6 39 -17.1148
6 40 -17.2416
7 -10 -8.87102
7 -9 -8.86782
7 -8 -8.81666
7 -7 -8.79775
7 -6 -8.76751
7 -5 -8.73832
7 -4 -8.7196
7 -3 -8.67437
7 -2 -8.63989
7 -1 -8.59238
7 0 -8.54438
7 1 -8.53078
7 2 -8.53109
7 3 -8.72528
7 4 -8.98242
7 5 -9.27595
7 6 -9.61389
7 7 -9.95422
7 8 -10.2979
7 9 -10.6073
7 10 -10.8955
7 11 -11.2346
7 12 -11.5284
7 13 -11.8052
7 14 -12.0594
7 15 -12.3472
7 16 -12.6154
7 17 -12.8802
7 18 -13.131
7 19 -13.353
7 20 -13.6102
7 21 -13.83
7 22 -14.0654
7 23 -14.2839
7 24 -14.4994
7 25 -14.7184
7 26 -14.9239
7 27 -15.1201
7 28 -15.3172
7 29 -15.5089
7 30 -15.7075
7 31 -15.8615
7 32 -16.0478
7 33 -16.2216
7 34 -16.3866
7 35 -16.5554
7 36 -16.716
7 37 -16.8608
7 38 -17.0299
7 39 -17.1634
7 40 -17.2976
8 -10 -8.9299
8 -9 -8.90968
8 -8 -8.8849
8 -7 -8.83909
8 -6 -8.8249
8 -5 -8.79575
8 -4 -8.75857
8 -3 -8.72682
8 -2 -8.67868
8 -1 -8.64686
8 0 -8.60254
8 1 -8.57719
8 2 -8.60237
8 3 -8.76971
8 4 -8.99792
8 5 -9.31985
8 6 -9.64957
8 7 -10.0186
8 8 -10.3264
8 9 -10.6385
8 10 -10.9773
8 11 -11.2806
8 12 -11.5509
8 13 -11.8504
8 14 -12.1235
8 15 -12.3847
8 16 -12.6518
8 17 -12.9233
8 18 -13.1661
8 19 -13.3991
8 20 -13.6604
8 21 -13.873
8 22 -14.1017
8 23 -14.3216
8 24 -14.5568
8 25 -14.7631
8 26 -14.9738
8 27 -15.1829
8 28 -15.371
8 29 -15.5583
8 30 -15.7461
8 31 -15.9326
8 32 -16.1007
8 33 -16.276
8 34 -16.4544
8 35 -16.6119
8 36 -16.7815
8 37 -16.9229
8 38 -17.0762
8 39 -17.2075
8 40 -17.3483
9 -10 -8.9684
9 -9 -8.94786
9 -8 -8.91745
9 -7 -8.8776
9 -6 -8.86473
9 -5 -8.82848
9 -4 -8.80752
9 -3 -8.78356
9 -2 -8.73811
9 -1 -8.67284
9 0 -8.67399
9 1 -8.6092
9 2 -8.6136
9 3 -8.79042
9 4 -9.06191
9 5 -9.40253
9 6 -9.69894
9 7 -10.0328
9 8 -10.3695
9 9 -10.688
9 10 -10.9969
9 11 -11.3419
9 12 -11.6095
9 13 -11.8775
9 14 -12.1826
9 15 -12.4369
9 16 -12.7281
9 17 -12.9666
9 18 -13.227
9 19 -13.4537
9 20 -13.6949
9 21 -13.9381
9 22 -14.1501
9 23 -14.3911
9 24 -14.6047
9 25 -14.8078
9 26 -15.0132
9 27 -15.2119
9 28 -15.4073
9 29 -15.6052
9 30 -15.7999
9 31 -15.9825
9 32 -16.1642
9 33 -16.3212
9 34 -16.4881
9 35 -16.6357
9 36 -16.8183
9 37 -16.96
9 38 -17.1015
9 39 -17.25
9 40 -17.3998
10 -10 -8.9926
10 -9 -8.96897
10 -8 -8.94641
10 -7 -8.90969
10 -6 -8.89257
10 -5 -8.86443
10 -4 -8.83574
10 -3 -8.79767
10 -2 -8.76338
10 -1 -8.72374
10 0 -8.669
10 1 -8.66419
10 2 -8.67094
10 3 -8.83658
10 4 -9.10052
10 5 -9.40721
10 6 -9.75875
10 7 -10.0955
10 8 -10.4264
10 9 -10.7308
10 10 -11.0533
10 11 -11.3445
10 12 -11.6731
10 13 -11.9425
10 14 -12.2246
10 15 -12.4998
10 16 -12.7549
10 17 -12.994
10 18 -13.2692
10 19 -13.5046
10 20 -13.752
10 21 -13.9734
10 22 -14.1902
10 23 -14.4149
10 24 -14.6344
10 25 -14.8602
10 26 -15.0478
10 27 -15.2668
10 28 -15.4544
10 29 -15.6325
10 30 -15.831
10 31 -16.0154
10 32 -16.1781
10 33 -16.3733
10 34 -16.5284
10 35 -16.6859
10 36 -16.8426
10 37 -16.9974
10 38 -17.1541
10 39 -17.2898
10 40 -17.427
11 -10 -9.02932
11 -9 -9.00499
11 -8 -8.98339
11 -7 -8.9566
11 -6 -8.9381
11 -5 -8.88483
11 -4 -8.8737
11 -3 -8.84709
11 -2 -8.79386
11 -1 -8.75581
11 0 -8.7309
11 1 -8.68796
11 2 -8.70266
11 3 -8.87467
11 4 -9.16154
11 5 -9.46059
11 6 -9.82783
11 7 -10.1337
11 8 -10.4512
11 9 -10.7763
11 10 -11.0965
11 11 -11.4101
11 12 -11.6945
11 13 -11.9856
11 14 -12.2533
11 15 -12.5232
11 16 -12.8033
11 17 -13.0478
11 18 -13.3091
11 19 -13.5355
11 20 -13.7869
11 21 -14.0102
11 22 -14.2377
11 23 -14.442
11 24 -14.6732
11 25 -14.8832
11 26 -15.0864
11 27 -15.2747
11 28 -15.4883
11 29 -15.6877
11 30 -15.87
11 31 -16.048
11 32 -16.2247
11 33 -16.3905
11 34 -16.5498
11 35 -16.722
11 36 -16.8887
11 37 -17.0303
11 38 -17.1737
11 39 -17.314
11 40 -17.4662
12 -10 -9.06861
12 -9 -9.02548
12 -8 -9.00752
12 -7 -8.97428
12 -6 -8.95634
12 -5 -8.91929
12 -4 -8.93343
12 -3 -8.88071
12 -2 -8.82081
12 -1 -8.76651
12 0 -8.74144
12 1 -8.72651
12 2 -8.75771
12 3 -8.92601
12 4 -9.18943
12 5 -9.51783
12 6 -9.82632
12 7 -10.1656
12 8 -10.5033
12 9 -10.8278
12 10 -11.1361
12 11 -11.4198
12 12 -11.7421
12 13 -12.0106
12 14 -12.3007
12 15 -12.5683
12 16 -12.833
12 17 -13.0806
12 18 -13.3223
12 19 -13.5814
12 20 -13.8114
12 21 -14.046
12 22 -14.2722
12 23 -14.4869
12 24 -14.7126
12 25 -14.9214
12 26 -15.11
12 27 -15.3303
12 28 -15.5201
12 29 -15.7084
12 30 -15.8922
12 31 -16.0778
12 32 -16.2634
12 33 -16.4216
12 34 -16.5917
12 35 -16.755
12 36 -16.9084
12 37 -17.063
12 38 -17.2152
12 39 -17.3465
12 40 -17.4877
13 -10 -9.09736
13 -9 -9.08363
13 -8 -9.05591
13 -7 -9.01624
13 -6 -8.99496
13 -5 -8.96878
13 -4 -8.93672
13 -3 -8.90505
13 -2 -8.85409
13 -1 -8.82374
13 0 -8.78896
13 1 -8.75651
13 2 -8.79544
13 3 -8.94776
13 4 -9.23715
13 5 -9.53095
13 6 -9.87436
13 7 -10.1835
13 8 -10.5313
13 9 -10.8436
13 10 -11.1655
13 11 -11.4715
13 12 -11.7542
13 13 -12.0363
13 14 -12.3376
13 15 -12.6023
13 16 -12.8835
13 17 -13.1053
13 18 -13.3615
13 19 -13.6069
13 20 -13.8416
13 21 -14.0686
13 22 -14.2831
13 23 -14.5057
13 24 -14.7242
13 25 -14.9511
13 26 -15.1431
13 27 -15.3354
13 28 -15.552
13 29 -15.7546
13 30 -15.9234
13 31 -16.1033
13 32 -16.2921
13 33 -16.4564
13 34 -16.6128
13 35 -16.7793
13 36 -16.9446
13 37 -17.0889
13 38 -17.2421
13 39 -17.3895
13 40 -17.5273
14 -10 -9.13856
14 -9 -9.109
14 -8 -9.08043
14 -7 -9.05073
14 -6 -9.03114
14 -5 -9.00831
14 -4 -8.9779
14 -3 -8.94584
14 -2 -8.88415
14 -1 -8.84227
14 0 -8.82023
14 1 -8.77173
14 2 -8.81914
14 3 -8.98389
14 4 -9.23754
14 5 -9.5516
14 6 -9.89706
14 7 -10.2221
14 8 -10.5378
14 9 -10.8737
14 10 -11.186
14 11 -11.4878
14 12 -11.7816
14 13 -12.0772
14 14 -12.341
14 15 -12.6315
14 16 -12.8748
14 17 -13.1357
14 18 -13.384
14 19 -13.6186
14 20 -13.8664
14 21 -14.1107
14 22 -14.3198
14 23 -14.5509
14 24 -14.745
14 25 -14.9781
14 26 -15.1641
14 27 -15.3664
14 28 -15.5809
14 29 -15.7863
14 30 -15.9663
14 31 -16.1401
14 32 -16.3105
14 33 -16.485
14 34 -16.6704
14 35 -16.8241
14 36 -16.9789
14 37 -17.134
14 38 -17.2835
14 39 -17.427
14 40 -17.57
15 -10 -9.16377
15 -9 -9.13368
15 -8 -9.1042
15 -7 -9.07084
15 -6 -9.06228
15 -5 -9.02958
15 -4 -8.99021
15 -3 -8.97039
15 -2 -8.90977
15 -1 -8.88192
15 0 -8.83949
15 1 -8.81518
15 2 -8.84548
15 3 -9.02618
15 4 -9.27217
15 5 -9.56904
15 6 -9.91101
15 7 -10.2524
15 8 -10.5911
15 9 -10.9018
15 10 -11.2111
15 11 -11.522
15 12 -11.8072
15 13 -12.099
15 14 -12.3856
15 15 -12.6443
15 16 -12.917
15 17 -13.1617
15 18 -13.4104
15 19 -13.6637
15 20 -13.9038
15 21 -14.1303
15 22 -14.3693
15 23 -14.5867
15 24 -14.7944
15 25 -15.0125
15 26 -15.2192
15 27 -15.4192
15 28 -15.608
15 29 -15.805
15 30 -15.9923
15 31 -16.1679
15 32 -16.3472
15 33 -16.5207
15 34 -16.7008
15 35 -16.844
15 36 -17.0144
15 37 -17.1571
15 38 -17.3155
15 39 -17.4639
15 40 -17.5967
16 -10 -9.18831
16 -9 -9.16021
16 -8 -9.12386
16 -7 -9.1069
16 -6 -9.06796
16 -5 -9.05292
16 -4 -9.01719
16 -3 -8.99197
16 -2 -8.95437
16 -1 -8.90087
16 0 -8.88412
16 1 -8.84635
16 2 -8.85544
16 3 -9.01495
16 4 -9.29906
16 5 -9.6187
16 6 -9.95216
16 7 -10.279
16 8 -10.6186
16 9 -10.9548
16 10 -11.2485
16 11 -11.5591
16 12 -11.863
16 13 -12.1295
16 14 -12.4224
16 15 -12.6774
16 16 -12.948
16 17 -13.1982
16 18 -13.4512
16 19 -13.7
16 20 -13.9341
16 21 -14.1677
16 22 -14.3913
16 23 -14.605
16 24 -14.8211
16 25 -15.0254
16 26 -15.2299
16 27 -15.4509
16 28 -15.6492
16 29 -15.8213
16 30 -16.0384
16 31 -16.2186
16 32 -16.3699
16 33 -16.5566
16 34 -16.7153
16 35 -16.8764
16 36 -17.0408
16 37 -17.1989
16 38 -17.3444
16 39 -17.4738
16 40 -17.62
17 -10 -9.20942
17 -9 -9.17904
17 -8 -9.16625
17 -7 -9.12744
17 -6 -9.11096
17 -5 -9.08704
17 -4 -9.07153
17 -3 -9.01973
17 -2 -8.97399
17 -1 -8.93027
17 0 -8.89644
17 1 -8.89321
17 2 -8.90046
17 3 -9.05005
17 4 -9.32984
17 5 -9.65873
17 6 -9.96874
17 7 -10.2967
17 8 -10.6392
17 9 -10.9585
17 10 -11.2593
17 11 -11.574
17 12 -11.8844
17 13 -12.1702
17 14 -12.4478
17 15 -12.7148
17 16 -12.9809
17 17 -13.2456
17 18 -13.4882
17 19 -13.7324
17 20 -13.9582
17 21 -14.1881
17 22 -14.4296
17 23 -14.6298
17 24 -14.8453
17 25 -15.0672
17 26 -15.2902
17 27 -15.4779
17 28 -15.6849
17 29 -15.8584
17 30 -16.0565
17 31 -16.2333
17 32 -16.411
17 33 -16.5693
17 34 -16.7455
17 35 -16.9044
17 36 -17.0657
17 37 -17.2186
17 38 -17.3665
17 39 -17.5214
17 40 -17.6489
18 -10 -9.24804
18 -9 -9.20782
18 -8 -9.18112
18 -7 -9.15769
18 -6 -9.14066
18 -5 -9.103
18 -4 -9.08786
18 -3 -9.04874
18 -2 -8.99705
18 -1 -8.96377
18 0 -8.93714
18 1 -8.9027
18 2 -8.92492
18 3 -9.09246
18 4 -9.35862
18 5 -9.66308
18 6 -10.0044
18 7 -10.3412
18 8 -10.6582
18 9 -10.9772
18 10 -11.3048
18 11 -11.6126
18 12 -11.9002
18 13 -12.1997
18 14 -12.471
18 15 -12.7484
18 16 -13.0138
18 17 -13.2577
18 18 -13.5116
18 19 -13.7526
18 20 -13.9949
18 21 -14.2161
18 22 -14.4623
18 23 -14.6672
18 24 -14.8713
18 25 -15.0949
18 26 -15.2886
18 27 -15.4998
18 28 -15.6942
18 29 -15.88
18 30 -16.0619
18 31 -16.2586
18 32 -16.4348
18 33 -16.5985
18 34 -16.7799
18 35 -16.9385
18 36 -17.0783
18 37 -17.2351
18 38 -17.3972
18 39 -17.5304
18 40 -17.6598
19 -10 -9.2568
19 -9 -9.23188
19 -8 -9.21126
19 -7 -9.18443
19 -6 -9.15338
19 -5 -9.14874
19 -4 -9.11275
19 -3 -9.07275
19 -2 -9.02341
19 -1 -8.99945
19 0 -8.95886
19 1 -8.92944
19 2 -8.94746
19 3 -9.12342
19 4 -9.37866
19 5 -9.70085
19 6 -10.0187
19 7 -10.3809
19 8 -10.6936
19 9 -11.0119
19 10 -11.3309
19 11 -11.6312
19 12 -11.9328
19 13 -12.2258
19 14 -12.5002
19 15 -12.767
19 16 -13.0273
19 17 -13.2959
19 18 -13.5375
19 19 -13.7933
19 20 -14.0144
19 21 -14.2337
19 22 -14.4661
19 23 -14.6847
19 24 -14.9114
19 25 -15.109
19 26 -15.3194
19 27 -15.5198
19 28 -15.7122
19 29 -15.9046
19 30 -16.0948
19 31 -16.2699
19 32 -16.4531
19 33 -16.6354
19 34 -16.7843
19 35 -16.9539
19 36 -17.115
19 37 -17.2645
19 38 -17.4109
19 39 -17.5475
19 40 -17.6976
20 -10 -9.28232
20 -9 -9.25745
20 -8 -9.23044
20 -7 -9.20194
20 -6 -9.17724
20 -5 -9.16387
20 -4 -9.14067
20 -3 -9.09781
20 -2 -9.05436
20 -1 -9.01523
20 0 -8.99553
20 1 -8.94312
20 2 -8.96228
20 3 -9.13979
20 4 -9.39912
20 5 -9.73073
20 6 -10.0541
20 7 -10.3952
20 8 -10.703
20 9 -11.0422
20 10 -11.3596
20 11 -11.6242
20 12 -11.9675
20 13 -12.2271
20 14 -12.5143
20 15 -12.7934
20 16 -13.0633
20 17 -13.3117
20 18 -13.5638
20 19 -13.8059
20 20 -14.0379
20 21 -14.2658
20 22 -14.4933
20 23 -14.6991
20 24 -14.9308
20 25 -15.1366
20 26 -15.3395
20 27 -15.5403
20 28 -15.7289
20 29 -15.9199
20 30 -16.1158
20 31 -16.2858
20 32 -16.4703
20 33 -16.6465
20 34 -16.8049
20 35 -16.9772
20 36 -17.1374
20 37 -17.3003
20 38 -17.4324
20 39 -17.569
20 40 -17.726
21 -10 -9.30884
21 -9 -9.27683
21 -8 -9.25975
21 -7 -9.22574
21 -6 -9.21368
21 -5 -9.17563
21 -4 -9.16022
21 -3 -9.12405
21 -2 -9.07535
21 -1 -9.04432
21 0 -8.9879
21 1 -8.9735
21 2 -8.98974
21 3 -9.15846
21 4 -9.43777
21 5 -9.73004
21 6 -10.0708
21 7 -10.4034
21 8 -10.7299
21 9 -11.0486
21 10 -11.3603
21 11 -11.678
21 12 -11.9771
21 13 -12.271
21 14 -12.5311
21 15 -12.8233
21 16 -13.0798
21 17 -13.3341
21 18 -13.5765
21 19 -13.8158
21 20 -14.0557
21 21 -14.2838
21 22 -14.5201
21 23 -14.7372
21 24 -14.9561
21 25 -15.1621
21 26 -15.3635
21 27 -15.5608
21 28 -15.7629
21 29 -15.9578
21 30 -16.1368
21 31 -16.3216
21 32 -16.4964
21 33 -16.6653
21 34 -16.841
21 35 -17
21 36 -17.1604
21 37 -17.3087
21 38 -17.4615
21 39 -17.6049
21 40 -17.7375
22 -10 -9.3283
22 -9 -9.30479
22 -8 -9.27811
22 -7 -9.24846
22 -6 -9.22469
22 -5 -9.2012
22 -4 -9.18285
22 -3 -9.1388
22 -2 -9.10928
22 -1 -9.06412
22 0 -9.02651
22 1 -8.99309
22 2 -9.00497
22 3 -9.1717
22 4 -9.45161
22 5 -9.76437
22 6 -10.0987
22 7 -10.4352
22 8 -10.7587
22 9 -11.0608
22 10 -11.3991
22 11 -11.7038
22 12 -11.9818
22 13 -12.2975
22 14 -12.5777
22 15 -12.8419
22 16 -13.1022
22 17 -13.3365
22 18 -13.6021
22 19 -13.8511
22 20 -14.0721
22 21 -14.301
22 22 -14.5445
22 23 -14.7588
22 24 -14.9729
22 25 -15.1809
22 26 -15.3824
22 27 -15.5922
22 28 -15.7885
22 29 -15.9857
22 30 -16.1727
22 31 -16.3449
22 32 -16.5255
22 33 -16.6876
22 34 -16.8629
22 35 -17.0228
22 36 -17.1859
22 37 -17.3418
22 38 -17.486
22 39 -17.625
22 40 -17.7745
23 -10 -9.34418
23 -9 -9.32566
23 -8 -9.28969
23 -7 -9.26783
23 -6 -9.23235
23 -5 -9.22483
23 -4 -9.19192
23 -3 -9.15515
23 -2 -9.10353
23 -1 -9.07755
23 0 -9.0515
23 1 -9.01593
23 2 -9.03682
23 3 -9.21696
23 4 -9.46384
23 5 -9.78704
23 6 -10.1125
23 7 -10.4464
23 8 -10.7796
23 9 -11.1038
23 10 -11.4183
23 11 -11.712
23 12 -12.0221
23 13 -12.3012
23 14 -12.5897
23 15 -12.8613
23 16 -13.1226
23 17 -13.3814
23 18 -13.6097
23 19 -13.8735
23 20 -14.1038
23 21 -14.3398
23 22 -14.5589
23 23 -14.7841
23 24 -14.9994
23 25 -15.2122
23 26 -15.4052
23 27 -15.6175
23 28 -15.8095
23 29 -16.0049
23 30 -16.195
23 31 -16.3772
23 32 -16.5427
23 33 -16.7192
23 34 -16.8756
23 35 -17.0467
23 36 -17.205
23 37 -17.358
23 38 -17.5099
23 39 -17.6519
23 40 -17.7947
24 -10 -9.3594
24 -9 -9.34466
24 -8 -9.31169
24 -7 -9.28374
24 -6 -9.27124
24 -5 -9.23733
24 -4 -9.21352
24 -3 -9.19151
24 -2 -9.14583
24 -1 -9.10554
24 0 -9.08099
24 1 -9.04159
24 2 -9.03201
24 3 -9.22922
24 4 -9.50939
24 5 -9.79506
24 6 -10.1247
24 7 -10.472
24 8 -10.7939
24 9 -11.1315
24 10 -11.4357
24 11 -11.7443
24 12 -12.0272
24 13 -12.3202
24 14 -12.6086
24 15 -12.8944
24 16 -13.1486
24 17 -13.3919
24 18 -13.6478
24 19 -13.8972
24 20 -14.1309
24 21 -14.3542
24 22 -14.5813
24 23 -14.8034
24 24 -15.015
24 25 -15.2226
24 26 -15.4395
24 27 -15.6422
24 28 -15.837
24 29 -16.0185
24 30 -16.2174
24 31 -16.382
24 32 -16.5503
24 33 -16.7373
24 34 -16.9044
24 35 -17.0678
24 36 -17.2245
24 37 -17.375
24 38 -17.5286
24 39 -17.6722
24 40 -17.8061
25 -10 -9.38249
25 -9 -9.35876
25 -8 -9.33096
25 -7 -9.30665
25 -6 -9.28784
25 -5 -9.25784
25 -4 -9.23194
25 -3 -9.19769
25 -2 -9.15814
25 -1 -9.11083
25 0 -9.0979
25 1 -9.05314
25 2 -9.07086
25 3 -9.24951
25 4 -9.50812
25 5 -9.82109
25 6 -10.1494
25 7 -10.5006
25 8 -10.8021
25 9 -11.1424
25 10 -11.4636
25 11 -11.775
25 12 -12.0453
25 13 -12.3542
25 14 -12.6476
25 15 -12.9019
25 16 -13.153
25 17 -13.4335
25 18 -13.6581
25 19 -13.9064
25 20 -14.1534
25 21 -14.3683
25 22 -14.6006
25 23 -14.8193
25 24 -15.0364
25 25 -15.2493
25 26 -15.4427
25 27 -15.6516
25 28 -15.8405
25 29 -16.0413
25 30 -16.2288
25 31 -16.4083
25 32 -16.5801
25 33 -16.7638
25 34 -16.9321
25 35 -17.0881
25 36 -17.2434
25 37 -17.3958
25 38 -17.5405
25 39 -17.6895
25 40 -17.8217
26 -10 -9.40096
26 -9 -9.37808
26 -8 -9.34722
26 -7 -9.3322
26 -6 -9.30253
26 -5 -9.28262
26 -4 -9.24968
26 -3 -9.22188
26 -2 -9.18853
26 -1 -9.14952
26 0 -9.11899
26 1 -9.08702
26 2 -9.09605
26 3 -9.24886
26 4 -9.53692
26 5 -9.84898
26 6 -10.1826
26 7 -10.5062
26 8 -10.8301
26 9 -11.1626
26 10 -11.4809
26 11 -11.782
26 12 -12.0752
26 13 -12.3762
26 14 -12.6352
26 15 -12.9189
26 16 -13.1892
26 17 -13.4362
26 18 -13.6908
26 19 -13.9377
26 20 -14.1644
26 21 -14.3909
26 22 -14.6301
26 23 -14.8452
26 24 -15.0531
26 25 -15.2665
26 26 -15.4777
26 27 -15.6809
26 28 -15.8672
26 29 -16.0536
26 30 -16.2344
26 31 -16.4265
26 32 -16.6146
26 33 -16.7664
26 34 -16.9293
26 35 -17.1001
26 36 -17.2638
26 37 -17.4166
26 38 -17.5646
26 39 -17.7054
26 40 -17.8527
27 -10 -9.4197
27 -9 -9.39935
27 -8 -9.37035
27 -7 -9.33605
27 -6 -9.32532
27 -5 -9.30944
27 -4 -9.2665
27 -3 -9.24257
27 -2 -9.20148
27 -1 -9.15442
27 0 -9.13815
27 1 -9.09803
27 2 -9.10935
27 3 -9.29244
27 4 -9.54227
27 5 -9.86483
27 6 -10.1899
27 7 -10.5077
27 8 -10.8489
27 9 -11.1781
27 10 -11.4982
27 11 -11.7992
27 12 -12.099
27 13 -12.3806
27 14 -12.6679
27 15 -12.9306
27 16 -13.1976
27 17 -13.4538
27 18 -13.7039
27 19 -13.9496
27 20 -14.1752
27 21 -14.4126
27 22 -14.6328
27 23 -14.8643
27 24 -15.0755
27 25 -15.2827
27 26 -15.4896
27 27 -15.6951
27 28 -15.891
27 29 -16.0771
27 30 -16.2539
27 31 -16.4498
27 32 -16.6157
27 33 -16.7889
27 34 -16.9615
27 35 -17.1213
27 36 -17.2765
27 37 -17.4294
27 38 -17.584
27 39 -17.7235
27 40 -17.8632
28 -10 -9.4343
28 -9 -9.40552
28 -8 -9.39167
28 -7 -9.35902
28 -6 -9.33933
28 -5 -9.31808
28 -4 -9.29973
28 -3 -9.24513
28 -2 -9.20695
28 -1 -9.18107
28 0 -9.13546
28 1 -9.11458
28 2 -9.12562
28 3 -9.28525
28 4 -9.56087
28 5 -9.87766
28 6 -10.2114
28 7 -10.5474
28 8 -10.8804
28 9 -11.1959
28 10 -11.5071
28 11 -11.8054
28 12 -12.1101
28 13 -12.3956
28 14 -12.6806
28 15 -12.9538
28 16 -13.2139
28 17 -13.4753
28 18 -13.7054
28 19 -13.9636
28 20 -14.1971
28 21 -14.4381
28 22 -14.6635
28 23 -14.8719
28 24 -15.0903
28 25 -15.3052
28 26 -15.5104
28 27 -15.7097
28 28 -15.9132
28 29 -16.0947
28 30 -16.2789
28 31 -16.4601
28 32 -16.6375
28 33 -16.8261
28 34 -16.9768
28 35 -17.1453
28 36 -17.2944
28 37 -17.4421
28 38 -17.5966
28 39 -17.7373
28 40 -17.8827
29 -10 -9.43896
29 -9 -9.42584
29 -8 -9.40736
29 -7 -9.37862
29 -6 -9.35313
29 -5 -9.32614
29 -4 -9.31209
29 -3 -9.28163
29 -2 -9.23307
29 -1 -9.20774
29 0 -9.15827
29 1 -9.12841
29 2 -9.1399
29 3 -9.31935
29 4 -9.5895
29 5 -9.90713
29 6 -10.2303
29 7 -10.5626
29 8 -10.899
29 9 -11.2332
29 10 -11.5343
29 11 -11.8341
29 12 -12.1331
29 13 -12.4077
29 14 -12.7119
29 15 -12.9778
29 16 -13.2276
29 17 -13.4957
29 18 -13.7419
29 19 -13.9799
29 20 -14.2247
29 21 -14.447
29 22 -14.6814
29 23 -14.9017
29 24 -15.1139
29 25 -15.333
29 26 -15.5194
29 27 -15.7345
29 28 -15.9232
29 29 -16.12
29 30 -16.2989
29 31 -16.4696
29 32 -16.6654
29 33 -16.8279
29 34 -16.9856
29 35 -17.1591
29 36 -17.3199
29 37 -17.4687
29 38 -17.6186
29 39 -17.7719
29 40 -17.8983
30 -10 -9.47104
30 -9 -9.44003
30 -8 -9.41298
30 -7 -9.39715
30 -6 -9.37046
30 -5 -9.35125
30 -4 -9.33299
30 -3 -9.28674
30 -2 -9.25768
30 -1 -9.19287
30 0 -9.17858
30 1 -9.14607
30 2 -9.15899
30 3 -9.3365
30 4 -9.61168
30 5 -9.92854
30 6 -10.2307
30 7 -10.5738
30 8 -10.9074
30 9 -11.2226
30 10 -11.5392
30 11 -11.851
30 12 -12.1426
30 13 -12.4475
30 14 -12.7127
30 15 -12.9887
30 16 -13.2579
30 17 -13.5178
30 18 -13.7618
30 19 -13.9987
30 20 -14.2306
30 21 -14.4742
30 22 -14.6824
30 23 -14.9131
30 24 -15.1393
30 25 -15.3475
30 26 -15.548
30 27 -15.7406
30 28 -15.9483
30 29 -16.1334
30 30 -16.3144
30 31 -16.4926
30 32 -16.6661
30 33 -16.8518
30 34 -17.0164
30 35 -17.1694
30 36 -17.3376
30 37 -17.4846
30 38 -17.6248
30 39 -17.7727
30 40 -17.9277
31 -10 -9.48616
31 -9 -9.45183
31 -8 -9.43243
31 -7 -9.407
31 -6 -9.38329
31 -5 -9.3622
31 -4 -9.3355
31 -3 -9.29991
31 -2 -9.2553
31 -1 -9.22574
31 0 -9.20397
31 1 -9.15426
31 2 -9.17519
31 3 -9.35632
31 4 -9.61058
31 5 -9.93959
31 6 -10.2541
31 7 -10.6007
31 8 -10.9118
31 9 -11.2434
31 10 -11.5642
31 11 -11.8612
31 12 -12.1507
31 13 -12.4656
31 14 -12.7355
31 15 -12.9982
31 16 -13.266
31 17 -13.5189
31 18 -13.7803
31 19 -13.9983
31 20 -14.2381
31 21 -14.4791
31 22 -14.6972
31 23 -14.9377
31 24 -15.1513
31 25 -15.3529
31 26 -15.5662
31 27 -15.7611
31 28 -15.9495
31 29 -16.1484
31 30 -16.3269
31 31 -16.5138
31 32 -16.6894
31 33 -16.8556
31 34 -17.0234
31 35 -17.1934
31 36 -17.3481
31 37 -17.5026
31 38 -17.6547
31 39 -17.7946
31 40 -17.9293
32 -10 -9.50736
32 -9 -9.47552
32 -8 -9.44925
32 -7 -9.42541
32 -6 -9.39284
32 -5 -9.37552
32 -4 -9.35631
32 -3 -9.31089
32 -2 -9.27076
32 -1 -9.24565
32 0 -9.20868
32 1 -9.1714
32 2 -9.19484
32 3 -9.37413
32 4 -9.64467
32 5 -9.94013
32 6 -10.2736
32 7 -10.591
32 8 -10.9425
32 9 -11.2678
32 10 -11.5544
32 11 -11.8773
32 12 -12.1808
32 13 -12.47
32 14 -12.735
32 15 -13.0259
32 16 -13.2899
32 17 -13.5381
32 18 -13.7909
32 19 -14.0307
32 20 -14.2542
32 21 -14.4932
32 22 -14.7183
32 23 -14.945
32 24 -15.1556
32 25 -15.3617
32 26 -15.5704
32 27 -15.7666
32 28 -15.9697
32 29 -16.1496
32 30 -16.3558
32 31 -16.5292
32 32 -16.7017
32 33 -16.8693
32 34 -17.0473
32 35 -17.205
32 36 -17.3639
32 37 -17.5114
32 38 -17.6694
32 39 -17.8006
32 40 -17.9324
33 -10 -9.50196
33 -9 -9.48051
33 -8 -9.45773
33 -7 -9.43619
33 -6 -9.40859
33 -5 -9.38825
33 -4 -9.36631
33 -3 -9.33561
33 -2 -9.29416
33 -1 -9.25343
33 0 -9.22528
33 1 -9.1878
33 2 -9.20774
33 3 -9.38528
33 4 -9.66462
33 5 -9.96584
33 6 -10.2939
33 7 -10.6291
33 8 -10.9496
33 9 -11.2788
33 10 -11.5925
33 11 -11.9044
33 12 -12.2036
33 13 -12.4834
33 14 -12.756
33 15 -13.027
33 16 -13.2921
33 17 -13.537
33 18 -13.7948
33 19 -14.0399
33 20 -14.2741
33 21 -14.5029
33 22 -14.7359
33 23 -14.9551
33 24 -15.1792
33 25 -15.3879
33 26 -15.5817
33 27 -15.7939
33 28 -15.9852
33 29 -16.1699
33 30 -16.352
33 31 -16.5284
33 32 -16.7307
33 33 -16.8814
33 34 -17.0555
33 35 -17.2298
33 36 -17.3782
33 37 -17.5211
33 38 -17.6725
33 39 -17.8245
33 40 -17.963
34 -10 -9.51063
34 -9 -9.49089
34 -8 -9.47854
34 -7 -9.45401
34 -6 -9.43423
34 -5 -9.40942
34 -4 -9.38204
34 -3 -9.3491
34 -2 -9.3092
34 -1 -9.27055
34 0 -9.24292
34 1 -9.19603
34 2 -9.22014
34 3 -9.40619
34 4 -9.65695
34 5 -9.96548
34 6 -10.3051
34 7 -10.6456
34 8 -10.9694
34 9 -11.2938
34 10 -11.6005
34 11 -11.9154
34 12 -12.2008
34 13 -12.5062
34 14 -12.7746
34 15 -13.0414
34 16 -13.3216
34 17 -13.5596
34 18 -13.803
34 19 -14.0538
34 20 -14.2923
34 21 -14.5192
34 22 -14.7571
34 23 -14.9617
34 24 -15.184
34 25 -15.4011
34 26 -15.6
34 27 -15.8111
34 28 -15.9944
34 29 -16.1886
34 30 -16.37
34 31 -16.555
34 32 -16.7254
34 33 -16.9125
34 34 -17.0678
34 35 -17.2295
34 36 -17.3834
34 37 -17.5419
34 38 -17.6891
34 39 -17.8357
34 40 -17.9727
35 -10 -9.52712
35 -9 -9.50952
35 -8 -9.48683
35 -7 -9.46365
35 -6 -9.44
35 -5 -9.42648
35 -4 -9.39457
35 -3 -9.36699
35 -2 -9.31926
35 -1 -9.2766
35 0 -9.23991
35 1 -9.22462
35 2 -9.23219
35 3 -9.41231
35 4 -9.68041
35 5 -9.96674
35 6 -10.3324
35 7 -10.6491
35 8 -10.9844
35 9 -11.2908
35 10 -11.6076
35 11 -11.9203
35 12 -12.2185
35 13 -12.5073
35 14 -12.7866
35 15 -13.0623
35 16 -13.3169
35 17 -13.5685
35 18 -13.8275
35 19 -14.066
35 20 -14.3085
35 21 -14.5431
35 22 -14.7627
35 23 -14.9908
35 24 -15.1981
35 25 -15.413
35 26 -15.6049
35 27 -15.8124
35 28 -16.0175
35 29 -16.1993
35 30 -16.3782
35 31 -16.5717
35 32 -16.7388
35 33 -16.9152
35 34 -17.0864
35 35 -17.2419
35 36 -17.4062
35 37 -17.5583
35 38 -17.7068
35 39 -17.8508
35 40 -17.9826
36 -10 -9.52757
36 -9 -9.50762
36 -8 -9.49292
36 -7 -9.46326
36 -6 -9.45843
36 -5 -9.43104
36 -4 -9.40923
36 -3 -9.37567
36 -2 -9.32938
36 -1 -9.293
36 0 -9.25153
36 1 -9.23147
36 2 -9.24747
36 3 -9.40925
36 4 -9.68547
36 5 -9.99934
36 6 -10.341
36 7 -10.6677
36 8 -11.0019
36 9 -11.3174
36 10 -11.6201
36 11 -11.9483
36 12 -12.2298
36 13 -12.5111
36 14 -12.7989
36 15 -13.0748
36 16 -13.3316
36 17 -13.5854
36 18 -13.8385
36 19 -14.0774
36 20 -14.3071
36 21 -14.5493
36 22 -14.7868
36 23 -14.9904
36 24 -15.2065
36 25 -15.4033
36 26 -15.6243
36 27 -15.825
36 28 -16.0017
36 29 -16.22
36 30 -16.3998
36 31 -16.5772
36 32 -16.7573
36 33 -16.9256
36 34 -17.0966
36 35 -17.2565
36 36 -17.4226
36 37 -17.562
36 38 -17.7149
36 39 -17.865
36 40 -17.9937
37 -10 -9.53953
37 -9 -9.52978
37 -8 -9.50359
37 -7 -9.4806
37 -6 -9.45021
37 -5 -9.45377
37 -4 -9.42025
37 -3 -9.38514
37 -2 -9.33514
37 -1 -9.30711
37 0 -9.2705
37 1 -9.23549
37 2 -9.25973
37 3 -9.43747
37 4 -9.71681
37 5 -10.0316
37 6 -10.3457
37 7 -10.6725
37 8 -11.0136
37 9 -11.3202
37 10 -11.633
37 11 -11.9533
37 12 -12.2529
37 13 -12.5324
37 14 -12.8145
37 15 -13.0749
37 16 -13.3513
37 17 -13.6086
37 18 -13.8603
37 19 -14.101
37 20 -14.332
37 21 -14.5618
37 22 -14.7812
37 23 -15.0134
37 24 -15.2264
37 25 -15.4415
37 26 -15.6406
37 27 -15.8319
37 28 -16.0346
37 29 -16.2284
37 30 -16.4069
37 31 -16.5859
37 32 -16.7671
37 33 -16.9328
37 34 -17.0995
37 35 -17.2748
37 36 -17.4296
37 37 -17.5723
37 38 -17.7328
37 39 -17.8703
37 40 -18.004
38 -10 -9.5578
38 -9 -9.53718
38 -8 -9.50722
38 -7 -9.49123
38 -6 -9.4706
38 -5 -9.45477
38 -4 -9.42015
38 -3 -9.40927
38 -2 -9.35957
38 -1 -9.3189
38 0 -9.28623
38 1 -9.2542
38 2 -9.26587
38 3 -9.45284
38 4 -9.72001
38 5 -10.0424
38 6 -10.3739
38 7 -10.7001
38 8 -11.0315
38 9 -11.359
38 10 -11.6542
38 11 -11.9627
38 12 -12.2589
38 13 -12.5459
38 14 -12.8288
38 15 -13.0938
38 16 -13.3525
38 17 -13.6083
38 18 -13.8616
38 19 -14.109
38 20 -14.3244
38 21 -14.5754
38 22 -14.7882
38 23 -15.0121
38 24 -15.2321
38 25 -15.446
38 26 -15.6514
38 27 -15.851
38 28 -16.0443
38 29 -16.2267
38 30 -16.4063
38 31 -16.5954
38 32 -16.7804
38 33 -16.9521
38 34 -17.1136
38 35 -17.2747
38 36 -17.4428
38 37 -17.5949
38 38 -17.7364
38 39 -17.8792
38 40 -18.0176
39 -10 -9.5606
39 -9 -9.53615
39 -8 -9.51895
39 -7 -9.4902
39 -6 -9.48369
39 -5 -9.46312
39 -4 -9.42493
39 -3 -9.41234
39 -2 -9.37021
39 -1 -9.337
39 0 -9.29894
39 1 -9.27129
39 2 -9.2882
39 3 -9.46684
39 4 -9.74333
39 5 -10.0473
39 6 -10.3923
39 7 -10.7129
39 8 -11.0266
39 9 -11.3593
39 10 -11.6777
39 11 -11.9901
39 12 -12.273
39 13 -12.5617
39 14 -12.8406
39 15 -13.0957
39 16 -13.3654
39 17 -13.6248
39 18 -13.8793
39 19 -14.1204
39 20 -14.3489
39 21 -14.5778
39 22 -14.8037
39 23 -15.0294
39 24 -15.244
39 25 -15.4497
39 26 -15.6626
39 27 -15.86
39 28 -16.0556
39 29 -16.2469
39 30 -16.4295
39 31 -16.6033
39 32 -16.7963
39 33 -16.9547
39 34 -17.1226
39 35 -17.2811
39 36 -17.4469
39 37 -17.601
39 38 -17.7488
39 39 -17.8998
39 40 -18.0254
40 -10 -9.57251
40 -9 -9.54806
40 -8 -9.5248
40 -7 -9.50477
40 -6 -9.49235
40 -5 -9.47353
40 -4 -9.45599
40 -3 -9.42086
40 -2 -9.37871
40 -1 -9.34391
40 0 -9.31942
40 1 -9.28378
40 2 -9.29872
40 3 -9.49092
40 4 -9.75014
40 5 -10.0696
40 6 -10.3901
40 7 -10.7381
40 8 -11.0536
40 9 -11.3712
40 10 -11.6822
40 11 -11.9955
40 12 -12.2774
40 13 -12.5633
40 14 -12.8484
40 15 -13.1211
40 16 -13.379
40 17 -13.6421
40 18 -13.8849
40 19 -14.1166
40 20 -14.3692
40 21 -14.5869
40 22 -14.8157
40 23 -15.0365
40 24 -15.254
40 25 -15.4647
40 26 -15.6668
40 27 -15.8622
40 28 -16.056
40 29 -16.2547
40 30 -16.4477
40 31 -16.6169
40 32 -16.7963
40 33 -16.9739
40 34 -17.1361
40 35 -17.3048
40 36 -17.4623
40 37 -17.6023
40 38 -17.756
40 39 -17.9001
40 40 -18.0457
