-10 -10 -8.14981
-10 -9 -8.13224
-10 -8 -8.11312
-10 -7 -8.09745
-10 -6 -8.07923
-10 -5 -8.06153
-10 -4 -8.0272
-10 -3 -8.00266
-10 -2 -7.97947
-10 -1 -7.96255
-10 0 -7.96191
-10 1 -7.93638
-10 2 -7.96209
-10 3 -8.12931
-10 4 -8.40276
-10 5 -8.70949
-10 6 -9.02089
-10 7 -9.35182
-10 8 -9.66984
-10 9 -10.0011
-10 10 -10.2978
-10 11 -10.5926
-10 12 -10.8977
-10 13 -11.1833
-10 14 -11.4478
-10 15 -11.7168
-10 16 -11.9828
-10 17 -12.2259
-10 18 -12.4768
-10 19 -12.7067
-10 20 -12.9349
-10 21 -13.1677
-10 22 -13.3875
-10 23 -13.5906
-10 24 -13.8089
-10 25 -14.0077
-10 26 -14.2151
-10 27 -14.4024
-10 28 -14.5829
-10 29 -14.7749
-10 30 -14.9596
-10 31 -15.1308
-10 32 -15.2952
-10 33 -15.4726
-10 34 -15.6301
-10 35 -15.7992
-10 36 -15.9563
-10 37 -16.0994
-10 38 -16.2502
-10 39 -16.3848
-10 40 -16.5231
-9 -10 -8.12363
-9 -9 -8.1045
-9 -8 -8.1034
-9 -7 -8.08831
-9 -6 -8.05655
-9 -5 -8.0224
-9 -4 -7.99002
-9 -3 -7.97973
-9 -2 -7.9621
-9 -1 -7.95455
-9 0 -7.93243
-9 1 -7.88989
-9 2 -7.90359
-9 3 -8.0799
-9 4 -8.33879
-9 5 -8.64322
-9 6 -8.97844
-9 7 -9.2924
-9 8 -9.62156
-9 9 -9.93428
-9 10 -10.2448
-9 11 -10.5633
-9 12 -10.8522
-9 13 -11.1526
-9 14 -11.4337
-9 15 -11.7069
-9 16 -11.9607
-9 17 -12.2151
-9 18 -12.4716
-9 19 -12.6984
-9 20 -12.9371
-9 21 -13.1593
-9 22 -13.3806
-9 23 -13.6015
-9 24 -13.8111
-9 25 -14.012
-9 26 -14.204
-9 27 -14.4036
-9 28 -14.5877
-9 29 -14.771
-9 30 -14.9523
-9 31 -15.1193
-9 32 -15.3049
-9 33 -15.4642
-9 34 -15.6253
-9 35 -15.7886
-9 36 -15.9399
-9 37 -16.0979
-9 38 -16.2481
-9 39 -16.3875
-9 40 -16.5236
-8 -10 -8.11164
-8 -9 -8.10273
-8 -8 -8.08719
-8 -7 -8.05895
-8 -6 -8.01751
-8 -5 -7.99772
-8 -4 -7.977
-8 -3 -7.96479
-8 -2 -7.94924
-8 -1 -7.93979
-8 0 -7.89002
-8 1 -7.83826
-8 2 -7.85147
-8 3 -8.02751
-8 4 -8.30647
-8 5 -8.61632
-8 6 -8.93503
-8 7 -9.24636
-8 8 -9.57802
-8 9 -9.90415
-8 10 -10.2199
-8 11 -10.5215
-8 12 -10.81
-8 13 -11.0923
-8 14 -11.377
-8 15 -11.6401
-8 16 -11.9178
-8 17 -12.1735
-8 18 -12.4167
-8 19 -12.6656
-8 20 -12.9014
-8 21 -13.1268
-8 22 -13.3517
-8 23 -13.5803
-8 24 -13.7878
-8 25 -13.9926
-8 26 -14.1884
-8 27 -14.3839
-8 28 -14.5911
-8 29 -14.7715
-8 30 -14.9519
-8 31 -15.1242
-8 32 -15.2954
-8 33 -15.4645
-8 34 -15.6221
-8 35 -15.7887
-8 36 -15.9464
-8 37 -16.0983
-8 38 -16.2351
-8 39 -16.3718
-8 40 -16.503
-7 -10 -8.10078
-7 -9 -8.0838
-7 -8 -8.05236
-7 -7 -8.02171
-7 -6 -7.98697
-7 -5 -7.97826
-7 -4 -7.96958
-7 -3 -7.96056
-7 -2 -7.93383
-7 -1 -7.90093
-7 0 -7.84565
-7 1 -7.8058
-7 2 -7.81796
-7 3 -7.98934
-7 4 -8.25906
-7 5 -8.57016
-7 6 -8.8942
-7 7 -9.22678
-7 8 -9.5456
-7 9 -9.84687
-7 10 -10.1618
-7 11 -10.4706
-7 12 -10.7585
-7 13 -11.0464
-7 14 -11.3192
-7 15 -11.5882
-7 16 -11.8448
-7 17 -12.1233
-7 18 -12.3691
-7 19 -12.6054
-7 20 -12.8289
-7 21 -13.0715
-7 22 -13.2959
-7 23 -13.522
-7 24 -13.7301
-7 25 -13.9611
-7 26 -14.1462
-7 27 -14.3617
-7 28 -14.5411
-7 29 -14.7426
-7 30 -14.9283
-7 31 -15.1072
-7 32 -15.2793
-7 33 -15.4398
-7 34 -15.6206
-7 35 -15.7646
-7 36 -15.9255
-7 37 -16.0718
-7 38 -16.2255
-7 39 -16.3611
-7 40 -16.4948
-6 -10 -8.08388
-6 -9 -8.0609
-6 -8 -8.02293
-6 -7 -7.99506
-6 -6 -7.98751
-6 -5 -7.96661
-6 -4 -7.96089
-6 -3 -7.94573
-6 -2 -7.90007
-6 -1 -7.85059
-6 0 -7.80057
-6 1 -7.77786
-6 2 -7.81033
-6 3 -8.00291
-6 4 -8.2518
-6 5 -8.56102
-6 6 -8.88773
-6 7 -9.21081
-6 8 -9.53382
-6 9 -9.83735
-6 10 -10.1566
-6 11 -10.4413
-6 12 -10.7393
-6 13 -11.0299
-6 14 -11.291
-6 15 -11.5623
-6 16 -11.8174
-6 17 -12.0744
-6 18 -12.3246
-6 19 -12.5599
-6 20 -12.794
-6 21 -13.0194
-6 22 -13.2321
-6 23 -13.466
-6 24 -13.68
-6 25 -13.8866
-6 26 -14.0905
-6 27 -14.2944
-6 28 -14.4785
-6 29 -14.6848
-6 30 -14.8735
-6 31 -15.0447
-6 32 -15.2341
-6 33 -15.3997
-6 34 -15.5776
-6 35 -15.7485
-6 36 -15.9014
-6 37 -16.0411
-6 38 -16.1887
-6 39 -16.3375
-6 40 -16.4671
-5 -10 -8.06983
-5 -9 -8.03523
-5 -8 -7.98443
-5 -7 -7.98051
-5 -6 -7.96373
-5 -5 -7.95001
-5 -4 -7.93411
-5 -3 -7.90151
-5 -2 -7.84209
-5 -1 -7.81874
-5 0 -7.77238
-5 1 -7.75513
-5 2 -7.80529
-5 3 -7.98446
-5 4 -8.25296
-5 5 -8.56774
-5 6 -8.8874
-5 7 -9.20629
-5 8 -9.53661
-5 9 -9.85006
-5 10 -10.1373
-5 11 -10.4443
-5 12 -10.7468
-5 13 -11.0167
-5 14 -11.2884
-5 15 -11.5434
-5 16 -11.8017
-5 17 -12.0547
-5 18 -12.2977
-5 19 -12.549
-5 20 -12.7753
-5 21 -12.997
-5 22 -13.223
-5 23 -13.4391
-5 24 -13.6548
-5 25 -13.8533
-5 26 -14.0584
-5 27 -14.2539
-5 28 -14.46
-5 29 -14.6348
-5 30 -14.8277
-5 31 -15.0228
-5 32 -15.1899
-5 33 -15.359
-5 34 -15.5301
-5 35 -15.6923
-5 36 -15.8591
-5 37 -16.009
-5 38 -16.1546
-5 39 -16.3061
-5 40 -16.4378
-4 -10 -8.05083
-4 -9 -8.02332
-4 -8 -7.98989
-4 -7 -7.96201
-4 -6 -7.96436
-4 -5 -7.9452
-4 -4 -7.90959
-4 -3 -7.85944
-4 -2 -7.81751
-4 -1 -7.7775
-4 0 -7.74776
-4 1 -7.76198
-4 2 -7.78908
-4 3 -7.9514
-4 4 -8.24452
-4 5 -8.56816
-4 6 -8.86686
-4 7 -9.19092
-4 8 -9.51727
-4 9 -9.84602
-4 10 -10.1355
-4 11 -10.4462
-4 12 -10.7186
-4 13 -11.0191
-4 14 -11.2814
-4 15 -11.5568
-4 16 -11.8084
-4 17 -12.0536
-4 18 -12.3073
-4 19 -12.5261
-4 20 -12.77
-4 21 -12.99
-4 22 -13.2111
-4 23 -13.4397
-4 24 -13.6348
-4 25 -13.8377
-4 26 -14.0412
-4 27 -14.2269
-4 28 -14.4277
-4 29 -14.6181
-4 30 -14.7903
-4 31 -14.9774
-4 32 -15.152
-4 33 -15.3203
-4 34 -15.4882
-4 35 -15.6521
-4 36 -15.8
-4 37 -15.9675
-4 38 -16.1151
-4 39 -16.2556
-4 40 -16.4041
-3 -10 -8.03301
-3 -9 -8.00412
-3 -8 -7.99468
-3 -7 -7.97552
-3 -6 -7.95997
-3 -5 -7.9185
-3 -4 -7.87984
-3 -3 -7.83862
-3 -2 -7.79507
-3 -1 -7.78687
-3 0 -7.7726
-3 1 -7.76359
-3 2 -7.75298
-3 3 -7.92107
-3 4 -8.19599
-3 5 -8.48521
-3 6 -8.81899
-3 7 -9.13998
-3 8 -9.47348
-3 9 -9.80428
-3 10 -10.1138
-3 11 -10.4301
-3 12 -10.7203
-3 13 -11.016
-3 14 -11.2865
-3 15 -11.553
-3 16 -11.8062
-3 17 -12.0517
-3 18 -12.297
-3 19 -12.5361
-3 20 -12.7721
-3 21 -12.9887
-3 22 -13.2132
-3 23 -13.431
-3 24 -13.6398
-3 25 -13.8387
-3 26 -14.032
-3 27 -14.2336
-3 28 -14.4191
-3 29 -14.6038
-3 30 -14.7861
-3 31 -14.9678
-3 32 -15.1417
-3 33 -15.3254
-3 34 -15.4727
-3 35 -15.6378
-3 36 -15.7904
-3 37 -15.9458
-3 38 -16.0845
-3 39 -16.2335
-3 40 -16.366
-2 -10 -8.02893
-2 -9 -8.00373
-2 -8 -7.99074
-2 -7 -7.99155
-2 -6 -7.93104
-2 -5 -7.89767
-2 -4 -7.84964
-2 -3 -7.82037
-2 -2 -7.80008
-2 -1 -7.78172
-2 0 -7.77097
-2 1 -7.72349
-2 2 -7.69943
-2 3 -7.86301
-2 4 -8.1459
-2 5 -8.4549
-2 6 -8.78954
-2 7 -9.11021
-2 8 -9.44066
-2 9 -9.75379
-2 10 -10.0596
-2 11 -10.3714
-2 12 -10.6894
-2 13 -10.9631
-2 14 -11.2489
-2 15 -11.5376
-2 16 -11.7885
-2 17 -12.053
-2 18 -12.305
-2 19 -12.5397
-2 20 -12.7791
-2 21 -13.0055
-2 22 -13.227
-2 23 -13.433
-2 24 -13.651
-2 25 -13.8391
-2 26 -14.0422
-2 27 -14.2382
-2 28 -14.4263
-2 29 -14.6146
-2 30 -14.798
-2 31 -14.9819
-2 32 -15.1366
-2 33 -15.3113
-2 34 -15.4809
-2 35 -15.6245
-2 36 -15.7998
-2 37 -15.9362
-2 38 -16.0847
-2 39 -16.2302
-2 40 -16.3764
-1 -10 -8.01859
-1 -9 -8.01405
-1 -8 -8.00388
-1 -7 -7.97979
-1 -6 -7.93378
-1 -5 -7.88607
-1 -4 -7.84861
-1 -3 -7.82524
-1 -2 -7.8122
-1 -1 -7.7775
-1 0 -7.74687
-1 1 -7.66898
-1 2 -7.69539
-1 3 -7.85553
-1 4 -8.1285
-1 5 -8.44805
-1 6 -8.76382
-1 7 -9.09191
-1 8 -9.40937
-1 9 -9.74342
-1 10 -10.0495
-1 11 -10.3532
-1 12 -10.6432
-1 13 -10.9345
-1 14 -11.2114
-1 15 -11.5011
-1 16 -11.7636
-1 17 -12.017
-1 18 -12.2834
-1 19 -12.5349
-1 20 -12.7862
-1 21 -13.0103
-1 22 -13.2519
-1 23 -13.463
-1 24 -13.6681
-1 25 -13.8653
-1 26 -14.0695
-1 27 -14.2579
-1 28 -14.4486
-1 29 -14.6321
-1 30 -14.8153
-1 31 -14.9873
-1 32 -15.154
-1 33 -15.3272
-1 34 -15.4952
-1 35 -15.6525
-1 36 -15.8047
-1 37 -15.9586
-1 38 -16.1076
-1 39 -16.2397
-1 40 -16.3795
0 -10 -8.02653
0 -9 -8.01166
0 -8 -8.01615
0 -7 -7.98175
0 -6 -7.92191
0 -5 -7.90235
0 -4 -7.85593
0 -3 -7.85347
0 -2 -7.83157
0 -1 -7.77753
0 0 -7.72519
0 1 -7.65446
0 2 -7.6939
0 3 -7.88861
0 4 -8.12852
0 5 -8.45257
0 6 -8.77858
0 7 -9.09028
0 8 -9.41874
0 9 -9.74551
0 10 -10.0337
0 11 -10.3423
0 12 -10.6388
0 13 -10.9341
0 14 -11.2135
0 15 -11.4749
0 16 -11.7651
0 17 -12.0252
0 18 -12.2824
0 19 -12.531
0 20 -12.7673
0 21 -13.0064
0 22 -13.2555
0 23 -13.475
0 24 -13.689
0 25 -13.9052
0 26 -14.0957
0 27 -14.3021
0 28 -14.4736
0 29 -14.6711
0 30 -14.8404
0 31 -15.0204
0 32 -15.2045
0 33 -15.3649
0 34 -15.521
0 35 -15.6831
0 36 -15.8384
0 37 -15.9949
0 38 -16.1364
0 39 -16.2733
0 40 -16.408
1 -10 -8.06489
1 -9 -8.04503
1 -8 -8.03443
1 -7 -7.9809
1 -6 -7.94282
1 -5 -7.90043
1 -4 -7.90243
1 -3 -7.90071
1 -2 -7.88315
1 -1 -7.82423
1 0 -7.73665
1 1 -7.67746
1 2 -7.71369
1 3 -7.90152
1 4 -8.15759
1 5 -8.50045
1 6 -8.799
1 7 -9.1239
1 8 -9.44008
1 9 -9.76288
1 10 -10.0849
1 11 -10.3796
1 12 -10.6714
1 13 -10.9615
1 14 -11.2468
1 15 -11.5273
1 16 -11.7784
1 17 -12.0521
1 18 -12.3078
1 19 -12.5475
1 20 -12.7936
1 21 -13.0465
1 22 -13.2807
1 23 -13.4984
1 24 -13.7296
1 25 -13.9239
1 26 -14.1459
1 27 -14.3351
1 28 -14.5285
1 29 -14.716
1 30 -14.8877
1 31 -15.0653
1 32 -15.2443
1 33 -15.4085
1 34 -15.5711
1 35 -15.7335
1 36 -15.8821
1 37 -16.0306
1 38 -16.179
1 39 -16.3175
1 40 -16.4584
2 -10 -8.12371
2 -9 -8.11146
2 -8 -8.08534
2 -7 -8.03599
2 -6 -7.9811
2 -5 -7.96405
2 -4 -7.95131
2 -3 -7.93859
2 -2 -7.92842
2 -1 -7.87778
2 0 -7.79932
2 1 -7.73957
2 2 -7.78223
2 3 -7.9589
2 4 -8.21585
2 5 -8.52168
2 6 -8.83941
2 7 -9.17562
2 8 -9.49487
2 9 -9.79616
2 10 -10.1174
2 11 -10.4154
2 12 -10.7172
2 13 -11.0041
2 14 -11.2958
2 15 -11.5512
2 16 -11.8286
2 17 -12.0841
2 18 -12.3376
2 19 -12.5849
2 20 -12.8442
2 21 -13.0763
2 22 -13.3134
2 23 -13.5265
2 24 -13.7843
2 25 -13.9725
2 26 -14.1938
2 27 -14.3859
2 28 -14.5761
2 29 -14.7654
2 30 -14.9504
2 31 -15.1211
2 32 -15.2917
2 33 -15.4654
2 34 -15.6237
2 35 -15.7825
2 36 -15.9426
2 37 -16.0848
2 38 -16.2392
2 39 -16.3786
2 40 -16.5173
3 -10 -8.17849
3 -9 -8.16892
3 -8 -8.13993
3 -7 -8.10373
3 -6 -8.05168
3 -5 -8.02873
3 -4 -7.99814
3 -3 -7.97541
3 -2 -7.9552
3 -1 -7.91524
3 0 -7.85784
3 1 -7.79193
3 2 -7.82864
3 3 -7.99431
3 4 -8.25689
3 5 -8.56338
3 6 -8.89631
3 7 -9.21689
3 8 -9.53699
3 9 -9.86838
3 10 -10.1817
3 11 -10.4666
3 12 -10.764
3 13 -11.0569
3 14 -11.3283
3 15 -11.6149
3 16 -11.8837
3 17 -12.1718
3 18 -12.4114
3 19 -12.6691
3 20 -12.9116
3 21 -13.148
3 22 -13.3927
3 23 -13.5947
3 24 -13.8171
3 25 -14.0292
3 26 -14.2345
3 27 -14.4313
3 28 -14.6337
3 29 -14.8135
3 30 -14.9903
3 31 -15.1683
3 32 -15.3332
3 33 -15.5185
3 34 -15.6837
3 35 -15.8367
3 36 -15.9835
3 37 -16.1347
3 38 -16.2789
3 39 -16.4213
3 40 -16.5629
4 -10 -8.2181
4 -9 -8.18979
4 -8 -8.16148
4 -7 -8.1446
4 -6 -8.10683
4 -5 -8.08047
4 -4 -8.04772
4 -3 -8.02052
4 -2 -7.97498
4 -1 -7.9365
4 0 -7.90705
4 1 -7.86442
4 2 -7.8774
4 3 -8.06886
4 4 -8.31888
4 5 -8.63303
4 6 -8.96817
4 7 -9.29165
4 8 -9.62564
4 9 -9.94144
4 10 -10.2575
4 11 -10.5489
4 12 -10.8596
4 13 -11.1383
4 14 -11.4341
4 15 -11.7051
4 16 -11.9758
4 17 -12.2392
4 18 -12.4881
4 19 -12.7379
4 20 -12.97
4 21 -13.1915
4 22 -13.4178
4 23 -13.6338
4 24 -13.8621
4 25 -14.0704
4 26 -14.262
4 27 -14.4672
4 28 -14.6707
4 29 -14.8517
4 30 -15.0342
4 31 -15.2024
4 32 -15.3871
4 33 -15.5536
4 34 -15.7131
4 35 -15.8675
4 36 -16.028
4 37 -16.179
4 38 -16.3231
4 39 -16.4757
4 40 -16.6144
5 -10 -8.25531
5 -9 -8.22375
5 -8 -8.19563
5 -7 -8.1799
5 -6 -8.15629
5 -5 -8.13072
5 -4 -8.10523
5 -3 -8.05004
5 -2 -8.00491
5 -1 -7.96278
5 0 -7.95325
5 1 -7.92733
5 2 -7.96074
5 3 -8.12693
5 4 -8.38115
5 5 -8.71214
5 6 -9.04378
5 7 -9.36911
5 8 -9.69096
5 9 -9.99825
5 10 -10.3224
5 11 -10.6296
5 12 -10.924
5 13 -11.218
5 14 -11.4904
5 15 -11.7713
5 16 -12.0306
5 17 -12.2975
5 18 -12.5303
5 19 -12.7736
5 20 -13.0034
5 21 -13.2302
5 22 -13.452
5 23 -13.6736
5 24 -13.8849
5 25 -14.0994
5 26 -14.2904
5 27 -14.4953
5 28 -14.6904
5 29 -14.8776
5 30 -15.0697
5 31 -15.2554
5 32 -15.4298
5 33 -15.5963
5 34 -15.7564
5 35 -15.9189
5 36 -16.075
5 37 -16.2221
5 38 -16.3785
5 39 -16.5199
5 40 -16.6543
6 -10 -8.29975
6 -9 -8.25284
6 -8 -8.23203
6 -7 -8.20908
6 -6 -8.20835
6 -5 -8.18346
6 -4 -8.16125
6 -3 -8.11132
6 -2 -8.04143
6 -1 -8.00088
6 0 -7.97015
6 1 -7.97184
6 2 -8.00593
6 3 -8.19041
6 4 -8.45876
6 5 -8.76845
6 6 -9.09493
6 7 -9.42416
6 8 -9.7394
6 9 -10.0669
6 10 -10.382
6 11 -10.6746
6 12 -10.9765
6 13 -11.2571
6 14 -11.5511
6 15 -11.802
6 16 -12.0662
6 17 -12.3209
6 18 -12.5605
6 19 -12.8049
6 20 -13.0408
6 21 -13.2711
6 22 -13.4944
6 23 -13.7146
6 24 -13.9208
6 25 -14.1276
6 26 -14.3414
6 27 -14.5426
6 28 -14.7356
6 29 -14.922
6 30 -15.1101
6 31 -15.3004
6 32 -15.4622
6 33 -15.6355
6 34 -15.8093
6 35 -15.9724
6 36 -16.1426
6 37 -16.2876
6 38 -16.431
6 39 -16.5764
6 40 -16.7156
7 -10 -8.3517
7 -9 -8.32193
7 -8 -8.28155
7 -7 -8.25741
7 -6 -8.23921
7 -5 -8.24062
7 -4 -8.22854
7 -3 -8.17372
7 -2 -8.11524
7 -1 -8.06151
7 0 -8.03009
7 1 -8.01178
7 2 -8.04661
7 3 -8.23366
7 4 -8.49017
7 5 -8.79778
7 6 -9.1227
7 7 -9.46504
7 8 -9.78326
7 9 -10.1159
7 10 -10.4167
7 11 -10.7202
7 12 -11.0266
7 13 -11.303
7 14 -11.5717
7 15 -11.8419
7 16 -12.0944
7 17 -12.3533
7 18 -12.6039
7 19 -12.8231
7 20 -13.0763
7 21 -13.3004
7 22 -13.5209
7 23 -13.7452
7 24 -13.9642
7 25 -14.173
7 26 -14.3859
7 27 -14.5883
7 28 -14.7787
7 29 -14.9788
7 30 -15.1687
7 31 -15.3432
7 32 -15.5228
7 33 -15.6944
7 34 -15.8676
7 35 -16.0323
7 36 -16.1949
7 37 -16.3455
7 38 -16.4936
7 39 -16.6383
7 40 -16.7717
8 -10 -8.41345
8 -9 -8.37625
8 -8 -8.34095
8 -7 -8.30745
8 -6 -8.28784
8 -5 -8.27377
8 -4 -8.26465
8 -3 -8.23118
8 -2 -8.17388
8 -1 -8.1114
8 0 -8.07544
8 1 -8.0595
8 2 -8.0901
8 3 -8.27293
8 4 -8.5281
8 5 -8.83588
8 6 -9.15912
8 7 -9.49408
8 8 -9.81538
8 9 -10.1434
8 10 -10.4475
8 11 -10.7517
8 12 -11.0437
8 13 -11.3287
8 14 -11.5957
8 15 -11.8685
8 16 -12.135
8 17 -12.3828
8 18 -12.6255
8 19 -12.864
8 20 -13.1063
8 21 -13.3386
8 22 -13.5576
8 23 -13.7819
8 24 -14.0029
8 25 -14.2021
8 26 -14.4245
8 27 -14.6328
8 28 -14.8312
8 29 -15.0328
8 30 -15.2212
8 31 -15.4145
8 32 -15.587
8 33 -15.7677
8 34 -15.9299
8 35 -16.1036
8 36 -16.2573
8 37 -16.4105
8 38 -16.5608
8 39 -16.6998
8 40 -16.8385
9 -10 -8.45608
9 -9 -8.42663
9 -8 -8.38875
9 -7 -8.34417
9 -6 -8.32894
9 -5 -8.31218
9 -4 -8.2903
9 -3 -8.24918
9 -2 -8.21466
9 -1 -8.1662
9 0 -8.13126
9 1 -8.09319
9 2 -8.1214
9 3 -8.29378
9 4 -8.5493
9 5 -8.87469
9 6 -9.19161
9 7 -9.50262
9 8 -9.84694
9 9 -10.1764
9 10 -10.4951
9 11 -10.8073
9 12 -11.0857
9 13 -11.3756
9 14 -11.6438
9 15 -11.9137
9 16 -12.1822
9 17 -12.4334
9 18 -12.6862
9 19 -12.9119
9 20 -13.165
9 21 -13.3943
9 22 -13.6129
9 23 -13.8482
9 24 -14.0615
9 25 -14.2718
9 26 -14.4839
9 27 -14.6959
9 28 -14.8941
9 29 -15.0917
9 30 -15.2761
9 31 -15.4714
9 32 -15.6496
9 33 -15.8188
9 34 -15.9867
9 35 -16.1418
9 36 -16.3049
9 37 -16.4577
9 38 -16.5988
9 39 -16.7507
9 40 -16.8887
10 -10 -8.48747
10 -9 -8.45593
10 -8 -8.41468
10 -7 -8.38431
10 -6 -8.35486
10 -5 -8.33715
10 -4 -8.31121
10 -3 -8.27133
10 -2 -8.22844
10 -1 -8.19865
10 0 -8.15768
10 1 -8.13953
10 2 -8.17045
10 3 -8.32532
10 4 -8.58848
10 5 -8.90209
10 6 -9.24584
10 7 -9.58006
10 8 -9.91025
10 9 -10.2322
10 10 -10.5456
10 11 -10.8445
10 12 -11.1385
10 13 -11.4206
10 14 -11.7031
10 15 -11.9737
10 16 -12.2262
10 17 -12.4796
10 18 -12.7409
10 19 -12.9876
10 20 -13.2158
10 21 -13.4466
10 22 -13.6779
10 23 -13.8992
10 24 -14.1098
10 25 -14.3273
10 26 -14.5368
10 27 -14.7372
10 28 -14.9349
10 29 -15.1289
10 30 -15.3157
10 31 -15.4944
10 32 -15.6731
10 33 -15.8503
10 34 -16.0166
10 35 -16.1738
10 36 -16.3277
10 37 -16.4854
10 38 -16.6336
10 39 -16.7796
10 40 -16.9137
11 -10 -8.51586
11 -9 -8.46936
11 -8 -8.45405
11 -7 -8.41787
11 -6 -8.40237
11 -5 -8.36852
11 -4 -8.3574
11 -3 -8.29389
11 -2 -8.25852
11 -1 -8.23083
11 0 -8.20514
11 1 -8.19214
11 2 -8.2268
11 3 -8.37708
11 4 -8.65474
11 5 -8.95268
11 6 -9.29707
11 7 -9.63063
11 8 -9.96011
11 9 -10.2841
11 10 -10.6052
11 11 -10.9031
11 12 -11.187
11 13 -11.4665
11 14 -11.7459
11 15 -12.0103
11 16 -12.2823
11 17 -12.5331
11 18 -12.7767
11 19 -13.0173
11 20 -13.26
11 21 -13.4859
11 22 -13.7131
11 23 -13.9255
11 24 -14.1424
11 25 -14.358
11 26 -14.5622
11 27 -14.759
11 28 -14.966
11 29 -15.1567
11 30 -15.3349
11 31 -15.5329
11 32 -15.6995
11 33 -15.8693
11 34 -16.0411
11 35 -16.2044
11 36 -16.3618
11 37 -16.5196
11 38 -16.6655
11 39 -16.8063
11 40 -16.9372
12 -10 -8.54081
12 -9 -8.50139
12 -8 -8.47095
12 -7 -8.45344
12 -6 -8.43558
12 -5 -8.41415
12 -4 -8.40096
12 -3 -8.32858
12 -2 -8.28015
12 -1 -8.23921
12 0 -8.23372
12 1 -8.23167
12 2 -8.27674
12 3 -8.42565
12 4 -8.7053
12 5 -9.01143
12 6 -9.34664
12 7 -9.67027
12 8 -10.0157
12 9 -10.3342
12 10 -10.6367
12 11 -10.93
12 12 -11.222
12 13 -11.5052
12 14 -11.7786
12 15 -12.0542
12 16 -12.306
12 17 -12.5678
12 18 -12.8095
12 19 -13.0453
12 20 -13.2791
12 21 -13.5068
12 22 -13.7394
12 23 -13.9497
12 24 -14.1685
12 25 -14.3771
12 26 -14.5765
12 27 -14.7858
12 28 -14.9795
12 29 -15.1731
12 30 -15.3554
12 31 -15.5395
12 32 -15.7242
12 33 -15.896
12 34 -16.0665
12 35 -16.224
12 36 -16.3865
12 37 -16.5416
12 38 -16.6901
12 39 -16.8258
12 40 -16.9714
13 -10 -8.5684
13 -9 -8.53904
13 -8 -8.51496
13 -7 -8.49204
13 -6 -8.47721
13 -5 -8.45803
13 -4 -8.43781
13 -3 -8.37663
13 -2 -8.32119
13 -1 -8.28439
13 0 -8.25856
13 1 -8.24633
13 2 -8.30075
13 3 -8.46081
13 4 -8.72255
13 5 -9.04003
13 6 -9.37171
13 7 -9.69555
13 8 -10.0344
13 9 -10.3569
13 10 -10.6659
13 11 -10.9586
13 12 -11.2514
13 13 -11.5217
13 14 -11.8047
13 15 -12.0729
13 16 -12.3338
13 17 -12.584
13 18 -12.8257
13 19 -13.0658
13 20 -13.3076
13 21 -13.5299
13 22 -13.7533
13 23 -13.9734
13 24 -14.19
13 25 -14.4005
13 26 -14.597
13 27 -14.802
13 28 -14.9984
13 29 -15.1952
13 30 -15.3783
13 31 -15.5645
13 32 -15.7484
13 33 -15.9158
13 34 -16.0939
13 35 -16.255
13 36 -16.4153
13 37 -16.5698
13 38 -16.7155
13 39 -16.8565
13 40 -16.999
14 -10 -8.61881
14 -9 -8.57078
14 -8 -8.53888
14 -7 -8.51995
14 -6 -8.50036
14 -5 -8.49247
14 -4 -8.47426
14 -3 -8.41996
14 -2 -8.36065
14 -1 -8.31231
14 0 -8.2862
14 1 -8.26621
14 2 -8.31747
14 3 -8.48673
14 4 -8.74198
14 5 -9.05506
14 6 -9.40362
14 7 -9.72155
14 8 -10.0487
14 9 -10.3657
14 10 -10.6855
14 11 -10.9822
14 12 -11.2641
14 13 -11.5616
14 14 -11.835
14 15 -12.1093
14 16 -12.3642
14 17 -12.6121
14 18 -12.863
14 19 -13.099
14 20 -13.3382
14 21 -13.5644
14 22 -13.7909
14 23 -14.0051
14 24 -14.2162
14 25 -14.4272
14 26 -14.635
14 27 -14.8339
14 28 -15.0312
14 29 -15.2295
14 30 -15.4069
14 31 -15.6055
14 32 -15.7821
14 33 -15.9587
14 34 -16.1277
14 35 -16.2933
14 36 -16.4558
14 37 -16.6068
14 38 -16.7575
14 39 -16.9037
14 40 -17.0405
15 -10 -8.64881
15 -9 -8.6132
15 -8 -8.57191
15 -7 -8.54266
15 -6 -8.5287
15 -5 -8.51208
15 -4 -8.49571
15 -3 -8.45402
15 -2 -8.39354
15 -1 -8.34656
15 0 -8.31889
15 1 -8.29817
15 2 -8.33738
15 3 -8.48869
15 4 -8.76504
15 5 -9.07437
15 6 -9.40536
15 7 -9.74753
15 8 -10.0739
15 9 -10.3855
15 10 -10.7062
15 11 -11.0121
15 12 -11.3053
15 13 -11.586
15 14 -11.8624
15 15 -12.1271
15 16 -12.4029
15 17 -12.6415
15 18 -12.8892
15 19 -13.1316
15 20 -13.3676
15 21 -13.5918
15 22 -13.8238
15 23 -14.0434
15 24 -14.2474
15 25 -14.463
15 26 -14.666
15 27 -14.8726
15 28 -15.0674
15 29 -15.2632
15 30 -15.4543
15 31 -15.6322
15 32 -15.8153
15 33 -16.0006
15 34 -16.1733
15 35 -16.3324
15 36 -16.4969
15 37 -16.6478
15 38 -16.8015
15 39 -16.9453
15 40 -17.0843
16 -10 -8.66954
16 -9 -8.64
16 -8 -8.6039
16 -7 -8.57526
16 -6 -8.55154
16 -5 -8.53178
16 -4 -8.51227
16 -3 -8.47773
16 -2 -8.42008
16 -1 -8.39012
16 0 -8.35786
16 1 -8.33589
16 2 -8.34849
16 3 -8.51954
16 4 -8.77524
16 5 -9.09137
16 6 -9.43997
16 7 -9.77409
16 8 -10.0893
16 9 -10.4277
16 10 -10.7364
16 11 -11.0534
16 12 -11.3449
16 13 -11.616
16 14 -11.9034
16 15 -12.1725
16 16 -12.426
16 17 -12.6882
16 18 -12.9223
16 19 -13.1672
16 20 -13.4022
16 21 -13.6351
16 22 -13.8514
16 23 -14.0755
16 24 -14.2881
16 25 -14.4969
16 26 -14.7087
16 27 -14.9103
16 28 -15.1032
16 29 -15.2985
16 30 -15.4985
16 31 -15.6865
16 32 -15.8517
16 33 -16.0306
16 34 -16.2031
16 35 -16.3701
16 36 -16.5298
16 37 -16.6866
16 38 -16.8292
16 39 -16.9736
16 40 -17.1116
17 -10 -8.6959
17 -9 -8.65707
17 -8 -8.62559
17 -7 -8.59683
17 -6 -8.58346
17 -5 -8.56234
17 -4 -8.53676
17 -3 -8.48909
17 -2 -8.44601
17 -1 -8.41242
17 0 -8.38312
17 1 -8.36452
17 2 -8.37802
17 3 -8.55527
17 4 -8.80864
17 5 -9.13047
17 6 -9.45049
17 7 -9.79686
17 8 -10.1336
17 9 -10.4522
17 10 -10.7625
17 11 -11.0717
17 12 -11.375
17 13 -11.6601
17 14 -11.9355
17 15 -12.2083
17 16 -12.4624
17 17 -12.7244
17 18 -12.9631
17 19 -13.2005
17 20 -13.4403
17 21 -13.6644
17 22 -13.8965
17 23 -14.1087
17 24 -14.3167
17 25 -14.5379
17 26 -14.7491
17 27 -14.9432
17 28 -15.1429
17 29 -15.3324
17 30 -15.5165
17 31 -15.7065
17 32 -15.8846
17 33 -16.0532
17 34 -16.2281
17 35 -16.3945
17 36 -16.5494
17 37 -16.7079
17 38 -16.8492
17 39 -17.0009
17 40 -17.1363
18 -10 -8.71934
18 -9 -8.68236
18 -8 -8.65212
18 -7 -8.62972
18 -6 -8.60986
18 -5 -8.58232
18 -4 -8.56051
18 -3 -8.50809
18 -2 -8.45299
18 -1 -8.43972
18 0 -8.40558
18 1 -8.40241
18 2 -8.41559
18 3 -8.57713
18 4 -8.84704
18 5 -9.15922
18 6 -9.47981
18 7 -9.82491
18 8 -10.1561
18 9 -10.4874
18 10 -10.8151
18 11 -11.1034
18 12 -11.3987
18 13 -11.6946
18 14 -11.9627
18 15 -12.2354
18 16 -12.4938
18 17 -12.742
18 18 -12.9847
18 19 -13.228
18 20 -13.4592
18 21 -13.6873
18 22 -13.9163
18 23 -14.1296
18 24 -14.3423
18 25 -14.5559
18 26 -14.765
18 27 -14.9657
18 28 -15.1622
18 29 -15.3511
18 30 -15.5397
18 31 -15.7275
18 32 -15.9068
18 33 -16.0816
18 34 -16.2493
18 35 -16.4137
18 36 -16.5642
18 37 -16.7234
18 38 -16.874
18 39 -17.0153
18 40 -17.1555
19 -10 -8.73527
19 -9 -8.70116
19 -8 -8.67561
19 -7 -8.65376
19 -6 -8.63419
19 -5 -8.62343
19 -4 -8.5858
19 -3 -8.52456
19 -2 -8.48771
19 -1 -8.4558
19 0 -8.43331
19 1 -8.42998
19 2 -8.44856
19 3 -8.61444
19 4 -8.87088
19 5 -9.1884
19 6 -9.50443
19 7 -9.8428
19 8 -10.182
19 9 -10.5169
19 10 -10.8349
19 11 -11.1319
19 12 -11.426
19 13 -11.7149
19 14 -11.9848
19 15 -12.2546
19 16 -12.5132
19 17 -12.7639
19 18 -13.0095
19 19 -13.2495
19 20 -13.4853
19 21 -13.7178
19 22 -13.9373
19 23 -14.1547
19 24 -14.3648
19 25 -14.5725
19 26 -14.7815
19 27 -14.9793
19 28 -15.1798
19 29 -15.3727
19 30 -15.5614
19 31 -15.7478
19 32 -15.9246
19 33 -16.0982
19 34 -16.2625
19 35 -16.4237
19 36 -16.5812
19 37 -16.7338
19 38 -16.8886
19 39 -17.0298
19 40 -17.1757
20 -10 -8.74711
20 -9 -8.72529
20 -8 -8.70676
20 -7 -8.67376
20 -6 -8.66047
20 -5 -8.64917
20 -4 -8.61962
20 -3 -8.56104
20 -2 -8.50877
20 -1 -8.47607
20 0 -8.45542
20 1 -8.44844
20 2 -8.47107
20 3 -8.62425
20 4 -8.88684
20 5 -9.20469
20 6 -9.54471
20 7 -9.88272
20 8 -10.1991
20 9 -10.5278
20 10 -10.8432
20 11 -11.1471
20 12 -11.451
20 13 -11.7224
20 14 -12.0048
20 15 -12.2737
20 16 -12.5233
20 17 -12.7851
20 18 -13.031
20 19 -13.267
20 20 -13.5022
20 21 -13.7318
20 22 -13.9514
20 23 -14.1679
20 24 -14.3889
20 25 -14.5985
20 26 -14.7991
20 27 -15.0009
20 28 -15.191
20 29 -15.3818
20 30 -15.5802
20 31 -15.7561
20 32 -15.9366
20 33 -16.1152
20 34 -16.2807
20 35 -16.4486
20 36 -16.6038
20 37 -16.7611
20 38 -16.9048
20 39 -17.0487
20 40 -17.1916
21 -10 -8.78015
21 -9 -8.74764
21 -8 -8.72817
21 -7 -8.70013
21 -6 -8.68868
21 -5 -8.66916
21 -4 -8.65279
21 -3 -8.59138
21 -2 -8.52814
21 -1 -8.49393
21 0 -8.47314
21 1 -8.46062
21 2 -8.49448
21 3 -8.64734
21 4 -8.91747
21 5 -9.22945
21 6 -9.55996
21 7 -9.89656
21 8 -10.2349
21 9 -10.5411
21 10 -10.8567
21 11 -11.1665
21 12 -11.4672
21 13 -11.7495
21 14 -12.0201
21 15 -12.2954
21 16 -12.5543
21 17 -12.8027
21 18 -13.0503
21 19 -13.2818
21 20 -13.5232
21 21 -13.7435
21 22 -13.9809
21 23 -14.1992
21 24 -14.4137
21 25 -14.6239
21 26 -14.8266
21 27 -15.0144
21 28 -15.2209
21 29 -15.4097
21 30 -15.6
21 31 -15.7804
21 32 -15.9597
21 33 -16.1358
21 34 -16.304
21 35 -16.4666
21 36 -16.6279
21 37 -16.7879
21 38 -16.9283
21 39 -17.0768
21 40 -17.2111
22 -10 -8.8157
22 -9 -8.78212
22 -8 -8.74392
22 -7 -8.72692
22 -6 -8.71172
22 -5 -8.68926
22 -4 -8.66301
22 -3 -8.6019
22 -2 -8.5652
22 -1 -8.52806
22 0 -8.49987
22 1 -8.47429
22 2 -8.50158
22 3 -8.65632
22 4 -8.91759
22 5 -9.25348
22 6 -9.58392
22 7 -9.91039
22 8 -10.2512
22 9 -10.5718
22 10 -10.8885
22 11 -11.1896
22 12 -11.4811
22 13 -11.7684
22 14 -12.0493
22 15 -12.3127
22 16 -12.5763
22 17 -12.8219
22 18 -13.0647
22 19 -13.3158
22 20 -13.5452
22 21 -13.7721
22 22 -14.0038
22 23 -14.2216
22 24 -14.4365
22 25 -14.6376
22 26 -14.8484
22 27 -15.0537
22 28 -15.2496
22 29 -15.4419
22 30 -15.6265
22 31 -15.8113
22 32 -15.9915
22 33 -16.1631
22 34 -16.3252
22 35 -16.4974
22 36 -16.6594
22 37 -16.8088
22 38 -16.9587
22 39 -17.099
22 40 -17.2501
23 -10 -8.82733
23 -9 -8.79543
23 -8 -8.75652
23 -7 -8.73747
23 -6 -8.71587
23 -5 -8.70005
23 -4 -8.67626
23 -3 -8.63055
23 -2 -8.57394
23 -1 -8.54676
23 0 -8.53136
23 1 -8.50026
23 2 -8.51505
23 3 -8.68202
23 4 -8.9452
23 5 -9.27159
23 6 -9.5917
23 7 -9.9307
23 8 -10.26
23 9 -10.591
23 10 -10.9082
23 11 -11.2145
23 12 -11.5004
23 13 -11.791
23 14 -12.0705
23 15 -12.3378
23 16 -12.6091
23 17 -12.8523
23 18 -13.1052
23 19 -13.3529
23 20 -13.5801
23 21 -13.8121
23 22 -14.0309
23 23 -14.2478
23 24 -14.4629
23 25 -14.6707
23 26 -14.8731
23 27 -15.0791
23 28 -15.2709
23 29 -15.4694
23 30 -15.6511
23 31 -15.8331
23 32 -16.0195
23 33 -16.1911
23 34 -16.3554
23 35 -16.5252
23 36 -16.683
23 37 -16.836
23 38 -16.989
23 39 -17.1345
23 40 -17.2713
24 -10 -8.83948
24 -9 -8.8117
24 -8 -8.77913
24 -7 -8.75178
24 -6 -8.73639
24 -5 -8.70816
24 -4 -8.6954
24 -3 -8.65204
24 -2 -8.60077
24 -1 -8.5705
24 0 -8.56132
24 1 -8.5178
24 2 -8.54094
24 3 -8.71527
24 4 -8.99068
24 5 -9.27646
24 6 -9.62258
24 7 -9.96462
24 8 -10.2872
24 9 -10.612
24 10 -10.9228
24 11 -11.2349
24 12 -11.5277
24 13 -11.817
24 14 -12.0965
24 15 -12.3635
24 16 -12.6234
24 17 -12.8698
24 18 -13.1248
24 19 -13.3662
24 20 -13.601
24 21 -13.834
24 22 -14.0552
24 23 -14.2722
24 24 -14.4834
24 25 -14.6964
24 26 -14.897
24 27 -15.104
24 28 -15.3015
24 29 -15.4917
24 30 -15.6756
24 31 -15.8565
24 32 -16.0351
24 33 -16.2141
24 34 -16.3825
24 35 -16.5439
24 36 -16.7074
24 37 -16.8567
24 38 -17.0026
24 39 -17.156
24 40 -17.2864
25 -10 -8.86155
25 -9 -8.82291
25 -8 -8.80383
25 -7 -8.78028
25 -6 -8.76369
25 -5 -8.73106
25 -4 -8.70543
25 -3 -8.66613
25 -2 -8.62628
25 -1 -8.60035
25 0 -8.57645
25 1 -8.53855
25 2 -8.56775
25 3 -8.72376
25 4 -8.99756
25 5 -9.31117
25 6 -9.64477
25 7 -9.98142
25 8 -10.3045
25 9 -10.6255
25 10 -10.9441
25 11 -11.2524
25 12 -11.5466
25 13 -11.8335
25 14 -12.1223
25 15 -12.3867
25 16 -12.6457
25 17 -12.9039
25 18 -13.1514
25 19 -13.3919
25 20 -13.6331
25 21 -13.8559
25 22 -14.0827
25 23 -14.2958
25 24 -14.5085
25 25 -14.717
25 26 -14.9124
25 27 -15.1141
25 28 -15.3141
25 29 -15.5033
25 30 -15.6955
25 31 -15.876
25 32 -16.0562
25 33 -16.2313
25 34 -16.4016
25 35 -16.558
25 36 -16.7205
25 37 -16.8752
25 38 -17.0208
25 39 -17.1658
25 40 -17.3008
26 -10 -8.88109
26 -9 -8.84787
26 -8 -8.81886
26 -7 -8.80042
26 -6 -8.79098
26 -5 -8.75329
26 -4 -8.72712
26 -3 -8.68048
26 -2 -8.64482
26 -1 -8.62604
26 0 -8.59619
26 1 -8.56917
26 2 -8.58357
26 3 -8.74309
26 4 -9.0212
26 5 -9.33321
26 6 -9.668
26 7 -9.99509
26 8 -10.3219
26 9 -10.6528
26 10 -10.965
26 11 -11.2612
26 12 -11.5612
26 13 -11.8497
26 14 -12.1252
26 15 -12.3994
26 16 -12.663
26 17 -12.9171
26 18 -13.1644
26 19 -13.4099
26 20 -13.6374
26 21 -13.8618
26 22 -14.0937
26 23 -14.3074
26 24 -14.5185
26 25 -14.7257
26 26 -14.9352
26 27 -15.1303
26 28 -15.3283
26 29 -15.5249
26 30 -15.7022
26 31 -15.8913
26 32 -16.0682
26 33 -16.239
26 34 -16.4117
26 35 -16.5723
26 36 -16.7363
26 37 -16.8824
26 38 -17.0332
26 39 -17.1804
26 40 -17.3159
27 -10 -8.89359
27 -9 -8.86774
27 -8 -8.84292
27 -7 -8.81393
27 -6 -8.80452
27 -5 -8.78135
27 -4 -8.75846
27 -3 -8.70461
27 -2 -8.66811
27 -1 -8.63206
27 0 -8.61195
27 1 -8.57941
27 2 -8.61493
27 3 -8.7702
27 4 -9.03003
27 5 -9.34728
27 6 -9.6777
27 7 -10.0069
27 8 -10.3422
27 9 -10.6612
27 10 -10.9763
27 11 -11.281
27 12 -11.5719
27 13 -11.8602
27 14 -12.1442
27 15 -12.4142
27 16 -12.6725
27 17 -12.9292
27 18 -13.1779
27 19 -13.4179
27 20 -13.6512
27 21 -13.8737
27 22 -14.096
27 23 -14.3289
27 24 -14.5396
27 25 -14.7519
27 26 -14.9466
27 27 -15.1514
27 28 -15.3511
27 29 -15.5385
27 30 -15.7319
27 31 -15.9119
27 32 -16.0869
27 33 -16.2574
27 34 -16.4304
27 35 -16.5954
27 36 -16.7462
27 37 -16.8984
27 38 -17.0506
27 39 -17.1909
27 40 -17.3283
28 -10 -8.91339
28 -9 -8.88343
28 -8 -8.86695
28 -7 -8.83608
28 -6 -8.82343
28 -5 -8.80168
28 -4 -8.78072
28 -3 -8.71577
28 -2 -8.68492
28 -1 -8.64258
28 0 -8.62227
28 1 -8.58979
28 2 -8.62174
28 3 -8.78109
28 4 -9.04753
28 5 -9.3609
28 6 -9.68262
28 7 -10.038
28 8 -10.3531
28 9 -10.6755
28 10 -10.9922
28 11 -11.288
28 12 -11.5934
28 13 -11.8745
28 14 -12.157
28 15 -12.4267
28 16 -12.6903
28 17 -12.9499
28 18 -13.1889
28 19 -13.4301
28 20 -13.6731
28 21 -13.8985
28 22 -14.1249
28 23 -14.3345
28 24 -14.5589
28 25 -14.7649
28 26 -14.9709
28 27 -15.1723
28 28 -15.3675
28 29 -15.5574
28 30 -15.7434
28 31 -15.9224
28 32 -16.1085
28 33 -16.2864
28 34 -16.4503
28 35 -16.6095
28 36 -16.7689
28 37 -16.921
28 38 -17.0656
28 39 -17.21
28 40 -17.3537
29 -10 -8.92845
29 -9 -8.89956
29 -8 -8.87687
29 -7 -8.85366
29 -6 -8.82665
29 -5 -8.81407
29 -4 -8.78854
29 -3 -8.74521
29 -2 -8.69393
29 -1 -8.66026
29 0 -8.63949
29 1 -8.61174
29 2 -8.62665
29 3 -8.80034
29 4 -9.06179
29 5 -9.38439
29 6 -9.69862
29 7 -10.0444
29 8 -10.3781
29 9 -10.7023
29 10 -11.0124
29 11 -11.3225
29 12 -11.6128
29 13 -11.8845
29 14 -12.1699
29 15 -12.4473
29 16 -12.7062
29 17 -12.9542
29 18 -13.1984
29 19 -13.4469
29 20 -13.6819
29 21 -13.9214
29 22 -14.1407
29 23 -14.3609
29 24 -14.5709
29 25 -14.7901
29 26 -14.9893
29 27 -15.1958
29 28 -15.3892
29 29 -15.5865
29 30 -15.7609
29 31 -15.9463
29 32 -16.131
29 33 -16.3002
29 34 -16.4674
29 35 -16.629
29 36 -16.7855
29 37 -16.9359
29 38 -17.0895
29 39 -17.235
29 40 -17.3756
30 -10 -8.94131
30 -9 -8.91679
30 -8 -8.88138
30 -7 -8.86865
30 -6 -8.8362
30 -5 -8.83284
30 -4 -8.80786
30 -3 -8.7625
30 -2 -8.72115
30 -1 -8.67851
30 0 -8.65107
30 1 -8.62357
30 2 -8.64618
30 3 -8.8137
30 4 -9.08722
30 5 -9.39502
30 6 -9.72637
30 7 -10.054
30 8 -10.3913
30 9 -10.704
30 10 -11.0301
30 11 -11.33
30 12 -11.6268
30 13 -11.9104
30 14 -12.1912
30 15 -12.4611
30 16 -12.7213
30 17 -12.9799
30 18 -13.2178
30 19 -13.4646
30 20 -13.6997
30 21 -13.9363
30 22 -14.1568
30 23 -14.3853
30 24 -14.5979
30 25 -14.8073
30 26 -15.018
30 27 -15.2094
30 28 -15.4068
30 29 -15.6007
30 30 -15.788
30 31 -15.9683
30 32 -16.1389
30 33 -16.3236
30 34 -16.4879
30 35 -16.6498
30 36 -16.8085
30 37 -16.9572
30 38 -17.1085
30 39 -17.249
30 40 -17.3929
31 -10 -8.96609
31 -9 -8.92381
31 -8 -8.89671
31 -7 -8.87462
31 -6 -8.85312
31 -5 -8.84102
31 -4 -8.81369
31 -3 -8.77086
31 -2 -8.73549
31 -1 -8.70743
31 0 -8.65899
31 1 -8.63745
31 2 -8.67282
31 3 -8.84215
31 4 -9.09526
31 5 -9.40743
31 6 -9.73506
31 7 -10.0878
31 8 -10.4067
31 9 -10.7391
31 10 -11.0445
31 11 -11.3562
31 12 -11.6437
31 13 -11.9344
31 14 -12.2038
31 15 -12.4719
31 16 -12.7414
31 17 -12.9911
31 18 -13.2425
31 19 -13.4786
31 20 -13.7172
31 21 -13.9507
31 22 -14.1765
31 23 -14.404
31 24 -14.6204
31 25 -14.8231
31 26 -15.0356
31 27 -15.23
31 28 -15.4277
31 29 -15.621
31 30 -15.8021
31 31 -15.9829
31 32 -16.163
31 33 -16.3393
31 34 -16.505
31 35 -16.6676
31 36 -16.829
31 37 -16.976
31 38 -17.1293
31 39 -17.2762
31 40 -17.4088
32 -10 -8.97149
32 -9 -8.94005
32 -8 -8.91406
32 -7 -8.88964
32 -6 -8.86774
32 -5 -8.85009
32 -4 -8.835
32 -3 -8.78554
32 -2 -8.74516
32 -1 -8.71703
32 0 -8.67975
32 1 -8.65117
32 2 -8.68917
32 3 -8.85451
32 4 -9.1253
32 5 -9.43699
32 6 -9.76921
32 7 -10.0944
32 8 -10.4394
32 9 -10.7589
32 10 -11.0635
32 11 -11.3649
32 12 -11.6649
32 13 -11.9492
32 14 -12.2259
32 15 -12.4942
32 16 -12.7567
32 17 -13.0121
32 18 -13.2631
32 19 -13.4963
32 20 -13.7352
32 21 -13.9683
32 22 -14.192
32 23 -14.417
32 24 -14.6312
32 25 -14.8436
32 26 -15.0431
32 27 -15.2441
32 28 -15.437
32 29 -15.6279
32 30 -15.8192
32 31 -16.0013
32 32 -16.1826
32 33 -16.3486
32 34 -16.5208
32 35 -16.6778
32 36 -16.8392
32 37 -16.9954
32 38 -17.1423
32 39 -17.2881
32 40 -17.4209
33 -10 -8.98282
33 -9 -8.95256
33 -8 -8.92626
33 -7 -8.90795
33 -6 -8.87783
33 -5 -8.86183
33 -4 -8.84388
33 -3 -8.80458
33 -2 -8.75912
33 -1 -8.73224
33 0 -8.69972
33 1 -8.67356
33 2 -8.70466
33 3 -8.88918
33 4 -9.14006
33 5 -9.45796
33 6 -9.79363
33 7 -10.125
33 8 -10.4507
33 9 -10.7734
33 10 -11.0859
33 11 -11.377
33 12 -11.6737
33 13 -11.9531
33 14 -12.2309
33 15 -12.504
33 16 -12.7565
33 17 -13.0115
33 18 -13.2728
33 19 -13.5037
33 20 -13.7492
33 21 -13.9782
33 22 -14.2066
33 23 -14.4262
33 24 -14.6447
33 25 -14.848
33 26 -15.0529
33 27 -15.2614
33 28 -15.4481
33 29 -15.6393
33 30 -15.8342
33 31 -16.0086
33 32 -16.1967
33 33 -16.3635
33 34 -16.5273
33 35 -16.7022
33 36 -16.8558
33 37 -17.003
33 38 -17.1556
33 39 -17.3013
33 40 -17.4416
34 -10 -8.99199
34 -9 -8.96636
34 -8 -8.93981
34 -7 -8.92288
34 -6 -8.90557
34 -5 -8.88024
34 -4 -8.85608
34 -3 -8.82011
34 -2 -8.77928
34 -1 -8.75489
34 0 -8.7183
34 1 -8.68319
34 2 -8.71732
34 3 -8.88439
34 4 -9.15883
34 5 -9.47291
34 6 -9.80779
34 7 -10.1254
34 8 -10.4609
34 9 -10.7857
34 10 -11.0917
34 11 -11.3996
34 12 -11.6841
34 13 -11.972
34 14 -12.249
34 15 -12.5104
34 16 -12.7801
34 17 -13.0266
34 18 -13.2701
34 19 -13.5169
34 20 -13.7611
34 21 -13.9877
34 22 -14.214
34 23 -14.429
34 24 -14.6423
34 25 -14.8619
34 26 -15.0635
34 27 -15.2685
34 28 -15.4609
34 29 -15.6562
34 30 -15.8396
34 31 -16.0242
34 32 -16.1987
34 33 -16.3751
34 34 -16.5455
34 35 -16.702
34 36 -16.861
34 37 -17.0236
34 38 -17.1663
34 39 -17.3088
34 40 -17.4459
35 -10 -9.0007
35 -9 -8.98367
35 -8 -8.95277
35 -7 -8.92933
35 -6 -8.9119
35 -5 -8.89705
35 -4 -8.87491
35 -3 -8.82422
35 -2 -8.78988
35 -1 -8.75679
35 0 -8.72143
35 1 -8.70565
35 2 -8.72919
35 3 -8.89588
35 4 -9.1628
35 5 -9.47443
35 6 -9.8106
35 7 -10.1425
35 8 -10.4693
35 9 -10.7969
35 10 -11.0998
35 11 -11.4069
35 12 -11.6938
35 13 -11.9858
35 14 -12.256
35 15 -12.534
35 16 -12.7853
35 17 -13.0445
35 18 -13.2936
35 19 -13.5314
35 20 -13.7652
35 21 -13.9949
35 22 -14.2185
35 23 -14.4498
35 24 -14.658
35 25 -14.8716
35 26 -15.0704
35 27 -15.2755
35 28 -15.4689
35 29 -15.6691
35 30 -15.8451
35 31 -16.0403
35 32 -16.2127
35 33 -16.3864
35 34 -16.5569
35 35 -16.7138
35 36 -16.8756
35 37 -17.0337
35 38 -17.175
35 39 -17.3238
35 40 -17.4618
36 -10 -9.01707
36 -9 -8.99109
36 -8 -8.96377
36 -7 -8.94147
36 -6 -8.92302
36 -5 -8.90931
36 -4 -8.88539
36 -3 -8.8423
36 -2 -8.80092
36 -1 -8.76223
36 0 -8.7379
36 1 -8.7205
36 2 -8.74595
36 3 -8.90182
36 4 -9.17129
36 5 -9.48127
36 6 -9.8237
36 7 -10.1519
36 8 -10.4847
36 9 -10.8017
36 10 -11.1153
36 11 -11.4217
36 12 -11.7169
36 13 -11.994
36 14 -12.2775
36 15 -12.5516
36 16 -12.8082
36 17 -13.0579
36 18 -13.3074
36 19 -13.5427
36 20 -13.7779
36 21 -14.0062
36 22 -14.2366
36 23 -14.4509
36 24 -14.6643
36 25 -14.8741
36 26 -15.0777
36 27 -15.2866
36 28 -15.4739
36 29 -15.674
36 30 -15.8625
36 31 -16.0478
36 32 -16.2265
36 33 -16.3977
36 34 -16.5635
36 35 -16.7289
36 36 -16.8917
36 37 -17.0477
36 38 -17.1956
36 39 -17.338
36 40 -17.4738
37 -10 -9.02258
37 -9 -8.99874
37 -8 -8.97684
37 -7 -8.9518
37 -6 -8.93463
37 -5 -8.92772
37 -4 -8.90489
37 -3 -8.86012
37 -2 -8.81493
37 -1 -8.76746
37 0 -8.74647
37 1 -8.72432
37 2 -8.75822
37 3 -8.91833
37 4 -9.18926
37 5 -9.49629
37 6 -9.828
37 7 -10.1666
37 8 -10.4931
37 9 -10.8179
37 10 -11.1304
37 11 -11.4361
37 12 -11.7248
37 13 -12.0122
37 14 -12.2852
37 15 -12.5491
37 16 -12.817
37 17 -13.0641
37 18 -13.3128
37 19 -13.5563
37 20 -13.7881
37 21 -14.0207
37 22 -14.2431
37 23 -14.4597
37 24 -14.6755
37 25 -14.8912
37 26 -15.0893
37 27 -15.2942
37 28 -15.493
37 29 -15.6861
37 30 -15.8714
37 31 -16.0631
37 32 -16.2344
37 33 -16.4095
37 34 -16.5796
37 35 -16.7451
37 36 -16.9019
37 37 -17.0616
37 38 -17.2093
37 39 -17.3512
37 40 -17.4863
38 -10 -9.03691
38 -9 -9.00456
38 -8 -8.97521
38 -7 -8.9564
38 -6 -8.94332
38 -5 -8.93512
38 -4 -8.91139
38 -3 -8.86838
38 -2 -8.82809
38 -1 -8.78533
38 0 -8.75414
38 1 -8.73377
38 2 -8.77141
38 3 -8.93358
38 4 -9.20425
38 5 -9.51644
38 6 -9.84553
38 7 -10.176
38 8 -10.5095
38 9 -10.8335
38 10 -11.1479
38 11 -11.4459
38 12 -11.7413
38 13 -12.0283
38 14 -12.3041
38 15 -12.5727
38 16 -12.8247
38 17 -13.0794
38 18 -13.3316
38 19 -13.5697
38 20 -13.7969
38 21 -14.0346
38 22 -14.2516
38 23 -14.4755
38 24 -14.6923
38 25 -14.9001
38 26 -15.1122
38 27 -15.3132
38 28 -15.519
38 29 -15.6995
38 30 -15.8875
38 31 -16.0774
38 32 -16.2537
38 33 -16.4273
38 34 -16.5973
38 35 -16.7595
38 36 -16.9226
38 37 -17.0713
38 38 -17.2191
38 39 -17.3644
38 40 -17.5006
39 -10 -9.03537
39 -9 -9.01178
39 -8 -8.98201
39 -7 -8.95763
39 -6 -8.95084
39 -5 -8.93314
39 -4 -8.91637
39 -3 -8.88021
39 -2 -8.83764
39 -1 -8.79019
39 0 -8.76827
39 1 -8.74873
39 2 -8.78039
39 3 -8.95172
39 4 -9.21992
39 5 -9.53283
39 6 -9.85947
39 7 -10.1932
39 8 -10.5207
39 9 -10.8404
39 10 -11.1672
39 11 -11.4722
39 12 -11.7592
39 13 -12.0451
39 14 -12.3164
39 15 -12.5793
39 16 -12.8489
39 17 -13.1075
39 18 -13.3452
39 19 -13.5858
39 20 -13.8091
39 21 -14.0435
39 22 -14.2659
39 23 -14.488
39 24 -14.7038
39 25 -14.9157
39 26 -15.1183
39 27 -15.3205
39 28 -15.5236
39 29 -15.7172
39 30 -15.8982
39 31 -16.0871
39 32 -16.2639
39 33 -16.437
39 34 -16.6084
39 35 -16.7697
39 36 -16.9315
39 37 -17.0785
39 38 -17.2366
39 39 -17.3752
39 40 -17.5118
40 -10 -9.04421
40 -9 -9.02209
40 -8 -8.98891
40 -7 -8.96708
40 -6 -8.9532
40 -5 -8.95179
40 -4 -8.92523
40 -3 -8.88676
40 -2 -8.84365
40 -1 -8.80844
40 0 -8.78192
40 1 -8.77408
40 2 -8.79457
40 3 -8.9626
40 4 -9.22749
40 5 -9.54799
40 6 -9.87832
40 7 -10.2126
40 8 -10.544
40 9 -10.8608
40 10 -11.1836
40 11 -11.4761
40 12 -11.7749
40 13 -12.0543
40 14 -12.3349
40 15 -12.6025
40 16 -12.8536
40 17 -13.1068
40 18 -13.3549
40 19 -13.5878
40 20 -13.8278
40 21 -14.0524
40 22 -14.2822
40 23 -14.4936
40 24 -14.7136
40 25 -14.9231
40 26 -15.1279
40 27 -15.3233
40 28 -15.5272
40 29 -15.721
40 30 -15.9081
40 31 -16.0935
40 32 -16.2751
40 33 -16.4485
40 34 -16.6136
40 35 -16.7793
40 36 -16.937
40 37 -17.0841
40 38 -17.2401
40 39 -17.3886
40 40 -17.5266
