-10 -10 -10.1517
-10 -9 -10.1365
-10 -8 -10.0991
-10 -7 -10.077
-10 -6 -10.0545
-10 -5 -10.052
-10 -4 -10.0524
-10 -3 -10.0497
-10 -2 -10.0142
-10 -1 -9.97717
-10 0 -9.96806
-10 1 -9.92819
-10 2 -9.98908
-10 3 -10.1817
-10 4 -10.4547
-10 5 -10.7689
-10 6 -11.0865
-10 7 -11.4059
-10 8 -11.7363
-10 9 -12.0584
-10 10 -12.3553
-10 11 -12.6593
-10 12 -12.9574
-10 13 -13.2304
-10 14 -13.5168
-10 15 -13.7717
-10 16 -14.0332
-10 17 -14.2889
-10 18 -14.5368
-10 19 -14.7749
-10 20 -15.0086
-10 21 -15.2369
-10 22 -15.4548
-10 23 -15.6645
-10 24 -15.8861
-10 25 -16.0819
-10 26 -16.2724
-10 27 -16.4637
-10 28 -16.6386
-10 29 -16.8103
-10 30 -16.9759
-10 31 -17.1318
-10 32 -17.2772
-10 33 -17.4241
-10 34 -17.556
-10 35 -17.6945
-10 36 -17.8246
-10 37 -17.9501
-10 38 -18.0756
-10 39 -18.191
-10 40 -18.3087
-9 -10 -10.1264
-9 -9 -10.1015
-9 -8 -10.0723
-9 -7 -10.0546
-9 -6 -10.0553
-9 -5 -10.0516
-9 -4 -10.0417
-9 -3 -10.0151
-9 -2 -9.97744
-9 -1 -9.94081
-9 0 -9.92202
-9 1 -9.92983
-9 2 -9.98943
-9 3 -10.1692
-9 4 -10.452
-9 5 -10.7538
-9 6 -11.077
-9 7 -11.398
-9 8 -11.7266
-9 9 -12.0489
-9 10 -12.3403
-9 11 -12.6517
-9 12 -12.9413
-9 13 -13.2244
-9 14 -13.5053
-9 15 -13.7678
-9 16 -14.0263
-9 17 -14.2702
-9 18 -14.5143
-9 19 -14.7489
-9 20 -14.9777
-9 21 -15.2022
-9 22 -15.416
-9 23 -15.6387
-9 24 -15.8398
-9 25 -16.0369
-9 26 -16.2251
-9 27 -16.4206
-9 28 -16.6017
-9 29 -16.7673
-9 30 -16.9327
-9 31 -17.0966
-9 32 -17.2534
-9 33 -17.395
-9 34 -17.5307
-9 35 -17.6633
-9 36 -17.787
-9 37 -17.9187
-9 38 -18.0518
-9 39 -18.1684
-9 40 -18.2914
-8 -10 -10.1016
-8 -9 -10.0759
-8 -8 -10.0534
-8 -7 -10.0525
-8 -6 -10.0477
-8 -5 -10.0451
-8 -4 -10.0093
-8 -3 -9.97456
-8 -2 -9.93815
-8 -1 -9.93454
-8 0 -9.91769
-8 1 -9.90654
-8 2 -9.96874
-8 3 -10.1333
-8 4 -10.4162
-8 5 -10.7321
-8 6 -11.0532
-8 7 -11.3757
-8 8 -11.7137
-8 9 -12.0453
-8 10 -12.3595
-8 11 -12.6598
-8 12 -12.9493
-8 13 -13.223
-8 14 -13.4975
-8 15 -13.7597
-8 16 -14.0171
-8 17 -14.2576
-8 18 -14.4972
-8 19 -14.7403
-8 20 -14.9687
-8 21 -15.1885
-8 22 -15.4027
-8 23 -15.6103
-8 24 -15.8195
-8 25 -16.0116
-8 26 -16.2021
-8 27 -16.3852
-8 28 -16.5714
-8 29 -16.7443
-8 30 -16.908
-8 31 -17.0666
-8 32 -17.2131
-8 33 -17.3604
-8 34 -17.495
-8 35 -17.6301
-8 36 -17.7627
-8 37 -17.9
-8 38 -18.0188
-8 39 -18.1374
-8 40 -18.2636
-7 -10 -10.0798
-7 -9 -10.0515
-7 -8 -10.0471
-7 -7 -10.049
-7 -6 -10.0419
-7 -5 -10.0146
-7 -4 -9.98886
-7 -3 -9.95056
-7 -2 -9.93996
-7 -1 -9.93112
-7 0 -9.91857
-7 1 -9.88935
-7 2 -9.92362
-7 3 -10.085
-7 4 -10.3627
-7 5 -10.6728
-7 6 -11.004
-7 7 -11.3453
-7 8 -11.6813
-7 9 -11.9872
-7 10 -12.3113
-7 11 -12.623
-7 12 -12.9188
-7 13 -13.2239
-7 14 -13.4899
-7 15 -13.7691
-7 16 -14.0248
-7 17 -14.281
-7 18 -14.5175
-7 19 -14.746
-7 20 -14.9642
-7 21 -15.1869
-7 22 -15.3968
-7 23 -15.6165
-7 24 -15.8053
-7 25 -16.0062
-7 26 -16.1934
-7 27 -16.3735
-7 28 -16.5412
-7 29 -16.7206
-7 30 -16.8795
-7 31 -17.0453
-7 32 -17.1958
-7 33 -17.337
-7 34 -17.4806
-7 35 -17.6021
-7 36 -17.7405
-7 37 -17.8722
-7 38 -17.9953
-7 39 -18.1169
-7 40 -18.2378
-6 -10 -10.06
-6 -9 -10.0535
-6 -8 -10.0542
-6 -7 -10.0478
-6 -6 -10.0296
-6 -5 -9.97605
-6 -4 -9.95066
-6 -3 -9.93616
-6 -2 -9.92472
-6 -1 -9.92577
-6 0 -9.90423
-6 1 -9.85922
-6 2 -9.89334
-6 3 -10.084
-6 4 -10.3474
-6 5 -10.6494
-6 6 -10.9918
-6 7 -11.3146
-6 8 -11.6401
-6 9 -11.9571
-6 10 -12.2888
-6 11 -12.5771
-6 12 -12.8745
-6 13 -13.1789
-6 14 -13.4535
-6 15 -13.7276
-6 16 -14.0054
-6 17 -14.2544
-6 18 -14.5023
-6 19 -14.7468
-6 20 -14.97
-6 21 -15.189
-6 22 -15.393
-6 23 -15.612
-6 24 -15.8079
-6 25 -16.0068
-6 26 -16.1831
-6 27 -16.3707
-6 28 -16.539
-6 29 -16.7147
-6 30 -16.8723
-6 31 -17.0262
-6 32 -17.19
-6 33 -17.3256
-6 34 -17.4696
-6 35 -17.6012
-6 36 -17.7356
-6 37 -17.8591
-6 38 -17.9815
-6 39 -18.112
-6 40 -18.2207
-5 -10 -10.0658
-5 -9 -10.0623
-5 -8 -10.0451
-5 -7 -10.0335
-5 -6 -10.0001
-5 -5 -9.96365
-5 -4 -9.94618
-5 -3 -9.92826
-5 -2 -9.93238
-5 -1 -9.90123
-5 0 -9.85205
-5 1 -9.81831
-5 2 -9.86215
-5 3 -10.0487
-5 4 -10.3249
-5 5 -10.6429
-5 6 -10.9619
-5 7 -11.288
-5 8 -11.621
-5 9 -11.9367
-5 10 -12.2423
-5 11 -12.5511
-5 12 -12.8527
-5 13 -13.1375
-5 14 -13.4101
-5 15 -13.675
-5 16 -13.9432
-5 17 -14.2099
-5 18 -14.4677
-5 19 -14.7127
-5 20 -14.9498
-5 21 -15.1764
-5 22 -15.3949
-5 23 -15.608
-5 24 -15.8066
-5 25 -16.006
-5 26 -16.1906
-5 27 -16.3655
-5 28 -16.552
-5 29 -16.7116
-5 30 -16.8757
-5 31 -17.0401
-5 32 -17.1811
-5 33 -17.3264
-5 34 -17.4604
-5 35 -17.588
-5 36 -17.7269
-5 37 -17.8491
-5 38 -17.9726
-5 39 -18.1021
-5 40 -18.2213
-4 -10 -10.0709
-4 -9 -10.0687
-4 -8 -10.0458
-4 -7 -9.99945
-4 -6 -9.97709
-4 -5 -9.9612
-4 -4 -9.93815
-4 -3 -9.94798
-4 -2 -9.91686
-4 -1 -9.86113
-4 0 -9.82007
-4 1 -9.81788
-4 2 -9.85489
-4 3 -10.0468
-4 4 -10.3328
-4 5 -10.6464
-4 6 -10.9516
-4 7 -11.2848
-4 8 -11.6141
-4 9 -11.936
-4 10 -12.2372
-4 11 -12.5461
-4 12 -12.8209
-4 13 -13.1273
-4 14 -13.3935
-4 15 -13.6677
-4 16 -13.9293
-4 17 -14.1821
-4 18 -14.4376
-4 19 -14.6733
-4 20 -14.928
-4 21 -15.152
-4 22 -15.3808
-4 23 -15.5947
-4 24 -15.7953
-4 25 -15.9938
-4 26 -16.1841
-4 27 -16.366
-4 28 -16.5487
-4 29 -16.7212
-4 30 -16.8756
-4 31 -17.0297
-4 32 -17.1807
-4 33 -17.3269
-4 34 -17.4562
-4 35 -17.597
-4 36 -17.7177
-4 37 -17.8503
-4 38 -17.9714
-4 39 -18.0945
-4 40 -18.2246
-3 -10 -10.0829
-3 -9 -10.0611
-3 -8 -10.0289
-3 -7 -9.99397
-3 -6 -9.97428
-3 -5 -9.96112
-3 -4 -9.9654
-3 -3 -9.9424
-3 -2 -9.87875
-3 -1 -9.8468
-3 0 -9.83546
-3 1 -9.81473
-3 2 -9.85748
-3 3 -10.0558
-3 4 -10.3428
-3 5 -10.6421
-3 6 -10.977
-3 7 -11.2928
-3 8 -11.6115
-3 9 -11.9329
-3 10 -12.2341
-3 11 -12.5336
-3 12 -12.8332
-3 13 -13.1154
-3 14 -13.3888
-3 15 -13.6535
-3 16 -13.9157
-3 17 -14.1651
-3 18 -14.4143
-3 19 -14.6581
-3 20 -14.8979
-3 21 -15.1211
-3 22 -15.3538
-3 23 -15.5799
-3 24 -15.7901
-3 25 -15.9893
-3 26 -16.1746
-3 27 -16.3663
-3 28 -16.5401
-3 29 -16.7094
-3 30 -16.8731
-3 31 -17.036
-3 32 -17.1846
-3 33 -17.3327
-3 34 -17.4559
-3 35 -17.5869
-3 36 -17.7148
-3 37 -17.8461
-3 38 -17.9571
-3 39 -18.0869
-3 40 -18.2015
-2 -10 -10.1039
-2 -9 -10.0569
-2 -8 -10.031
-2 -7 -10.0189
-2 -6 -9.99045
-2 -5 -9.99668
-2 -4 -9.97088
-2 -3 -9.92708
-2 -2 -9.87154
-2 -1 -9.84758
-2 0 -9.83604
-2 1 -9.82774
-2 2 -9.8415
-2 3 -10.0241
-2 4 -10.3036
-2 5 -10.6358
-2 6 -10.973
-2 7 -11.2928
-2 8 -11.6392
-2 9 -11.9517
-2 10 -12.254
-2 11 -12.5525
-2 12 -12.8487
-2 13 -13.1262
-2 14 -13.3863
-2 15 -13.6654
-2 16 -13.9143
-2 17 -14.1696
-2 18 -14.4097
-2 19 -14.6504
-2 20 -14.883
-2 21 -15.1125
-2 22 -15.3328
-2 23 -15.549
-2 24 -15.7638
-2 25 -15.9552
-2 26 -16.1622
-2 27 -16.3553
-2 28 -16.541
-2 29 -16.7057
-2 30 -16.8844
-2 31 -17.0438
-2 32 -17.1781
-2 33 -17.3166
-2 34 -17.4611
-2 35 -17.5782
-2 36 -17.7234
-2 37 -17.8358
-2 38 -17.9624
-2 39 -18.089
-2 40 -18.2097
-1 -10 -10.0919
-1 -9 -10.058
-1 -8 -10.031
-1 -7 -10.0169
-1 -6 -10.0101
-1 -5 -9.98642
-1 -4 -9.93351
-1 -3 -9.89969
-1 -2 -9.88921
-1 -1 -9.85646
-1 0 -9.85281
-1 1 -9.81372
-1 2 -9.82395
-1 3 -9.97953
-1 4 -10.2592
-1 5 -10.5847
-1 6 -10.9208
-1 7 -11.282
-1 8 -11.6006
-1 9 -11.9485
-1 10 -12.2761
-1 11 -12.5762
-1 12 -12.8742
-1 13 -13.1483
-1 14 -13.4196
-1 15 -13.6864
-1 16 -13.9422
-1 17 -14.1806
-1 18 -14.4228
-1 19 -14.6557
-1 20 -14.893
-1 21 -15.1159
-1 22 -15.3419
-1 23 -15.5513
-1 24 -15.758
-1 25 -15.9597
-1 26 -16.1534
-1 27 -16.3465
-1 28 -16.5309
-1 29 -16.7093
-1 30 -16.8792
-1 31 -17.0355
-1 32 -17.1809
-1 33 -17.3332
-1 34 -17.4709
-1 35 -17.5974
-1 36 -17.7289
-1 37 -17.8507
-1 38 -17.9827
-1 39 -18.0974
-1 40 -18.2203
0 -10 -10.0797
0 -9 -10.0663
0 -8 -10.0438
0 -7 -10.0374
0 -6 -10.0228
0 -5 -9.99087
0 -4 -9.92792
0 -3 -9.90456
0 -2 -9.89345
0 -1 -9.87749
0 0 -9.87319
0 1 -9.80946
0 2 -9.81327
0 3 -9.99674
0 4 -10.2532
0 5 -10.5721
0 6 -10.9363
0 7 -11.2535
0 8 -11.5948
0 9 -11.9418
0 10 -12.2528
0 11 -12.581
0 12 -12.8893
0 13 -13.1775
0 14 -13.4459
0 15 -13.7132
0 16 -13.9736
0 17 -14.2162
0 18 -14.458
0 19 -14.6885
0 20 -14.9147
0 21 -15.1338
0 22 -15.3617
0 23 -15.5736
0 24 -15.7762
0 25 -15.9724
0 26 -16.1715
0 27 -16.3618
0 28 -16.535
0 29 -16.722
0 30 -16.8804
0 31 -17.0408
0 32 -17.2059
0 33 -17.3434
0 34 -17.4737
0 35 -17.6172
0 36 -17.7387
0 37 -17.8793
0 38 -17.9945
0 39 -18.1205
0 40 -18.2364
1 -10 -10.0907
1 -9 -10.0669
1 -8 -10.0675
1 -7 -10.0698
1 -6 -10.0475
1 -5 -9.98563
1 -4 -9.96123
1 -3 -9.9443
1 -2 -9.92329
1 -1 -9.92512
1 0 -9.88511
1 1 -9.81557
1 2 -9.81611
1 3 -10.0019
1 4 -10.2719
1 5 -10.6066
1 6 -10.947
1 7 -11.2644
1 8 -11.6084
1 9 -11.9398
1 10 -12.2873
1 11 -12.5916
1 12 -12.9056
1 13 -13.2082
1 14 -13.4966
1 15 -13.7674
1 16 -14.0185
1 17 -14.2732
1 18 -14.5116
1 19 -14.7388
1 20 -14.9698
1 21 -15.1907
1 22 -15.4011
1 23 -15.6096
1 24 -15.8226
1 25 -16.0049
1 26 -16.2101
1 27 -16.3939
1 28 -16.5774
1 29 -16.7515
1 30 -16.9122
1 31 -17.0759
1 32 -17.228
1 33 -17.376
1 34 -17.5166
1 35 -17.6507
1 36 -17.7775
1 37 -17.9047
1 38 -18.0279
1 39 -18.1516
1 40 -18.2771
2 -10 -10.132
2 -9 -10.1309
2 -8 -10.1179
2 -7 -10.1128
2 -6 -10.0796
2 -5 -10.0527
2 -4 -10.0039
2 -3 -9.97458
2 -2 -9.97817
2 -1 -9.95931
2 0 -9.94729
2 1 -9.88442
2 2 -9.871
2 3 -10.0726
2 4 -10.3415
2 5 -10.6461
2 6 -10.978
2 7 -11.3281
2 8 -11.6645
2 9 -11.984
2 10 -12.3202
2 11 -12.6523
2 12 -12.9586
2 13 -13.2555
2 14 -13.5479
2 15 -13.8051
2 16 -14.0611
2 17 -14.3145
2 18 -14.5466
2 19 -14.7806
2 20 -15.017
2 21 -15.2278
2 22 -15.4452
2 23 -15.65
2 24 -15.8757
2 25 -16.0656
2 26 -16.2614
2 27 -16.437
2 28 -16.6255
2 29 -16.799
2 30 -16.9698
2 31 -17.1309
2 32 -17.288
2 33 -17.434
2 34 -17.5642
2 35 -17.7073
2 36 -17.841
2 37 -17.9619
2 38 -18.1001
2 39 -18.2187
2 40 -18.3418
3 -10 -10.1993
3 -9 -10.1844
3 -8 -10.1727
3 -7 -10.1698
3 -6 -10.1386
3 -5 -10.1194
3 -4 -10.0623
3 -3 -10.0336
3 -2 -10.0167
3 -1 -9.99047
3 0 -9.96552
3 1 -9.94297
3 2 -9.94101
3 3 -10.1249
3 4 -10.402
3 5 -10.7153
3 6 -11.0486
3 7 -11.3922
3 8 -11.7147
3 9 -12.0672
3 10 -12.4056
3 11 -12.7005
3 12 -13.0054
3 13 -13.2909
3 14 -13.5664
3 15 -13.8396
3 16 -14.1062
3 17 -14.3606
3 18 -14.598
3 19 -14.8284
3 20 -15.0556
3 21 -15.2762
3 22 -15.4905
3 23 -15.7025
3 24 -15.9038
3 25 -16.106
3 26 -16.298
3 27 -16.4889
3 28 -16.6719
3 29 -16.8546
3 30 -17.0127
3 31 -17.1799
3 32 -17.3225
3 33 -17.487
3 34 -17.6272
3 35 -17.7622
3 36 -17.8806
3 37 -18.0175
3 38 -18.1427
3 39 -18.2733
3 40 -18.3845
4 -10 -10.2619
4 -9 -10.2345
4 -8 -10.2122
4 -7 -10.1859
4 -6 -10.1638
4 -5 -10.1581
4 -4 -10.1306
4 -3 -10.0921
4 -2 -10.0507
4 -1 -10.0122
4 0 -9.98353
4 1 -9.98722
4 2 -10.0086
4 3 -10.2151
4 4 -10.4688
4 5 -10.7962
4 6 -11.1368
4 7 -11.4671
4 8 -11.8069
4 9 -12.1297
4 10 -12.445
4 11 -12.7454
4 12 -13.0415
4 13 -13.3211
4 14 -13.6074
4 15 -13.8723
4 16 -14.1394
4 17 -14.3906
4 18 -14.6296
4 19 -14.8639
4 20 -15.0978
4 21 -15.3143
4 22 -15.5361
4 23 -15.7429
4 24 -15.957
4 25 -16.1662
4 26 -16.3489
4 27 -16.5391
4 28 -16.7257
4 29 -16.9068
4 30 -17.0706
4 31 -17.2365
4 32 -17.3946
4 33 -17.5365
4 34 -17.672
4 35 -17.8072
4 36 -17.9367
4 37 -18.0639
4 38 -18.1886
4 39 -18.3212
4 40 -18.4369
5 -10 -10.3002
5 -9 -10.2788
5 -8 -10.253
5 -7 -10.2197
5 -6 -10.1915
5 -5 -10.1836
5 -4 -10.1689
5 -3 -10.1457
5 -2 -10.1146
5 -1 -10.0468
5 0 -10.0231
5 1 -10.019
5 2 -10.0502
5 3 -10.2424
5 4 -10.5152
5 5 -10.8413
5 6 -11.1712
5 7 -11.5059
5 8 -11.8352
5 9 -12.1434
5 10 -12.4602
5 11 -12.7664
5 12 -13.0544
5 13 -13.3443
5 14 -13.6204
5 15 -13.9109
5 16 -14.1699
5 17 -14.4403
5 18 -14.6716
5 19 -14.911
5 20 -15.1443
5 21 -15.3753
5 22 -15.5778
5 23 -15.8085
5 24 -16.014
5 25 -16.2237
5 26 -16.4138
5 27 -16.6038
5 28 -16.7883
5 29 -16.963
5 30 -17.1298
5 31 -17.2933
5 32 -17.443
5 33 -17.5841
5 34 -17.7199
5 35 -17.8611
5 36 -17.9889
5 37 -18.1091
5 38 -18.2357
5 39 -18.3547
5 40 -18.4696
6 -10 -10.3453
6 -9 -10.3228
6 -8 -10.3062
6 -7 -10.2684
6 -6 -10.2336
6 -5 -10.2149
6 -4 -10.212
6 -3 -10.2054
6 -2 -10.1746
6 -1 -10.1061
6 0 -10.0558
6 1 -10.0477
6 2 -10.0944
6 3 -10.2785
6 4 -10.5615
6 5 -10.8857
6 6 -11.2168
6 7 -11.5368
6 8 -11.8586
6 9 -12.1888
6 10 -12.499
6 11 -12.7973
6 12 -13.0913
6 13 -13.3702
6 14 -13.6762
6 15 -13.9409
6 16 -14.2107
6 17 -14.4735
6 18 -14.728
6 19 -14.9696
6 20 -15.2145
6 21 -15.4428
6 22 -15.6629
6 23 -15.8823
6 24 -16.0896
6 25 -16.2916
6 26 -16.4834
6 27 -16.6751
6 28 -16.843
6 29 -17.0194
6 30 -17.1792
6 31 -17.3428
6 32 -17.4816
6 33 -17.6236
6 34 -17.768
6 35 -17.9019
6 36 -18.0323
6 37 -18.1591
6 38 -18.2735
6 39 -18.396
6 40 -18.5096
7 -10 -10.3899
7 -9 -10.3832
7 -8 -10.374
7 -7 -10.3349
7 -6 -10.2885
7 -5 -10.2628
7 -4 -10.2568
7 -3 -10.2422
7 -2 -10.2248
7 -1 -10.1839
7 0 -10.1147
7 1 -10.0921
7 2 -10.121
7 3 -10.3301
7 4 -10.6021
7 5 -10.9044
7 6 -11.2372
7 7 -11.57
7 8 -11.9014
7 9 -12.2129
7 10 -12.5291
7 11 -12.8385
7 12 -13.1402
7 13 -13.4296
7 14 -13.7117
7 15 -13.9994
7 16 -14.268
7 17 -14.548
7 18 -14.82
7 19 -15.0336
7 20 -15.283
7 21 -15.5105
7 22 -15.7254
7 23 -15.9412
7 24 -16.1487
7 25 -16.3479
7 26 -16.5361
7 27 -16.7168
7 28 -16.8886
7 29 -17.0618
7 30 -17.2274
7 31 -17.3711
7 32 -17.5197
7 33 -17.6717
7 34 -17.8091
7 35 -17.9352
7 36 -18.067
7 37 -18.1883
7 38 -18.3103
7 39 -18.42
7 40 -18.5406
8 -10 -10.4346
8 -9 -10.4216
8 -8 -10.411
8 -7 -10.3811
8 -6 -10.3335
8 -5 -10.3055
8 -4 -10.2958
8 -3 -10.2825
8 -2 -10.2463
8 -1 -10.2163
8 0 -10.1812
8 1 -10.1435
8 2 -10.1764
8 3 -10.366
8 4 -10.6453
8 5 -10.9607
8 6 -11.2778
8 7 -11.6197
8 8 -11.9398
8 9 -12.2721
8 10 -12.5858
8 11 -12.8879
8 12 -13.196
8 13 -13.4877
8 14 -13.7788
8 15 -14.0567
8 16 -14.343
8 17 -14.6155
8 18 -14.8572
8 19 -15.091
8 20 -15.3309
8 21 -15.5515
8 22 -15.7651
8 23 -15.9698
8 24 -16.1794
8 25 -16.3636
8 26 -16.5585
8 27 -16.7416
8 28 -16.9108
8 29 -17.0877
8 30 -17.2493
8 31 -17.4079
8 32 -17.5577
8 33 -17.6993
8 34 -17.8383
8 35 -17.9761
8 36 -18.0935
8 37 -18.2241
8 38 -18.3369
8 39 -18.4516
8 40 -18.5697
9 -10 -10.4605
9 -9 -10.4552
9 -8 -10.433
9 -7 -10.4016
9 -6 -10.3823
9 -5 -10.3515
9 -4 -10.3315
9 -3 -10.3092
9 -2 -10.2789
9 -1 -10.2344
9 0 -10.219
9 1 -10.1871
9 2 -10.2238
9 3 -10.4224
9 4 -10.6933
9 5 -11.0274
9 6 -11.3466
9 7 -11.6632
9 8 -11.994
9 9 -12.312
9 10 -12.6369
9 11 -12.9591
9 12 -13.254
9 13 -13.5476
9 14 -13.8276
9 15 -14.1107
9 16 -14.3798
9 17 -14.6387
9 18 -14.8933
9 19 -15.1183
9 20 -15.3594
9 21 -15.5788
9 22 -15.7837
9 23 -15.9979
9 24 -16.198
9 25 -16.3921
9 26 -16.579
9 27 -16.758
9 28 -16.9397
9 29 -17.1066
9 30 -17.2712
9 31 -17.4385
9 32 -17.5933
9 33 -17.7258
9 34 -17.8699
9 35 -17.9939
9 36 -18.1262
9 37 -18.2403
9 38 -18.3625
9 39 -18.4796
9 40 -18.5937
10 -10 -10.4983
10 -9 -10.4866
10 -8 -10.4486
10 -7 -10.4301
10 -6 -10.4079
10 -5 -10.3862
10 -4 -10.3761
10 -3 -10.3446
10 -2 -10.2922
10 -1 -10.2549
10 0 -10.2302
10 1 -10.2226
10 2 -10.2778
10 3 -10.4703
10 4 -10.7475
10 5 -11.0699
10 6 -11.3975
10 7 -11.7303
10 8 -12.0492
10 9 -12.3612
10 10 -12.6858
10 11 -12.9859
10 12 -13.281
10 13 -13.5785
10 14 -13.8641
10 15 -14.1379
10 16 -14.3937
10 17 -14.6579
10 18 -14.9132
10 19 -15.1499
10 20 -15.3772
10 21 -15.5996
10 22 -15.817
10 23 -16.0226
10 24 -16.2242
10 25 -16.4224
10 26 -16.6156
10 27 -16.7913
10 28 -16.9696
10 29 -17.146
10 30 -17.3106
10 31 -17.468
10 32 -17.6204
10 33 -17.7692
10 34 -17.8993
10 35 -18.0287
10 36 -18.1523
10 37 -18.2757
10 38 -18.3923
10 39 -18.5153
10 40 -18.6206
11 -10 -10.538
11 -9 -10.5191
11 -8 -10.4877
11 -7 -10.4518
11 -6 -10.4383
11 -5 -10.4203
11 -4 -10.417
11 -3 -10.393
11 -2 -10.3384
11 -1 -10.2973
11 0 -10.2732
11 1 -10.2505
11 2 -10.308
11 3 -10.5082
11 4 -10.7925
11 5 -11.094
11 6 -11.4289
11 7 -11.7561
11 8 -12.0711
11 9 -12.3953
11 10 -12.7161
11 11 -13.0174
11 12 -13.3111
11 13 -13.5957
11 14 -13.8751
11 15 -14.1456
11 16 -14.4206
11 17 -14.6782
11 18 -14.9328
11 19 -15.1722
11 20 -15.4037
11 21 -15.6314
11 22 -15.846
11 23 -16.0477
11 24 -16.257
11 25 -16.4529
11 26 -16.6426
11 27 -16.8297
11 28 -17.0078
11 29 -17.1814
11 30 -17.3478
11 31 -17.5119
11 32 -17.6598
11 33 -17.8038
11 34 -17.9426
11 35 -18.0718
11 36 -18.1968
11 37 -18.3216
11 38 -18.4366
11 39 -18.5524
11 40 -18.6599
12 -10 -10.5738
12 -9 -10.5613
12 -8 -10.525
12 -7 -10.4873
12 -6 -10.4645
12 -5 -10.4484
12 -4 -10.4559
12 -3 -10.4413
12 -2 -10.3819
12 -1 -10.3342
12 0 -10.2971
12 1 -10.2855
12 2 -10.3401
12 3 -10.5326
12 4 -10.8069
12 5 -11.1221
12 6 -11.4465
12 7 -11.7729
12 8 -12.104
12 9 -12.4183
12 10 -12.7277
12 11 -13.0244
12 12 -13.3326
12 13 -13.62
12 14 -13.8976
12 15 -14.182
12 16 -14.4399
12 17 -14.708
12 18 -14.9559
12 19 -15.1993
12 20 -15.4398
12 21 -15.6613
12 22 -15.8836
12 23 -16.0849
12 24 -16.2979
12 25 -16.4957
12 26 -16.6844
12 27 -16.8796
12 28 -17.0575
12 29 -17.2311
12 30 -17.3921
12 31 -17.555
12 32 -17.7123
12 33 -17.8491
12 34 -17.9926
12 35 -18.1171
12 36 -18.2461
12 37 -18.3705
12 38 -18.4791
12 39 -18.5972
12 40 -18.7117
13 -10 -10.6001
13 -9 -10.5936
13 -8 -10.5755
13 -7 -10.5256
13 -6 -10.5003
13 -5 -10.482
13 -4 -10.4668
13 -3 -10.4638
13 -2 -10.4199
13 -1 -10.3671
13 0 -10.3328
13 1 -10.3113
13 2 -10.3508
13 3 -10.554
13 4 -10.8264
13 5 -11.1349
13 6 -11.4707
13 7 -11.7951
13 8 -12.1229
13 9 -12.4474
13 10 -12.7638
13 11 -13.0659
13 12 -13.3588
13 13 -13.6437
13 14 -13.927
13 15 -14.2057
13 16 -14.4803
13 17 -14.7428
13 18 -14.9951
13 19 -15.2427
13 20 -15.4824
13 21 -15.715
13 22 -15.9246
13 23 -16.1388
13 24 -16.3468
13 25 -16.5469
13 26 -16.7378
13 27 -16.9212
13 28 -17.0987
13 29 -17.2773
13 30 -17.4404
13 31 -17.6019
13 32 -17.7536
13 33 -17.8896
13 34 -18.0281
13 35 -18.1514
13 36 -18.2796
13 37 -18.3966
13 38 -18.5127
13 39 -18.6288
13 40 -18.7442
14 -10 -10.6297
14 -9 -10.6212
14 -8 -10.597
14 -7 -10.5595
14 -6 -10.5264
14 -5 -10.5059
14 -4 -10.502
14 -3 -10.486
14 -2 -10.4417
14 -1 -10.3988
14 0 -10.3692
14 1 -10.3441
14 2 -10.3899
14 3 -10.5857
14 4 -10.8576
14 5 -11.1748
14 6 -11.5142
14 7 -11.8368
14 8 -12.1582
14 9 -12.487
14 10 -12.8011
14 11 -13.0972
14 12 -13.3933
14 13 -13.6861
14 14 -13.9656
14 15 -14.2534
14 16 -14.5188
14 17 -14.7814
14 18 -15.0401
14 19 -15.2902
14 20 -15.5299
14 21 -15.7539
14 22 -15.9712
14 23 -16.1798
14 24 -16.3806
14 25 -16.577
14 26 -16.7668
14 27 -16.9541
14 28 -17.1256
14 29 -17.3054
14 30 -17.4592
14 31 -17.6227
14 32 -17.7717
14 33 -17.9152
14 34 -18.0509
14 35 -18.1809
14 36 -18.3037
14 37 -18.4224
14 38 -18.5446
14 39 -18.6617
14 40 -18.7684
15 -10 -10.6432
15 -9 -10.6384
15 -8 -10.6143
15 -7 -10.5828
15 -6 -10.5575
15 -5 -10.53
15 -4 -10.5173
15 -3 -10.498
15 -2 -10.458
15 -1 -10.4246
15 0 -10.397
15 1 -10.3841
15 2 -10.4307
15 3 -10.6107
15 4 -10.9013
15 5 -11.2029
15 6 -11.5327
15 7 -11.8785
15 8 -12.1941
15 9 -12.5214
15 10 -12.834
15 11 -13.1394
15 12 -13.4294
15 13 -13.7221
15 14 -14.0079
15 15 -14.2756
15 16 -14.5522
15 17 -14.8169
15 18 -15.0691
15 19 -15.317
15 20 -15.5525
15 21 -15.7729
15 22 -15.9949
15 23 -16.2021
15 24 -16.401
15 25 -16.6038
15 26 -16.7856
15 27 -16.9695
15 28 -17.1455
15 29 -17.3192
15 30 -17.4787
15 31 -17.6365
15 32 -17.7833
15 33 -17.9318
15 34 -18.0665
15 35 -18.1904
15 36 -18.3217
15 37 -18.4359
15 38 -18.5546
15 39 -18.6676
15 40 -18.7829
16 -10 -10.6673
16 -9 -10.6559
16 -8 -10.6368
16 -7 -10.605
16 -6 -10.5815
16 -5 -10.563
16 -4 -10.5515
16 -3 -10.5272
16 -2 -10.4755
16 -1 -10.4447
16 0 -10.4245
16 1 -10.408
16 2 -10.4528
16 3 -10.6471
16 4 -10.9284
16 5 -11.2455
16 6 -11.5857
16 7 -11.9141
16 8 -12.2285
16 9 -12.5606
16 10 -12.8627
16 11 -13.1746
16 12 -13.4658
16 13 -13.75
16 14 -14.0311
16 15 -14.309
16 16 -14.5692
16 17 -14.8435
16 18 -15.0857
16 19 -15.3366
16 20 -15.5687
16 21 -15.7968
16 22 -16.0089
16 23 -16.2201
16 24 -16.4185
16 25 -16.6169
16 26 -16.8081
16 27 -16.9916
16 28 -17.165
16 29 -17.3309
16 30 -17.4994
16 31 -17.6597
16 32 -17.8015
16 33 -17.9509
16 34 -18.0834
16 35 -18.2125
16 36 -18.3377
16 37 -18.4534
16 38 -18.5664
16 39 -18.6794
16 40 -18.7895
17 -10 -10.6982
17 -9 -10.677
17 -8 -10.6525
17 -7 -10.6242
17 -6 -10.6009
17 -5 -10.5942
17 -4 -10.5935
17 -3 -10.5541
17 -2 -10.5017
17 -1 -10.4677
17 0 -10.435
17 1 -10.4336
17 2 -10.4801
17 3 -10.6834
17 4 -10.9565
17 5 -11.2737
17 6 -11.5926
17 7 -11.9301
17 8 -12.2571
17 9 -12.5674
17 10 -12.878
17 11 -13.1809
17 12 -13.4804
17 13 -13.7685
17 14 -14.05
17 15 -14.325
17 16 -14.5937
17 17 -14.8571
17 18 -15.1003
17 19 -15.3509
17 20 -15.5874
17 21 -15.8127
17 22 -16.034
17 23 -16.2335
17 24 -16.4349
17 25 -16.6372
17 26 -16.8334
17 27 -17.0096
17 28 -17.1868
17 29 -17.3589
17 30 -17.516
17 31 -17.6812
17 32 -17.8326
17 33 -17.9692
17 34 -18.1055
17 35 -18.2343
17 36 -18.3571
17 37 -18.4745
17 38 -18.5876
17 39 -18.7019
17 40 -18.812
18 -10 -10.7338
18 -9 -10.7164
18 -8 -10.6782
18 -7 -10.6557
18 -6 -10.6332
18 -5 -10.6175
18 -4 -10.6152
18 -3 -10.5851
18 -2 -10.5293
18 -1 -10.5006
18 0 -10.4633
18 1 -10.4547
18 2 -10.5018
18 3 -10.7032
18 4 -10.9736
18 5 -11.2899
18 6 -11.6167
18 7 -11.9581
18 8 -12.2722
18 9 -12.5939
18 10 -12.9046
18 11 -13.203
18 12 -13.4944
18 13 -13.7854
18 14 -14.0635
18 15 -14.346
18 16 -14.6104
18 17 -14.8671
18 18 -15.1236
18 19 -15.3772
18 20 -15.6055
18 21 -15.8353
18 22 -16.0559
18 23 -16.2643
18 24 -16.4662
18 25 -16.6644
18 26 -16.8532
18 27 -17.0377
18 28 -17.2112
18 29 -17.3825
18 30 -17.5486
18 31 -17.7059
18 32 -17.8599
18 33 -18.0014
18 34 -18.1373
18 35 -18.2624
18 36 -18.3831
18 37 -18.5002
18 38 -18.6179
18 39 -18.7229
18 40 -18.8311
19 -10 -10.7597
19 -9 -10.7452
19 -8 -10.6973
19 -7 -10.6723
19 -6 -10.6504
19 -5 -10.6401
19 -4 -10.6378
19 -3 -10.6083
19 -2 -10.5618
19 -1 -10.5172
19 0 -10.4885
19 1 -10.4711
19 2 -10.5214
19 3 -10.7296
19 4 -10.9892
19 5 -11.3129
19 6 -11.643
19 7 -11.9705
19 8 -12.2974
19 9 -12.6209
19 10 -12.9185
19 11 -13.2203
19 12 -13.5153
19 13 -13.8082
19 14 -14.0869
19 15 -14.3608
19 16 -14.6315
19 17 -14.8871
19 18 -15.148
19 19 -15.3892
19 20 -15.6295
19 21 -15.8585
19 22 -16.08
19 23 -16.2928
19 24 -16.4958
19 25 -16.6918
19 26 -16.8838
19 27 -17.0679
19 28 -17.2468
19 29 -17.4161
19 30 -17.5842
19 31 -17.7432
19 32 -17.8946
19 33 -18.0418
19 34 -18.1688
19 35 -18.2954
19 36 -18.419
19 37 -18.5297
19 38 -18.6462
19 39 -18.7551
19 40 -18.8659
20 -10 -10.7763
20 -9 -10.7647
20 -8 -10.7319
20 -7 -10.6882
20 -6 -10.6663
20 -5 -10.656
20 -4 -10.6493
20 -3 -10.6229
20 -2 -10.5801
20 -1 -10.5445
20 0 -10.5161
20 1 -10.4975
20 2 -10.549
20 3 -10.7315
20 4 -11.0153
20 5 -11.3306
20 6 -11.672
20 7 -12.0013
20 8 -12.3138
20 9 -12.6315
20 10 -12.9466
20 11 -13.2438
20 12 -13.5482
20 13 -13.8301
20 14 -14.1192
20 15 -14.3928
20 16 -14.6581
20 17 -14.9247
20 18 -15.1739
20 19 -15.4203
20 20 -15.6596
20 21 -15.8862
20 22 -16.1105
20 23 -16.3209
20 24 -16.5241
20 25 -16.7292
20 26 -16.9176
20 27 -17.0999
20 28 -17.2744
20 29 -17.4491
20 30 -17.6133
20 31 -17.7619
20 32 -17.9203
20 33 -18.0661
20 34 -18.1969
20 35 -18.3312
20 36 -18.4519
20 37 -18.5683
20 38 -18.6828
20 39 -18.7886
20 40 -18.9053
21 -10 -10.7816
21 -9 -10.7742
21 -8 -10.7456
21 -7 -10.7157
21 -6 -10.6922
21 -5 -10.6736
21 -4 -10.6687
21 -3 -10.6349
21 -2 -10.5952
21 -1 -10.5622
21 0 -10.542
21 1 -10.5257
21 2 -10.5772
21 3 -10.7585
21 4 -11.0352
21 5 -11.3582
21 6 -11.6868
21 7 -12.0261
21 8 -12.348
21 9 -12.6564
21 10 -12.9672
21 11 -13.2782
21 12 -13.5775
21 13 -13.8691
21 14 -14.1372
21 15 -14.4207
21 16 -14.6858
21 17 -14.9438
21 18 -15.1989
21 19 -15.4395
21 20 -15.6786
21 21 -15.9067
21 22 -16.1356
21 23 -16.3472
21 24 -16.5539
21 25 -16.7435
21 26 -16.9359
21 27 -17.1178
21 28 -17.2997
21 29 -17.4634
21 30 -17.6353
21 31 -17.7861
21 32 -17.9377
21 33 -18.0842
21 34 -18.219
21 35 -18.3505
21 36 -18.4732
21 37 -18.595
21 38 -18.7053
21 39 -18.8225
21 40 -18.9292
22 -10 -10.7921
22 -9 -10.7842
22 -8 -10.7514
22 -7 -10.7321
22 -6 -10.7215
22 -5 -10.6945
22 -4 -10.6833
22 -3 -10.6541
22 -2 -10.6185
22 -1 -10.5797
22 0 -10.5618
22 1 -10.5556
22 2 -10.5947
22 3 -10.7804
22 4 -11.0596
22 5 -11.3799
22 6 -11.7184
22 7 -12.0425
22 8 -12.3673
22 9 -12.6852
22 10 -12.9997
22 11 -13.3058
22 12 -13.5926
22 13 -13.8919
22 14 -14.1694
22 15 -14.4346
22 16 -14.7107
22 17 -14.958
22 18 -15.2102
22 19 -15.4645
22 20 -15.6924
22 21 -15.9211
22 22 -16.1479
22 23 -16.3554
22 24 -16.5636
22 25 -16.7595
22 26 -16.9515
22 27 -17.1365
22 28 -17.3105
22 29 -17.4833
22 30 -17.6427
22 31 -17.804
22 32 -17.9541
22 33 -18.0915
22 34 -18.2284
22 35 -18.3625
22 36 -18.4855
22 37 -18.6051
22 38 -18.7188
22 39 -18.8337
22 40 -18.9445
23 -10 -10.7997
23 -9 -10.7925
23 -8 -10.7625
23 -7 -10.7439
23 -6 -10.7277
23 -5 -10.722
23 -4 -10.7042
23 -3 -10.6786
23 -2 -10.6271
23 -1 -10.5875
23 0 -10.5843
23 1 -10.5699
23 2 -10.6118
23 3 -10.8054
23 4 -11.0711
23 5 -11.4007
23 6 -11.7231
23 7 -12.0516
23 8 -12.3819
23 9 -12.7098
23 10 -13.0283
23 11 -13.3274
23 12 -13.6178
23 13 -13.9003
23 14 -14.1809
23 15 -14.4444
23 16 -14.7253
23 17 -14.9787
23 18 -15.2329
23 19 -15.4816
23 20 -15.7091
23 21 -15.942
23 22 -16.1584
23 23 -16.3689
23 24 -16.5735
23 25 -16.7679
23 26 -16.9559
23 27 -17.1479
23 28 -17.3214
23 29 -17.4967
23 30 -17.6582
23 31 -17.8148
23 32 -17.9706
23 33 -18.1133
23 34 -18.2447
23 35 -18.3727
23 36 -18.4994
23 37 -18.6166
23 38 -18.7349
23 39 -18.8485
23 40 -18.959
24 -10 -10.8181
24 -9 -10.8026
24 -8 -10.787
24 -7 -10.7639
24 -6 -10.7494
24 -5 -10.7404
24 -4 -10.726
24 -3 -10.7079
24 -2 -10.6566
24 -1 -10.6166
24 0 -10.6055
24 1 -10.5853
24 2 -10.6301
24 3 -10.8217
24 4 -11.0998
24 5 -11.4041
24 6 -11.7407
24 7 -12.0753
24 8 -12.4005
24 9 -12.719
24 10 -13.0354
24 11 -13.3421
24 12 -13.6302
24 13 -13.9169
24 14 -14.2037
24 15 -14.4686
24 16 -14.7339
24 17 -14.9862
24 18 -15.2454
24 19 -15.489
24 20 -15.7317
24 21 -15.9512
24 22 -16.1709
24 23 -16.3835
24 24 -16.581
24 25 -16.7863
24 26 -16.9769
24 27 -17.1634
24 28 -17.3359
24 29 -17.5121
24 30 -17.672
24 31 -17.8306
24 32 -17.976
24 33 -18.1257
24 34 -18.2572
24 35 -18.3851
24 36 -18.5122
24 37 -18.6292
24 38 -18.744
24 39 -18.8586
24 40 -18.9632
25 -10 -10.8338
25 -9 -10.8202
25 -8 -10.8025
25 -7 -10.7776
25 -6 -10.7694
25 -5 -10.7579
25 -4 -10.7445
25 -3 -10.724
25 -2 -10.6781
25 -1 -10.6356
25 0 -10.6193
25 1 -10.6016
25 2 -10.6482
25 3 -10.8256
25 4 -11.1058
25 5 -11.4155
25 6 -11.7548
25 7 -12.0973
25 8 -12.4147
25 9 -12.7365
25 10 -13.0555
25 11 -13.3562
25 12 -13.6484
25 13 -13.9323
25 14 -14.2143
25 15 -14.4846
25 16 -14.7442
25 17 -15.0058
25 18 -15.2607
25 19 -15.5008
25 20 -15.7456
25 21 -15.9726
25 22 -16.1871
25 23 -16.4004
25 24 -16.6037
25 25 -16.7998
25 26 -16.9888
25 27 -17.1703
25 28 -17.3499
25 29 -17.5223
25 30 -17.6917
25 31 -17.8501
25 32 -17.9994
25 33 -18.1461
25 34 -18.2807
25 35 -18.4068
25 36 -18.5309
25 37 -18.6496
25 38 -18.7593
25 39 -18.8721
25 40 -18.9726
26 -10 -10.852
26 -9 -10.8341
26 -8 -10.81
26 -7 -10.7938
26 -6 -10.7785
26 -5 -10.7632
26 -4 -10.759
26 -3 -10.7379
26 -2 -10.703
26 -1 -10.6625
26 0 -10.6269
26 1 -10.6178
26 2 -10.6572
26 3 -10.8437
26 4 -11.125
26 5 -11.4356
26 6 -11.7799
26 7 -12.1039
26 8 -12.4337
26 9 -12.7634
26 10 -13.0749
26 11 -13.3735
26 12 -13.6693
26 13 -13.9504
26 14 -14.2266
26 15 -14.4996
26 16 -14.7693
26 17 -15.032
26 18 -15.2849
26 19 -15.5276
26 20 -15.7587
26 21 -15.9872
26 22 -16.2084
26 23 -16.4145
26 24 -16.6168
26 25 -16.8148
26 26 -17.0103
26 27 -17.1923
26 28 -17.3725
26 29 -17.5492
26 30 -17.7068
26 31 -17.8722
26 32 -18.0206
26 33 -18.159
26 34 -18.298
26 35 -18.4214
26 36 -18.5508
26 37 -18.6634
26 38 -18.7769
26 39 -18.8903
26 40 -18.9958
27 -10 -10.8607
27 -9 -10.8493
27 -8 -10.8249
27 -7 -10.8011
27 -6 -10.7893
27 -5 -10.7809
27 -4 -10.7643
27 -3 -10.75
27 -2 -10.7099
27 -1 -10.6774
27 0 -10.6526
27 1 -10.6308
27 2 -10.6849
27 3 -10.8726
27 4 -11.135
27 5 -11.4638
27 6 -11.7918
27 7 -12.1252
27 8 -12.4572
27 9 -12.7778
27 10 -13.0856
27 11 -13.392
27 12 -13.6818
27 13 -13.968
27 14 -14.2499
27 15 -14.5246
27 16 -14.7794
27 17 -15.0516
27 18 -15.303
27 19 -15.5489
27 20 -15.7772
27 21 -15.9969
27 22 -16.2188
27 23 -16.4353
27 24 -16.6377
27 25 -16.8415
27 26 -17.0263
27 27 -17.215
27 28 -17.3951
27 29 -17.5621
27 30 -17.7315
27 31 -17.8911
27 32 -18.0434
27 33 -18.182
27 34 -18.3251
27 35 -18.4508
27 36 -18.5665
27 37 -18.6895
27 38 -18.8025
27 39 -18.9088
27 40 -19.0179
28 -10 -10.862
28 -9 -10.8519
28 -8 -10.8374
28 -7 -10.8142
28 -6 -10.8007
28 -5 -10.7806
28 -4 -10.7704
28 -3 -10.7524
28 -2 -10.7172
28 -1 -10.6931
28 0 -10.6732
28 1 -10.6456
28 2 -10.6975
28 3 -10.8887
28 4 -11.1654
28 5 -11.4844
28 6 -11.8046
28 7 -12.1581
28 8 -12.4735
28 9 -12.7933
28 10 -13.1062
28 11 -13.3984
28 12 -13.7119
28 13 -13.9867
28 14 -14.2704
28 15 -14.5383
28 16 -14.807
28 17 -15.0696
28 18 -15.3134
28 19 -15.5559
28 20 -15.7947
28 21 -16.0201
28 22 -16.2386
28 23 -16.4426
28 24 -16.6516
28 25 -16.8487
28 26 -17.0437
28 27 -17.2285
28 28 -17.4088
28 29 -17.5737
28 30 -17.7399
28 31 -17.8983
28 32 -18.0529
28 33 -18.2015
28 34 -18.3363
28 35 -18.4643
28 36 -18.5851
28 37 -18.7093
28 38 -18.8195
28 39 -18.932
28 40 -19.0447
29 -10 -10.8655
29 -9 -10.8646
29 -8 -10.8441
29 -7 -10.8234
29 -6 -10.8055
29 -5 -10.7898
29 -4 -10.7802
29 -3 -10.7708
29 -2 -10.7326
29 -1 -10.703
29 0 -10.6916
29 1 -10.6652
29 2 -10.713
29 3 -10.9099
29 4 -11.1806
29 5 -11.5076
29 6 -11.8231
29 7 -12.1615
29 8 -12.4902
29 9 -12.808
29 10 -13.1215
29 11 -13.4237
29 12 -13.7184
29 13 -13.9978
29 14 -14.2831
29 15 -14.5623
29 16 -14.8231
29 17 -15.0756
29 18 -15.3253
29 19 -15.5681
29 20 -15.8064
29 21 -16.0287
29 22 -16.2453
29 23 -16.4566
29 24 -16.6601
29 25 -16.8647
29 26 -17.0445
29 27 -17.2396
29 28 -17.4157
29 29 -17.586
29 30 -17.7471
29 31 -17.9042
29 32 -18.0612
29 33 -18.2049
29 34 -18.3426
29 35 -18.4739
29 36 -18.5939
29 37 -18.7148
29 38 -18.8345
29 39 -18.9524
29 40 -19.0603
30 -10 -10.8671
30 -9 -10.857
30 -8 -10.8395
30 -7 -10.8345
30 -6 -10.8174
30 -5 -10.807
30 -4 -10.7987
30 -3 -10.7766
30 -2 -10.7449
30 -1 -10.7117
30 0 -10.7029
30 1 -10.6803
30 2 -10.7287
30 3 -10.921
30 4 -11.2106
30 5 -11.5175
30 6 -11.8431
30 7 -12.1647
30 8 -12.5019
30 9 -12.812
30 10 -13.1236
30 11 -13.4332
30 12 -13.7256
30 13 -14.0225
30 14 -14.2983
30 15 -14.568
30 16 -14.8353
30 17 -15.0928
30 18 -15.3367
30 19 -15.582
30 20 -15.8104
30 21 -16.039
30 22 -16.2546
30 23 -16.4692
30 24 -16.6728
30 25 -16.8686
30 26 -17.0622
30 27 -17.2389
30 28 -17.4173
30 29 -17.5912
30 30 -17.7547
30 31 -17.9132
30 32 -18.0599
30 33 -18.2121
30 34 -18.3515
30 35 -18.4769
30 36 -18.6049
30 37 -18.722
30 38 -18.8381
30 39 -18.9539
30 40 -19.0619
31 -10 -10.8715
31 -9 -10.8633
31 -8 -10.846
31 -7 -10.8412
31 -6 -10.8335
31 -5 -10.8204
31 -4 -10.8055
31 -3 -10.7902
31 -2 -10.7529
31 -1 -10.7294
31 0 -10.71
31 1 -10.6859
31 2 -10.7439
31 3 -10.9396
31 4 -11.2055
31 5 -11.5241
31 6 -11.8461
31 7 -12.1831
31 8 -12.4946
31 9 -12.8254
31 10 -13.1334
31 11 -13.4433
31 12 -13.7358
31 13 -14.0335
31 14 -14.3081
31 15 -14.5785
31 16 -14.8464
31 17 -15.1013
31 18 -15.3501
31 19 -15.5831
31 20 -15.8202
31 21 -16.0525
31 22 -16.2649
31 23 -16.4799
31 24 -16.6819
31 25 -16.8722
31 26 -17.0685
31 27 -17.2494
31 28 -17.4251
31 29 -17.5968
31 30 -17.7609
31 31 -17.9127
31 32 -18.0708
31 33 -18.2146
31 34 -18.3489
31 35 -18.4813
31 36 -18.6086
31 37 -18.7223
31 38 -18.846
31 39 -18.9576
31 40 -19.0649
32 -10 -10.8737
32 -9 -10.8729
32 -8 -10.8548
32 -7 -10.84
32 -6 -10.8465
32 -5 -10.8243
32 -4 -10.8201
32 -3 -10.8026
32 -2 -10.7599
32 -1 -10.7328
32 0 -10.7197
32 1 -10.6911
32 2 -10.7501
32 3 -10.9422
32 4 -11.2179
32 5 -11.5316
32 6 -11.8606
32 7 -12.1825
32 8 -12.5159
32 9 -12.8317
32 10 -13.1401
32 11 -13.4529
32 12 -13.7544
32 13 -14.0389
32 14 -14.3205
32 15 -14.5902
32 16 -14.8518
32 17 -15.1159
32 18 -15.36
32 19 -15.5999
32 20 -15.8354
32 21 -16.0582
32 22 -16.2771
32 23 -16.4895
32 24 -16.6903
32 25 -16.8879
32 26 -17.0679
32 27 -17.2538
32 28 -17.4311
32 29 -17.5999
32 30 -17.7716
32 31 -17.9257
32 32 -18.0805
32 33 -18.2197
32 34 -18.36
32 35 -18.4851
32 36 -18.6138
32 37 -18.7322
32 38 -18.8465
32 39 -18.9597
32 40 -19.0635
33 -10 -10.8673
33 -9 -10.8654
33 -8 -10.8495
33 -7 -10.8491
33 -6 -10.8387
33 -5 -10.8336
33 -4 -10.8287
33 -3 -10.8113
33 -2 -10.7723
33 -1 -10.7459
33 0 -10.7294
33 1 -10.7051
33 2 -10.747
33 3 -10.9567
33 4 -11.2239
33 5 -11.5428
33 6 -11.8774
33 7 -12.2043
33 8 -12.5286
33 9 -12.841
33 10 -13.1606
33 11 -13.459
33 12 -13.7551
33 13 -14.041
33 14 -14.3333
33 15 -14.6025
33 16 -14.8621
33 17 -15.1113
33 18 -15.3706
33 19 -15.6063
33 20 -15.845
33 21 -16.0681
33 22 -16.2867
33 23 -16.4949
33 24 -16.6993
33 25 -16.8902
33 26 -17.0847
33 27 -17.2663
33 28 -17.4396
33 29 -17.608
33 30 -17.7788
33 31 -17.9339
33 32 -18.0888
33 33 -18.2299
33 34 -18.3658
33 35 -18.5036
33 36 -18.6206
33 37 -18.7347
33 38 -18.8513
33 39 -18.9594
33 40 -19.0746
34 -10 -10.8663
34 -9 -10.8651
34 -8 -10.8502
34 -7 -10.8406
34 -6 -10.8406
34 -5 -10.8327
34 -4 -10.8279
34 -3 -10.8163
34 -2 -10.7834
34 -1 -10.7666
34 0 -10.739
34 1 -10.7131
34 2 -10.7589
34 3 -10.9585
34 4 -11.239
34 5 -11.5554
34 6 -11.8872
34 7 -12.2125
34 8 -12.5429
34 9 -12.8585
34 10 -13.1687
34 11 -13.4793
34 12 -13.7762
34 13 -14.0629
34 14 -14.3417
34 15 -14.6081
34 16 -14.8768
34 17 -15.1263
34 18 -15.3739
34 19 -15.622
34 20 -15.8609
34 21 -16.0827
34 22 -16.2999
34 23 -16.5036
34 24 -16.7075
34 25 -16.9066
34 26 -17.0951
34 27 -17.2773
34 28 -17.4544
34 29 -17.6261
34 30 -17.7876
34 31 -17.9478
34 32 -18.0964
34 33 -18.2392
34 34 -18.378
34 35 -18.5025
34 36 -18.6252
34 37 -18.7488
34 38 -18.8572
34 39 -18.9722
34 40 -19.0788
35 -10 -10.8646
35 -9 -10.86
35 -8 -10.8491
35 -7 -10.8404
35 -6 -10.8314
35 -5 -10.8302
35 -4 -10.8254
35 -3 -10.813
35 -2 -10.7869
35 -1 -10.7625
35 0 -10.7335
35 1 -10.7256
35 2 -10.7752
35 3 -10.9608
35 4 -11.2443
35 5 -11.5651
35 6 -11.8947
35 7 -12.2274
35 8 -12.5527
35 9 -12.8774
35 10 -13.1838
35 11 -13.4874
35 12 -13.7761
35 13 -14.0717
35 14 -14.3505
35 15 -14.6245
35 16 -14.8849
35 17 -15.1411
35 18 -15.3937
35 19 -15.6347
35 20 -15.8654
35 21 -16.0964
35 22 -16.3039
35 23 -16.5215
35 24 -16.7173
35 25 -16.9152
35 26 -17.0968
35 27 -17.285
35 28 -17.4638
35 29 -17.6326
35 30 -17.7934
35 31 -17.9558
35 32 -18.1004
35 33 -18.2443
35 34 -18.383
35 35 -18.5092
35 36 -18.6344
35 37 -18.7531
35 38 -18.8668
35 39 -18.9762
35 40 -19.0871
36 -10 -10.8573
36 -9 -10.8544
36 -8 -10.8427
36 -7 -10.8336
36 -6 -10.8254
36 -5 -10.8252
36 -4 -10.8258
36 -3 -10.8188
36 -2 -10.7885
36 -1 -10.7653
36 0 -10.745
36 1 -10.7351
36 2 -10.7885
36 3 -10.979
36 4 -11.2597
36 5 -11.5779
36 6 -11.9086
36 7 -12.2416
36 8 -12.5686
36 9 -12.877
36 10 -13.1974
36 11 -13.4902
36 12 -13.7881
36 13 -14.0614
36 14 -14.3491
36 15 -14.6256
36 16 -14.8887
36 17 -15.1477
36 18 -15.3987
36 19 -15.6364
36 20 -15.8702
36 21 -16.0964
36 22 -16.3196
36 23 -16.5189
36 24 -16.7168
36 25 -16.9149
36 26 -17.1035
36 27 -17.2904
36 28 -17.4585
36 29 -17.6364
36 30 -17.7966
36 31 -17.9562
36 32 -18.1093
36 33 -18.25
36 34 -18.3849
36 35 -18.5139
36 36 -18.6411
36 37 -18.7607
36 38 -18.8724
36 39 -18.9835
36 40 -19.0926
37 -10 -10.8577
37 -9 -10.8552
37 -8 -10.8437
37 -7 -10.8359
37 -6 -10.8207
37 -5 -10.8298
37 -4 -10.8306
37 -3 -10.8138
37 -2 -10.791
37 -1 -10.7691
37 0 -10.7504
37 1 -10.7465
37 2 -10.7873
37 3 -10.991
37 4 -11.2729
37 5 -11.585
37 6 -11.9139
37 7 -12.2408
37 8 -12.5646
37 9 -12.8836
37 10 -13.1905
37 11 -13.4953
37 12 -13.7881
37 13 -14.0775
37 14 -14.3529
37 15 -14.625
37 16 -14.8898
37 17 -15.1483
37 18 -15.3966
37 19 -15.6467
37 20 -15.8741
37 21 -16.0989
37 22 -16.3139
37 23 -16.5226
37 24 -16.722
37 25 -16.9203
37 26 -17.106
37 27 -17.2894
37 28 -17.4651
37 29 -17.6327
37 30 -17.7971
37 31 -17.9555
37 32 -18.1041
37 33 -18.2476
37 34 -18.3834
37 35 -18.5152
37 36 -18.6447
37 37 -18.7593
37 38 -18.8765
37 39 -18.9882
37 40 -19.0948
38 -10 -10.8627
38 -9 -10.8563
38 -8 -10.8396
38 -7 -10.8316
38 -6 -10.8223
38 -5 -10.8257
38 -4 -10.829
38 -3 -10.8218
38 -2 -10.798
38 -1 -10.7729
38 0 -10.7468
38 1 -10.7428
38 2 -10.7955
38 3 -10.9951
38 4 -11.2705
38 5 -11.5935
38 6 -11.9254
38 7 -12.2465
38 8 -12.5756
38 9 -12.8903
38 10 -13.1959
38 11 -13.4955
38 12 -13.789
38 13 -14.0706
38 14 -14.3543
38 15 -14.6271
38 16 -14.8881
38 17 -15.1481
38 18 -15.4007
38 19 -15.6416
38 20 -15.8711
38 21 -16.1035
38 22 -16.307
38 23 -16.5224
38 24 -16.7201
38 25 -16.9195
38 26 -17.1078
38 27 -17.2874
38 28 -17.4671
38 29 -17.6306
38 30 -17.7935
38 31 -17.9559
38 32 -18.1029
38 33 -18.2442
38 34 -18.3872
38 35 -18.5145
38 36 -18.6393
38 37 -18.7555
38 38 -18.8731
38 39 -18.9848
38 40 -19.0954
39 -10 -10.8578
39 -9 -10.8474
39 -8 -10.8365
39 -7 -10.8296
39 -6 -10.8188
39 -5 -10.8234
39 -4 -10.8282
39 -3 -10.815
39 -2 -10.792
39 -1 -10.7713
39 0 -10.7467
39 1 -10.7498
39 2 -10.8032
39 3 -11.0005
39 4 -11.2733
39 5 -11.5951
39 6 -11.9207
39 7 -12.2535
39 8 -12.5767
39 9 -12.8895
39 10 -13.2013
39 11 -13.4968
39 12 -13.7879
39 13 -14.0737
39 14 -14.3469
39 15 -14.6171
39 16 -14.8868
39 17 -15.1491
39 18 -15.4013
39 19 -15.6349
39 20 -15.8725
39 21 -16.0931
39 22 -16.3145
39 23 -16.5205
39 24 -16.7233
39 25 -16.9191
39 26 -17.1046
39 27 -17.2862
39 28 -17.4639
39 29 -17.6331
39 30 -17.7965
39 31 -17.9504
39 32 -18.0998
39 33 -18.2429
39 34 -18.3828
39 35 -18.5089
39 36 -18.635
39 37 -18.7566
39 38 -18.8715
39 39 -18.9817
39 40 -19.0901
40 -10 -10.8602
40 -9 -10.8559
40 -8 -10.835
40 -7 -10.8263
40 -6 -10.8198
40 -5 -10.8276
40 -4 -10.8289
40 -3 -10.8125
40 -2 -10.7859
40 -1 -10.7733
40 0 -10.7504
40 1 -10.7522
40 2 -10.7958
40 3 -10.9918
40 4 -11.2747
40 5 -11.5946
40 6 -11.9247
40 7 -12.251
40 8 -12.5742
40 9 -12.8869
40 10 -13.2002
40 11 -13.488
40 12 -13.7821
40 13 -14.0748
40 14 -14.3507
40 15 -14.6248
40 16 -14.8837
40 17 -15.1425
40 18 -15.3965
40 19 -15.634
40 20 -15.8715
40 21 -16.0962
40 22 -16.3132
40 23 -16.5188
40 24 -16.7224
40 25 -16.9145
40 26 -17.1039
40 27 -17.2861
40 28 -17.4627
40 29 -17.63
40 30 -17.7925
40 31 -17.951
40 32 -18.1027
40 33 -18.2448
40 34 -18.3833
40 35 -18.5119
40 36 -18.6338
40 37 -18.751
40 38 -18.8692
40 39 -18.9806
40 40 -19.0896
