-10 -10 -12.0371
-10 -9 -12.0226
-10 -8 -11.9928
-10 -7 -12.0067
-10 -6 -12.0233
-10 -5 -11.9115
-10 -4 -11.9235
-10 -3 -11.9154
-10 -2 -11.8701
-10 -1 -11.8348
-10 0 -11.8645
-10 1 -11.8502
-10 2 -11.8287
-10 3 -12.0116
-10 4 -12.3087
-10 5 -12.6606
-10 6 -12.9144
-10 7 -13.3048
-10 8 -13.577
-10 9 -13.9102
-10 10 -14.2924
-10 11 -14.5205
-10 12 -14.7844
-10 13 -15.046
-10 14 -15.4188
-10 15 -15.7107
-10 16 -15.8983
-10 17 -16.214
-10 18 -16.3884
-10 19 -16.6615
-10 20 -16.8994
-10 21 -17.1455
-10 22 -17.3784
-10 23 -17.5986
-10 24 -17.7387
-10 25 -18.0167
-10 26 -18.1541
-10 27 -18.3608
-10 28 -18.5388
-10 29 -18.7062
-10 30 -18.8633
-10 31 -18.9929
-10 32 -19.1858
-10 33 -19.3106
-10 34 -19.4701
-10 35 -19.6419
-10 36 -19.7412
-10 37 -19.9026
-10 38 -20.0113
-10 39 -20.1731
-10 40 -20.2792
-9 -10 -12.0047
-9 -9 -12.0061
-9 -8 -12.0271
-9 -7 -11.9015
-9 -6 -11.9421
-9 -5 -11.9246
-9 -4 -11.878
-9 -3 -11.8597
-9 -2 -11.8304
-9 -1 -11.8148
-9 0 -11.7305
-9 1 -11.8001
-9 2 -11.7792
-9 3 -12.0054
-9 4 -12.2795
-9 5 -12.5925
-9 6 -12.9869
-9 7 -13.2859
-9 8 -13.5519
-9 9 -13.9069
-9 10 -14.21
-9 11 -14.4586
-9 12 -14.7618
-9 13 -15.1018
-9 14 -15.3653
-9 15 -15.643
-9 16 -15.9497
-9 17 -16.2011
-9 18 -16.4207
-9 19 -16.6063
-9 20 -16.8996
-9 21 -17.088
-9 22 -17.3771
-9 23 -17.521
-9 24 -17.7668
-9 25 -17.9463
-9 26 -18.1756
-9 27 -18.3481
-9 28 -18.5167
-9 29 -18.7194
-9 30 -18.875
-9 31 -19.045
-9 32 -19.1818
-9 33 -19.2642
-9 34 -19.4708
-9 35 -19.6053
-9 36 -19.7381
-9 37 -19.8636
-9 38 -19.9746
-9 39 -20.1298
-9 40 -20.2484
-8 -10 -12.0147
-8 -9 -11.9575
-8 -8 -11.9285
-8 -7 -11.9202
-8 -6 -11.8908
-8 -5 -11.8816
-8 -4 -11.8833
-8 -3 -11.9206
-8 -2 -11.7755
-8 -1 -11.8214
-8 0 -11.7571
-8 1 -11.7879
-8 2 -11.7952
-8 3 -11.9795
-8 4 -12.2274
-8 5 -12.5911
-8 6 -12.8788
-8 7 -13.2542
-8 8 -13.529
-8 9 -13.861
-8 10 -14.1674
-8 11 -14.4148
-8 12 -14.8356
-8 13 -15.0893
-8 14 -15.3365
-8 15 -15.6201
-8 16 -15.9004
-8 17 -16.1945
-8 18 -16.329
-8 19 -16.6251
-8 20 -16.8684
-8 21 -17.0905
-8 22 -17.3386
-8 23 -17.5373
-8 24 -17.74
-8 25 -17.9201
-8 26 -18.1374
-8 27 -18.3382
-8 28 -18.4924
-8 29 -18.6686
-8 30 -18.8286
-8 31 -18.9842
-8 32 -19.1444
-8 33 -19.3057
-8 34 -19.4411
-8 35 -19.6312
-8 36 -19.7505
-8 37 -19.8505
-8 38 -19.9406
-8 39 -20.1363
-8 40 -20.2458
-7 -10 -11.9417
-7 -9 -11.9147
-7 -8 -11.9343
-7 -7 -11.8989
-7 -6 -11.9144
-7 -5 -11.8802
-7 -4 -11.9156
-7 -3 -11.8782
-7 -2 -11.8189
-7 -1 -11.7978
-7 0 -11.7716
-7 1 -11.796
-7 2 -11.7811
-7 3 -11.9792
-7 4 -12.2169
-7 5 -12.5532
-7 6 -12.9133
-7 7 -13.2044
-7 8 -13.531
-7 9 -13.8564
-7 10 -14.2339
-7 11 -14.5043
-7 12 -14.7728
-7 13 -15.1003
-7 14 -15.3603
-7 15 -15.6161
-7 16 -15.8402
-7 17 -16.1281
-7 18 -16.3229
-7 19 -16.6274
-7 20 -16.8857
-7 21 -17.1072
-7 22 -17.3655
-7 23 -17.5289
-7 24 -17.7718
-7 25 -17.9326
-7 26 -18.0697
-7 27 -18.2562
-7 28 -18.4647
-7 29 -18.669
-7 30 -18.8241
-7 31 -18.9827
-7 32 -19.0964
-7 33 -19.285
-7 34 -19.4368
-7 35 -19.5562
-7 36 -19.6839
-7 37 -19.7921
-7 38 -19.9821
-7 39 -20.0666
-7 40 -20.2166
-6 -10 -11.8908
-6 -9 -11.9356
-6 -8 -11.9118
-6 -7 -11.8729
-6 -6 -11.8705
-6 -5 -11.8962
-6 -4 -11.8685
-6 -3 -11.8876
-6 -2 -11.7997
-6 -1 -11.7292
-6 0 -11.7657
-6 1 -11.7085
-6 2 -11.7616
-6 3 -11.9377
-6 4 -12.1346
-6 5 -12.4395
-6 6 -12.8565
-6 7 -13.1877
-6 8 -13.5069
-6 9 -13.9284
-6 10 -14.1045
-6 11 -14.5002
-6 12 -14.7782
-6 13 -15.0817
-6 14 -15.3367
-6 15 -15.5737
-6 16 -15.9008
-6 17 -16.1162
-6 18 -16.3592
-6 19 -16.6421
-6 20 -16.8651
-6 21 -17.0993
-6 22 -17.2717
-6 23 -17.5296
-6 24 -17.737
-6 25 -17.9259
-6 26 -18.089
-6 27 -18.2621
-6 28 -18.484
-6 29 -18.6428
-6 30 -18.7708
-6 31 -18.9352
-6 32 -19.1508
-6 33 -19.2789
-6 34 -19.3572
-6 35 -19.4832
-6 36 -19.7142
-6 37 -19.7718
-6 38 -19.9962
-6 39 -20.1149
-6 40 -20.1847
-5 -10 -11.9165
-5 -9 -11.9779
-5 -8 -11.9231
-5 -7 -11.9084
-5 -6 -11.9001
-5 -5 -11.8779
-5 -4 -11.8288
-5 -3 -11.7673
-5 -2 -11.8394
-5 -1 -11.763
-5 0 -11.6996
-5 1 -11.7261
-5 2 -11.7198
-5 3 -11.9302
-5 4 -12.1671
-5 5 -12.5008
-5 6 -12.8297
-5 7 -13.2191
-5 8 -13.4796
-5 9 -13.8164
-5 10 -14.1452
-5 11 -14.4626
-5 12 -14.6881
-5 13 -15.0441
-5 14 -15.2629
-5 15 -15.5367
-5 16 -15.847
-5 17 -16.0651
-5 18 -16.3449
-5 19 -16.6032
-5 20 -16.8276
-5 21 -17.0649
-5 22 -17.2033
-5 23 -17.5384
-5 24 -17.7016
-5 25 -17.8837
-5 26 -18.0903
-5 27 -18.275
-5 28 -18.4661
-5 29 -18.6239
-5 30 -18.7997
-5 31 -18.9632
-5 32 -19.0876
-5 33 -19.215
-5 34 -19.3866
-5 35 -19.5241
-5 36 -19.6825
-5 37 -19.7625
-5 38 -19.9141
-5 39 -20.0708
-5 40 -20.1714
-4 -10 -11.8868
-4 -9 -11.9127
-4 -8 -11.9342
-4 -7 -11.8689
-4 -6 -11.8314
-4 -5 -11.8995
-4 -4 -11.8117
-4 -3 -11.7879
-4 -2 -11.7502
-4 -1 -11.761
-4 0 -11.774
-4 1 -11.6392
-4 2 -11.7175
-4 3 -11.9039
-4 4 -12.0964
-4 5 -12.4754
-4 6 -12.8116
-4 7 -13.1233
-4 8 -13.3917
-4 9 -13.8208
-4 10 -14.0999
-4 11 -14.4528
-4 12 -14.691
-4 13 -15.022
-4 14 -15.2886
-4 15 -15.5743
-4 16 -15.8393
-4 17 -16.1475
-4 18 -16.3546
-4 19 -16.6175
-4 20 -16.8196
-4 21 -17.0689
-4 22 -17.2692
-4 23 -17.5049
-4 24 -17.7048
-4 25 -17.9103
-4 26 -18.0831
-4 27 -18.2436
-4 28 -18.4336
-4 29 -18.6148
-4 30 -18.7688
-4 31 -18.9418
-4 32 -19.0785
-4 33 -19.1748
-4 34 -19.3919
-4 35 -19.506
-4 36 -19.6251
-4 37 -19.7304
-4 38 -19.9317
-4 39 -20.049
-4 40 -20.2015
-3 -10 -11.9864
-3 -9 -11.9394
-3 -8 -11.9351
-3 -7 -11.9307
-3 -6 -11.8698
-3 -5 -11.8391
-3 -4 -11.8399
-3 -3 -11.8395
-3 -2 -11.7534
-3 -1 -11.7073
-3 0 -11.6791
-3 1 -11.6673
-3 2 -11.7287
-3 3 -11.7918
-3 4 -12.1575
-3 5 -12.4832
-3 6 -12.7866
-3 7 -13.1486
-3 8 -13.4773
-3 9 -13.8621
-3 10 -14.0983
-3 11 -14.3998
-3 12 -14.7172
-3 13 -15.0298
-3 14 -15.2278
-3 15 -15.5041
-3 16 -15.8452
-3 17 -16.0871
-3 18 -16.3014
-3 19 -16.603
-3 20 -16.8002
-3 21 -16.9928
-3 22 -17.2837
-3 23 -17.5113
-3 24 -17.6939
-3 25 -17.8955
-3 26 -18.0645
-3 27 -18.253
-3 28 -18.4359
-3 29 -18.5904
-3 30 -18.7941
-3 31 -18.9402
-3 32 -19.0945
-3 33 -19.2598
-3 34 -19.3869
-3 35 -19.5426
-3 36 -19.668
-3 37 -19.7931
-3 38 -19.9163
-3 39 -20.0648
-3 40 -20.1853
-2 -10 -12.0116
-2 -9 -11.973
-2 -8 -11.8676
-2 -7 -11.8626
-2 -6 -11.9038
-2 -5 -11.7952
-2 -4 -11.809
-2 -3 -11.8152
-2 -2 -11.7417
-2 -1 -11.7551
-2 0 -11.6599
-2 1 -11.5952
-2 2 -11.692
-2 3 -11.8479
-2 4 -12.1212
-2 5 -12.4367
-2 6 -12.8292
-2 7 -13.1695
-2 8 -13.4473
-2 9 -13.7995
-2 10 -14.1311
-2 11 -14.509
-2 12 -14.7176
-2 13 -14.9758
-2 14 -15.3231
-2 15 -15.5431
-2 16 -15.8406
-2 17 -16.0869
-2 18 -16.3509
-2 19 -16.5053
-2 20 -16.7961
-2 21 -17.0582
-2 22 -17.3017
-2 23 -17.4683
-2 24 -17.7353
-2 25 -17.9268
-2 26 -18.0376
-2 27 -18.3007
-2 28 -18.406
-2 29 -18.6175
-2 30 -18.7566
-2 31 -18.9447
-2 32 -19.1103
-2 33 -19.2268
-2 34 -19.3726
-2 35 -19.5248
-2 36 -19.7091
-2 37 -19.7959
-2 38 -19.9308
-2 39 -20.0407
-2 40 -20.1558
-1 -10 -11.9368
-1 -9 -11.9351
-1 -8 -11.8783
-1 -7 -11.9133
-1 -6 -11.8725
-1 -5 -11.8485
-1 -4 -11.8697
-1 -3 -11.7581
-1 -2 -11.7671
-1 -1 -11.7568
-1 0 -11.6952
-1 1 -11.7017
-1 2 -11.7158
-1 3 -11.8231
-1 4 -12.1425
-1 5 -12.518
-1 6 -12.7829
-1 7 -13.1483
-1 8 -13.4739
-1 9 -13.8231
-1 10 -14.1052
-1 11 -14.4473
-1 12 -14.702
-1 13 -15.0076
-1 14 -15.3316
-1 15 -15.5307
-1 16 -15.8415
-1 17 -16.0832
-1 18 -16.3204
-1 19 -16.5718
-1 20 -16.8616
-1 21 -17.0805
-1 22 -17.2821
-1 23 -17.4971
-1 24 -17.6976
-1 25 -17.8886
-1 26 -18.1441
-1 27 -18.2811
-1 28 -18.4974
-1 29 -18.6666
-1 30 -18.7763
-1 31 -18.9461
-1 32 -19.1135
-1 33 -19.2638
-1 34 -19.4025
-1 35 -19.5751
-1 36 -19.6745
-1 37 -19.8584
-1 38 -19.9682
-1 39 -20.0459
-1 40 -20.2222
0 -10 -11.9774
0 -9 -11.9886
0 -8 -11.9426
0 -7 -11.9432
0 -6 -11.889
0 -5 -11.9212
0 -4 -11.9031
0 -3 -11.804
0 -2 -11.7692
0 -1 -11.7665
0 0 -11.7747
0 1 -11.7441
0 2 -11.6454
0 3 -11.8481
0 4 -12.1113
0 5 -12.4553
0 6 -12.7606
0 7 -13.1063
0 8 -13.4788
0 9 -13.7803
0 10 -14.0668
0 11 -14.3749
0 12 -14.7263
0 13 -15.0306
0 14 -15.3729
0 15 -15.622
0 16 -15.8478
0 17 -16.0566
0 18 -16.3487
0 19 -16.5976
0 20 -16.9233
0 21 -17.0647
0 22 -17.2907
0 23 -17.488
0 24 -17.7017
0 25 -17.8925
0 26 -18.127
0 27 -18.2833
0 28 -18.4803
0 29 -18.7067
0 30 -18.8387
0 31 -19.012
0 32 -19.1821
0 33 -19.3151
0 34 -19.3661
0 35 -19.5965
0 36 -19.7272
0 37 -19.8216
0 38 -19.9802
0 39 -20.1174
0 40 -20.1887
1 -10 -12.0513
1 -9 -12.0224
1 -8 -11.9682
1 -7 -11.9399
1 -6 -11.8932
1 -5 -11.9053
1 -4 -11.8004
1 -3 -11.7932
1 -2 -11.8228
1 -1 -11.7803
1 0 -11.7235
1 1 -11.6944
1 2 -11.7263
1 3 -11.9057
1 4 -12.1324
1 5 -12.5051
1 6 -12.8061
1 7 -13.1252
1 8 -13.4471
1 9 -13.8881
1 10 -14.2535
1 11 -14.4845
1 12 -14.8192
1 13 -15.037
1 14 -15.3555
1 15 -15.596
1 16 -15.8661
1 17 -16.1541
1 18 -16.3999
1 19 -16.6928
1 20 -16.8945
1 21 -17.0609
1 22 -17.285
1 23 -17.4613
1 24 -17.6732
1 25 -17.9239
1 26 -18.1395
1 27 -18.2844
1 28 -18.4821
1 29 -18.6744
1 30 -18.898
1 31 -18.983
1 32 -19.17
1 33 -19.3012
1 34 -19.4543
1 35 -19.559
1 36 -19.7766
1 37 -19.9049
1 38 -20.0085
1 39 -20.0992
1 40 -20.2187
2 -10 -11.9679
2 -9 -12.053
2 -8 -11.962
2 -7 -11.9289
2 -6 -11.9067
2 -5 -11.9225
2 -4 -11.8834
2 -3 -11.8976
2 -2 -11.8529
2 -1 -11.8359
2 0 -11.7988
2 1 -11.7752
2 2 -11.7645
2 3 -11.887
2 4 -12.1333
2 5 -12.4584
2 6 -12.9099
2 7 -13.1404
2 8 -13.5005
2 9 -13.8359
2 10 -14.2905
2 11 -14.6289
2 12 -14.8437
2 13 -15.0569
2 14 -15.4221
2 15 -15.7018
2 16 -15.8102
2 17 -16.1365
2 18 -16.4173
2 19 -16.6487
2 20 -16.9444
2 21 -17.135
2 22 -17.2924
2 23 -17.556
2 24 -17.7296
2 25 -17.9285
2 26 -18.17
2 27 -18.3603
2 28 -18.5047
2 29 -18.7636
2 30 -18.9104
2 31 -19.0587
2 32 -19.1794
2 33 -19.3766
2 34 -19.4963
2 35 -19.6192
2 36 -19.7238
2 37 -19.8648
2 38 -20.0652
2 39 -20.1318
2 40 -20.2608
3 -10 -12.0711
3 -9 -12.0629
3 -8 -12.0277
3 -7 -12.0072
3 -6 -12.0168
3 -5 -11.9324
3 -4 -11.9557
3 -3 -11.931
3 -2 -11.8966
3 -1 -11.8666
3 0 -11.7484
3 1 -11.8113
3 2 -11.7866
3 3 -11.9626
3 4 -12.1963
3 5 -12.5803
3 6 -12.9734
3 7 -13.2406
3 8 -13.6293
3 9 -13.9315
3 10 -14.2127
3 11 -14.5655
3 12 -14.81
3 13 -15.1262
3 14 -15.4084
3 15 -15.6285
3 16 -15.9756
3 17 -16.166
3 18 -16.4328
3 19 -16.7478
3 20 -16.9362
3 21 -17.1172
3 22 -17.3843
3 23 -17.5916
3 24 -17.745
3 25 -18.0697
3 26 -18.1984
3 27 -18.4255
3 28 -18.5705
3 29 -18.733
3 30 -18.8918
3 31 -19.0966
3 32 -19.2706
3 33 -19.3612
3 34 -19.5023
3 35 -19.6869
3 36 -19.8197
3 37 -19.9579
3 38 -20.0884
3 39 -20.1673
3 40 -20.3323
4 -10 -12.0683
4 -9 -12.0811
4 -8 -12.0584
4 -7 -12.0071
4 -6 -12.0455
4 -5 -11.9855
4 -4 -12.0039
4 -3 -11.9919
4 -2 -11.9623
4 -1 -11.8978
4 0 -11.837
4 1 -11.8681
4 2 -11.8604
4 3 -12.0543
4 4 -12.2122
4 5 -12.6802
4 6 -12.9755
4 7 -13.2907
4 8 -13.6398
4 9 -13.9389
4 10 -14.2302
4 11 -14.577
4 12 -14.8851
4 13 -15.1735
4 14 -15.4457
4 15 -15.75
4 16 -16.0205
4 17 -16.2932
4 18 -16.4699
4 19 -16.7372
4 20 -16.9796
4 21 -17.2216
4 22 -17.4517
4 23 -17.6008
4 24 -17.8624
4 25 -18.0689
4 26 -18.265
4 27 -18.4259
4 28 -18.6213
4 29 -18.8086
4 30 -18.944
4 31 -19.1355
4 32 -19.3119
4 33 -19.4399
4 34 -19.5773
4 35 -19.7311
4 36 -19.8742
4 37 -19.9511
4 38 -20.0895
4 39 -20.2524
4 40 -20.3515
5 -10 -12.1573
5 -9 -12.1305
5 -8 -12.1323
5 -7 -12.0807
5 -6 -12.0514
5 -5 -12.0508
5 -4 -12.0118
5 -3 -11.9867
5 -2 -12.0585
5 -1 -11.9011
5 0 -11.927
5 1 -11.7984
5 2 -11.8683
5 3 -12.064
5 4 -12.3242
5 5 -12.6536
5 6 -12.9957
5 7 -13.3164
5 8 -13.6508
5 9 -13.9358
5 10 -14.321
5 11 -14.6125
5 12 -14.8475
5 13 -15.1492
5 14 -15.4348
5 15 -15.752
5 16 -15.979
5 17 -16.3265
5 18 -16.5996
5 19 -16.7648
5 20 -16.988
5 21 -17.2522
5 22 -17.4803
5 23 -17.6593
5 24 -17.8973
5 25 -18.1448
5 26 -18.3113
5 27 -18.5017
5 28 -18.6812
5 29 -18.8677
5 30 -19.005
5 31 -19.1721
5 32 -19.3097
5 33 -19.4945
5 34 -19.6395
5 35 -19.7141
5 36 -19.872
5 37 -20.0354
5 38 -20.1233
5 39 -20.2688
5 40 -20.3637
6 -10 -12.1988
6 -9 -12.1443
6 -8 -12.1336
6 -7 -12.1684
6 -6 -12.1046
6 -5 -12.0278
6 -4 -12.0445
6 -3 -11.9903
6 -2 -12.022
6 -1 -12.0053
6 0 -11.9089
6 1 -11.9176
6 2 -11.8773
6 3 -12.1138
6 4 -12.4473
6 5 -12.6652
6 6 -13.0102
6 7 -13.3751
6 8 -13.7415
6 9 -14.0369
6 10 -14.3897
6 11 -14.6724
6 12 -15.0139
6 13 -15.2581
6 14 -15.4768
6 15 -15.8434
6 16 -16.0975
6 17 -16.3076
6 18 -16.5871
6 19 -16.9061
6 20 -17.1033
6 21 -17.3646
6 22 -17.527
6 23 -17.7973
6 24 -17.9157
6 25 -18.1008
6 26 -18.2958
6 27 -18.5336
6 28 -18.6929
6 29 -18.873
6 30 -19.0358
6 31 -19.1977
6 32 -19.3894
6 33 -19.5509
6 34 -19.6368
6 35 -19.7982
6 36 -19.9418
6 37 -20.0546
6 38 -20.1789
6 39 -20.3083
6 40 -20.4421
7 -10 -12.2306
7 -9 -12.1968
7 -8 -12.1264
7 -7 -12.155
7 -6 -12.1261
7 -5 -12.1516
7 -4 -12.0712
7 -3 -12.0627
7 -2 -12.0327
7 -1 -12.0348
7 0 -11.9386
7 1 -11.9126
7 2 -11.9782
7 3 -12.1332
7 4 -12.4737
7 5 -12.6932
7 6 -13.0705
7 7 -13.3448
7 8 -13.757
7 9 -14.0514
7 10 -14.4259
7 11 -14.7128
7 12 -14.9912
7 13 -15.2992
7 14 -15.5486
7 15 -15.8863
7 16 -16.1548
7 17 -16.4126
7 18 -16.6358
7 19 -16.8652
7 20 -17.0799
7 21 -17.3338
7 22 -17.5907
7 23 -17.793
7 24 -17.9755
7 25 -18.2259
7 26 -18.3888
7 27 -18.5076
7 28 -18.7561
7 29 -18.8922
7 30 -19.0843
7 31 -19.2145
7 32 -19.4039
7 33 -19.5882
7 34 -19.7229
7 35 -19.8543
7 36 -19.9693
7 37 -20.0802
7 38 -20.2341
7 39 -20.3618
7 40 -20.4581
8 -10 -12.2571
8 -9 -12.243
8 -8 -12.2395
8 -7 -12.1994
8 -6 -12.2329
8 -5 -12.1928
8 -4 -12.1238
8 -3 -12.1225
8 -2 -12.0728
8 -1 -12.0216
8 0 -12.0756
8 1 -11.9517
8 2 -11.9911
8 3 -12.1342
8 4 -12.4566
8 5 -12.7647
8 6 -13.1717
8 7 -13.4978
8 8 -13.7756
8 9 -14.1162
8 10 -14.4989
8 11 -14.8008
8 12 -15.0358
8 13 -15.3384
8 14 -15.6085
8 15 -15.9195
8 16 -16.1658
8 17 -16.4641
8 18 -16.6981
8 19 -16.9226
8 20 -17.1606
8 21 -17.3802
8 22 -17.5824
8 23 -17.7825
8 24 -18.0461
8 25 -18.2381
8 26 -18.4115
8 27 -18.574
8 28 -18.7464
8 29 -18.9466
8 30 -19.1337
8 31 -19.3001
8 32 -19.4037
8 33 -19.6447
8 34 -19.7349
8 35 -19.8669
8 36 -20.0555
8 37 -20.1702
8 38 -20.2415
8 39 -20.3833
8 40 -20.4957
9 -10 -12.3442
9 -9 -12.3136
9 -8 -12.2115
9 -7 -12.254
9 -6 -12.2571
9 -5 -12.2229
9 -4 -12.1366
9 -3 -12.1112
9 -2 -12.1186
9 -1 -12.0711
9 0 -12.0867
9 1 -12.0239
9 2 -12.0826
9 3 -12.2418
9 4 -12.4707
9 5 -12.8462
9 6 -13.1675
9 7 -13.5905
9 8 -13.8205
9 9 -14.1871
9 10 -14.4718
9 11 -14.7176
9 12 -15.0197
9 13 -15.406
9 14 -15.6544
9 15 -15.922
9 16 -16.1791
9 17 -16.4696
9 18 -16.7427
9 19 -16.9245
9 20 -17.2082
9 21 -17.4054
9 22 -17.6239
9 23 -17.8479
9 24 -18.0731
9 25 -18.2598
9 26 -18.4439
9 27 -18.6466
9 28 -18.8252
9 29 -18.9684
9 30 -19.1634
9 31 -19.3007
9 32 -19.4657
9 33 -19.6495
9 34 -19.771
9 35 -19.9192
9 36 -20.0425
9 37 -20.1504
9 38 -20.3213
9 39 -20.4149
9 40 -20.5337
10 -10 -12.3576
10 -9 -12.3226
10 -8 -12.3139
10 -7 -12.294
10 -6 -12.2589
10 -5 -12.2471
10 -4 -12.2082
10 -3 -12.1729
10 -2 -12.1961
10 -1 -12.1646
10 0 -12.0783
10 1 -12.0646
10 2 -12.0194
10 3 -12.2605
10 4 -12.5552
10 5 -12.8991
10 6 -13.1947
10 7 -13.5049
10 8 -13.8725
10 9 -14.1746
10 10 -14.4926
10 11 -14.757
10 12 -15.1049
10 13 -15.4262
10 14 -15.7123
10 15 -15.9786
10 16 -16.3089
10 17 -16.4897
10 18 -16.7274
10 19 -17.0289
10 20 -17.2111
10 21 -17.4548
10 22 -17.6817
10 23 -17.9121
10 24 -18.1018
10 25 -18.3198
10 26 -18.5416
10 27 -18.6314
10 28 -18.8488
10 29 -19.037
10 30 -19.1819
10 31 -19.3842
10 32 -19.4997
10 33 -19.6623
10 34 -19.8022
10 35 -19.9384
10 36 -20.1142
10 37 -20.1971
10 38 -20.3605
10 39 -20.4681
10 40 -20.5751
11 -10 -12.3836
11 -9 -12.3707
11 -8 -12.3456
11 -7 -12.3185
11 -6 -12.3211
11 -5 -12.2533
11 -4 -12.2556
11 -3 -12.1723
11 -2 -12.225
11 -1 -12.1347
11 0 -12.1494
11 1 -12.1039
11 2 -12.0587
11 3 -12.3196
11 4 -12.5674
11 5 -12.8977
11 6 -13.2051
11 7 -13.5896
11 8 -13.8971
11 9 -14.2264
11 10 -14.5161
11 11 -14.8987
11 12 -15.1769
11 13 -15.4846
11 14 -15.7313
11 15 -16.0131
11 16 -16.3528
11 17 -16.5781
11 18 -16.7774
11 19 -17.0327
11 20 -17.2844
11 21 -17.4783
11 22 -17.7526
11 23 -17.9334
11 24 -18.1368
11 25 -18.3257
11 26 -18.4717
11 27 -18.7476
11 28 -18.9281
11 29 -19.049
11 30 -19.2816
11 31 -19.3998
11 32 -19.5159
11 33 -19.7361
11 34 -19.8838
11 35 -19.9683
11 36 -20.1063
11 37 -20.2636
11 38 -20.3689
11 39 -20.488
11 40 -20.6646
12 -10 -12.3892
12 -9 -12.4054
12 -8 -12.4246
12 -7 -12.4067
12 -6 -12.3637
12 -5 -12.3024
12 -4 -12.2962
12 -3 -12.2666
12 -2 -12.27
12 -1 -12.2135
12 0 -12.1654
12 1 -12.119
12 2 -12.1248
12 3 -12.2975
12 4 -12.6205
12 5 -12.9397
12 6 -13.2388
12 7 -13.6045
12 8 -13.9737
12 9 -14.2456
12 10 -14.5979
12 11 -14.8924
12 12 -15.1967
12 13 -15.528
12 14 -15.7853
12 15 -16.0804
12 16 -16.325
12 17 -16.6113
12 18 -16.8094
12 19 -17.0649
12 20 -17.3401
12 21 -17.4917
12 22 -17.7742
12 23 -17.9909
12 24 -18.2091
12 25 -18.3708
12 26 -18.5982
12 27 -18.7921
12 28 -18.9728
12 29 -19.1759
12 30 -19.2741
12 31 -19.4134
12 32 -19.606
12 33 -19.7518
12 34 -19.8525
12 35 -20.0176
12 36 -20.1347
12 37 -20.299
12 38 -20.3728
12 39 -20.5151
12 40 -20.6638
13 -10 -12.4503
13 -9 -12.4017
13 -8 -12.4157
13 -7 -12.4154
13 -6 -12.3806
13 -5 -12.3317
13 -4 -12.3586
13 -3 -12.2967
13 -2 -12.2606
13 -1 -12.2234
13 0 -12.2249
13 1 -12.1932
13 2 -12.1482
13 3 -12.3796
13 4 -12.6077
13 5 -12.9267
13 6 -13.3019
13 7 -13.66
13 8 -13.98
13 9 -14.3078
13 10 -14.6041
13 11 -14.9579
13 12 -15.2884
13 13 -15.556
13 14 -15.8255
13 15 -16.0808
13 16 -16.3846
13 17 -16.6311
13 18 -16.8752
13 19 -17.1211
13 20 -17.359
13 21 -17.5278
13 22 -17.8019
13 23 -18.0227
13 24 -18.2148
13 25 -18.3964
13 26 -18.6033
13 27 -18.8068
13 28 -18.9486
13 29 -19.1511
13 30 -19.3308
13 31 -19.4501
13 32 -19.6294
13 33 -19.772
13 34 -19.9051
13 35 -20.0498
13 36 -20.1959
13 37 -20.3305
13 38 -20.4556
13 39 -20.5494
13 40 -20.6907
14 -10 -12.478
14 -9 -12.4862
14 -8 -12.4531
14 -7 -12.3984
14 -6 -12.4253
14 -5 -12.3836
14 -4 -12.325
14 -3 -12.3444
14 -2 -12.3577
14 -1 -12.2466
14 0 -12.2478
14 1 -12.2009
14 2 -12.2462
14 3 -12.3898
14 4 -12.7008
14 5 -13.0021
14 6 -13.3848
14 7 -13.6532
14 8 -14.0279
14 9 -14.3198
14 10 -14.6493
14 11 -14.9523
14 12 -15.2446
14 13 -15.5673
14 14 -15.8184
14 15 -16.1679
14 16 -16.434
14 17 -16.5989
14 18 -16.904
14 19 -17.1157
14 20 -17.3989
14 21 -17.5873
14 22 -17.7924
14 23 -18.0055
14 24 -18.2373
14 25 -18.4362
14 26 -18.6686
14 27 -18.8095
14 28 -19.0296
14 29 -19.1631
14 30 -19.3136
14 31 -19.4887
14 32 -19.6742
14 33 -19.7852
14 34 -19.9542
14 35 -20.0765
14 36 -20.2195
14 37 -20.3128
14 38 -20.4763
14 39 -20.5836
14 40 -20.7336
15 -10 -12.5244
15 -9 -12.5161
15 -8 -12.4883
15 -7 -12.4772
15 -6 -12.449
15 -5 -12.3587
15 -4 -12.3743
15 -3 -12.3359
15 -2 -12.3637
15 -1 -12.2975
15 0 -12.232
15 1 -12.197
15 2 -12.2334
15 3 -12.4235
15 4 -12.7293
15 5 -13.0449
15 6 -13.3472
15 7 -13.7227
15 8 -14.0721
15 9 -14.4119
15 10 -14.6635
15 11 -14.9588
15 12 -15.313
15 13 -15.5556
15 14 -15.875
15 15 -16.1371
15 16 -16.4451
15 17 -16.6963
15 18 -16.8991
15 19 -17.0891
15 20 -17.381
15 21 -17.6492
15 22 -17.8258
15 23 -18.0837
15 24 -18.2714
15 25 -18.5049
15 26 -18.6746
15 27 -18.8908
15 28 -19.0809
15 29 -19.1681
15 30 -19.3691
15 31 -19.5417
15 32 -19.7133
15 33 -19.854
15 34 -19.9447
15 35 -20.0897
15 36 -20.238
15 37 -20.3757
15 38 -20.4666
15 39 -20.5939
15 40 -20.7212
16 -10 -12.5553
16 -9 -12.5232
16 -8 -12.4739
16 -7 -12.4686
16 -6 -12.473
16 -5 -12.4551
16 -4 -12.3927
16 -3 -12.3986
16 -2 -12.396
16 -1 -12.3147
16 0 -12.2946
16 1 -12.2337
16 2 -12.2553
16 3 -12.4374
16 4 -12.7837
16 5 -13.0544
16 6 -13.3651
16 7 -13.698
16 8 -14.0149
16 9 -14.4475
16 10 -14.6763
16 11 -15.0436
16 12 -15.3411
16 13 -15.5769
16 14 -15.8946
16 15 -16.2091
16 16 -16.4824
16 17 -16.7402
16 18 -16.9893
16 19 -17.1957
16 20 -17.4151
16 21 -17.6682
16 22 -17.8677
16 23 -18.0983
16 24 -18.3298
16 25 -18.4938
16 26 -18.6863
16 27 -18.9033
16 28 -19.062
16 29 -19.2113
16 30 -19.3989
16 31 -19.5547
16 32 -19.7145
16 33 -19.8729
16 34 -19.9993
16 35 -20.1353
16 36 -20.286
16 37 -20.4275
16 38 -20.5144
16 39 -20.6355
16 40 -20.7735
17 -10 -12.5279
17 -9 -12.5329
17 -8 -12.5344
17 -7 -12.4894
17 -6 -12.4861
17 -5 -12.4753
17 -4 -12.4615
17 -3 -12.4282
17 -2 -12.3919
17 -1 -12.3448
17 0 -12.3524
17 1 -12.2576
17 2 -12.3017
17 3 -12.4953
17 4 -12.7246
17 5 -13.1038
17 6 -13.3932
17 7 -13.784
17 8 -14.0764
17 9 -14.4098
17 10 -14.7476
17 11 -15.0513
17 12 -15.3265
17 13 -15.6451
17 14 -15.9063
17 15 -16.2301
17 16 -16.4728
17 17 -16.7473
17 18 -16.9772
17 19 -17.1972
17 20 -17.4697
17 21 -17.7036
17 22 -17.9238
17 23 -18.1451
17 24 -18.3397
17 25 -18.5336
17 26 -18.7275
17 27 -18.9307
17 28 -19.0767
17 29 -19.2545
17 30 -19.407
17 31 -19.6106
17 32 -19.7662
17 33 -19.8906
17 34 -20.0178
17 35 -20.1717
17 36 -20.3481
17 37 -20.4209
17 38 -20.5307
17 39 -20.6917
17 40 -20.7933
18 -10 -12.5699
18 -9 -12.5405
18 -8 -12.5438
18 -7 -12.5242
18 -6 -12.5282
18 -5 -12.4515
18 -4 -12.4623
18 -3 -12.4316
18 -2 -12.4066
18 -1 -12.3269
18 0 -12.3552
18 1 -12.3054
18 2 -12.3431
18 3 -12.5018
18 4 -12.8611
18 5 -13.0805
18 6 -13.4763
18 7 -13.8163
18 8 -14.1061
18 9 -14.4519
18 10 -14.7166
18 11 -15.081
18 12 -15.3322
18 13 -15.6353
18 14 -15.9711
18 15 -16.2537
18 16 -16.4974
18 17 -16.7851
18 18 -17.0039
18 19 -17.2467
18 20 -17.4699
18 21 -17.7534
18 22 -17.9759
18 23 -18.1524
18 24 -18.3557
18 25 -18.5659
18 26 -18.7238
18 27 -18.9464
18 28 -19.0939
18 29 -19.3046
18 30 -19.4548
18 31 -19.5858
18 32 -19.7637
18 33 -19.9185
18 34 -20.0516
18 35 -20.2029
18 36 -20.3027
18 37 -20.4348
18 38 -20.5746
18 39 -20.6749
18 40 -20.8139
19 -10 -12.6168
19 -9 -12.5992
19 -8 -12.616
19 -7 -12.5768
19 -6 -12.5249
19 -5 -12.526
19 -4 -12.4433
19 -3 -12.4531
19 -2 -12.398
19 -1 -12.3876
19 0 -12.3948
19 1 -12.3367
19 2 -12.3564
19 3 -12.5548
19 4 -12.8222
19 5 -13.1239
19 6 -13.4783
19 7 -13.7867
19 8 -14.1107
19 9 -14.4549
19 10 -14.8274
19 11 -15.13
19 12 -15.4087
19 13 -15.7175
19 14 -15.9498
19 15 -16.2528
19 16 -16.5595
19 17 -16.8102
19 18 -17.0527
19 19 -17.2764
19 20 -17.4863
19 21 -17.7321
19 22 -17.9698
19 23 -18.1189
19 24 -18.3628
19 25 -18.5391
19 26 -18.7609
19 27 -18.9524
19 28 -19.1658
19 29 -19.3131
19 30 -19.4972
19 31 -19.6333
19 32 -19.8299
19 33 -19.9686
19 34 -20.0662
19 35 -20.1818
19 36 -20.3818
19 37 -20.4799
19 38 -20.6246
19 39 -20.7281
19 40 -20.8274
20 -10 -12.6544
20 -9 -12.6083
20 -8 -12.5667
20 -7 -12.5496
20 -6 -12.599
20 -5 -12.5226
20 -4 -12.4636
20 -3 -12.4914
20 -2 -12.4839
20 -1 -12.4669
20 0 -12.3875
20 1 -12.3491
20 2 -12.3732
20 3 -12.5304
20 4 -12.7988
20 5 -13.2355
20 6 -13.4282
20 7 -13.8119
20 8 -14.1549
20 9 -14.4714
20 10 -14.8143
20 11 -15.0758
20 12 -15.4051
20 13 -15.7372
20 14 -15.9948
20 15 -16.2999
20 16 -16.5514
20 17 -16.8088
20 18 -17.0512
20 19 -17.3186
20 20 -17.5436
20 21 -17.7295
20 22 -17.9671
20 23 -18.1935
20 24 -18.4058
20 25 -18.614
20 26 -18.8015
20 27 -18.9995
20 28 -19.1763
20 29 -19.3462
20 30 -19.4964
20 31 -19.6503
20 32 -19.81
20 33 -19.9556
20 34 -20.1017
20 35 -20.2455
20 36 -20.3918
20 37 -20.4881
20 38 -20.6077
20 39 -20.7574
20 40 -20.8332
21 -10 -12.6526
21 -9 -12.6735
21 -8 -12.6151
21 -7 -12.591
21 -6 -12.5522
21 -5 -12.5728
21 -4 -12.5372
21 -3 -12.5336
21 -2 -12.4835
21 -1 -12.4976
21 0 -12.4354
21 1 -12.3568
21 2 -12.42
21 3 -12.5769
21 4 -12.8918
21 5 -13.2109
21 6 -13.5275
21 7 -13.8698
21 8 -14.1337
21 9 -14.5089
21 10 -14.794
21 11 -15.0644
21 12 -15.4502
21 13 -15.7776
21 14 -16.0293
21 15 -16.2816
21 16 -16.5336
21 17 -16.8034
21 18 -17.1013
21 19 -17.3419
21 20 -17.5775
21 21 -17.8112
21 22 -17.9757
21 23 -18.2113
21 24 -18.4101
21 25 -18.6073
21 26 -18.8158
21 27 -18.9621
21 28 -19.1806
21 29 -19.3538
21 30 -19.5222
21 31 -19.6604
21 32 -19.8364
21 33 -19.9786
21 34 -20.1514
21 35 -20.245
21 36 -20.3911
21 37 -20.5422
21 38 -20.6264
21 39 -20.7563
21 40 -20.8956
22 -10 -12.698
22 -9 -12.6588
22 -8 -12.6207
22 -7 -12.6127
22 -6 -12.6028
22 -5 -12.5897
22 -4 -12.5866
22 -3 -12.5537
22 -2 -12.504
22 -1 -12.4604
22 0 -12.3936
22 1 -12.3869
22 2 -12.3831
22 3 -12.6155
22 4 -12.8576
22 5 -13.2412
22 6 -13.509
22 7 -13.8945
22 8 -14.2179
22 9 -14.5147
22 10 -14.8335
22 11 -15.1546
22 12 -15.4691
22 13 -15.7477
22 14 -16.0226
22 15 -16.3032
22 16 -16.5698
22 17 -16.8464
22 18 -17.1044
22 19 -17.3506
22 20 -17.572
22 21 -17.8197
22 22 -18.0091
22 23 -18.2421
22 24 -18.4248
22 25 -18.6727
22 26 -18.7786
22 27 -19.0241
22 28 -19.1981
22 29 -19.3552
22 30 -19.5331
22 31 -19.6932
22 32 -19.8328
22 33 -19.9949
22 34 -20.1557
22 35 -20.2762
22 36 -20.3959
22 37 -20.5036
22 38 -20.6621
22 39 -20.7824
22 40 -20.8857
23 -10 -12.6755
23 -9 -12.6713
23 -8 -12.6732
23 -7 -12.5888
23 -6 -12.574
23 -5 -12.5827
23 -4 -12.5918
23 -3 -12.5672
23 -2 -12.5508
23 -1 -12.5041
23 0 -12.4509
23 1 -12.44
23 2 -12.4549
23 3 -12.6259
23 4 -12.8534
23 5 -13.2108
23 6 -13.5908
23 7 -13.9062
23 8 -14.2438
23 9 -14.5155
23 10 -14.8682
23 11 -15.1845
23 12 -15.4942
23 13 -15.7649
23 14 -16.0993
23 15 -16.353
23 16 -16.6366
23 17 -16.8304
23 18 -17.09
23 19 -17.3522
23 20 -17.5656
23 21 -17.7834
23 22 -18.0528
23 23 -18.2686
23 24 -18.4524
23 25 -18.6634
23 26 -18.8238
23 27 -19.0789
23 28 -19.2138
23 29 -19.3902
23 30 -19.5415
23 31 -19.732
23 32 -19.897
23 33 -19.9973
23 34 -20.1489
23 35 -20.2605
23 36 -20.4297
23 37 -20.5214
23 38 -20.6783
23 39 -20.8043
23 40 -20.8854
24 -10 -12.7156
24 -9 -12.667
24 -8 -12.6771
24 -7 -12.6459
24 -6 -12.623
24 -5 -12.5962
24 -4 -12.6034
24 -3 -12.549
24 -2 -12.5689
24 -1 -12.4946
24 0 -12.485
24 1 -12.4226
24 2 -12.4328
24 3 -12.6649
24 4 -13.0018
24 5 -13.2477
24 6 -13.5456
24 7 -13.9642
24 8 -14.2215
24 9 -14.5721
24 10 -14.9134
24 11 -15.2057
24 12 -15.5285
24 13 -15.7271
24 14 -16.0487
24 15 -16.3553
24 16 -16.5812
24 17 -16.8732
24 18 -17.1315
24 19 -17.3728
24 20 -17.6183
24 21 -17.8515
24 22 -18.0875
24 23 -18.2877
24 24 -18.4849
24 25 -18.6746
24 26 -18.8768
24 27 -19.0842
24 28 -19.2726
24 29 -19.4135
24 30 -19.5654
24 31 -19.771
24 32 -19.9036
24 33 -20.0588
24 34 -20.1687
24 35 -20.3138
24 36 -20.4605
24 37 -20.5913
24 38 -20.6827
24 39 -20.7986
24 40 -20.9341
25 -10 -12.6871
25 -9 -12.6921
25 -8 -12.6713
25 -7 -12.6717
25 -6 -12.6579
25 -5 -12.6436
25 -4 -12.5982
25 -3 -12.5884
25 -2 -12.568
25 -1 -12.5166
25 0 -12.4721
25 1 -12.465
25 2 -12.5054
25 3 -12.6283
25 4 -12.9523
25 5 -13.2759
25 6 -13.5336
25 7 -13.9442
25 8 -14.2752
25 9 -14.6132
25 10 -14.9373
25 11 -15.2152
25 12 -15.5229
25 13 -15.8031
25 14 -16.0836
25 15 -16.3645
25 16 -16.6484
25 17 -16.9062
25 18 -17.1576
25 19 -17.3918
25 20 -17.655
25 21 -17.853
25 22 -18.1321
25 23 -18.2869
25 24 -18.4583
25 25 -18.7028
25 26 -18.895
25 27 -19.0606
25 28 -19.2361
25 29 -19.4107
25 30 -19.6153
25 31 -19.7505
25 32 -19.8931
25 33 -20.0474
25 34 -20.1984
25 35 -20.3518
25 36 -20.4553
25 37 -20.5649
25 38 -20.7258
25 39 -20.8373
25 40 -20.9438
26 -10 -12.6988
26 -9 -12.6938
26 -8 -12.7049
26 -7 -12.7052
26 -6 -12.6666
26 -5 -12.6456
26 -4 -12.6229
26 -3 -12.5904
26 -2 -12.4996
26 -1 -12.5784
26 0 -12.5116
26 1 -12.4662
26 2 -12.5152
26 3 -12.6798
26 4 -12.9711
26 5 -13.3547
26 6 -13.5855
26 7 -13.9403
26 8 -14.2681
26 9 -14.5817
26 10 -14.933
26 11 -15.2753
26 12 -15.5786
26 13 -15.8316
26 14 -16.1027
26 15 -16.4087
26 16 -16.6113
26 17 -16.9124
26 18 -17.2191
26 19 -17.3861
26 20 -17.6714
26 21 -17.881
26 22 -18.0853
26 23 -18.3043
26 24 -18.5008
26 25 -18.6975
26 26 -18.9156
26 27 -19.0509
26 28 -19.3205
26 29 -19.4601
26 30 -19.6149
26 31 -19.778
26 32 -19.9143
26 33 -20.0712
26 34 -20.2369
26 35 -20.3412
26 36 -20.4898
26 37 -20.6402
26 38 -20.741
26 39 -20.8387
26 40 -20.966
27 -10 -12.7405
27 -9 -12.6976
27 -8 -12.7062
27 -7 -12.7078
27 -6 -12.6391
27 -5 -12.6654
27 -4 -12.65
27 -3 -12.6465
27 -2 -12.5824
27 -1 -12.5425
27 0 -12.5359
27 1 -12.5038
27 2 -12.5495
27 3 -12.7015
27 4 -12.9695
27 5 -13.2268
27 6 -13.6658
27 7 -13.919
27 8 -14.3309
27 9 -14.6196
27 10 -14.9235
27 11 -15.2867
27 12 -15.5627
27 13 -15.8785
27 14 -16.1526
27 15 -16.4186
27 16 -16.6642
27 17 -16.9175
27 18 -17.1633
27 19 -17.4448
27 20 -17.6704
27 21 -17.907
27 22 -18.0832
27 23 -18.2977
27 24 -18.5598
27 25 -18.742
27 26 -18.9491
27 27 -19.1052
27 28 -19.2968
27 29 -19.4683
27 30 -19.6243
27 31 -19.787
27 32 -19.9423
27 33 -20.0732
27 34 -20.2145
27 35 -20.3501
27 36 -20.4747
27 37 -20.6315
27 38 -20.7468
27 39 -20.86
27 40 -20.9894
28 -10 -12.6979
28 -9 -12.7221
28 -8 -12.7068
28 -7 -12.7108
28 -6 -12.699
28 -5 -12.6487
28 -4 -12.6505
28 -3 -12.6074
28 -2 -12.6136
28 -1 -12.5817
28 0 -12.5415
28 1 -12.5297
28 2 -12.5314
28 3 -12.7411
28 4 -13.0123
28 5 -13.3625
28 6 -13.6569
28 7 -13.9771
28 8 -14.3271
28 9 -14.6468
28 10 -14.9152
28 11 -15.2492
28 12 -15.5392
28 13 -15.8415
28 14 -16.1728
28 15 -16.4363
28 16 -16.7048
28 17 -16.9377
28 18 -17.2086
28 19 -17.4051
28 20 -17.7072
28 21 -17.9124
28 22 -18.1174
28 23 -18.3231
28 24 -18.5216
28 25 -18.7366
28 26 -18.9656
28 27 -19.136
28 28 -19.3097
28 29 -19.4831
28 30 -19.6268
28 31 -19.8138
28 32 -19.9352
28 33 -20.1014
28 34 -20.2481
28 35 -20.3976
28 36 -20.4986
28 37 -20.634
28 38 -20.7739
28 39 -20.89
28 40 -20.9889
29 -10 -12.761
29 -9 -12.7357
29 -8 -12.7375
29 -7 -12.6859
29 -6 -12.6746
29 -5 -12.6719
29 -4 -12.6549
29 -3 -12.6594
29 -2 -12.5983
29 -1 -12.6067
29 0 -12.5952
29 1 -12.5279
29 2 -12.5375
29 3 -12.7009
29 4 -12.9917
29 5 -13.3767
29 6 -13.6399
29 7 -13.977
29 8 -14.3522
29 9 -14.6744
29 10 -14.987
29 11 -15.2824
29 12 -15.5864
29 13 -15.8755
29 14 -16.148
29 15 -16.5017
29 16 -16.7184
29 17 -16.9557
29 18 -17.2232
29 19 -17.4814
29 20 -17.6605
29 21 -17.9384
29 22 -18.1197
29 23 -18.3726
29 24 -18.5474
29 25 -18.7101
29 26 -18.9486
29 27 -19.1432
29 28 -19.3022
29 29 -19.4652
29 30 -19.6482
29 31 -19.823
29 32 -19.9562
29 33 -20.0962
29 34 -20.2182
29 35 -20.3938
29 36 -20.5389
29 37 -20.6386
29 38 -20.7423
29 39 -20.8796
29 40 -21.0016
30 -10 -12.7598
30 -9 -12.7247
30 -8 -12.7361
30 -7 -12.7339
30 -6 -12.7015
30 -5 -12.707
30 -4 -12.6689
30 -3 -12.6846
30 -2 -12.623
30 -1 -12.591
30 0 -12.5695
30 1 -12.5019
30 2 -12.5282
30 3 -12.7262
30 4 -13.0299
30 5 -13.3087
30 6 -13.6584
30 7 -13.9971
30 8 -14.3714
30 9 -14.6761
30 10 -14.9899
30 11 -15.2946
30 12 -15.6101
30 13 -15.9205
30 14 -16.1936
30 15 -16.4294
30 16 -16.7143
30 17 -16.9911
30 18 -17.2226
30 19 -17.478
30 20 -17.6963
30 21 -17.9026
30 22 -18.1315
30 23 -18.3822
30 24 -18.5548
30 25 -18.7268
30 26 -18.9394
30 27 -19.1188
30 28 -19.3517
30 29 -19.5362
30 30 -19.6544
30 31 -19.8285
30 32 -19.9621
30 33 -20.1123
30 34 -20.269
30 35 -20.3857
30 36 -20.5087
30 37 -20.6496
30 38 -20.7688
30 39 -20.8886
30 40 -20.9995
31 -10 -12.7704
31 -9 -12.7532
31 -8 -12.7443
31 -7 -12.7532
31 -6 -12.6924
31 -5 -12.684
31 -4 -12.6668
31 -3 -12.67
31 -2 -12.6297
31 -1 -12.6173
31 0 -12.5801
31 1 -12.5382
31 2 -12.5874
31 3 -12.7456
31 4 -13.0192
31 5 -13.3928
31 6 -13.7121
31 7 -13.9862
31 8 -14.338
31 9 -14.6622
31 10 -14.984
31 11 -15.3454
31 12 -15.6026
31 13 -15.8837
31 14 -16.2067
31 15 -16.455
31 16 -16.7108
31 17 -16.98
31 18 -17.2562
31 19 -17.4778
31 20 -17.6961
31 21 -17.9213
31 22 -18.1674
31 23 -18.3643
31 24 -18.5777
31 25 -18.7674
31 26 -18.9886
31 27 -19.1488
31 28 -19.3287
31 29 -19.5342
31 30 -19.6856
31 31 -19.8281
31 32 -19.9921
31 33 -20.1324
31 34 -20.2581
31 35 -20.4094
31 36 -20.5265
31 37 -20.6675
31 38 -20.8183
31 39 -20.9193
31 40 -21.0101
32 -10 -12.7502
32 -9 -12.7415
32 -8 -12.7183
32 -7 -12.7225
32 -6 -12.7173
32 -5 -12.7028
32 -4 -12.6883
32 -3 -12.6475
32 -2 -12.6402
32 -1 -12.6219
32 0 -12.5883
32 1 -12.562
32 2 -12.6196
32 3 -12.7737
32 4 -13.0601
32 5 -13.3748
32 6 -13.7391
32 7 -14.064
32 8 -14.3314
32 9 -14.6772
32 10 -15.0358
32 11 -15.3472
32 12 -15.6247
32 13 -15.9472
32 14 -16.1807
32 15 -16.5162
32 16 -16.6886
32 17 -17.0091
32 18 -17.252
32 19 -17.4725
32 20 -17.7242
32 21 -17.9531
32 22 -18.1803
32 23 -18.3743
32 24 -18.5876
32 25 -18.7798
32 26 -18.9422
32 27 -19.148
32 28 -19.3509
32 29 -19.5229
32 30 -19.6911
32 31 -19.847
32 32 -19.973
32 33 -20.1132
32 34 -20.2831
32 35 -20.4134
32 36 -20.5435
32 37 -20.6807
32 38 -20.8028
32 39 -20.905
32 40 -21.0413
33 -10 -12.7313
33 -9 -12.7424
33 -8 -12.7455
33 -7 -12.7112
33 -6 -12.7153
33 -5 -12.6755
33 -4 -12.6942
33 -3 -12.6797
33 -2 -12.6504
33 -1 -12.6193
33 0 -12.6325
33 1 -12.5769
33 2 -12.6015
33 3 -12.7857
33 4 -13.0816
33 5 -13.3525
33 6 -13.713
33 7 -14.0317
33 8 -14.4087
33 9 -14.6988
33 10 -15.034
33 11 -15.3146
33 12 -15.6564
33 13 -15.9429
33 14 -16.1944
33 15 -16.5085
33 16 -16.7557
33 17 -17.0243
33 18 -17.2556
33 19 -17.4802
33 20 -17.7411
33 21 -17.9948
33 22 -18.1813
33 23 -18.3605
33 24 -18.5855
33 25 -18.7817
33 26 -18.9861
33 27 -19.1769
33 28 -19.3575
33 29 -19.5244
33 30 -19.6957
33 31 -19.8578
33 32 -20.0078
33 33 -20.1676
33 34 -20.2965
33 35 -20.4218
33 36 -20.5662
33 37 -20.6677
33 38 -20.8187
33 39 -20.9246
33 40 -21.0452
34 -10 -12.7451
34 -9 -12.7892
34 -8 -12.7556
34 -7 -12.7391
34 -6 -12.7191
34 -5 -12.7375
34 -4 -12.6931
34 -3 -12.7134
34 -2 -12.662
34 -1 -12.6433
34 0 -12.6283
34 1 -12.5888
34 2 -12.6169
34 3 -12.8084
34 4 -13.041
34 5 -13.4303
34 6 -13.7384
34 7 -14.0926
34 8 -14.3853
34 9 -14.7482
34 10 -15.0479
34 11 -15.3798
34 12 -15.6745
34 13 -15.9494
34 14 -16.2194
34 15 -16.5186
34 16 -16.7797
34 17 -17.0114
34 18 -17.2735
34 19 -17.5212
34 20 -17.7383
34 21 -17.9633
34 22 -18.2108
34 23 -18.3858
34 24 -18.5806
34 25 -18.7617
34 26 -19.0144
34 27 -19.1929
34 28 -19.3401
34 29 -19.5579
34 30 -19.7124
34 31 -19.8451
34 32 -20.0068
34 33 -20.1681
34 34 -20.2941
34 35 -20.4076
34 36 -20.576
34 37 -20.6918
34 38 -20.7839
34 39 -20.94
34 40 -21.0492
35 -10 -12.7686
35 -9 -12.7651
35 -8 -12.7586
35 -7 -12.7181
35 -6 -12.7067
35 -5 -12.6854
35 -4 -12.7186
35 -3 -12.6895
35 -2 -12.6879
35 -1 -12.6395
35 0 -12.6433
35 1 -12.5933
35 2 -12.5838
35 3 -12.8027
35 4 -13.054
35 5 -13.3831
35 6 -13.7747
35 7 -14.0799
35 8 -14.3924
35 9 -14.7049
35 10 -15.0284
35 11 -15.3663
35 12 -15.6754
35 13 -15.9384
35 14 -16.2168
35 15 -16.4853
35 16 -16.7549
35 17 -17.013
35 18 -17.2951
35 19 -17.5084
35 20 -17.7449
35 21 -17.9845
35 22 -18.2
35 23 -18.4036
35 24 -18.5925
35 25 -18.7991
35 26 -19.0163
35 27 -19.1915
35 28 -19.3654
35 29 -19.5562
35 30 -19.6972
35 31 -19.8794
35 32 -20.0165
35 33 -20.1499
35 34 -20.2845
35 35 -20.4332
35 36 -20.5629
35 37 -20.6803
35 38 -20.7906
35 39 -20.9369
35 40 -21.0618
36 -10 -12.7839
36 -9 -12.7741
36 -8 -12.7756
36 -7 -12.7552
36 -6 -12.7109
36 -5 -12.7118
36 -4 -12.6907
36 -3 -12.6949
36 -2 -12.6758
36 -1 -12.6569
36 0 -12.6552
36 1 -12.5939
36 2 -12.6615
36 3 -12.8139
36 4 -13.0899
36 5 -13.3674
36 6 -13.753
36 7 -14.0811
36 8 -14.3734
36 9 -14.749
36 10 -15.0553
36 11 -15.3657
36 12 -15.723
36 13 -15.948
36 14 -16.2198
36 15 -16.5294
36 16 -16.7832
36 17 -17.0319
36 18 -17.2653
36 19 -17.5133
36 20 -17.7115
36 21 -17.9672
36 22 -18.2047
36 23 -18.4221
36 24 -18.5841
36 25 -18.8397
36 26 -19.0071
36 27 -19.2052
36 28 -19.3385
36 29 -19.542
36 30 -19.7117
36 31 -19.8562
36 32 -19.9867
36 33 -20.1438
36 34 -20.2908
36 35 -20.4177
36 36 -20.5767
36 37 -20.7003
36 38 -20.8113
36 39 -20.9074
36 40 -21.0381
37 -10 -12.782
37 -9 -12.7763
37 -8 -12.7203
37 -7 -12.7648
37 -6 -12.7604
37 -5 -12.6989
37 -4 -12.6984
37 -3 -12.6746
37 -2 -12.7045
37 -1 -12.6342
37 0 -12.6427
37 1 -12.5601
37 2 -12.6463
37 3 -12.8228
37 4 -13.1064
37 5 -13.426
37 6 -13.7727
37 7 -14.0733
37 8 -14.4293
37 9 -14.7451
37 10 -15.059
37 11 -15.3675
37 12 -15.6574
37 13 -15.9539
37 14 -16.2543
37 15 -16.5047
37 16 -16.7547
37 17 -17.0533
37 18 -17.2821
37 19 -17.5274
37 20 -17.7517
37 21 -17.952
37 22 -18.1937
37 23 -18.421
37 24 -18.6098
37 25 -18.831
37 26 -19.01
37 27 -19.1757
37 28 -19.3633
37 29 -19.5504
37 30 -19.6985
37 31 -19.8526
37 32 -20.0241
37 33 -20.1647
37 34 -20.3134
37 35 -20.4412
37 36 -20.562
37 37 -20.6985
37 38 -20.8064
37 39 -20.9378
37 40 -21.035
38 -10 -12.744
38 -9 -12.7862
38 -8 -12.7707
38 -7 -12.7361
38 -6 -12.7119
38 -5 -12.7328
38 -4 -12.7072
38 -3 -12.707
38 -2 -12.6805
38 -1 -12.6562
38 0 -12.6621
38 1 -12.6242
38 2 -12.6511
38 3 -12.83
38 4 -13.1015
38 5 -13.4331
38 6 -13.7409
38 7 -14.0832
38 8 -14.3947
38 9 -14.7285
38 10 -15.0591
38 11 -15.3437
38 12 -15.7042
38 13 -15.9463
38 14 -16.2346
38 15 -16.5537
38 16 -16.8018
38 17 -17.046
38 18 -17.3022
38 19 -17.5302
38 20 -17.7372
38 21 -17.9677
38 22 -18.2217
38 23 -18.4072
38 24 -18.6303
38 25 -18.8011
38 26 -19.0053
38 27 -19.1997
38 28 -19.3493
38 29 -19.5239
38 30 -19.7167
38 31 -19.8638
38 32 -20.0435
38 33 -20.1516
38 34 -20.2959
38 35 -20.439
38 36 -20.568
38 37 -20.6955
38 38 -20.8127
38 39 -20.9245
38 40 -21.0497
39 -10 -12.7955
39 -9 -12.7665
39 -8 -12.7863
39 -7 -12.7451
39 -6 -12.7363
39 -5 -12.731
39 -4 -12.7138
39 -3 -12.716
39 -2 -12.6975
39 -1 -12.6976
39 0 -12.6536
39 1 -12.5973
39 2 -12.6407
39 3 -12.8499
39 4 -13.1304
39 5 -13.4483
39 6 -13.7568
39 7 -14.1011
39 8 -14.4006
39 9 -14.7663
39 10 -15.0317
39 11 -15.3631
39 12 -15.6465
39 13 -15.9513
39 14 -16.2266
39 15 -16.5347
39 16 -16.7677
39 17 -17.0584
39 18 -17.297
39 19 -17.5208
39 20 -17.7569
39 21 -17.9953
39 22 -18.2233
39 23 -18.4312
39 24 -18.6294
39 25 -18.8046
39 26 -19.018
39 27 -19.2061
39 28 -19.3597
39 29 -19.5481
39 30 -19.7045
39 31 -19.8585
39 32 -20.0135
39 33 -20.1579
39 34 -20.313
39 35 -20.4172
39 36 -20.5725
39 37 -20.6941
39 38 -20.8219
39 39 -20.9216
39 40 -21.0373
40 -10 -12.7715
40 -9 -12.781
40 -8 -12.7572
40 -7 -12.7281
40 -6 -12.7332
40 -5 -12.739
40 -4 -12.6952
40 -3 -12.7019
40 -2 -12.6909
40 -1 -12.6525
40 0 -12.665
40 1 -12.5943
40 2 -12.617
40 3 -12.8189
40 4 -13.1148
40 5 -13.4568
40 6 -13.7649
40 7 -14.1325
40 8 -14.4597
40 9 -14.7692
40 10 -15.0969
40 11 -15.3825
40 12 -15.6936
40 13 -15.9531
40 14 -16.2515
40 15 -16.4925
40 16 -16.7885
40 17 -17.0658
40 18 -17.3115
40 19 -17.5034
40 20 -17.7525
40 21 -17.9867
40 22 -18.2318
40 23 -18.3882
40 24 -18.6338
40 25 -18.8117
40 26 -19.0264
40 27 -19.1823
40 28 -19.3555
40 29 -19.5362
40 30 -19.7116
40 31 -19.8781
40 32 -20.0224
40 33 -20.1576
40 34 -20.3246
40 35 -20.4139
40 36 -20.566
40 37 -20.6948
40 38 -20.8063
40 39 -20.9279
40 40 -21.0448
