-10 -10 -9.888
-10 -9 -9.87332
-10 -8 -9.85647
-10 -7 -9.8602
-10 -6 -9.88204
-10 -5 -9.78178
-10 -4 -9.75872
-10 -3 -9.76952
-10 -2 -9.68998
-10 -1 -9.67039
-10 0 -9.70675
-10 1 -9.72232
-10 2 -9.68862
-10 3 -9.83415
-10 4 -10.1192
-10 5 -10.4645
-10 6 -10.7252
-10 7 -11.1087
-10 8 -11.3909
-10 9 -11.7117
-10 10 -12.1187
-10 11 -12.3365
-10 12 -12.6299
-10 13 -12.8776
-10 14 -13.2148
-10 15 -13.5104
-10 16 -13.6916
-10 17 -14.0053
-10 18 -14.208
-10 19 -14.465
-10 20 -14.6941
-10 21 -14.932
-10 22 -15.2197
-10 23 -15.4291
-10 24 -15.5627
-10 25 -15.8661
-10 26 -15.9966
-10 27 -16.2461
-10 28 -16.3995
-10 29 -16.6085
-10 30 -16.7978
-10 31 -16.9315
-10 32 -17.1443
-10 33 -17.2748
-10 34 -17.4806
-10 35 -17.6635
-10 36 -17.7705
-10 37 -17.9534
-10 38 -18.0757
-10 39 -18.2678
-10 40 -18.3889
-9 -10 -9.86007
-9 -9 -9.84162
-9 -8 -9.90188
-9 -7 -9.77329
-9 -6 -9.82941
-9 -5 -9.79177
-9 -4 -9.73213
-9 -3 -9.69315
-9 -2 -9.6786
-9 -1 -9.65643
-9 0 -9.59872
-9 1 -9.6504
-9 2 -9.62868
-9 3 -9.80751
-9 4 -10.065
-9 5 -10.3848
-9 6 -10.8156
-9 7 -11.0804
-9 8 -11.3455
-9 9 -11.7095
-9 10 -12.033
-9 11 -12.2796
-9 12 -12.519
-9 13 -12.9283
-9 14 -13.1937
-9 15 -13.4608
-9 16 -13.7605
-9 17 -14.0203
-9 18 -14.2492
-9 19 -14.4434
-9 20 -14.7147
-9 21 -14.9122
-9 22 -15.2018
-9 23 -15.3623
-9 24 -15.6124
-9 25 -15.7824
-9 26 -16.0125
-9 27 -16.2122
-9 28 -16.401
-9 29 -16.5987
-9 30 -16.7889
-9 31 -16.9751
-9 32 -17.1155
-9 33 -17.2333
-9 34 -17.4725
-9 35 -17.6224
-9 36 -17.7614
-9 37 -17.9321
-9 38 -18.04
-9 39 -18.2224
-9 40 -18.3443
-8 -10 -9.86753
-8 -9 -9.82884
-8 -8 -9.79924
-8 -7 -9.79605
-8 -6 -9.75676
-8 -5 -9.74329
-8 -4 -9.70393
-8 -3 -9.7468
-8 -2 -9.62668
-8 -1 -9.66738
-8 0 -9.62958
-8 1 -9.67862
-8 2 -9.61543
-8 3 -9.76972
-8 4 -10.004
-8 5 -10.3654
-8 6 -10.6758
-8 7 -11.048
-8 8 -11.2754
-8 9 -11.6515
-8 10 -11.9392
-8 11 -12.1689
-8 12 -12.615
-8 13 -12.8823
-8 14 -13.1716
-8 15 -13.4133
-8 16 -13.6936
-8 17 -14.0145
-8 18 -14.1173
-8 19 -14.4513
-8 20 -14.6948
-8 21 -14.9235
-8 22 -15.1945
-8 23 -15.3722
-8 24 -15.5815
-8 25 -15.773
-8 26 -15.9864
-8 27 -16.2179
-8 28 -16.3847
-8 29 -16.5941
-8 30 -16.7476
-8 31 -16.9256
-8 32 -17.1043
-8 33 -17.2891
-8 34 -17.4451
-8 35 -17.6575
-8 36 -17.7941
-8 37 -17.9389
-8 38 -18.0198
-8 39 -18.2274
-8 40 -18.3726
-7 -10 -9.82374
-7 -9 -9.7869
-7 -8 -9.82534
-7 -7 -9.75872
-7 -6 -9.7473
-7 -5 -9.71324
-7 -4 -9.75135
-7 -3 -9.74145
-7 -2 -9.67506
-7 -1 -9.6898
-7 0 -9.60652
-7 1 -9.61638
-7 2 -9.59849
-7 3 -9.77587
-7 4 -10.0227
-7 5 -10.3804
-7 6 -10.7099
-7 7 -11.001
-7 8 -11.2884
-7 9 -11.6021
-7 10 -12.0096
-7 11 -12.2872
-7 12 -12.5216
-7 13 -12.85
-7 14 -13.1201
-7 15 -13.4053
-7 16 -13.6249
-7 17 -13.8941
-7 18 -14.0904
-7 19 -14.4167
-7 20 -14.6794
-7 21 -14.9067
-7 22 -15.1891
-7 23 -15.3664
-7 24 -15.6259
-7 25 -15.7617
-7 26 -15.9191
-7 27 -16.1255
-7 28 -16.3302
-7 29 -16.5926
-7 30 -16.7599
-7 31 -16.9443
-7 32 -17.0682
-7 33 -17.2572
-7 34 -17.4685
-7 35 -17.6025
-7 36 -17.73
-7 37 -17.8606
-7 38 -18.0729
-7 39 -18.1608
-7 40 -18.3306
-6 -10 -9.77361
-6 -9 -9.80853
-6 -8 -9.76527
-6 -7 -9.73194
-6 -6 -9.68286
-6 -5 -9.72071
-6 -4 -9.70049
-6 -3 -9.69552
-6 -2 -9.67438
-6 -1 -9.62315
-6 0 -9.60228
-6 1 -9.49321
-6 2 -9.53794
-6 3 -9.68126
-6 4 -9.89254
-6 5 -10.1884
-6 6 -10.6278
-6 7 -10.9433
-6 8 -11.2731
-6 9 -11.6829
-6 10 -11.8783
-6 11 -12.2564
-6 12 -12.5411
-6 13 -12.85
-6 14 -13.0964
-6 15 -13.3018
-6 16 -13.6637
-6 17 -13.8764
-6 18 -14.1369
-6 19 -14.43
-6 20 -14.6594
-6 21 -14.8787
-6 22 -15.078
-6 23 -15.3163
-6 24 -15.5461
-6 25 -15.7523
-6 26 -15.9084
-6 27 -16.1226
-6 28 -16.3622
-6 29 -16.543
-6 30 -16.6867
-6 31 -16.8513
-6 32 -17.1162
-6 33 -17.2573
-6 34 -17.3549
-6 35 -17.4803
-6 36 -17.7715
-6 37 -17.8139
-6 38 -18.0721
-6 39 -18.2308
-6 40 -18.2909
-5 -10 -9.80075
-5 -9 -9.87771
-5 -8 -9.76748
-5 -7 -9.70934
-5 -6 -9.72129
-5 -5 -9.70453
-5 -4 -9.6625
-5 -3 -9.63759
-5 -2 -9.70247
-5 -1 -9.59543
-5 0 -9.53056
-5 1 -9.49006
-5 2 -9.49066
-5 3 -9.72204
-5 4 -9.99345
-5 5 -10.2696
-5 6 -10.6112
-5 7 -10.9802
-5 8 -11.2308
-5 9 -11.5654
-5 10 -11.9209
-5 11 -12.2248
-5 12 -12.4364
-5 13 -12.8007
-5 14 -13.0125
-5 15 -13.2688
-5 16 -13.6102
-5 17 -13.8051
-5 18 -14.097
-5 19 -14.3412
-5 20 -14.5901
-5 21 -14.823
-5 22 -14.9715
-5 23 -15.3433
-5 24 -15.4986
-5 25 -15.7284
-5 26 -15.8998
-5 27 -16.1163
-5 28 -16.3198
-5 29 -16.5201
-5 30 -16.6881
-5 31 -16.8927
-5 32 -17.0038
-5 33 -17.1878
-5 34 -17.3788
-5 35 -17.5467
-5 36 -17.7291
-5 37 -17.8283
-5 38 -17.9972
-5 39 -18.179
-5 40 -18.2715
-4 -10 -9.78143
-4 -9 -9.76105
-4 -8 -9.77103
-4 -7 -9.69711
-4 -6 -9.65298
-4 -5 -9.73079
-4 -4 -9.65489
-4 -3 -9.6204
-4 -2 -9.54636
-4 -1 -9.5681
-4 0 -9.55204
-4 1 -9.44284
-4 2 -9.53357
-4 3 -9.71347
-4 4 -9.92571
-4 5 -10.2586
-4 6 -10.5701
-4 7 -10.9284
-4 8 -11.1689
-4 9 -11.5857
-4 10 -11.8917
-4 11 -12.2322
-4 12 -12.4436
-4 13 -12.7605
-4 14 -13.0457
-4 15 -13.307
-4 16 -13.5976
-4 17 -13.9254
-4 18 -14.0932
-4 19 -14.3916
-4 20 -14.5839
-4 21 -14.8192
-4 22 -15.0408
-4 23 -15.2896
-4 24 -15.5051
-4 25 -15.7476
-4 26 -15.8926
-4 27 -16.0772
-4 28 -16.2567
-4 29 -16.4907
-4 30 -16.6606
-4 31 -16.8828
-4 32 -17.021
-4 33 -17.1125
-4 34 -17.3857
-4 35 -17.5064
-4 36 -17.6272
-4 37 -17.7435
-4 38 -17.9988
-4 39 -18.1274
-4 40 -18.3122
-3 -10 -9.83286
-3 -9 -9.78053
-3 -8 -9.74707
-3 -7 -9.73959
-3 -6 -9.70824
-3 -5 -9.68223
-3 -4 -9.67678
-3 -3 -9.65755
-3 -2 -9.55702
-3 -1 -9.51585
-3 0 -9.48455
-3 1 -9.49639
-3 2 -9.51258
-3 3 -9.52419
-3 4 -9.93157
-3 5 -10.2674
-3 6 -10.5067
-3 7 -10.9138
-3 8 -11.2475
-3 9 -11.6585
-3 10 -11.8327
-3 11 -12.1616
-3 12 -12.4936
-3 13 -12.8147
-3 14 -13.0104
-3 15 -13.2819
-3 16 -13.6105
-3 17 -13.8546
-3 18 -14.0738
-3 19 -14.364
-3 20 -14.5765
-3 21 -14.7626
-3 22 -15.063
-3 23 -15.3007
-3 24 -15.4722
-3 25 -15.6873
-3 26 -15.8503
-3 27 -16.0681
-3 28 -16.3017
-3 29 -16.435
-3 30 -16.6818
-3 31 -16.8526
-3 32 -17.0075
-3 33 -17.194
-3 34 -17.3494
-3 35 -17.5408
-3 36 -17.6685
-3 37 -17.8103
-3 38 -17.9493
-3 39 -18.12
-3 40 -18.253
-2 -10 -9.8244
-2 -9 -9.81112
-2 -8 -9.6905
-2 -7 -9.69217
-2 -6 -9.75637
-2 -5 -9.65042
-2 -4 -9.64341
-2 -3 -9.59103
-2 -2 -9.55792
-2 -1 -9.54583
-2 0 -9.47904
-2 1 -9.39403
-2 2 -9.4756
-2 3 -9.5916
-2 4 -9.84461
-2 5 -10.1868
-2 6 -10.549
-2 7 -10.9082
-2 8 -11.1793
-2 9 -11.5507
-2 10 -11.8778
-2 11 -12.2785
-2 12 -12.481
-2 13 -12.7368
-2 14 -13.1106
-2 15 -13.3051
-2 16 -13.5993
-2 17 -13.8287
-2 18 -14.1332
-2 19 -14.2807
-2 20 -14.5697
-2 21 -14.8132
-2 22 -15.0619
-2 23 -15.2406
-2 24 -15.5106
-2 25 -15.6882
-2 26 -15.8357
-2 27 -16.1232
-2 28 -16.2252
-2 29 -16.4408
-2 30 -16.6179
-2 31 -16.8357
-2 32 -17.0194
-2 33 -17.1664
-2 34 -17.3174
-2 35 -17.4824
-2 36 -17.715
-2 37 -17.7954
-2 38 -17.9604
-2 39 -18.1036
-2 40 -18.2117
-1 -10 -9.76848
-1 -9 -9.7787
-1 -8 -9.70365
-1 -7 -9.74956
-1 -6 -9.71752
-1 -5 -9.69969
-1 -4 -9.67748
-1 -3 -9.57539
-1 -2 -9.57035
-1 -1 -9.55965
-1 0 -9.48972
-1 1 -9.47024
-1 2 -9.4699
-1 3 -9.58517
-1 4 -9.89502
-1 5 -10.2868
-1 6 -10.5024
-1 7 -10.8683
-1 8 -11.1884
-1 9 -11.5499
-1 10 -11.8232
-1 11 -12.194
-1 12 -12.4627
-1 13 -12.7429
-1 14 -13.0792
-1 15 -13.2427
-1 16 -13.5848
-1 17 -13.8569
-1 18 -14.0588
-1 19 -14.3228
-1 20 -14.6603
-1 21 -14.8619
-1 22 -15.0524
-1 23 -15.2611
-1 24 -15.4996
-1 25 -15.7042
-1 26 -15.9448
-1 27 -16.0796
-1 28 -16.345
-1 29 -16.5152
-1 30 -16.6202
-1 31 -16.8091
-1 32 -17
-1 33 -17.2031
-1 34 -17.3406
-1 35 -17.5484
-1 36 -17.6602
-1 37 -17.857
-1 38 -18.0151
-1 39 -18.1041
-1 40 -18.3037
0 -10 -9.7753
0 -9 -9.82223
0 -8 -9.80117
0 -7 -9.78272
0 -6 -9.70872
0 -5 -9.73403
0 -4 -9.71079
0 -3 -9.62915
0 -2 -9.57788
0 -1 -9.58025
0 0 -9.54738
0 1 -9.49578
0 2 -9.41196
0 3 -9.60257
0 4 -9.8488
0 5 -10.2266
0 6 -10.4618
0 7 -10.7875
0 8 -11.1893
0 9 -11.4948
0 10 -11.7568
0 11 -12.0691
0 12 -12.4453
0 13 -12.7698
0 14 -13.0965
0 15 -13.3244
0 16 -13.5806
0 17 -13.7694
0 18 -14.0884
0 19 -14.343
0 20 -14.6972
0 21 -14.8239
0 22 -15.0702
0 23 -15.2714
0 24 -15.49
0 25 -15.7015
0 26 -15.9519
0 27 -16.1074
0 28 -16.3045
0 29 -16.5572
0 30 -16.6915
0 31 -16.9029
0 32 -17.1041
0 33 -17.2475
0 34 -17.3029
0 35 -17.5721
0 36 -17.725
0 37 -17.8287
0 38 -18.0019
0 39 -18.1787
0 40 -18.2462
1 -10 -9.90449
1 -9 -9.87231
1 -8 -9.8307
1 -7 -9.78575
1 -6 -9.73693
1 -5 -9.7117
1 -4 -9.63812
1 -3 -9.59652
1 -2 -9.64682
1 -1 -9.58712
1 0 -9.4745
1 1 -9.44955
1 2 -9.49252
1 3 -9.66453
1 4 -9.87417
1 5 -10.2394
1 6 -10.5153
1 7 -10.8533
1 8 -11.1588
1 9 -11.5861
1 10 -11.9802
1 11 -12.1715
1 12 -12.537
1 13 -12.7266
1 14 -13.0548
1 15 -13.3016
1 16 -13.5821
1 17 -13.8862
1 18 -14.1627
1 19 -14.4416
1 20 -14.6624
1 21 -14.8048
1 22 -15.043
1 23 -15.227
1 24 -15.4558
1 25 -15.7394
1 26 -15.9644
1 27 -16.1034
1 28 -16.3027
1 29 -16.5056
1 30 -16.7544
1 31 -16.8599
1 32 -17.0642
1 33 -17.2356
1 34 -17.3978
1 35 -17.5099
1 36 -17.7747
1 37 -17.9163
1 38 -18.0462
1 39 -18.1252
1 40 -18.3012
2 -10 -9.82626
2 -9 -9.91271
2 -8 -9.8344
2 -7 -9.78815
2 -6 -9.71632
2 -5 -9.7513
2 -4 -9.68352
2 -3 -9.69178
2 -2 -9.66287
2 -1 -9.61742
2 0 -9.59432
2 1 -9.5458
2 2 -9.53159
2 3 -9.62652
2 4 -9.90684
2 5 -10.1667
2 6 -10.6503
2 7 -10.8791
2 8 -11.2238
2 9 -11.5474
2 10 -11.9905
2 11 -12.361
2 12 -12.5204
2 13 -12.8003
2 14 -13.1373
2 15 -13.4407
2 16 -13.527
2 17 -13.8723
2 18 -14.1915
2 19 -14.4
2 20 -14.7278
2 21 -14.9211
2 22 -15.0472
2 23 -15.3364
2 24 -15.5017
2 25 -15.6973
2 26 -15.9707
2 27 -16.1797
2 28 -16.3427
2 29 -16.5957
2 30 -16.7833
2 31 -16.915
2 32 -17.0917
2 33 -17.3092
2 34 -17.4452
2 35 -17.6045
2 36 -17.6925
2 37 -17.8854
2 38 -18.1021
2 39 -18.1855
2 40 -18.3379
3 -10 -9.91567
3 -9 -9.89974
3 -8 -9.88021
3 -7 -9.86071
3 -6 -9.8734
3 -5 -9.78192
3 -4 -9.76398
3 -3 -9.74263
3 -2 -9.69173
3 -1 -9.64333
3 0 -9.60853
3 1 -9.61637
3 2 -9.54716
3 3 -9.72338
3 4 -9.93735
3 5 -10.3199
3 6 -10.692
3 7 -10.9724
3 8 -11.3805
3 9 -11.6842
3 10 -11.9342
3 11 -12.3222
3 12 -12.5379
3 13 -12.8585
3 14 -13.1248
3 15 -13.352
3 16 -13.717
3 17 -13.9479
3 18 -14.1989
3 19 -14.4975
3 20 -14.6941
3 21 -14.8901
3 22 -15.1443
3 23 -15.37
3 24 -15.5553
3 25 -15.8372
3 26 -15.9908
3 27 -16.2296
3 28 -16.4111
3 29 -16.5684
3 30 -16.7546
3 31 -16.9993
3 32 -17.192
3 33 -17.2891
3 34 -17.4528
3 35 -17.6533
3 36 -17.8088
3 37 -17.9863
3 38 -18.1136
3 39 -18.2094
3 40 -18.3945
4 -10 -9.92089
4 -9 -9.91619
4 -8 -9.90103
4 -7 -9.86235
4 -6 -9.91191
4 -5 -9.85435
4 -4 -9.84882
4 -3 -9.82474
4 -2 -9.74306
4 -1 -9.70744
4 0 -9.62317
4 1 -9.65444
4 2 -9.63654
4 3 -9.82859
4 4 -9.9782
4 5 -10.4022
4 6 -10.7574
4 7 -11.0269
4 8 -11.3567
4 9 -11.6843
4 10 -11.9901
4 11 -12.3248
4 12 -12.6397
4 13 -12.9437
4 14 -13.1847
4 15 -13.4897
4 16 -13.7761
4 17 -14.0445
4 18 -14.2182
4 19 -14.5156
4 20 -14.7307
4 21 -14.974
4 22 -15.2304
4 23 -15.3768
4 24 -15.6149
4 25 -15.8604
4 26 -16.0344
4 27 -16.2436
4 28 -16.4316
4 29 -16.62
4 30 -16.8012
4 31 -17.0169
4 32 -17.2134
4 33 -17.3609
4 34 -17.5335
4 35 -17.724
4 36 -17.8632
4 37 -17.9634
4 38 -18.1299
4 39 -18.3231
4 40 -18.4213
5 -10 -10.0258
5 -9 -9.99366
5 -8 -9.95227
5 -7 -9.91191
5 -6 -9.91141
5 -5 -9.92102
5 -4 -9.86812
5 -3 -9.83798
5 -2 -9.87666
5 -1 -9.70091
5 0 -9.71989
5 1 -9.57969
5 2 -9.65372
5 3 -9.85322
5 4 -10.0943
5 5 -10.4011
5 6 -10.7425
5 7 -11.0807
5 8 -11.4173
5 9 -11.67
5 10 -12.0603
5 11 -12.343
5 12 -12.5862
5 13 -12.8679
5 14 -13.1851
5 15 -13.4909
5 16 -13.7181
5 17 -14.078
5 18 -14.3276
5 19 -14.4877
5 20 -14.7198
5 21 -14.9909
5 22 -15.2209
5 23 -15.4192
5 24 -15.6787
5 25 -15.9253
5 26 -16.101
5 27 -16.307
5 28 -16.5148
5 29 -16.7174
5 30 -16.8744
5 31 -17.0449
5 32 -17.2341
5 33 -17.4321
5 34 -17.5712
5 35 -17.6771
5 36 -17.8708
5 37 -18.059
5 38 -18.1609
5 39 -18.3273
5 40 -18.4565
6 -10 -10.0911
6 -9 -10.0164
6 -8 -9.98725
6 -7 -10.0273
6 -6 -9.92599
6 -5 -9.88106
6 -4 -9.93697
6 -3 -9.84417
6 -2 -9.83521
6 -1 -9.8143
6 0 -9.70799
6 1 -9.74584
6 2 -9.65578
6 3 -9.90141
6 4 -10.191
6 5 -10.3934
6 6 -10.7539
6 7 -11.1111
6 8 -11.4989
6 9 -11.785
6 10 -12.1218
6 11 -12.3939
6 12 -12.7394
6 13 -13.0089
6 14 -13.2005
6 15 -13.5706
6 16 -13.8202
6 17 -14.0453
6 18 -14.2938
6 19 -14.6285
6 20 -14.8291
6 21 -15.1235
6 22 -15.2815
6 23 -15.581
6 24 -15.6912
6 25 -15.8855
6 26 -16.0938
6 27 -16.3593
6 28 -16.5327
6 29 -16.724
6 30 -16.9088
6 31 -17.088
6 32 -17.2995
6 33 -17.5002
6 34 -17.6132
6 35 -17.7965
6 36 -17.9691
6 37 -18.0778
6 38 -18.2422
6 39 -18.399
6 40 -18.5534
7 -10 -10.0906
7 -9 -10.0891
7 -8 -9.9792
7 -7 -10.0145
7 -6 -9.95765
7 -5 -9.98822
7 -4 -9.90807
7 -3 -9.90872
7 -2 -9.86186
7 -1 -9.85017
7 0 -9.73793
7 1 -9.69995
7 2 -9.75584
7 3 -9.88595
7 4 -10.1987
7 5 -10.4238
7 6 -10.8045
7 7 -11.0848
7 8 -11.5242
7 9 -11.7838
7 10 -12.1787
7 11 -12.4657
7 12 -12.7176
7 13 -13.0349
7 14 -13.2852
7 15 -13.6035
7 16 -13.8799
7 17 -14.1406
7 18 -14.3865
7 19 -14.6033
7 20 -14.8372
7 21 -15.09
7 22 -15.3526
7 23 -15.5736
7 24 -15.7558
7 25 -16.0295
7 26 -16.1994
7 27 -16.3369
7 28 -16.6109
7 29 -16.7712
7 30 -16.966
7 31 -17.1123
7 32 -17.3363
7 33 -17.558
7 34 -17.6817
7 35 -17.8747
7 36 -18.0018
7 37 -18.1385
7 38 -18.3091
7 39 -18.4587
7 40 -18.576
8 -10 -10.1321
8 -9 -10.1214
8 -8 -10.1123
8 -7 -10.0731
8 -6 -10.1016
8 -5 -10.0397
8 -4 -9.95948
8 -3 -9.98388
8 -2 -9.91777
8 -1 -9.83552
8 0 -9.87
8 1 -9.7311
8 2 -9.75939
8 3 -9.91721
8 4 -10.1992
8 5 -10.5027
8 6 -10.9164
8 7 -11.2683
8 8 -11.4982
8 9 -11.8561
8 10 -12.2431
8 11 -12.5544
8 12 -12.7756
8 13 -13.0743
8 14 -13.3477
8 15 -13.658
8 16 -13.9
8 17 -14.212
8 18 -14.4671
8 19 -14.6735
8 20 -14.9113
8 21 -15.1611
8 22 -15.3669
8 23 -15.5943
8 24 -15.8696
8 25 -16.0619
8 26 -16.2346
8 27 -16.4201
8 28 -16.604
8 29 -16.8395
8 30 -17.027
8 31 -17.2388
8 32 -17.3525
8 33 -17.6074
8 34 -17.7244
8 35 -17.8825
8 36 -18.1033
8 37 -18.2341
8 38 -18.3096
8 39 -18.4948
8 40 -18.616
9 -10 -10.2268
9 -9 -10.2043
9 -8 -10.0856
9 -7 -10.1124
9 -6 -10.0963
9 -5 -10.0787
9 -4 -9.99315
9 -3 -9.97019
9 -2 -9.9512
9 -1 -9.90179
9 0 -9.89601
9 1 -9.84165
9 2 -9.85359
9 3 -10.0238
9 4 -10.2758
9 5 -10.5932
9 6 -10.9264
9 7 -11.3715
9 8 -11.5598
9 9 -11.9276
9 10 -12.244
9 11 -12.4871
9 12 -12.7876
9 13 -13.153
9 14 -13.4238
9 15 -13.6939
9 16 -13.934
9 17 -14.2258
9 18 -14.5207
9 19 -14.6858
9 20 -14.9587
9 21 -15.1927
9 22 -15.4244
9 23 -15.6696
9 24 -15.876
9 25 -16.0961
9 26 -16.295
9 27 -16.4885
9 28 -16.6755
9 29 -16.8342
9 30 -17.0693
9 31 -17.2243
9 32 -17.3975
9 33 -17.6036
9 34 -17.755
9 35 -17.9335
9 36 -18.0651
9 37 -18.2231
9 38 -18.397
9 39 -18.5121
9 40 -18.6426
10 -10 -10.2479
10 -9 -10.1932
10 -8 -10.1714
10 -7 -10.1735
10 -6 -10.1165
10 -5 -10.0871
10 -4 -10.0552
10 -3 -9.98305
10 -2 -9.99307
10 -1 -9.99379
10 0 -9.90948
10 1 -9.88069
10 2 -9.81594
10 3 -10.0451
10 4 -10.3438
10 5 -10.6913
10 6 -10.9688
10 7 -11.2892
10 8 -11.6164
10 9 -11.9535
10 10 -12.265
10 11 -12.5371
10 12 -12.8638
10 13 -13.2024
10 14 -13.4721
10 15 -13.7414
10 16 -14.0602
10 17 -14.2429
10 18 -14.4741
10 19 -14.7794
10 20 -14.9941
10 21 -15.2239
10 22 -15.4728
10 23 -15.7194
10 24 -15.9065
10 25 -16.1417
10 26 -16.3522
10 27 -16.4613
10 28 -16.6856
10 29 -16.9047
10 30 -17.0408
10 31 -17.2895
10 32 -17.425
10 33 -17.6108
10 34 -17.7733
10 35 -17.9598
10 36 -18.1611
10 37 -18.2524
10 38 -18.431
10 39 -18.5588
10 40 -18.6755
11 -10 -10.2762
11 -9 -10.2473
11 -8 -10.2161
11 -7 -10.172
11 -6 -10.1853
11 -5 -10.1287
11 -4 -10.1133
11 -3 -10.0188
11 -2 -10.0602
11 -1 -9.94638
11 0 -9.96031
11 1 -9.93933
11 2 -9.87722
11 3 -10.1139
11 4 -10.3545
11 5 -10.6647
11 6 -10.9885
11 7 -11.367
11 8 -11.6565
11 9 -11.9956
11 10 -12.2889
11 11 -12.6496
11 12 -12.9399
11 13 -13.2423
11 14 -13.471
11 15 -13.7809
11 16 -14.1095
11 17 -14.3346
11 18 -14.5091
11 19 -14.7867
11 20 -15.0509
11 21 -15.2512
11 22 -15.5425
11 23 -15.7311
11 24 -15.9401
11 25 -16.1404
11 26 -16.277
11 27 -16.5548
11 28 -16.7574
11 29 -16.9009
11 30 -17.1355
11 31 -17.286
11 32 -17.4545
11 33 -17.6778
11 34 -17.8587
11 35 -17.9608
11 36 -18.1286
11 37 -18.3288
11 38 -18.4533
11 39 -18.5855
11 40 -18.7812
12 -10 -10.2921
12 -9 -10.2992
12 -8 -10.2785
12 -7 -10.2704
12 -6 -10.212
12 -5 -10.1643
12 -4 -10.1718
12 -3 -10.1255
12 -2 -10.1074
12 -1 -10.0155
12 0 -9.97718
12 1 -9.95461
12 2 -9.93084
12 3 -10.0932
12 4 -10.4108
12 5 -10.7631
12 6 -11.0295
12 7 -11.3837
12 8 -11.7457
12 9 -12.0179
12 10 -12.3631
12 11 -12.6515
12 12 -12.9109
12 13 -13.2618
12 14 -13.5254
12 15 -13.8347
12 16 -14.0711
12 17 -14.3523
12 18 -14.5701
12 19 -14.7924
12 20 -15.1151
12 21 -15.2642
12 22 -15.5452
12 23 -15.7718
12 24 -16.0059
12 25 -16.1689
12 26 -16.425
12 27 -16.6225
12 28 -16.8288
12 29 -17.0636
12 30 -17.1542
12 31 -17.3108
12 32 -17.5615
12 33 -17.725
12 34 -17.8268
12 35 -18.021
12 36 -18.1823
12 37 -18.3491
12 38 -18.4575
12 39 -18.6292
12 40 -18.7907
13 -10 -10.3464
13 -9 -10.2883
13 -8 -10.2787
13 -7 -10.2605
13 -6 -10.2464
13 -5 -10.1974
13 -4 -10.1867
13 -3 -10.1594
13 -2 -10.0966
13 -1 -10.0362
13 0 -10.0465
13 1 -10.0057
13 2 -9.92796
13 3 -10.1925
13 4 -10.3909
13 5 -10.6985
13 6 -11.0694
13 7 -11.4271
13 8 -11.7622
13 9 -12.0761
13 10 -12.3763
13 11 -12.7319
13 12 -13.0384
13 13 -13.329
13 14 -13.5954
13 15 -13.8302
13 16 -14.1348
13 17 -14.3771
13 18 -14.6299
13 19 -14.8544
13 20 -15.1151
13 21 -15.2802
13 22 -15.565
13 23 -15.8035
13 24 -15.9988
13 25 -16.1951
13 26 -16.4232
13 27 -16.6364
13 28 -16.7941
13 29 -17.0154
13 30 -17.2226
13 31 -17.3645
13 32 -17.5814
13 33 -17.7412
13 34 -17.9049
13 35 -18.0721
13 36 -18.2568
13 37 -18.4004
13 38 -18.5601
13 39 -18.68
13 40 -18.83
14 -10 -10.3712
14 -9 -10.3477
14 -8 -10.3288
14 -7 -10.2708
14 -6 -10.2884
14 -5 -10.2446
14 -4 -10.202
14 -3 -10.2029
14 -2 -10.1873
14 -1 -10.085
14 0 -10.0711
14 1 -10.0135
14 2 -10.043
14 3 -10.183
14 4 -10.4697
14 5 -10.7681
14 6 -11.1769
14 7 -11.4031
14 8 -11.8138
14 9 -12.1032
14 10 -12.4114
14 11 -12.7253
14 12 -12.9957
14 13 -13.3299
14 14 -13.5674
14 15 -13.9019
14 16 -14.1847
14 17 -14.347
14 18 -14.6537
14 19 -14.8733
14 20 -15.1457
14 21 -15.3705
14 22 -15.5679
14 23 -15.7897
14 24 -16.0337
14 25 -16.2479
14 26 -16.5134
14 27 -16.6673
14 28 -16.9042
14 29 -17.061
14 30 -17.2276
14 31 -17.4076
14 32 -17.6405
14 33 -17.7707
14 34 -17.9593
14 35 -18.109
14 36 -18.2833
14 37 -18.3931
14 38 -18.5838
14 39 -18.7151
14 40 -18.8979
15 -10 -10.4226
15 -9 -10.3959
15 -8 -10.367
15 -7 -10.352
15 -6 -10.3272
15 -5 -10.2159
15 -4 -10.2173
15 -3 -10.1995
15 -2 -10.1869
15 -1 -10.1336
15 0 -10.0629
15 1 -10.0072
15 2 -10.0361
15 3 -10.201
15 4 -10.4905
15 5 -10.8068
15 6 -11.1113
15 7 -11.5039
15 8 -11.8364
15 9 -12.1666
15 10 -12.4166
15 11 -12.7618
15 12 -13.0776
15 13 -13.3153
15 14 -13.636
15 15 -13.9132
15 16 -14.1984
15 17 -14.4412
15 18 -14.6623
15 19 -14.8527
15 20 -15.1631
15 21 -15.4181
15 22 -15.6067
15 23 -15.8675
15 24 -16.085
15 25 -16.3226
15 26 -16.5222
15 27 -16.7657
15 28 -16.9643
15 29 -17.0645
15 30 -17.2706
15 31 -17.4884
15 32 -17.6844
15 33 -17.861
15 34 -17.9632
15 35 -18.1331
15 36 -18.3073
15 37 -18.4704
15 38 -18.5912
15 39 -18.7355
15 40 -18.8838
16 -10 -10.4662
16 -9 -10.4117
16 -8 -10.337
16 -7 -10.3355
16 -6 -10.3489
16 -5 -10.3382
16 -4 -10.2686
16 -3 -10.2546
16 -2 -10.2197
16 -1 -10.1184
16 0 -10.1352
16 1 -10.0747
16 2 -10.0714
16 3 -10.2124
16 4 -10.5706
16 5 -10.8297
16 6 -11.1438
16 7 -11.4987
16 8 -11.8022
16 9 -12.227
16 10 -12.4639
16 11 -12.8431
16 12 -13.1267
16 13 -13.3639
16 14 -13.664
16 15 -13.9553
16 16 -14.2465
16 17 -14.4945
16 18 -14.741
16 19 -14.9719
16 20 -15.1772
16 21 -15.4438
16 22 -15.6568
16 23 -15.895
16 24 -16.1463
16 25 -16.3167
16 26 -16.531
16 27 -16.7555
16 28 -16.932
16 29 -17.1018
16 30 -17.3004
16 31 -17.4918
16 32 -17.6676
16 33 -17.8554
16 34 -18.0101
16 35 -18.1777
16 36 -18.3666
16 37 -18.508
16 38 -18.6128
16 39 -18.7883
16 40 -18.9196
17 -10 -10.4295
17 -9 -10.42
17 -8 -10.4009
17 -7 -10.3763
17 -6 -10.3604
17 -5 -10.3467
17 -4 -10.3443
17 -3 -10.2751
17 -2 -10.217
17 -1 -10.179
17 0 -10.1779
17 1 -10.0997
17 2 -10.1263
17 3 -10.2735
17 4 -10.5174
17 5 -10.8794
17 6 -11.1536
17 7 -11.572
17 8 -11.8418
17 9 -12.1743
17 10 -12.5329
17 11 -12.8487
17 12 -13.1113
17 13 -13.433
17 14 -13.6562
17 15 -13.9983
17 16 -14.2394
17 17 -14.5058
17 18 -14.7545
17 19 -14.9805
17 20 -15.2368
17 21 -15.4747
17 22 -15.7102
17 23 -15.9473
17 24 -16.1597
17 25 -16.3541
17 26 -16.5682
17 27 -16.7769
17 28 -16.9472
17 29 -17.1505
17 30 -17.3043
17 31 -17.5287
17 32 -17.7345
17 33 -17.8815
17 34 -18.0182
17 35 -18.2162
17 36 -18.4097
17 37 -18.5052
17 38 -18.6548
17 39 -18.8219
17 40 -18.9496
18 -10 -10.4876
18 -9 -10.4284
18 -8 -10.4201
18 -7 -10.394
18 -6 -10.3921
18 -5 -10.3236
18 -4 -10.3501
18 -3 -10.2814
18 -2 -10.2476
18 -1 -10.1557
18 0 -10.1825
18 1 -10.1498
18 2 -10.1738
18 3 -10.2939
18 4 -10.6478
18 5 -10.851
18 6 -11.2709
18 7 -11.5787
18 8 -11.8653
18 9 -12.2358
18 10 -12.4753
18 11 -12.8648
18 12 -13.1208
18 13 -13.4047
18 14 -13.7223
18 15 -14.0392
18 16 -14.2591
18 17 -14.5656
18 18 -14.7531
18 19 -15.0001
18 20 -15.2377
18 21 -15.5436
18 22 -15.768
18 23 -15.9271
18 24 -16.1667
18 25 -16.3997
18 26 -16.5487
18 27 -16.7994
18 28 -16.9584
18 29 -17.1822
18 30 -17.3589
18 31 -17.4986
18 32 -17.7132
18 33 -17.8885
18 34 -18.0628
18 35 -18.2288
18 36 -18.3611
18 37 -18.5399
18 38 -18.6837
18 39 -18.7991
18 40 -18.9827
19 -10 -10.5206
19 -9 -10.4881
19 -8 -10.4738
19 -7 -10.4138
19 -6 -10.3917
19 -5 -10.3851
19 -4 -10.3209
19 -3 -10.3123
19 -2 -10.2601
19 -1 -10.2038
19 0 -10.2192
19 1 -10.1685
19 2 -10.1609
19 3 -10.3353
19 4 -10.5822
19 5 -10.8747
19 6 -11.2542
19 7 -11.5702
19 8 -11.9128
19 9 -12.2377
19 10 -12.6105
19 11 -12.9101
19 12 -13.1867
19 13 -13.4878
19 14 -13.7005
19 15 -14.037
19 16 -14.3182
19 17 -14.5713
19 18 -14.8094
19 19 -15.0626
19 20 -15.2621
19 21 -15.5161
19 22 -15.7608
19 23 -15.916
19 24 -16.174
19 25 -16.3553
19 26 -16.5887
19 27 -16.7917
19 28 -17.0347
19 29 -17.1907
19 30 -17.4053
19 31 -17.546
19 32 -17.8018
19 33 -17.9324
19 34 -18.0701
19 35 -18.2091
19 36 -18.4385
19 37 -18.5695
19 38 -18.7293
19 39 -18.8647
19 40 -18.9939
20 -10 -10.5651
20 -9 -10.5123
20 -8 -10.4565
20 -7 -10.4453
20 -6 -10.4401
20 -5 -10.3889
20 -4 -10.3374
20 -3 -10.3396
20 -2 -10.3253
20 -1 -10.3063
20 0 -10.22
20 1 -10.159
20 2 -10.175
20 3 -10.3285
20 4 -10.593
20 5 -11.0078
20 6 -11.2144
20 7 -11.591
20 8 -11.9471
20 9 -12.2528
20 10 -12.6102
20 11 -12.862
20 12 -13.1841
20 13 -13.4839
20 14 -13.7614
20 15 -14.0612
20 16 -14.3045
20 17 -14.5726
20 18 -14.8174
20 19 -15.086
20 20 -15.3146
20 21 -15.5077
20 22 -15.7542
20 23 -15.9846
20 24 -16.2115
20 25 -16.4159
20 26 -16.6419
20 27 -16.8505
20 28 -17.058
20 29 -17.2367
20 30 -17.4092
20 31 -17.5856
20 32 -17.7728
20 33 -17.9454
20 34 -18.1199
20 35 -18.2902
20 36 -18.461
20 37 -18.5856
20 38 -18.7277
20 39 -18.9147
20 40 -19
21 -10 -10.5601
21 -9 -10.5785
21 -8 -10.4979
21 -7 -10.4808
21 -6 -10.4288
21 -5 -10.4308
21 -4 -10.4131
21 -3 -10.3907
21 -2 -10.3452
21 -1 -10.3179
21 0 -10.2682
21 1 -10.1863
21 2 -10.2333
21 3 -10.3769
21 4 -10.6737
21 5 -11.0108
21 6 -11.3078
21 7 -11.6537
21 8 -11.9073
21 9 -12.3079
21 10 -12.5806
21 11 -12.8514
21 12 -13.2164
21 13 -13.5365
21 14 -13.8239
21 15 -14.0512
21 16 -14.3145
21 17 -14.5662
21 18 -14.8722
21 19 -15.1061
21 20 -15.3464
21 21 -15.5974
21 22 -15.7653
21 23 -16.0052
21 24 -16.2184
21 25 -16.4373
21 26 -16.6469
21 27 -16.8126
21 28 -17.0474
21 29 -17.2477
21 30 -17.4299
21 31 -17.6044
21 32 -17.8202
21 33 -17.9588
21 34 -18.177
21 35 -18.2884
21 36 -18.465
21 37 -18.6471
21 38 -18.7521
21 39 -18.9072
21 40 -19.081
22 -10 -10.6211
22 -9 -10.5643
22 -8 -10.5195
22 -7 -10.4796
22 -6 -10.4796
22 -5 -10.4661
22 -4 -10.4451
22 -3 -10.4249
22 -2 -10.3623
22 -1 -10.3065
22 0 -10.2214
22 1 -10.2253
22 2 -10.1889
22 3 -10.4016
22 4 -10.6489
22 5 -11.0349
22 6 -11.2762
22 7 -11.6774
22 8 -12.0199
22 9 -12.2924
22 10 -12.6212
22 11 -12.9383
22 12 -13.2497
22 13 -13.5243
22 14 -13.7933
22 15 -14.0788
22 16 -14.3504
22 17 -14.6058
22 18 -14.8778
22 19 -15.1332
22 20 -15.3606
22 21 -15.605
22 22 -15.8218
22 23 -16.0556
22 24 -16.2313
22 25 -16.5164
22 26 -16.592
22 27 -16.871
22 28 -17.0699
22 29 -17.2411
22 30 -17.4225
22 31 -17.6354
22 32 -17.7983
22 33 -17.9765
22 34 -18.1728
22 35 -18.3216
22 36 -18.4645
22 37 -18.6019
22 38 -18.8113
22 39 -18.9452
22 40 -19.0779
23 -10 -10.6008
23 -9 -10.5833
23 -8 -10.5655
23 -7 -10.4725
23 -6 -10.4422
23 -5 -10.4671
23 -4 -10.4681
23 -3 -10.4163
23 -2 -10.392
23 -1 -10.3349
23 0 -10.2883
23 1 -10.2747
23 2 -10.2534
23 3 -10.437
23 4 -10.6291
23 5 -10.988
23 6 -11.3755
23 7 -11.6835
23 8 -12.0001
23 9 -12.2645
23 10 -12.668
23 11 -12.9622
23 12 -13.2574
23 13 -13.5243
23 14 -13.8699
23 15 -14.15
23 16 -14.4086
23 17 -14.6102
23 18 -14.8787
23 19 -15.123
23 20 -15.3463
23 21 -15.5787
23 22 -15.8542
23 23 -16.0641
23 24 -16.2735
23 25 -16.4877
23 26 -16.6622
23 27 -16.9201
23 28 -17.0955
23 29 -17.2806
23 30 -17.4486
23 31 -17.6856
23 32 -17.8849
23 33 -18.0034
23 34 -18.1643
23 35 -18.3063
23 36 -18.5034
23 37 -18.6173
23 38 -18.8088
23 39 -18.9536
23 40 -19.0541
24 -10 -10.6273
24 -9 -10.5834
24 -8 -10.573
24 -7 -10.5411
24 -6 -10.5065
24 -5 -10.4968
24 -4 -10.4944
24 -3 -10.4044
24 -2 -10.4293
24 -1 -10.3342
24 0 -10.3044
24 1 -10.2637
24 2 -10.249
24 3 -10.4683
24 4 -10.7905
24 5 -11.0337
24 6 -11.3045
24 7 -11.7577
24 8 -11.9847
24 9 -12.3547
24 10 -12.7007
24 11 -12.9974
24 12 -13.3064
24 13 -13.5288
24 14 -13.8342
24 15 -14.1247
24 16 -14.3489
24 17 -14.6476
24 18 -14.9093
24 19 -15.1536
24 20 -15.4011
24 21 -15.6256
24 22 -15.8934
24 23 -16.0846
24 24 -16.3003
24 25 -16.501
24 26 -16.7119
24 27 -16.9472
24 28 -17.1581
24 29 -17.2944
24 30 -17.4882
24 31 -17.7136
24 32 -17.863
24 33 -18.0603
24 34 -18.1834
24 35 -18.3616
24 36 -18.5419
24 37 -18.6964
24 38 -18.813
24 39 -18.9515
24 40 -19.1133
25 -10 -10.6141
25 -9 -10.6122
25 -8 -10.5632
25 -7 -10.5566
25 -6 -10.5537
25 -5 -10.5371
25 -4 -10.4703
25 -3 -10.4674
25 -2 -10.4251
25 -1 -10.3563
25 0 -10.3257
25 1 -10.3034
25 2 -10.307
25 3 -10.4402
25 4 -10.7447
25 5 -11.0517
25 6 -11.3265
25 7 -11.6993
25 8 -12.0435
25 9 -12.3872
25 10 -12.7386
25 11 -13.006
25 12 -13.3037
25 13 -13.5887
25 14 -13.8518
25 15 -14.1603
25 16 -14.4309
25 17 -14.6784
25 18 -14.9355
25 19 -15.1597
25 20 -15.4545
25 21 -15.6658
25 22 -15.9247
25 23 -16.093
25 24 -16.2742
25 25 -16.5404
25 26 -16.7439
25 27 -16.9125
25 28 -17.1269
25 29 -17.3091
25 30 -17.5333
25 31 -17.6978
25 32 -17.869
25 33 -18.0331
25 34 -18.2267
25 35 -18.4074
25 36 -18.5285
25 37 -18.6702
25 38 -18.8507
25 39 -18.9948
25 40 -19.1426
26 -10 -10.6381
26 -9 -10.6118
26 -8 -10.6059
26 -7 -10.594
26 -6 -10.5398
26 -5 -10.5643
26 -4 -10.5169
26 -3 -10.4754
26 -2 -10.3691
26 -1 -10.4116
26 0 -10.3543
26 1 -10.2849
26 2 -10.3077
26 3 -10.484
26 4 -10.7538
26 5 -11.14
26 6 -11.3543
26 7 -11.7194
26 8 -12.0299
26 9 -12.3715
26 10 -12.7315
26 11 -13.0495
26 12 -13.3604
26 13 -13.6246
26 14 -13.8694
26 15 -14.1916
26 16 -14.3943
26 17 -14.686
26 18 -15.0072
26 19 -15.1789
26 20 -15.4754
26 21 -15.6845
26 22 -15.8891
26 23 -16.1222
26 24 -16.3244
26 25 -16.5216
26 26 -16.7707
26 27 -16.9106
26 28 -17.2163
26 29 -17.367
26 30 -17.5448
26 31 -17.724
26 32 -17.8868
26 33 -18.0644
26 34 -18.2719
26 35 -18.387
26 36 -18.5742
26 37 -18.7534
26 38 -18.8766
26 39 -19.0048
26 40 -19.1303
27 -10 -10.6742
27 -9 -10.6189
27 -8 -10.6233
27 -7 -10.6121
27 -6 -10.5438
27 -5 -10.5613
27 -4 -10.5291
27 -3 -10.5294
27 -2 -10.4483
27 -1 -10.3905
27 0 -10.3856
27 1 -10.3356
27 2 -10.3626
27 3 -10.5114
27 4 -10.772
27 5 -11.0115
27 6 -11.4661
27 7 -11.6957
27 8 -12.1132
27 9 -12.4055
27 10 -12.7081
27 11 -13.0723
27 12 -13.3582
27 13 -13.6769
27 14 -13.9314
27 15 -14.1998
27 16 -14.4511
27 17 -14.7104
27 18 -14.9468
27 19 -15.2503
27 20 -15.4607
27 21 -15.7105
27 22 -15.8927
27 23 -16.115
27 24 -16.3811
27 25 -16.5989
27 26 -16.8029
27 27 -16.9864
27 28 -17.2008
27 29 -17.3757
27 30 -17.546
27 31 -17.7382
27 32 -17.9318
27 33 -18.0562
27 34 -18.2367
27 35 -18.4075
27 36 -18.5524
27 37 -18.7332
27 38 -18.8747
27 39 -19.0188
27 40 -19.1769
28 -10 -10.6546
28 -9 -10.6829
28 -8 -10.6173
28 -7 -10.6242
28 -6 -10.6106
28 -5 -10.5568
28 -4 -10.5377
28 -3 -10.4841
28 -2 -10.4813
28 -1 -10.4421
28 0 -10.3896
28 1 -10.385
28 2 -10.3581
28 3 -10.5627
28 4 -10.79
28 5 -11.1491
28 6 -11.4363
28 7 -11.7632
28 8 -12.095
28 9 -12.4328
28 10 -12.6974
28 11 -13.0531
28 12 -13.3141
28 13 -13.6331
28 14 -13.9516
28 15 -14.2263
28 16 -14.4947
28 17 -14.7199
28 18 -15.0214
28 19 -15.217
28 20 -15.5364
28 21 -15.7059
28 22 -15.9317
28 23 -16.1582
28 24 -16.351
28 25 -16.5867
28 26 -16.8438
28 27 -17.0056
28 28 -17.2031
28 29 -17.4095
28 30 -17.5614
28 31 -17.7717
28 32 -17.9193
28 33 -18.0992
28 34 -18.2883
28 35 -18.4667
28 36 -18.5761
28 37 -18.7581
28 38 -18.9136
28 39 -19.0496
28 40 -19.1817
29 -10 -10.7271
29 -9 -10.6866
29 -8 -10.6742
29 -7 -10.6086
29 -6 -10.5859
29 -5 -10.5689
29 -4 -10.5494
29 -3 -10.5634
29 -2 -10.4656
29 -1 -10.4491
29 0 -10.4435
29 1 -10.3576
29 2 -10.3508
29 3 -10.5164
29 4 -10.8097
29 5 -11.2041
29 6 -11.4482
29 7 -11.7791
29 8 -12.1388
29 9 -12.4627
29 10 -12.7925
29 11 -13.0735
29 12 -13.3719
29 13 -13.6734
29 14 -13.9428
29 15 -14.2907
29 16 -14.5053
29 17 -14.7501
29 18 -15.0224
29 19 -15.2934
29 20 -15.4649
29 21 -15.7512
29 22 -15.9396
29 23 -16.208
29 24 -16.4025
29 25 -16.5581
29 26 -16.8266
29 27 -17.0236
29 28 -17.2032
29 29 -17.3716
29 30 -17.5909
29 31 -17.7921
29 32 -17.9446
29 33 -18.1031
29 34 -18.2437
29 35 -18.453
29 36 -18.6262
29 37 -18.768
29 38 -18.8921
29 39 -19.0565
29 40 -19.1931
30 -10 -10.743
30 -9 -10.7001
30 -8 -10.6722
30 -7 -10.6386
30 -6 -10.6134
30 -5 -10.6171
30 -4 -10.5647
30 -3 -10.5697
30 -2 -10.4866
30 -1 -10.4472
30 0 -10.434
30 1 -10.3588
30 2 -10.3463
30 3 -10.5556
30 4 -10.8409
30 5 -11.1201
30 6 -11.4441
30 7 -11.7887
30 8 -12.1643
30 9 -12.4644
30 10 -12.7664
30 11 -13.084
30 12 -13.3741
30 13 -13.7153
30 14 -13.993
30 15 -14.2101
30 16 -14.5045
30 17 -14.7756
30 18 -15.0271
30 19 -15.2848
30 20 -15.5104
30 21 -15.7391
30 22 -15.9559
30 23 -16.2148
30 24 -16.3953
30 25 -16.5889
30 26 -16.8153
30 27 -16.9995
30 28 -17.2547
30 29 -17.4626
30 30 -17.5909
30 31 -17.7785
30 32 -17.954
30 33 -18.1337
30 34 -18.3008
30 35 -18.4485
30 36 -18.6046
30 37 -18.7877
30 38 -18.923
30 39 -19.0632
30 40 -19.2115
31 -10 -10.7361
31 -9 -10.7243
31 -8 -10.6964
31 -7 -10.6895
31 -6 -10.6186
31 -5 -10.5945
31 -4 -10.5856
31 -3 -10.5644
31 -2 -10.4998
31 -1 -10.4701
31 0 -10.4386
31 1 -10.3952
31 2 -10.4129
31 3 -10.5624
31 4 -10.8343
31 5 -11.2148
31 6 -11.5085
31 7 -11.7892
31 8 -12.1397
31 9 -12.4643
31 10 -12.7741
31 11 -13.1405
31 12 -13.3795
31 13 -13.6881
31 14 -14.014
31 15 -14.2273
31 16 -14.5054
31 17 -14.7711
31 18 -15.0557
31 19 -15.2881
31 20 -15.5221
31 21 -15.7553
31 22 -16.0081
31 23 -16.2149
31 24 -16.4288
31 25 -16.6294
31 26 -16.8666
31 27 -17.0369
31 28 -17.2428
31 29 -17.4735
31 30 -17.6397
31 31 -17.7968
31 32 -17.9893
31 33 -18.1571
31 34 -18.29
31 35 -18.4899
31 36 -18.6425
31 37 -18.796
31 38 -18.9771
31 39 -19.1079
31 40 -19.2112
32 -10 -10.7476
32 -9 -10.7287
32 -8 -10.6753
32 -7 -10.6621
32 -6 -10.6765
32 -5 -10.6249
32 -4 -10.6111
32 -3 -10.5388
32 -2 -10.5359
32 -1 -10.4951
32 0 -10.4636
32 1 -10.4064
32 2 -10.4482
32 3 -10.597
32 4 -10.8558
32 5 -11.1906
32 6 -11.5389
32 7 -11.8636
32 8 -12.133
32 9 -12.4437
32 10 -12.8343
32 11 -13.1334
32 12 -13.4302
32 13 -13.7452
32 14 -13.972
32 15 -14.3144
32 16 -14.5038
32 17 -14.8134
32 18 -15.0625
32 19 -15.2807
32 20 -15.5494
32 21 -15.7889
32 22 -16.0246
32 23 -16.2177
32 24 -16.4565
32 25 -16.6499
32 26 -16.8249
32 27 -17.0515
32 28 -17.2764
32 29 -17.4652
32 30 -17.6528
32 31 -17.8239
32 32 -17.9821
32 33 -18.1351
32 34 -18.3191
32 35 -18.4962
32 36 -18.6516
32 37 -18.8249
32 38 -18.9716
32 39 -19.0946
32 40 -19.2693
33 -10 -10.719
33 -9 -10.7336
33 -8 -10.7077
33 -7 -10.649
33 -6 -10.6667
33 -5 -10.6248
33 -4 -10.6254
33 -3 -10.5853
33 -2 -10.5159
33 -1 -10.4871
33 0 -10.4977
33 1 -10.4381
33 2 -10.4265
33 3 -10.583
33 4 -10.9108
33 5 -11.1633
33 6 -11.5135
33 7 -11.8333
33 8 -12.2065
33 9 -12.4842
33 10 -12.8327
33 11 -13.1111
33 12 -13.4646
33 13 -13.742
33 14 -13.9894
33 15 -14.3158
33 16 -14.5742
33 17 -14.8463
33 18 -15.081
33 19 -15.2992
33 20 -15.5852
33 21 -15.8313
33 22 -16.0217
33 23 -16.2308
33 24 -16.4412
33 25 -16.6624
33 26 -16.8717
33 27 -17.0854
33 28 -17.2833
33 29 -17.4605
33 30 -17.6512
33 31 -17.8403
33 32 -18.0169
33 33 -18.2087
33 34 -18.3558
33 35 -18.5053
33 36 -18.6884
33 37 -18.8192
33 38 -18.989
33 39 -19.1179
33 40 -19.2688
34 -10 -10.7429
34 -9 -10.774
34 -8 -10.7268
34 -7 -10.6946
34 -6 -10.6903
34 -5 -10.6902
34 -4 -10.6291
34 -3 -10.6491
34 -2 -10.5503
34 -1 -10.5105
34 0 -10.4941
34 1 -10.4431
34 2 -10.4351
34 3 -10.6332
34 4 -10.8804
34 5 -11.2261
34 6 -11.5358
34 7 -11.8949
34 8 -12.2049
34 9 -12.5664
34 10 -12.8461
34 11 -13.1949
34 12 -13.4799
34 13 -13.7644
34 14 -14.0379
34 15 -14.3165
34 16 -14.5882
34 17 -14.8391
34 18 -15.0907
34 19 -15.3594
34 20 -15.5857
34 21 -15.8117
34 22 -16.0692
34 23 -16.2482
34 24 -16.4685
34 25 -16.6529
34 26 -16.9285
34 27 -17.1101
34 28 -17.2664
34 29 -17.5196
34 30 -17.6962
34 31 -17.8434
34 32 -18.0295
34 33 -18.2187
34 34 -18.3678
34 35 -18.5137
34 36 -18.7134
34 37 -18.8564
34 38 -18.9705
34 39 -19.1409
34 40 -19.273
35 -10 -10.7916
35 -9 -10.7456
35 -8 -10.7417
35 -7 -10.6839
35 -6 -10.6772
35 -5 -10.6556
35 -4 -10.6696
35 -3 -10.632
35 -2 -10.5989
35 -1 -10.5445
35 0 -10.539
35 1 -10.4702
35 2 -10.4398
35 3 -10.6161
35 4 -10.8599
35 5 -11.198
35 6 -11.5865
35 7 -11.9049
35 8 -12.2234
35 9 -12.5319
35 10 -12.8474
35 11 -13.1873
35 12 -13.4894
35 13 -13.7579
35 14 -14.028
35 15 -14.2907
35 16 -14.5817
35 17 -14.8421
35 18 -15.1109
35 19 -15.3396
35 20 -15.576
35 21 -15.8253
35 22 -16.0629
35 23 -16.2924
35 24 -16.4759
35 25 -16.6973
35 26 -16.9353
35 27 -17.1132
35 28 -17.3151
35 29 -17.5349
35 30 -17.6673
35 31 -17.889
35 32 -18.0543
35 33 -18.1936
35 34 -18.3604
35 35 -18.5499
35 36 -18.706
35 37 -18.8435
35 38 -18.9809
35 39 -19.1602
35 40 -19.2901
36 -10 -10.7948
36 -9 -10.775
36 -8 -10.7536
36 -7 -10.745
36 -6 -10.6931
36 -5 -10.6715
36 -4 -10.6526
36 -3 -10.621
36 -2 -10.5975
36 -1 -10.5628
36 0 -10.5231
36 1 -10.4895
36 2 -10.5255
36 3 -10.6554
36 4 -10.937
36 5 -11.197
36 6 -11.5863
36 7 -11.9158
36 8 -12.1939
36 9 -12.5779
36 10 -12.8728
36 11 -13.1817
36 12 -13.5376
36 13 -13.7762
36 14 -14.0419
36 15 -14.372
36 16 -14.5976
36 17 -14.8609
36 18 -15.0868
36 19 -15.3561
36 20 -15.5704
36 21 -15.8265
36 22 -16.0705
36 23 -16.3148
36 24 -16.4635
36 25 -16.7502
36 26 -16.9308
36 27 -17.142
36 28 -17.2899
36 29 -17.5154
36 30 -17.7158
36 31 -17.8663
36 32 -18.0285
36 33 -18.2067
36 34 -18.3771
36 35 -18.5269
36 36 -18.723
36 37 -18.8693
36 38 -19.012
36 39 -19.1299
36 40 -19.2841
37 -10 -10.7961
37 -9 -10.7873
37 -8 -10.717
37 -7 -10.7597
37 -6 -10.7138
37 -5 -10.6708
37 -4 -10.6753
37 -3 -10.6229
37 -2 -10.6344
37 -1 -10.5499
37 0 -10.5405
37 1 -10.4544
37 2 -10.5263
37 3 -10.6581
37 4 -10.93
37 5 -11.2614
37 6 -11.6027
37 7 -11.9042
37 8 -12.2622
37 9 -12.5855
37 10 -12.8938
37 11 -13.1889
37 12 -13.4967
37 13 -13.7879
37 14 -14.092
37 15 -14.3293
37 16 -14.596
37 17 -14.8744
37 18 -15.1175
37 19 -15.3681
37 20 -15.6111
37 21 -15.8078
37 22 -16.0671
37 23 -16.305
37 24 -16.5102
37 25 -16.7532
37 26 -16.9514
37 27 -17.1041
37 28 -17.3258
37 29 -17.5368
37 30 -17.7014
37 31 -17.8713
37 32 -18.0724
37 33 -18.238
37 34 -18.4166
37 35 -18.5623
37 36 -18.7243
37 37 -18.8752
37 38 -19.0156
37 39 -19.1717
37 40 -19.293
38 -10 -10.7875
38 -9 -10.7965
38 -8 -10.7877
38 -7 -10.7316
38 -6 -10.6965
38 -5 -10.7065
38 -4 -10.647
38 -3 -10.6516
38 -2 -10.6068
38 -1 -10.5679
38 0 -10.5626
38 1 -10.5332
38 2 -10.5126
38 3 -10.6685
38 4 -10.9373
38 5 -11.2657
38 6 -11.5794
38 7 -11.9046
38 8 -12.2047
38 9 -12.5851
38 10 -12.8889
38 11 -13.1669
38 12 -13.5361
38 13 -13.7729
38 14 -14.0802
38 15 -14.3906
38 16 -14.6279
38 17 -14.8764
38 18 -15.1511
38 19 -15.3688
38 20 -15.5945
38 21 -15.8431
38 22 -16.1229
38 23 -16.2925
38 24 -16.5579
38 25 -16.7082
38 26 -16.9453
38 27 -17.1583
38 28 -17.3346
38 29 -17.5183
38 30 -17.7193
38 31 -17.9044
38 32 -18.1025
38 33 -18.2455
38 34 -18.4028
38 35 -18.5672
38 36 -18.7412
38 37 -18.8973
38 38 -19.0333
38 39 -19.1704
38 40 -19.3308
39 -10 -10.8341
39 -9 -10.8049
39 -8 -10.7975
39 -7 -10.7499
39 -6 -10.7389
39 -5 -10.7225
39 -4 -10.676
39 -3 -10.6706
39 -2 -10.6409
39 -1 -10.6378
39 0 -10.5719
39 1 -10.4876
39 2 -10.5379
39 3 -10.7098
39 4 -10.9678
39 5 -11.2982
39 6 -11.6144
39 7 -11.9433
39 8 -12.2354
39 9 -12.62
39 10 -12.9022
39 11 -13.2069
39 12 -13.4838
39 13 -13.7981
39 14 -14.0699
39 15 -14.3798
39 16 -14.6027
39 17 -14.9022
39 18 -15.1708
39 19 -15.3804
39 20 -15.6429
39 21 -15.8553
39 22 -16.1267
39 23 -16.3468
39 24 -16.5496
39 25 -16.7284
39 26 -16.9719
39 27 -17.1662
39 28 -17.3344
39 29 -17.5453
39 30 -17.7203
39 31 -17.9079
39 32 -18.0945
39 33 -18.2592
39 34 -18.429
39 35 -18.5765
39 36 -18.75
39 37 -18.9073
39 38 -19.0603
39 39 -19.183
39 40 -19.3279
40 -10 -10.8173
40 -9 -10.807
40 -8 -10.7868
40 -7 -10.7639
40 -6 -10.7478
40 -5 -10.7487
40 -4 -10.6885
40 -3 -10.67
40 -2 -10.6238
40 -1 -10.5708
40 0 -10.584
40 1 -10.5027
40 2 -10.494
40 3 -10.6604
40 4 -10.9614
40 5 -11.2928
40 6 -11.6101
40 7 -11.9826
40 8 -12.3086
40 9 -12.6033
40 10 -12.9448
40 11 -13.2315
40 12 -13.5442
40 13 -13.8001
40 14 -14.0944
40 15 -14.3559
40 16 -14.6431
40 17 -14.9304
40 18 -15.1651
40 19 -15.383
40 20 -15.6153
40 21 -15.8797
40 22 -16.1214
40 23 -16.2734
40 24 -16.5586
40 25 -16.7418
40 26 -16.9778
40 27 -17.1647
40 28 -17.3432
40 29 -17.5534
40 30 -17.7571
40 31 -17.9365
40 32 -18.1129
40 33 -18.263
40 34 -18.455
40 35 -18.5777
40 36 -18.7685
40 37 -18.9162
40 38 -19.0442
40 39 -19.1963
40 40 -19.3329
