-10 -10 -7.9044
-10 -9 -7.89003
-10 -8 -7.89306
-10 -7 -7.89009
-10 -6 -7.86641
-10 -5 -7.82647
-10 -4 -7.79947
-10 -3 -7.76243
-10 -2 -7.72697
-10 -1 -7.74577
-10 0 -7.70676
-10 1 -7.68518
-10 2 -7.72607
-10 3 -7.88791
-10 4 -8.14059
-10 5 -8.45262
-10 6 -8.79605
-10 7 -9.12895
-10 8 -9.43906
-10 9 -9.76004
-10 10 -10.0777
-10 11 -10.3694
-10 12 -10.6679
-10 13 -10.9442
-10 14 -11.2329
-10 15 -11.4901
-10 16 -11.7487
-10 17 -11.9954
-10 18 -12.2447
-10 19 -12.4682
-10 20 -12.7099
-10 21 -12.9298
-10 22 -13.1487
-10 23 -13.3507
-10 24 -13.5641
-10 25 -13.7654
-10 26 -13.9684
-10 27 -14.1567
-10 28 -14.3445
-10 29 -14.5327
-10 30 -14.7139
-10 31 -14.8935
-10 32 -15.0614
-10 33 -15.2292
-10 34 -15.3847
-10 35 -15.5539
-10 36 -15.7064
-10 37 -15.854
-10 38 -15.9959
-10 39 -16.1422
-10 40 -16.2764
-9 -10 -7.89208
-9 -9 -7.89306
-9 -8 -7.88933
-9 -7 -7.87094
-9 -6 -7.82751
-9 -5 -7.8019
-9 -4 -7.7629
-9 -3 -7.72935
-9 -2 -7.7406
-9 -1 -7.71424
-9 0 -7.67583
-9 1 -7.62303
-9 2 -7.65811
-9 3 -7.82168
-9 4 -8.08213
-9 5 -8.3915
-9 6 -8.72786
-9 7 -9.05369
-9 8 -9.37674
-9 9 -9.70045
-9 10 -10.0207
-9 11 -10.3145
-9 12 -10.6144
-9 13 -10.9106
-9 14 -11.1874
-9 15 -11.4537
-9 16 -11.7211
-9 17 -11.9681
-9 18 -12.2277
-9 19 -12.4731
-9 20 -12.7033
-9 21 -12.9268
-9 22 -13.1499
-9 23 -13.3713
-9 24 -13.5754
-9 25 -13.7725
-9 26 -13.9787
-9 27 -14.1685
-9 28 -14.3555
-9 29 -14.539
-9 30 -14.7153
-9 31 -14.8869
-9 32 -15.0606
-9 33 -15.2215
-9 34 -15.3929
-9 35 -15.5515
-9 36 -15.7048
-9 37 -15.8542
-9 38 -16.0083
-9 39 -16.151
-9 40 -16.2875
-8 -10 -7.8926
-8 -9 -7.89185
-8 -8 -7.86128
-8 -7 -7.82866
-8 -6 -7.79685
-8 -5 -7.76725
-8 -4 -7.72929
-8 -3 -7.73651
-8 -2 -7.70768
-8 -1 -7.68011
-8 0 -7.62613
-8 1 -7.58549
-8 2 -7.60905
-8 3 -7.76365
-8 4 -8.03839
-8 5 -8.34241
-8 6 -8.67685
-8 7 -9.01151
-8 8 -9.32818
-8 9 -9.65019
-8 10 -9.95752
-8 11 -10.2619
-8 12 -10.5511
-8 13 -10.8341
-8 14 -11.1244
-8 15 -11.3879
-8 16 -11.6546
-8 17 -11.9196
-8 18 -12.1641
-8 19 -12.3997
-8 20 -12.6386
-8 21 -12.8869
-8 22 -13.0982
-8 23 -13.3289
-8 24 -13.5538
-8 25 -13.7647
-8 26 -13.9661
-8 27 -14.1544
-8 28 -14.3525
-8 29 -14.533
-8 30 -14.716
-8 31 -14.889
-8 32 -15.0577
-8 33 -15.2257
-8 34 -15.3894
-8 35 -15.5455
-8 36 -15.6952
-8 37 -15.8501
-8 38 -15.9914
-8 39 -16.1241
-8 40 -16.2679
-7 -10 -7.88709
-7 -9 -7.86492
-7 -8 -7.82347
-7 -7 -7.79612
-7 -6 -7.7638
-7 -5 -7.73619
-7 -4 -7.74049
-7 -3 -7.71362
-7 -2 -7.67106
-7 -1 -7.62423
-7 0 -7.58768
-7 1 -7.54804
-7 2 -7.59396
-7 3 -7.77147
-7 4 -8.01341
-7 5 -8.32625
-7 6 -8.64031
-7 7 -8.95523
-7 8 -9.29067
-7 9 -9.59959
-7 10 -9.90668
-7 11 -10.2186
-7 12 -10.4909
-7 13 -10.7788
-7 14 -11.0558
-7 15 -11.3279
-7 16 -11.5866
-7 17 -11.841
-7 18 -12.096
-7 19 -12.3313
-7 20 -12.566
-7 21 -12.8056
-7 22 -13.0283
-7 23 -13.2529
-7 24 -13.4781
-7 25 -13.6866
-7 26 -13.898
-7 27 -14.0971
-7 28 -14.301
-7 29 -14.4992
-7 30 -14.6989
-7 31 -14.8755
-7 32 -15.0532
-7 33 -15.2124
-7 34 -15.3748
-7 35 -15.528
-7 36 -15.6879
-7 37 -15.8376
-7 38 -15.969
-7 39 -16.1214
-7 40 -16.2527
-6 -10 -7.86769
-6 -9 -7.82713
-6 -8 -7.79173
-6 -7 -7.76313
-6 -6 -7.73595
-6 -5 -7.74002
-6 -4 -7.70946
-6 -3 -7.68388
-6 -2 -7.62391
-6 -1 -7.58608
-6 0 -7.53744
-6 1 -7.52793
-6 2 -7.57362
-6 3 -7.75926
-6 4 -8.04002
-6 5 -8.32575
-6 6 -8.64535
-6 7 -8.96873
-6 8 -9.28679
-6 9 -9.59457
-6 10 -9.89279
-6 11 -10.1876
-6 12 -10.4708
-6 13 -10.7622
-6 14 -11.0292
-6 15 -11.2994
-6 16 -11.5547
-6 17 -11.8081
-6 18 -12.0621
-6 19 -12.3014
-6 20 -12.5423
-6 21 -12.7691
-6 22 -12.9889
-6 23 -13.1988
-6 24 -13.4179
-6 25 -13.6307
-6 26 -13.8406
-6 27 -14.0486
-6 28 -14.2419
-6 29 -14.4347
-6 30 -14.6094
-6 31 -14.8021
-6 32 -14.9817
-6 33 -15.1569
-6 34 -15.3344
-6 35 -15.5029
-6 36 -15.6546
-6 37 -15.811
-6 38 -15.9619
-6 39 -16.098
-6 40 -16.2432
-5 -10 -7.83826
-5 -9 -7.80072
-5 -8 -7.75443
-5 -7 -7.73525
-5 -6 -7.74106
-5 -5 -7.71465
-5 -4 -7.68282
-5 -3 -7.62939
-5 -2 -7.58763
-5 -1 -7.54529
-5 0 -7.53072
-5 1 -7.51412
-5 2 -7.56772
-5 3 -7.7489
-5 4 -8.02462
-5 5 -8.31638
-5 6 -8.64231
-5 7 -8.96555
-5 8 -9.28295
-5 9 -9.60024
-5 10 -9.91041
-5 11 -10.2025
-5 12 -10.4883
-5 13 -10.76
-5 14 -11.0255
-5 15 -11.2824
-5 16 -11.5488
-5 17 -11.7931
-5 18 -12.0402
-5 19 -12.2823
-5 20 -12.5196
-5 21 -12.7386
-5 22 -12.9633
-5 23 -13.1737
-5 24 -13.3899
-5 25 -13.5935
-5 26 -13.8035
-5 27 -13.9985
-5 28 -14.1914
-5 29 -14.3803
-5 30 -14.5604
-5 31 -14.7504
-5 32 -14.9258
-5 33 -15.0985
-5 34 -15.2633
-5 35 -15.4379
-5 36 -15.5903
-5 37 -15.7502
-5 38 -15.9037
-5 39 -16.0437
-5 40 -16.1843
-4 -10 -7.79398
-4 -9 -7.76369
-4 -8 -7.74684
-4 -7 -7.74508
-4 -6 -7.72178
-4 -5 -7.7075
-4 -4 -7.64943
-4 -3 -7.61211
-4 -2 -7.56133
-4 -1 -7.53367
-4 0 -7.51837
-4 1 -7.52382
-4 2 -7.59182
-4 3 -7.73254
-4 4 -7.99454
-4 5 -8.30217
-4 6 -8.62192
-4 7 -8.9687
-4 8 -9.30301
-4 9 -9.61502
-4 10 -9.91958
-4 11 -10.2043
-4 12 -10.4997
-4 13 -10.7821
-4 14 -11.0521
-4 15 -11.3173
-4 16 -11.5598
-4 17 -11.8117
-4 18 -12.0504
-4 19 -12.2826
-4 20 -12.5113
-4 21 -12.7318
-4 22 -12.9526
-4 23 -13.1613
-4 24 -13.3779
-4 25 -13.5748
-4 26 -13.7746
-4 27 -13.9799
-4 28 -14.1691
-4 29 -14.3606
-4 30 -14.5453
-4 31 -14.7222
-4 32 -14.89
-4 33 -15.0585
-4 34 -15.2354
-4 35 -15.3942
-4 36 -15.552
-4 37 -15.7122
-4 38 -15.845
-4 39 -16.0056
-4 40 -16.1429
-3 -10 -7.77447
-3 -9 -7.75373
-3 -8 -7.74113
-3 -7 -7.74034
-3 -6 -7.72077
-3 -5 -7.6703
-3 -4 -7.62851
-3 -3 -7.58733
-3 -2 -7.55817
-3 -1 -7.5289
-3 0 -7.53823
-3 1 -7.51607
-3 2 -7.51398
-3 3 -7.674
-3 4 -7.96802
-3 5 -8.26686
-3 6 -8.60897
-3 7 -8.91919
-3 8 -9.24084
-3 9 -9.5658
-3 10 -9.88801
-3 11 -10.1981
-3 12 -10.5017
-3 13 -10.789
-3 14 -11.0613
-3 15 -11.3284
-3 16 -11.5795
-3 17 -11.8218
-3 18 -12.0643
-3 19 -12.2999
-3 20 -12.5191
-3 21 -12.7492
-3 22 -12.9639
-3 23 -13.1726
-3 24 -13.3801
-3 25 -13.5776
-3 26 -13.773
-3 27 -13.9718
-3 28 -14.1548
-3 29 -14.3441
-3 30 -14.5265
-3 31 -14.7053
-3 32 -14.8704
-3 33 -15.0434
-3 34 -15.213
-3 35 -15.3715
-3 36 -15.5374
-3 37 -15.6897
-3 38 -15.8343
-3 39 -15.9826
-3 40 -16.1174
-2 -10 -7.77424
-2 -9 -7.75775
-2 -8 -7.75481
-2 -7 -7.74766
-2 -6 -7.7022
-2 -5 -7.65655
-2 -4 -7.60656
-2 -3 -7.56649
-2 -2 -7.55027
-2 -1 -7.54375
-2 0 -7.56242
-2 1 -7.46646
-2 2 -7.48083
-2 3 -7.63609
-2 4 -7.89881
-2 5 -8.21093
-2 6 -8.52902
-2 7 -8.85691
-2 8 -9.177
-2 9 -9.50091
-2 10 -9.82339
-2 11 -10.132
-2 12 -10.4393
-2 13 -10.731
-2 14 -11.0116
-2 15 -11.3085
-2 16 -11.5631
-2 17 -11.8357
-2 18 -12.0989
-2 19 -12.3276
-2 20 -12.5605
-2 21 -12.786
-2 22 -12.9991
-2 23 -13.2081
-2 24 -13.4179
-2 25 -13.6066
-2 26 -13.8079
-2 27 -13.9974
-2 28 -14.1881
-2 29 -14.3704
-2 30 -14.55
-2 31 -14.7276
-2 32 -14.8969
-2 33 -15.0661
-2 34 -15.2216
-2 35 -15.3843
-2 36 -15.5436
-2 37 -15.6857
-2 38 -15.8355
-2 39 -15.9785
-2 40 -16.1151
-1 -10 -7.76973
-1 -9 -7.76478
-1 -8 -7.77208
-1 -7 -7.73593
-1 -6 -7.66974
-1 -5 -7.62567
-1 -4 -7.571
-1 -3 -7.5535
-1 -2 -7.56919
-1 -1 -7.57298
-1 0 -7.51079
-1 1 -7.4456
-1 2 -7.46919
-1 3 -7.63482
-1 4 -7.90432
-1 5 -8.21184
-1 6 -8.52156
-1 7 -8.83357
-1 8 -9.16918
-1 9 -9.47664
-1 10 -9.79391
-1 11 -10.0894
-1 12 -10.3977
-1 13 -10.69
-1 14 -10.9744
-1 15 -11.2632
-1 16 -11.5171
-1 17 -11.7919
-1 18 -12.0369
-1 19 -12.3
-1 20 -12.5524
-1 21 -12.804
-1 22 -13.0336
-1 23 -13.2452
-1 24 -13.4559
-1 25 -13.652
-1 26 -13.8474
-1 27 -14.033
-1 28 -14.2277
-1 29 -14.4024
-1 30 -14.5779
-1 31 -14.7562
-1 32 -14.9218
-1 33 -15.0817
-1 34 -15.2459
-1 35 -15.4055
-1 36 -15.557
-1 37 -15.7006
-1 38 -15.8538
-1 39 -15.9906
-1 40 -16.1262
0 -10 -7.76875
0 -9 -7.78818
0 -8 -7.78027
0 -7 -7.73455
0 -6 -7.67387
0 -5 -7.65047
0 -4 -7.59213
0 -3 -7.5748
0 -2 -7.58381
0 -1 -7.55537
0 0 -7.46655
0 1 -7.41003
0 2 -7.47054
0 3 -7.63518
0 4 -7.90198
0 5 -8.21988
0 6 -8.53143
0 7 -8.85142
0 8 -9.18046
0 9 -9.50291
0 10 -9.80473
0 11 -10.101
0 12 -10.4023
0 13 -10.678
0 14 -10.9564
0 15 -11.2291
0 16 -11.5031
0 17 -11.7728
0 18 -12.0329
0 19 -12.2762
0 20 -12.5161
0 21 -12.7602
0 22 -12.9911
0 23 -13.2354
0 24 -13.4703
0 25 -13.6833
0 26 -13.8824
0 27 -14.0721
0 28 -14.2576
0 29 -14.4346
0 30 -14.6181
0 31 -14.7884
0 32 -14.9638
0 33 -15.1184
0 34 -15.284
0 35 -15.4349
0 36 -15.5887
0 37 -15.7425
0 38 -15.88
0 39 -16.0189
0 40 -16.1618
1 -10 -7.80484
1 -9 -7.80451
1 -8 -7.78666
1 -7 -7.72807
1 -6 -7.6968
1 -5 -7.6586
1 -4 -7.65405
1 -3 -7.64306
1 -2 -7.63768
1 -1 -7.58375
1 0 -7.47277
1 1 -7.40654
1 2 -7.46098
1 3 -7.63581
1 4 -7.91706
1 5 -8.23498
1 6 -8.55134
1 7 -8.86689
1 8 -9.19405
1 9 -9.51555
1 10 -9.8351
1 11 -10.1282
1 12 -10.4283
1 13 -10.7164
1 14 -10.9895
1 15 -11.2632
1 16 -11.5298
1 17 -11.7977
1 18 -12.0531
1 19 -12.3035
1 20 -12.548
1 21 -12.797
1 22 -13.0396
1 23 -13.2691
1 24 -13.4985
1 25 -13.732
1 26 -13.9316
1 27 -14.1297
1 28 -14.3159
1 29 -14.5043
1 30 -14.6741
1 31 -14.8447
1 32 -15.0166
1 33 -15.182
1 34 -15.3398
1 35 -15.4947
1 36 -15.6427
1 37 -15.7945
1 38 -15.9356
1 39 -16.0776
1 40 -16.2204
2 -10 -7.87654
2 -9 -7.87408
2 -8 -7.8568
2 -7 -7.77332
2 -6 -7.72164
2 -5 -7.71004
2 -4 -7.70021
2 -3 -7.69985
2 -2 -7.69279
2 -1 -7.62831
2 0 -7.53045
2 1 -7.48266
2 2 -7.52011
2 3 -7.71862
2 4 -7.99573
2 5 -8.30113
2 6 -8.61779
2 7 -8.93329
2 8 -9.25441
2 9 -9.57714
2 10 -9.88039
2 11 -10.1907
2 12 -10.4846
2 13 -10.7631
2 14 -11.0377
2 15 -11.3086
2 16 -11.578
2 17 -11.8302
2 18 -12.0824
2 19 -12.3324
2 20 -12.5892
2 21 -12.8264
2 22 -13.0657
2 23 -13.2955
2 24 -13.5449
2 25 -13.7563
2 26 -13.9559
2 27 -14.165
2 28 -14.3563
2 29 -14.5494
2 30 -14.7148
2 31 -14.8997
2 32 -15.062
2 33 -15.227
2 34 -15.3896
2 35 -15.5463
2 36 -15.6962
2 37 -15.8352
2 38 -15.9882
2 39 -16.1282
2 40 -16.2609
3 -10 -7.95298
3 -9 -7.94802
3 -8 -7.93257
3 -7 -7.88767
3 -6 -7.82444
3 -5 -7.79377
3 -4 -7.75275
3 -3 -7.74179
3 -2 -7.69509
3 -1 -7.6808
3 0 -7.60069
3 1 -7.52286
3 2 -7.56238
3 3 -7.76147
3 4 -8.03365
3 5 -8.33338
3 6 -8.65372
3 7 -8.96925
3 8 -9.2931
3 9 -9.61519
3 10 -9.91452
3 11 -10.2167
3 12 -10.5235
3 13 -10.8124
3 14 -11.08
3 15 -11.3722
3 16 -11.6406
3 17 -11.894
3 18 -12.1498
3 19 -12.4063
3 20 -12.6688
3 21 -12.9245
3 22 -13.159
3 23 -13.3766
3 24 -13.5928
3 25 -13.7955
3 26 -14.009
3 27 -14.2092
3 28 -14.3951
3 29 -14.5933
3 30 -14.7676
3 31 -14.9452
3 32 -15.1061
3 33 -15.2793
3 34 -15.4452
3 35 -15.5932
3 36 -15.7437
3 37 -15.8976
3 38 -16.0379
3 39 -16.177
3 40 -16.3114
4 -10 -7.97751
4 -9 -7.95746
4 -8 -7.93149
4 -7 -7.92471
4 -6 -7.86854
4 -5 -7.82068
4 -4 -7.79275
4 -3 -7.76642
4 -2 -7.71666
4 -1 -7.69272
4 0 -7.66581
4 1 -7.59128
4 2 -7.64937
4 3 -7.80997
4 4 -8.07288
4 5 -8.3902
4 6 -8.72037
4 7 -9.0569
4 8 -9.37199
4 9 -9.68566
4 10 -10.0131
4 11 -10.3138
4 12 -10.6113
4 13 -10.9027
4 14 -11.1893
4 15 -11.4651
4 16 -11.7289
4 17 -12.0103
4 18 -12.2645
4 19 -12.5178
4 20 -12.7531
4 21 -12.9862
4 22 -13.2055
4 23 -13.4212
4 24 -13.6336
4 25 -13.8353
4 26 -14.0314
4 27 -14.2359
4 28 -14.4327
4 29 -14.6171
4 30 -14.8018
4 31 -14.9833
4 32 -15.1569
4 33 -15.3192
4 34 -15.4826
4 35 -15.6361
4 36 -15.7921
4 37 -15.947
4 38 -16.084
4 39 -16.2261
4 40 -16.364
5 -10 -8.0147
5 -9 -8.00319
5 -8 -7.94956
5 -7 -7.93797
5 -6 -7.90756
5 -5 -7.87246
5 -4 -7.84347
5 -3 -7.78834
5 -2 -7.74563
5 -1 -7.70914
5 0 -7.6977
5 1 -7.70091
5 2 -7.72169
5 3 -7.91366
5 4 -8.1711
5 5 -8.51158
5 6 -8.83058
5 7 -9.16267
5 8 -9.47364
5 9 -9.80044
5 10 -10.1026
5 11 -10.408
5 12 -10.6944
5 13 -10.9666
5 14 -11.259
5 15 -11.538
5 16 -11.7872
5 17 -12.0557
5 18 -12.3001
5 19 -12.538
5 20 -12.7663
5 21 -12.9927
5 22 -13.2197
5 23 -13.4303
5 24 -13.6469
5 25 -13.8507
5 26 -14.0449
5 27 -14.2493
5 28 -14.4464
5 29 -14.6303
5 30 -14.8278
5 31 -15.007
5 32 -15.1906
5 33 -15.3548
5 34 -15.5158
5 35 -15.6748
5 36 -15.8337
5 37 -15.9842
5 38 -16.1335
5 39 -16.2698
5 40 -16.4093
6 -10 -8.06444
6 -9 -8.0147
6 -8 -7.98366
6 -7 -7.95961
6 -6 -7.9619
6 -5 -7.93312
6 -4 -7.91869
6 -3 -7.85125
6 -2 -7.77692
6 -1 -7.75062
6 0 -7.736
6 1 -7.71197
6 2 -7.78382
6 3 -7.97805
6 4 -8.25876
6 5 -8.57033
6 6 -8.87182
6 7 -9.19662
6 8 -9.53007
6 9 -9.84058
6 10 -10.1479
6 11 -10.4406
6 12 -10.7345
6 13 -11.004
6 14 -11.3024
6 15 -11.5678
6 16 -11.8372
6 17 -12.0894
6 18 -12.3312
6 19 -12.5669
6 20 -12.7963
6 21 -13.0199
6 22 -13.2449
6 23 -13.4593
6 24 -13.6607
6 25 -13.8851
6 26 -14.0868
6 27 -14.2815
6 28 -14.4843
6 29 -14.676
6 30 -14.871
6 31 -15.0544
6 32 -15.2304
6 33 -15.4003
6 34 -15.5718
6 35 -15.7338
6 36 -15.896
6 37 -16.047
6 38 -16.1923
6 39 -16.3333
6 40 -16.472
7 -10 -8.12926
7 -9 -8.06953
7 -8 -8.01946
7 -7 -7.99805
7 -6 -7.99877
7 -5 -7.98358
7 -4 -7.97437
7 -3 -7.91487
7 -2 -7.84802
7 -1 -7.78747
7 0 -7.76198
7 1 -7.74638
7 2 -7.82073
7 3 -8.02274
7 4 -8.28695
7 5 -8.5987
7 6 -8.90888
7 7 -9.25443
7 8 -9.56104
7 9 -9.87634
7 10 -10.1728
7 11 -10.4798
7 12 -10.7679
7 13 -11.0418
7 14 -11.3238
7 15 -11.6088
7 16 -11.8587
7 17 -12.1139
7 18 -12.3542
7 19 -12.5958
7 20 -12.8265
7 21 -13.0476
7 22 -13.2755
7 23 -13.4885
7 24 -13.7091
7 25 -13.9193
7 26 -14.1272
7 27 -14.3282
7 28 -14.5275
7 29 -14.7189
7 30 -14.9166
7 31 -15.0989
7 32 -15.2893
7 33 -15.4569
7 34 -15.6314
7 35 -15.7846
7 36 -15.9489
7 37 -16.0998
7 38 -16.2475
7 39 -16.3946
7 40 -16.5338
8 -10 -8.19398
8 -9 -8.1411
8 -8 -8.08356
8 -7 -8.05934
8 -6 -8.05253
8 -5 -8.04693
8 -4 -8.02189
8 -3 -7.99572
8 -2 -7.93198
8 -1 -7.85384
8 0 -7.82574
8 1 -7.80094
8 2 -7.85962
8 3 -8.02921
8 4 -8.28424
8 5 -8.58955
8 6 -8.91955
8 7 -9.25763
8 8 -9.56579
8 9 -9.89907
8 10 -10.2036
8 11 -10.511
8 12 -10.8182
8 13 -11.0977
8 14 -11.3716
8 15 -11.6365
8 16 -11.8964
8 17 -12.1459
8 18 -12.3851
8 19 -12.6212
8 20 -12.8619
8 21 -13.089
8 22 -13.319
8 23 -13.5335
8 24 -13.7641
8 25 -13.9655
8 26 -14.1748
8 27 -14.3863
8 28 -14.5814
8 29 -14.7812
8 30 -14.9777
8 31 -15.174
8 32 -15.3521
8 33 -15.5355
8 34 -15.703
8 35 -15.8661
8 36 -16.0227
8 37 -16.1772
8 38 -16.3286
8 39 -16.4642
8 40 -16.6084
9 -10 -8.2284
9 -9 -8.20914
9 -8 -8.1496
9 -7 -8.09611
9 -6 -8.07262
9 -5 -8.08442
9 -4 -8.06152
9 -3 -8.00604
9 -2 -7.97688
9 -1 -7.91869
9 0 -7.86614
9 1 -7.86123
9 2 -7.8942
9 3 -8.04167
9 4 -8.29627
9 5 -8.61478
9 6 -8.96276
9 7 -9.30448
9 8 -9.64493
9 9 -9.95447
9 10 -10.2621
9 11 -10.563
9 12 -10.8622
9 13 -11.1442
9 14 -11.4044
9 15 -11.6826
9 16 -11.932
9 17 -12.1829
9 18 -12.4356
9 19 -12.6712
9 20 -12.8972
9 21 -13.1333
9 22 -13.3525
9 23 -13.5877
9 24 -13.8021
9 25 -14.0295
9 26 -14.2324
9 27 -14.447
9 28 -14.6476
9 29 -14.8488
9 30 -15.0505
9 31 -15.2396
9 32 -15.4198
9 33 -15.602
9 34 -15.7662
9 35 -15.9241
9 36 -16.0788
9 37 -16.2296
9 38 -16.3728
9 39 -16.5208
9 40 -16.6561
10 -10 -8.24486
10 -9 -8.2079
10 -8 -8.18499
10 -7 -8.13439
10 -6 -8.10803
10 -5 -8.09114
10 -4 -8.08452
10 -3 -8.0287
10 -2 -7.99824
10 -1 -7.95639
10 0 -7.91485
10 1 -7.9047
10 2 -7.94312
10 3 -8.08852
10 4 -8.35028
10 5 -8.66442
10 6 -8.99822
10 7 -9.33458
10 8 -9.67608
10 9 -9.9883
10 10 -10.3039
10 11 -10.615
10 12 -10.9031
10 13 -11.1763
10 14 -11.4522
10 15 -11.7215
10 16 -11.9779
10 17 -12.2428
10 18 -12.4919
10 19 -12.7267
10 20 -12.9669
10 21 -13.2092
10 22 -13.4366
10 23 -13.6567
10 24 -13.8785
10 25 -14.0833
10 26 -14.2984
10 27 -14.502
10 28 -14.7011
10 29 -14.9008
10 30 -15.0839
10 31 -15.2655
10 32 -15.4413
10 33 -15.6142
10 34 -15.7861
10 35 -15.949
10 36 -16.0992
10 37 -16.251
10 38 -16.4
10 39 -16.5447
10 40 -16.6814
11 -10 -8.27409
11 -9 -8.24413
11 -8 -8.21829
11 -7 -8.18527
11 -6 -8.15268
11 -5 -8.12933
11 -4 -8.10911
11 -3 -8.03597
11 -2 -7.99753
11 -1 -7.97711
11 0 -7.95039
11 1 -7.96461
11 2 -8.00333
11 3 -8.14776
11 4 -8.41536
11 5 -8.70777
11 6 -9.04318
11 7 -9.39578
11 8 -9.72935
11 9 -10.0665
11 10 -10.3762
11 11 -10.6676
11 12 -10.9555
11 13 -11.2385
11 14 -11.5033
11 15 -11.7678
11 16 -12.0347
11 17 -12.2882
11 18 -12.5292
11 19 -12.7775
11 20 -13.0105
11 21 -13.2473
11 22 -13.4664
11 23 -13.6889
11 24 -13.9029
11 25 -14.1147
11 26 -14.3324
11 27 -14.5291
11 28 -14.7261
11 29 -14.9205
11 30 -15.1039
11 31 -15.2882
11 32 -15.4604
11 33 -15.6328
11 34 -15.804
11 35 -15.9739
11 36 -16.1313
11 37 -16.2855
11 38 -16.4302
11 39 -16.5698
11 40 -16.7059
12 -10 -8.30011
12 -9 -8.2564
12 -8 -8.2348
12 -7 -8.21905
12 -6 -8.20025
12 -5 -8.18349
12 -4 -8.13441
12 -3 -8.06466
12 -2 -8.02451
12 -1 -7.99568
12 0 -7.97839
12 1 -8.0024
12 2 -8.04826
12 3 -8.19705
12 4 -8.46
12 5 -8.76685
12 6 -9.09983
12 7 -9.43475
12 8 -9.7968
12 9 -10.1148
12 10 -10.4128
12 11 -10.7069
12 12 -10.9915
12 13 -11.2684
12 14 -11.5429
12 15 -11.8054
12 16 -12.0601
12 17 -12.3152
12 18 -12.5562
12 19 -12.7973
12 20 -13.0361
12 21 -13.2723
12 22 -13.4993
12 23 -13.7142
12 24 -13.9286
12 25 -14.139
12 26 -14.3434
12 27 -14.5485
12 28 -14.7391
12 29 -14.9365
12 30 -15.1189
12 31 -15.2916
12 32 -15.4769
12 33 -15.6517
12 34 -15.828
12 35 -15.9865
12 36 -16.155
12 37 -16.3146
12 38 -16.4569
12 39 -16.604
12 40 -16.7453
13 -10 -8.32303
13 -9 -8.28501
13 -8 -8.25626
13 -7 -8.25259
13 -6 -8.23383
13 -5 -8.22704
13 -4 -8.21221
13 -3 -8.11397
13 -2 -8.05196
13 -1 -8.02736
13 0 -8.01281
13 1 -8.01396
13 2 -8.07589
13 3 -8.24161
13 4 -8.4903
13 5 -8.80545
13 6 -9.12563
13 7 -9.4793
13 8 -9.81327
13 9 -10.1285
13 10 -10.4357
13 11 -10.7272
13 12 -11.015
13 13 -11.2848
13 14 -11.5576
13 15 -11.8202
13 16 -12.0831
13 17 -12.3339
13 18 -12.5736
13 19 -12.8267
13 20 -13.0593
13 21 -13.2953
13 22 -13.5248
13 23 -13.7395
13 24 -13.9546
13 25 -14.158
13 26 -14.3595
13 27 -14.56
13 28 -14.7609
13 29 -14.9502
13 30 -15.1348
13 31 -15.3219
13 32 -15.5012
13 33 -15.6703
13 34 -15.8438
13 35 -16.0118
13 36 -16.1768
13 37 -16.3355
13 38 -16.4915
13 39 -16.634
13 40 -16.7763
14 -10 -8.35891
14 -9 -8.32079
14 -8 -8.28952
14 -7 -8.28244
14 -6 -8.26367
14 -5 -8.26101
14 -4 -8.25825
14 -3 -8.18255
14 -2 -8.10103
14 -1 -8.06256
14 0 -8.02749
14 1 -8.03865
14 2 -8.08266
14 3 -8.24379
14 4 -8.50569
14 5 -8.8194
14 6 -9.16745
14 7 -9.49444
14 8 -9.83211
14 9 -10.1469
14 10 -10.4499
14 11 -10.7403
14 12 -11.0306
14 13 -11.3088
14 14 -11.5715
14 15 -11.8459
14 16 -12.1108
14 17 -12.3624
14 18 -12.617
14 19 -12.8511
14 20 -13.085
14 21 -13.3106
14 22 -13.5392
14 23 -13.7523
14 24 -13.9664
14 25 -14.1693
14 26 -14.3708
14 27 -14.5736
14 28 -14.7792
14 29 -14.9696
14 30 -15.1529
14 31 -15.3415
14 32 -15.52
14 33 -15.7058
14 34 -15.878
14 35 -16.0456
14 36 -16.2128
14 37 -16.3667
14 38 -16.5291
14 39 -16.6679
14 40 -16.8034
15 -10 -8.4301
15 -9 -8.37472
15 -8 -8.32414
15 -7 -8.29811
15 -6 -8.30027
15 -5 -8.28171
15 -4 -8.28109
15 -3 -8.2104
15 -2 -8.1441
15 -1 -8.09602
15 0 -8.06832
15 1 -8.05283
15 2 -8.09445
15 3 -8.25491
15 4 -8.5237
15 5 -8.84118
15 6 -9.15673
15 7 -9.51215
15 8 -9.8467
15 9 -10.1592
15 10 -10.4716
15 11 -10.776
15 12 -11.0595
15 13 -11.3375
15 14 -11.6075
15 15 -11.8699
15 16 -12.1339
15 17 -12.3884
15 18 -12.6446
15 19 -12.8853
15 20 -13.1177
15 21 -13.3384
15 22 -13.5696
15 23 -13.7809
15 24 -13.9998
15 25 -14.2061
15 26 -14.4173
15 27 -14.6205
15 28 -14.8183
15 29 -15.0142
15 30 -15.2055
15 31 -15.3893
15 32 -15.5762
15 33 -15.754
15 34 -15.9312
15 35 -16.1009
15 36 -16.2624
15 37 -16.4199
15 38 -16.5743
15 39 -16.7211
15 40 -16.8579
16 -10 -8.44116
16 -9 -8.38652
16 -8 -8.33992
16 -7 -8.31785
16 -6 -8.32637
16 -5 -8.30032
16 -4 -8.27769
16 -3 -8.23715
16 -2 -8.1642
16 -1 -8.12986
16 0 -8.10339
16 1 -8.08429
16 2 -8.11108
16 3 -8.26119
16 4 -8.54595
16 5 -8.85456
16 6 -9.19007
16 7 -9.54311
16 8 -9.87349
16 9 -10.1916
16 10 -10.5037
16 11 -10.8133
16 12 -11.092
16 13 -11.3751
16 14 -11.6553
16 15 -11.9163
16 16 -12.1877
16 17 -12.4385
16 18 -12.6797
16 19 -12.9206
16 20 -13.1524
16 21 -13.3846
16 22 -13.6051
16 23 -13.8287
16 24 -14.041
16 25 -14.2551
16 26 -14.4661
16 27 -14.6704
16 28 -14.8607
16 29 -15.066
16 30 -15.2503
16 31 -15.4373
16 32 -15.6162
16 33 -15.8053
16 34 -15.973
16 35 -16.1442
16 36 -16.3032
16 37 -16.4528
16 38 -16.6046
16 39 -16.7527
16 40 -16.8918
17 -10 -8.45762
17 -9 -8.40075
17 -8 -8.34874
17 -7 -8.33358
17 -6 -8.32778
17 -5 -8.32051
17 -4 -8.29996
17 -3 -8.24373
17 -2 -8.19544
17 -1 -8.16344
17 0 -8.14958
17 1 -8.13243
17 2 -8.14731
17 3 -8.30912
17 4 -8.56995
17 5 -8.88198
17 6 -9.21334
17 7 -9.55907
17 8 -9.90591
17 9 -10.219
17 10 -10.5514
17 11 -10.8608
17 12 -11.1458
17 13 -11.4269
17 14 -11.7077
17 15 -11.9762
17 16 -12.2282
17 17 -12.4824
17 18 -12.7206
17 19 -12.9581
17 20 -13.1878
17 21 -13.4166
17 22 -13.6369
17 23 -13.8557
17 24 -14.07
17 25 -14.2873
17 26 -14.4951
17 27 -14.7007
17 28 -14.8913
17 29 -15.0829
17 30 -15.2744
17 31 -15.4649
17 32 -15.6463
17 33 -15.8137
17 34 -15.9959
17 35 -16.1621
17 36 -16.3214
17 37 -16.4753
17 38 -16.6194
17 39 -16.7686
17 40 -16.9056
18 -10 -8.46794
18 -9 -8.44557
18 -8 -8.3936
18 -7 -8.37328
18 -6 -8.36602
18 -5 -8.34461
18 -4 -8.30852
18 -3 -8.25122
18 -2 -8.21635
18 -1 -8.19014
18 0 -8.18758
18 1 -8.17243
18 2 -8.17683
18 3 -8.34626
18 4 -8.6136
18 5 -8.92286
18 6 -9.26024
18 7 -9.5985
18 8 -9.93604
18 9 -10.2653
18 10 -10.5792
18 11 -10.8841
18 12 -11.1809
18 13 -11.4642
18 14 -11.741
18 15 -11.9984
18 16 -12.2567
18 17 -12.5016
18 18 -12.7521
18 19 -12.9864
18 20 -13.2215
18 21 -13.4507
18 22 -13.6722
18 23 -13.89
18 24 -14.1046
18 25 -14.3137
18 26 -14.5206
18 27 -14.726
18 28 -14.9183
18 29 -15.1097
18 30 -15.2957
18 31 -15.4969
18 32 -15.6683
18 33 -15.8452
18 34 -16.0134
18 35 -16.1775
18 36 -16.3322
18 37 -16.4884
18 38 -16.6375
18 39 -16.7798
18 40 -16.9214
19 -10 -8.47838
19 -9 -8.45156
19 -8 -8.41973
19 -7 -8.40956
19 -6 -8.40473
19 -5 -8.38247
19 -4 -8.33755
19 -3 -8.27838
19 -2 -8.24433
19 -1 -8.20984
19 0 -8.18832
19 1 -8.21542
19 2 -8.21892
19 3 -8.37741
19 4 -8.62891
19 5 -8.94502
19 6 -9.28748
19 7 -9.63561
19 8 -9.96562
19 9 -10.2891
19 10 -10.6007
19 11 -10.9046
19 12 -11.2148
19 13 -11.4983
19 14 -11.7665
19 15 -12.0242
19 16 -12.2818
19 17 -12.5239
19 18 -12.7672
19 19 -13.0054
19 20 -13.2367
19 21 -13.4638
19 22 -13.681
19 23 -13.9026
19 24 -14.114
19 25 -14.3191
19 26 -14.529
19 27 -14.7332
19 28 -14.9273
19 29 -15.122
19 30 -15.315
19 31 -15.4974
19 32 -15.6792
19 33 -15.8483
19 34 -16.0236
19 35 -16.1839
19 36 -16.345
19 37 -16.4957
19 38 -16.644
19 39 -16.7846
19 40 -16.9296
20 -10 -8.49205
20 -9 -8.45987
20 -8 -8.46042
20 -7 -8.42687
20 -6 -8.42936
20 -5 -8.43489
20 -4 -8.37987
20 -3 -8.29849
20 -2 -8.25223
20 -1 -8.2513
20 0 -8.2259
20 1 -8.22451
20 2 -8.2494
20 3 -8.39146
20 4 -8.65646
20 5 -8.97455
20 6 -9.30162
20 7 -9.63992
20 8 -9.96123
20 9 -10.2835
20 10 -10.6087
20 11 -10.9176
20 12 -11.215
20 13 -11.4981
20 14 -11.7724
20 15 -12.0395
20 16 -12.2915
20 17 -12.5388
20 18 -12.7762
20 19 -13.0132
20 20 -13.2507
20 21 -13.4731
20 22 -13.6948
20 23 -13.9146
20 24 -14.1274
20 25 -14.3475
20 26 -14.5564
20 27 -14.7584
20 28 -14.953
20 29 -15.1412
20 30 -15.3286
20 31 -15.5105
20 32 -15.6913
20 33 -15.8696
20 34 -16.0329
20 35 -16.2026
20 36 -16.3607
20 37 -16.5122
20 38 -16.6608
20 39 -16.8044
20 40 -16.9437
21 -10 -8.53126
21 -9 -8.49123
21 -8 -8.47604
21 -7 -8.45372
21 -6 -8.45948
21 -5 -8.45712
21 -4 -8.41481
21 -3 -8.33853
21 -2 -8.28613
21 -1 -8.26444
21 0 -8.23012
21 1 -8.23102
21 2 -8.26193
21 3 -8.39769
21 4 -8.66442
21 5 -8.98941
21 6 -9.309
21 7 -9.6624
21 8 -9.98651
21 9 -10.3075
21 10 -10.6239
21 11 -10.9307
21 12 -11.2365
21 13 -11.503
21 14 -11.7863
21 15 -12.0542
21 16 -12.3095
21 17 -12.558
21 18 -12.7998
21 19 -13.0401
21 20 -13.2715
21 21 -13.5024
21 22 -13.7222
21 23 -13.9517
21 24 -14.1564
21 25 -14.3738
21 26 -14.5777
21 27 -14.7766
21 28 -14.9771
21 29 -15.1658
21 30 -15.351
21 31 -15.5293
21 32 -15.7174
21 33 -15.8866
21 34 -16.0608
21 35 -16.2253
21 36 -16.3847
21 37 -16.5385
21 38 -16.6813
21 39 -16.8282
21 40 -16.9663
22 -10 -8.56593
22 -9 -8.53336
22 -8 -8.49872
22 -7 -8.4886
22 -6 -8.47318
22 -5 -8.4688
22 -4 -8.43128
22 -3 -8.35965
22 -2 -8.30407
22 -1 -8.27811
22 0 -8.24414
22 1 -8.25081
22 2 -8.26468
22 3 -8.42887
22 4 -8.68873
22 5 -9.00926
22 6 -9.33801
22 7 -9.6642
22 8 -9.99924
22 9 -10.3194
22 10 -10.6394
22 11 -10.951
22 12 -11.2375
22 13 -11.5251
22 14 -11.7997
22 15 -12.0748
22 16 -12.3265
22 17 -12.5759
22 18 -12.8222
22 19 -13.0636
22 20 -13.3062
22 21 -13.532
22 22 -13.7609
22 23 -13.9808
22 24 -14.1902
22 25 -14.4012
22 26 -14.6073
22 27 -14.805
22 28 -15.0031
22 29 -15.1928
22 30 -15.3835
22 31 -15.5681
22 32 -15.7421
22 33 -15.9206
22 34 -16.0933
22 35 -16.2559
22 36 -16.4205
22 37 -16.5703
22 38 -16.7179
22 39 -16.8608
22 40 -17.0028
23 -10 -8.5811
23 -9 -8.54144
23 -8 -8.50955
23 -7 -8.49385
23 -6 -8.47665
23 -5 -8.4626
23 -4 -8.44312
23 -3 -8.38468
23 -2 -8.31674
23 -1 -8.29969
23 0 -8.27484
23 1 -8.25285
23 2 -8.28293
23 3 -8.43865
23 4 -8.71406
23 5 -9.01392
23 6 -9.3522
23 7 -9.68423
23 8 -10.0297
23 9 -10.3443
23 10 -10.6699
23 11 -10.9681
23 12 -11.2578
23 13 -11.5423
23 14 -11.8215
23 15 -12.096
23 16 -12.3634
23 17 -12.605
23 18 -12.8533
23 19 -13.0993
23 20 -13.3344
23 21 -13.5696
23 22 -13.7831
23 23 -14.0028
23 24 -14.217
23 25 -14.422
23 26 -14.6315
23 27 -14.8309
23 28 -15.0219
23 29 -15.2208
23 30 -15.4088
23 31 -15.5917
23 32 -15.7689
23 33 -15.9502
23 34 -16.1221
23 35 -16.2912
23 36 -16.4462
23 37 -16.5993
23 38 -16.7498
23 39 -16.8966
23 40 -17.0343
24 -10 -8.59128
24 -9 -8.55726
24 -8 -8.51902
24 -7 -8.50913
24 -6 -8.50008
24 -5 -8.47489
24 -4 -8.459
24 -3 -8.40211
24 -2 -8.34742
24 -1 -8.33245
24 0 -8.31047
24 1 -8.26685
24 2 -8.30235
24 3 -8.46197
24 4 -8.72711
24 5 -9.04508
24 6 -9.36738
24 7 -9.71109
24 8 -10.0453
24 9 -10.3673
24 10 -10.6893
24 11 -10.9924
24 12 -11.2807
24 13 -11.5707
24 14 -11.8436
24 15 -12.1143
24 16 -12.3852
24 17 -12.6454
24 18 -12.8876
24 19 -13.134
24 20 -13.3705
24 21 -13.5954
24 22 -13.8137
24 23 -14.0303
24 24 -14.2415
24 25 -14.4534
24 26 -14.6549
24 27 -14.8634
24 28 -15.0489
24 29 -15.2449
24 30 -15.4323
24 31 -15.625
24 32 -15.8053
24 33 -15.9825
24 34 -16.156
24 35 -16.3148
24 36 -16.4757
24 37 -16.6286
24 38 -16.7759
24 39 -16.9231
24 40 -17.0613
25 -10 -8.60869
25 -9 -8.57475
25 -8 -8.54589
25 -7 -8.53374
25 -6 -8.5145
25 -5 -8.48338
25 -4 -8.47284
25 -3 -8.42798
25 -2 -8.3747
25 -1 -8.35071
25 0 -8.33512
25 1 -8.30127
25 2 -8.34175
25 3 -8.4844
25 4 -8.74541
25 5 -9.06458
25 6 -9.4018
25 7 -9.74346
25 8 -10.0745
25 9 -10.4083
25 10 -10.7175
25 11 -11.0277
25 12 -11.3097
25 13 -11.5956
25 14 -11.8685
25 15 -12.1506
25 16 -12.4122
25 17 -12.6763
25 18 -12.9276
25 19 -13.1589
25 20 -13.3978
25 21 -13.6198
25 22 -13.8349
25 23 -14.0572
25 24 -14.2616
25 25 -14.4776
25 26 -14.6752
25 27 -14.8763
25 28 -15.0725
25 29 -15.2613
25 30 -15.4445
25 31 -15.6321
25 32 -15.8137
25 33 -15.9888
25 34 -16.1615
25 35 -16.3268
25 36 -16.4874
25 37 -16.6381
25 38 -16.7881
25 39 -16.9328
25 40 -17.0765
26 -10 -8.62793
26 -9 -8.60194
26 -8 -8.57164
26 -7 -8.54789
26 -6 -8.53312
26 -5 -8.50098
26 -4 -8.48748
26 -3 -8.4254
26 -2 -8.37713
26 -1 -8.36319
26 0 -8.35786
26 1 -8.32744
26 2 -8.36617
26 3 -8.52238
26 4 -8.79115
26 5 -9.10629
26 6 -9.43217
26 7 -9.77403
26 8 -10.1039
26 9 -10.43
26 10 -10.73
26 11 -11.0236
26 12 -11.321
26 13 -11.6032
26 14 -11.877
26 15 -12.1526
26 16 -12.4199
26 17 -12.692
26 18 -12.9324
26 19 -13.1782
26 20 -13.4079
26 21 -13.633
26 22 -13.8533
26 23 -14.0686
26 24 -14.2733
26 25 -14.484
26 26 -14.6866
26 27 -14.8817
26 28 -15.0797
26 29 -15.2756
26 30 -15.4597
26 31 -15.643
26 32 -15.8219
26 33 -15.9934
26 34 -16.1681
26 35 -16.3362
26 36 -16.5013
26 37 -16.6512
26 38 -16.8038
26 39 -16.9478
26 40 -17.0866
27 -10 -8.63943
27 -9 -8.61916
27 -8 -8.58475
27 -7 -8.57661
27 -6 -8.56316
27 -5 -8.53049
27 -4 -8.50868
27 -3 -8.45908
27 -2 -8.41263
27 -1 -8.37569
27 0 -8.36269
27 1 -8.34081
27 2 -8.38622
27 3 -8.5454
27 4 -8.80222
27 5 -9.11727
27 6 -9.44583
27 7 -9.77923
27 8 -10.1112
27 9 -10.4299
27 10 -10.7363
27 11 -11.0399
27 12 -11.3296
27 13 -11.6192
27 14 -11.8974
27 15 -12.1724
27 16 -12.4379
27 17 -12.6954
27 18 -12.9454
27 19 -13.1821
27 20 -13.4179
27 21 -13.6339
27 22 -13.8603
27 23 -14.0767
27 24 -14.2895
27 25 -14.4946
27 26 -14.6996
27 27 -14.8967
27 28 -15.0938
27 29 -15.2789
27 30 -15.4739
27 31 -15.6567
27 32 -15.8381
27 33 -16.0154
27 34 -16.1861
27 35 -16.3519
27 36 -16.5142
27 37 -16.6693
27 38 -16.8155
27 39 -16.9576
27 40 -17.0968
28 -10 -8.65348
28 -9 -8.627
28 -8 -8.60007
28 -7 -8.59519
28 -6 -8.59338
28 -5 -8.57699
28 -4 -8.54574
28 -3 -8.46776
28 -2 -8.44268
28 -1 -8.39862
28 0 -8.37316
28 1 -8.34692
28 2 -8.39732
28 3 -8.54472
28 4 -8.80902
28 5 -9.11258
28 6 -9.45098
28 7 -9.79779
28 8 -10.1238
28 9 -10.4501
28 10 -10.7609
28 11 -11.0559
28 12 -11.3579
28 13 -11.6349
28 14 -11.9185
28 15 -12.181
28 16 -12.4411
28 17 -12.6974
28 18 -12.9432
28 19 -13.1852
28 20 -13.4188
28 21 -13.6502
28 22 -13.8714
28 23 -14.0868
28 24 -14.3011
28 25 -14.5062
28 26 -14.7147
28 27 -14.9101
28 28 -15.113
28 29 -15.3014
28 30 -15.4917
28 31 -15.6774
28 32 -15.8629
28 33 -16.0351
28 34 -16.1994
28 35 -16.3693
28 36 -16.5331
28 37 -16.6898
28 38 -16.8297
28 39 -16.9721
28 40 -17.1094
29 -10 -8.68489
29 -9 -8.64861
29 -8 -8.6308
29 -7 -8.61278
29 -6 -8.58983
29 -5 -8.58379
29 -4 -8.56288
29 -3 -8.48386
29 -2 -8.4441
29 -1 -8.41477
29 0 -8.38288
29 1 -8.36151
29 2 -8.40967
29 3 -8.55464
29 4 -8.81487
29 5 -9.1352
29 6 -9.45612
29 7 -9.80866
29 8 -10.1463
29 9 -10.4763
29 10 -10.777
29 11 -11.0803
29 12 -11.3679
29 13 -11.6558
29 14 -11.9297
29 15 -12.1973
29 16 -12.4556
29 17 -12.7044
29 18 -12.9528
29 19 -13.1953
29 20 -13.4294
29 21 -13.6616
29 22 -13.891
29 23 -14.1166
29 24 -14.3261
29 25 -14.5331
29 26 -14.7345
29 27 -14.9409
29 28 -15.1345
29 29 -15.3295
29 30 -15.5163
29 31 -15.6953
29 32 -15.8793
29 33 -16.0462
29 34 -16.2199
29 35 -16.3854
29 36 -16.5474
29 37 -16.7033
29 38 -16.851
29 39 -16.9878
29 40 -17.1278
30 -10 -8.69506
30 -9 -8.66179
30 -8 -8.64207
30 -7 -8.6276
30 -6 -8.59418
30 -5 -8.59994
30 -4 -8.58196
30 -3 -8.52131
30 -2 -8.46871
30 -1 -8.43483
30 0 -8.39661
30 1 -8.37885
30 2 -8.43292
30 3 -8.55591
30 4 -8.83406
30 5 -9.13969
30 6 -9.47303
30 7 -9.8275
30 8 -10.1721
30 9 -10.491
30 10 -10.7925
30 11 -11.0997
30 12 -11.3861
30 13 -11.6707
30 14 -11.9476
30 15 -12.212
30 16 -12.4739
30 17 -12.7306
30 18 -12.9712
30 19 -13.2103
30 20 -13.4428
30 21 -13.6758
30 22 -13.9043
30 23 -14.1275
30 24 -14.3473
30 25 -14.5564
30 26 -14.7655
30 27 -14.9711
30 28 -15.1589
30 29 -15.359
30 30 -15.5377
30 31 -15.724
30 32 -15.8965
30 33 -16.0685
30 34 -16.2434
30 35 -16.4087
30 36 -16.5735
30 37 -16.7252
30 38 -16.8715
30 39 -17.0099
30 40 -17.1505
31 -10 -8.7058
31 -9 -8.67966
31 -8 -8.65987
31 -7 -8.63055
31 -6 -8.6107
31 -5 -8.60821
31 -4 -8.57797
31 -3 -8.51344
31 -2 -8.49695
31 -1 -8.4597
31 0 -8.40302
31 1 -8.38521
31 2 -8.4474
31 3 -8.596
31 4 -8.85534
31 5 -9.17055
31 6 -9.5059
31 7 -9.85113
31 8 -10.1764
31 9 -10.5052
31 10 -10.8127
31 11 -11.1145
31 12 -11.4137
31 13 -11.6924
31 14 -11.9629
31 15 -12.2274
31 16 -12.4879
31 17 -12.7381
31 18 -12.9866
31 19 -13.2326
31 20 -13.4687
31 21 -13.7033
31 22 -13.9257
31 23 -14.161
31 24 -14.3771
31 25 -14.5907
31 26 -14.7919
31 27 -14.9911
31 28 -15.1833
31 29 -15.3704
31 30 -15.5552
31 31 -15.7364
31 32 -15.9184
31 33 -16.094
31 34 -16.2643
31 35 -16.4308
31 36 -16.5918
31 37 -16.7401
31 38 -16.8927
31 39 -17.0344
31 40 -17.1713
32 -10 -8.73307
32 -9 -8.69149
32 -8 -8.6706
32 -7 -8.63536
32 -6 -8.60675
32 -5 -8.61258
32 -4 -8.59238
32 -3 -8.529
32 -2 -8.49972
32 -1 -8.48333
32 0 -8.41636
32 1 -8.41926
32 2 -8.45527
32 3 -8.61488
32 4 -8.86217
32 5 -9.19428
32 6 -9.5146
32 7 -9.85347
32 8 -10.1991
32 9 -10.5173
32 10 -10.8325
32 11 -11.1308
32 12 -11.4275
32 13 -11.7088
32 14 -11.9864
32 15 -12.2535
32 16 -12.509
32 17 -12.7695
32 18 -13.0111
32 19 -13.254
32 20 -13.491
32 21 -13.7325
32 22 -13.9514
32 23 -14.1817
32 24 -14.3998
32 25 -14.6076
32 26 -14.8081
32 27 -15.0034
32 28 -15.1999
32 29 -15.3899
32 30 -15.5736
32 31 -15.7569
32 32 -15.9362
32 33 -16.1119
32 34 -16.2816
32 35 -16.4491
32 36 -16.6103
32 37 -16.7563
32 38 -16.9108
32 39 -17.0526
32 40 -17.1938
33 -10 -8.73605
33 -9 -8.70491
33 -8 -8.69148
33 -7 -8.64807
33 -6 -8.62298
33 -5 -8.62876
33 -4 -8.59685
33 -3 -8.54438
33 -2 -8.50103
33 -1 -8.48282
33 0 -8.43584
33 1 -8.43998
33 2 -8.46701
33 3 -8.63475
33 4 -8.89184
33 5 -9.20796
33 6 -9.54152
33 7 -9.88411
33 8 -10.211
33 9 -10.546
33 10 -10.8653
33 11 -11.1598
33 12 -11.4499
33 13 -11.7283
33 14 -12.0009
33 15 -12.2686
33 16 -12.5223
33 17 -12.7752
33 18 -13.0192
33 19 -13.2672
33 20 -13.5077
33 21 -13.7382
33 22 -13.9705
33 23 -14.1868
33 24 -14.4073
33 25 -14.6244
33 26 -14.8215
33 27 -15.0235
33 28 -15.2148
33 29 -15.4065
33 30 -15.5929
33 31 -15.7771
33 32 -15.9528
33 33 -16.1243
33 34 -16.294
33 35 -16.4612
33 36 -16.6206
33 37 -16.7746
33 38 -16.9203
33 39 -17.0682
33 40 -17.2077
34 -10 -8.73648
34 -9 -8.72309
34 -8 -8.70708
34 -7 -8.67721
34 -6 -8.64581
34 -5 -8.64448
34 -4 -8.61246
34 -3 -8.5617
34 -2 -8.51096
34 -1 -8.4905
34 0 -8.44517
34 1 -8.45797
34 2 -8.48773
34 3 -8.66644
34 4 -8.92525
34 5 -9.23556
34 6 -9.56472
34 7 -9.8987
34 8 -10.2315
34 9 -10.5449
34 10 -10.8695
34 11 -11.1656
34 12 -11.4518
34 13 -11.7303
34 14 -12.0073
34 15 -12.2724
34 16 -12.5317
34 17 -12.7814
34 18 -13.0285
34 19 -13.2753
34 20 -13.5176
34 21 -13.7526
34 22 -13.9816
34 23 -14.1974
34 24 -14.4101
34 25 -14.6221
34 26 -14.8237
34 27 -15.0304
34 28 -15.2222
34 29 -15.416
34 30 -15.6032
34 31 -15.7807
34 32 -15.9662
34 33 -16.1352
34 34 -16.3096
34 35 -16.4679
34 36 -16.6276
34 37 -16.7842
34 38 -16.9323
34 39 -17.0769
34 40 -17.2162
35 -10 -8.7547
35 -9 -8.73267
35 -8 -8.71598
35 -7 -8.69136
35 -6 -8.66072
35 -5 -8.64835
35 -4 -8.62867
35 -3 -8.58808
35 -2 -8.53964
35 -1 -8.50053
35 0 -8.47803
35 1 -8.47403
35 2 -8.48585
35 3 -8.66484
35 4 -8.92921
35 5 -9.23522
35 6 -9.56533
35 7 -9.90433
35 8 -10.2328
35 9 -10.5546
35 10 -10.8701
35 11 -11.1702
35 12 -11.4577
35 13 -11.7436
35 14 -12.0166
35 15 -12.2872
35 16 -12.5422
35 17 -12.801
35 18 -13.0488
35 19 -13.2932
35 20 -13.5293
35 21 -13.7609
35 22 -13.9833
35 23 -14.203
35 24 -14.419
35 25 -14.6274
35 26 -14.831
35 27 -15.0288
35 28 -15.2266
35 29 -15.4214
35 30 -15.6063
35 31 -15.7956
35 32 -15.9691
35 33 -16.1481
35 34 -16.3212
35 35 -16.4874
35 36 -16.643
35 37 -16.7975
35 38 -16.943
35 39 -17.0898
35 40 -17.2292
36 -10 -8.77394
36 -9 -8.74724
36 -8 -8.71077
36 -7 -8.70064
36 -6 -8.68868
36 -5 -8.67734
36 -4 -8.6503
36 -3 -8.59852
36 -2 -8.5533
36 -1 -8.50759
36 0 -8.48975
36 1 -8.48277
36 2 -8.49909
36 3 -8.66925
36 4 -8.93488
36 5 -9.23632
36 6 -9.58025
36 7 -9.91524
36 8 -10.2402
36 9 -10.5641
36 10 -10.885
36 11 -11.1792
36 12 -11.4699
36 13 -11.7501
36 14 -12.0308
36 15 -12.2971
36 16 -12.5549
36 17 -12.8112
36 18 -13.0551
36 19 -13.3033
36 20 -13.5279
36 21 -13.7589
36 22 -13.9808
36 23 -14.2003
36 24 -14.4146
36 25 -14.6226
36 26 -14.8332
36 27 -15.036
36 28 -15.2281
36 29 -15.4242
36 30 -15.6168
36 31 -15.8092
36 32 -15.9831
36 33 -16.1612
36 34 -16.3259
36 35 -16.5005
36 36 -16.6561
36 37 -16.8099
36 38 -16.96
36 39 -17.105
36 40 -17.2384
37 -10 -8.78979
37 -9 -8.7606
37 -8 -8.72428
37 -7 -8.71084
37 -6 -8.69821
37 -5 -8.69146
37 -4 -8.66362
37 -3 -8.61366
37 -2 -8.55672
37 -1 -8.50942
37 0 -8.49673
37 1 -8.48854
37 2 -8.50801
37 3 -8.68623
37 4 -8.94607
37 5 -9.25141
37 6 -9.57788
37 7 -9.91458
37 8 -10.2414
37 9 -10.5665
37 10 -10.8964
37 11 -11.2001
37 12 -11.4926
37 13 -11.768
37 14 -12.0407
37 15 -12.3062
37 16 -12.5713
37 17 -12.8144
37 18 -13.0689
37 19 -13.3123
37 20 -13.5418
37 21 -13.7733
37 22 -13.9928
37 23 -14.2063
37 24 -14.4208
37 25 -14.6334
37 26 -14.8409
37 27 -15.04
37 28 -15.2436
37 29 -15.4376
37 30 -15.632
37 31 -15.8183
37 32 -16.0107
37 33 -16.1826
37 34 -16.3576
37 35 -16.519
37 36 -16.6784
37 37 -16.8293
37 38 -16.9769
37 39 -17.1208
37 40 -17.2576
38 -10 -8.78932
38 -9 -8.76564
38 -8 -8.72592
38 -7 -8.70725
38 -6 -8.7085
38 -5 -8.70212
38 -4 -8.67917
38 -3 -8.63163
38 -2 -8.57878
38 -1 -8.5255
38 0 -8.51053
38 1 -8.50108
38 2 -8.52393
38 3 -8.68995
38 4 -8.95795
38 5 -9.25625
38 6 -9.58895
38 7 -9.92719
38 8 -10.2655
38 9 -10.5964
38 10 -10.9108
38 11 -11.2092
38 12 -11.5119
38 13 -11.7868
38 14 -12.059
38 15 -12.3355
38 16 -12.5884
38 17 -12.8396
38 18 -13.0822
38 19 -13.3206
38 20 -13.5548
38 21 -13.7809
38 22 -14.0006
38 23 -14.2178
38 24 -14.4392
38 25 -14.6467
38 26 -14.855
38 27 -15.058
38 28 -15.2617
38 29 -15.4504
38 30 -15.644
38 31 -15.8338
38 32 -16.0166
38 33 -16.1899
38 34 -16.3662
38 35 -16.532
38 36 -16.6888
38 37 -16.8411
38 38 -16.9895
38 39 -17.1328
38 40 -17.2718
39 -10 -8.79271
39 -9 -8.76493
39 -8 -8.72177
39 -7 -8.70903
39 -6 -8.7093
39 -5 -8.71315
39 -4 -8.68426
39 -3 -8.64271
39 -2 -8.59455
39 -1 -8.53679
39 0 -8.51952
39 1 -8.50376
39 2 -8.55009
39 3 -8.69339
39 4 -8.97088
39 5 -9.28048
39 6 -9.61815
39 7 -9.96694
39 8 -10.2925
39 9 -10.6186
39 10 -10.9279
39 11 -11.2282
39 12 -11.5195
39 13 -11.7961
39 14 -12.0749
39 15 -12.3342
39 16 -12.5984
39 17 -12.8521
39 18 -13.0957
39 19 -13.3324
39 20 -13.565
39 21 -13.794
39 22 -14.0139
39 23 -14.2353
39 24 -14.4434
39 25 -14.6652
39 26 -14.8728
39 27 -15.0751
39 28 -15.277
39 29 -15.4692
39 30 -15.6594
39 31 -15.8441
39 32 -16.021
39 33 -16.204
39 34 -16.3717
39 35 -16.5416
39 36 -16.7009
39 37 -16.8511
39 38 -17.0055
39 39 -17.1454
39 40 -17.2837
40 -10 -8.79626
40 -9 -8.77112
40 -8 -8.73003
40 -7 -8.70652
40 -6 -8.70845
40 -5 -8.71792
40 -4 -8.69021
40 -3 -8.63498
40 -2 -8.59197
40 -1 -8.55249
40 0 -8.52205
40 1 -8.52309
40 2 -8.56599
40 3 -8.72703
40 4 -8.99021
40 5 -9.31599
40 6 -9.64627
40 7 -9.99281
40 8 -10.3112
40 9 -10.6245
40 10 -10.9388
40 11 -11.2388
40 12 -11.5305
40 13 -11.8182
40 14 -12.095
40 15 -12.359
40 16 -12.6128
40 17 -12.866
40 18 -13.1081
40 19 -13.3463
40 20 -13.5805
40 21 -13.8035
40 22 -14.0292
40 23 -14.2428
40 24 -14.4622
40 25 -14.6739
40 26 -14.8772
40 27 -15.0835
40 28 -15.2861
40 29 -15.475
40 30 -15.6633
40 31 -15.847
40 32 -16.0278
40 33 -16.2049
40 34 -16.3722
40 35 -16.5438
40 36 -16.7034
40 37 -16.8582
40 38 -17.0074
40 39 -17.1531
40 40 -17.2934
