-10 -10 -9.9265
-10 -9 -9.89615
-10 -8 -9.85288
-10 -7 -9.81592
-10 -6 -9.82093
-10 -5 -9.80954
-10 -4 -9.80003
-10 -3 -9.81943
-10 -2 -9.77325
-10 -1 -9.73051
-10 0 -9.69543
-10 1 -9.6765
-10 2 -9.73976
-10 3 -9.92836
-10 4 -10.2087
-10 5 -10.5251
-10 6 -10.8524
-10 7 -11.1824
-10 8 -11.5033
-10 9 -11.8217
-10 10 -12.1273
-10 11 -12.422
-10 12 -12.7175
-10 13 -12.996
-10 14 -13.2767
-10 15 -13.5369
-10 16 -13.8101
-10 17 -14.0516
-10 18 -14.2985
-10 19 -14.5327
-10 20 -14.766
-10 21 -14.997
-10 22 -15.2175
-10 23 -15.4291
-10 24 -15.6443
-10 25 -15.8395
-10 26 -16.0383
-10 27 -16.2283
-10 28 -16.4052
-10 29 -16.5886
-10 30 -16.7565
-10 31 -16.9166
-10 32 -17.0637
-10 33 -17.2075
-10 34 -17.3286
-10 35 -17.4534
-10 36 -17.5827
-10 37 -17.7063
-10 38 -17.8282
-10 39 -17.9486
-10 40 -18.0683
-9 -10 -9.8899
-9 -9 -9.85875
-9 -8 -9.80803
-9 -7 -9.82256
-9 -6 -9.80698
-9 -5 -9.80336
-9 -4 -9.81389
-9 -3 -9.77351
-9 -2 -9.72983
-9 -1 -9.68943
-9 0 -9.67883
-9 1 -9.66634
-9 2 -9.76098
-9 3 -9.95333
-9 4 -10.2257
-9 5 -10.5329
-9 6 -10.8535
-9 7 -11.1712
-9 8 -11.5053
-9 9 -11.8166
-9 10 -12.1161
-9 11 -12.4144
-9 12 -12.7098
-9 13 -12.9844
-9 14 -13.2518
-9 15 -13.5123
-9 16 -13.7769
-9 17 -14.0289
-9 18 -14.2602
-9 19 -14.5031
-9 20 -14.7354
-9 21 -14.9561
-9 22 -15.1744
-9 23 -15.3857
-9 24 -15.5941
-9 25 -15.786
-9 26 -15.9858
-9 27 -16.1798
-9 28 -16.3536
-9 29 -16.5256
-9 30 -16.7013
-9 31 -16.8576
-9 32 -17.0138
-9 33 -17.1575
-9 34 -17.29
-9 35 -17.424
-9 36 -17.5472
-9 37 -17.6783
-9 38 -17.8143
-9 39 -17.9319
-9 40 -18.0504
-8 -10 -9.85164
-8 -9 -9.81416
-8 -8 -9.81836
-8 -7 -9.80089
-8 -6 -9.80372
-8 -5 -9.81906
-8 -4 -9.76916
-8 -3 -9.72839
-8 -2 -9.68882
-8 -1 -9.67486
-8 0 -9.6684
-8 1 -9.68207
-8 2 -9.73668
-8 3 -9.90082
-8 4 -10.1956
-8 5 -10.4899
-8 6 -10.8165
-8 7 -11.1479
-8 8 -11.4907
-8 9 -11.8148
-8 10 -12.1389
-8 11 -12.4383
-8 12 -12.7253
-8 13 -13.0026
-8 14 -13.2706
-8 15 -13.5246
-8 16 -13.7805
-8 17 -14.0327
-8 18 -14.2641
-8 19 -14.4972
-8 20 -14.7171
-8 21 -14.9399
-8 22 -15.1546
-8 23 -15.362
-8 24 -15.5663
-8 25 -15.7672
-8 26 -15.9584
-8 27 -16.1449
-8 28 -16.3273
-8 29 -16.4947
-8 30 -16.668
-8 31 -16.8253
-8 32 -16.9712
-8 33 -17.1181
-8 34 -17.2542
-8 35 -17.3924
-8 36 -17.5204
-8 37 -17.6423
-8 38 -17.764
-8 39 -17.8905
-8 40 -18.0087
-7 -10 -9.81393
-7 -9 -9.81744
-7 -8 -9.8052
-7 -7 -9.80196
-7 -6 -9.81723
-7 -5 -9.77529
-7 -4 -9.73393
-7 -3 -9.69004
-7 -2 -9.67408
-7 -1 -9.6702
-7 0 -9.68259
-7 1 -9.63718
-7 2 -9.68667
-7 3 -9.86621
-7 4 -10.141
-7 5 -10.4414
-7 6 -10.7723
-7 7 -11.1069
-7 8 -11.4275
-7 9 -11.7486
-7 10 -12.0737
-7 11 -12.3822
-7 12 -12.6737
-7 13 -12.9766
-7 14 -13.2712
-7 15 -13.5434
-7 16 -13.8016
-7 17 -14.049
-7 18 -14.279
-7 19 -14.5074
-7 20 -14.7271
-7 21 -14.9417
-7 22 -15.1537
-7 23 -15.3628
-7 24 -15.5634
-7 25 -15.7566
-7 26 -15.9429
-7 27 -16.125
-7 28 -16.3012
-7 29 -16.4723
-7 30 -16.6385
-7 31 -16.7929
-7 32 -16.948
-7 33 -17.0973
-7 34 -17.2368
-7 35 -17.3677
-7 36 -17.4957
-7 37 -17.6182
-7 38 -17.7391
-7 39 -17.8714
-7 40 -17.9866
-6 -10 -9.82636
-6 -9 -9.81588
-6 -8 -9.81107
-6 -7 -9.81553
-6 -6 -9.77991
-6 -5 -9.73037
-6 -4 -9.69658
-6 -3 -9.67906
-6 -2 -9.66889
-6 -1 -9.68398
-6 0 -9.63805
-6 1 -9.59777
-6 2 -9.64678
-6 3 -9.83999
-6 4 -10.1078
-6 5 -10.4171
-6 6 -10.7624
-6 7 -11.084
-6 8 -11.4146
-6 9 -11.7352
-6 10 -12.0418
-6 11 -12.3476
-6 12 -12.6446
-6 13 -12.9401
-6 14 -13.2195
-6 15 -13.4856
-6 16 -13.7725
-6 17 -14.0345
-6 18 -14.2846
-6 19 -14.524
-6 20 -14.7525
-6 21 -14.9705
-6 22 -15.1721
-6 23 -15.3793
-6 24 -15.5765
-6 25 -15.7692
-6 26 -15.9581
-6 27 -16.1394
-6 28 -16.3126
-6 29 -16.4836
-6 30 -16.6423
-6 31 -16.7947
-6 32 -16.943
-6 33 -17.0832
-6 34 -17.2203
-6 35 -17.3477
-6 36 -17.4816
-6 37 -17.6065
-6 38 -17.7339
-6 39 -17.8599
-6 40 -17.9784
-5 -10 -9.81993
-5 -9 -9.80999
-5 -8 -9.82705
-5 -7 -9.78067
-5 -6 -9.76418
-5 -5 -9.71937
-5 -4 -9.69382
-5 -3 -9.67715
-5 -2 -9.6922
-5 -1 -9.64814
-5 0 -9.60024
-5 1 -9.57496
-5 2 -9.63068
-5 3 -9.81689
-5 4 -10.0874
-5 5 -10.3967
-5 6 -10.7263
-5 7 -11.0566
-5 8 -11.3798
-5 9 -11.6986
-5 10 -12.0125
-5 11 -12.3186
-5 12 -12.6106
-5 13 -12.9022
-5 14 -13.1774
-5 15 -13.442
-5 16 -13.7146
-5 17 -13.9766
-5 18 -14.233
-5 19 -14.4805
-5 20 -14.7244
-5 21 -14.9546
-5 22 -15.1684
-5 23 -15.3785
-5 24 -15.5722
-5 25 -15.7688
-5 26 -15.9615
-5 27 -16.1376
-5 28 -16.3179
-5 29 -16.4815
-5 30 -16.6442
-5 31 -16.7964
-5 32 -16.9455
-5 33 -17.0829
-5 34 -17.2152
-5 35 -17.3533
-5 36 -17.4765
-5 37 -17.6076
-5 38 -17.7339
-5 39 -17.8629
-5 40 -17.9818
-4 -10 -9.81749
-4 -9 -9.82549
-4 -8 -9.77965
-4 -7 -9.7551
-4 -6 -9.72459
-4 -5 -9.72393
-4 -4 -9.70104
-4 -3 -9.71646
-4 -2 -9.6668
-4 -1 -9.61268
-4 0 -9.58513
-4 1 -9.56915
-4 2 -9.61558
-4 3 -9.80134
-4 4 -10.0895
-4 5 -10.3968
-4 6 -10.7264
-4 7 -11.049
-4 8 -11.3712
-4 9 -11.6888
-4 10 -11.9989
-4 11 -12.293
-4 12 -12.5842
-4 13 -12.8887
-4 14 -13.1592
-4 15 -13.4273
-4 16 -13.6874
-4 17 -13.9463
-4 18 -14.1854
-4 19 -14.4383
-4 20 -14.6768
-4 21 -14.8991
-4 22 -15.1385
-4 23 -15.3547
-4 24 -15.5669
-4 25 -15.763
-4 26 -15.9445
-4 27 -16.1287
-4 28 -16.3084
-4 29 -16.4776
-4 30 -16.6367
-4 31 -16.7905
-4 32 -16.9471
-4 33 -17.0911
-4 34 -17.2224
-4 35 -17.3497
-4 36 -17.4745
-4 37 -17.6039
-4 38 -17.7275
-4 39 -17.852
-4 40 -17.9776
-3 -10 -9.84287
-3 -9 -9.79978
-3 -8 -9.78221
-3 -7 -9.74762
-3 -6 -9.72917
-3 -5 -9.70919
-3 -4 -9.73304
-3 -3 -9.69758
-3 -2 -9.63692
-3 -1 -9.6018
-3 0 -9.59724
-3 1 -9.55267
-3 2 -9.63534
-3 3 -9.8111
-3 4 -10.102
-3 5 -10.4152
-3 6 -10.7357
-3 7 -11.057
-3 8 -11.3794
-3 9 -11.6916
-3 10 -11.9934
-3 11 -12.2902
-3 12 -12.59
-3 13 -12.8639
-3 14 -13.1382
-3 15 -13.3961
-3 16 -13.6674
-3 17 -13.9271
-3 18 -14.1659
-3 19 -14.4109
-3 20 -14.6443
-3 21 -14.8796
-3 22 -15.1046
-3 23 -15.3297
-3 24 -15.5402
-3 25 -15.7413
-3 26 -15.9433
-3 27 -16.1331
-3 28 -16.3124
-3 29 -16.4804
-3 30 -16.6327
-3 31 -16.7925
-3 32 -16.9371
-3 33 -17.075
-3 34 -17.2113
-3 35 -17.343
-3 36 -17.4692
-3 37 -17.594
-3 38 -17.7204
-3 39 -17.8491
-3 40 -17.9614
-2 -10 -9.85168
-2 -9 -9.82137
-2 -8 -9.78793
-2 -7 -9.77483
-2 -6 -9.76083
-2 -5 -9.76623
-2 -4 -9.74713
-2 -3 -9.69797
-2 -2 -9.64249
-2 -1 -9.60718
-2 0 -9.59759
-2 1 -9.59156
-2 2 -9.61651
-2 3 -9.78113
-2 4 -10.0529
-2 5 -10.3647
-2 6 -10.7131
-2 7 -11.0483
-2 8 -11.386
-2 9 -11.7177
-2 10 -12.015
-2 11 -12.3129
-2 12 -12.6008
-2 13 -12.8726
-2 14 -13.1354
-2 15 -13.4031
-2 16 -13.6572
-2 17 -13.9075
-2 18 -14.1578
-2 19 -14.3978
-2 20 -14.6303
-2 21 -14.8587
-2 22 -15.0745
-2 23 -15.2994
-2 24 -15.5194
-2 25 -15.7173
-2 26 -15.9198
-2 27 -16.1108
-2 28 -16.3063
-2 29 -16.4743
-2 30 -16.6457
-2 31 -16.8029
-2 32 -16.9424
-2 33 -17.0863
-2 34 -17.2226
-2 35 -17.348
-2 36 -17.4812
-2 37 -17.602
-2 38 -17.7232
-2 39 -17.8469
-2 40 -17.9628
-1 -10 -9.83079
-1 -9 -9.81553
-1 -8 -9.77962
-1 -7 -9.76935
-1 -6 -9.76846
-1 -5 -9.7482
-1 -4 -9.69838
-1 -3 -9.68121
-1 -2 -9.65291
-1 -1 -9.62161
-1 0 -9.60865
-1 1 -9.5906
-1 2 -9.58199
-1 3 -9.73619
-1 4 -10.0186
-1 5 -10.3373
-1 6 -10.6681
-1 7 -11.0055
-1 8 -11.3439
-1 9 -11.6888
-1 10 -12.0395
-1 11 -12.3432
-1 12 -12.6369
-1 13 -12.9131
-1 14 -13.1786
-1 15 -13.4386
-1 16 -13.6876
-1 17 -13.9311
-1 18 -14.1725
-1 19 -14.4128
-1 20 -14.6426
-1 21 -14.8701
-1 22 -15.084
-1 23 -15.3038
-1 24 -15.5104
-1 25 -15.7204
-1 26 -15.9164
-1 27 -16.106
-1 28 -16.294
-1 29 -16.4636
-1 30 -16.6423
-1 31 -16.798
-1 32 -16.9475
-1 33 -17.102
-1 34 -17.2368
-1 35 -17.3687
-1 36 -17.4956
-1 37 -17.6225
-1 38 -17.743
-1 39 -17.8692
-1 40 -17.9836
0 -10 -9.8233
0 -9 -9.81499
0 -8 -9.79756
0 -7 -9.78046
0 -6 -9.78617
0 -5 -9.71344
0 -4 -9.6612
0 -3 -9.66087
0 -2 -9.64198
0 -1 -9.65669
0 0 -9.62781
0 1 -9.56543
0 2 -9.58017
0 3 -9.75026
0 4 -10.0233
0 5 -10.3508
0 6 -10.6775
0 7 -11.0206
0 8 -11.3436
0 9 -11.6769
0 10 -11.9883
0 11 -12.3376
0 12 -12.656
0 13 -12.9399
0 14 -13.212
0 15 -13.467
0 16 -13.7161
0 17 -13.9561
0 18 -14.1937
0 19 -14.4204
0 20 -14.6435
0 21 -14.8684
0 22 -15.0912
0 23 -15.3089
0 24 -15.5192
0 25 -15.7201
0 26 -15.9146
0 27 -16.1092
0 28 -16.2883
0 29 -16.4626
0 30 -16.6357
0 31 -16.7896
0 32 -16.9511
0 33 -17.0915
0 34 -17.2316
0 35 -17.3706
0 36 -17.505
0 37 -17.6392
0 38 -17.7723
0 39 -17.8945
0 40 -18.015
1 -10 -9.83378
1 -9 -9.82033
1 -8 -9.83364
1 -7 -9.82838
1 -6 -9.79814
1 -5 -9.73278
1 -4 -9.69134
1 -3 -9.66261
1 -2 -9.66398
1 -1 -9.7006
1 0 -9.65944
1 1 -9.57469
1 2 -9.55301
1 3 -9.73804
1 4 -10.0131
1 5 -10.3439
1 6 -10.6864
1 7 -11.0123
1 8 -11.3483
1 9 -11.6827
1 10 -12.0179
1 11 -12.3305
1 12 -12.6612
1 13 -12.9687
1 14 -13.256
1 15 -13.5273
1 16 -13.7783
1 17 -14.0182
1 18 -14.2494
1 19 -14.4835
1 20 -14.7115
1 21 -14.9371
1 22 -15.1498
1 23 -15.3552
1 24 -15.5602
1 25 -15.7654
1 26 -15.9508
1 27 -16.1363
1 28 -16.3174
1 29 -16.4957
1 30 -16.6615
1 31 -16.82
1 32 -16.9738
1 33 -17.1221
1 34 -17.2587
1 35 -17.3908
1 36 -17.5136
1 37 -17.6515
1 38 -17.7842
1 39 -17.9056
1 40 -18.0314
2 -10 -9.89285
2 -9 -9.87157
2 -8 -9.86873
2 -7 -9.86356
2 -6 -9.85162
2 -5 -9.78966
2 -4 -9.74226
2 -3 -9.72803
2 -2 -9.73299
2 -1 -9.7298
2 0 -9.71699
2 1 -9.63261
2 2 -9.60834
2 3 -9.80526
2 4 -10.0851
2 5 -10.4114
2 6 -10.7449
2 7 -11.0754
2 8 -11.4133
2 9 -11.7462
2 10 -12.0697
2 11 -12.3959
2 12 -12.7258
2 13 -13.0118
2 14 -13.3023
2 15 -13.5819
2 16 -13.8295
2 17 -14.0789
2 18 -14.3068
2 19 -14.5313
2 20 -14.7519
2 21 -14.9679
2 22 -15.185
2 23 -15.3939
2 24 -15.6099
2 25 -15.8006
2 26 -16.0048
2 27 -16.1871
2 28 -16.3715
2 29 -16.5445
2 30 -16.7132
2 31 -16.8859
2 32 -17.0352
2 33 -17.1764
2 34 -17.3153
2 35 -17.4491
2 36 -17.5805
2 37 -17.7112
2 38 -17.8468
2 39 -17.9702
2 40 -18.0847
3 -10 -9.95846
3 -9 -9.94419
3 -8 -9.95138
3 -7 -9.92742
3 -6 -9.90603
3 -5 -9.88581
3 -4 -9.81345
3 -3 -9.77276
3 -2 -9.78039
3 -1 -9.73068
3 0 -9.73053
3 1 -9.72701
3 2 -9.68808
3 3 -9.86675
3 4 -10.1394
3 5 -10.4586
3 6 -10.8028
3 7 -11.1421
3 8 -11.4724
3 9 -11.8132
3 10 -12.1579
3 11 -12.476
3 12 -12.7769
3 13 -13.0614
3 14 -13.3373
3 15 -13.6054
3 16 -13.878
3 17 -14.1207
3 18 -14.3561
3 19 -14.578
3 20 -14.8074
3 21 -15.0245
3 22 -15.2388
3 23 -15.4516
3 24 -15.6536
3 25 -15.8505
3 26 -16.043
3 27 -16.2354
3 28 -16.4168
3 29 -16.5971
3 30 -16.7652
3 31 -16.9278
3 32 -17.0797
3 33 -17.2385
3 34 -17.3793
3 35 -17.5074
3 36 -17.6301
3 37 -17.7759
3 38 -17.8914
3 39 -18.0169
3 40 -18.1403
4 -10 -10.0151
4 -9 -9.99685
4 -8 -9.97214
4 -7 -9.93406
4 -6 -9.91846
4 -5 -9.91965
4 -4 -9.8808
4 -3 -9.84235
4 -2 -9.79865
4 -1 -9.76244
4 0 -9.74837
4 1 -9.74554
4 2 -9.77638
4 3 -9.96718
4 4 -10.2345
4 5 -10.5454
4 6 -10.8954
4 7 -11.2388
4 8 -11.5753
4 9 -11.8968
4 10 -12.2077
4 11 -12.5172
4 12 -12.8016
4 13 -13.0867
4 14 -13.3554
4 15 -13.6324
4 16 -13.887
4 17 -14.1497
4 18 -14.3916
4 19 -14.6235
4 20 -14.8473
4 21 -15.0698
4 22 -15.2817
4 23 -15.4931
4 24 -15.7014
4 25 -15.898
4 26 -16.0907
4 27 -16.2879
4 28 -16.4769
4 29 -16.6594
4 30 -16.8265
4 31 -16.9907
4 32 -17.1534
4 33 -17.2977
4 34 -17.424
4 35 -17.566
4 36 -17.7022
4 37 -17.8299
4 38 -17.9474
4 39 -18.0774
4 40 -18.1927
5 -10 -10.0606
5 -9 -10.0384
5 -8 -10.0232
5 -7 -9.9797
5 -6 -9.93579
5 -5 -9.93182
5 -4 -9.92376
5 -3 -9.90391
5 -2 -9.84785
5 -1 -9.7894
5 0 -9.77173
5 1 -9.77354
5 2 -9.80926
5 3 -10.0142
5 4 -10.2899
5 5 -10.6114
5 6 -10.9357
5 7 -11.268
5 8 -11.5995
5 9 -11.9207
5 10 -12.2257
5 11 -12.5239
5 12 -12.8141
5 13 -13.0957
5 14 -13.3705
5 15 -13.6563
5 16 -13.9239
5 17 -14.1848
5 18 -14.4338
5 19 -14.6618
5 20 -14.8967
5 21 -15.1203
5 22 -15.3347
5 23 -15.5537
5 24 -15.7699
5 25 -15.9679
5 26 -16.1636
5 27 -16.354
5 28 -16.542
5 29 -16.7257
5 30 -16.9063
5 31 -17.0532
5 32 -17.2093
5 33 -17.3528
5 34 -17.4798
5 35 -17.6172
5 36 -17.7571
5 37 -17.8779
5 38 -17.9958
5 39 -18.1115
5 40 -18.2264
6 -10 -10.104
6 -9 -10.0968
6 -8 -10.0539
6 -7 -10.0098
6 -6 -9.97708
6 -5 -9.97015
6 -4 -9.97611
6 -3 -9.97255
6 -2 -9.94398
6 -1 -9.85528
6 0 -9.81418
6 1 -9.80115
6 2 -9.83844
6 3 -10.0348
6 4 -10.3155
6 5 -10.6299
6 6 -10.9604
6 7 -11.289
6 8 -11.6272
6 9 -11.9534
6 10 -12.2572
6 11 -12.5531
6 12 -12.8424
6 13 -13.1295
6 14 -13.4204
6 15 -13.6996
6 16 -13.966
6 17 -14.226
6 18 -14.4873
6 19 -14.7366
6 20 -14.9636
6 21 -15.1883
6 22 -15.4143
6 23 -15.6194
6 24 -15.8284
6 25 -16.0429
6 26 -16.2434
6 27 -16.4345
6 28 -16.6125
6 29 -16.7859
6 30 -16.952
6 31 -17.102
6 32 -17.2519
6 33 -17.3936
6 34 -17.5319
6 35 -17.6587
6 36 -17.7913
6 37 -17.9174
6 38 -18.0358
6 39 -18.1485
6 40 -18.2594
7 -10 -10.1571
7 -9 -10.1469
7 -8 -10.1407
7 -7 -10.0809
7 -6 -10.023
7 -5 -10.0106
7 -4 -10.0189
7 -3 -10.0058
7 -2 -9.99589
7 -1 -9.95908
7 0 -9.87409
7 1 -9.85024
7 2 -9.88926
7 3 -10.0747
7 4 -10.3491
7 5 -10.6591
7 6 -10.9861
7 7 -11.3249
7 8 -11.6629
7 9 -11.9755
7 10 -12.284
7 11 -12.592
7 12 -12.8859
7 13 -13.1692
7 14 -13.4563
7 15 -13.7436
7 16 -14.0096
7 17 -14.2969
7 18 -14.5628
7 19 -14.7921
7 20 -15.0336
7 21 -15.261
7 22 -15.4909
7 23 -15.6966
7 24 -15.9093
7 25 -16.106
7 26 -16.2951
7 27 -16.4675
7 28 -16.65
7 29 -16.8157
7 30 -16.9771
7 31 -17.1269
7 32 -17.2821
7 33 -17.4233
7 34 -17.556
7 35 -17.6798
7 36 -17.8108
7 37 -17.9353
7 38 -18.0551
7 39 -18.1718
7 40 -18.2935
8 -10 -10.1898
8 -9 -10.1773
8 -8 -10.1815
8 -7 -10.1539
8 -6 -10.0923
8 -5 -10.0561
8 -4 -10.0531
8 -3 -10.035
8 -2 -9.99556
8 -1 -9.97295
8 0 -9.94035
8 1 -9.90694
8 2 -9.92755
8 3 -10.1109
8 4 -10.3862
8 5 -10.7044
8 6 -11.0385
8 7 -11.3816
8 8 -11.6897
8 9 -12.0159
8 10 -12.3374
8 11 -12.6406
8 12 -12.9503
8 13 -13.2378
8 14 -13.5274
8 15 -13.8138
8 16 -14.0968
8 17 -14.3794
8 18 -14.6364
8 19 -14.8713
8 20 -15.0982
8 21 -15.3135
8 22 -15.5251
8 23 -15.7358
8 24 -15.9427
8 25 -16.1254
8 26 -16.317
8 27 -16.4935
8 28 -16.6646
8 29 -16.8365
8 30 -17.0004
8 31 -17.1585
8 32 -17.3044
8 33 -17.4471
8 34 -17.5844
8 35 -17.7128
8 36 -17.8381
8 37 -17.9643
8 38 -18.0761
8 39 -18.1866
8 40 -18.304
9 -10 -10.2029
9 -9 -10.2026
9 -8 -10.1718
9 -7 -10.1639
9 -6 -10.138
9 -5 -10.0897
9 -4 -10.0846
9 -3 -10.074
9 -2 -10.0289
9 -1 -10.0025
9 0 -9.97304
9 1 -9.94863
9 2 -9.99278
9 3 -10.1773
9 4 -10.4598
9 5 -10.7791
9 6 -11.1135
9 7 -11.4367
9 8 -11.7643
9 9 -12.0759
9 10 -12.3906
9 11 -12.7128
9 12 -13.0137
9 13 -13.3043
9 14 -13.5935
9 15 -13.8749
9 16 -14.1473
9 17 -14.4073
9 18 -14.6589
9 19 -14.8873
9 20 -15.1135
9 21 -15.3363
9 22 -15.551
9 23 -15.7565
9 24 -15.9583
9 25 -16.1478
9 26 -16.331
9 27 -16.5093
9 28 -16.6858
9 29 -16.858
9 30 -17.0173
9 31 -17.1803
9 32 -17.3316
9 33 -17.4772
9 34 -17.6149
9 35 -17.7429
9 36 -17.8662
9 37 -17.9812
9 38 -18.0972
9 39 -18.2104
9 40 -18.322
10 -10 -10.2518
10 -9 -10.2371
10 -8 -10.2012
10 -7 -10.175
10 -6 -10.1604
10 -5 -10.1411
10 -4 -10.132
10 -3 -10.1034
10 -2 -10.0551
10 -1 -10.0172
10 0 -9.98099
10 1 -9.9811
10 2 -10.0431
10 3 -10.2386
10 4 -10.5297
10 5 -10.8358
10 6 -11.1594
10 7 -11.4895
10 8 -11.8042
10 9 -12.1221
10 10 -12.4404
10 11 -12.7453
10 12 -13.0351
10 13 -13.3222
10 14 -13.6068
10 15 -13.8821
10 16 -14.1456
10 17 -14.4073
10 18 -14.6614
10 19 -14.9047
10 20 -15.1354
10 21 -15.3591
10 22 -15.5753
10 23 -15.7789
10 24 -15.973
10 25 -16.1689
10 26 -16.3554
10 27 -16.5371
10 28 -16.7123
10 29 -16.886
10 30 -17.0492
10 31 -17.2107
10 32 -17.3651
10 33 -17.5082
10 34 -17.6426
10 35 -17.7648
10 36 -17.8897
10 37 -18.0097
10 38 -18.1249
10 39 -18.2432
10 40 -18.3544
11 -10 -10.2953
11 -9 -10.2774
11 -8 -10.2429
11 -7 -10.2094
11 -6 -10.1906
11 -5 -10.1716
11 -4 -10.1665
11 -3 -10.1487
11 -2 -10.0722
11 -1 -10.0438
11 0 -10.0114
11 1 -10.0017
11 2 -10.0532
11 3 -10.2736
11 4 -10.5574
11 5 -10.8665
11 6 -11.1878
11 7 -11.5159
11 8 -11.8314
11 9 -12.1502
11 10 -12.4643
11 11 -12.7614
11 12 -13.064
11 13 -13.3494
11 14 -13.6415
11 15 -13.9024
11 16 -14.1743
11 17 -14.4307
11 18 -14.6793
11 19 -14.9361
11 20 -15.1616
11 21 -15.3959
11 22 -15.6072
11 23 -15.8124
11 24 -16.0121
11 25 -16.2013
11 26 -16.394
11 27 -16.5789
11 28 -16.7527
11 29 -16.9281
11 30 -17.0922
11 31 -17.2534
11 32 -17.4062
11 33 -17.5531
11 34 -17.6889
11 35 -17.8157
11 36 -17.94
11 37 -18.0623
11 38 -18.1668
11 39 -18.2797
11 40 -18.3837
12 -10 -10.3415
12 -9 -10.3296
12 -8 -10.288
12 -7 -10.2319
12 -6 -10.2136
12 -5 -10.1956
12 -4 -10.2034
12 -3 -10.2159
12 -2 -10.137
12 -1 -10.0929
12 0 -10.0547
12 1 -10.0495
12 2 -10.0965
12 3 -10.3002
12 4 -10.5732
12 5 -10.8865
12 6 -11.2162
12 7 -11.5332
12 8 -11.8538
12 9 -12.1659
12 10 -12.4672
12 11 -12.7712
12 12 -13.079
12 13 -13.3777
12 14 -13.6482
12 15 -13.9271
12 16 -14.1911
12 17 -14.448
12 18 -14.7126
12 19 -14.9557
12 20 -15.2005
12 21 -15.4336
12 22 -15.643
12 23 -15.849
12 24 -16.0503
12 25 -16.244
12 26 -16.4366
12 27 -16.622
12 28 -16.7995
12 29 -16.9769
12 30 -17.1416
12 31 -17.3025
12 32 -17.456
12 33 -17.5987
12 34 -17.7461
12 35 -17.869
12 36 -17.9876
12 37 -18.1094
12 38 -18.2245
12 39 -18.3416
12 40 -18.4481
13 -10 -10.3747
13 -9 -10.3735
13 -8 -10.3328
13 -7 -10.2842
13 -6 -10.254
13 -5 -10.2334
13 -4 -10.2227
13 -3 -10.2355
13 -2 -10.1771
13 -1 -10.131
13 0 -10.0878
13 1 -10.0602
13 2 -10.1089
13 3 -10.3176
13 4 -10.5992
13 5 -10.9073
13 6 -11.2384
13 7 -11.5598
13 8 -11.8724
13 9 -12.1869
13 10 -12.5026
13 11 -12.8034
13 12 -13.106
13 13 -13.393
13 14 -13.6697
13 15 -13.943
13 16 -14.2162
13 17 -14.4775
13 18 -14.7331
13 19 -14.999
13 20 -15.2487
13 21 -15.4764
13 22 -15.6902
13 23 -15.8994
13 24 -16.102
13 25 -16.3005
13 26 -16.4904
13 27 -16.6793
13 28 -16.8647
13 29 -17.0377
13 30 -17.1969
13 31 -17.361
13 32 -17.5064
13 33 -17.649
13 34 -17.7903
13 35 -17.9216
13 36 -18.0402
13 37 -18.1576
13 38 -18.2815
13 39 -18.3943
13 40 -18.5027
14 -10 -10.3849
14 -9 -10.388
14 -8 -10.3605
14 -7 -10.3027
14 -6 -10.2765
14 -5 -10.2667
14 -4 -10.2479
14 -3 -10.2481
14 -2 -10.1977
14 -1 -10.1628
14 0 -10.1319
14 1 -10.1042
14 2 -10.1452
14 3 -10.342
14 4 -10.6183
14 5 -10.9352
14 6 -11.2576
14 7 -11.5749
14 8 -11.903
14 9 -12.217
14 10 -12.5388
14 11 -12.8461
14 12 -13.1407
14 13 -13.4292
14 14 -13.7096
14 15 -13.9899
14 16 -14.262
14 17 -14.5274
14 18 -14.8008
14 19 -15.0647
14 20 -15.3097
14 21 -15.5337
14 22 -15.7497
14 23 -15.9515
14 24 -16.1483
14 25 -16.3474
14 26 -16.5318
14 27 -16.7096
14 28 -16.8915
14 29 -17.0656
14 30 -17.2229
14 31 -17.3825
14 32 -17.5339
14 33 -17.6745
14 34 -17.8097
14 35 -17.9381
14 36 -18.0607
14 37 -18.1775
14 38 -18.3014
14 39 -18.4158
14 40 -18.5247
15 -10 -10.3963
15 -9 -10.3912
15 -8 -10.3733
15 -7 -10.3337
15 -6 -10.3066
15 -5 -10.2826
15 -4 -10.2704
15 -3 -10.2595
15 -2 -10.2233
15 -1 -10.1709
15 0 -10.1597
15 1 -10.1536
15 2 -10.1768
15 3 -10.3792
15 4 -10.6642
15 5 -10.9715
15 6 -11.293
15 7 -11.6198
15 8 -11.9463
15 9 -12.2697
15 10 -12.5889
15 11 -12.8928
15 12 -13.1845
15 13 -13.4781
15 14 -13.7543
15 15 -14.0315
15 16 -14.3028
15 17 -14.5681
15 18 -14.8313
15 19 -15.083
15 20 -15.3276
15 21 -15.5513
15 22 -15.7627
15 23 -15.9641
15 24 -16.1617
15 25 -16.3562
15 26 -16.5394
15 27 -16.7212
15 28 -16.8953
15 29 -17.0685
15 30 -17.234
15 31 -17.3887
15 32 -17.5394
15 33 -17.6832
15 34 -17.8196
15 35 -17.9452
15 36 -18.068
15 37 -18.1877
15 38 -18.3031
15 39 -18.4236
15 40 -18.5306
16 -10 -10.4153
16 -9 -10.4064
16 -8 -10.3853
16 -7 -10.3532
16 -6 -10.3308
16 -5 -10.3183
16 -4 -10.3063
16 -3 -10.2865
16 -2 -10.2358
16 -1 -10.1984
16 0 -10.1714
16 1 -10.1825
16 2 -10.2221
16 3 -10.4256
16 4 -10.6949
16 5 -11.0108
16 6 -11.3365
16 7 -11.67
16 8 -11.987
16 9 -12.3078
16 10 -12.6173
16 11 -12.9196
16 12 -13.2072
16 13 -13.4968
16 14 -13.7845
16 15 -14.0563
16 16 -14.3292
16 17 -14.5909
16 18 -14.8498
16 19 -15.1061
16 20 -15.3381
16 21 -15.5659
16 22 -15.7791
16 23 -15.9815
16 24 -16.1808
16 25 -16.3713
16 26 -16.5616
16 27 -16.746
16 28 -16.9173
16 29 -17.0865
16 30 -17.2448
16 31 -17.4064
16 32 -17.5474
16 33 -17.6948
16 34 -17.8268
16 35 -17.9542
16 36 -18.0802
16 37 -18.1966
16 38 -18.3113
16 39 -18.4264
16 40 -18.5362
17 -10 -10.4504
17 -9 -10.4291
17 -8 -10.3998
17 -7 -10.3712
17 -6 -10.3515
17 -5 -10.3519
17 -4 -10.3533
17 -3 -10.3148
17 -2 -10.2619
17 -1 -10.2167
17 0 -10.1933
17 1 -10.2006
17 2 -10.2446
17 3 -10.439
17 4 -10.7262
17 5 -11.0448
17 6 -11.3569
17 7 -11.7001
17 8 -12.0215
17 9 -12.3306
17 10 -12.6379
17 11 -12.9422
17 12 -13.2299
17 13 -13.5183
17 14 -13.7912
17 15 -14.0629
17 16 -14.3361
17 17 -14.6068
17 18 -14.8608
17 19 -15.1103
17 20 -15.3458
17 21 -15.5672
17 22 -15.7845
17 23 -15.992
17 24 -16.1941
17 25 -16.3911
17 26 -16.5821
17 27 -16.7647
17 28 -16.9363
17 29 -17.1076
17 30 -17.2697
17 31 -17.4232
17 32 -17.5708
17 33 -17.7153
17 34 -17.85
17 35 -17.9765
17 36 -18.1001
17 37 -18.2175
17 38 -18.3323
17 39 -18.4406
17 40 -18.548
18 -10 -10.4915
18 -9 -10.458
18 -8 -10.4257
18 -7 -10.4049
18 -6 -10.3646
18 -5 -10.3741
18 -4 -10.3793
18 -3 -10.3616
18 -2 -10.2918
18 -1 -10.2664
18 0 -10.2207
18 1 -10.2221
18 2 -10.269
18 3 -10.454
18 4 -10.7364
18 5 -11.0498
18 6 -11.38
18 7 -11.7131
18 8 -12.0278
18 9 -12.3447
18 10 -12.6551
18 11 -12.9541
18 12 -13.2376
18 13 -13.5306
18 14 -13.816
18 15 -14.0917
18 16 -14.3579
18 17 -14.6274
18 18 -14.882
18 19 -15.1297
18 20 -15.3618
18 21 -15.5844
18 22 -15.8048
18 23 -16.0177
18 24 -16.2199
18 25 -16.4175
18 26 -16.6094
18 27 -16.7924
18 28 -16.9604
18 29 -17.1282
18 30 -17.2936
18 31 -17.448
18 32 -17.5975
18 33 -17.7392
18 34 -17.8739
18 35 -18.0024
18 36 -18.1212
18 37 -18.2375
18 38 -18.3496
18 39 -18.4572
18 40 -18.5646
19 -10 -10.5347
19 -9 -10.502
19 -8 -10.4632
19 -7 -10.4234
19 -6 -10.4046
19 -5 -10.3829
19 -4 -10.4027
19 -3 -10.3781
19 -2 -10.3226
19 -1 -10.2786
19 0 -10.2305
19 1 -10.2317
19 2 -10.2947
19 3 -10.4734
19 4 -10.7429
19 5 -11.0732
19 6 -11.4111
19 7 -11.7344
19 8 -12.0549
19 9 -12.3688
19 10 -12.6734
19 11 -12.9661
19 12 -13.2598
19 13 -13.5524
19 14 -13.8319
19 15 -14.1083
19 16 -14.3827
19 17 -14.6378
19 18 -14.8897
19 19 -15.1412
19 20 -15.3769
19 21 -15.6031
19 22 -15.8275
19 23 -16.0433
19 24 -16.2581
19 25 -16.4464
19 26 -16.6353
19 27 -16.8209
19 28 -16.9954
19 29 -17.1615
19 30 -17.3292
19 31 -17.4853
19 32 -17.6379
19 33 -17.7799
19 34 -17.9116
19 35 -18.0378
19 36 -18.1564
19 37 -18.271
19 38 -18.3846
19 39 -18.4866
19 40 -18.5953
20 -10 -10.5392
20 -9 -10.5236
20 -8 -10.489
20 -7 -10.4396
20 -6 -10.4202
20 -5 -10.4039
20 -4 -10.4097
20 -3 -10.3888
20 -2 -10.3429
20 -1 -10.3056
20 0 -10.2519
20 1 -10.2657
20 2 -10.3097
20 3 -10.4983
20 4 -10.7796
20 5 -11.092
20 6 -11.4339
20 7 -11.7576
20 8 -12.0751
20 9 -12.3814
20 10 -12.6916
20 11 -12.9883
20 12 -13.2883
20 13 -13.5729
20 14 -13.8624
20 15 -14.1398
20 16 -14.4086
20 17 -14.6684
20 18 -14.9191
20 19 -15.1743
20 20 -15.4076
20 21 -15.6392
20 22 -15.8655
20 23 -16.0848
20 24 -16.2882
20 25 -16.4871
20 26 -16.6803
20 27 -16.8579
20 28 -17.0342
20 29 -17.2031
20 30 -17.366
20 31 -17.5264
20 32 -17.6774
20 33 -17.821
20 34 -17.957
20 35 -18.08
20 36 -18.1981
20 37 -18.3163
20 38 -18.4263
20 39 -18.5324
20 40 -18.638
21 -10 -10.5404
21 -9 -10.5198
21 -8 -10.5041
21 -7 -10.4696
21 -6 -10.448
21 -5 -10.4162
21 -4 -10.4188
21 -3 -10.3973
21 -2 -10.341
21 -1 -10.3288
21 0 -10.2947
21 1 -10.276
21 2 -10.3411
21 3 -10.5206
21 4 -10.7983
21 5 -11.1263
21 6 -11.4566
21 7 -11.7786
21 8 -12.1003
21 9 -12.4152
21 10 -12.7195
21 11 -13.0268
21 12 -13.3228
21 13 -13.6179
21 14 -13.8923
21 15 -14.1725
21 16 -14.4325
21 17 -14.6978
21 18 -14.951
21 19 -15.2005
21 20 -15.4374
21 21 -15.668
21 22 -15.8934
21 23 -16.1117
21 24 -16.3143
21 25 -16.51
21 26 -16.6979
21 27 -16.8794
21 28 -17.054
21 29 -17.223
21 30 -17.3896
21 31 -17.544
21 32 -17.6977
21 33 -17.839
21 34 -17.9752
21 35 -18.1048
21 36 -18.2305
21 37 -18.3517
21 38 -18.4664
21 39 -18.5772
21 40 -18.6846
22 -10 -10.55
22 -9 -10.5399
22 -8 -10.5183
22 -7 -10.4763
22 -6 -10.469
22 -5 -10.4472
22 -4 -10.4316
22 -3 -10.4109
22 -2 -10.3578
22 -1 -10.3392
22 0 -10.3205
22 1 -10.3228
22 2 -10.3553
22 3 -10.5544
22 4 -10.8355
22 5 -11.1499
22 6 -11.4806
22 7 -11.8052
22 8 -12.1244
22 9 -12.4355
22 10 -12.7456
22 11 -13.0513
22 12 -13.353
22 13 -13.642
22 14 -13.9154
22 15 -14.1865
22 16 -14.4559
22 17 -14.71
22 18 -14.9702
22 19 -15.2223
22 20 -15.4584
22 21 -15.6836
22 22 -15.9081
22 23 -16.117
22 24 -16.3238
22 25 -16.5181
22 26 -16.7156
22 27 -16.8962
22 28 -17.0691
22 29 -17.2347
22 30 -17.3999
22 31 -17.5522
22 32 -17.7041
22 33 -17.849
22 34 -17.9837
22 35 -18.1134
22 36 -18.2339
22 37 -18.3583
22 38 -18.4764
22 39 -18.5901
22 40 -18.6948
23 -10 -10.5493
23 -9 -10.5422
23 -8 -10.5191
23 -7 -10.4951
23 -6 -10.4879
23 -5 -10.4799
23 -4 -10.4608
23 -3 -10.4342
23 -2 -10.3734
23 -1 -10.3459
23 0 -10.337
23 1 -10.332
23 2 -10.3852
23 3 -10.5779
23 4 -10.8539
23 5 -11.1641
23 6 -11.4947
23 7 -11.8241
23 8 -12.1522
23 9 -12.4683
23 10 -12.776
23 11 -13.0768
23 12 -13.3674
23 13 -13.6498
23 14 -13.9333
23 15 -14.1989
23 16 -14.4667
23 17 -14.7281
23 18 -14.9823
23 19 -15.2281
23 20 -15.4694
23 21 -15.6984
23 22 -15.9156
23 23 -16.128
23 24 -16.3263
23 25 -16.5261
23 26 -16.7151
23 27 -16.9004
23 28 -17.074
23 29 -17.25
23 30 -17.4099
23 31 -17.5657
23 32 -17.7132
23 33 -17.8593
23 34 -17.9972
23 35 -18.1252
23 36 -18.2473
23 37 -18.3674
23 38 -18.486
23 39 -18.5991
23 40 -18.7069
24 -10 -10.5693
24 -9 -10.5529
24 -8 -10.5419
24 -7 -10.5099
24 -6 -10.5007
24 -5 -10.5039
24 -4 -10.4835
24 -3 -10.4623
24 -2 -10.4022
24 -1 -10.3776
24 0 -10.3548
24 1 -10.3505
24 2 -10.3944
24 3 -10.5887
24 4 -10.8623
24 5 -11.1723
24 6 -11.5013
24 7 -11.8255
24 8 -12.1577
24 9 -12.479
24 10 -12.7927
24 11 -13.0968
24 12 -13.3822
24 13 -13.6713
24 14 -13.9461
24 15 -14.2137
24 16 -14.4723
24 17 -14.7351
24 18 -14.9911
24 19 -15.2414
24 20 -15.4834
24 21 -15.7099
24 22 -15.9299
24 23 -16.1366
24 24 -16.336
24 25 -16.5299
24 26 -16.7208
24 27 -16.9077
24 28 -17.082
24 29 -17.2532
24 30 -17.4186
24 31 -17.5796
24 32 -17.7289
24 33 -17.8715
24 34 -18.0091
24 35 -18.1391
24 36 -18.268
24 37 -18.3882
24 38 -18.4998
24 39 -18.6122
24 40 -18.7149
25 -10 -10.5874
25 -9 -10.5783
25 -8 -10.5563
25 -7 -10.5287
25 -6 -10.5182
25 -5 -10.5192
25 -4 -10.5015
25 -3 -10.4883
25 -2 -10.4339
25 -1 -10.3903
25 0 -10.3715
25 1 -10.3664
25 2 -10.3946
25 3 -10.5945
25 4 -10.8661
25 5 -11.1791
25 6 -11.5083
25 7 -11.8366
25 8 -12.167
25 9 -12.4959
25 10 -12.8166
25 11 -13.1141
25 12 -13.4045
25 13 -13.6896
25 14 -13.9655
25 15 -14.2287
25 16 -14.4886
25 17 -14.7489
25 18 -15.0051
25 19 -15.2607
25 20 -15.5082
25 21 -15.7308
25 22 -15.9427
25 23 -16.1534
25 24 -16.3476
25 25 -16.5461
25 26 -16.7354
25 27 -16.9158
25 28 -17.0973
25 29 -17.275
25 30 -17.441
25 31 -17.6057
25 32 -17.7532
25 33 -17.8958
25 34 -18.0297
25 35 -18.1567
25 36 -18.2792
25 37 -18.3995
25 38 -18.5124
25 39 -18.6235
25 40 -18.7341
26 -10 -10.6117
26 -9 -10.6045
26 -8 -10.5668
26 -7 -10.5494
26 -6 -10.5213
26 -5 -10.5297
26 -4 -10.5172
26 -3 -10.5081
26 -2 -10.4467
26 -1 -10.4135
26 0 -10.3842
26 1 -10.3728
26 2 -10.4048
26 3 -10.607
26 4 -10.8844
26 5 -11.1917
26 6 -11.5242
26 7 -11.8569
26 8 -12.188
26 9 -12.5199
26 10 -12.8359
26 11 -13.1326
26 12 -13.4178
26 13 -13.7043
26 14 -13.9729
26 15 -14.2426
26 16 -14.5095
26 17 -14.7693
26 18 -15.0313
26 19 -15.2855
26 20 -15.5218
26 21 -15.7472
26 22 -15.9617
26 23 -16.1652
26 24 -16.3604
26 25 -16.56
26 26 -16.7543
26 27 -16.9372
26 28 -17.1246
26 29 -17.2987
26 30 -17.4655
26 31 -17.6209
26 32 -17.7726
26 33 -17.9125
26 34 -18.0525
26 35 -18.1785
26 36 -18.2986
26 37 -18.4177
26 38 -18.5349
26 39 -18.6413
26 40 -18.7472
27 -10 -10.6182
27 -9 -10.615
27 -8 -10.578
27 -7 -10.5566
27 -6 -10.5351
27 -5 -10.5315
27 -4 -10.5225
27 -3 -10.5106
27 -2 -10.4615
27 -1 -10.4302
27 0 -10.405
27 1 -10.3938
27 2 -10.4354
27 3 -10.6299
27 4 -10.9065
27 5 -11.2263
27 6 -11.5439
27 7 -11.8766
27 8 -12.2037
27 9 -12.5312
27 10 -12.841
27 11 -13.1458
27 12 -13.4365
27 13 -13.7178
27 14 -13.996
27 15 -14.2663
27 16 -14.5343
27 17 -14.7998
27 18 -15.0576
27 19 -15.3083
27 20 -15.5484
27 21 -15.7687
27 22 -15.9837
27 23 -16.1894
27 24 -16.3926
27 25 -16.5874
27 26 -16.7826
27 27 -16.9677
27 28 -17.1503
27 29 -17.3207
27 30 -17.4895
27 31 -17.6486
27 32 -17.796
27 33 -17.9406
27 34 -18.0748
27 35 -18.2077
27 36 -18.3239
27 37 -18.4455
27 38 -18.5605
27 39 -18.6679
27 40 -18.7704
28 -10 -10.6255
28 -9 -10.6169
28 -8 -10.5949
28 -7 -10.5648
28 -6 -10.5393
28 -5 -10.5315
28 -4 -10.532
28 -3 -10.5124
28 -2 -10.4734
28 -1 -10.4508
28 0 -10.4248
28 1 -10.4005
28 2 -10.4616
28 3 -10.646
28 4 -10.9227
28 5 -11.2404
28 6 -11.5714
28 7 -11.9066
28 8 -12.2311
28 9 -12.5568
28 10 -12.8687
28 11 -13.1686
28 12 -13.4624
28 13 -13.7458
28 14 -14.0226
28 15 -14.2938
28 16 -14.563
28 17 -14.8243
28 18 -15.0705
28 19 -15.3232
28 20 -15.5678
28 21 -15.7866
28 22 -15.9979
28 23 -16.205
28 24 -16.4057
28 25 -16.6067
28 26 -16.797
28 27 -16.9842
28 28 -17.1667
28 29 -17.339
28 30 -17.4983
28 31 -17.6595
28 32 -17.8085
28 33 -17.9557
28 34 -18.0909
28 35 -18.2226
28 36 -18.3466
28 37 -18.4623
28 38 -18.5786
28 39 -18.6879
28 40 -18.7907
29 -10 -10.6177
29 -9 -10.626
29 -8 -10.6054
29 -7 -10.5828
29 -6 -10.5614
29 -5 -10.5431
29 -4 -10.533
29 -3 -10.5311
29 -2 -10.4659
29 -1 -10.4583
29 0 -10.4356
29 1 -10.4192
29 2 -10.4694
29 3 -10.6683
29 4 -10.9535
29 5 -11.2744
29 6 -11.5936
29 7 -11.9288
29 8 -12.2526
29 9 -12.5654
29 10 -12.8796
29 11 -13.1816
29 12 -13.4781
29 13 -13.7651
29 14 -14.0394
29 15 -14.3227
29 16 -14.5822
29 17 -14.8314
29 18 -15.0846
29 19 -15.3264
29 20 -15.5686
29 21 -15.7888
29 22 -16.0034
29 23 -16.2148
29 24 -16.4145
29 25 -16.617
29 26 -16.803
29 27 -16.9902
29 28 -17.1667
29 29 -17.3412
29 30 -17.5058
29 31 -17.6666
29 32 -17.8172
29 33 -17.9603
29 34 -18.1011
29 35 -18.2288
29 36 -18.3531
29 37 -18.4669
29 38 -18.5847
29 39 -18.6965
29 40 -18.8024
30 -10 -10.6285
30 -9 -10.6179
30 -8 -10.5999
30 -7 -10.5969
30 -6 -10.5827
30 -5 -10.5537
30 -4 -10.5508
30 -3 -10.5338
30 -2 -10.4827
30 -1 -10.472
30 0 -10.4566
30 1 -10.432
30 2 -10.481
30 3 -10.6878
30 4 -10.979
30 5 -11.2839
30 6 -11.6054
30 7 -11.9338
30 8 -12.2517
30 9 -12.5707
30 10 -12.8774
30 11 -13.1918
30 12 -13.489
30 13 -13.7833
30 14 -14.0619
30 15 -14.3297
30 16 -14.5877
30 17 -14.8427
30 18 -15.0871
30 19 -15.3358
30 20 -15.5713
30 21 -15.7996
30 22 -16.0147
30 23 -16.2233
30 24 -16.4221
30 25 -16.6214
30 26 -16.8137
30 27 -16.996
30 28 -17.1702
30 29 -17.3425
30 30 -17.5051
30 31 -17.6698
30 32 -17.8165
30 33 -17.9603
30 34 -18.1038
30 35 -18.2333
30 36 -18.3598
30 37 -18.4744
30 38 -18.5895
30 39 -18.7002
30 40 -18.8082
31 -10 -10.6174
31 -9 -10.6173
31 -8 -10.6056
31 -7 -10.5986
31 -6 -10.5976
31 -5 -10.5675
31 -4 -10.5726
31 -3 -10.552
31 -2 -10.5014
31 -1 -10.49
31 0 -10.4688
31 1 -10.4376
31 2 -10.4928
31 3 -10.7037
31 4 -10.976
31 5 -11.2893
31 6 -11.6174
31 7 -11.9477
31 8 -12.2639
31 9 -12.5857
31 10 -12.8921
31 11 -13.1976
31 12 -13.5004
31 13 -13.7886
31 14 -14.069
31 15 -14.3325
31 16 -14.5981
31 17 -14.8493
31 18 -15.0986
31 19 -15.3406
31 20 -15.5805
31 21 -15.8093
31 22 -16.0219
31 23 -16.2307
31 24 -16.434
31 25 -16.6315
31 26 -16.8173
31 27 -17.0023
31 28 -17.1774
31 29 -17.3486
31 30 -17.5102
31 31 -17.6708
31 32 -17.8221
31 33 -17.9637
31 34 -18.0998
31 35 -18.2319
31 36 -18.3534
31 37 -18.4706
31 38 -18.5865
31 39 -18.6974
31 40 -18.8089
32 -10 -10.6174
32 -9 -10.6314
32 -8 -10.6035
32 -7 -10.5976
32 -6 -10.599
32 -5 -10.578
32 -4 -10.584
32 -3 -10.5697
32 -2 -10.5077
32 -1 -10.493
32 0 -10.4718
32 1 -10.4416
32 2 -10.5049
32 3 -10.7054
32 4 -10.9812
32 5 -11.2948
32 6 -11.618
32 7 -11.9416
32 8 -12.2689
32 9 -12.5829
32 10 -12.8962
32 11 -13.1988
32 12 -13.5024
32 13 -13.7972
32 14 -14.0809
32 15 -14.3493
32 16 -14.6112
32 17 -14.8654
32 18 -15.1085
32 19 -15.3522
32 20 -15.5961
32 21 -15.8194
32 22 -16.0333
32 23 -16.2446
32 24 -16.4461
32 25 -16.6456
32 26 -16.8326
32 27 -17.0077
32 28 -17.1855
32 29 -17.3505
32 30 -17.5191
32 31 -17.6738
32 32 -17.8234
32 33 -17.9625
32 34 -18.1006
32 35 -18.2335
32 36 -18.3596
32 37 -18.4754
32 38 -18.5869
32 39 -18.696
32 40 -18.8052
33 -10 -10.6221
33 -9 -10.6299
33 -8 -10.6115
33 -7 -10.6015
33 -6 -10.5942
33 -5 -10.5826
33 -4 -10.5867
33 -3 -10.5721
33 -2 -10.5304
33 -1 -10.5069
33 0 -10.4783
33 1 -10.4532
33 2 -10.505
33 3 -10.7043
33 4 -10.9836
33 5 -11.304
33 6 -11.6338
33 7 -11.9588
33 8 -12.2793
33 9 -12.597
33 10 -12.9083
33 11 -13.2119
33 12 -13.516
33 13 -13.8125
33 14 -14.0936
33 15 -14.3637
33 16 -14.6205
33 17 -14.8719
33 18 -15.1239
33 19 -15.3682
33 20 -15.6084
33 21 -15.8331
33 22 -16.0551
33 23 -16.262
33 24 -16.4624
33 25 -16.6566
33 26 -16.842
33 27 -17.0244
33 28 -17.1912
33 29 -17.3635
33 30 -17.5241
33 31 -17.6839
33 32 -17.8317
33 33 -17.9767
33 34 -18.1115
33 35 -18.2391
33 36 -18.3617
33 37 -18.4764
33 38 -18.5873
33 39 -18.6997
33 40 -18.8094
34 -10 -10.6279
34 -9 -10.6207
34 -8 -10.6065
34 -7 -10.5892
34 -6 -10.5903
34 -5 -10.5797
34 -4 -10.588
34 -3 -10.5729
34 -2 -10.5468
34 -1 -10.516
34 0 -10.4854
34 1 -10.4774
34 2 -10.516
34 3 -10.7219
34 4 -11.0015
34 5 -11.3208
34 6 -11.6441
34 7 -11.963
34 8 -12.292
34 9 -12.601
34 10 -12.9211
34 11 -13.2357
34 12 -13.5313
34 13 -13.8156
34 14 -14.0966
34 15 -14.3699
34 16 -14.6293
34 17 -14.8817
34 18 -15.1332
34 19 -15.3704
34 20 -15.6173
34 21 -15.8446
34 22 -16.0655
34 23 -16.2732
34 24 -16.469
34 25 -16.6616
34 26 -16.8453
34 27 -17.0311
34 28 -17.2005
34 29 -17.3696
34 30 -17.5357
34 31 -17.6945
34 32 -17.8418
34 33 -17.9832
34 34 -18.1248
34 35 -18.2517
34 36 -18.3717
34 37 -18.485
34 38 -18.5938
34 39 -18.7051
34 40 -18.8113
35 -10 -10.6244
35 -9 -10.6118
35 -8 -10.6046
35 -7 -10.5908
35 -6 -10.5778
35 -5 -10.5801
35 -4 -10.5858
35 -3 -10.565
35 -2 -10.5493
35 -1 -10.5325
35 0 -10.5003
35 1 -10.49
35 2 -10.5283
35 3 -10.7272
35 4 -11.0124
35 5 -11.3307
35 6 -11.6457
35 7 -11.982
35 8 -12.2993
35 9 -12.6136
35 10 -12.934
35 11 -13.2378
35 12 -13.5297
35 13 -13.8213
35 14 -14.0934
35 15 -14.3715
35 16 -14.6339
35 17 -14.8918
35 18 -15.1404
35 19 -15.388
35 20 -15.6383
35 21 -15.8552
35 22 -16.0772
35 23 -16.2862
35 24 -16.4779
35 25 -16.6704
35 26 -16.854
35 27 -17.0348
35 28 -17.2058
35 29 -17.3753
35 30 -17.5346
35 31 -17.6976
35 32 -17.848
35 33 -17.9961
35 34 -18.1311
35 35 -18.2629
35 36 -18.3851
35 37 -18.4996
35 38 -18.6065
35 39 -18.7159
35 40 -18.8227
36 -10 -10.6148
36 -9 -10.61
36 -8 -10.5922
36 -7 -10.5794
36 -6 -10.5719
36 -5 -10.5738
36 -4 -10.5823
36 -3 -10.5644
36 -2 -10.5442
36 -1 -10.531
36 0 -10.5056
36 1 -10.5056
36 2 -10.5484
36 3 -10.7478
36 4 -11.0223
36 5 -11.3414
36 6 -11.6678
36 7 -11.9956
36 8 -12.3132
36 9 -12.6298
36 10 -12.9449
36 11 -13.2424
36 12 -13.536
36 13 -13.8133
36 14 -14.0923
36 15 -14.3691
36 16 -14.647
36 17 -14.9068
36 18 -15.1579
36 19 -15.4096
36 20 -15.6395
36 21 -15.8618
36 22 -16.0754
36 23 -16.2806
36 24 -16.4813
36 25 -16.6731
36 26 -16.8613
36 27 -17.0391
36 28 -17.2093
36 29 -17.3817
36 30 -17.5471
36 31 -17.7058
36 32 -17.8512
36 33 -17.9961
36 34 -18.1356
36 35 -18.2693
36 36 -18.3953
36 37 -18.5119
36 38 -18.6233
36 39 -18.7306
36 40 -18.8365
37 -10 -10.6137
37 -9 -10.6066
37 -8 -10.5979
37 -7 -10.5767
37 -6 -10.5594
37 -5 -10.5717
37 -4 -10.5826
37 -3 -10.5704
37 -2 -10.5443
37 -1 -10.5219
37 0 -10.5121
37 1 -10.5096
37 2 -10.5661
37 3 -10.7557
37 4 -11.0332
37 5 -11.3459
37 6 -11.679
37 7 -12.001
37 8 -12.321
37 9 -12.6348
37 10 -12.9507
37 11 -13.2462
37 12 -13.5359
37 13 -13.8186
37 14 -14.097
37 15 -14.3723
37 16 -14.6339
37 17 -14.8999
37 18 -15.1586
37 19 -15.4058
37 20 -15.6369
37 21 -15.8608
37 22 -16.0746
37 23 -16.2827
37 24 -16.4796
37 25 -16.6736
37 26 -16.8589
37 27 -17.0355
37 28 -17.2142
37 29 -17.3779
37 30 -17.5462
37 31 -17.7034
37 32 -17.8588
37 33 -18.0022
37 34 -18.1373
37 35 -18.2678
37 36 -18.3958
37 37 -18.5103
37 38 -18.6266
37 39 -18.737
37 40 -18.844
38 -10 -10.6167
38 -9 -10.6001
38 -8 -10.5974
38 -7 -10.5797
38 -6 -10.5629
38 -5 -10.5787
38 -4 -10.5827
38 -3 -10.5662
38 -2 -10.5436
38 -1 -10.532
38 0 -10.5101
38 1 -10.515
38 2 -10.5643
38 3 -10.7608
38 4 -11.0421
38 5 -11.3574
38 6 -11.682
38 7 -12.0073
38 8 -12.3264
38 9 -12.6366
38 10 -12.9487
38 11 -13.242
38 12 -13.5371
38 13 -13.8121
38 14 -14.0962
38 15 -14.3702
38 16 -14.6372
38 17 -14.9032
38 18 -15.1563
38 19 -15.3973
38 20 -15.6341
38 21 -15.8615
38 22 -16.0732
38 23 -16.2839
38 24 -16.481
38 25 -16.6771
38 26 -16.8593
38 27 -17.0405
38 28 -17.2157
38 29 -17.3827
38 30 -17.5428
38 31 -17.703
38 32 -17.8519
38 33 -17.9952
38 34 -18.1364
38 35 -18.2628
38 36 -18.3875
38 37 -18.5034
38 38 -18.6185
38 39 -18.7337
38 40 -18.8432
39 -10 -10.612
39 -9 -10.602
39 -8 -10.5883
39 -7 -10.581
39 -6 -10.563
39 -5 -10.573
39 -4 -10.5813
39 -3 -10.5675
39 -2 -10.5463
39 -1 -10.528
39 0 -10.5026
39 1 -10.5089
39 2 -10.5702
39 3 -10.7506
39 4 -11.0371
39 5 -11.356
39 6 -11.6835
39 7 -12.0194
39 8 -12.3363
39 9 -12.6452
39 10 -12.9449
39 11 -13.2411
39 12 -13.5289
39 13 -13.8125
39 14 -14.0859
39 15 -14.3589
39 16 -14.6305
39 17 -14.8914
39 18 -15.147
39 19 -15.3957
39 20 -15.6312
39 21 -15.8594
39 22 -16.0699
39 23 -16.2803
39 24 -16.4764
39 25 -16.6721
39 26 -16.8599
39 27 -17.0416
39 28 -17.2148
39 29 -17.3798
39 30 -17.5478
39 31 -17.7032
39 32 -17.8522
39 33 -17.9953
39 34 -18.1318
39 35 -18.2616
39 36 -18.3842
39 37 -18.5018
39 38 -18.6174
39 39 -18.7292
39 40 -18.8382
40 -10 -10.6157
40 -9 -10.6037
40 -8 -10.5876
40 -7 -10.5749
40 -6 -10.5615
40 -5 -10.5733
40 -4 -10.584
40 -3 -10.5687
40 -2 -10.5424
40 -1 -10.5178
40 0 -10.4983
40 1 -10.5118
40 2 -10.5573
40 3 -10.7604
40 4 -11.0356
40 5 -11.3563
40 6 -11.6776
40 7 -12.0087
40 8 -12.3294
40 9 -12.644
40 10 -12.9487
40 11 -13.2361
40 12 -13.5235
40 13 -13.8171
40 14 -14.0887
40 15 -14.3556
40 16 -14.6261
40 17 -14.8887
40 18 -15.1357
40 19 -15.3843
40 20 -15.6296
40 21 -15.8568
40 22 -16.0752
40 23 -16.2736
40 24 -16.474
40 25 -16.667
40 26 -16.8571
40 27 -17.0367
40 28 -17.214
40 29 -17.3853
40 30 -17.5477
40 31 -17.7005
40 32 -17.8557
40 33 -17.9945
40 34 -18.1323
40 35 -18.2609
40 36 -18.3834
40 37 -18.5014
40 38 -18.6127
40 39 -18.7223
40 40 -18.8327
