-10 -10 -8.45313
-10 -9 -8.4339
-10 -8 -8.42361
-10 -7 -8.4135
-10 -6 -8.39485
-10 -5 -8.38024
-10 -4 -8.33797
-10 -3 -8.32225
-10 -2 -8.27825
-10 -1 -8.26529
-10 0 -8.26138
-10 1 -8.24226
-10 2 -8.28072
-10 3 -8.44773
-10 4 -8.72118
-10 5 -9.01907
-10 6 -9.33127
-10 7 -9.66378
-10 8 -9.96897
-10 9 -10.3076
-10 10 -10.6091
-10 11 -10.9029
-10 12 -11.211
-10 13 -11.4726
-10 14 -11.7532
-10 15 -12.0232
-10 16 -12.2912
-10 17 -12.5326
-10 18 -12.7845
-10 19 -13.0062
-10 20 -13.251
-10 21 -13.4837
-10 22 -13.7025
-10 23 -13.9116
-10 24 -14.1236
-10 25 -14.3159
-10 26 -14.5272
-10 27 -14.7236
-10 28 -14.9
-10 29 -15.0856
-10 30 -15.2853
-10 31 -15.4401
-10 32 -15.6138
-10 33 -15.789
-10 34 -15.9605
-10 35 -16.1245
-10 36 -16.2773
-10 37 -16.4242
-10 38 -16.5803
-10 39 -16.7091
-10 40 -16.8501
-9 -10 -8.44504
-9 -9 -8.42355
-9 -8 -8.41754
-9 -7 -8.4017
-9 -6 -8.37084
-9 -5 -8.33941
-9 -4 -8.31065
-9 -3 -8.30075
-9 -2 -8.27438
-9 -1 -8.24559
-9 0 -8.23073
-9 1 -8.20158
-9 2 -8.23067
-9 3 -8.4079
-9 4 -8.65233
-9 5 -8.95575
-9 6 -9.30919
-9 7 -9.61058
-9 8 -9.95234
-9 9 -10.2554
-9 10 -10.5561
-9 11 -10.8773
-9 12 -11.1677
-9 13 -11.4523
-9 14 -11.7272
-9 15 -11.9948
-9 16 -12.2826
-9 17 -12.5141
-9 18 -12.7799
-9 19 -12.998
-9 20 -13.2347
-9 21 -13.4535
-9 22 -13.6798
-9 23 -13.9089
-9 24 -14.114
-9 25 -14.3159
-9 26 -14.5122
-9 27 -14.7086
-9 28 -14.8925
-9 29 -15.0791
-9 30 -15.25
-9 31 -15.4325
-9 32 -15.5997
-9 33 -15.7773
-9 34 -15.9407
-9 35 -16.1032
-9 36 -16.2596
-9 37 -16.4159
-9 38 -16.5636
-9 39 -16.7099
-9 40 -16.844
-8 -10 -8.42111
-8 -9 -8.40358
-8 -8 -8.39531
-8 -7 -8.37054
-8 -6 -8.34145
-8 -5 -8.31971
-8 -4 -8.28265
-8 -3 -8.2715
-8 -2 -8.24971
-8 -1 -8.23231
-8 0 -8.21163
-8 1 -8.16326
-8 2 -8.18667
-8 3 -8.35309
-8 4 -8.64633
-8 5 -8.95108
-8 6 -9.26448
-8 7 -9.57421
-8 8 -9.90641
-8 9 -10.2284
-8 10 -10.5477
-8 11 -10.8325
-8 12 -11.1297
-8 13 -11.4081
-8 14 -11.6984
-8 15 -11.9671
-8 16 -12.2463
-8 17 -12.4953
-8 18 -12.7199
-8 19 -12.9774
-8 20 -13.2251
-8 21 -13.4408
-8 22 -13.6497
-8 23 -13.8761
-8 24 -14.1032
-8 25 -14.298
-8 26 -14.4919
-8 27 -14.6886
-8 28 -14.8929
-8 29 -15.0765
-8 30 -15.2449
-8 31 -15.4307
-8 32 -15.5976
-8 33 -15.7756
-8 34 -15.9384
-8 35 -16.0925
-8 36 -16.2581
-8 37 -16.4176
-8 38 -16.5452
-8 39 -16.6821
-8 40 -16.8225
-7 -10 -8.41459
-7 -9 -8.3903
-7 -8 -8.37407
-7 -7 -8.34743
-7 -6 -8.30059
-7 -5 -8.29424
-7 -4 -8.28684
-7 -3 -8.25164
-7 -2 -8.23765
-7 -1 -8.21319
-7 0 -8.17624
-7 1 -8.12994
-7 2 -8.1362
-7 3 -8.32206
-7 4 -8.58693
-7 5 -8.89099
-7 6 -9.22168
-7 7 -9.5422
-7 8 -9.87179
-7 9 -10.164
-7 10 -10.493
-7 11 -10.8037
-7 12 -11.0918
-7 13 -11.3874
-7 14 -11.6636
-7 15 -11.9227
-7 16 -12.1818
-7 17 -12.4672
-7 18 -12.7034
-7 19 -12.9348
-7 20 -13.1631
-7 21 -13.396
-7 22 -13.6102
-7 23 -13.8568
-7 24 -14.0566
-7 25 -14.2684
-7 26 -14.4766
-7 27 -14.6744
-7 28 -14.8592
-7 29 -15.0576
-7 30 -15.2263
-7 31 -15.412
-7 32 -15.5793
-7 33 -15.7384
-7 34 -15.9222
-7 35 -16.0776
-7 36 -16.2347
-7 37 -16.3849
-7 38 -16.5275
-7 39 -16.6697
-7 40 -16.8102
-6 -10 -8.4035
-6 -9 -8.38818
-6 -8 -8.35035
-6 -7 -8.31123
-6 -6 -8.29807
-6 -5 -8.27662
-6 -4 -8.25299
-6 -3 -8.23311
-6 -2 -8.22374
-6 -1 -8.16783
-6 0 -8.12783
-6 1 -8.10062
-6 2 -8.11644
-6 3 -8.30345
-6 4 -8.58083
-6 5 -8.87951
-6 6 -9.20061
-6 7 -9.52346
-6 8 -9.85441
-6 9 -10.162
-6 10 -10.4707
-6 11 -10.776
-6 12 -11.0655
-6 13 -11.3539
-6 14 -11.61
-6 15 -11.8903
-6 16 -12.147
-6 17 -12.4031
-6 18 -12.6491
-6 19 -12.9005
-6 20 -13.1351
-6 21 -13.3681
-6 22 -13.5673
-6 23 -13.796
-6 24 -14.0068
-6 25 -14.2302
-6 26 -14.4312
-6 27 -14.6491
-6 28 -14.8273
-6 29 -15.0102
-6 30 -15.208
-6 31 -15.3861
-6 32 -15.5581
-6 33 -15.7264
-6 34 -15.8962
-6 35 -16.0561
-6 36 -16.2189
-6 37 -16.3645
-6 38 -16.5036
-6 39 -16.6569
-6 40 -16.7886
-5 -10 -8.36784
-5 -9 -8.36287
-5 -8 -8.31112
-5 -7 -8.28901
-5 -6 -8.28056
-5 -5 -8.25255
-5 -4 -8.2343
-5 -3 -8.20438
-5 -2 -8.16788
-5 -1 -8.14429
-5 0 -8.09213
-5 1 -8.06635
-5 2 -8.11766
-5 3 -8.28258
-5 4 -8.57413
-5 5 -8.88557
-5 6 -9.18829
-5 7 -9.51298
-5 8 -9.8511
-5 9 -10.153
-5 10 -10.4543
-5 11 -10.7636
-5 12 -11.0554
-5 13 -11.3267
-5 14 -11.6008
-5 15 -11.8608
-5 16 -12.1134
-5 17 -12.3773
-5 18 -12.6299
-5 19 -12.8688
-5 20 -13.0958
-5 21 -13.3202
-5 22 -13.5501
-5 23 -13.7703
-5 24 -13.9847
-5 25 -14.2049
-5 26 -14.3829
-5 27 -14.591
-5 28 -14.7873
-5 29 -14.9609
-5 30 -15.1622
-5 31 -15.3694
-5 32 -15.5244
-5 33 -15.6963
-5 34 -15.867
-5 35 -16.026
-5 36 -16.192
-5 37 -16.3368
-5 38 -16.4871
-5 39 -16.6223
-5 40 -16.758
-4 -10 -8.35154
-4 -9 -8.33913
-4 -8 -8.29131
-4 -7 -8.26884
-4 -6 -8.25182
-4 -5 -8.24851
-4 -4 -8.21602
-4 -3 -8.19608
-4 -2 -8.153
-4 -1 -8.10998
-4 0 -8.07543
-4 1 -8.08376
-4 2 -8.08255
-4 3 -8.27347
-4 4 -8.55007
-4 5 -8.85179
-4 6 -9.1737
-4 7 -9.49716
-4 8 -9.83051
-4 9 -10.1384
-4 10 -10.4499
-4 11 -10.768
-4 12 -11.0292
-4 13 -11.3358
-4 14 -11.5926
-4 15 -11.8704
-4 16 -12.1298
-4 17 -12.3676
-4 18 -12.6178
-4 19 -12.8571
-4 20 -13.0873
-4 21 -13.3241
-4 22 -13.5416
-4 23 -13.7574
-4 24 -13.959
-4 25 -14.177
-4 26 -14.3775
-4 27 -14.5634
-4 28 -14.7683
-4 29 -14.9633
-4 30 -15.1266
-4 31 -15.3171
-4 32 -15.4929
-4 33 -15.6567
-4 34 -15.8348
-4 35 -15.9849
-4 36 -16.1363
-4 37 -16.3064
-4 38 -16.4482
-4 39 -16.5877
-4 40 -16.7385
-3 -10 -8.34953
-3 -9 -8.32195
-3 -8 -8.29567
-3 -7 -8.28627
-3 -6 -8.27055
-3 -5 -8.23773
-3 -4 -8.21615
-3 -3 -8.1565
-3 -2 -8.13103
-3 -1 -8.09545
-3 0 -8.0721
-3 1 -8.0552
-3 2 -8.08109
-3 3 -8.24472
-3 4 -8.50101
-3 5 -8.81996
-3 6 -9.14929
-3 7 -9.46779
-3 8 -9.79127
-3 9 -10.1102
-3 10 -10.4165
-3 11 -10.7394
-3 12 -11.0231
-3 13 -11.3201
-3 14 -11.6068
-3 15 -11.8559
-3 16 -12.1146
-3 17 -12.3639
-3 18 -12.6045
-3 19 -12.8575
-3 20 -13.0931
-3 21 -13.3017
-3 22 -13.5255
-3 23 -13.7467
-3 24 -13.9641
-3 25 -14.1744
-3 26 -14.3544
-3 27 -14.5609
-3 28 -14.7439
-3 29 -14.9313
-3 30 -15.1218
-3 31 -15.3035
-3 32 -15.4747
-3 33 -15.6639
-3 34 -15.7983
-3 35 -15.9862
-3 36 -16.1208
-3 37 -16.2868
-3 38 -16.4275
-3 39 -16.5732
-3 40 -16.694
-2 -10 -8.34418
-2 -9 -8.3172
-2 -8 -8.3012
-2 -7 -8.29705
-2 -6 -8.25002
-2 -5 -8.238
-2 -4 -8.19583
-2 -3 -8.14181
-2 -2 -8.1285
-2 -1 -8.08811
-2 0 -8.0816
-2 1 -8.02424
-2 2 -8.02186
-2 3 -8.17593
-2 4 -8.4722
-2 5 -8.76723
-2 6 -9.10172
-2 7 -9.40606
-2 8 -9.78155
-2 9 -10.078
-2 10 -10.3925
-2 11 -10.7027
-2 12 -11.0039
-2 13 -11.293
-2 14 -11.5907
-2 15 -11.8498
-2 16 -12.1021
-2 17 -12.3632
-2 18 -12.6214
-2 19 -12.8449
-2 20 -13.0849
-2 21 -13.3101
-2 22 -13.5291
-2 23 -13.7546
-2 24 -13.9742
-2 25 -14.1599
-2 26 -14.3683
-2 27 -14.5575
-2 28 -14.7586
-2 29 -14.9402
-2 30 -15.1257
-2 31 -15.3214
-2 32 -15.4743
-2 33 -15.6452
-2 34 -15.8074
-2 35 -15.9611
-2 36 -16.1325
-2 37 -16.2734
-2 38 -16.4348
-2 39 -16.5668
-2 40 -16.7112
-1 -10 -8.33873
-1 -9 -8.33502
-1 -8 -8.31353
-1 -7 -8.28942
-1 -6 -8.25459
-1 -5 -8.21064
-1 -4 -8.16941
-1 -3 -8.15059
-1 -2 -8.12932
-1 -1 -8.08938
-1 0 -8.06459
-1 1 -8.00577
-1 2 -8.01593
-1 3 -8.18523
-1 4 -8.44842
-1 5 -8.77164
-1 6 -9.08476
-1 7 -9.41031
-1 8 -9.72331
-1 9 -10.0498
-1 10 -10.3635
-1 11 -10.6959
-1 12 -10.972
-1 13 -11.2442
-1 14 -11.5604
-1 15 -11.8145
-1 16 -12.105
-1 17 -12.3505
-1 18 -12.6153
-1 19 -12.8419
-1 20 -13.115
-1 21 -13.324
-1 22 -13.5562
-1 23 -13.7703
-1 24 -13.9907
-1 25 -14.17
-1 26 -14.3819
-1 27 -14.5783
-1 28 -14.7626
-1 29 -14.9532
-1 30 -15.1399
-1 31 -15.3162
-1 32 -15.4811
-1 33 -15.6403
-1 34 -15.8212
-1 35 -15.9778
-1 36 -16.1337
-1 37 -16.2813
-1 38 -16.425
-1 39 -16.5772
-1 40 -16.7158
0 -10 -8.35309
0 -9 -8.33154
0 -8 -8.31932
0 -7 -8.29964
0 -6 -8.25271
0 -5 -8.23664
0 -4 -8.17555
0 -3 -8.18017
0 -2 -8.13447
0 -1 -8.10284
0 0 -8.06365
0 1 -7.99358
0 2 -8.00428
0 3 -8.21665
0 4 -8.43631
0 5 -8.75998
0 6 -9.12303
0 7 -9.41147
0 8 -9.74457
0 9 -10.0705
0 10 -10.3691
0 11 -10.6734
0 12 -10.9867
0 13 -11.2571
0 14 -11.5372
0 15 -11.835
0 16 -12.1013
0 17 -12.3602
0 18 -12.6191
0 19 -12.8566
0 20 -13.1015
0 21 -13.3337
0 22 -13.5644
0 23 -13.7755
0 24 -13.9994
0 25 -14.1997
0 26 -14.4031
0 27 -14.6134
0 28 -14.7905
0 29 -14.9836
0 30 -15.1683
0 31 -15.3354
0 32 -15.5225
0 33 -15.6814
0 34 -15.8358
0 35 -16.0109
0 36 -16.1658
0 37 -16.3196
0 38 -16.4695
0 39 -16.6085
0 40 -16.7429
1 -10 -8.37885
1 -9 -8.37499
1 -8 -8.33657
1 -7 -8.31417
1 -6 -8.26193
1 -5 -8.22103
1 -4 -8.23561
1 -3 -8.21416
1 -2 -8.1942
1 -1 -8.16154
1 0 -8.06267
1 1 -8.02072
1 2 -8.05072
1 3 -8.20577
1 4 -8.48364
1 5 -8.81763
1 6 -9.1376
1 7 -9.43224
1 8 -9.76825
1 9 -10.0959
1 10 -10.399
1 11 -10.6919
1 12 -10.9845
1 13 -11.2694
1 14 -11.5559
1 15 -11.8555
1 16 -12.1128
1 17 -12.3716
1 18 -12.645
1 19 -12.8635
1 20 -13.1149
1 21 -13.3708
1 22 -13.5957
1 23 -13.8173
1 24 -14.0394
1 25 -14.2383
1 26 -14.4608
1 27 -14.6249
1 28 -14.8339
1 29 -15.0286
1 30 -15.1883
1 31 -15.3734
1 32 -15.5471
1 33 -15.7293
1 34 -15.8876
1 35 -16.0517
1 36 -16.2066
1 37 -16.3434
1 38 -16.4958
1 39 -16.635
1 40 -16.7732
2 -10 -8.43304
2 -9 -8.43094
2 -8 -8.39717
2 -7 -8.37656
2 -6 -8.32287
2 -5 -8.29813
2 -4 -8.26515
2 -3 -8.25352
2 -2 -8.23878
2 -1 -8.1623
2 0 -8.10903
2 1 -8.07338
2 2 -8.07522
2 3 -8.27448
2 4 -8.51937
2 5 -8.81607
2 6 -9.1505
2 7 -9.50112
2 8 -9.8016
2 9 -10.1096
2 10 -10.4399
2 11 -10.7417
2 12 -11.0588
2 13 -11.3395
2 14 -11.6393
2 15 -11.8804
2 16 -12.1467
2 17 -12.4146
2 18 -12.6657
2 19 -12.9317
2 20 -13.1842
2 21 -13.4034
2 22 -13.635
2 23 -13.8438
2 24 -14.0892
2 25 -14.2835
2 26 -14.4825
2 27 -14.6829
2 28 -14.8816
2 29 -15.0706
2 30 -15.2617
2 31 -15.4222
2 32 -15.5978
2 33 -15.7573
2 34 -15.9364
2 35 -16.0906
2 36 -16.244
2 37 -16.4075
2 38 -16.5629
2 39 -16.6947
2 40 -16.832
3 -10 -8.49132
3 -9 -8.47497
3 -8 -8.43583
3 -7 -8.41926
3 -6 -8.38038
3 -5 -8.3664
3 -4 -8.31609
3 -3 -8.29837
3 -2 -8.26304
3 -1 -8.22299
3 0 -8.1728
3 1 -8.12204
3 2 -8.14232
3 3 -8.31694
3 4 -8.57409
3 5 -8.89568
3 6 -9.20339
3 7 -9.54416
3 8 -9.841
3 9 -10.1898
3 10 -10.5106
3 11 -10.8009
3 12 -11.0866
3 13 -11.385
3 14 -11.6528
3 15 -11.934
3 16 -12.1976
3 17 -12.4809
3 18 -12.7258
3 19 -12.984
3 20 -13.2185
3 21 -13.4638
3 22 -13.708
3 23 -13.9105
3 24 -14.1322
3 25 -14.3316
3 26 -14.5472
3 27 -14.73
3 28 -14.9343
3 29 -15.1169
3 30 -15.2984
3 31 -15.4841
3 32 -15.65
3 33 -15.835
3 34 -15.994
3 35 -16.1462
3 36 -16.2973
3 37 -16.4533
3 38 -16.5924
3 39 -16.7442
3 40 -16.8805
4 -10 -8.53468
4 -9 -8.51882
4 -8 -8.49106
4 -7 -8.45883
4 -6 -8.42308
4 -5 -8.39616
4 -4 -8.38259
4 -3 -8.33045
4 -2 -8.29358
4 -1 -8.26073
4 0 -8.22739
4 1 -8.18295
4 2 -8.18909
4 3 -8.36701
4 4 -8.63476
4 5 -8.94653
4 6 -9.28696
4 7 -9.59846
4 8 -9.93597
4 9 -10.2557
4 10 -10.5628
4 11 -10.8455
4 12 -11.168
4 13 -11.4397
4 14 -11.7406
4 15 -12.0163
4 16 -12.2765
4 17 -12.5511
4 18 -12.8017
4 19 -13.0402
4 20 -13.2805
4 21 -13.5045
4 22 -13.7275
4 23 -13.9547
4 24 -14.1651
4 25 -14.3914
4 26 -14.5713
4 27 -14.7787
4 28 -14.976
4 29 -15.1731
4 30 -15.3453
4 31 -15.5288
4 32 -15.6957
4 33 -15.8671
4 34 -16.0333
4 35 -16.1856
4 36 -16.3456
4 37 -16.493
4 38 -16.6392
4 39 -16.7907
4 40 -16.9395
5 -10 -8.57355
5 -9 -8.55712
5 -8 -8.52735
5 -7 -8.51102
5 -6 -8.47462
5 -5 -8.44794
5 -4 -8.42345
5 -3 -8.36691
5 -2 -8.31412
5 -1 -8.26172
5 0 -8.26768
5 1 -8.23139
5 2 -8.25487
5 3 -8.4167
5 4 -8.68191
5 5 -9.00836
5 6 -9.35512
5 7 -9.679
5 8 -10.0062
5 9 -10.2999
5 10 -10.6339
5 11 -10.934
5 12 -11.2295
5 13 -11.5204
5 14 -11.8057
5 15 -12.0838
5 16 -12.3416
5 17 -12.603
5 18 -12.8247
5 19 -13.0843
5 20 -13.3121
5 21 -13.5517
5 22 -13.7737
5 23 -14.0009
5 24 -14.2087
5 25 -14.4278
5 26 -14.6177
5 27 -14.8222
5 28 -15.0053
5 29 -15.1934
5 30 -15.3922
5 31 -15.5769
5 32 -15.7419
5 33 -15.9125
5 34 -16.0718
5 35 -16.239
5 36 -16.3958
5 37 -16.5489
5 38 -16.6916
5 39 -16.8367
5 40 -16.9711
6 -10 -8.63935
6 -9 -8.59812
6 -8 -8.56147
6 -7 -8.53371
6 -6 -8.52381
6 -5 -8.49893
6 -4 -8.47768
6 -3 -8.43745
6 -2 -8.36517
6 -1 -8.33644
6 0 -8.30074
6 1 -8.28505
6 2 -8.2956
6 3 -8.48594
6 4 -8.74967
6 5 -9.07062
6 6 -9.38302
6 7 -9.71824
6 8 -10.0413
6 9 -10.3767
6 10 -10.6755
6 11 -10.9848
6 12 -11.2798
6 13 -11.5719
6 14 -11.8569
6 15 -12.1183
6 16 -12.3773
6 17 -12.6264
6 18 -12.8628
6 19 -13.1202
6 20 -13.3561
6 21 -13.5751
6 22 -13.8044
6 23 -14.03
6 24 -14.2324
6 25 -14.4508
6 26 -14.6584
6 27 -14.8759
6 28 -15.0445
6 29 -15.2524
6 30 -15.4267
6 31 -15.6194
6 32 -15.7817
6 33 -15.9544
6 34 -16.1239
6 35 -16.2977
6 36 -16.4602
6 37 -16.6081
6 38 -16.752
6 39 -16.9015
6 40 -17.0421
7 -10 -8.68164
7 -9 -8.66192
7 -8 -8.61918
7 -7 -8.58763
7 -6 -8.56673
7 -5 -8.53522
7 -4 -8.52143
7 -3 -8.47725
7 -2 -8.43856
7 -1 -8.37622
7 0 -8.33311
7 1 -8.3186
7 2 -8.33531
7 3 -8.54074
7 4 -8.79595
7 5 -9.08086
7 6 -9.41832
7 7 -9.75837
7 8 -10.0916
7 9 -10.4081
7 10 -10.707
7 11 -11.0383
7 12 -11.3344
7 13 -11.6078
7 14 -11.8663
7 15 -12.1565
7 16 -12.4168
7 17 -12.6695
7 18 -12.9192
7 19 -13.132
7 20 -13.405
7 21 -13.6165
7 22 -13.8505
7 23 -14.0737
7 24 -14.2853
7 25 -14.4947
7 26 -14.7113
7 27 -14.9046
7 28 -15.1079
7 29 -15.2959
7 30 -15.4946
7 31 -15.6671
7 32 -15.8477
7 33 -16.0158
7 34 -16.1775
7 35 -16.35
7 36 -16.514
7 37 -16.6583
7 38 -16.8174
7 39 -16.9581
7 40 -17.0912
8 -10 -8.73044
8 -9 -8.70207
8 -8 -8.68115
8 -7 -8.64573
8 -6 -8.61185
8 -5 -8.58288
8 -4 -8.56129
8 -3 -8.53198
8 -2 -8.48098
8 -1 -8.43625
8 0 -8.39373
8 1 -8.37175
8 2 -8.39225
8 3 -8.57286
8 4 -8.82864
8 5 -9.12412
8 6 -9.45768
8 7 -9.81065
8 8 -10.1243
8 9 -10.4432
8 10 -10.7617
8 11 -11.0672
8 12 -11.3472
8 13 -11.6357
8 14 -11.9145
8 15 -12.1817
8 16 -12.4416
8 17 -12.7134
8 18 -12.9484
8 19 -13.1923
8 20 -13.4385
8 21 -13.6615
8 22 -13.89
8 23 -14.1123
8 24 -14.3405
8 25 -14.5491
8 26 -14.7677
8 27 -14.9612
8 28 -15.1582
8 29 -15.3559
8 30 -15.5506
8 31 -15.7301
8 32 -15.8992
8 33 -16.0741
8 34 -16.2453
8 35 -16.4164
8 36 -16.5739
8 37 -16.7132
8 38 -16.8715
8 39 -17.0039
8 40 -17.1484
9 -10 -8.76901
9 -9 -8.74663
9 -8 -8.71104
9 -7 -8.6784
9 -6 -8.6497
9 -5 -8.62568
9 -4 -8.60563
9 -3 -8.56938
9 -2 -8.52706
9 -1 -8.46707
9 0 -8.46035
9 1 -8.42113
9 2 -8.41475
9 3 -8.59675
9 4 -8.86044
9 5 -9.19473
9 6 -9.51089
9 7 -9.82809
9 8 -10.1656
9 9 -10.493
9 10 -10.7987
9 11 -11.1207
9 12 -11.3979
9 13 -11.684
9 14 -11.9554
9 15 -12.2288
9 16 -12.5143
9 17 -12.7503
9 18 -13.0175
9 19 -13.2497
9 20 -13.4941
9 21 -13.7213
9 22 -13.9334
9 23 -14.1793
9 24 -14.385
9 25 -14.6079
9 26 -14.805
9 27 -15.0071
9 28 -15.2021
9 29 -15.4035
9 30 -15.5873
9 31 -15.7829
9 32 -15.9555
9 33 -16.1227
9 34 -16.295
9 35 -16.4387
9 36 -16.6075
9 37 -16.757
9 38 -16.9013
9 39 -17.0488
9 40 -17.1936
10 -10 -8.79368
10 -9 -8.77011
10 -8 -8.73737
10 -7 -8.70829
10 -6 -8.68546
10 -5 -8.65753
10 -4 -8.62667
10 -3 -8.59623
10 -2 -8.55705
10 -1 -8.51181
10 0 -8.47891
10 1 -8.45504
10 2 -8.47369
10 3 -8.64634
10 4 -8.90259
10 5 -9.21452
10 6 -9.5601
10 7 -9.89461
10 8 -10.221
10 9 -10.5309
10 10 -10.8575
10 11 -11.1518
10 12 -11.4617
10 13 -11.7364
10 14 -12.0156
10 15 -12.2954
10 16 -12.5492
10 17 -12.7964
10 18 -13.0576
10 19 -13.2971
10 20 -13.5343
10 21 -13.7648
10 22 -13.9888
10 23 -14.2105
10 24 -14.4248
10 25 -14.6479
10 26 -14.8399
10 27 -15.053
10 28 -15.2459
10 29 -15.436
10 30 -15.615
10 31 -15.8118
10 32 -15.9779
10 33 -16.1652
10 34 -16.3202
10 35 -16.4854
10 36 -16.6405
10 37 -16.7955
10 38 -16.9492
10 39 -17.0834
10 40 -17.2228
11 -10 -8.82639
11 -9 -8.79435
11 -8 -8.77173
11 -7 -8.74466
11 -6 -8.72726
11 -5 -8.69295
11 -4 -8.68123
11 -3 -8.63285
11 -2 -8.57162
11 -1 -8.55261
11 0 -8.52942
11 1 -8.50076
11 2 -8.51451
11 3 -8.6819
11 4 -8.96312
11 5 -9.26642
11 6 -9.60431
11 7 -9.94502
11 8 -10.2559
11 9 -10.5825
11 10 -10.8957
11 11 -11.2155
11 12 -11.4889
11 13 -11.7798
11 14 -12.0515
11 15 -12.306
11 16 -12.602
11 17 -12.843
11 18 -13.1003
11 19 -13.3386
11 20 -13.5808
11 21 -13.8066
11 22 -14.0371
11 23 -14.2455
11 24 -14.4643
11 25 -14.6705
11 26 -14.8786
11 27 -15.0768
11 28 -15.2842
11 29 -15.4796
11 30 -15.6602
11 31 -15.8405
11 32 -16.0181
11 33 -16.1826
11 34 -16.3462
11 35 -16.5184
11 36 -16.6768
11 37 -16.8224
11 38 -16.9706
11 39 -17.1174
11 40 -17.2579
12 -10 -8.8611
12 -9 -8.82123
12 -8 -8.80045
12 -7 -8.77212
12 -6 -8.75436
12 -5 -8.72813
12 -4 -8.72538
12 -3 -8.67019
12 -2 -8.60807
12 -1 -8.57304
12 0 -8.55216
12 1 -8.53748
12 2 -8.56391
12 3 -8.73014
12 4 -8.98939
12 5 -9.31279
12 6 -9.62861
12 7 -9.97317
12 8 -10.3087
12 9 -10.6277
12 10 -10.9395
12 11 -11.2264
12 12 -11.5383
12 13 -11.8118
12 14 -12.0882
12 15 -12.3717
12 16 -12.6313
12 17 -12.8841
12 18 -13.1197
12 19 -13.3618
12 20 -13.6071
12 21 -13.8303
12 22 -14.0586
12 23 -14.2733
12 24 -14.5024
12 25 -14.7078
12 26 -14.8982
12 27 -15.1173
12 28 -15.3135
12 29 -15.5066
12 30 -15.6772
12 31 -15.8716
12 32 -16.0495
12 33 -16.2155
12 34 -16.3807
12 35 -16.5465
12 36 -16.6999
12 37 -16.8618
12 38 -17.0086
12 39 -17.1419
12 40 -17.2898
13 -10 -8.89548
13 -9 -8.86993
13 -8 -8.84493
13 -7 -8.81075
13 -6 -8.79325
13 -5 -8.76901
13 -4 -8.73702
13 -3 -8.70875
13 -2 -8.65158
13 -1 -8.62156
13 0 -8.59361
13 1 -8.55956
13 2 -8.59199
13 3 -8.74688
13 4 -9.03184
13 5 -9.33039
13 6 -9.67531
13 7 -9.99427
13 8 -10.3355
13 9 -10.6576
13 10 -10.9673
13 11 -11.2642
13 12 -11.5594
13 13 -11.8309
13 14 -12.1212
13 15 -12.4007
13 16 -12.6754
13 17 -12.9075
13 18 -13.147
13 19 -13.3968
13 20 -13.6266
13 21 -13.8606
13 22 -14.0706
13 23 -14.2896
13 24 -14.5164
13 25 -14.7368
13 26 -14.9284
13 27 -15.1261
13 28 -15.3307
13 29 -15.5336
13 30 -15.7078
13 31 -15.8989
13 32 -16.0828
13 33 -16.2411
13 34 -16.413
13 35 -16.5752
13 36 -16.7387
13 37 -16.8868
13 38 -17.0374
13 39 -17.1719
13 40 -17.3173
14 -10 -8.9403
14 -9 -8.90335
14 -8 -8.85875
14 -7 -8.84725
14 -6 -8.82408
14 -5 -8.8033
14 -4 -8.78163
14 -3 -8.73613
14 -2 -8.67831
14 -1 -8.63799
14 0 -8.62041
14 1 -8.57808
14 2 -8.61872
14 3 -8.78566
14 4 -9.04191
14 5 -9.36122
14 6 -9.69981
14 7 -10.0251
14 8 -10.3503
14 9 -10.6724
14 10 -10.9852
14 11 -11.2915
14 12 -11.58
14 13 -11.8822
14 14 -12.1451
14 15 -12.4332
14 16 -12.6728
14 17 -12.9334
14 18 -13.1757
14 19 -13.414
14 20 -13.6586
14 21 -13.8976
14 22 -14.1089
14 23 -14.3405
14 24 -14.5379
14 25 -14.764
14 26 -14.9671
14 27 -15.1545
14 28 -15.3663
14 29 -15.5739
14 30 -15.7451
14 31 -15.9258
14 32 -16.1062
14 33 -16.2813
14 34 -16.4573
14 35 -16.6158
14 36 -16.7809
14 37 -16.921
14 38 -17.0734
14 39 -17.2171
14 40 -17.3647
15 -10 -8.95904
15 -9 -8.92927
15 -8 -8.89384
15 -7 -8.87424
15 -6 -8.85864
15 -5 -8.8365
15 -4 -8.79978
15 -3 -8.7616
15 -2 -8.70986
15 -1 -8.67731
15 0 -8.63893
15 1 -8.61252
15 2 -8.64228
15 3 -8.81127
15 4 -9.07077
15 5 -9.37316
15 6 -9.71211
15 7 -10.0633
15 8 -10.3994
15 9 -10.7043
15 10 -11.0088
15 11 -11.3243
15 12 -11.6116
15 13 -11.8945
15 14 -12.1805
15 15 -12.4357
15 16 -12.7112
15 17 -12.9602
15 18 -13.2085
15 19 -13.4539
15 20 -13.69
15 21 -13.9123
15 22 -14.1583
15 23 -14.3835
15 24 -14.5826
15 25 -14.7969
15 26 -15.0047
15 27 -15.2063
15 28 -15.3993
15 29 -15.5855
15 30 -15.7843
15 31 -15.9652
15 32 -16.1387
15 33 -16.312
15 34 -16.4951
15 35 -16.6437
15 36 -16.8071
15 37 -16.9611
15 38 -17.109
15 39 -17.257
15 40 -17.3932
16 -10 -8.98857
16 -9 -8.96095
16 -8 -8.91955
16 -7 -8.90114
16 -6 -8.86514
16 -5 -8.84899
16 -4 -8.81997
16 -3 -8.78859
16 -2 -8.7354
16 -1 -8.70773
16 0 -8.68401
16 1 -8.64305
16 2 -8.65877
16 3 -8.83092
16 4 -9.09556
16 5 -9.41447
16 6 -9.73895
16 7 -10.0764
16 8 -10.4041
16 9 -10.7487
16 10 -11.0365
16 11 -11.3617
16 12 -11.6562
16 13 -11.9241
16 14 -12.2172
16 15 -12.481
16 16 -12.731
16 17 -13.0041
16 18 -13.2517
16 19 -13.4977
16 20 -13.7301
16 21 -13.9541
16 22 -14.1802
16 23 -14.3957
16 24 -14.6165
16 25 -14.8137
16 26 -15.0275
16 27 -15.241
16 28 -15.4373
16 29 -15.6215
16 30 -15.8221
16 31 -16.0121
16 32 -16.1647
16 33 -16.3505
16 34 -16.5139
16 35 -16.6766
16 36 -16.835
16 37 -16.9981
16 38 -17.1399
16 39 -17.2779
16 40 -17.4185
17 -10 -9.01208
17 -9 -8.97048
17 -8 -8.95743
17 -7 -8.92337
17 -6 -8.9021
17 -5 -8.87993
17 -4 -8.85926
17 -3 -8.81393
17 -2 -8.76796
17 -1 -8.73214
17 0 -8.70128
17 1 -8.68806
17 2 -8.69197
17 3 -8.86293
17 4 -9.12719
17 5 -9.45374
17 6 -9.75653
17 7 -10.1029
17 8 -10.4432
17 9 -10.7622
17 10 -11.0688
17 11 -11.3763
17 12 -11.6862
17 13 -11.9691
17 14 -12.2381
17 15 -12.5153
17 16 -12.7756
17 17 -13.0459
17 18 -13.2828
17 19 -13.5309
17 20 -13.7531
17 21 -13.9936
17 22 -14.2243
17 23 -14.4205
17 24 -14.6425
17 25 -14.8615
17 26 -15.0724
17 27 -15.2625
17 28 -15.4725
17 29 -15.6574
17 30 -15.8378
17 31 -16.0261
17 32 -16.2046
17 33 -16.3658
17 34 -16.5409
17 35 -16.7019
17 36 -16.8641
17 37 -17.0176
17 38 -17.1651
17 39 -17.3147
17 40 -17.4502
18 -10 -9.03681
18 -9 -9.00435
18 -8 -8.97871
18 -7 -8.94947
18 -6 -8.93196
18 -5 -8.9065
18 -4 -8.88061
18 -3 -8.83202
18 -2 -8.78717
18 -1 -8.76044
18 0 -8.72832
18 1 -8.70415
18 2 -8.73232
18 3 -8.89466
18 4 -9.15429
18 5 -9.46799
18 6 -9.80031
18 7 -10.1342
18 8 -10.4641
18 9 -10.7906
18 10 -11.104
18 11 -11.4131
18 12 -11.702
18 13 -12.0001
18 14 -12.2749
18 15 -12.541
18 16 -12.8033
18 17 -13.0551
18 18 -13.3025
18 19 -13.5482
18 20 -13.7864
18 21 -14.0113
18 22 -14.2425
18 23 -14.4518
18 24 -14.6648
18 25 -14.879
18 26 -15.0824
18 27 -15.2902
18 28 -15.477
18 29 -15.6724
18 30 -15.8552
18 31 -16.0442
18 32 -16.2225
18 33 -16.3923
18 34 -16.5678
18 35 -16.7333
18 36 -16.8728
18 37 -17.0317
18 38 -17.1871
18 39 -17.3249
18 40 -17.4606
19 -10 -9.054
19 -9 -9.02517
19 -8 -8.99752
19 -7 -8.9798
19 -6 -8.95251
19 -5 -8.94775
19 -4 -8.90554
19 -3 -8.85754
19 -2 -8.81387
19 -1 -8.78591
19 0 -8.75338
19 1 -8.74102
19 2 -8.74111
19 3 -8.92786
19 4 -9.17316
19 5 -9.49656
19 6 -9.82395
19 7 -10.1619
19 8 -10.491
19 9 -10.8163
19 10 -11.1262
19 11 -11.4393
19 12 -11.7296
19 13 -12.023
19 14 -12.2911
19 15 -12.5615
19 16 -12.8258
19 17 -13.0848
19 18 -13.3269
19 19 -13.5774
19 20 -13.8033
19 21 -14.0306
19 22 -14.2535
19 23 -14.4744
19 24 -14.6917
19 25 -14.8956
19 26 -15.1083
19 27 -15.3109
19 28 -15.4992
19 29 -15.6943
19 30 -15.885
19 31 -16.0664
19 32 -16.247
19 33 -16.427
19 34 -16.5761
19 35 -16.7424
19 36 -16.9049
19 37 -17.0509
19 38 -17.1999
19 39 -17.341
19 40 -17.4877
20 -10 -9.07204
20 -9 -9.04442
20 -8 -9.02465
20 -7 -8.98967
20 -6 -8.97636
20 -5 -8.96289
20 -4 -8.93813
20 -3 -8.8895
20 -2 -8.84271
20 -1 -8.80811
20 0 -8.77803
20 1 -8.74778
20 2 -8.76545
20 3 -8.93992
20 4 -9.19913
20 5 -9.51324
20 6 -9.84558
20 7 -10.1941
20 8 -10.5012
20 9 -10.8412
20 10 -11.1638
20 11 -11.4424
20 12 -11.7595
20 13 -12.0246
20 14 -12.317
20 15 -12.5872
20 16 -12.8424
20 17 -13.1078
20 18 -13.3525
20 19 -13.6016
20 20 -13.8317
20 21 -14.0546
20 22 -14.2827
20 23 -14.4923
20 24 -14.7214
20 25 -14.9261
20 26 -15.1302
20 27 -15.3341
20 28 -15.5322
20 29 -15.714
20 30 -15.9024
20 31 -16.076
20 32 -16.2646
20 33 -16.44
20 34 -16.6034
20 35 -16.7674
20 36 -16.9275
20 37 -17.0914
20 38 -17.2233
20 39 -17.3672
20 40 -17.5129
21 -10 -9.10803
21 -9 -9.074
21 -8 -9.0459
21 -7 -9.02159
21 -6 -9.01169
21 -5 -8.9818
21 -4 -8.96452
21 -3 -8.91915
21 -2 -8.85527
21 -1 -8.82303
21 0 -8.79526
21 1 -8.77571
21 2 -8.79067
21 3 -8.96703
21 4 -9.23617
21 5 -9.52858
21 6 -9.86599
21 7 -10.2008
21 8 -10.535
21 9 -10.8422
21 10 -11.16
21 11 -11.4728
21 12 -11.7739
21 13 -12.0626
21 14 -12.329
21 15 -12.6213
21 16 -12.8759
21 17 -13.126
21 18 -13.3719
21 19 -13.6099
21 20 -13.8528
21 21 -14.0767
21 22 -14.3163
21 23 -14.5273
21 24 -14.7402
21 25 -14.9567
21 26 -15.1539
21 27 -15.3428
21 28 -15.5522
21 29 -15.7423
21 30 -15.9251
21 31 -16.1072
21 32 -16.2839
21 33 -16.4609
21 34 -16.6307
21 35 -16.7858
21 36 -16.9529
21 37 -17.1022
21 38 -17.2544
21 39 -17.4019
21 40 -17.5342
22 -10 -9.12723
22 -9 -9.0978
22 -8 -9.06302
22 -7 -9.04328
22 -6 -9.02596
22 -5 -8.99725
22 -4 -8.97545
22 -3 -8.92028
22 -2 -8.89122
22 -1 -8.84968
22 0 -8.82479
22 1 -8.79124
22 2 -8.80194
22 3 -8.96695
22 4 -9.2376
22 5 -9.56044
22 6 -9.8966
22 7 -10.2292
22 8 -10.5572
22 9 -10.8628
22 10 -11.1945
22 11 -11.4992
22 12 -11.7878
22 13 -12.0938
22 14 -12.3733
22 15 -12.6343
22 16 -12.8979
22 17 -13.1411
22 18 -13.3929
22 19 -13.6434
22 20 -13.8655
22 21 -14.092
22 22 -14.3353
22 23 -14.5467
22 24 -14.7689
22 25 -14.9723
22 26 -15.1797
22 27 -15.3844
22 28 -15.5798
22 29 -15.7721
22 30 -15.9561
22 31 -16.1436
22 32 -16.3152
22 33 -16.4866
22 34 -16.6576
22 35 -16.8191
22 36 -16.9742
22 37 -17.1307
22 38 -17.2823
22 39 -17.4173
22 40 -17.5725
23 -10 -9.14531
23 -9 -9.12169
23 -8 -9.08787
23 -7 -9.06172
23 -6 -9.02868
23 -5 -9.02357
23 -4 -8.98721
23 -3 -8.9529
23 -2 -8.90082
23 -1 -8.86908
23 0 -8.84818
23 1 -8.80806
23 2 -8.82825
23 3 -9.00279
23 4 -9.26489
23 5 -9.58303
23 6 -9.90872
23 7 -10.2454
23 8 -10.5705
23 9 -10.8941
23 10 -11.2127
23 11 -11.5111
23 12 -11.8171
23 13 -12.0997
23 14 -12.3826
23 15 -12.6588
23 16 -12.9213
23 17 -13.1775
23 18 -13.4154
23 19 -13.6676
23 20 -13.9019
23 21 -14.1348
23 22 -14.3549
23 23 -14.5735
23 24 -14.787
23 25 -15.0002
23 26 -15.2037
23 27 -15.4079
23 28 -15.5995
23 29 -15.7924
23 30 -15.9846
23 31 -16.1659
23 32 -16.3393
23 33 -16.5128
23 34 -16.6741
23 35 -16.8412
23 36 -16.9955
23 37 -17.1545
23 38 -17.3044
23 39 -17.4449
23 40 -17.5868
24 -10 -9.15805
24 -9 -9.14133
24 -8 -9.1104
24 -7 -9.0776
24 -6 -9.06313
24 -5 -9.03704
24 -4 -9.00363
24 -3 -8.97222
24 -2 -8.9206
24 -1 -8.89714
24 0 -8.87149
24 1 -8.82941
24 2 -8.83788
24 3 -9.02927
24 4 -9.3013
24 5 -9.59323
24 6 -9.93202
24 7 -10.2747
24 8 -10.5864
24 9 -10.9203
24 10 -11.233
24 11 -11.5455
24 12 -11.8375
24 13 -12.1181
24 14 -12.4082
24 15 -12.6799
24 16 -12.9385
24 17 -13.1905
24 18 -13.436
24 19 -13.6847
24 20 -13.9281
24 21 -14.1535
24 22 -14.3693
24 23 -14.5935
24 24 -14.8105
24 25 -15.0179
24 26 -15.2303
24 27 -15.4315
24 28 -15.6248
24 29 -15.8131
24 30 -16
24 31 -16.1744
24 32 -16.3473
24 33 -16.5293
24 34 -16.6963
24 35 -16.8631
24 36 -17.0194
24 37 -17.1708
24 38 -17.3209
24 39 -17.4625
24 40 -17.6002
25 -10 -9.17746
25 -9 -9.15493
25 -8 -9.12857
25 -7 -9.09912
25 -6 -9.08596
25 -5 -9.05362
25 -4 -9.02254
25 -3 -8.98794
25 -2 -8.94811
25 -1 -8.91173
25 0 -8.89595
25 1 -8.85844
25 2 -8.86883
25 3 -9.042
25 4 -9.31403
25 5 -9.61682
25 6 -9.94958
25 7 -10.2881
25 8 -10.603
25 9 -10.9318
25 10 -11.2625
25 11 -11.5656
25 12 -11.8509
25 13 -12.147
25 14 -12.4375
25 15 -12.7038
25 16 -12.9536
25 17 -13.2312
25 18 -13.462
25 19 -13.7001
25 20 -13.949
25 21 -14.1673
25 22 -14.3957
25 23 -14.6173
25 24 -14.831
25 25 -15.0407
25 26 -15.2383
25 27 -15.4445
25 28 -15.6352
25 29 -15.8338
25 30 -16.0218
25 31 -16.2018
25 32 -16.3824
25 33 -16.5541
25 34 -16.7194
25 35 -16.878
25 36 -17.0358
25 37 -17.1919
25 38 -17.3323
25 39 -17.481
25 40 -17.6199
26 -10 -9.20257
26 -9 -9.17448
26 -8 -9.14525
26 -7 -9.12482
26 -6 -9.09663
26 -5 -9.076
26 -4 -9.04098
26 -3 -9.01385
26 -2 -8.96878
26 -1 -8.9422
26 0 -8.90738
26 1 -8.87592
26 2 -8.89026
26 3 -9.04947
26 4 -9.32656
26 5 -9.64354
26 6 -9.98007
26 7 -10.305
26 8 -10.6329
26 9 -10.9567
26 10 -11.2695
26 11 -11.5706
26 12 -11.8722
26 13 -12.1793
26 14 -12.4403
26 15 -12.7111
26 16 -12.9822
26 17 -13.2299
26 18 -13.4779
26 19 -13.7298
26 20 -13.9559
26 21 -14.1878
26 22 -14.416
26 23 -14.6259
26 24 -14.8478
26 25 -15.056
26 26 -15.2675
26 27 -15.4599
26 28 -15.6594
26 29 -15.8458
26 30 -16.0271
26 31 -16.2228
26 32 -16.3997
26 33 -16.558
26 34 -16.7299
26 35 -16.8861
26 36 -17.0571
26 37 -17.2027
26 38 -17.3563
26 39 -17.5002
26 40 -17.6364
27 -10 -9.22579
27 -9 -9.19656
27 -8 -9.16463
27 -7 -9.13312
27 -6 -9.1203
27 -5 -9.09819
27 -4 -9.06822
27 -3 -9.03069
27 -2 -8.98772
27 -1 -8.94547
27 0 -8.92606
27 1 -8.89281
27 2 -8.91684
27 3 -9.0903
27 4 -9.33403
27 5 -9.65194
27 6 -9.9893
27 7 -10.3145
27 8 -10.6445
27 9 -10.9702
27 10 -11.2951
27 11 -11.5986
27 12 -11.8929
27 13 -12.1797
27 14 -12.463
27 15 -12.7317
27 16 -12.9809
27 17 -13.2492
27 18 -13.495
27 19 -13.7425
27 20 -13.9676
27 21 -14.2065
27 22 -14.4278
27 23 -14.6492
27 24 -14.862
27 25 -15.0781
27 26 -15.2782
27 27 -15.4842
27 28 -15.686
27 29 -15.8654
27 30 -16.051
27 31 -16.2354
27 32 -16.4082
27 33 -16.5799
27 34 -16.7506
27 35 -16.9188
27 36 -17.064
27 37 -17.2162
27 38 -17.3738
27 39 -17.5121
27 40 -17.6525
28 -10 -9.23903
28 -9 -9.20354
28 -8 -9.18683
28 -7 -9.1588
28 -6 -9.13821
28 -5 -9.11515
28 -4 -9.08573
28 -3 -9.03645
28 -2 -8.99561
28 -1 -8.96103
28 0 -8.93416
28 1 -8.90892
28 2 -8.92489
28 3 -9.08758
28 4 -9.36531
28 5 -9.67912
28 6 -10.0057
28 7 -10.3409
28 8 -10.6628
28 9 -11.0031
28 10 -11.3095
28 11 -11.5966
28 12 -11.9028
28 13 -12.1924
28 14 -12.4675
28 15 -12.7493
28 16 -13.0058
28 17 -13.2635
28 18 -13.4992
28 19 -13.7483
28 20 -13.9956
28 21 -14.2277
28 22 -14.4516
28 23 -14.6614
28 24 -14.8704
28 25 -15.0889
28 26 -15.3045
28 27 -15.4988
28 28 -15.7043
28 29 -15.8835
28 30 -16.0727
28 31 -16.2526
28 32 -16.4299
28 33 -16.612
28 34 -16.7658
28 35 -16.926
28 36 -17.0902
28 37 -17.2374
28 38 -17.3838
28 39 -17.5329
28 40 -17.6691
29 -10 -9.24366
29 -9 -9.22094
29 -8 -9.20504
29 -7 -9.17418
29 -6 -9.14489
29 -5 -9.12723
29 -4 -9.10817
29 -3 -9.06562
29 -2 -9.01872
29 -1 -8.99366
29 0 -8.95934
29 1 -8.91709
29 2 -8.93663
29 3 -9.11307
29 4 -9.38209
29 5 -9.70094
29 6 -10.0211
29 7 -10.3629
29 8 -10.6943
29 9 -11.019
29 10 -11.3271
29 11 -11.6325
29 12 -11.9273
29 13 -12.2019
29 14 -12.5004
29 15 -12.7702
29 16 -13.0316
29 17 -13.2909
29 18 -13.529
29 19 -13.772
29 20 -14.007
29 21 -14.2363
29 22 -14.4716
29 23 -14.6893
29 24 -14.8945
29 25 -15.1183
29 26 -15.314
29 27 -15.5323
29 28 -15.7134
29 29 -15.9136
29 30 -16.0881
29 31 -16.2688
29 32 -16.4608
29 33 -16.6228
29 34 -16.7821
29 35 -16.9482
29 36 -17.1058
29 37 -17.2656
29 38 -17.4115
29 39 -17.5633
29 40 -17.687
30 -10 -9.26393
30 -9 -9.23899
30 -8 -9.20602
30 -7 -9.19246
30 -6 -9.1558
30 -5 -9.1518
30 -4 -9.11973
30 -3 -9.08044
30 -2 -9.05186
30 -1 -8.98857
30 0 -8.9772
30 1 -8.94817
30 2 -8.95994
30 3 -9.12391
30 4 -9.41383
30 5 -9.7219
30 6 -10.0388
30 7 -10.3698
30 8 -10.711
30 9 -11.0204
30 10 -11.3394
30 11 -11.6511
30 12 -11.9346
30 13 -12.2436
30 14 -12.5061
30 15 -12.7811
30 16 -13.0485
30 17 -13.3092
30 18 -13.5483
30 19 -13.7964
30 20 -14.0189
30 21 -14.2673
30 22 -14.4793
30 23 -14.7084
30 24 -14.9323
30 25 -15.1297
30 26 -15.3401
30 27 -15.5325
30 28 -15.7425
30 29 -15.9305
30 30 -16.1069
30 31 -16.2917
30 32 -16.4649
30 33 -16.6437
30 34 -16.8065
30 35 -16.9696
30 36 -17.1381
30 37 -17.2793
30 38 -17.4212
30 39 -17.5697
30 40 -17.7139
31 -10 -9.29039
31 -9 -9.2514
31 -8 -9.22163
31 -7 -9.19723
31 -6 -9.18247
31 -5 -9.15487
31 -4 -9.13777
31 -3 -9.09505
31 -2 -9.05863
31 -1 -9.02971
31 0 -9.00146
31 1 -8.95352
31 2 -8.97362
31 3 -9.15733
31 4 -9.41495
31 5 -9.73073
31 6 -10.0539
31 7 -10.3911
31 8 -10.7114
31 9 -11.0465
31 10 -11.3605
31 11 -11.6628
31 12 -11.9475
31 13 -12.2455
31 14 -12.5232
31 15 -12.7946
31 16 -13.062
31 17 -13.3193
31 18 -13.574
31 19 -13.795
31 20 -14.034
31 21 -14.2715
31 22 -14.4908
31 23 -14.7293
31 24 -14.9468
31 25 -15.1495
31 26 -15.3602
31 27 -15.5497
31 28 -15.7429
31 29 -15.935
31 30 -16.1208
31 31 -16.3044
31 32 -16.4812
31 33 -16.6514
31 34 -16.8179
31 35 -16.9902
31 36 -17.1433
31 37 -17.2905
31 38 -17.445
31 39 -17.5879
31 40 -17.7223
32 -10 -9.29739
32 -9 -9.27185
32 -8 -9.23728
32 -7 -9.21389
32 -6 -9.19583
32 -5 -9.16942
32 -4 -9.1479
32 -3 -9.1098
32 -2 -9.06584
32 -1 -9.04144
32 0 -9.00285
32 1 -8.96968
32 2 -8.9883
32 3 -9.16835
32 4 -9.43846
32 5 -9.74001
32 6 -10.0776
32 7 -10.3883
32 8 -10.7396
32 9 -11.0633
32 10 -11.36
32 11 -11.681
32 12 -11.9754
32 13 -12.2624
32 14 -12.5368
32 15 -12.8172
32 16 -13.0854
32 17 -13.3321
32 18 -13.5897
32 19 -13.8176
32 20 -14.0494
32 21 -14.2819
32 22 -14.5089
32 23 -14.7344
32 24 -14.951
32 25 -15.1609
32 26 -15.355
32 27 -15.5651
32 28 -15.7536
32 29 -15.948
32 30 -16.1429
32 31 -16.313
32 32 -16.4982
32 33 -16.6599
32 34 -16.8374
32 35 -16.9937
32 36 -17.1602
32 37 -17.3092
32 38 -17.461
32 39 -17.5985
32 40 -17.7309
33 -10 -9.29894
33 -9 -9.27516
33 -8 -9.25254
33 -7 -9.22976
33 -6 -9.2019
33 -5 -9.18402
33 -4 -9.16648
33 -3 -9.1363
33 -2 -9.0819
33 -1 -9.05108
33 0 -9.02183
33 1 -8.98684
33 2 -8.99905
33 3 -9.19244
33 4 -9.45669
33 5 -9.76795
33 6 -10.0977
33 7 -10.43
33 8 -10.7503
33 9 -11.0727
33 10 -11.392
33 11 -11.6959
33 12 -11.9826
33 13 -12.2748
33 14 -12.5496
33 15 -12.8308
33 16 -13.0838
33 17 -13.3268
33 18 -13.5922
33 19 -13.8293
33 20 -14.0668
33 21 -14.2935
33 22 -14.5317
33 23 -14.7505
33 24 -14.9655
33 25 -15.1717
33 26 -15.3749
33 27 -15.5844
33 28 -15.7745
33 29 -15.957
33 30 -16.1465
33 31 -16.3288
33 32 -16.514
33 33 -16.6763
33 34 -16.8487
33 35 -17.0172
33 36 -17.1724
33 37 -17.3168
33 38 -17.4695
33 39 -17.6172
33 40 -17.7562
34 -10 -9.31307
34 -9 -9.28982
34 -8 -9.27454
34 -7 -9.25018
34 -6 -9.23042
34 -5 -9.20198
34 -4 -9.17767
34 -3 -9.13982
34 -2 -9.09546
34 -1 -9.06562
34 0 -9.03864
34 1 -8.99413
34 2 -9.02486
34 3 -9.19725
34 4 -9.46268
34 5 -9.77445
34 6 -10.1051
34 7 -10.4425
34 8 -10.7698
34 9 -11.0892
34 10 -11.3965
34 11 -11.7139
34 12 -11.9899
34 13 -12.2981
34 14 -12.5635
34 15 -12.8365
34 16 -13.1101
34 17 -13.3545
34 18 -13.5968
34 19 -13.8454
34 20 -14.0838
34 21 -14.3155
34 22 -14.5403
34 23 -14.751
34 24 -14.9696
34 25 -15.1881
34 26 -15.3937
34 27 -15.5982
34 28 -15.7802
34 29 -15.9799
34 30 -16.163
34 31 -16.3451
34 32 -16.5189
34 33 -16.6978
34 34 -16.8575
34 35 -17.0247
34 36 -17.1799
34 37 -17.337
34 38 -17.4805
34 39 -17.6286
34 40 -17.7679
35 -10 -9.32291
35 -9 -9.30563
35 -8 -9.28124
35 -7 -9.25587
35 -6 -9.23258
35 -5 -9.21945
35 -4 -9.1847
35 -3 -9.15491
35 -2 -9.11175
35 -1 -9.07596
35 0 -9.03797
35 1 -9.02367
35 2 -9.02881
35 3 -9.20345
35 4 -9.47143
35 5 -9.76449
35 6 -10.1298
35 7 -10.4473
35 8 -10.7827
35 9 -11.1023
35 10 -11.411
35 11 -11.7129
35 12 -12.0125
35 13 -12.3024
35 14 -12.5835
35 15 -12.8474
35 16 -13.1146
35 17 -13.3639
35 18 -13.6185
35 19 -13.8551
35 20 -14.0978
35 21 -14.3251
35 22 -14.5483
35 23 -14.7755
35 24 -14.9881
35 25 -15.2055
35 26 -15.3954
35 27 -15.6075
35 28 -15.8033
35 29 -15.9935
35 30 -16.1719
35 31 -16.3633
35 32 -16.5309
35 33 -16.7042
35 34 -16.876
35 35 -17.0342
35 36 -17.1908
35 37 -17.3544
35 38 -17.4962
35 39 -17.6417
35 40 -17.7769
36 -10 -9.32616
36 -9 -9.30699
36 -8 -9.28255
36 -7 -9.26059
36 -6 -9.24858
36 -5 -9.23108
36 -4 -9.20729
36 -3 -9.16276
36 -2 -9.12058
36 -1 -9.08597
36 0 -9.05093
36 1 -9.02676
36 2 -9.04669
36 3 -9.20634
36 4 -9.49518
36 5 -9.79871
36 6 -10.1407
36 7 -10.4679
36 8 -10.7993
36 9 -11.104
36 10 -11.4242
36 11 -11.743
36 12 -12.0304
36 13 -12.3096
36 14 -12.5885
36 15 -12.8645
36 16 -13.1262
36 17 -13.3784
36 18 -13.6289
36 19 -13.8681
36 20 -14.1038
36 21 -14.3326
36 22 -14.5706
36 23 -14.7822
36 24 -14.9968
36 25 -15.202
36 26 -15.4078
36 27 -15.6161
36 28 -15.7894
36 29 -16.0128
36 30 -16.1885
36 31 -16.3756
36 32 -16.5496
36 33 -16.7185
36 34 -16.8892
36 35 -17.0518
36 36 -17.2137
36 37 -17.3603
36 38 -17.503
36 39 -17.6542
36 40 -17.7864
37 -10 -9.33744
37 -9 -9.32887
37 -8 -9.29619
37 -7 -9.2744
37 -6 -9.25033
37 -5 -9.24187
37 -4 -9.21667
37 -3 -9.18368
37 -2 -9.12898
37 -1 -9.09986
37 0 -9.06378
37 1 -9.03894
37 2 -9.06065
37 3 -9.24137
37 4 -9.50027
37 5 -9.82497
37 6 -10.143
37 7 -10.4741
37 8 -10.8123
37 9 -11.1208
37 10 -11.433
37 11 -11.7484
37 12 -12.0452
37 13 -12.3295
37 14 -12.6046
37 15 -12.8742
37 16 -13.1396
37 17 -13.3941
37 18 -13.6462
37 19 -13.8943
37 20 -14.1149
37 21 -14.3484
37 22 -14.5703
37 23 -14.8031
37 24 -15.0167
37 25 -15.2262
37 26 -15.4277
37 27 -15.6262
37 28 -15.8282
37 29 -16.0137
37 30 -16.1952
37 31 -16.3822
37 32 -16.5607
37 33 -16.7271
37 34 -16.8981
37 35 -17.0675
37 36 -17.2161
37 37 -17.3725
37 38 -17.5212
37 39 -17.665
37 40 -17.7999
38 -10 -9.35419
38 -9 -9.33102
38 -8 -9.29652
38 -7 -9.28176
38 -6 -9.26325
38 -5 -9.25132
38 -4 -9.22171
38 -3 -9.1953
38 -2 -9.14986
38 -1 -9.11183
38 0 -9.07839
38 1 -9.04741
38 2 -9.0763
38 3 -9.25228
38 4 -9.5179
38 5 -9.83382
38 6 -10.1701
38 7 -10.4886
38 8 -10.8224
38 9 -11.1494
38 10 -11.4554
38 11 -11.7646
38 12 -12.0597
38 13 -12.3438
38 14 -12.6188
38 15 -12.8961
38 16 -13.1429
38 17 -13.4076
38 18 -13.6564
38 19 -13.8969
38 20 -14.1239
38 21 -14.368
38 22 -14.5755
38 23 -14.8036
38 24 -15.0237
38 25 -15.2336
38 26 -15.4405
38 27 -15.6416
38 28 -15.8368
38 29 -16.0247
38 30 -16.1993
38 31 -16.3852
38 32 -16.5714
38 33 -16.7447
38 34 -16.9078
38 35 -17.0764
38 36 -17.2342
38 37 -17.3879
38 38 -17.5333
38 39 -17.6738
38 40 -17.8148
39 -10 -9.35592
39 -9 -9.3308
39 -8 -9.30821
39 -7 -9.28207
39 -6 -9.26775
39 -5 -9.25832
39 -4 -9.2219
39 -3 -9.20457
39 -2 -9.16229
39 -1 -9.12523
39 0 -9.0909
39 1 -9.06991
39 2 -9.09132
39 3 -9.26123
39 4 -9.53241
39 5 -9.85142
39 6 -10.1868
39 7 -10.5156
39 8 -10.8326
39 9 -11.163
39 10 -11.479
39 11 -11.7792
39 12 -12.0682
39 13 -12.3557
39 14 -12.6333
39 15 -12.8965
39 16 -13.1629
39 17 -13.4219
39 18 -13.6671
39 19 -13.9046
39 20 -14.1372
39 21 -14.3743
39 22 -14.5932
39 23 -14.8143
39 24 -15.03
39 25 -15.2489
39 26 -15.447
39 27 -15.6476
39 28 -15.8477
39 29 -16.0388
39 30 -16.2201
39 31 -16.4
39 32 -16.5843
39 33 -16.7546
39 34 -16.9207
39 35 -17.0782
39 36 -17.2374
39 37 -17.3908
39 38 -17.5401
39 39 -17.6883
39 40 -17.8214
40 -10 -9.36439
40 -9 -9.34911
40 -8 -9.31395
40 -7 -9.29336
40 -6 -9.27905
40 -5 -9.26163
40 -4 -9.25126
40 -3 -9.21479
40 -2 -9.16832
40 -1 -9.1371
40 0 -9.11586
40 1 -9.08157
40 2 -9.10576
40 3 -9.27389
40 4 -9.54605
40 5 -9.85732
40 6 -10.1838
40 7 -10.5375
40 8 -10.8502
40 9 -11.1692
40 10 -11.4932
40 11 -11.7972
40 12 -12.0796
40 13 -12.3593
40 14 -12.6432
40 15 -12.9189
40 16 -13.1707
40 17 -13.4303
40 18 -13.6769
40 19 -13.9082
40 20 -14.1565
40 21 -14.3794
40 22 -14.6093
40 23 -14.8242
40 24 -15.0464
40 25 -15.2525
40 26 -15.4544
40 27 -15.6577
40 28 -15.8487
40 29 -16.0458
40 30 -16.2366
40 31 -16.41
40 32 -16.5902
40 33 -16.7671
40 34 -16.9316
40 35 -17.095
40 36 -17.2522
40 37 -17.3983
40 38 -17.5522
40 39 -17.6944
40 40 -17.8393
