-10 -10 -10.4563
-10 -9 -10.461
-10 -8 -10.4243
-10 -7 -10.3974
-10 -6 -10.3863
-10 -5 -10.388
-10 -4 -10.3707
-10 -3 -10.3603
-10 -2 -10.3328
-10 -1 -10.2954
-10 0 -10.2885
-10 1 -10.2636
-10 2 -10.3082
-10 3 -10.4891
-10 4 -10.7789
-10 5 -11.0925
-10 6 -11.412
-10 7 -11.7255
-10 8 -12.056
-10 9 -12.3924
-10 10 -12.6818
-10 11 -12.9889
-10 12 -13.2992
-10 13 -13.5563
-10 14 -13.8425
-10 15 -14.0977
-10 16 -14.353
-10 17 -14.611
-10 18 -14.8675
-10 19 -15.1018
-10 20 -15.3372
-10 21 -15.5634
-10 22 -15.7872
-10 23 -15.9939
-10 24 -16.2093
-10 25 -16.3925
-10 26 -16.5908
-10 27 -16.7884
-10 28 -16.9515
-10 29 -17.1227
-10 30 -17.2934
-10 31 -17.4364
-10 32 -17.5956
-10 33 -17.7401
-10 34 -17.8748
-10 35 -18.0173
-10 36 -18.1366
-10 37 -18.2631
-10 38 -18.3969
-10 39 -18.5085
-10 40 -18.6276
-9 -10 -10.4622
-9 -9 -10.43
-9 -8 -10.3948
-9 -7 -10.3771
-9 -6 -10.3827
-9 -5 -10.3677
-9 -4 -10.3622
-9 -3 -10.3364
-9 -2 -10.3085
-9 -1 -10.2831
-9 0 -10.256
-9 1 -10.2375
-9 2 -10.2934
-9 3 -10.4792
-9 4 -10.7402
-9 5 -11.0545
-9 6 -11.3908
-9 7 -11.7016
-9 8 -12.0483
-9 9 -12.3657
-9 10 -12.6541
-9 11 -12.9721
-9 12 -13.2612
-9 13 -13.5508
-9 14 -13.8304
-9 15 -14.0924
-9 16 -14.3567
-9 17 -14.5948
-9 18 -14.8434
-9 19 -15.0714
-9 20 -15.3043
-9 21 -15.5349
-9 22 -15.7539
-9 23 -15.9702
-9 24 -16.1803
-9 25 -16.3658
-9 26 -16.5589
-9 27 -16.754
-9 28 -16.9207
-9 29 -17.0904
-9 30 -17.2504
-9 31 -17.4231
-9 32 -17.562
-9 33 -17.7161
-9 34 -17.8516
-9 35 -17.9834
-9 36 -18.1153
-9 37 -18.2419
-9 38 -18.3722
-9 39 -18.5012
-9 40 -18.6173
-8 -10 -10.4237
-8 -9 -10.3982
-8 -8 -10.3795
-8 -7 -10.3746
-8 -6 -10.3724
-8 -5 -10.3648
-8 -4 -10.3351
-8 -3 -10.3055
-8 -2 -10.2745
-8 -1 -10.2697
-8 0 -10.2428
-8 1 -10.2291
-8 2 -10.2816
-8 3 -10.4457
-8 4 -10.7252
-8 5 -11.0475
-8 6 -11.366
-8 7 -11.6938
-8 8 -12.0291
-8 9 -12.3558
-8 10 -12.6681
-8 11 -12.9658
-8 12 -13.2519
-8 13 -13.5323
-8 14 -13.8161
-8 15 -14.0846
-8 16 -14.3477
-8 17 -14.5816
-8 18 -14.8146
-8 19 -15.0629
-8 20 -15.3119
-8 21 -15.519
-8 22 -15.7181
-8 23 -15.9296
-8 24 -16.153
-8 25 -16.3433
-8 26 -16.5335
-8 27 -16.7182
-8 28 -16.901
-8 29 -17.0772
-8 30 -17.2325
-8 31 -17.3934
-8 32 -17.5325
-8 33 -17.6905
-8 34 -17.8227
-8 35 -17.9549
-8 36 -18.094
-8 37 -18.2256
-8 38 -18.3344
-8 39 -18.4612
-8 40 -18.5852
-7 -10 -10.4078
-7 -9 -10.3864
-7 -8 -10.3736
-7 -7 -10.3757
-7 -6 -10.3459
-7 -5 -10.3441
-7 -4 -10.3351
-7 -3 -10.2889
-7 -2 -10.2742
-7 -1 -10.2538
-7 0 -10.2305
-7 1 -10.2082
-7 2 -10.2306
-7 3 -10.4162
-7 4 -10.681
-7 5 -10.993
-7 6 -11.3145
-7 7 -11.6605
-7 8 -11.9868
-7 9 -12.2973
-7 10 -12.6301
-7 11 -12.937
-7 12 -13.2276
-7 13 -13.5354
-7 14 -13.8005
-7 15 -14.0696
-7 16 -14.3331
-7 17 -14.5871
-7 18 -14.8361
-7 19 -15.0539
-7 20 -15.2798
-7 21 -15.5055
-7 22 -15.7137
-7 23 -15.9371
-7 24 -16.1312
-7 25 -16.3227
-7 26 -16.5217
-7 27 -16.7023
-7 28 -16.8713
-7 29 -17.0582
-7 30 -17.2088
-7 31 -17.3711
-7 32 -17.5164
-7 33 -17.6606
-7 34 -17.8058
-7 35 -17.9347
-7 36 -18.0756
-7 37 -18.1945
-7 38 -18.325
-7 39 -18.4438
-7 40 -18.5632
-6 -10 -10.398
-6 -9 -10.3836
-6 -8 -10.3788
-6 -7 -10.3627
-6 -6 -10.3635
-6 -5 -10.3062
-6 -4 -10.282
-6 -3 -10.2633
-6 -2 -10.2593
-6 -1 -10.228
-6 0 -10.2159
-6 1 -10.1848
-6 2 -10.1988
-6 3 -10.3806
-6 4 -10.6627
-6 5 -10.9677
-6 6 -11.3044
-6 7 -11.6365
-6 8 -11.9596
-6 9 -12.2679
-6 10 -12.6011
-6 11 -12.9112
-6 12 -13.2124
-6 13 -13.4978
-6 14 -13.7748
-6 15 -14.0547
-6 16 -14.3199
-6 17 -14.5721
-6 18 -14.8101
-6 19 -15.0588
-6 20 -15.2843
-6 21 -15.5117
-6 22 -15.7055
-6 23 -15.9211
-6 24 -16.1115
-6 25 -16.3234
-6 26 -16.5128
-6 27 -16.6994
-6 28 -16.869
-6 29 -17.0343
-6 30 -17.2035
-6 31 -17.3558
-6 32 -17.5141
-6 33 -17.6509
-6 34 -17.7913
-6 35 -17.9238
-6 36 -18.0588
-6 37 -18.1859
-6 38 -18.3066
-6 39 -18.4427
-6 40 -18.5435
-5 -10 -10.3795
-5 -9 -10.3826
-5 -8 -10.3718
-5 -7 -10.3495
-5 -6 -10.3175
-5 -5 -10.2878
-5 -4 -10.2675
-5 -3 -10.2493
-5 -2 -10.2412
-5 -1 -10.2132
-5 0 -10.1823
-5 1 -10.1398
-5 2 -10.1792
-5 3 -10.3616
-5 4 -10.651
-5 5 -10.9739
-5 6 -11.2764
-5 7 -11.595
-5 8 -11.9431
-5 9 -12.256
-5 10 -12.5709
-5 11 -12.8822
-5 12 -13.1762
-5 13 -13.4572
-5 14 -13.7276
-5 15 -14.0035
-5 16 -14.2619
-5 17 -14.5266
-5 18 -14.7964
-5 19 -15.0304
-5 20 -15.2563
-5 21 -15.4829
-5 22 -15.7057
-5 23 -15.9164
-5 24 -16.1232
-5 25 -16.3263
-5 26 -16.5011
-5 27 -16.6799
-5 28 -16.8669
-5 29 -17.0247
-5 30 -17.1971
-5 31 -17.3642
-5 32 -17.5012
-5 33 -17.6411
-5 34 -17.7739
-5 35 -17.9106
-5 36 -18.0543
-5 37 -18.167
-5 38 -18.3016
-5 39 -18.4216
-5 40 -18.5461
-4 -10 -10.3851
-4 -9 -10.3769
-4 -8 -10.3603
-4 -7 -10.3255
-4 -6 -10.2959
-4 -5 -10.2879
-4 -4 -10.2597
-4 -3 -10.2689
-4 -2 -10.2265
-4 -1 -10.1946
-4 0 -10.146
-4 1 -10.1526
-4 2 -10.1589
-4 3 -10.3549
-4 4 -10.6469
-4 5 -10.9588
-4 6 -11.2804
-4 7 -11.6051
-4 8 -11.9378
-4 9 -12.2493
-4 10 -12.5581
-4 11 -12.8732
-4 12 -13.1507
-4 13 -13.4512
-4 14 -13.7118
-4 15 -13.9989
-4 16 -14.2573
-4 17 -14.5002
-4 18 -14.7596
-4 19 -15.0142
-4 20 -15.2449
-4 21 -15.4834
-4 22 -15.6973
-4 23 -15.9147
-4 24 -16.115
-4 25 -16.3083
-4 26 -16.5042
-4 27 -16.6834
-4 28 -16.8626
-4 29 -17.0361
-4 30 -17.182
-4 31 -17.3457
-4 32 -17.4951
-4 33 -17.6417
-4 34 -17.7757
-4 35 -17.9079
-4 36 -18.0418
-4 37 -18.1738
-4 38 -18.2854
-4 39 -18.4094
-4 40 -18.5399
-3 -10 -10.3946
-3 -9 -10.3788
-3 -8 -10.3375
-3 -7 -10.3179
-3 -6 -10.3105
-3 -5 -10.292
-3 -4 -10.288
-3 -3 -10.2474
-3 -2 -10.2134
-3 -1 -10.1759
-3 0 -10.1454
-3 1 -10.1392
-3 2 -10.1805
-3 3 -10.3661
-3 4 -10.6468
-3 5 -10.9442
-3 6 -11.2901
-3 7 -11.6133
-3 8 -11.9312
-3 9 -12.2489
-3 10 -12.5487
-3 11 -12.8649
-3 12 -13.1564
-3 13 -13.4441
-3 14 -13.7212
-3 15 -13.9754
-3 16 -14.2468
-3 17 -14.4844
-3 18 -14.739
-3 19 -14.9882
-3 20 -15.234
-3 21 -15.4374
-3 22 -15.6735
-3 23 -15.89
-3 24 -16.1019
-3 25 -16.313
-3 26 -16.4742
-3 27 -16.673
-3 28 -16.8447
-3 29 -17.013
-3 30 -17.1833
-3 31 -17.3498
-3 32 -17.4906
-3 33 -17.6491
-3 34 -17.7693
-3 35 -17.9195
-3 36 -18.0304
-3 37 -18.1713
-3 38 -18.2782
-3 39 -18.4052
-3 40 -18.5243
-2 -10 -10.4124
-2 -9 -10.3763
-2 -8 -10.3456
-2 -7 -10.3418
-2 -6 -10.2968
-2 -5 -10.3126
-2 -4 -10.2901
-2 -3 -10.2503
-2 -2 -10.1963
-2 -1 -10.1638
-2 0 -10.1492
-2 1 -10.1342
-2 2 -10.1606
-2 3 -10.3457
-2 4 -10.6317
-2 5 -10.9477
-2 6 -11.2845
-2 7 -11.5983
-2 8 -11.9614
-2 9 -12.2554
-2 10 -12.5722
-2 11 -12.8659
-2 12 -13.155
-2 13 -13.4447
-2 14 -13.7155
-2 15 -13.9857
-2 16 -14.2339
-2 17 -14.5037
-2 18 -14.7428
-2 19 -14.9738
-2 20 -15.2117
-2 21 -15.4336
-2 22 -15.652
-2 23 -15.8803
-2 24 -16.0873
-2 25 -16.2779
-2 26 -16.4837
-2 27 -16.6704
-2 28 -16.8494
-2 29 -17.0181
-2 30 -17.192
-2 31 -17.3583
-2 32 -17.4935
-2 33 -17.6354
-2 34 -17.7805
-2 35 -17.9075
-2 36 -18.0493
-2 37 -18.1638
-2 38 -18.3017
-2 39 -18.4218
-2 40 -18.5385
-1 -10 -10.3945
-1 -9 -10.3853
-1 -8 -10.3599
-1 -7 -10.3402
-1 -6 -10.3162
-1 -5 -10.3064
-1 -4 -10.2617
-1 -3 -10.2303
-1 -2 -10.2095
-1 -1 -10.1784
-1 0 -10.1672
-1 1 -10.1362
-1 2 -10.1574
-1 3 -10.3335
-1 4 -10.6065
-1 5 -10.9417
-1 6 -11.2681
-1 7 -11.6165
-1 8 -11.9224
-1 9 -12.2516
-1 10 -12.5754
-1 11 -12.8985
-1 12 -13.1772
-1 13 -13.4428
-1 14 -13.7351
-1 15 -13.9942
-1 16 -14.2621
-1 17 -14.5069
-1 18 -14.7484
-1 19 -14.9786
-1 20 -15.2405
-1 21 -15.4437
-1 22 -15.6722
-1 23 -15.8823
-1 24 -16.0953
-1 25 -16.2819
-1 26 -16.476
-1 27 -16.6649
-1 28 -16.8429
-1 29 -17.0226
-1 30 -17.1952
-1 31 -17.3546
-1 32 -17.4922
-1 33 -17.642
-1 34 -17.7942
-1 35 -17.9225
-1 36 -18.0513
-1 37 -18.1648
-1 38 -18.2978
-1 39 -18.4319
-1 40 -18.5499
0 -10 -10.3926
0 -9 -10.3882
0 -8 -10.366
0 -7 -10.3641
0 -6 -10.3389
0 -5 -10.3195
0 -4 -10.2515
0 -3 -10.2364
0 -2 -10.2098
0 -1 -10.2029
0 0 -10.1882
0 1 -10.1273
0 2 -10.1378
0 3 -10.3412
0 4 -10.5812
0 5 -10.9062
0 6 -11.2913
0 7 -11.5791
0 8 -11.9302
0 9 -12.2634
0 10 -12.5686
0 11 -12.8817
0 12 -13.2101
0 13 -13.4806
0 14 -13.7496
0 15 -14.0375
0 16 -14.293
0 17 -14.5355
0 18 -14.7803
0 19 -15.0087
0 20 -15.2445
0 21 -15.4673
0 22 -15.689
0 23 -15.8925
0 24 -16.1038
0 25 -16.2999
0 26 -16.4956
0 27 -16.6957
0 28 -16.8704
0 29 -17.0497
0 30 -17.2225
0 31 -17.3663
0 32 -17.5287
0 33 -17.6656
0 34 -17.7996
0 35 -17.9485
0 36 -18.076
0 37 -18.2152
0 38 -18.3265
0 39 -18.4533
0 40 -18.5784
1 -10 -10.4258
1 -9 -10.3986
1 -8 -10.3886
1 -7 -10.3752
1 -6 -10.3587
1 -5 -10.3061
1 -4 -10.2987
1 -3 -10.2668
1 -2 -10.2523
1 -1 -10.2489
1 0 -10.2057
1 1 -10.1546
1 2 -10.1627
1 3 -10.3391
1 4 -10.6161
1 5 -10.9513
1 6 -11.288
1 7 -11.5977
1 8 -11.9544
1 9 -12.283
1 10 -12.6014
1 11 -12.9267
1 12 -13.2219
1 13 -13.505
1 14 -13.7901
1 15 -14.0806
1 16 -14.3233
1 17 -14.5843
1 18 -14.8291
1 19 -15.0452
1 20 -15.2792
1 21 -15.5085
1 22 -15.7286
1 23 -15.9425
1 24 -16.1476
1 25 -16.3321
1 26 -16.5393
1 27 -16.7054
1 28 -16.9066
1 29 -17.0828
1 30 -17.2342
1 31 -17.4011
1 32 -17.5513
1 33 -17.7146
1 34 -17.8442
1 35 -17.9845
1 36 -18.1126
1 37 -18.2305
1 38 -18.3593
1 39 -18.4889
1 40 -18.5991
2 -10 -10.4637
2 -9 -10.4625
2 -8 -10.4428
2 -7 -10.4383
2 -6 -10.3933
2 -5 -10.3802
2 -4 -10.3239
2 -3 -10.3069
2 -2 -10.2925
2 -1 -10.2566
2 0 -10.2477
2 1 -10.2117
2 2 -10.1946
2 3 -10.3963
2 4 -10.6583
2 5 -10.9704
2 6 -11.3116
2 7 -11.6674
2 8 -11.9968
2 9 -12.3083
2 10 -12.6442
2 11 -12.9716
2 12 -13.2832
2 13 -13.5695
2 14 -13.8621
2 15 -14.1053
2 16 -14.369
2 17 -14.6244
2 18 -14.8557
2 19 -15.1077
2 20 -15.3449
2 21 -15.5531
2 22 -15.7682
2 23 -15.971
2 24 -16.1938
2 25 -16.3897
2 26 -16.5837
2 27 -16.7623
2 28 -16.959
2 29 -17.1246
2 30 -17.2948
2 31 -17.4538
2 32 -17.5976
2 33 -17.7457
2 34 -17.892
2 35 -18.0225
2 36 -18.1631
2 37 -18.2978
2 38 -18.4301
2 39 -18.5414
2 40 -18.6497
3 -10 -10.5263
3 -9 -10.5144
3 -8 -10.4844
3 -7 -10.4776
3 -6 -10.4474
3 -5 -10.4325
3 -4 -10.3956
3 -3 -10.3619
3 -2 -10.3391
3 -1 -10.3221
3 0 -10.2789
3 1 -10.2531
3 2 -10.2714
3 3 -10.461
3 4 -10.7301
3 5 -11.0507
3 6 -11.3686
3 7 -11.7263
3 8 -12.0277
3 9 -12.3775
3 10 -12.7219
3 11 -13.0104
3 12 -13.3076
3 13 -13.5927
3 14 -13.8739
3 15 -14.1416
3 16 -14.4055
3 17 -14.6649
3 18 -14.9029
3 19 -15.1487
3 20 -15.3667
3 21 -15.5963
3 22 -15.8259
3 23 -16.0308
3 24 -16.2382
3 25 -16.4368
3 26 -16.6344
3 27 -16.8177
3 28 -17.0054
3 29 -17.1807
3 30 -17.342
3 31 -17.4969
3 32 -17.6534
3 33 -17.8112
3 34 -17.9501
3 35 -18.0824
3 36 -18.2078
3 37 -18.3448
3 38 -18.4596
3 39 -18.5878
3 40 -18.7092
4 -10 -10.5831
4 -9 -10.5725
4 -8 -10.539
4 -7 -10.5111
4 -6 -10.4826
4 -5 -10.4645
4 -4 -10.453
4 -3 -10.4128
4 -2 -10.3771
4 -1 -10.3505
4 0 -10.3163
4 1 -10.3019
4 2 -10.3249
4 3 -10.5205
4 4 -10.798
4 5 -11.1153
4 6 -11.4625
4 7 -11.7869
4 8 -12.1074
4 9 -12.4417
4 10 -12.7421
4 11 -13.0381
4 12 -13.3524
4 13 -13.6287
4 14 -13.9242
4 15 -14.1871
4 16 -14.45
4 17 -14.7066
4 18 -14.95
4 19 -15.1765
4 20 -15.4226
4 21 -15.6418
4 22 -15.8605
4 23 -16.0788
4 24 -16.2851
4 25 -16.5033
4 26 -16.6738
4 27 -16.8725
4 28 -17.0596
4 29 -17.2404
4 30 -17.3986
4 31 -17.5617
4 32 -17.7157
4 33 -17.8527
4 34 -17.9937
4 35 -18.1253
4 36 -18.2552
4 37 -18.3853
4 38 -18.5059
4 39 -18.6366
4 40 -18.7545
5 -10 -10.6221
5 -9 -10.615
5 -8 -10.5913
5 -7 -10.5634
5 -6 -10.5228
5 -5 -10.5074
5 -4 -10.4814
5 -3 -10.467
5 -2 -10.4207
5 -1 -10.3648
5 0 -10.3497
5 1 -10.3262
5 2 -10.3792
5 3 -10.5494
5 4 -10.8225
5 5 -11.1492
5 6 -11.4918
5 7 -11.8318
5 8 -12.153
5 9 -12.456
5 10 -12.7885
5 11 -13.0915
5 12 -13.3823
5 13 -13.6684
5 14 -13.9494
5 15 -14.2451
5 16 -14.4972
5 17 -14.7622
5 18 -14.9947
5 19 -15.2502
5 20 -15.4681
5 21 -15.7092
5 22 -15.9178
5 23 -16.1442
5 24 -16.3485
5 25 -16.5523
5 26 -16.7396
5 27 -16.9315
5 28 -17.1068
5 29 -17.2839
5 30 -17.4572
5 31 -17.6115
5 32 -17.7662
5 33 -17.9059
5 34 -18.0442
5 35 -18.1833
5 36 -18.3089
5 37 -18.4303
5 38 -18.5542
5 39 -18.6759
5 40 -18.789
6 -10 -10.6789
6 -9 -10.6577
6 -8 -10.6256
6 -7 -10.5932
6 -6 -10.5709
6 -5 -10.5482
6 -4 -10.527
6 -3 -10.5237
6 -2 -10.4833
6 -1 -10.4436
6 0 -10.405
6 1 -10.3785
6 2 -10.4027
6 3 -10.5992
6 4 -10.8786
6 5 -11.2064
6 6 -11.5296
6 7 -11.8517
6 8 -12.1757
6 9 -12.5201
6 10 -12.8097
6 11 -13.132
6 12 -13.4144
6 13 -13.7195
6 14 -14.0103
6 15 -14.2818
6 16 -14.5451
6 17 -14.8025
6 18 -15.0432
6 19 -15.2934
6 20 -15.5457
6 21 -15.7584
6 22 -15.9841
6 23 -16.1956
6 24 -16.3996
6 25 -16.6018
6 26 -16.7953
6 27 -16.9923
6 28 -17.1541
6 29 -17.3401
6 30 -17.4972
6 31 -17.6641
6 32 -17.8043
6 33 -17.9465
6 34 -18.0948
6 35 -18.2302
6 36 -18.3611
6 37 -18.4857
6 38 -18.5972
6 39 -18.7259
6 40 -18.8417
7 -10 -10.7095
7 -9 -10.7057
7 -8 -10.6855
7 -7 -10.6587
7 -6 -10.6221
7 -5 -10.589
7 -4 -10.5677
7 -3 -10.5527
7 -2 -10.5409
7 -1 -10.4879
7 0 -10.4397
7 1 -10.4219
7 2 -10.4304
7 3 -10.6464
7 4 -10.9271
7 5 -11.2207
7 6 -11.5621
7 7 -11.8988
7 8 -12.2275
7 9 -12.5525
7 10 -12.8528
7 11 -13.1833
7 12 -13.4856
7 13 -13.7657
7 14 -14.0306
7 15 -14.3309
7 16 -14.6025
7 17 -14.8696
7 18 -15.1233
7 19 -15.3385
7 20 -15.5908
7 21 -15.8213
7 22 -16.0403
7 23 -16.2545
7 24 -16.4503
7 25 -16.6556
7 26 -16.8495
7 27 -17.0316
7 28 -17.2018
7 29 -17.3753
7 30 -17.5527
7 31 -17.6944
7 32 -17.84
7 33 -17.9942
7 34 -18.1378
7 35 -18.269
7 36 -18.3971
7 37 -18.5158
7 38 -18.6398
7 39 -18.7522
7 40 -18.8703
8 -10 -10.7446
8 -9 -10.7449
8 -8 -10.7218
8 -7 -10.701
8 -6 -10.669
8 -5 -10.6364
8 -4 -10.6167
8 -3 -10.598
8 -2 -10.568
8 -1 -10.532
8 0 -10.5024
8 1 -10.4792
8 2 -10.5057
8 3 -10.6914
8 4 -10.9497
8 5 -11.2748
8 6 -11.5938
8 7 -11.9567
8 8 -12.2705
8 9 -12.5853
8 10 -12.9271
8 11 -13.2242
8 12 -13.5227
8 13 -13.8077
8 14 -14.1086
8 15 -14.3676
8 16 -14.6442
8 17 -14.9193
8 18 -15.1563
8 19 -15.3921
8 20 -15.6353
8 21 -15.8548
8 22 -16.0733
8 23 -16.2763
8 24 -16.4953
8 25 -16.682
8 26 -16.875
8 27 -17.0518
8 28 -17.2285
8 29 -17.4018
8 30 -17.5789
8 31 -17.7378
8 32 -17.8865
8 33 -18.0226
8 34 -18.1708
8 35 -18.3073
8 36 -18.4379
8 37 -18.5586
8 38 -18.6742
8 39 -18.7863
8 40 -18.9068
9 -10 -10.7895
9 -9 -10.773
9 -8 -10.7536
9 -7 -10.7212
9 -6 -10.7038
9 -5 -10.6762
9 -4 -10.6531
9 -3 -10.6376
9 -2 -10.608
9 -1 -10.5545
9 0 -10.5523
9 1 -10.5122
9 2 -10.5371
9 3 -10.7403
9 4 -11.0091
9 5 -11.3465
9 6 -11.6579
9 7 -11.9827
9 8 -12.3257
9 9 -12.6498
9 10 -12.9552
9 11 -13.2842
9 12 -13.5707
9 13 -13.8562
9 14 -14.1427
9 15 -14.421
9 16 -14.6957
9 17 -14.9398
9 18 -15.2016
9 19 -15.4275
9 20 -15.6702
9 21 -15.893
9 22 -16.0936
9 23 -16.3149
9 24 -16.5191
9 25 -16.7194
9 26 -16.9044
9 27 -17.0871
9 28 -17.2633
9 29 -17.4489
9 30 -17.6029
9 31 -17.775
9 32 -17.9231
9 33 -18.0576
9 34 -18.2044
9 35 -18.3229
9 36 -18.4604
9 37 -18.5851
9 38 -18.701
9 39 -18.8237
9 40 -18.9464
10 -10 -10.8204
10 -9 -10.8018
10 -8 -10.7819
10 -7 -10.7474
10 -6 -10.7371
10 -5 -10.7068
10 -4 -10.684
10 -3 -10.6767
10 -2 -10.6272
10 -1 -10.5947
10 0 -10.5606
10 1 -10.539
10 2 -10.5915
10 3 -10.7852
10 4 -11.0572
10 5 -11.3679
10 6 -11.7176
10 7 -12.041
10 8 -12.3666
10 9 -12.6817
10 10 -13.01
10 11 -13.3009
10 12 -13.6098
10 13 -13.8915
10 14 -14.1754
10 15 -14.4502
10 16 -14.7083
10 17 -14.9642
10 18 -15.2222
10 19 -15.461
10 20 -15.6903
10 21 -15.9143
10 22 -16.13
10 23 -16.3449
10 24 -16.5422
10 25 -16.7392
10 26 -16.9386
10 27 -17.128
10 28 -17.2977
10 29 -17.4725
10 30 -17.6363
10 31 -17.8035
10 32 -17.9538
10 33 -18.1041
10 34 -18.2377
10 35 -18.3676
10 36 -18.5009
10 37 -18.6212
10 38 -18.7486
10 39 -18.861
10 40 -18.9705
11 -10 -10.8534
11 -9 -10.8377
11 -8 -10.8128
11 -7 -10.7839
11 -6 -10.7635
11 -5 -10.7451
11 -4 -10.735
11 -3 -10.7205
11 -2 -10.67
11 -1 -10.6355
11 0 -10.6029
11 1 -10.5804
11 2 -10.6177
11 3 -10.8118
11 4 -11.0954
11 5 -11.3943
11 6 -11.7414
11 7 -12.0738
11 8 -12.3792
11 9 -12.7154
11 10 -13.0322
11 11 -13.3357
11 12 -13.6214
11 13 -13.9204
11 14 -14.1965
11 15 -14.4605
11 16 -14.7477
11 17 -14.9983
11 18 -15.2574
11 19 -15.4963
11 20 -15.7315
11 21 -15.9514
11 22 -16.1656
11 23 -16.3708
11 24 -16.5876
11 25 -16.7852
11 26 -16.9691
11 27 -17.1564
11 28 -17.3431
11 29 -17.518
11 30 -17.684
11 31 -17.8376
11 32 -17.9977
11 33 -18.1343
11 34 -18.2667
11 35 -18.4135
11 36 -18.5392
11 37 -18.6595
11 38 -18.7822
11 39 -18.8948
11 40 -19.0109
12 -10 -10.8947
12 -9 -10.8717
12 -8 -10.8699
12 -7 -10.8161
12 -6 -10.7849
12 -5 -10.7697
12 -4 -10.7762
12 -3 -10.7452
12 -2 -10.705
12 -1 -10.6645
12 0 -10.6262
12 1 -10.6166
12 2 -10.6492
12 3 -10.8438
12 4 -11.1168
12 5 -11.4354
12 6 -11.7573
12 7 -12.0977
12 8 -12.4258
12 9 -12.7385
12 10 -13.0602
12 11 -13.3496
12 12 -13.6727
12 13 -13.9466
12 14 -14.2257
12 15 -14.5118
12 16 -14.7737
12 17 -15.039
12 18 -15.2834
12 19 -15.5282
12 20 -15.7707
12 21 -15.986
12 22 -16.2055
12 23 -16.416
12 24 -16.6337
12 25 -16.8302
12 26 -17.0078
12 27 -17.2134
12 28 -17.3889
12 29 -17.5629
12 30 -17.7253
12 31 -17.8864
12 32 -18.0408
12 33 -18.1777
12 34 -18.3136
12 35 -18.4415
12 36 -18.5716
12 37 -18.7014
12 38 -18.814
12 39 -18.9343
12 40 -19.0449
13 -10 -10.9182
13 -9 -10.9177
13 -8 -10.8939
13 -7 -10.8544
13 -6 -10.8279
13 -5 -10.7973
13 -4 -10.7756
13 -3 -10.7721
13 -2 -10.7327
13 -1 -10.6998
13 0 -10.661
13 1 -10.6329
13 2 -10.6717
13 3 -10.8703
13 4 -11.1477
13 5 -11.457
13 6 -11.7882
13 7 -12.1176
13 8 -12.4527
13 9 -12.7743
13 10 -13.0909
13 11 -13.3978
13 12 -13.6857
13 13 -13.9731
13 14 -14.256
13 15 -14.5511
13 16 -14.8256
13 17 -15.0691
13 18 -15.3195
13 19 -15.5737
13 20 -15.7945
13 21 -16.0355
13 22 -16.238
13 23 -16.454
13 24 -16.662
13 25 -16.8691
13 26 -17.0565
13 27 -17.2334
13 28 -17.4189
13 29 -17.5993
13 30 -17.7579
13 31 -17.921
13 32 -18.0723
13 33 -18.2078
13 34 -18.3508
13 35 -18.4812
13 36 -18.607
13 37 -18.7279
13 38 -18.8436
13 39 -18.9599
13 40 -19.0724
14 -10 -10.9497
14 -9 -10.9331
14 -8 -10.9161
14 -7 -10.8864
14 -6 -10.8536
14 -5 -10.8324
14 -4 -10.8238
14 -3 -10.8033
14 -2 -10.7619
14 -1 -10.7181
14 0 -10.6909
14 1 -10.6637
14 2 -10.7194
14 3 -10.9046
14 4 -11.171
14 5 -11.4922
14 6 -11.8264
14 7 -12.1557
14 8 -12.4824
14 9 -12.8129
14 10 -13.1171
14 11 -13.4212
14 12 -13.7145
14 13 -14.0182
14 14 -14.2998
14 15 -14.5832
14 16 -14.8338
14 17 -15.1074
14 18 -15.3595
14 19 -15.5957
14 20 -15.8381
14 21 -16.0707
14 22 -16.2762
14 23 -16.4994
14 24 -16.6849
14 25 -16.9006
14 26 -17.0822
14 27 -17.2663
14 28 -17.4477
14 29 -17.6301
14 30 -17.7798
14 31 -17.9421
14 32 -18.0908
14 33 -18.2399
14 34 -18.3806
14 35 -18.5116
14 36 -18.6386
14 37 -18.7475
14 38 -18.8731
14 39 -18.9929
14 40 -19.1055
15 -10 -10.9702
15 -9 -10.9535
15 -8 -10.9407
15 -7 -10.9018
15 -6 -10.8858
15 -5 -10.8542
15 -4 -10.8452
15 -3 -10.818
15 -2 -10.7769
15 -1 -10.7445
15 0 -10.7158
15 1 -10.7055
15 2 -10.7483
15 3 -10.9364
15 4 -11.2101
15 5 -11.5124
15 6 -11.8517
15 7 -12.1967
15 8 -12.5291
15 9 -12.8407
15 10 -13.1543
15 11 -13.4628
15 12 -13.756
15 13 -14.0428
15 14 -14.325
15 15 -14.5946
15 16 -14.8668
15 17 -15.1272
15 18 -15.3822
15 19 -15.6279
15 20 -15.8611
15 21 -16.0834
15 22 -16.3101
15 23 -16.5195
15 24 -16.7218
15 25 -16.9255
15 26 -17.1123
15 27 -17.291
15 28 -17.4656
15 29 -17.6352
15 30 -17.8038
15 31 -17.9653
15 32 -18.1094
15 33 -18.2576
15 34 -18.4014
15 35 -18.5198
15 36 -18.6554
15 37 -18.7737
15 38 -18.8903
15 39 -19.0007
15 40 -19.1162
16 -10 -10.9859
16 -9 -10.9781
16 -8 -10.9641
16 -7 -10.9291
16 -6 -10.9016
16 -5 -10.8831
16 -4 -10.8767
16 -3 -10.8459
16 -2 -10.799
16 -1 -10.7695
16 0 -10.7492
16 1 -10.733
16 2 -10.7664
16 3 -10.9637
16 4 -11.2411
16 5 -11.5563
16 6 -11.8859
16 7 -12.2201
16 8 -12.5414
16 9 -12.8877
16 10 -13.1718
16 11 -13.4953
16 12 -13.7882
16 13 -14.0647
16 14 -14.3563
16 15 -14.6284
16 16 -14.8867
16 17 -15.157
16 18 -15.4079
16 19 -15.6567
16 20 -15.885
16 21 -16.1026
16 22 -16.3232
16 23 -16.5332
16 24 -16.7357
16 25 -16.9272
16 26 -17.1198
16 27 -17.3124
16 28 -17.4919
16 29 -17.6504
16 30 -17.83
16 31 -17.9902
16 32 -18.1293
16 33 -18.2785
16 34 -18.4163
16 35 -18.5475
16 36 -18.6742
16 37 -18.7923
16 38 -18.9073
16 39 -19.0183
16 40 -19.131
17 -10 -11.0175
17 -9 -10.9959
17 -8 -10.9878
17 -7 -10.9494
17 -6 -10.917
17 -5 -10.9135
17 -4 -10.9108
17 -3 -10.8823
17 -2 -10.8315
17 -1 -10.8004
17 0 -10.7679
17 1 -10.7622
17 2 -10.7972
17 3 -11.0036
17 4 -11.2716
17 5 -11.5912
17 6 -11.8973
17 7 -12.2413
17 8 -12.5749
17 9 -12.881
17 10 -13.1905
17 11 -13.4908
17 12 -13.8026
17 13 -14.0954
17 14 -14.3658
17 15 -14.6441
17 16 -14.9151
17 17 -15.1824
17 18 -15.4267
17 19 -15.6685
17 20 -15.8984
17 21 -16.1235
17 22 -16.3497
17 23 -16.5442
17 24 -16.7531
17 25 -16.9581
17 26 -17.1537
17 27 -17.3291
17 28 -17.5114
17 29 -17.6875
17 30 -17.8437
17 31 -18.0092
17 32 -18.1621
17 33 -18.3015
17 34 -18.4393
17 35 -18.5691
17 36 -18.6981
17 37 -18.8111
17 38 -18.9286
17 39 -19.0479
17 40 -19.1551
18 -10 -11.0537
18 -9 -11.0346
18 -8 -11.008
18 -7 -10.9719
18 -6 -10.9479
18 -5 -10.9362
18 -4 -10.928
18 -3 -10.9101
18 -2 -10.8626
18 -1 -10.8304
18 0 -10.8018
18 1 -10.7737
18 2 -10.8251
18 3 -11.0136
18 4 -11.2832
18 5 -11.5945
18 6 -11.9291
18 7 -12.2585
18 8 -12.5828
18 9 -12.9051
18 10 -13.2208
18 11 -13.5164
18 12 -13.8142
18 13 -14.109
18 14 -14.3955
18 15 -14.6627
18 16 -14.9325
18 17 -15.1913
18 18 -15.4397
18 19 -15.6876
18 20 -15.9239
18 21 -16.1543
18 22 -16.3737
18 23 -16.5808
18 24 -16.7771
18 25 -16.9839
18 26 -17.1726
18 27 -17.3617
18 28 -17.5322
18 29 -17.707
18 30 -17.8747
18 31 -18.0295
18 32 -18.1913
18 33 -18.3328
18 34 -18.4723
18 35 -18.5995
18 36 -18.7166
18 37 -18.8413
18 38 -18.9681
18 39 -19.067
18 40 -19.1786
19 -10 -11.066
19 -9 -11.0549
19 -8 -11.0266
19 -7 -11.0002
19 -6 -10.9739
19 -5 -10.9622
19 -4 -10.9495
19 -3 -10.9351
19 -2 -10.8916
19 -1 -10.8554
19 0 -10.8184
19 1 -10.8019
19 2 -10.8383
19 3 -11.0403
19 4 -11.3025
19 5 -11.6216
19 6 -11.958
19 7 -12.2855
19 8 -12.6129
19 9 -12.9345
19 10 -13.2355
19 11 -13.5508
19 12 -13.8407
19 13 -14.1391
19 14 -14.4138
19 15 -14.6857
19 16 -14.9505
19 17 -15.2215
19 18 -15.4704
19 19 -15.7108
19 20 -15.9545
19 21 -16.1706
19 22 -16.3888
19 23 -16.6095
19 24 -16.8127
19 25 -17.01
19 26 -17.1989
19 27 -17.3909
19 28 -17.5691
19 29 -17.7404
19 30 -17.9036
19 31 -18.068
19 32 -18.2245
19 33 -18.3699
19 34 -18.4935
19 35 -18.6241
19 36 -18.7517
19 37 -18.8716
19 38 -18.986
19 39 -19.0956
19 40 -19.2086
20 -10 -11.0835
20 -9 -11.0728
20 -8 -11.062
20 -7 -11.0181
20 -6 -10.9922
20 -5 -10.9804
20 -4 -10.9688
20 -3 -10.9418
20 -2 -10.9185
20 -1 -10.8681
20 0 -10.8347
20 1 -10.8163
20 2 -10.8661
20 3 -11.0567
20 4 -11.3265
20 5 -11.6446
20 6 -11.979
20 7 -12.317
20 8 -12.6235
20 9 -12.9557
20 10 -13.2733
20 11 -13.5622
20 12 -13.8793
20 13 -14.1481
20 14 -14.445
20 15 -14.7165
20 16 -14.9782
20 17 -15.241
20 18 -15.4954
20 19 -15.7493
20 20 -15.9764
20 21 -16.1997
20 22 -16.4203
20 23 -16.6309
20 24 -16.8422
20 25 -17.0404
20 26 -17.2304
20 27 -17.4195
20 28 -17.5975
20 29 -17.7605
20 30 -17.929
20 31 -18.0816
20 32 -18.2421
20 33 -18.389
20 34 -18.518
20 35 -18.6492
20 36 -18.7783
20 37 -18.9055
20 38 -19.0128
20 39 -19.1197
20 40 -19.2405
21 -10 -11.1004
21 -9 -11.0856
21 -8 -11.0716
21 -7 -11.0494
21 -6 -11.0232
21 -5 -10.9969
21 -4 -10.997
21 -3 -10.9613
21 -2 -10.9332
21 -1 -10.8902
21 0 -10.8664
21 1 -10.8553
21 2 -10.8867
21 3 -11.0842
21 4 -11.3612
21 5 -11.6585
21 6 -11.9904
21 7 -12.3363
21 8 -12.6643
21 9 -12.9633
21 10 -13.2859
21 11 -13.5949
21 12 -13.8878
21 13 -14.1869
21 14 -14.4529
21 15 -14.7516
21 16 -15.0092
21 17 -15.2633
21 18 -15.5167
21 19 -15.7614
21 20 -15.9974
21 21 -16.2145
21 22 -16.4552
21 23 -16.6578
21 24 -16.8694
21 25 -17.0593
21 26 -17.2496
21 27 -17.4311
21 28 -17.6157
21 29 -17.7804
21 30 -17.9507
21 31 -18.1073
21 32 -18.2581
21 33 -18.4065
21 34 -18.5433
21 35 -18.671
21 36 -18.7958
21 37 -18.9201
21 38 -19.0365
21 39 -19.1521
21 40 -19.2586
22 -10 -11.1147
22 -9 -11.1009
22 -8 -11.0747
22 -7 -11.0568
22 -6 -11.0426
22 -5 -11.0221
22 -4 -11.0081
22 -3 -10.9677
22 -2 -10.9452
22 -1 -10.9027
22 0 -10.8879
22 1 -10.8728
22 2 -10.9067
22 3 -11.0917
22 4 -11.3722
22 5 -11.699
22 6 -12.0367
22 7 -12.3564
22 8 -12.6839
22 9 -12.9965
22 10 -13.313
22 11 -13.625
22 12 -13.9146
22 13 -14.2158
22 14 -14.4932
22 15 -14.7657
22 16 -15.0361
22 17 -15.2796
22 18 -15.5345
22 19 -15.7779
22 20 -16.0057
22 21 -16.2326
22 22 -16.4653
22 23 -16.6723
22 24 -16.88
22 25 -17.074
22 26 -17.2716
22 27 -17.454
22 28 -17.6312
22 29 -17.8054
22 30 -17.9694
22 31 -18.1265
22 32 -18.2747
22 33 -18.4158
22 34 -18.5554
22 35 -18.6875
22 36 -18.8119
22 37 -18.9345
22 38 -19.0542
22 39 -19.1605
22 40 -19.2797
23 -10 -11.1266
23 -9 -11.1173
23 -8 -11.0917
23 -7 -11.074
23 -6 -11.0449
23 -5 -11.0428
23 -4 -11.0255
23 -3 -10.9966
23 -2 -10.9517
23 -1 -10.9207
23 0 -10.9034
23 1 -10.8853
23 2 -10.9297
23 3 -11.1262
23 4 -11.3929
23 5 -11.713
23 6 -12.0377
23 7 -12.3684
23 8 -12.6977
23 9 -13.0214
23 10 -13.3426
23 11 -13.639
23 12 -13.9379
23 13 -14.2243
23 14 -14.5018
23 15 -14.777
23 16 -15.0454
23 17 -15.3002
23 18 -15.5444
23 19 -15.802
23 20 -16.0291
23 21 -16.2631
23 22 -16.4716
23 23 -16.6861
23 24 -16.8877
23 25 -17.0899
23 26 -17.28
23 27 -17.4705
23 28 -17.6489
23 29 -17.8176
23 30 -17.9854
23 31 -18.1431
23 32 -18.2895
23 33 -18.439
23 34 -18.5677
23 35 -18.7008
23 36 -18.8252
23 37 -18.9475
23 38 -19.069
23 39 -19.178
23 40 -19.2898
24 -10 -11.142
24 -9 -11.1348
24 -8 -11.1224
24 -7 -11.0886
24 -6 -11.0777
24 -5 -11.0603
24 -4 -11.0403
24 -3 -11.0238
24 -2 -10.978
24 -1 -10.9523
24 0 -10.9287
24 1 -10.9041
24 2 -10.9375
24 3 -11.1456
24 4 -11.4153
24 5 -11.7175
24 6 -12.0536
24 7 -12.3897
24 8 -12.7111
24 9 -13.0399
24 10 -13.3575
24 11 -13.665
24 12 -13.9527
24 13 -14.2341
24 14 -14.5267
24 15 -14.7969
24 16 -15.0649
24 17 -15.3107
24 18 -15.5629
24 19 -15.8032
24 20 -16.0511
24 21 -16.2719
24 22 -16.4821
24 23 -16.6993
24 24 -16.9008
24 25 -17.1078
24 26 -17.3084
24 27 -17.4868
24 28 -17.66
24 29 -17.8368
24 30 -18.0009
24 31 -18.1577
24 32 -18.2948
24 33 -18.4498
24 34 -18.585
24 35 -18.7198
24 36 -18.8422
24 37 -18.9678
24 38 -19.0809
24 39 -19.1941
24 40 -19.301
25 -10 -11.1613
25 -9 -11.1473
25 -8 -11.1288
25 -7 -11.1048
25 -6 -11.0963
25 -5 -11.0745
25 -4 -11.0589
25 -3 -11.0398
25 -2 -11.0007
25 -1 -10.9662
25 0 -10.9485
25 1 -10.929
25 2 -10.9674
25 3 -11.1485
25 4 -11.424
25 5 -11.737
25 6 -12.0732
25 7 -12.4125
25 8 -12.7245
25 9 -13.0523
25 10 -13.3736
25 11 -13.6828
25 12 -13.9629
25 13 -14.2549
25 14 -14.5465
25 15 -14.8153
25 16 -15.0678
25 17 -15.3429
25 18 -15.5832
25 19 -15.827
25 20 -16.0666
25 21 -16.2888
25 22 -16.5035
25 23 -16.7262
25 24 -16.9207
25 25 -17.1199
25 26 -17.3107
25 27 -17.4955
25 28 -17.6701
25 29 -17.85
25 30 -18.0175
25 31 -18.1774
25 32 -18.3298
25 33 -18.478
25 34 -18.6097
25 35 -18.7374
25 36 -18.8603
25 37 -18.9836
25 38 -19.0956
25 39 -19.2126
25 40 -19.3159
26 -10 -11.1754
26 -9 -11.1584
26 -8 -11.1358
26 -7 -11.1205
26 -6 -11.0987
26 -5 -11.0881
26 -4 -11.0695
26 -3 -11.0499
26 -2 -11.0254
26 -1 -10.9932
26 0 -10.9608
26 1 -10.9363
26 2 -10.9832
26 3 -11.1566
26 4 -11.4411
26 5 -11.7635
26 6 -12.1092
26 7 -12.419
26 8 -12.7511
26 9 -13.073
26 10 -13.3925
26 11 -13.6962
26 12 -13.9909
26 13 -14.2818
26 14 -14.5515
26 15 -14.8323
26 16 -15.0966
26 17 -15.3496
26 18 -15.6004
26 19 -15.8517
26 20 -16.0768
26 21 -16.3075
26 22 -16.5305
26 23 -16.7291
26 24 -16.9437
26 25 -17.1444
26 26 -17.3337
26 27 -17.5191
26 28 -17.6999
26 29 -17.8684
26 30 -18.0281
26 31 -18.2004
26 32 -18.3491
26 33 -18.483
26 34 -18.626
26 35 -18.7511
26 36 -18.8852
26 37 -19.0024
26 38 -19.1168
26 39 -19.2293
26 40 -19.3375
27 -10 -11.1831
27 -9 -11.1767
27 -8 -11.1517
27 -7 -11.1277
27 -6 -11.1139
27 -5 -11.0993
27 -4 -11.0852
27 -3 -11.0701
27 -2 -11.0379
27 -1 -10.9968
27 0 -10.9872
27 1 -10.959
27 2 -11.0001
27 3 -11.2059
27 4 -11.4607
27 5 -11.7808
27 6 -12.1101
27 7 -12.4378
27 8 -12.7629
27 9 -13.0879
27 10 -13.4079
27 11 -13.7157
27 12 -14.0064
27 13 -14.2955
27 14 -14.5743
27 15 -14.8509
27 16 -15.1026
27 17 -15.3697
27 18 -15.6203
27 19 -15.8671
27 20 -16.0922
27 21 -16.3203
27 22 -16.5394
27 23 -16.7502
27 24 -16.955
27 25 -17.1573
27 26 -17.3484
27 27 -17.5336
27 28 -17.717
27 29 -17.8867
27 30 -18.05
27 31 -18.2122
27 32 -18.3608
27 33 -18.5027
27 34 -18.6428
27 35 -18.7778
27 36 -18.8927
27 37 -19.0196
27 38 -19.1385
27 39 -19.2463
27 40 -19.3527
28 -10 -11.1851
28 -9 -11.1672
28 -8 -11.1664
28 -7 -11.1368
28 -6 -11.1259
28 -5 -11.1086
28 -4 -11.0962
28 -3 -11.0677
28 -2 -11.0393
28 -1 -11.0175
28 0 -10.993
28 1 -10.9773
28 2 -11.0175
28 3 -11.199
28 4 -11.4819
28 5 -11.8016
28 6 -12.1216
28 7 -12.4628
28 8 -12.7913
28 9 -13.1147
28 10 -13.4249
28 11 -13.7238
28 12 -14.0234
28 13 -14.3065
28 14 -14.5914
28 15 -14.8662
28 16 -15.1329
28 17 -15.3855
28 18 -15.6233
28 19 -15.8677
28 20 -16.1089
28 21 -16.3405
28 22 -16.5568
28 23 -16.7589
28 24 -16.9613
28 25 -17.1659
28 26 -17.3616
28 27 -17.5446
28 28 -17.7345
28 29 -17.8969
28 30 -18.0667
28 31 -18.2184
28 32 -18.3703
28 33 -18.5206
28 34 -18.6539
28 35 -18.7862
28 36 -18.9141
28 37 -19.0322
28 38 -19.1428
28 39 -19.2656
28 40 -19.373
29 -10 -11.1789
29 -9 -11.1848
29 -8 -11.1689
29 -7 -11.153
29 -6 -11.131
29 -5 -11.1186
29 -4 -11.1077
29 -3 -11.0944
29 -2 -11.0623
29 -1 -11.038
29 0 -11.0141
29 1 -10.99
29 2 -11.0249
29 3 -11.2198
29 4 -11.4982
29 5 -11.8155
29 6 -12.1379
29 7 -12.4753
29 8 -12.8065
29 9 -13.1301
29 10 -13.4418
29 11 -13.7414
29 12 -14.0344
29 13 -14.3155
29 14 -14.6068
29 15 -14.8787
29 16 -15.1475
29 17 -15.4016
29 18 -15.6446
29 19 -15.8855
29 20 -16.1199
29 21 -16.3434
29 22 -16.5669
29 23 -16.775
29 24 -16.9746
29 25 -17.1823
29 26 -17.3703
29 27 -17.5647
29 28 -17.7362
29 29 -17.9103
29 30 -18.0711
29 31 -18.2259
29 32 -18.388
29 33 -18.5281
29 34 -18.6617
29 35 -18.7917
29 36 -18.9221
29 37 -19.0474
29 38 -19.1647
29 39 -19.282
29 40 -19.3813
30 -10 -11.1878
30 -9 -11.1806
30 -8 -11.174
30 -7 -11.1636
30 -6 -11.1355
30 -5 -11.1333
30 -4 -11.1203
30 -3 -11.1033
30 -2 -11.0799
30 -1 -11.0259
30 0 -11.0291
30 1 -11.0101
30 2 -11.0456
30 3 -11.234
30 4 -11.5249
30 5 -11.8278
30 6 -12.1496
30 7 -12.4813
30 8 -12.8111
30 9 -13.1261
30 10 -13.4472
30 11 -13.7582
30 12 -14.0439
30 13 -14.3466
30 14 -14.6142
30 15 -14.8867
30 16 -15.1601
30 17 -15.4156
30 18 -15.6598
30 19 -15.896
30 20 -16.1272
30 21 -16.3582
30 22 -16.5732
30 23 -16.7874
30 24 -16.9988
30 25 -17.191
30 26 -17.3852
30 27 -17.5609
30 28 -17.7469
30 29 -17.9182
30 30 -18.0781
30 31 -18.2372
30 32 -18.392
30 33 -18.5383
30 34 -18.6756
30 35 -18.8031
30 36 -18.94
30 37 -19.0507
30 38 -19.1649
30 39 -19.2816
30 40 -19.3947
31 -10 -11.1994
31 -9 -11.1858
31 -8 -11.1714
31 -7 -11.1652
31 -6 -11.1541
31 -5 -11.1389
31 -4 -11.1316
31 -3 -11.1154
31 -2 -11.0838
31 -1 -11.0528
31 0 -11.0386
31 1 -11.0094
31 2 -11.0577
31 3 -11.2506
31 4 -11.5191
31 5 -11.8351
31 6 -12.1564
31 7 -12.4952
31 8 -12.8089
31 9 -13.147
31 10 -13.4577
31 11 -13.7619
31 12 -14.0501
31 13 -14.3461
31 14 -14.6242
31 15 -14.8987
31 16 -15.1658
31 17 -15.4295
31 18 -15.6767
31 19 -15.8998
31 20 -16.1326
31 21 -16.362
31 22 -16.5803
31 23 -16.8002
31 24 -17.0035
31 25 -17.1953
31 26 -17.3925
31 27 -17.5693
31 28 -17.7482
31 29 -17.9188
31 30 -18.086
31 31 -18.2447
31 32 -18.4036
31 33 -18.5392
31 34 -18.6789
31 35 -18.8111
31 36 -18.9402
31 37 -19.0572
31 38 -19.1813
31 39 -19.2895
31 40 -19.3991
32 -10 -11.2005
32 -9 -11.1958
32 -8 -11.1759
32 -7 -11.1627
32 -6 -11.1643
32 -5 -11.1505
32 -4 -11.14
32 -3 -11.1207
32 -2 -11.093
32 -1 -11.064
32 0 -11.0442
32 1 -11.0193
32 2 -11.0684
32 3 -11.2516
32 4 -11.5257
32 5 -11.8396
32 6 -12.1717
32 7 -12.491
32 8 -12.8297
32 9 -13.152
32 10 -13.4622
32 11 -13.7717
32 12 -14.0743
32 13 -14.3565
32 14 -14.6406
32 15 -14.9174
32 16 -15.1913
32 17 -15.4344
32 18 -15.6874
32 19 -15.9169
32 20 -16.148
32 21 -16.3721
32 22 -16.5922
32 23 -16.8042
32 24 -17.0071
32 25 -17.2067
32 26 -17.3896
32 27 -17.5775
32 28 -17.7534
32 29 -17.93
32 30 -18.1015
32 31 -18.2533
32 32 -18.406
32 33 -18.5453
32 34 -18.6913
32 35 -18.8186
32 36 -18.9471
32 37 -19.0693
32 38 -19.1874
32 39 -19.2967
32 40 -19.4046
33 -10 -11.1894
33 -9 -11.1877
33 -8 -11.1764
33 -7 -11.1672
33 -6 -11.158
33 -5 -11.149
33 -4 -11.1419
33 -3 -11.1332
33 -2 -11.1008
33 -1 -11.0685
33 0 -11.0537
33 1 -11.0222
33 2 -11.0659
33 3 -11.2738
33 4 -11.5397
33 5 -11.8601
33 6 -12.1842
33 7 -12.5254
33 8 -12.847
33 9 -13.1621
33 10 -13.4871
33 11 -13.7873
33 12 -14.0766
33 13 -14.3667
33 14 -14.6514
33 15 -14.9275
33 16 -15.1892
33 17 -15.4331
33 18 -15.6911
33 19 -15.9352
33 20 -16.1578
33 21 -16.3823
33 22 -16.6027
33 23 -16.8133
33 24 -17.0198
33 25 -17.2162
33 26 -17.4064
33 27 -17.5936
33 28 -17.7693
33 29 -17.9333
33 30 -18.1037
33 31 -18.2557
33 32 -18.4161
33 33 -18.5593
33 34 -18.7003
33 35 -18.8321
33 36 -18.9568
33 37 -19.0716
33 38 -19.189
33 39 -19.2987
33 40 -19.4151
34 -10 -11.1913
34 -9 -11.1917
34 -8 -11.181
34 -7 -11.1632
34 -6 -11.1651
34 -5 -11.1515
34 -4 -11.1446
34 -3 -11.1328
34 -2 -11.1085
34 -1 -11.0867
34 0 -11.0582
34 1 -11.038
34 2 -11.0808
34 3 -11.2826
34 4 -11.5511
34 5 -11.8663
34 6 -12.1961
34 7 -12.5324
34 8 -12.8538
34 9 -13.182
34 10 -13.4879
34 11 -13.7948
34 12 -14.0868
34 13 -14.3915
34 14 -14.6643
34 15 -14.9328
34 16 -15.2072
34 17 -15.4485
34 18 -15.6948
34 19 -15.9421
34 20 -16.1737
34 21 -16.4025
34 22 -16.6174
34 23 -16.8163
34 24 -17.0241
34 25 -17.2287
34 26 -17.4171
34 27 -17.6057
34 28 -17.773
34 29 -17.9467
34 30 -18.114
34 31 -18.2731
34 32 -18.4207
34 33 -18.5715
34 34 -18.7027
34 35 -18.8309
34 36 -18.9583
34 37 -19.0837
34 38 -19.2016
34 39 -19.3187
34 40 -19.4232
35 -10 -11.1868
35 -9 -11.1839
35 -8 -11.1799
35 -7 -11.1643
35 -6 -11.1593
35 -5 -11.1474
35 -4 -11.1485
35 -3 -11.1324
35 -2 -11.1107
35 -1 -11.084
35 0 -11.0598
35 1 -11.0574
35 2 -11.0898
35 3 -11.2884
35 4 -11.5707
35 5 -11.8679
35 6 -12.2074
35 7 -12.5346
35 8 -12.8696
35 9 -13.1909
35 10 -13.4984
35 11 -13.7991
35 12 -14.0934
35 13 -14.3904
35 14 -14.6709
35 15 -14.9407
35 16 -15.2071
35 17 -15.4606
35 18 -15.7118
35 19 -15.9478
35 20 -16.1821
35 21 -16.4138
35 22 -16.6209
35 23 -16.8349
35 24 -17.0313
35 25 -17.2356
35 26 -17.4091
35 27 -17.6069
35 28 -17.7904
35 29 -17.9531
35 30 -18.1125
35 31 -18.2788
35 32 -18.4215
35 33 -18.5748
35 34 -18.7115
35 35 -18.8397
35 36 -18.9623
35 37 -19.0911
35 38 -19.2062
35 39 -19.3196
35 40 -19.4235
36 -10 -11.1836
36 -9 -11.1795
36 -8 -11.1757
36 -7 -11.1606
36 -6 -11.1547
36 -5 -11.1488
36 -4 -11.1494
36 -3 -11.1343
36 -2 -11.1114
36 -1 -11.0927
36 0 -11.0716
36 1 -11.0512
36 2 -11.1096
36 3 -11.2888
36 4 -11.5767
36 5 -11.8872
36 6 -12.215
36 7 -12.5575
36 8 -12.8789
36 9 -13.184
36 10 -13.5089
36 11 -13.8133
36 12 -14.1047
36 13 -14.3854
36 14 -14.6675
36 15 -14.9489
36 16 -15.2082
36 17 -15.4608
36 18 -15.7123
36 19 -15.9514
36 20 -16.1895
36 21 -16.4052
36 22 -16.6356
36 23 -16.8335
36 24 -17.0341
36 25 -17.2282
36 26 -17.4195
36 27 -17.6069
36 28 -17.768
36 29 -17.9579
36 30 -18.1157
36 31 -18.2816
36 32 -18.429
36 33 -18.5727
36 34 -18.7128
36 35 -18.8451
36 36 -18.9716
36 37 -19.0916
36 38 -19.2042
36 39 -19.3257
36 40 -19.4319
37 -10 -11.1805
37 -9 -11.1857
37 -8 -11.1693
37 -7 -11.1619
37 -6 -11.1534
37 -5 -11.1588
37 -4 -11.1451
37 -3 -11.144
37 -2 -11.1154
37 -1 -11.1009
37 0 -11.0766
37 1 -11.064
37 2 -11.1057
37 3 -11.3127
37 4 -11.5838
37 5 -11.9039
37 6 -12.2195
37 7 -12.5499
37 8 -12.8851
37 9 -13.1921
37 10 -13.5019
37 11 -13.8092
37 12 -14.1083
37 13 -14.3973
37 14 -14.6734
37 15 -14.9377
37 16 -15.2121
37 17 -15.4726
37 18 -15.7198
37 19 -15.9665
37 20 -16.188
37 21 -16.4064
37 22 -16.6232
37 23 -16.8403
37 24 -17.0409
37 25 -17.2368
37 26 -17.4253
37 27 -17.6107
37 28 -17.7804
37 29 -17.9535
37 30 -18.113
37 31 -18.2774
37 32 -18.4321
37 33 -18.5705
37 34 -18.714
37 35 -18.8476
37 36 -18.9755
37 37 -19.0927
37 38 -19.2093
37 39 -19.3237
37 40 -19.4327
38 -10 -11.1911
38 -9 -11.1871
38 -8 -11.1714
38 -7 -11.1571
38 -6 -11.1576
38 -5 -11.1521
38 -4 -11.1422
38 -3 -11.1452
38 -2 -11.1214
38 -1 -11.1011
38 0 -11.0759
38 1 -11.0582
38 2 -11.1124
38 3 -11.315
38 4 -11.5873
38 5 -11.9059
38 6 -12.2378
38 7 -12.5556
38 8 -12.8854
38 9 -13.2031
38 10 -13.5088
38 11 -13.8129
38 12 -14.1122
38 13 -14.395
38 14 -14.6801
38 15 -14.9542
38 16 -15.2039
38 17 -15.4669
38 18 -15.7165
38 19 -15.9608
38 20 -16.1806
38 21 -16.4169
38 22 -16.6197
38 23 -16.8368
38 24 -17.0386
38 25 -17.2337
38 26 -17.4217
38 27 -17.6063
38 28 -17.7845
38 29 -17.9538
38 30 -18.1145
38 31 -18.276
38 32 -18.4289
38 33 -18.5716
38 34 -18.7134
38 35 -18.8465
38 36 -18.9711
38 37 -19.0916
38 38 -19.2089
38 39 -19.3156
38 40 -19.4298
39 -10 -11.1885
39 -9 -11.1757
39 -8 -11.1707
39 -7 -11.1521
39 -6 -11.147
39 -5 -11.1509
39 -4 -11.1424
39 -3 -11.1363
39 -2 -11.1142
39 -1 -11.0945
39 0 -11.0671
39 1 -11.075
39 2 -11.1177
39 3 -11.3168
39 4 -11.5894
39 5 -11.906
39 6 -12.2381
39 7 -12.5704
39 8 -12.883
39 9 -13.2079
39 10 -13.5261
39 11 -13.8164
39 12 -14.1069
39 13 -14.3982
39 14 -14.6777
39 15 -14.9386
39 16 -15.2081
39 17 -15.4715
39 18 -15.7187
39 19 -15.9519
39 20 -16.1828
39 21 -16.4112
39 22 -16.6269
39 23 -16.8353
39 24 -17.0352
39 25 -17.2347
39 26 -17.4205
39 27 -17.6068
39 28 -17.7845
39 29 -17.9553
39 30 -18.1211
39 31 -18.2745
39 32 -18.4289
39 33 -18.5713
39 34 -18.713
39 35 -18.8369
39 36 -18.9628
39 37 -19.0917
39 38 -19.202
39 39 -19.3176
39 40 -19.4239
40 -10 -11.1817
40 -9 -11.1848
40 -8 -11.1667
40 -7 -11.1548
40 -6 -11.1529
40 -5 -11.1538
40 -4 -11.1547
40 -3 -11.1322
40 -2 -11.1164
40 -1 -11.099
40 0 -11.0888
40 1 -11.0671
40 2 -11.1191
40 3 -11.3241
40 4 -11.5959
40 5 -11.9103
40 6 -12.2347
40 7 -12.5716
40 8 -12.8866
40 9 -13.2075
40 10 -13.5192
40 11 -13.8209
40 12 -14.1068
40 13 -14.3924
40 14 -14.6772
40 15 -14.9468
40 16 -15.2124
40 17 -15.4718
40 18 -15.721
40 19 -15.9521
40 20 -16.194
40 21 -16.4079
40 22 -16.6281
40 23 -16.8363
40 24 -17.042
40 25 -17.2338
40 26 -17.4187
40 27 -17.6084
40 28 -17.778
40 29 -17.9537
40 30 -18.1197
40 31 -18.2728
40 32 -18.4266
40 33 -18.5721
40 34 -18.7113
40 35 -18.8429
40 36 -18.9674
40 37 -19.0828
40 38 -19.2028
40 39 -19.3155
40 40 -19.426
