-10 -10 -8.28665
-10 -9 -8.27247
-10 -8 -8.26667
-10 -7 -8.23776
-10 -6 -8.22406
-10 -5 -8.19622
-10 -4 -8.17946
-10 -3 -8.15111
-10 -2 -8.12037
-10 -1 -8.10651
-10 0 -8.09512
-10 1 -8.08235
-10 2 -8.1158
-10 3 -8.26936
-10 4 -8.54732
-10 5 -8.85015
-10 6 -9.1677
-10 7 -9.49515
-10 8 -9.82031
-10 9 -10.1489
-10 10 -10.4447
-10 11 -10.7389
-10 12 -11.0442
-10 13 -11.3194
-10 14 -11.5941
-10 15 -11.8576
-10 16 -12.1303
-10 17 -12.3602
-10 18 -12.6143
-10 19 -12.8455
-10 20 -13.0814
-10 21 -13.3075
-10 22 -13.5302
-10 23 -13.7378
-10 24 -13.952
-10 25 -14.1503
-10 26 -14.356
-10 27 -14.5475
-10 28 -14.7253
-10 29 -14.9235
-10 30 -15.1089
-10 31 -15.278
-10 32 -15.4466
-10 33 -15.6225
-10 34 -15.7825
-10 35 -15.9534
-10 36 -16.1064
-10 37 -16.2505
-10 38 -16.403
-10 39 -16.5379
-10 40 -16.677
-9 -10 -8.273
-9 -9 -8.2527
-9 -8 -8.25204
-9 -7 -8.22929
-9 -6 -8.20282
-9 -5 -8.16425
-9 -4 -8.14104
-9 -3 -8.12841
-9 -2 -8.09947
-9 -1 -8.08787
-9 0 -8.06974
-9 1 -8.03106
-9 2 -8.05545
-9 3 -8.22723
-9 4 -8.48865
-9 5 -8.80294
-9 6 -9.14669
-9 7 -9.45713
-9 8 -9.78033
-9 9 -10.0903
-9 10 -10.4065
-9 11 -10.7137
-9 12 -11.001
-9 13 -11.2855
-9 14 -11.5731
-9 15 -11.8368
-9 16 -12.1122
-9 17 -12.3521
-9 18 -12.606
-9 19 -12.8329
-9 20 -13.0758
-9 21 -13.295
-9 22 -13.5167
-9 23 -13.7446
-9 24 -13.9517
-9 25 -14.1491
-9 26 -14.3446
-9 27 -14.5416
-9 28 -14.7254
-9 29 -14.915
-9 30 -15.0854
-9 31 -15.2646
-9 32 -15.4388
-9 33 -15.607
-9 34 -15.7787
-9 35 -15.9328
-9 36 -16.0938
-9 37 -16.2448
-9 38 -16.3923
-9 39 -16.5396
-9 40 -16.6738
-8 -10 -8.25771
-8 -9 -8.23923
-8 -8 -8.22426
-8 -7 -8.20057
-8 -6 -8.17394
-8 -5 -8.1472
-8 -4 -8.12969
-8 -3 -8.10774
-8 -2 -8.08478
-8 -1 -8.07088
-8 0 -8.03825
-8 1 -7.98885
-8 2 -8.0171
-8 3 -8.18764
-8 4 -8.46717
-8 5 -8.77498
-8 6 -9.0841
-8 7 -9.40487
-8 8 -9.73819
-8 9 -10.0586
-8 10 -10.3792
-8 11 -10.6684
-8 12 -10.9647
-8 13 -11.2457
-8 14 -11.5118
-8 15 -11.789
-8 16 -12.0677
-8 17 -12.315
-8 18 -12.5618
-8 19 -12.8108
-8 20 -13.054
-8 21 -13.2674
-8 22 -13.4864
-8 23 -13.7261
-8 24 -13.9429
-8 25 -14.1377
-8 26 -14.3408
-8 27 -14.5308
-8 28 -14.7333
-8 29 -14.912
-8 30 -15.0899
-8 31 -15.2648
-8 32 -15.4332
-8 33 -15.6062
-8 34 -15.7687
-8 35 -15.9313
-8 36 -16.0882
-8 37 -16.2468
-8 38 -16.3767
-8 39 -16.5167
-8 40 -16.6509
-7 -10 -8.23744
-7 -9 -8.22298
-7 -8 -8.19767
-7 -7 -8.17388
-7 -6 -8.13369
-7 -5 -8.13606
-7 -4 -8.11875
-7 -3 -8.09211
-7 -2 -8.07441
-7 -1 -8.04143
-7 0 -7.99608
-7 1 -7.9485
-7 2 -7.96589
-7 3 -8.14323
-7 4 -8.41374
-7 5 -8.72289
-7 6 -9.05166
-7 7 -9.38123
-7 8 -9.69575
-7 9 -10.0002
-7 10 -10.3166
-7 11 -10.6317
-7 12 -10.9155
-7 13 -11.2148
-7 14 -11.4817
-7 15 -11.7549
-7 16 -12.0115
-7 17 -12.2837
-7 18 -12.5331
-7 19 -12.7603
-7 20 -12.9858
-7 21 -13.2194
-7 22 -13.4515
-7 23 -13.685
-7 24 -13.8821
-7 25 -14.1028
-7 26 -14.3014
-7 27 -14.5106
-7 28 -14.6878
-7 29 -14.8904
-7 30 -15.0658
-7 31 -15.2432
-7 32 -15.4195
-7 33 -15.5809
-7 34 -15.7623
-7 35 -15.908
-7 36 -16.0707
-7 37 -16.2202
-7 38 -16.3647
-7 39 -16.5065
-7 40 -16.64
-6 -10 -8.22865
-6 -9 -8.20597
-6 -8 -8.17542
-6 -7 -8.15288
-6 -6 -8.12869
-6 -5 -8.10539
-6 -4 -8.08845
-6 -3 -8.07664
-6 -2 -8.05065
-6 -1 -7.99653
-6 0 -7.94892
-6 1 -7.92957
-6 2 -7.95005
-6 3 -8.1397
-6 4 -8.39884
-6 5 -8.70484
-6 6 -9.0238
-6 7 -9.35251
-6 8 -9.68656
-6 9 -9.98978
-6 10 -10.2994
-6 11 -10.5905
-6 12 -10.8965
-6 13 -11.1834
-6 14 -11.4434
-6 15 -11.7174
-6 16 -11.9703
-6 17 -12.2287
-6 18 -12.4827
-6 19 -12.7157
-6 20 -12.9504
-6 21 -13.1846
-6 22 -13.3916
-6 23 -13.6314
-6 24 -13.8324
-6 25 -14.0459
-6 26 -14.2541
-6 27 -14.4583
-6 28 -14.6464
-6 29 -14.8337
-6 30 -15.0269
-6 31 -15.1993
-6 32 -15.3852
-6 33 -15.5479
-6 34 -15.7215
-6 35 -15.8874
-6 36 -16.0474
-6 37 -16.1947
-6 38 -16.3324
-6 39 -16.4859
-6 40 -16.6183
-5 -10 -8.20324
-5 -9 -8.18975
-5 -8 -8.14555
-5 -7 -8.1341
-5 -6 -8.11462
-5 -5 -8.09061
-5 -4 -8.06908
-5 -3 -8.04338
-5 -2 -7.99856
-5 -1 -7.97576
-5 0 -7.92581
-5 1 -7.90373
-5 2 -7.95306
-5 3 -8.12671
-5 4 -8.40676
-5 5 -8.71912
-5 6 -9.03143
-5 7 -9.35286
-5 8 -9.68044
-5 9 -9.98841
-5 10 -10.2887
-5 11 -10.598
-5 12 -10.8994
-5 13 -11.1622
-5 14 -11.4368
-5 15 -11.697
-5 16 -11.9417
-5 17 -12.2018
-5 18 -12.4524
-5 19 -12.7007
-5 20 -12.9275
-5 21 -13.1525
-5 22 -13.3711
-5 23 -13.597
-5 24 -13.8107
-5 25 -14.0187
-5 26 -14.2017
-5 27 -14.4093
-5 28 -14.6182
-5 29 -14.7915
-5 30 -14.9834
-5 31 -15.1812
-5 32 -15.3442
-5 33 -15.5218
-5 34 -15.6891
-5 35 -15.8455
-5 36 -16.0191
-5 37 -16.1588
-5 38 -16.3137
-5 39 -16.4495
-5 40 -16.5868
-4 -10 -8.19107
-4 -9 -8.16595
-4 -8 -8.13016
-4 -7 -8.11047
-4 -6 -8.09874
-4 -5 -8.08616
-4 -4 -8.0585
-4 -3 -8.01749
-4 -2 -7.97418
-4 -1 -7.93791
-4 0 -7.90301
-4 1 -7.91352
-4 2 -7.92755
-4 3 -8.09811
-4 4 -8.38303
-4 5 -8.69252
-4 6 -9.00543
-4 7 -9.33575
-4 8 -9.65753
-4 9 -9.98603
-4 10 -10.2754
-4 11 -10.591
-4 12 -10.8617
-4 13 -11.1593
-4 14 -11.4281
-4 15 -11.7029
-4 16 -11.9566
-4 17 -12.2067
-4 18 -12.4536
-4 19 -12.6772
-4 20 -12.9124
-4 21 -13.1469
-4 22 -13.3598
-4 23 -13.5818
-4 24 -13.7809
-4 25 -13.9969
-4 26 -14.1923
-4 27 -14.3851
-4 28 -14.587
-4 29 -14.775
-4 30 -14.9521
-4 31 -15.1344
-4 32 -15.308
-4 33 -15.4717
-4 34 -15.6429
-4 35 -15.8101
-4 36 -15.9593
-4 37 -16.1238
-4 38 -16.2721
-4 39 -16.4108
-4 40 -16.5658
-3 -10 -8.17746
-3 -9 -8.14108
-3 -8 -8.13742
-3 -7 -8.11415
-3 -6 -8.11146
-3 -5 -8.06961
-3 -4 -8.03948
-3 -3 -7.98565
-3 -2 -7.94971
-3 -1 -7.92377
-3 0 -7.9187
-3 1 -7.90613
-3 2 -7.89967
-3 3 -8.0634
-3 4 -8.33509
-3 5 -8.63875
-3 6 -8.96517
-3 7 -9.29131
-3 8 -9.62057
-3 9 -9.95175
-3 10 -10.2596
-3 11 -10.5654
-3 12 -10.8573
-3 13 -11.1545
-3 14 -11.4319
-3 15 -11.6985
-3 16 -11.9537
-3 17 -12.1907
-3 18 -12.4392
-3 19 -12.6801
-3 20 -12.9218
-3 21 -13.1331
-3 22 -13.3567
-3 23 -13.5754
-3 24 -13.7947
-3 25 -14.0032
-3 26 -14.1778
-3 27 -14.3857
-3 28 -14.5651
-3 29 -14.7533
-3 30 -14.9464
-3 31 -15.1233
-3 32 -15.2943
-3 33 -15.4864
-3 34 -15.6284
-3 35 -15.7975
-3 36 -15.9452
-3 37 -16.1041
-3 38 -16.2446
-3 39 -16.3918
-3 40 -16.5185
-2 -10 -8.16907
-2 -9 -8.15032
-2 -8 -8.13662
-2 -7 -8.13462
-2 -6 -8.08461
-2 -5 -8.05227
-2 -4 -8.01475
-2 -3 -7.97448
-2 -2 -7.94014
-2 -1 -7.92156
-2 0 -7.9073
-2 1 -7.86294
-2 2 -7.84481
-2 3 -8.00882
-2 4 -8.2998
-2 5 -8.58024
-2 6 -8.92715
-2 7 -9.24264
-2 8 -9.58718
-2 9 -9.91429
-2 10 -10.216
-2 11 -10.5234
-2 12 -10.8373
-2 13 -11.1231
-2 14 -11.4004
-2 15 -11.678
-2 16 -11.9284
-2 17 -12.1974
-2 18 -12.4565
-2 19 -12.6842
-2 20 -12.9156
-2 21 -13.1449
-2 22 -13.3736
-2 23 -13.5798
-2 24 -13.795
-2 25 -13.9871
-2 26 -14.1919
-2 27 -14.3875
-2 28 -14.5799
-2 29 -14.7663
-2 30 -14.9419
-2 31 -15.14
-2 32 -15.2951
-2 33 -15.4673
-2 34 -15.63
-2 35 -15.7854
-2 36 -15.9542
-2 37 -16.0846
-2 38 -16.2497
-2 39 -16.387
-2 40 -16.5341
-1 -10 -8.16581
-1 -9 -8.16308
-1 -8 -8.14872
-1 -7 -8.1255
-1 -6 -8.08242
-1 -5 -8.03742
-1 -4 -7.99882
-1 -3 -7.96956
-1 -2 -7.95749
-1 -1 -7.9287
-1 0 -7.88606
-1 1 -7.81506
-1 2 -7.83651
-1 3 -8.01566
-1 4 -8.27201
-1 5 -8.58762
-1 6 -8.90138
-1 7 -9.23296
-1 8 -9.54879
-1 9 -9.87764
-1 10 -10.1897
-1 11 -10.4992
-1 12 -10.7986
-1 13 -11.072
-1 14 -11.3785
-1 15 -11.6545
-1 16 -11.9315
-1 17 -12.1819
-1 18 -12.4422
-1 19 -12.6827
-1 20 -12.9331
-1 21 -13.1509
-1 22 -13.3949
-1 23 -13.6011
-1 24 -13.814
-1 25 -14.0074
-1 26 -14.2157
-1 27 -14.4066
-1 28 -14.5901
-1 29 -14.769
-1 30 -14.9667
-1 31 -15.1377
-1 32 -15.3048
-1 33 -15.4694
-1 34 -15.6434
-1 35 -15.8071
-1 36 -15.9541
-1 37 -16.1094
-1 38 -16.2563
-1 39 -16.3928
-1 40 -16.5345
0 -10 -8.18341
0 -9 -8.16293
0 -8 -8.15269
0 -7 -8.13257
0 -6 -8.06874
0 -5 -8.05219
0 -4 -8.00301
0 -3 -7.99764
0 -2 -7.9717
0 -1 -7.92702
0 0 -7.8907
0 1 -7.80729
0 2 -7.83137
0 3 -8.03879
0 4 -8.27526
0 5 -8.5947
0 6 -8.93895
0 7 -9.23139
0 8 -9.56803
0 9 -9.89287
0 10 -10.1933
0 11 -10.4905
0 12 -10.8034
0 13 -11.0836
0 14 -11.3701
0 15 -11.6424
0 16 -11.9089
0 17 -12.1774
0 18 -12.4316
0 19 -12.6821
0 20 -12.9173
0 21 -13.1611
0 22 -13.395
0 23 -13.6177
0 24 -13.8292
0 25 -14.0417
0 26 -14.2355
0 27 -14.4435
0 28 -14.622
0 29 -14.8166
0 30 -14.9956
0 31 -15.1643
0 32 -15.3531
0 33 -15.5068
0 34 -15.6711
0 35 -15.8303
0 36 -15.9898
0 37 -16.1473
0 38 -16.2877
0 39 -16.4258
0 40 -16.5598
1 -10 -8.21356
1 -9 -8.19713
1 -8 -8.16396
1 -7 -8.14436
1 -6 -8.09105
1 -5 -8.04058
1 -4 -8.05169
1 -3 -8.04062
1 -2 -8.02588
1 -1 -7.98597
1 0 -7.89139
1 1 -7.82852
1 2 -7.87204
1 3 -8.04663
1 4 -8.30598
1 5 -8.64897
1 6 -8.96107
1 7 -9.27506
1 8 -9.59256
1 9 -9.92206
1 10 -10.2312
1 11 -10.5225
1 12 -10.8128
1 13 -11.1049
1 14 -11.3954
1 15 -11.6863
1 16 -11.9259
1 17 -12.1899
1 18 -12.4641
1 19 -12.7062
1 20 -12.9463
1 21 -13.1935
1 22 -13.4285
1 23 -13.646
1 24 -13.8696
1 25 -14.0691
1 26 -14.2821
1 27 -14.4683
1 28 -14.6648
1 29 -14.861
1 30 -15.0215
1 31 -15.2069
1 32 -15.3865
1 33 -15.5522
1 34 -15.7177
1 35 -15.8831
1 36 -16.0296
1 37 -16.1747
1 38 -16.3279
1 39 -16.4583
1 40 -16.6099
2 -10 -8.26481
2 -9 -8.25585
2 -8 -8.23091
2 -7 -8.19558
2 -6 -8.12815
2 -5 -8.11296
2 -4 -8.09437
2 -3 -8.08157
2 -2 -8.06468
2 -1 -8.01795
2 0 -7.94219
2 1 -7.89358
2 2 -7.92462
2 3 -8.11144
2 4 -8.35214
2 5 -8.66946
2 6 -8.99322
2 7 -9.32616
2 8 -9.63949
2 9 -9.94817
2 10 -10.2625
2 11 -10.5639
2 12 -10.8736
2 13 -11.1542
2 14 -11.4464
2 15 -11.6992
2 16 -11.9724
2 17 -12.2345
2 18 -12.4867
2 19 -12.7514
2 20 -13.0058
2 21 -13.2239
2 22 -13.4609
2 23 -13.6683
2 24 -13.9261
2 25 -14.1193
2 26 -14.3248
2 27 -14.5237
2 28 -14.7229
2 29 -14.9042
2 30 -15.0881
2 31 -15.2552
2 32 -15.431
2 33 -15.5975
2 34 -15.7671
2 35 -15.9269
2 36 -16.0755
2 37 -16.2278
2 38 -16.3944
2 39 -16.5199
2 40 -16.6577
3 -10 -8.32292
3 -9 -8.30082
3 -8 -8.27782
3 -7 -8.24673
3 -6 -8.20719
3 -5 -8.18392
3 -4 -8.14615
3 -3 -8.12578
3 -2 -8.10515
3 -1 -8.0658
3 0 -8.00428
3 1 -7.94749
3 2 -7.97579
3 3 -8.1444
3 4 -8.40623
3 5 -8.72202
3 6 -9.04143
3 7 -9.36893
3 8 -9.68365
3 9 -10.0183
3 10 -10.3367
3 11 -10.6153
3 12 -10.9172
3 13 -11.1994
3 14 -11.4794
3 15 -11.753
3 16 -12.0218
3 17 -12.3113
3 18 -12.5585
3 19 -12.8066
3 20 -13.0579
3 21 -13.2917
3 22 -13.5281
3 23 -13.7394
3 24 -13.9713
3 25 -14.1716
3 26 -14.3833
3 27 -14.5712
3 28 -14.773
3 29 -14.9498
3 30 -15.1333
3 31 -15.3108
3 32 -15.4753
3 33 -15.6625
3 34 -15.8279
3 35 -15.9801
3 36 -16.1256
3 37 -16.2801
3 38 -16.4235
3 39 -16.5704
3 40 -16.7149
4 -10 -8.36692
4 -9 -8.33302
4 -8 -8.31444
4 -7 -8.29312
4 -6 -8.25301
4 -5 -8.22632
4 -4 -8.20555
4 -3 -8.16774
4 -2 -8.1218
4 -1 -8.0812
4 0 -8.0529
4 1 -8.00199
4 2 -8.03316
4 3 -8.20322
4 4 -8.473
4 5 -8.78524
4 6 -9.11766
4 7 -9.43146
4 8 -9.76026
4 9 -10.0838
4 10 -10.3974
4 11 -10.6815
4 12 -11.0025
4 13 -11.2758
4 14 -11.5775
4 15 -11.8447
4 16 -12.1176
4 17 -12.3835
4 18 -12.6322
4 19 -12.8803
4 20 -13.1133
4 21 -13.3357
4 22 -13.5545
4 23 -13.7797
4 24 -14.0065
4 25 -14.2174
4 26 -14.4071
4 27 -14.6128
4 28 -14.8214
4 29 -14.9983
4 30 -15.1822
4 31 -15.3539
4 32 -15.532
4 33 -15.6953
4 34 -15.8557
4 35 -16.0133
4 36 -16.1803
4 37 -16.3243
4 38 -16.4682
4 39 -16.6215
4 40 -16.7633
5 -10 -8.40582
5 -9 -8.37651
5 -8 -8.3443
5 -7 -8.32927
5 -6 -8.30022
5 -5 -8.27705
5 -4 -8.25056
5 -3 -8.20447
5 -2 -8.14848
5 -1 -8.09844
5 0 -8.09794
5 1 -8.06679
5 2 -8.09611
5 3 -8.25752
5 4 -8.52354
5 5 -8.84603
5 6 -9.18533
5 7 -9.50691
5 8 -9.83014
5 9 -10.1422
5 10 -10.4714
5 11 -10.7761
5 12 -11.0626
5 13 -11.3593
5 14 -11.6384
5 15 -11.9155
5 16 -12.1735
5 17 -12.4363
5 18 -12.6743
5 19 -12.9164
5 20 -13.151
5 21 -13.3731
5 22 -13.6038
5 23 -13.8295
5 24 -14.0382
5 25 -14.2466
5 26 -14.4391
5 27 -14.6433
5 28 -14.8398
5 29 -15.0259
5 30 -15.2184
5 31 -15.4074
5 32 -15.5714
5 33 -15.7388
5 34 -15.904
5 35 -16.0736
5 36 -16.2231
5 37 -16.3764
5 38 -16.523
5 39 -16.6755
5 40 -16.8024
6 -10 -8.44564
6 -9 -8.41646
6 -8 -8.37479
6 -7 -8.36108
6 -6 -8.35802
6 -5 -8.33182
6 -4 -8.30258
6 -3 -8.27324
6 -2 -8.19528
6 -1 -8.16038
6 0 -8.12551
6 1 -8.11535
6 2 -8.14202
6 3 -8.32844
6 4 -8.59482
6 5 -8.9058
6 6 -9.2381
6 7 -9.56028
6 8 -9.88706
6 9 -10.2106
6 10 -10.5169
6 11 -10.8208
6 12 -11.116
6 13 -11.4012
6 14 -11.6904
6 15 -11.9492
6 16 -12.218
6 17 -12.4604
6 18 -12.6965
6 19 -12.9489
6 20 -13.1796
6 21 -13.4082
6 22 -13.6333
6 23 -13.8581
6 24 -14.0687
6 25 -14.2775
6 26 -14.4888
6 27 -14.6903
6 28 -14.8747
6 29 -15.076
6 30 -15.2578
6 31 -15.4466
6 32 -15.602
6 33 -15.7826
6 34 -15.9599
6 35 -16.1233
6 36 -16.2875
6 37 -16.4387
6 38 -16.5845
6 39 -16.7193
6 40 -16.8655
7 -10 -8.50481
7 -9 -8.48828
7 -8 -8.4384
7 -7 -8.40635
7 -6 -8.38872
7 -5 -8.37263
7 -4 -8.3627
7 -3 -8.31663
7 -2 -8.272
7 -1 -8.20764
7 0 -8.17241
7 1 -8.15627
7 2 -8.18098
7 3 -8.37839
7 4 -8.63527
7 5 -8.93396
7 6 -9.27286
7 7 -9.60374
7 8 -9.92323
7 9 -10.251
7 10 -10.5512
7 11 -10.8681
7 12 -11.1629
7 13 -11.4441
7 14 -11.7009
7 15 -11.9794
7 16 -12.2364
7 17 -12.5023
7 18 -12.7498
7 19 -12.9688
7 20 -13.2246
7 21 -13.4396
7 22 -13.6697
7 23 -13.8917
7 24 -14.1095
7 25 -14.3208
7 26 -14.5339
7 27 -14.7306
7 28 -14.9266
7 29 -15.1204
7 30 -15.3121
7 31 -15.4852
7 32 -15.6682
7 33 -15.8344
7 34 -16.009
7 35 -16.1822
7 36 -16.341
7 37 -16.4841
7 38 -16.6384
7 39 -16.7819
7 40 -16.9139
8 -10 -8.55798
8 -9 -8.52705
8 -8 -8.50365
8 -7 -8.46163
8 -6 -8.44139
8 -5 -8.4214
8 -4 -8.40165
8 -3 -8.36619
8 -2 -8.31797
8 -1 -8.25499
8 0 -8.22323
8 1 -8.20229
8 2 -8.22905
8 3 -8.40473
8 4 -8.66884
8 5 -8.96412
8 6 -9.29486
8 7 -9.63826
8 8 -9.95588
8 9 -10.2838
8 10 -10.587
8 11 -10.8982
8 12 -11.188
8 13 -11.4692
8 14 -11.7427
8 15 -12.0132
8 16 -12.2794
8 17 -12.535
8 18 -12.7816
8 19 -13.0176
8 20 -13.2616
8 21 -13.494
8 22 -13.71
8 23 -13.9354
8 24 -14.1576
8 25 -14.3661
8 26 -14.5753
8 27 -14.7812
8 28 -14.9781
8 29 -15.1738
8 30 -15.3698
8 31 -15.5568
8 32 -15.7298
8 33 -15.9098
8 34 -16.076
8 35 -16.249
8 36 -16.4031
8 37 -16.551
8 38 -16.7005
8 39 -16.8347
8 40 -16.9771
9 -10 -8.60337
9 -9 -8.57539
9 -8 -8.53746
9 -7 -8.4947
9 -6 -8.47524
9 -5 -8.44979
9 -4 -8.43141
9 -3 -8.39334
9 -2 -8.3567
9 -1 -8.30857
9 0 -8.28097
9 1 -8.24043
9 2 -8.26274
9 3 -8.43377
9 4 -8.70105
9 5 -9.02027
9 6 -9.34387
9 7 -9.64566
9 8 -9.99535
9 9 -10.3371
9 10 -10.6328
9 11 -10.9482
9 12 -11.2301
9 13 -11.5254
9 14 -11.7815
9 15 -12.0601
9 16 -12.3382
9 17 -12.5808
9 18 -12.8392
9 19 -13.0717
9 20 -13.3162
9 21 -13.5463
9 22 -13.7613
9 23 -13.997
9 24 -14.2141
9 25 -14.4206
9 26 -14.6318
9 27 -14.8427
9 28 -15.0414
9 29 -15.2311
9 30 -15.4176
9 31 -15.6097
9 32 -15.7946
9 33 -15.9542
9 34 -16.1317
9 35 -16.2813
9 36 -16.445
9 37 -16.595
9 38 -16.7374
9 39 -16.8882
9 40 -17.0288
10 -10 -8.63012
10 -9 -8.59984
10 -8 -8.56966
10 -7 -8.52721
10 -6 -8.50322
10 -5 -8.48209
10 -4 -8.4599
10 -3 -8.41559
10 -2 -8.38346
10 -1 -8.34399
10 0 -8.30897
10 1 -8.29513
10 2 -8.30294
10 3 -8.48079
10 4 -8.73299
10 5 -9.05267
10 6 -9.39142
10 7 -9.72662
10 8 -10.0649
10 9 -10.3794
10 10 -10.68
10 11 -10.9868
10 12 -11.2893
10 13 -11.5714
10 14 -11.8458
10 15 -12.1262
10 16 -12.3747
10 17 -12.6226
10 18 -12.8896
10 19 -13.126
10 20 -13.359
10 21 -13.5919
10 22 -13.8133
10 23 -14.0384
10 24 -14.263
10 25 -14.4722
10 26 -14.6796
10 27 -14.8793
10 28 -15.0781
10 29 -15.2754
10 30 -15.45
10 31 -15.6409
10 32 -15.8109
10 33 -15.9957
10 34 -16.1534
10 35 -16.3202
10 36 -16.4666
10 37 -16.6243
10 38 -16.7749
10 39 -16.9194
10 40 -17.0526
11 -10 -8.65883
11 -9 -8.62357
11 -8 -8.60198
11 -7 -8.56662
11 -6 -8.55373
11 -5 -8.51774
11 -4 -8.50577
11 -3 -8.4511
11 -2 -8.41248
11 -1 -8.38432
11 0 -8.35617
11 1 -8.33224
11 2 -8.36242
11 3 -8.5219
11 4 -8.79951
11 5 -9.10577
11 6 -9.44025
11 7 -9.77276
11 8 -10.0993
11 9 -10.4261
11 10 -10.7347
11 11 -11.0431
11 12 -11.3312
11 13 -11.609
11 14 -11.8889
11 15 -12.1483
11 16 -12.4315
11 17 -12.6809
11 18 -12.9254
11 19 -13.1621
11 20 -13.3986
11 21 -13.6342
11 22 -13.8571
11 23 -14.0645
11 24 -14.2878
11 25 -14.4969
11 26 -14.7075
11 27 -14.9046
11 28 -15.1074
11 29 -15.3009
11 30 -15.4932
11 31 -15.6691
11 32 -15.8439
11 33 -16.0188
11 34 -16.1737
11 35 -16.3481
11 36 -16.5032
11 37 -16.6563
11 38 -16.7984
11 39 -16.9459
11 40 -17.0849
12 -10 -8.6874
12 -9 -8.64512
12 -8 -8.63031
12 -7 -8.59107
12 -6 -8.58762
12 -5 -8.55951
12 -4 -8.54676
12 -3 -8.48579
12 -2 -8.43495
12 -1 -8.4005
12 0 -8.38241
12 1 -8.37102
12 2 -8.40994
12 3 -8.56445
12 4 -8.83975
12 5 -9.14821
12 6 -9.4803
12 7 -9.80226
12 8 -10.1506
12 9 -10.4686
12 10 -10.7759
12 11 -11.0618
12 12 -11.3656
12 13 -11.6429
12 14 -11.9176
12 15 -12.1995
12 16 -12.4515
12 17 -12.7066
12 18 -12.9501
12 19 -13.1921
12 20 -13.4247
12 21 -13.6542
12 22 -13.8868
12 23 -14.0996
12 24 -14.3196
12 25 -14.5265
12 26 -14.725
12 27 -14.938
12 28 -15.1353
12 29 -15.3231
12 30 -15.5038
12 31 -15.6859
12 32 -15.8769
12 33 -16.041
12 34 -16.2118
12 35 -16.3693
12 36 -16.5323
12 37 -16.6871
12 38 -16.8384
12 39 -16.9712
12 40 -17.115
13 -10 -8.72156
13 -9 -8.68762
13 -8 -8.66809
13 -7 -8.6351
13 -6 -8.62501
13 -5 -8.60711
13 -4 -8.57278
13 -3 -8.53292
13 -2 -8.4812
13 -1 -8.43892
13 0 -8.41077
13 1 -8.39008
13 2 -8.42328
13 3 -8.60181
13 4 -8.87181
13 5 -9.16529
13 6 -9.51124
13 7 -9.82911
13 8 -10.1662
13 9 -10.4904
13 10 -10.791
13 11 -11.097
13 12 -11.4012
13 13 -11.6571
13 14 -11.9555
13 15 -12.2303
13 16 -12.4965
13 17 -12.7353
13 18 -12.9723
13 19 -13.2269
13 20 -13.4606
13 21 -13.6877
13 22 -13.9037
13 23 -14.118
13 24 -14.3383
13 25 -14.5583
13 26 -14.755
13 27 -14.9597
13 28 -15.1582
13 29 -15.355
13 30 -15.5356
13 31 -15.7201
13 32 -15.9077
13 33 -16.0757
13 34 -16.251
13 35 -16.4118
13 36 -16.569
13 37 -16.7225
13 38 -16.8639
13 39 -17.0068
13 40 -17.1505
14 -10 -8.767
14 -9 -8.72336
14 -8 -8.68706
14 -7 -8.67252
14 -6 -8.64724
14 -5 -8.64136
14 -4 -8.61413
14 -3 -8.56833
14 -2 -8.5113
14 -1 -8.4692
14 0 -8.44156
14 1 -8.40773
14 2 -8.45293
14 3 -8.62785
14 4 -8.87827
14 5 -9.19913
14 6 -9.54163
14 7 -9.86419
14 8 -10.192
14 9 -10.5095
14 10 -10.8221
14 11 -11.128
14 12 -11.4104
14 13 -11.7073
14 14 -11.981
14 15 -12.2662
14 16 -12.5076
14 17 -12.767
14 18 -13.0095
14 19 -13.2488
14 20 -13.489
14 21 -13.719
14 22 -13.9378
14 23 -14.1668
14 24 -14.3647
14 25 -14.5833
14 26 -14.7893
14 27 -14.98
14 28 -15.1937
14 29 -15.3874
14 30 -15.5603
14 31 -15.7532
14 32 -15.9343
14 33 -16.1026
14 34 -16.2773
14 35 -16.4435
14 36 -16.6091
14 37 -16.7536
14 38 -16.9071
14 39 -17.0495
14 40 -17.1898
15 -10 -8.7924
15 -9 -8.75016
15 -8 -8.71856
15 -7 -8.69403
15 -6 -8.68394
15 -5 -8.6569
15 -4 -8.62728
15 -3 -8.60067
15 -2 -8.5351
15 -1 -8.50111
15 0 -8.46831
15 1 -8.44214
15 2 -8.47762
15 3 -8.63317
15 4 -8.91646
15 5 -9.21376
15 6 -9.55102
15 7 -9.89331
15 8 -10.2184
15 9 -10.5265
15 10 -10.8457
15 11 -11.1526
15 12 -11.4428
15 13 -11.7229
15 14 -12.0047
15 15 -12.2665
15 16 -12.5387
15 17 -12.7867
15 18 -13.037
15 19 -13.2786
15 20 -13.5168
15 21 -13.7353
15 22 -13.9751
15 23 -14.1966
15 24 -14.4016
15 25 -14.6184
15 26 -14.8265
15 27 -15.0298
15 28 -15.2177
15 29 -15.4114
15 30 -15.6058
15 31 -15.7854
15 32 -15.9663
15 33 -16.1409
15 34 -16.3227
15 35 -16.4753
15 36 -16.6433
15 37 -16.7912
15 38 -16.9411
15 39 -17.0886
15 40 -17.2278
16 -10 -8.81444
16 -9 -8.78759
16 -8 -8.75487
16 -7 -8.72488
16 -6 -8.70264
16 -5 -8.68133
16 -4 -8.65842
16 -3 -8.6199
16 -2 -8.56018
16 -1 -8.53708
16 0 -8.5117
16 1 -8.47695
16 2 -8.49555
16 3 -8.66052
16 4 -8.93266
16 5 -9.2457
16 6 -9.57591
16 7 -9.90923
16 8 -10.2363
16 9 -10.5783
16 10 -10.8729
16 11 -11.1974
16 12 -11.4866
16 13 -11.7582
16 14 -12.0392
16 15 -12.3101
16 16 -12.5663
16 17 -12.8391
16 18 -13.0721
16 19 -13.3185
16 20 -13.5505
16 21 -13.7849
16 22 -14.0067
16 23 -14.2278
16 24 -14.438
16 25 -14.641
16 26 -14.8536
16 27 -15.0644
16 28 -15.2552
16 29 -15.4519
16 30 -15.6483
16 31 -15.8356
16 32 -15.9969
16 33 -16.1785
16 34 -16.3469
16 35 -16.512
16 36 -16.6747
16 37 -16.8319
16 38 -16.9751
16 39 -17.1144
16 40 -17.2528
17 -10 -8.83943
17 -9 -8.80396
17 -8 -8.78352
17 -7 -8.75201
17 -6 -8.73078
17 -5 -8.70791
17 -4 -8.67897
17 -3 -8.63312
17 -2 -8.58639
17 -1 -8.55684
17 0 -8.5296
17 1 -8.51936
17 2 -8.51315
17 3 -8.6933
17 4 -8.95061
17 5 -9.27229
17 6 -9.58635
17 7 -9.93802
17 8 -10.2732
17 9 -10.5957
17 10 -10.906
17 11 -11.2142
17 12 -11.5238
17 13 -11.8042
17 14 -12.0755
17 15 -12.3509
17 16 -12.6046
17 17 -12.8701
17 18 -13.1059
17 19 -13.3516
17 20 -13.5855
17 21 -13.8129
17 22 -14.0457
17 23 -14.2439
17 24 -14.4638
17 25 -14.6823
17 26 -14.8961
17 27 -15.0856
17 28 -15.294
17 29 -15.4783
17 30 -15.66
17 31 -15.8588
17 32 -16.0316
17 33 -16.194
17 34 -16.3731
17 35 -16.5344
17 36 -16.6942
17 37 -16.8479
17 38 -16.9931
17 39 -17.1459
17 40 -17.2791
18 -10 -8.86249
18 -9 -8.83205
18 -8 -8.79909
18 -7 -8.77696
18 -6 -8.76024
18 -5 -8.73204
18 -4 -8.70219
18 -3 -8.65139
18 -2 -8.60623
18 -1 -8.58573
18 0 -8.55379
18 1 -8.5357
18 2 -8.55557
18 3 -8.72269
18 4 -8.98352
18 5 -9.29892
18 6 -9.62131
18 7 -9.96989
18 8 -10.2906
18 9 -10.6275
18 10 -10.9494
18 11 -11.245
18 12 -11.5421
18 13 -11.8293
18 14 -12.1073
18 15 -12.3765
18 16 -12.6382
18 17 -12.8855
18 18 -13.1316
18 19 -13.3827
18 20 -13.6079
18 21 -13.8371
18 22 -14.066
18 23 -14.2856
18 24 -14.4896
18 25 -14.7071
18 26 -14.91
18 27 -15.1153
18 28 -15.3066
18 29 -15.5012
18 30 -15.6854
18 31 -15.8719
18 32 -16.0552
18 33 -16.2231
18 34 -16.3928
18 35 -16.558
18 36 -16.705
18 37 -16.8634
18 38 -17.0164
18 39 -17.1592
18 40 -17.2944
19 -10 -8.87759
19 -9 -8.85604
19 -8 -8.82335
19 -7 -8.80553
19 -6 -8.78264
19 -5 -8.77058
19 -4 -8.7296
19 -3 -8.68276
19 -2 -8.63409
19 -1 -8.61484
19 0 -8.5809
19 1 -8.56894
19 2 -8.57894
19 3 -8.75692
19 4 -9.00885
19 5 -9.3314
19 6 -9.64963
19 7 -9.98895
19 8 -10.327
19 9 -10.669
19 10 -10.9702
19 11 -11.2774
19 12 -11.5686
19 13 -11.8612
19 14 -12.1279
19 15 -12.3914
19 16 -12.6556
19 17 -12.9078
19 18 -13.1572
19 19 -13.4036
19 20 -13.6339
19 21 -13.8614
19 22 -14.0793
19 23 -14.3016
19 24 -14.5156
19 25 -14.7185
19 26 -14.928
19 27 -15.1297
19 28 -15.329
19 29 -15.5173
19 30 -15.7105
19 31 -15.8932
19 32 -16.0722
19 33 -16.2472
19 34 -16.4065
19 35 -16.5696
19 36 -16.7273
19 37 -16.8738
19 38 -17.0316
19 39 -17.1743
19 40 -17.3229
20 -10 -8.90164
20 -9 -8.87476
20 -8 -8.85926
20 -7 -8.82146
20 -6 -8.8016
20 -5 -8.79008
20 -4 -8.76479
20 -3 -8.70361
20 -2 -8.65783
20 -1 -8.62732
20 0 -8.60525
20 1 -8.58425
20 2 -8.60314
20 3 -8.77977
20 4 -9.0418
20 5 -9.35614
20 6 -9.67808
20 7 -10.0234
20 8 -10.3407
20 9 -10.6769
20 10 -10.9927
20 11 -11.2812
20 12 -11.5918
20 13 -11.8643
20 14 -12.1467
20 15 -12.4237
20 16 -12.6701
20 17 -12.9341
20 18 -13.1789
20 19 -13.4173
20 20 -13.6541
20 21 -13.881
20 22 -14.1012
20 23 -14.3211
20 24 -14.5409
20 25 -14.7451
20 26 -14.9506
20 27 -15.1546
20 28 -15.3473
20 29 -15.5379
20 30 -15.7251
20 31 -15.9043
20 32 -16.0894
20 33 -16.2654
20 34 -16.4304
20 35 -16.5945
20 36 -16.7507
20 37 -16.9127
20 38 -17.0513
20 39 -17.1947
20 40 -17.3422
21 -10 -8.9337
21 -9 -8.90131
21 -8 -8.87674
21 -7 -8.85102
21 -6 -8.83995
21 -5 -8.81217
21 -4 -8.78497
21 -3 -8.73986
21 -2 -8.68006
21 -1 -8.64694
21 0 -8.62362
21 1 -8.60288
21 2 -8.63008
21 3 -8.7955
21 4 -9.07106
21 5 -9.36535
21 6 -9.69843
21 7 -10.0387
21 8 -10.373
21 9 -10.6758
21 10 -10.9934
21 11 -11.308
21 12 -11.5964
21 13 -11.8905
21 14 -12.1577
21 15 -12.4408
21 16 -12.7011
21 17 -12.9526
21 18 -13.1985
21 19 -13.4315
21 20 -13.6726
21 21 -13.8949
21 22 -14.133
21 23 -14.3509
21 24 -14.5612
21 25 -14.7755
21 26 -14.9748
21 27 -15.1681
21 28 -15.378
21 29 -15.5592
21 30 -15.7494
21 31 -15.9278
21 32 -16.1092
21 33 -16.2816
21 34 -16.4519
21 35 -16.617
21 36 -16.7835
21 37 -16.9291
21 38 -17.0777
21 39 -17.2232
21 40 -17.3596
22 -10 -8.95861
22 -9 -8.92799
22 -8 -8.89285
22 -7 -8.87588
22 -6 -8.85472
22 -5 -8.83432
22 -4 -8.80434
22 -3 -8.75185
22 -2 -8.71434
22 -1 -8.68312
22 0 -8.64964
22 1 -8.63269
22 2 -8.63482
22 3 -8.80815
22 4 -9.07554
22 5 -9.39238
22 6 -9.72551
22 7 -10.055
22 8 -10.3922
22 9 -10.7002
22 10 -11.024
22 11 -11.3286
22 12 -11.6234
22 13 -11.9156
22 14 -12.2026
22 15 -12.4657
22 16 -12.7221
22 17 -12.9711
22 18 -13.2239
22 19 -13.4674
22 20 -13.6901
22 21 -13.9201
22 22 -14.1653
22 23 -14.3725
22 24 -14.5888
22 25 -14.7885
22 26 -15.0036
22 27 -15.2145
22 28 -15.4004
22 29 -15.5981
22 30 -15.7781
22 31 -15.9674
22 32 -16.1378
22 33 -16.3151
22 34 -16.4808
22 35 -16.6451
22 36 -16.8059
22 37 -16.9626
22 38 -17.105
22 39 -17.25
22 40 -17.3996
23 -10 -8.97693
23 -9 -8.94508
23 -8 -8.909
23 -7 -8.88748
23 -6 -8.86444
23 -5 -8.85214
23 -4 -8.82105
23 -3 -8.78163
23 -2 -8.7312
23 -1 -8.69514
23 0 -8.67483
23 1 -8.6404
23 2 -8.64823
23 3 -8.83589
23 4 -9.09908
23 5 -9.41917
23 6 -9.73034
23 7 -10.0746
23 8 -10.4018
23 9 -10.735
23 10 -11.0485
23 11 -11.3518
23 12 -11.6452
23 13 -11.9267
23 14 -12.2121
23 15 -12.4812
23 16 -12.7497
23 17 -13.0003
23 18 -13.2463
23 19 -13.5002
23 20 -13.7242
23 21 -13.9588
23 22 -14.1794
23 23 -14.4011
23 24 -14.6148
23 25 -14.8266
23 26 -15.0301
23 27 -15.2313
23 28 -15.4277
23 29 -15.6213
23 30 -15.8095
23 31 -15.9849
23 32 -16.1734
23 33 -16.3411
23 34 -16.5034
23 35 -16.6707
23 36 -16.8274
23 37 -16.9882
23 38 -17.133
23 39 -17.2802
23 40 -17.4147
24 -10 -8.9872
24 -9 -8.96267
24 -8 -8.92557
24 -7 -8.90565
24 -6 -8.88653
24 -5 -8.8588
24 -4 -8.83731
24 -3 -8.803
24 -2 -8.75124
24 -1 -8.73283
24 0 -8.70368
24 1 -8.66267
24 2 -8.6752
24 3 -8.86543
24 4 -9.13641
24 5 -9.42496
24 6 -9.76902
24 7 -10.1122
24 8 -10.4308
24 9 -10.7553
24 10 -11.0676
24 11 -11.3755
24 12 -11.6744
24 13 -11.9583
24 14 -12.2371
24 15 -12.5021
24 16 -12.769
24 17 -13.0131
24 18 -13.2687
24 19 -13.5147
24 20 -13.7512
24 21 -13.9768
24 22 -14.1994
24 23 -14.4165
24 24 -14.6287
24 25 -14.8439
24 26 -15.0519
24 27 -15.2514
24 28 -15.4436
24 29 -15.644
24 30 -15.8258
24 31 -16.0065
24 32 -16.1804
24 33 -16.3627
24 34 -16.5245
24 35 -16.6887
24 36 -16.85
24 37 -16.9975
24 38 -17.1483
24 39 -17.2982
24 40 -17.4323
25 -10 -9.00738
25 -9 -8.97793
25 -8 -8.95974
25 -7 -8.92957
25 -6 -8.91887
25 -5 -8.88445
25 -4 -8.85912
25 -3 -8.81688
25 -2 -8.77
25 -1 -8.74547
25 0 -8.72114
25 1 -8.68172
25 2 -8.71333
25 3 -8.87395
25 4 -9.14698
25 5 -9.46347
25 6 -9.79177
25 7 -10.1231
25 8 -10.4383
25 9 -10.7635
25 10 -11.0834
25 11 -11.3931
25 12 -11.6859
25 13 -11.9761
25 14 -12.2615
25 15 -12.5317
25 16 -12.7827
25 17 -13.053
25 18 -13.2918
25 19 -13.5281
25 20 -13.7752
25 21 -13.9979
25 22 -14.2238
25 23 -14.4408
25 24 -14.656
25 25 -14.8648
25 26 -15.0608
25 27 -15.2657
25 28 -15.462
25 29 -15.6562
25 30 -15.8474
25 31 -16.0266
25 32 -16.2062
25 33 -16.3813
25 34 -16.5454
25 35 -16.7059
25 36 -16.8654
25 37 -17.0202
25 38 -17.1627
25 39 -17.3129
25 40 -17.4446
26 -10 -9.0343
26 -9 -8.99805
26 -8 -8.97435
26 -7 -8.95362
26 -6 -8.93026
26 -5 -8.90463
26 -4 -8.87641
26 -3 -8.84231
26 -2 -8.79512
26 -1 -8.76658
26 0 -8.74233
26 1 -8.70132
26 2 -8.71835
26 3 -8.88615
26 4 -9.1651
26 5 -9.47034
26 6 -9.80748
26 7 -10.1298
26 8 -10.4646
26 9 -10.7856
26 10 -11.1024
26 11 -11.406
26 12 -11.7081
26 13 -12.0039
26 14 -12.271
26 15 -12.5436
26 16 -12.8113
26 17 -13.0598
26 18 -13.3091
26 19 -13.5574
26 20 -13.7825
26 21 -14.0072
26 22 -14.2473
26 23 -14.4524
26 24 -14.6698
26 25 -14.8798
26 26 -15.0876
26 27 -15.2765
26 28 -15.484
26 29 -15.6761
26 30 -15.8469
26 31 -16.0454
26 32 -16.2212
26 33 -16.391
26 34 -16.5577
26 35 -16.7179
26 36 -16.8831
26 37 -17.0289
26 38 -17.1818
26 39 -17.3285
26 40 -17.4672
27 -10 -9.04728
27 -9 -9.02414
27 -8 -8.99646
27 -7 -8.96378
27 -6 -8.95908
27 -5 -8.92989
27 -4 -8.89446
27 -3 -8.85364
27 -2 -8.81518
27 -1 -8.76871
27 0 -8.75266
27 1 -8.72971
27 2 -8.75041
27 3 -8.92511
27 4 -9.17271
27 5 -9.48813
27 6 -9.81609
27 7 -10.1466
27 8 -10.4732
27 9 -10.8024
27 10 -11.1269
27 11 -11.4316
27 12 -11.7213
27 13 -12.0098
27 14 -12.2917
27 15 -12.5619
27 16 -12.8195
27 17 -13.077
27 18 -13.3279
27 19 -13.5731
27 20 -13.7936
27 21 -14.0247
27 22 -14.2552
27 23 -14.4725
27 24 -14.6883
27 25 -14.9055
27 26 -15.0974
27 27 -15.3062
27 28 -15.5058
27 29 -15.6908
27 30 -15.8796
27 31 -16.0606
27 32 -16.2349
27 33 -16.4067
27 34 -16.5772
27 35 -16.7425
27 36 -16.8917
27 37 -17.0439
27 38 -17.2004
27 39 -17.3371
27 40 -17.4776
28 -10 -9.06391
28 -9 -9.03413
28 -8 -9.01599
28 -7 -8.98979
28 -6 -8.96675
28 -5 -8.94659
28 -4 -8.91586
28 -3 -8.86328
28 -2 -8.82215
28 -1 -8.79334
28 0 -8.76504
28 1 -8.73559
28 2 -8.75635
28 3 -8.91389
28 4 -9.18918
28 5 -9.50796
28 6 -9.82716
28 7 -10.1788
28 8 -10.4939
28 9 -10.825
28 10 -11.1425
28 11 -11.4329
28 12 -11.7302
28 13 -12.0281
28 14 -12.3061
28 15 -12.5797
28 16 -12.8392
28 17 -13.096
28 18 -13.3305
28 19 -13.5806
28 20 -13.8184
28 21 -14.0486
28 22 -14.2749
28 23 -14.4863
28 24 -14.7017
28 25 -14.9134
28 26 -15.1223
28 27 -15.3231
28 28 -15.5193
28 29 -15.7063
28 30 -15.8975
28 31 -16.0754
28 32 -16.2567
28 33 -16.4356
28 34 -16.5905
28 35 -16.7552
28 36 -16.909
28 37 -17.0665
28 38 -17.2092
28 39 -17.3559
28 40 -17.4983
29 -10 -9.07413
29 -9 -9.04644
29 -8 -9.02822
29 -7 -9.0023
29 -6 -8.97692
29 -5 -8.95681
29 -4 -8.93758
29 -3 -8.88973
29 -2 -8.84378
29 -1 -8.81744
29 0 -8.78186
29 1 -8.75177
29 2 -8.77636
29 3 -8.94173
29 4 -9.20721
29 5 -9.53238
29 6 -9.85105
29 7 -10.198
29 8 -10.521
29 9 -10.8438
29 10 -11.1572
29 11 -11.4679
29 12 -11.7613
29 13 -12.0271
29 14 -12.3182
29 15 -12.5941
29 16 -12.856
29 17 -13.1048
29 18 -13.3514
29 19 -13.5948
29 20 -13.8319
29 21 -14.0672
29 22 -14.286
29 23 -14.5151
29 24 -14.7157
29 25 -14.9422
29 26 -15.1411
29 27 -15.3498
29 28 -15.5377
29 29 -15.7388
29 30 -15.9102
29 31 -16.0957
29 32 -16.2816
29 33 -16.4443
29 34 -16.6099
29 35 -16.7772
29 36 -16.9344
29 37 -17.0874
29 38 -17.2381
29 39 -17.3834
29 40 -17.5183
30 -10 -9.0894
30 -9 -9.06588
30 -8 -9.03035
30 -7 -9.01146
30 -6 -8.9868
30 -5 -8.97728
30 -4 -8.94988
30 -3 -8.90883
30 -2 -8.86903
30 -1 -8.82239
30 0 -8.7991
30 1 -8.77347
30 2 -8.79435
30 3 -8.94821
30 4 -9.24053
30 5 -9.54285
30 6 -9.86972
30 7 -10.1968
30 8 -10.5394
30 9 -10.8514
30 10 -11.1684
30 11 -11.4773
30 12 -11.7687
30 13 -12.0645
30 14 -12.337
30 15 -12.6025
30 16 -12.8735
30 17 -13.1318
30 18 -13.3743
30 19 -13.6199
30 20 -13.8478
30 21 -14.0907
30 22 -14.3074
30 23 -14.5345
30 24 -14.7554
30 25 -14.9528
30 26 -15.1688
30 27 -15.3578
30 28 -15.5572
30 29 -15.7493
30 30 -15.9345
30 31 -16.1134
30 32 -16.2883
30 33 -16.4683
30 34 -16.6314
30 35 -16.7935
30 36 -16.9632
30 37 -17.1061
30 38 -17.2508
30 39 -17.3972
30 40 -17.5395
31 -10 -9.11779
31 -9 -9.07623
31 -8 -9.04902
31 -7 -9.02948
31 -6 -9.00349
31 -5 -8.97732
31 -4 -8.96391
31 -3 -8.92161
31 -2 -8.88341
31 -1 -8.85345
31 0 -8.8201
31 1 -8.78082
31 2 -8.81035
31 3 -8.98735
31 4 -9.23873
31 5 -9.5606
31 6 -9.8847
31 7 -10.2331
31 8 -10.5437
31 9 -10.8823
31 10 -11.1872
31 11 -11.4963
31 12 -11.7859
31 13 -12.0778
31 14 -12.3534
31 15 -12.6204
31 16 -12.8878
31 17 -13.1424
31 18 -13.3881
31 19 -13.6259
31 20 -13.862
31 21 -14.0945
31 22 -14.3147
31 23 -14.5477
31 24 -14.7678
31 25 -14.9705
31 26 -15.1803
31 27 -15.3771
31 28 -15.574
31 29 -15.7646
31 30 -15.9497
31 31 -16.1307
31 32 -16.3095
31 33 -16.4843
31 34 -16.6474
31 35 -16.8105
31 36 -16.971
31 37 -17.1203
31 38 -17.2747
31 39 -17.4146
31 40 -17.5514
32 -10 -9.12515
32 -9 -9.09529
32 -8 -9.06123
32 -7 -9.04222
32 -6 -9.01722
32 -5 -8.99473
32 -4 -8.97926
32 -3 -8.93375
32 -2 -8.90171
32 -1 -8.87277
32 0 -8.83097
32 1 -8.80141
32 2 -8.83169
32 3 -8.99478
32 4 -9.26647
32 5 -9.57765
32 6 -9.91324
32 7 -10.231
32 8 -10.5758
32 9 -10.8997
32 10 -11.2002
32 11 -11.5066
32 12 -11.806
32 13 -12.0902
32 14 -12.3624
32 15 -12.6428
32 16 -12.9094
32 17 -13.1604
32 18 -13.4136
32 19 -13.6407
32 20 -13.8789
32 21 -14.107
32 22 -14.3372
32 23 -14.5633
32 24 -14.776
32 25 -14.9906
32 26 -15.1869
32 27 -15.3907
32 28 -15.586
32 29 -15.778
32 30 -15.9632
32 31 -16.1462
32 32 -16.3244
32 33 -16.4914
32 34 -16.6656
32 35 -16.8212
32 36 -16.9855
32 37 -17.137
32 38 -17.2874
32 39 -17.4296
32 40 -17.5616
33 -10 -9.13128
33 -9 -9.09739
33 -8 -9.07645
33 -7 -9.05393
33 -6 -9.02931
33 -5 -9.01066
33 -4 -8.99627
33 -3 -8.95595
33 -2 -8.91406
33 -1 -8.88371
33 0 -8.84689
33 1 -8.81879
33 2 -8.83727
33 3 -9.02696
33 4 -9.28229
33 5 -9.59374
33 6 -9.92922
33 7 -10.2586
33 8 -10.589
33 9 -10.9086
33 10 -11.2276
33 11 -11.5266
33 12 -11.8184
33 13 -12.1056
33 14 -12.3749
33 15 -12.6543
33 16 -12.9091
33 17 -13.1588
33 18 -13.4196
33 19 -13.6574
33 20 -13.895
33 21 -14.1215
33 22 -14.3562
33 23 -14.5741
33 24 -14.7928
33 25 -15.0016
33 26 -15.2047
33 27 -15.4079
33 28 -15.5946
33 29 -15.7859
33 30 -15.98
33 31 -16.1558
33 32 -16.3448
33 33 -16.5067
33 34 -16.6752
33 35 -16.8446
33 36 -17.0043
33 37 -17.1483
33 38 -17.3004
33 39 -17.4422
33 40 -17.5887
34 -10 -9.13846
34 -9 -9.11498
34 -8 -9.09481
34 -7 -9.0721
34 -6 -9.0569
34 -5 -9.03017
34 -4 -9.00069
34 -3 -8.96742
34 -2 -8.92535
34 -1 -8.89244
34 0 -8.86861
34 1 -8.82026
34 2 -8.85847
34 3 -9.03381
34 4 -9.29409
34 5 -9.60852
34 6 -9.94563
34 7 -10.2718
34 8 -10.5998
34 9 -10.9203
34 10 -11.231
34 11 -11.5392
34 12 -11.8313
34 13 -12.1227
34 14 -12.3921
34 15 -12.6585
34 16 -12.9335
34 17 -13.1783
34 18 -13.4209
34 19 -13.6684
34 20 -13.911
34 21 -14.1406
34 22 -14.3678
34 23 -14.5771
34 24 -14.7943
34 25 -15.0145
34 26 -15.2169
34 27 -15.4184
34 28 -15.6104
34 29 -15.8096
34 30 -15.9882
34 31 -16.1775
34 32 -16.3497
34 33 -16.5226
34 34 -16.6899
34 35 -16.8523
34 36 -17.0087
34 37 -17.1694
34 38 -17.3083
34 39 -17.4563
34 40 -17.5966
35 -10 -9.15138
35 -9 -9.13209
35 -8 -9.10643
35 -7 -9.07752
35 -6 -9.06139
35 -5 -9.04416
35 -4 -9.01858
35 -3 -8.97721
35 -2 -8.9393
35 -1 -8.90701
35 0 -8.86725
35 1 -8.84723
35 2 -8.86338
35 3 -9.041
35 4 -9.31055
35 5 -9.6062
35 6 -9.95446
35 7 -10.278
35 8 -10.616
35 9 -10.9343
35 10 -11.2374
35 11 -11.5469
35 12 -11.8375
35 13 -12.1367
35 14 -12.4054
35 15 -12.6777
35 16 -12.9348
35 17 -13.1918
35 18 -13.4467
35 19 -13.6765
35 20 -13.9217
35 21 -14.1462
35 22 -14.3712
35 23 -14.5998
35 24 -14.8101
35 25 -15.0284
35 26 -15.2153
35 27 -15.434
35 28 -15.6272
35 29 -15.8231
35 30 -15.996
35 31 -16.1883
35 32 -16.3633
35 33 -16.5336
35 34 -16.7109
35 35 -16.8626
35 36 -17.0229
35 37 -17.1811
35 38 -17.3204
35 39 -17.4705
35 40 -17.607
36 -10 -9.15996
36 -9 -9.13766
36 -8 -9.11575
36 -7 -9.08839
36 -6 -9.07353
36 -5 -9.06338
36 -4 -9.04007
36 -3 -8.99673
36 -2 -8.95328
36 -1 -8.91103
36 0 -8.8822
36 1 -8.85917
36 2 -8.88007
36 3 -9.04789
36 4 -9.326
36 5 -9.62579
36 6 -9.97149
36 7 -10.2959
36 8 -10.6275
36 9 -10.9429
36 10 -11.2569
36 11 -11.5657
36 12 -11.8575
36 13 -12.1358
36 14 -12.418
36 15 -12.6966
36 16 -12.9528
36 17 -13.2048
36 18 -13.4532
36 19 -13.6868
36 20 -13.9321
36 21 -14.1549
36 22 -14.3911
36 23 -14.6013
36 24 -14.8194
36 25 -15.0258
36 26 -15.2351
36 27 -15.4407
36 28 -15.6253
36 29 -15.8315
36 30 -16.0154
36 31 -16.2032
36 32 -16.3758
36 33 -16.5484
36 34 -16.7113
36 35 -16.8782
36 36 -17.0389
36 37 -17.1933
36 38 -17.3369
36 39 -17.4826
36 40 -17.6193
37 -10 -9.1702
37 -9 -9.14989
37 -8 -9.12618
37 -7 -9.10088
37 -6 -9.08141
37 -5 -9.07668
37 -4 -9.0473
37 -3 -9.00562
37 -2 -8.9574
37 -1 -8.91936
37 0 -8.89316
37 1 -8.87021
37 2 -8.89328
37 3 -9.06937
37 4 -9.33345
37 5 -9.64648
37 6 -9.97512
37 7 -10.3076
37 8 -10.6402
37 9 -10.9581
37 10 -11.2641
37 11 -11.5784
37 12 -11.8728
37 13 -12.1647
37 14 -12.4331
37 15 -12.703
37 16 -12.9705
37 17 -13.2143
37 18 -13.4653
37 19 -13.7096
37 20 -13.9367
37 21 -14.1738
37 22 -14.3982
37 23 -14.6181
37 24 -14.834
37 25 -15.0421
37 26 -15.2484
37 27 -15.4481
37 28 -15.65
37 29 -15.8382
37 30 -16.0234
37 31 -16.2144
37 32 -16.3879
37 33 -16.5586
37 34 -16.7269
37 35 -16.8943
37 36 -17.0482
37 37 -17.2074
37 38 -17.354
37 39 -17.4969
37 40 -17.6304
38 -10 -9.18614
38 -9 -9.1527
38 -8 -9.12825
38 -7 -9.10673
38 -6 -9.0896
38 -5 -9.07755
38 -4 -9.05201
38 -3 -9.01906
38 -2 -8.97501
38 -1 -8.94
38 0 -8.90712
38 1 -8.88096
38 2 -8.90093
38 3 -9.08126
38 4 -9.34491
38 5 -9.66306
38 6 -9.99412
38 7 -10.3191
38 8 -10.6538
38 9 -10.98
38 10 -11.2896
38 11 -11.5973
38 12 -11.8867
38 13 -12.1743
38 14 -12.4502
38 15 -12.7224
38 16 -12.973
38 17 -13.2339
38 18 -13.4789
38 19 -13.7173
38 20 -13.9484
38 21 -14.1844
38 22 -14.4021
38 23 -14.6261
38 24 -14.844
38 25 -15.0557
38 26 -15.2616
38 27 -15.4651
38 28 -15.6643
38 29 -15.8482
38 30 -16.0253
38 31 -16.2154
38 32 -16.3983
38 33 -16.57
38 34 -16.7408
38 35 -16.905
38 36 -17.0638
38 37 -17.2154
38 38 -17.36
38 39 -17.5062
38 40 -17.6444
39 -10 -9.17793
39 -9 -9.16077
39 -8 -9.13078
39 -7 -9.11347
39 -6 -9.10097
39 -5 -9.08241
39 -4 -9.05434
39 -3 -9.02774
39 -2 -8.98301
39 -1 -8.94927
39 0 -8.91721
39 1 -8.89724
39 2 -8.92164
39 3 -9.09619
39 4 -9.35883
39 5 -9.68117
39 6 -10.0114
39 7 -10.3435
39 8 -10.6683
39 9 -10.9898
39 10 -11.3182
39 11 -11.6126
39 12 -11.9019
39 13 -12.186
39 14 -12.4643
39 15 -12.729
39 16 -12.9911
39 17 -13.2481
39 18 -13.4928
39 19 -13.7322
39 20 -13.963
39 21 -14.1982
39 22 -14.4189
39 23 -14.6433
39 24 -14.8513
39 25 -15.0675
39 26 -15.2705
39 27 -15.4716
39 28 -15.6707
39 29 -15.8596
39 30 -16.0417
39 31 -16.2313
39 32 -16.4136
39 33 -16.5852
39 34 -16.7518
39 35 -16.9089
39 36 -17.0709
39 37 -17.2211
39 38 -17.3718
39 39 -17.5194
39 40 -17.6512
40 -10 -9.19036
40 -9 -9.17178
40 -8 -9.13939
40 -7 -9.12197
40 -6 -9.1029
40 -5 -9.09552
40 -4 -9.07602
40 -3 -9.03485
40 -2 -8.98952
40 -1 -8.96016
40 0 -8.93157
40 1 -8.92055
40 2 -8.94099
40 3 -9.10871
40 4 -9.37622
40 5 -9.69178
40 6 -10.0166
40 7 -10.3636
40 8 -10.6828
40 9 -10.9979
40 10 -11.3272
40 11 -11.6187
40 12 -11.9117
40 13 -12.2001
40 14 -12.4816
40 15 -12.7458
40 16 -13.0007
40 17 -13.261
40 18 -13.5088
40 19 -13.7363
40 20 -13.9845
40 21 -14.2001
40 22 -14.4311
40 23 -14.6435
40 24 -14.8697
40 25 -15.0759
40 26 -15.2778
40 27 -15.4768
40 28 -15.6776
40 29 -15.8711
40 30 -16.0597
40 31 -16.2412
40 32 -16.4176
40 33 -16.5952
40 34 -16.7594
40 35 -16.9259
40 36 -17.0852
40 37 -17.2267
40 38 -17.3835
40 39 -17.5294
40 40 -17.6704
