-10 -10 -10.294
-10 -9 -10.2796
-10 -8 -10.2512
-10 -7 -10.2221
-10 -6 -10.209
-10 -5 -10.2009
-10 -4 -10.1972
-10 -3 -10.1892
-10 -2 -10.1652
-10 -1 -10.1257
-10 0 -10.1127
-10 1 -10.0832
-10 2 -10.1445
-10 3 -10.3185
-10 4 -10.6038
-10 5 -10.9116
-10 6 -11.2356
-10 7 -11.5472
-10 8 -11.885
-10 9 -12.2122
-10 10 -12.5097
-10 11 -12.8129
-10 12 -13.1174
-10 13 -13.3812
-10 14 -13.6617
-10 15 -13.9259
-10 16 -14.188
-10 17 -14.4275
-10 18 -14.682
-10 19 -14.9262
-10 20 -15.162
-10 21 -15.3865
-10 22 -15.6064
-10 23 -15.82
-10 24 -16.0339
-10 25 -16.2289
-10 26 -16.419
-10 27 -16.6129
-10 28 -16.7783
-10 29 -16.95
-10 30 -17.1222
-10 31 -17.2693
-10 32 -17.4201
-10 33 -17.5679
-10 34 -17.7012
-10 35 -17.8419
-10 36 -17.9685
-10 37 -18.0894
-10 38 -18.2227
-10 39 -18.3318
-10 40 -18.4573
-9 -10 -10.2802
-9 -9 -10.2459
-9 -8 -10.222
-9 -7 -10.2093
-9 -6 -10.2004
-9 -5 -10.1929
-9 -4 -10.1863
-9 -3 -10.1676
-9 -2 -10.1321
-9 -1 -10.1011
-9 0 -10.0779
-9 1 -10.0671
-9 2 -10.1261
-9 3 -10.3097
-9 4 -10.5686
-9 5 -10.8902
-9 6 -11.2236
-9 7 -11.5387
-9 8 -11.8764
-9 9 -12.1945
-9 10 -12.4893
-9 11 -12.8006
-9 12 -13.0881
-9 13 -13.3733
-9 14 -13.6558
-9 15 -13.9106
-9 16 -14.1814
-9 17 -14.4118
-9 18 -14.6622
-9 19 -14.8931
-9 20 -15.1304
-9 21 -15.3576
-9 22 -15.5766
-9 23 -15.7969
-9 24 -16.001
-9 25 -16.1892
-9 26 -16.3796
-9 27 -16.5728
-9 28 -16.7467
-9 29 -16.9143
-9 30 -17.0767
-9 31 -17.2498
-9 32 -17.3905
-9 33 -17.5379
-9 34 -17.6788
-9 35 -17.8065
-9 36 -17.9433
-9 37 -18.0677
-9 38 -18.1992
-9 39 -18.3189
-9 40 -18.4395
-8 -10 -10.2486
-8 -9 -10.2202
-8 -8 -10.2046
-8 -7 -10.2016
-8 -6 -10.1957
-8 -5 -10.187
-8 -4 -10.1592
-8 -3 -10.1307
-8 -2 -10.0903
-8 -1 -10.0855
-8 0 -10.0696
-8 1 -10.0542
-8 2 -10.123
-8 3 -10.2833
-8 4 -10.5551
-8 5 -10.8778
-8 6 -11.1993
-8 7 -11.5222
-8 8 -11.859
-8 9 -12.1848
-8 10 -12.5044
-8 11 -12.7972
-8 12 -13.0865
-8 13 -13.3647
-8 14 -13.637
-8 15 -13.9105
-8 16 -14.1691
-8 17 -14.4076
-8 18 -14.6453
-8 19 -14.8865
-8 20 -15.1252
-8 21 -15.335
-8 22 -15.548
-8 23 -15.7583
-8 24 -15.9759
-8 25 -16.166
-8 26 -16.3544
-8 27 -16.5356
-8 28 -16.7277
-8 29 -16.8934
-8 30 -17.0576
-8 31 -17.2172
-8 32 -17.3635
-8 33 -17.5096
-8 34 -17.6425
-8 35 -17.7808
-8 36 -17.9129
-8 37 -18.0527
-8 38 -18.163
-8 39 -18.2832
-8 40 -18.4071
-7 -10 -10.2263
-7 -9 -10.2083
-7 -8 -10.1956
-7 -7 -10.2045
-7 -6 -10.1757
-7 -5 -10.1726
-7 -4 -10.1439
-7 -3 -10.1085
-7 -2 -10.0866
-7 -1 -10.079
-7 0 -10.0641
-7 1 -10.0431
-7 2 -10.0582
-7 3 -10.2294
-7 4 -10.5093
-7 5 -10.8134
-7 6 -11.1478
-7 7 -11.4968
-7 8 -11.8233
-7 9 -12.1341
-7 10 -12.4589
-7 11 -12.7699
-7 12 -13.0547
-7 13 -13.3692
-7 14 -13.6357
-7 15 -13.9088
-7 16 -14.1671
-7 17 -14.4187
-7 18 -14.6603
-7 19 -14.8904
-7 20 -15.1083
-7 21 -15.3291
-7 22 -15.5435
-7 23 -15.7627
-7 24 -15.9545
-7 25 -16.1557
-7 26 -16.3403
-7 27 -16.5194
-7 28 -16.6936
-7 29 -16.876
-7 30 -17.0325
-7 31 -17.1927
-7 32 -17.3456
-7 33 -17.4866
-7 34 -17.6309
-7 35 -17.7577
-7 36 -17.8907
-7 37 -18.024
-7 38 -18.1489
-7 39 -18.2695
-7 40 -18.3896
-6 -10 -10.2136
-6 -9 -10.1978
-6 -8 -10.2026
-6 -7 -10.1921
-6 -6 -10.1823
-6 -5 -10.128
-6 -4 -10.103
-6 -3 -10.0882
-6 -2 -10.0833
-6 -1 -10.061
-6 0 -10.0465
-6 1 -9.99888
-6 2 -10.0323
-6 3 -10.2147
-6 4 -10.4812
-6 5 -10.7881
-6 6 -11.1271
-6 7 -11.46
-6 8 -11.7879
-6 9 -12.104
-6 10 -12.4246
-6 11 -12.7265
-6 12 -13.0368
-6 13 -13.331
-6 14 -13.6026
-6 15 -13.8766
-6 16 -14.1493
-6 17 -14.4031
-6 18 -14.6432
-6 19 -14.8865
-6 20 -15.112
-6 21 -15.3333
-6 22 -15.5405
-6 23 -15.7546
-6 24 -15.9482
-6 25 -16.1527
-6 26 -16.3349
-6 27 -16.5224
-6 28 -16.6918
-6 29 -16.8654
-6 30 -17.0233
-6 31 -17.1791
-6 32 -17.3363
-6 33 -17.4724
-6 34 -17.6095
-6 35 -17.7456
-6 36 -17.8802
-6 37 -18.0107
-6 38 -18.1314
-6 39 -18.2604
-6 40 -18.3756
-5 -10 -10.2042
-5 -9 -10.213
-5 -8 -10.1999
-5 -7 -10.178
-5 -6 -10.1531
-5 -5 -10.115
-5 -4 -10.0968
-5 -3 -10.0726
-5 -2 -10.0793
-5 -1 -10.0515
-5 0 -10.0028
-5 1 -9.97143
-5 2 -10.0174
-5 3 -10.1962
-5 4 -10.4709
-5 5 -10.7913
-5 6 -11.1002
-5 7 -11.4278
-5 8 -11.7643
-5 9 -12.0791
-5 10 -12.3882
-5 11 -12.6983
-5 12 -13.0022
-5 13 -13.2818
-5 14 -13.5566
-5 15 -13.8271
-5 16 -14.0859
-5 17 -14.3609
-5 18 -14.6218
-5 19 -14.8653
-5 20 -15.0926
-5 21 -15.3204
-5 22 -15.5385
-5 23 -15.7504
-5 24 -15.9503
-5 25 -16.1493
-5 26 -16.3293
-5 27 -16.5071
-5 28 -16.6944
-5 29 -16.856
-5 30 -17.0231
-5 31 -17.187
-5 32 -17.3277
-5 33 -17.4699
-5 34 -17.607
-5 35 -17.7356
-5 36 -17.8755
-5 37 -17.9961
-5 38 -18.1212
-5 39 -18.2468
-5 40 -18.3692
-4 -10 -10.2173
-4 -9 -10.2122
-4 -8 -10.1839
-4 -7 -10.1531
-4 -6 -10.1263
-4 -5 -10.1057
-4 -4 -10.0802
-4 -3 -10.0938
-4 -2 -10.0593
-4 -1 -10.0177
-4 0 -9.97351
-4 1 -9.96984
-4 2 -10.0014
-4 3 -10.1914
-4 4 -10.4736
-4 5 -10.7894
-4 6 -11.1033
-4 7 -11.4275
-4 8 -11.7568
-4 9 -12.0789
-4 10 -12.3824
-4 11 -12.6889
-4 12 -12.9751
-4 13 -13.2651
-4 14 -13.535
-4 15 -13.8215
-4 16 -14.0808
-4 17 -14.3303
-4 18 -14.5835
-4 19 -14.8238
-4 20 -15.0677
-4 21 -15.3054
-4 22 -15.5214
-4 23 -15.7433
-4 24 -15.943
-4 25 -16.1355
-4 26 -16.3285
-4 27 -16.515
-4 28 -16.6947
-4 29 -16.8633
-4 30 -17.0152
-4 31 -17.1761
-4 32 -17.3248
-4 33 -17.4717
-4 34 -17.6006
-4 35 -17.7464
-4 36 -17.8666
-4 37 -17.9996
-4 38 -18.1141
-4 39 -18.2397
-4 40 -18.3653
-3 -10 -10.2242
-3 -9 -10.2025
-3 -8 -10.1796
-3 -7 -10.1406
-3 -6 -10.1219
-3 -5 -10.1136
-3 -4 -10.1144
-3 -3 -10.0784
-3 -2 -10.0308
-3 -1 -9.99971
-3 0 -9.98431
-3 1 -9.96793
-3 2 -10.005
-3 3 -10.1933
-3 4 -10.4835
-3 5 -10.7818
-3 6 -11.1161
-3 7 -11.443
-3 8 -11.7564
-3 9 -12.077
-3 10 -12.3869
-3 11 -12.6786
-3 12 -12.9789
-3 13 -13.2696
-3 14 -13.5388
-3 15 -13.806
-3 16 -14.0689
-3 17 -14.3048
-3 18 -14.5568
-3 19 -14.806
-3 20 -15.0504
-3 21 -15.2672
-3 22 -15.494
-3 23 -15.7178
-3 24 -15.9324
-3 25 -16.139
-3 26 -16.3098
-3 27 -16.5071
-3 28 -16.676
-3 29 -16.8484
-3 30 -17.0186
-3 31 -17.1789
-3 32 -17.3293
-3 33 -17.4775
-3 34 -17.602
-3 35 -17.7397
-3 36 -17.8705
-3 37 -17.9956
-3 38 -18.1061
-3 39 -18.2365
-3 40 -18.3464
-2 -10 -10.2418
-2 -9 -10.2031
-2 -8 -10.1783
-2 -7 -10.1664
-2 -6 -10.1282
-2 -5 -10.138
-2 -4 -10.1096
-2 -3 -10.0771
-2 -2 -10.0227
-2 -1 -9.99724
-2 0 -9.98826
-2 1 -9.96883
-2 2 -9.99042
-2 3 -10.1643
-2 4 -10.4582
-2 5 -10.7798
-2 6 -11.1187
-2 7 -11.4394
-2 8 -11.7885
-2 9 -12.1007
-2 10 -12.4043
-2 11 -12.6944
-2 12 -12.9922
-2 13 -13.2765
-2 14 -13.5408
-2 15 -13.8173
-2 16 -14.0602
-2 17 -14.3225
-2 18 -14.5616
-2 19 -14.8025
-2 20 -15.0349
-2 21 -15.263
-2 22 -15.4836
-2 23 -15.6989
-2 24 -15.915
-2 25 -16.1052
-2 26 -16.3083
-2 27 -16.4984
-2 28 -16.6854
-2 29 -16.8552
-2 30 -17.023
-2 31 -17.1897
-2 32 -17.3278
-2 33 -17.4624
-2 34 -17.6062
-2 35 -17.7246
-2 36 -17.8718
-2 37 -17.9806
-2 38 -18.1211
-2 39 -18.2415
-2 40 -18.3612
-1 -10 -10.2285
-1 -9 -10.2052
-1 -8 -10.1827
-1 -7 -10.167
-1 -6 -10.1522
-1 -5 -10.1282
-1 -4 -10.0929
-1 -3 -10.0528
-1 -2 -10.0334
-1 -1 -10.013
-1 0 -9.9959
-1 1 -9.95958
-1 2 -9.97466
-1 3 -10.147
-1 4 -10.4211
-1 5 -10.7466
-1 6 -11.0871
-1 7 -11.438
-1 8 -11.7396
-1 9 -12.088
-1 10 -12.4127
-1 11 -12.7207
-1 12 -13.0161
-1 13 -13.2915
-1 14 -13.5707
-1 15 -13.8332
-1 16 -14.0903
-1 17 -14.3426
-1 18 -14.5798
-1 19 -14.8091
-1 20 -15.0497
-1 21 -15.2659
-1 22 -15.4993
-1 23 -15.7012
-1 24 -15.9171
-1 25 -16.1188
-1 26 -16.3101
-1 27 -16.4994
-1 28 -16.6732
-1 29 -16.8439
-1 30 -17.0191
-1 31 -17.1818
-1 32 -17.326
-1 33 -17.479
-1 34 -17.618
-1 35 -17.7489
-1 36 -17.8724
-1 37 -17.9981
-1 38 -18.1292
-1 39 -18.2531
-1 40 -18.3695
0 -10 -10.2254
0 -9 -10.2171
0 -8 -10.1887
0 -7 -10.1855
0 -6 -10.1655
0 -5 -10.1367
0 -4 -10.0795
0 -3 -10.0573
0 -2 -10.0396
0 -1 -10.0303
0 0 -10.014
0 1 -9.94762
0 2 -9.95853
0 3 -10.1509
0 4 -10.4117
0 5 -10.7365
0 6 -11.0969
0 7 -11.4017
0 8 -11.7527
0 9 -12.0852
0 10 -12.406
0 11 -12.715
0 12 -13.0364
0 13 -13.3248
0 14 -13.586
0 15 -13.8644
0 16 -14.1141
0 17 -14.3669
0 18 -14.6106
0 19 -14.8363
0 20 -15.0636
0 21 -15.2895
0 22 -15.5123
0 23 -15.719
0 24 -15.9226
0 25 -16.1212
0 26 -16.3158
0 27 -16.5148
0 28 -16.6874
0 29 -16.8734
0 30 -17.0432
0 31 -17.1877
0 32 -17.355
0 33 -17.4899
0 34 -17.6249
0 35 -17.7667
0 36 -17.8966
0 37 -18.0349
0 38 -18.1475
0 39 -18.2743
0 40 -18.3906
1 -10 -10.2474
1 -9 -10.2224
1 -8 -10.2041
1 -7 -10.2176
1 -6 -10.189
1 -5 -10.1311
1 -4 -10.1092
1 -3 -10.0937
1 -2 -10.0706
1 -1 -10.0774
1 0 -10.0372
1 1 -9.96721
1 2 -9.97335
1 3 -10.1526
1 4 -10.4364
1 5 -10.7678
1 6 -11.1138
1 7 -11.4231
1 8 -11.7731
1 9 -12.1039
1 10 -12.4302
1 11 -12.7556
1 12 -13.0535
1 13 -13.3462
1 14 -13.6367
1 15 -13.9175
1 16 -14.1563
1 17 -14.414
1 18 -14.6611
1 19 -14.8889
1 20 -15.1146
1 21 -15.3327
1 22 -15.554
1 23 -15.765
1 24 -15.9724
1 25 -16.1578
1 26 -16.3665
1 27 -16.54
1 28 -16.7279
1 29 -16.9095
1 30 -17.0616
1 31 -17.2244
1 32 -17.3784
1 33 -17.5265
1 34 -17.6707
1 35 -17.8061
1 36 -17.9296
1 37 -18.0569
1 38 -18.1849
1 39 -18.3057
1 40 -18.4272
2 -10 -10.2845
2 -9 -10.2822
2 -8 -10.2671
2 -7 -10.2701
2 -6 -10.2205
2 -5 -10.2081
2 -4 -10.1543
2 -3 -10.135
2 -2 -10.1234
2 -1 -10.0997
2 0 -10.0894
2 1 -10.0351
2 2 -10.0294
2 3 -10.2159
2 4 -10.4797
2 5 -10.7984
2 6 -11.147
2 7 -11.4778
2 8 -11.815
2 9 -12.1378
2 10 -12.4641
2 11 -12.8046
2 12 -13.1112
2 13 -13.4008
2 14 -13.6947
2 15 -13.9437
2 16 -14.2062
2 17 -14.4597
2 18 -14.6918
2 19 -14.933
2 20 -15.1705
2 21 -15.3793
2 22 -15.5954
2 23 -15.8
2 24 -16.0244
2 25 -16.2145
2 26 -16.4113
2 27 -16.5871
2 28 -16.7784
2 29 -16.9571
2 30 -17.1198
2 31 -17.2746
2 32 -17.4303
2 33 -17.5796
2 34 -17.7164
2 35 -17.8561
2 36 -17.9884
2 37 -18.1169
2 38 -18.2566
2 39 -18.3699
2 40 -18.4772
3 -10 -10.3524
3 -9 -10.3282
3 -8 -10.3141
3 -7 -10.3028
3 -6 -10.2772
3 -5 -10.2618
3 -4 -10.2138
3 -3 -10.1811
3 -2 -10.1684
3 -1 -10.1514
3 0 -10.1166
3 1 -10.0878
3 2 -10.0976
3 3 -10.2789
3 4 -10.5613
3 5 -10.8714
3 6 -11.206
3 7 -11.5492
3 8 -11.8643
3 9 -12.2139
3 10 -12.556
3 11 -12.8402
3 12 -13.1432
3 13 -13.4296
3 14 -13.7148
3 15 -13.9722
3 16 -14.2391
3 17 -14.5024
3 18 -14.7396
3 19 -14.9769
3 20 -15.2017
3 21 -15.4248
3 22 -15.6428
3 23 -15.8597
3 24 -16.0702
3 25 -16.2645
3 26 -16.4579
3 27 -16.642
3 28 -16.8294
3 29 -17.0024
3 30 -17.1678
3 31 -17.3335
3 32 -17.4781
3 33 -17.6326
3 34 -17.7773
3 35 -17.9128
3 36 -18.0313
3 37 -18.1633
3 38 -18.2883
3 39 -18.4181
3 40 -18.5365
4 -10 -10.4113
4 -9 -10.3891
4 -8 -10.352
4 -7 -10.3354
4 -6 -10.3086
4 -5 -10.2976
4 -4 -10.2851
4 -3 -10.2465
4 -2 -10.2058
4 -1 -10.1632
4 0 -10.1371
4 1 -10.1245
4 2 -10.1591
4 3 -10.3521
4 4 -10.6246
4 5 -10.9446
4 6 -11.2893
4 7 -11.61
4 8 -11.9396
4 9 -12.2629
4 10 -12.5795
4 11 -12.8791
4 12 -13.189
4 13 -13.4617
4 14 -13.7569
4 15 -14.0209
4 16 -14.2806
4 17 -14.5337
4 18 -14.7822
4 19 -15.0107
4 20 -15.2497
4 21 -15.4626
4 22 -15.6864
4 23 -15.8992
4 24 -16.1105
4 25 -16.3214
4 26 -16.4979
4 27 -16.6958
4 28 -16.8854
4 29 -17.0627
4 30 -17.2212
4 31 -17.3822
4 32 -17.5386
4 33 -17.6756
4 34 -17.8188
4 35 -17.9514
4 36 -18.0885
4 37 -18.2119
4 38 -18.3366
4 39 -18.4647
4 40 -18.5777
5 -10 -10.4501
5 -9 -10.4336
5 -8 -10.4025
5 -7 -10.3736
5 -6 -10.3497
5 -5 -10.3347
5 -4 -10.3165
5 -3 -10.2928
5 -2 -10.2537
5 -1 -10.1925
5 0 -10.1711
5 1 -10.156
5 2 -10.2049
5 3 -10.3799
5 4 -10.6491
5 5 -10.9818
5 6 -11.3259
5 7 -11.6619
5 8 -11.978
5 9 -12.2859
5 10 -12.6144
5 11 -12.9193
5 12 -13.2109
5 13 -13.4961
5 14 -13.7747
5 15 -14.0671
5 16 -14.3232
5 17 -14.5871
5 18 -14.8288
5 19 -15.0701
5 20 -15.299
5 21 -15.5223
5 22 -15.7462
5 23 -15.9699
5 24 -16.1742
5 25 -16.3741
5 26 -16.5636
5 27 -16.7593
5 28 -16.9387
5 29 -17.1117
5 30 -17.2787
5 31 -17.4438
5 32 -17.5903
5 33 -17.7306
5 34 -17.8705
5 35 -18.0113
5 36 -18.135
5 37 -18.2571
5 38 -18.38
5 39 -18.5043
5 40 -18.6179
6 -10 -10.5015
6 -9 -10.4871
6 -8 -10.4496
6 -7 -10.4166
6 -6 -10.3949
6 -5 -10.3683
6 -4 -10.3561
6 -3 -10.3515
6 -2 -10.3118
6 -1 -10.2683
6 0 -10.2123
6 1 -10.1972
6 2 -10.2341
6 3 -10.4261
6 4 -10.7098
6 5 -11.0255
6 6 -11.3575
6 7 -11.6867
6 8 -12.0091
6 9 -12.3415
6 10 -12.6431
6 11 -12.9482
6 12 -13.2388
6 13 -13.5322
6 14 -13.8363
6 15 -14.1022
6 16 -14.3772
6 17 -14.6292
6 18 -14.8733
6 19 -15.1225
6 20 -15.3711
6 21 -15.5927
6 22 -15.8169
6 23 -16.0301
6 24 -16.237
6 25 -16.4336
6 26 -16.6326
6 27 -16.8169
6 28 -16.9856
6 29 -17.17
6 30 -17.3276
6 31 -17.496
6 32 -17.6287
6 33 -17.7743
6 34 -17.917
6 35 -18.0545
6 36 -18.1815
6 37 -18.3101
6 38 -18.4228
6 39 -18.5438
6 40 -18.6582
7 -10 -10.5417
7 -9 -10.5353
7 -8 -10.5166
7 -7 -10.4795
7 -6 -10.4393
7 -5 -10.4139
7 -4 -10.4069
7 -3 -10.3802
7 -2 -10.3745
7 -1 -10.3188
7 0 -10.2634
7 1 -10.2358
7 2 -10.2671
7 3 -10.477
7 4 -10.748
7 5 -11.0478
7 6 -11.3927
7 7 -11.7178
7 8 -12.0523
7 9 -12.3716
7 10 -12.6779
7 11 -13.0037
7 12 -13.3056
7 13 -13.5934
7 14 -13.8649
7 15 -14.1558
7 16 -14.42
7 17 -14.6985
7 18 -14.9576
7 19 -15.1763
7 20 -15.4311
7 21 -15.65
7 22 -15.875
7 23 -16.0835
7 24 -16.2908
7 25 -16.4911
7 26 -16.6857
7 27 -16.8614
7 28 -17.0366
7 29 -17.2037
7 30 -17.3789
7 31 -17.5237
7 32 -17.6703
7 33 -17.8223
7 34 -17.9644
7 35 -18.0914
7 36 -18.219
7 37 -18.3365
7 38 -18.465
7 39 -18.5777
7 40 -18.6937
8 -10 -10.5767
8 -9 -10.5738
8 -8 -10.5591
8 -7 -10.5271
8 -6 -10.4909
8 -5 -10.464
8 -4 -10.4403
8 -3 -10.4239
8 -2 -10.397
8 -1 -10.3593
8 0 -10.3279
8 1 -10.2998
8 2 -10.3315
8 3 -10.5159
8 4 -10.7867
8 5 -11.0992
8 6 -11.4287
8 7 -11.777
8 8 -12.091
8 9 -12.4208
8 10 -12.7435
8 11 -13.0489
8 12 -13.3464
8 13 -13.6354
8 14 -13.9265
8 15 -14.2052
8 16 -14.4843
8 17 -14.7542
8 18 -14.9992
8 19 -15.2321
8 20 -15.4683
8 21 -15.6951
8 22 -15.9112
8 23 -16.1131
8 24 -16.3231
8 25 -16.515
8 26 -16.7043
8 27 -16.885
8 28 -17.0616
8 29 -17.2346
8 30 -17.3997
8 31 -17.5624
8 32 -17.7103
8 33 -17.8496
8 34 -17.9965
8 35 -18.1292
8 36 -18.2528
8 37 -18.3809
8 38 -18.4946
8 39 -18.6091
8 40 -18.7248
9 -10 -10.6077
9 -9 -10.6084
9 -8 -10.583
9 -7 -10.5507
9 -6 -10.5281
9 -5 -10.4965
9 -4 -10.4749
9 -3 -10.4587
9 -2 -10.4289
9 -1 -10.381
9 0 -10.3707
9 1 -10.336
9 2 -10.369
9 3 -10.5666
9 4 -10.8414
9 5 -11.1717
9 6 -11.4909
9 7 -11.8102
9 8 -12.147
9 9 -12.4717
9 10 -12.7844
9 11 -13.1062
9 12 -13.3973
9 13 -13.6931
9 14 -13.9734
9 15 -14.2558
9 16 -14.5237
9 17 -14.7717
9 18 -15.0308
9 19 -15.2595
9 20 -15.5011
9 21 -15.7241
9 22 -15.926
9 23 -16.1417
9 24 -16.3452
9 25 -16.5398
9 26 -16.7277
9 27 -16.9063
9 28 -17.093
9 29 -17.2672
9 30 -17.4256
9 31 -17.598
9 32 -17.7517
9 33 -17.881
9 34 -18.0283
9 35 -18.1486
9 36 -18.2771
9 37 -18.3972
9 38 -18.5211
9 39 -18.6396
9 40 -18.7575
10 -10 -10.6459
10 -9 -10.6276
10 -8 -10.5995
10 -7 -10.5749
10 -6 -10.5577
10 -5 -10.5309
10 -4 -10.5187
10 -3 -10.4999
10 -2 -10.446
10 -1 -10.4171
10 0 -10.3897
10 1 -10.3727
10 2 -10.4299
10 3 -10.617
10 4 -10.8849
10 5 -11.2171
10 6 -11.5467
10 7 -11.8745
10 8 -12.2068
10 9 -12.52
10 10 -12.8302
10 11 -13.1353
10 12 -13.4351
10 13 -13.7208
10 14 -14.0082
10 15 -14.2813
10 16 -14.5389
10 17 -14.7988
10 18 -15.0581
10 19 -15.2962
10 20 -15.5171
10 21 -15.7454
10 22 -15.9566
10 23 -16.171
10 24 -16.3739
10 25 -16.5697
10 26 -16.7693
10 27 -16.9467
10 28 -17.1226
10 29 -17.2988
10 30 -17.461
10 31 -17.6256
10 32 -17.7752
10 33 -17.9237
10 34 -18.055
10 35 -18.1892
10 36 -18.3126
10 37 -18.4335
10 38 -18.5546
10 39 -18.6783
10 40 -18.7796
11 -10 -10.6826
11 -9 -10.6701
11 -8 -10.6367
11 -7 -10.6031
11 -6 -10.587
11 -5 -10.5671
11 -4 -10.5641
11 -3 -10.5447
11 -2 -10.4933
11 -1 -10.4528
11 0 -10.4268
11 1 -10.4023
11 2 -10.4519
11 3 -10.6501
11 4 -10.9358
11 5 -11.2343
11 6 -11.5695
11 7 -11.9073
11 8 -12.2144
11 9 -12.5447
11 10 -12.8601
11 11 -13.1612
11 12 -13.4575
11 13 -13.7415
11 14 -14.02
11 15 -14.2894
11 16 -14.5705
11 17 -14.8287
11 18 -15.0782
11 19 -15.3238
11 20 -15.5479
11 21 -15.7762
11 22 -15.992
11 23 -16.1931
11 24 -16.4051
11 25 -16.6058
11 26 -16.7891
11 27 -16.9817
11 28 -17.1629
11 29 -17.3369
11 30 -17.5093
11 31 -17.6633
11 32 -17.8165
11 33 -17.9616
11 34 -18.0908
11 35 -18.2281
11 36 -18.3534
11 37 -18.4774
11 38 -18.5985
11 39 -18.7115
11 40 -18.8224
12 -10 -10.7219
12 -9 -10.7005
12 -8 -10.6878
12 -7 -10.6418
12 -6 -10.6155
12 -5 -10.5938
12 -4 -10.6032
12 -3 -10.5856
12 -2 -10.526
12 -1 -10.4957
12 0 -10.4532
12 1 -10.4396
12 2 -10.4818
12 3 -10.6721
12 4 -10.9545
12 5 -11.2639
12 6 -11.5895
12 7 -11.9224
12 8 -12.2517
12 9 -12.5688
12 10 -12.8815
12 11 -13.1759
12 12 -13.4835
12 13 -13.7638
12 14 -14.048
12 15 -14.331
12 16 -14.5923
12 17 -14.8604
12 18 -15.109
12 19 -15.351
12 20 -15.5921
12 21 -15.8155
12 22 -16.0335
12 23 -16.2378
12 24 -16.4548
12 25 -16.6448
12 26 -16.8296
12 27 -17.0332
12 28 -17.2126
12 29 -17.382
12 30 -17.5448
12 31 -17.7052
12 32 -17.8668
12 33 -17.9969
12 34 -18.1406
12 35 -18.2697
12 36 -18.4003
12 37 -18.5237
12 38 -18.6353
12 39 -18.7548
12 40 -18.863
13 -10 -10.7446
13 -9 -10.7373
13 -8 -10.7213
13 -7 -10.6797
13 -6 -10.6397
13 -5 -10.6219
13 -4 -10.6074
13 -3 -10.6085
13 -2 -10.5674
13 -1 -10.5209
13 0 -10.4859
13 1 -10.4602
13 2 -10.495
13 3 -10.6968
13 4 -10.977
13 5 -11.2818
13 6 -11.6183
13 7 -11.9458
13 8 -12.276
13 9 -12.6017
13 10 -12.9123
13 11 -13.2177
13 12 -13.5132
13 13 -13.7918
13 14 -14.078
13 15 -14.3636
13 16 -14.6401
13 17 -14.8954
13 18 -15.1448
13 19 -15.4022
13 20 -15.6247
13 21 -15.8584
13 22 -16.0705
13 23 -16.2834
13 24 -16.4927
13 25 -16.6953
13 26 -16.8877
13 27 -17.0696
13 28 -17.2497
13 29 -17.426
13 30 -17.5855
13 31 -17.7472
13 32 -17.8986
13 33 -18.0395
13 34 -18.1775
13 35 -18.3057
13 36 -18.433
13 37 -18.5505
13 38 -18.664
13 39 -18.7837
13 40 -18.8887
14 -10 -10.7802
14 -9 -10.7692
14 -8 -10.7404
14 -7 -10.708
14 -6 -10.6767
14 -5 -10.6546
14 -4 -10.6473
14 -3 -10.636
14 -2 -10.5931
14 -1 -10.5436
14 0 -10.5099
14 1 -10.4868
14 2 -10.5436
14 3 -10.7333
14 4 -11.004
14 5 -11.328
14 6 -11.6655
14 7 -11.9846
14 8 -12.3087
14 9 -12.6318
14 10 -12.947
14 11 -13.2493
14 12 -13.5391
14 13 -13.8397
14 14 -14.1285
14 15 -14.4104
14 16 -14.661
14 17 -14.9361
14 18 -15.1879
14 19 -15.4349
14 20 -15.6732
14 21 -15.8997
14 22 -16.1119
14 23 -16.3306
14 24 -16.5196
14 25 -16.7298
14 26 -16.9149
14 27 -17.0979
14 28 -17.2797
14 29 -17.4535
14 30 -17.6031
14 31 -17.7705
14 32 -17.9177
14 33 -18.0594
14 34 -18.2025
14 35 -18.333
14 36 -18.4609
14 37 -18.5697
14 38 -18.697
14 39 -18.8133
14 40 -18.9221
15 -10 -10.7959
15 -9 -10.7824
15 -8 -10.7635
15 -7 -10.732
15 -6 -10.7075
15 -5 -10.6811
15 -4 -10.6665
15 -3 -10.6503
15 -2 -10.6069
15 -1 -10.5695
15 0 -10.5413
15 1 -10.5275
15 2 -10.5811
15 3 -10.7588
15 4 -11.051
15 5 -11.3513
15 6 -11.6883
15 7 -12.0264
15 8 -12.3464
15 9 -12.6625
15 10 -12.9766
15 11 -13.2869
15 12 -13.5819
15 13 -13.8708
15 14 -14.1541
15 15 -14.4198
15 16 -14.6985
15 17 -14.9549
15 18 -15.2128
15 19 -15.4655
15 20 -15.6959
15 21 -15.9174
15 22 -16.1381
15 23 -16.3478
15 24 -16.5527
15 25 -16.7558
15 26 -16.9407
15 27 -17.1204
15 28 -17.2921
15 29 -17.4668
15 30 -17.6276
15 31 -17.7865
15 32 -17.9349
15 33 -18.0795
15 34 -18.2231
15 35 -18.3446
15 36 -18.4765
15 37 -18.5898
15 38 -18.7079
15 39 -18.8179
15 40 -18.9373
16 -10 -10.8173
16 -9 -10.8062
16 -8 -10.7867
16 -7 -10.7517
16 -6 -10.7308
16 -5 -10.7129
16 -4 -10.7016
16 -3 -10.6756
16 -2 -10.6181
16 -1 -10.5944
16 0 -10.575
16 1 -10.5599
16 2 -10.5988
16 3 -10.7952
16 4 -11.0717
16 5 -11.3937
16 6 -11.7261
16 7 -12.0524
16 8 -12.3745
16 9 -12.7132
16 10 -13.0051
16 11 -13.3299
16 12 -13.6117
16 13 -13.8917
16 14 -14.1773
16 15 -14.4564
16 16 -14.7156
16 17 -14.9918
16 18 -15.2353
16 19 -15.4826
16 20 -15.7134
16 21 -15.935
16 22 -16.1501
16 23 -16.3661
16 24 -16.5673
16 25 -16.7579
16 26 -16.9505
16 27 -17.1401
16 28 -17.3179
16 29 -17.48
16 30 -17.6526
16 31 -17.8135
16 32 -17.9575
16 33 -18.1033
16 34 -18.2392
16 35 -18.3668
16 36 -18.4944
16 37 -18.6123
16 38 -18.7257
16 39 -18.8375
16 40 -18.9461
17 -10 -10.851
17 -9 -10.8267
17 -8 -10.8107
17 -7 -10.775
17 -6 -10.7482
17 -5 -10.7422
17 -4 -10.7376
17 -3 -10.7033
17 -2 -10.6504
17 -1 -10.6173
17 0 -10.5851
17 1 -10.5883
17 2 -10.6213
17 3 -10.8347
17 4 -11.1021
17 5 -11.4233
17 6 -11.735
17 7 -12.0756
17 8 -12.4066
17 9 -12.7162
17 10 -13.0208
17 11 -13.3238
17 12 -13.6298
17 13 -13.9208
17 14 -14.195
17 15 -14.4711
17 16 -14.7394
17 17 -15.0117
17 18 -15.2504
17 19 -15.4967
17 20 -15.7342
17 21 -15.9561
17 22 -16.1781
17 23 -16.3763
17 24 -16.5851
17 25 -16.7841
17 26 -16.9813
17 27 -17.1561
17 28 -17.3353
17 29 -17.5088
17 30 -17.6676
17 31 -17.8374
17 32 -17.9864
17 33 -18.1232
17 34 -18.2596
17 35 -18.3908
17 36 -18.5151
17 37 -18.6318
17 38 -18.7447
17 39 -18.8657
17 40 -18.969
18 -10 -10.8811
18 -9 -10.8601
18 -8 -10.8274
18 -7 -10.8019
18 -6 -10.7771
18 -5 -10.7646
18 -4 -10.7606
18 -3 -10.7298
18 -2 -10.6796
18 -1 -10.6457
18 0 -10.6249
18 1 -10.6024
18 2 -10.6453
18 3 -10.8426
18 4 -11.1136
18 5 -11.4342
18 6 -11.7601
18 7 -12.1062
18 8 -12.4185
18 9 -12.7404
18 10 -13.0506
18 11 -13.3482
18 12 -13.6416
18 13 -13.9267
18 14 -14.2176
18 15 -14.4913
18 16 -14.7574
18 17 -15.0132
18 18 -15.2663
18 19 -15.5155
18 20 -15.7468
18 21 -15.9776
18 22 -16.2016
18 23 -16.4069
18 24 -16.6074
18 25 -16.8153
18 26 -16.9998
18 27 -17.1851
18 28 -17.3554
18 29 -17.531
18 30 -17.7014
18 31 -17.8577
18 32 -18.0137
18 33 -18.1569
18 34 -18.2951
18 35 -18.4187
18 36 -18.5383
18 37 -18.6583
18 38 -18.78
18 39 -18.8853
18 40 -18.9933
19 -10 -10.9011
19 -9 -10.8949
19 -8 -10.8472
19 -7 -10.8253
19 -6 -10.7972
19 -5 -10.7835
19 -4 -10.7806
19 -3 -10.7633
19 -2 -10.7107
19 -1 -10.674
19 0 -10.6463
19 1 -10.6226
19 2 -10.668
19 3 -10.8744
19 4 -11.1381
19 5 -11.4593
19 6 -11.7839
19 7 -12.1167
19 8 -12.4459
19 9 -12.7727
19 10 -13.0683
19 11 -13.3763
19 12 -13.6682
19 13 -13.9617
19 14 -14.2372
19 15 -14.5066
19 16 -14.7796
19 17 -15.0357
19 18 -15.3007
19 19 -15.5391
19 20 -15.7807
19 21 -16.004
19 22 -16.2219
19 23 -16.4409
19 24 -16.6408
19 25 -16.8398
19 26 -17.0274
19 27 -17.2194
19 28 -17.3948
19 29 -17.5628
19 30 -17.7377
19 31 -17.8949
19 32 -18.0448
19 33 -18.1938
19 34 -18.3194
19 35 -18.4505
19 36 -18.5712
19 37 -18.6876
19 38 -18.8056
19 39 -18.9109
19 40 -19.0237
20 -10 -10.9145
20 -9 -10.9103
20 -8 -10.8822
20 -7 -10.8401
20 -6 -10.8148
20 -5 -10.8086
20 -4 -10.7972
20 -3 -10.7689
20 -2 -10.7352
20 -1 -10.6892
20 0 -10.6647
20 1 -10.648
20 2 -10.6939
20 3 -10.8835
20 4 -11.1583
20 5 -11.4873
20 6 -11.8124
20 7 -12.1482
20 8 -12.4623
20 9 -12.7846
20 10 -13.103
20 11 -13.3929
20 12 -13.7033
20 13 -13.977
20 14 -14.2685
20 15 -14.5428
20 16 -14.8081
20 17 -15.0679
20 18 -15.3185
20 19 -15.5678
20 20 -15.804
20 21 -16.033
20 22 -16.2507
20 23 -16.4608
20 24 -16.6713
20 25 -16.8685
20 26 -17.0611
20 27 -17.2434
20 28 -17.424
20 29 -17.5893
20 30 -17.7564
20 31 -17.9113
20 32 -18.0685
20 33 -18.2198
20 34 -18.3487
20 35 -18.4763
20 36 -18.6039
20 37 -18.723
20 38 -18.836
20 39 -18.942
20 40 -19.0622
21 -10 -10.9251
21 -9 -10.919
21 -8 -10.8939
21 -7 -10.868
21 -6 -10.8413
21 -5 -10.8229
21 -4 -10.8195
21 -3 -10.7825
21 -2 -10.747
21 -1 -10.7142
21 0 -10.6951
21 1 -10.6755
21 2 -10.7151
21 3 -10.9086
21 4 -11.1966
21 5 -11.4996
21 6 -11.8267
21 7 -12.1718
21 8 -12.4969
21 9 -12.7999
21 10 -13.1151
21 11 -13.4235
21 12 -13.7168
21 13 -14.0167
21 14 -14.2805
21 15 -14.5697
21 16 -14.8384
21 17 -15.0887
21 18 -15.3439
21 19 -15.5841
21 20 -15.8238
21 21 -16.0491
21 22 -16.2818
21 23 -16.4874
21 24 -16.6929
21 25 -16.887
21 26 -17.0774
21 27 -17.2584
21 28 -17.4475
21 29 -17.6086
21 30 -17.7794
21 31 -17.9318
21 32 -18.0861
21 33 -18.2311
21 34 -18.3682
21 35 -18.5
21 36 -18.6268
21 37 -18.7457
21 38 -18.856
21 39 -18.9725
21 40 -19.0804
22 -10 -10.9423
22 -9 -10.9325
22 -8 -10.9059
22 -7 -10.886
22 -6 -10.8637
22 -5 -10.8458
22 -4 -10.8296
22 -3 -10.7951
22 -2 -10.7673
22 -1 -10.7312
22 0 -10.7098
22 1 -10.7085
22 2 -10.7376
22 3 -10.9227
22 4 -11.2129
22 5 -11.5266
22 6 -11.8633
22 7 -12.1881
22 8 -12.5143
22 9 -12.8283
22 10 -13.1427
22 11 -13.4514
22 12 -13.7424
22 13 -14.0414
22 14 -14.3183
22 15 -14.5856
22 16 -14.858
22 17 -15.1024
22 18 -15.362
22 19 -15.6086
22 20 -15.8313
22 21 -16.06
22 22 -16.2951
22 23 -16.4969
22 24 -16.7089
22 25 -16.8983
22 26 -17.0963
22 27 -17.2827
22 28 -17.4564
22 29 -17.6306
22 30 -17.7928
22 31 -17.9569
22 32 -18.1009
22 33 -18.2412
22 34 -18.3794
22 35 -18.5098
22 36 -18.638
22 37 -18.7604
22 38 -18.8732
22 39 -18.9843
22 40 -19.0972
23 -10 -10.9493
23 -9 -10.9405
23 -8 -10.9159
23 -7 -10.8956
23 -6 -10.874
23 -5 -10.8697
23 -4 -10.8519
23 -3 -10.8283
23 -2 -10.7801
23 -1 -10.7425
23 0 -10.7377
23 1 -10.713
23 2 -10.756
23 3 -10.9481
23 4 -11.2179
23 5 -11.5491
23 6 -11.8665
23 7 -12.2012
23 8 -12.5263
23 9 -12.8556
23 10 -13.1671
23 11 -13.4731
23 12 -13.7649
23 13 -14.0448
23 14 -14.3279
23 15 -14.597
23 16 -14.8773
23 17 -15.1297
23 18 -15.3764
23 19 -15.6316
23 20 -15.8577
23 21 -16.0865
23 22 -16.3032
23 23 -16.5179
23 24 -16.7159
23 25 -16.9129
23 26 -17.1085
23 27 -17.297
23 28 -17.4718
23 29 -17.6419
23 30 -17.809
23 31 -17.9615
23 32 -18.12
23 33 -18.2617
23 34 -18.3919
23 35 -18.527
23 36 -18.6514
23 37 -18.7734
23 38 -18.8891
23 39 -18.9976
23 40 -19.1087
24 -10 -10.9664
24 -9 -10.9554
24 -8 -10.9399
24 -7 -10.911
24 -6 -10.9003
24 -5 -10.8877
24 -4 -10.8675
24 -3 -10.8508
24 -2 -10.8064
24 -1 -10.7729
24 0 -10.7515
24 1 -10.7304
24 2 -10.7679
24 3 -10.9704
24 4 -11.2472
24 5 -11.5514
24 6 -11.8866
24 7 -12.2263
24 8 -12.5535
24 9 -12.8662
24 10 -13.1837
24 11 -13.4916
24 12 -13.7817
24 13 -14.0639
24 14 -14.3523
24 15 -14.6145
24 16 -14.8831
24 17 -15.1326
24 18 -15.3952
24 19 -15.6371
24 20 -15.8783
24 21 -16.1023
24 22 -16.3134
24 23 -16.525
24 24 -16.7307
24 25 -16.935
24 26 -17.1255
24 27 -17.309
24 28 -17.4828
24 29 -17.662
24 30 -17.8229
24 31 -17.9824
24 32 -18.1232
24 33 -18.2772
24 34 -18.4109
24 35 -18.5436
24 36 -18.6649
24 37 -18.784
24 38 -18.8963
24 39 -19.0128
24 40 -19.119
25 -10 -10.9867
25 -9 -10.9764
25 -8 -10.9568
25 -7 -10.9283
25 -6 -10.9174
25 -5 -10.9007
25 -4 -10.889
25 -3 -10.8673
25 -2 -10.8231
25 -1 -10.7894
25 0 -10.7636
25 1 -10.7456
25 2 -10.7949
25 3 -10.9743
25 4 -11.2536
25 5 -11.5725
25 6 -11.9005
25 7 -12.2394
25 8 -12.5527
25 9 -12.8841
25 10 -13.1988
25 11 -13.5091
25 12 -13.7938
25 13 -14.0862
25 14 -14.3676
25 15 -14.6403
25 16 -14.8938
25 17 -15.1682
25 18 -15.4124
25 19 -15.6488
25 20 -15.9002
25 21 -16.1164
25 22 -16.3334
25 23 -16.5484
25 24 -16.7569
25 25 -16.9513
25 26 -17.1419
25 27 -17.325
25 28 -17.5009
25 29 -17.6779
25 30 -17.8415
25 31 -18.0014
25 32 -18.1512
25 33 -18.2987
25 34 -18.432
25 35 -18.5588
25 36 -18.683
25 37 -18.8038
25 38 -18.9141
25 39 -19.0307
25 40 -19.1294
26 -10 -11.0058
26 -9 -10.9806
26 -8 -10.9563
26 -7 -10.9453
26 -6 -10.9265
26 -5 -10.9145
26 -4 -10.9024
26 -3 -10.8842
26 -2 -10.8506
26 -1 -10.8112
26 0 -10.7866
26 1 -10.7629
26 2 -10.8039
26 3 -10.9893
26 4 -11.2702
26 5 -11.5874
26 6 -11.9322
26 7 -12.2508
26 8 -12.5819
26 9 -12.9039
26 10 -13.2222
26 11 -13.5203
26 12 -13.8189
26 13 -14.1064
26 14 -14.3761
26 15 -14.6524
26 16 -14.9213
26 17 -15.1787
26 18 -15.4285
26 19 -15.6724
26 20 -15.9056
26 21 -16.1328
26 22 -16.3592
26 23 -16.5586
26 24 -16.7672
26 25 -16.9668
26 26 -17.1607
26 27 -17.3413
26 28 -17.5277
26 29 -17.6997
26 30 -17.8496
26 31 -18.0257
26 32 -18.1723
26 33 -18.3109
26 34 -18.4482
26 35 -18.5735
26 36 -18.7046
26 37 -18.8214
26 38 -18.9316
26 39 -19.0472
26 40 -19.1497
27 -10 -11.0125
27 -9 -11.0049
27 -8 -10.9739
27 -7 -10.9529
27 -6 -10.9377
27 -5 -10.928
27 -4 -10.9089
27 -3 -10.8962
27 -2 -10.8618
27 -1 -10.8196
27 0 -10.8069
27 1 -10.7848
27 2 -10.8289
27 3 -11.027
27 4 -11.2924
27 5 -11.6116
27 6 -11.9334
27 7 -12.2661
27 8 -12.5926
27 9 -12.9212
27 10 -13.2319
27 11 -13.5382
27 12 -13.8307
27 13 -14.1202
27 14 -14.4021
27 15 -14.6756
27 16 -14.9342
27 17 -15.1967
27 18 -15.4493
27 19 -15.6955
27 20 -15.9206
27 21 -16.1421
27 22 -16.3664
27 23 -16.5802
27 24 -16.7842
27 25 -16.9894
27 26 -17.1747
27 27 -17.3613
27 28 -17.544
27 29 -17.7126
27 30 -17.879
27 31 -18.0381
27 32 -18.1894
27 33 -18.3339
27 34 -18.4712
27 35 -18.6023
27 36 -18.7186
27 37 -18.8415
27 38 -18.9568
27 39 -19.0654
27 40 -19.1721
28 -10 -11.0159
28 -9 -10.9948
28 -8 -10.9927
28 -7 -10.966
28 -6 -10.9507
28 -5 -10.9359
28 -4 -10.9204
28 -3 -10.8969
28 -2 -10.8651
28 -1 -10.8434
28 0 -10.8198
28 1 -10.7978
28 2 -10.8437
28 3 -11.0254
28 4 -11.306
28 5 -11.6271
28 6 -11.9492
28 7 -12.2999
28 8 -12.6185
28 9 -12.9438
28 10 -13.2558
28 11 -13.551
28 12 -13.8548
28 13 -14.1395
28 14 -14.423
28 15 -14.6936
28 16 -14.9536
28 17 -15.2141
28 18 -15.4516
28 19 -15.7042
28 20 -15.9397
28 21 -16.1719
28 22 -16.3852
28 23 -16.5848
28 24 -16.7984
28 25 -16.9949
28 26 -17.1923
28 27 -17.3768
28 28 -17.5597
28 29 -17.7235
28 30 -17.8952
28 31 -18.0458
28 32 -18.1976
28 33 -18.3475
28 34 -18.4814
28 35 -18.6087
28 36 -18.7342
28 37 -18.8578
28 38 -18.9668
28 39 -19.0845
28 40 -19.197
29 -10 -11.0122
29 -9 -11.0109
29 -8 -10.9951
29 -7 -10.9733
29 -6 -10.9556
29 -5 -10.9441
29 -4 -10.9349
29 -3 -10.9193
29 -2 -10.8871
29 -1 -10.8561
29 0 -10.8342
29 1 -10.8142
29 2 -10.8621
29 3 -11.0562
29 4 -11.3205
29 5 -11.6519
29 6 -11.9681
29 7 -12.3104
29 8 -12.635
29 9 -12.9567
29 10 -13.2686
29 11 -13.5717
29 12 -13.87
29 13 -14.1461
29 14 -14.4364
29 15 -14.7071
29 16 -14.9764
29 17 -15.2221
29 18 -15.466
29 19 -15.7108
29 20 -15.9516
29 21 -16.1744
29 22 -16.3892
29 23 -16.6045
29 24 -16.8022
29 25 -17.0103
29 26 -17.1994
29 27 -17.3844
29 28 -17.561
29 29 -17.7353
29 30 -17.8967
29 31 -18.0516
29 32 -18.2095
29 33 -18.352
29 34 -18.4892
29 35 -18.6219
29 36 -18.7437
29 37 -18.8681
29 38 -18.9856
29 39 -19.1007
29 40 -19.2061
30 -10 -11.0124
30 -9 -11.0079
30 -8 -10.9878
30 -7 -10.9857
30 -6 -10.9661
30 -5 -10.958
30 -4 -10.949
30 -3 -10.9297
30 -2 -10.9031
30 -1 -10.856
30 0 -10.8489
30 1 -10.8301
30 2 -10.8774
30 3 -11.057
30 4 -11.3507
30 5 -11.6582
30 6 -11.9859
30 7 -12.3085
30 8 -12.6432
30 9 -12.9612
30 10 -13.2717
30 11 -13.5821
30 12 -13.8712
30 13 -14.1694
30 14 -14.4436
30 15 -14.7125
30 16 -14.9841
30 17 -15.238
30 18 -15.4875
30 19 -15.7283
30 20 -15.9519
30 21 -16.183
30 22 -16.4024
30 23 -16.6159
30 24 -16.8222
30 25 -17.0183
30 26 -17.2127
30 27 -17.3874
30 28 -17.5715
30 29 -17.7399
30 30 -17.9038
30 31 -18.0647
30 32 -18.2142
30 33 -18.3616
30 34 -18.4988
30 35 -18.628
30 36 -18.7586
30 37 -18.8735
30 38 -18.9872
30 39 -19.1068
30 40 -19.2134
31 -10 -11.0201
31 -9 -11.0144
31 -8 -10.9954
31 -7 -10.9873
31 -6 -10.9827
31 -5 -10.965
31 -4 -10.9579
31 -3 -10.9396
31 -2 -10.902
31 -1 -10.8752
31 0 -10.8634
31 1 -10.8361
31 2 -10.887
31 3 -11.0788
31 4 -11.3455
31 5 -11.6692
31 6 -11.9935
31 7 -12.3326
31 8 -12.6407
31 9 -12.9742
31 10 -13.2809
31 11 -13.5928
31 12 -13.8823
31 13 -14.1734
31 14 -14.4532
31 15 -14.7238
31 16 -14.9939
31 17 -15.2518
31 18 -15.4968
31 19 -15.7285
31 20 -15.9579
31 21 -16.1929
31 22 -16.4079
31 23 -16.6234
31 24 -16.8283
31 25 -17.0186
31 26 -17.2146
31 27 -17.3958
31 28 -17.5742
31 29 -17.7466
31 30 -17.908
31 31 -18.0648
31 32 -18.2217
31 33 -18.3658
31 34 -18.5026
31 35 -18.6331
31 36 -18.7585
31 37 -18.8763
31 38 -18.999
31 39 -19.1107
31 40 -19.2186
32 -10 -11.0238
32 -9 -11.0226
32 -8 -10.9989
32 -7 -10.9908
32 -6 -10.9912
32 -5 -10.9767
32 -4 -10.9689
32 -3 -10.9525
32 -2 -10.9124
32 -1 -10.8908
32 0 -10.8715
32 1 -10.8428
32 2 -10.8991
32 3 -11.0842
32 4 -11.3591
32 5 -11.6729
32 6 -12.0056
32 7 -12.3273
32 8 -12.6605
32 9 -12.9817
32 10 -13.2895
32 11 -13.6015
32 12 -13.9013
32 13 -14.1848
32 14 -14.4659
32 15 -14.7406
32 16 -15.0068
32 17 -15.2617
32 18 -15.5079
32 19 -15.7426
32 20 -15.9799
32 21 -16.2002
32 22 -16.4187
32 23 -16.6363
32 24 -16.8347
32 25 -17.0337
32 26 -17.2186
32 27 -17.4026
32 28 -17.5824
32 29 -17.7537
32 30 -17.9219
32 31 -18.0779
32 32 -18.2318
32 33 -18.3683
32 34 -18.5127
32 35 -18.6406
32 36 -18.7662
32 37 -18.8891
32 38 -19.0041
32 39 -19.1167
32 40 -19.219
33 -10 -11.0144
33 -9 -11.0162
33 -8 -10.9983
33 -7 -10.9924
33 -6 -10.9824
33 -5 -10.9752
33 -4 -10.9727
33 -3 -10.9613
33 -2 -10.9245
33 -1 -10.8922
33 0 -10.8768
33 1 -10.8532
33 2 -10.8968
33 3 -11.1065
33 4 -11.3741
33 5 -11.6838
33 6 -12.0145
33 7 -12.3565
33 8 -12.6753
33 9 -12.9883
33 10 -13.307
33 11 -13.6145
33 12 -13.9041
33 13 -14.1971
33 14 -14.475
33 15 -14.7551
33 16 -15.0119
33 17 -15.2609
33 18 -15.519
33 19 -15.7598
33 20 -15.9888
33 21 -16.211
33 22 -16.427
33 23 -16.6409
33 24 -16.8477
33 25 -17.0422
33 26 -17.2349
33 27 -17.4176
33 28 -17.5898
33 29 -17.7585
33 30 -17.9302
33 31 -18.0865
33 32 -18.2397
33 33 -18.3849
33 34 -18.5192
33 35 -18.6554
33 36 -18.7767
33 37 -18.8921
33 38 -19.008
33 39 -19.1158
33 40 -19.2323
34 -10 -11.0149
34 -9 -11.0154
34 -8 -10.9991
34 -7 -10.9892
34 -6 -10.9877
34 -5 -10.9773
34 -4 -10.9684
34 -3 -10.963
34 -2 -10.9342
34 -1 -10.9069
34 0 -10.8866
34 1 -10.8641
34 2 -10.9078
34 3 -11.1065
34 4 -11.3837
34 5 -11.7009
34 6 -12.0299
34 7 -12.3577
34 8 -12.689
34 9 -13.0025
34 10 -13.3096
34 11 -13.6239
34 12 -13.92
34 13 -14.2155
34 14 -14.4896
34 15 -14.7585
34 16 -15.0292
34 17 -15.2756
34 18 -15.5239
34 19 -15.7684
34 20 -16.0052
34 21 -16.2314
34 22 -16.4466
34 23 -16.6486
34 24 -16.8526
34 25 -17.0551
34 26 -17.244
34 27 -17.427
34 28 -17.601
34 29 -17.7746
34 30 -17.9367
34 31 -18.0986
34 32 -18.2466
34 33 -18.3922
34 34 -18.5257
34 35 -18.6563
34 36 -18.7781
34 37 -18.9044
34 38 -19.0141
34 39 -19.1313
34 40 -19.2373
35 -10 -11.0099
35 -9 -11.0112
35 -8 -10.9996
35 -7 -10.9884
35 -6 -10.9803
35 -5 -10.974
35 -4 -10.9689
35 -3 -10.9589
35 -2 -10.9394
35 -1 -10.9125
35 0 -10.8859
35 1 -10.8731
35 2 -10.918
35 3 -11.1103
35 4 -11.3983
35 5 -11.7104
35 6 -12.0346
35 7 -12.3649
35 8 -12.6983
35 9 -13.0167
35 10 -13.3221
35 11 -13.6293
35 12 -13.9162
35 13 -14.2194
35 14 -14.4918
35 15 -14.7659
35 16 -15.0318
35 17 -15.2875
35 18 -15.5434
35 19 -15.7776
35 20 -16.0113
35 21 -16.2412
35 22 -16.4486
35 23 -16.6638
35 24 -16.8622
35 25 -17.0617
35 26 -17.235
35 27 -17.4331
35 28 -17.6114
35 29 -17.7789
35 30 -17.9379
35 31 -18.1011
35 32 -18.2492
35 33 -18.3968
35 34 -18.5412
35 35 -18.6692
35 36 -18.7846
35 37 -18.9086
35 38 -19.0238
35 39 -19.1326
35 40 -19.2424
36 -10 -11.0095
36 -9 -11.0084
36 -8 -10.9929
36 -7 -10.9832
36 -6 -10.9738
36 -5 -10.9737
36 -4 -10.9701
36 -3 -10.9627
36 -2 -10.9375
36 -1 -10.922
36 0 -10.901
36 1 -10.8831
36 2 -10.9324
36 3 -11.1251
36 4 -11.4103
36 5 -11.7239
36 6 -12.0514
36 7 -12.3834
36 8 -12.7104
36 9 -13.0202
36 10 -13.3348
36 11 -13.6343
36 12 -13.9313
36 13 -14.2091
36 14 -14.4938
36 15 -14.7737
36 16 -15.0351
36 17 -15.2895
36 18 -15.541
36 19 -15.7822
36 20 -16.0152
36 21 -16.2393
36 22 -16.4619
36 23 -16.6635
36 24 -16.8637
36 25 -17.057
36 26 -17.2507
36 27 -17.4346
36 28 -17.6036
36 29 -17.7851
36 30 -17.9444
36 31 -18.1067
36 32 -18.255
36 33 -18.3985
36 34 -18.5361
36 35 -18.6653
36 36 -18.7936
36 37 -18.9139
36 38 -19.0276
36 39 -19.1406
36 40 -19.2465
37 -10 -11.0093
37 -9 -11.0055
37 -8 -10.997
37 -7 -10.9852
37 -6 -10.9763
37 -5 -10.978
37 -4 -10.9731
37 -3 -10.9669
37 -2 -10.9407
37 -1 -10.9242
37 0 -10.8999
37 1 -10.8924
37 2 -10.9372
37 3 -11.1424
37 4 -11.4218
37 5 -11.7357
37 6 -12.0595
37 7 -12.3864
37 8 -12.7157
37 9 -13.0265
37 10 -13.3354
37 11 -13.6379
37 12 -13.9304
37 13 -14.2234
37 14 -14.4984
37 15 -14.7677
37 16 -15.0421
37 17 -15.291
37 18 -15.5439
37 19 -15.7899
37 20 -16.0178
37 21 -16.241
37 22 -16.4583
37 23 -16.6654
37 24 -16.8685
37 25 -17.0625
37 26 -17.2529
37 27 -17.4355
37 28 -17.6127
37 29 -17.7816
37 30 -17.9449
37 31 -18.1066
37 32 -18.2559
37 33 -18.3977
37 34 -18.5381
37 35 -18.6702
37 36 -18.7973
37 37 -18.9135
37 38 -19.031
37 39 -19.1399
37 40 -19.2503
38 -10 -11.0127
38 -9 -11.0099
38 -8 -10.9904
38 -7 -10.9811
38 -6 -10.9785
38 -5 -10.9724
38 -4 -10.9709
38 -3 -10.9657
38 -2 -10.9422
38 -1 -10.9224
38 0 -10.9025
38 1 -10.8884
38 2 -10.94
38 3 -11.1452
38 4 -11.4204
38 5 -11.7447
38 6 -12.0726
38 7 -12.3923
38 8 -12.7183
38 9 -13.034
38 10 -13.3435
38 11 -13.642
38 12 -13.9364
38 13 -14.2223
38 14 -14.5042
38 15 -14.7772
38 16 -15.0306
38 17 -15.2942
38 18 -15.5475
38 19 -15.7874
38 20 -16.0124
38 21 -16.2464
38 22 -16.4536
38 23 -16.6659
38 24 -16.863
38 25 -17.0632
38 26 -17.2528
38 27 -17.4356
38 28 -17.6156
38 29 -17.7815
38 30 -17.9381
38 31 -18.104
38 32 -18.2572
38 33 -18.3965
38 34 -18.5355
38 35 -18.6683
38 36 -18.791
38 37 -18.9109
38 38 -19.0272
38 39 -19.1393
38 40 -19.2471
39 -10 -11.0058
39 -9 -10.9984
39 -8 -10.9884
39 -7 -10.9768
39 -6 -10.9711
39 -5 -10.9695
39 -4 -10.9695
39 -3 -10.96
39 -2 -10.9374
39 -1 -10.9213
39 0 -10.8997
39 1 -10.9014
39 2 -10.9448
39 3 -11.1454
39 4 -11.4207
39 5 -11.7428
39 6 -12.07
39 7 -12.4046
39 8 -12.7154
39 9 -13.0361
39 10 -13.3557
39 11 -13.644
39 12 -13.9338
39 13 -14.2203
39 14 -14.5023
39 15 -14.7678
39 16 -15.0361
39 17 -15.2979
39 18 -15.5509
39 19 -15.7829
39 20 -16.0195
39 21 -16.2408
39 22 -16.4593
39 23 -16.6653
39 24 -16.8684
39 25 -17.0678
39 26 -17.253
39 27 -17.4353
39 28 -17.6119
39 29 -17.7815
39 30 -17.9464
39 31 -18.1016
39 32 -18.2544
39 33 -18.3951
39 34 -18.535
39 35 -18.6604
39 36 -18.786
39 37 -18.912
39 38 -19.0191
39 39 -19.1378
39 40 -19.2431
40 -10 -11.0096
40 -9 -11.0053
40 -8 -10.9894
40 -7 -10.9805
40 -6 -10.9732
40 -5 -10.9771
40 -4 -10.9789
40 -3 -10.9584
40 -2 -10.9358
40 -1 -10.9194
40 0 -10.9092
40 1 -10.9037
40 2 -10.9476
40 3 -11.1486
40 4 -11.4272
40 5 -11.7421
40 6 -12.0654
40 7 -12.3996
40 8 -12.7197
40 9 -13.0359
40 10 -13.3513
40 11 -13.6459
40 12 -13.9356
40 13 -14.2285
40 14 -14.5092
40 15 -14.7767
40 16 -15.0369
40 17 -15.3002
40 18 -15.5495
40 19 -15.7777
40 20 -16.0211
40 21 -16.2389
40 22 -16.4586
40 23 -16.6618
40 24 -16.8704
40 25 -17.0611
40 26 -17.2493
40 27 -17.4346
40 28 -17.6073
40 29 -17.7796
40 30 -17.9463
40 31 -18.1016
40 32 -18.2519
40 33 -18.3966
40 34 -18.5334
40 35 -18.6647
40 36 -18.7877
40 37 -18.9032
40 38 -19.0227
40 39 -19.1334
40 40 -19.2423
